[2021-05-09 05:29:33,921] {scheduler_job.py:182} INFO - Started process (PID=33) to work on /opt/airflow/dags/helloworld.py
[2021-05-09 05:29:33,926] {scheduler_job.py:629} INFO - Processing file /opt/airflow/dags/helloworld.py for tasks to queue
[2021-05-09 05:29:33,932] {logging_mixin.py:104} INFO - [2021-05-09 05:29:33,930] {dagbag.py:451} INFO - Filling up the DagBag from /opt/airflow/dags/helloworld.py
[2021-05-09 05:29:34,016] {scheduler_job.py:639} INFO - DAG(s) dict_keys(['helloworld_dag']) retrieved from /opt/airflow/dags/helloworld.py
[2021-05-09 05:29:34,094] {logging_mixin.py:104} INFO - [2021-05-09 05:29:34,091] {dag.py:1824} INFO - Sync 1 DAGs
[2021-05-09 05:29:34,226] {logging_mixin.py:104} INFO - [2021-05-09 05:29:34,226] {dag.py:2280} INFO - Setting next_dagrun for helloworld_dag to 2021-05-09 00:00:00+00:00
[2021-05-09 05:29:34,286] {scheduler_job.py:190} INFO - Processing /opt/airflow/dags/helloworld.py took 0.370 seconds
[2021-05-09 05:29:34,547] {scheduler_job.py:182} INFO - Started process (PID=36) to work on /opt/airflow/dags/helloworld.py
[2021-05-09 05:29:34,550] {scheduler_job.py:629} INFO - Processing file /opt/airflow/dags/helloworld.py for tasks to queue
[2021-05-09 05:29:34,553] {logging_mixin.py:104} INFO - [2021-05-09 05:29:34,553] {dagbag.py:451} INFO - Filling up the DagBag from /opt/airflow/dags/helloworld.py
[2021-05-09 05:29:34,600] {scheduler_job.py:639} INFO - DAG(s) dict_keys(['helloworld_dag']) retrieved from /opt/airflow/dags/helloworld.py
[2021-05-09 05:29:34,660] {scheduler_job.py:596} INFO - Executed failure callback for <TaskInstance: helloworld_dag.t1 2021-05-07 00:00:00+00:00 [failed]> in state failed
[2021-05-09 05:29:34,676] {scheduler_job.py:596} INFO - Executed failure callback for <TaskInstance: helloworld_dag.t1 2021-05-08 06:52:16.364066+00:00 [failed]> in state failed
[2021-05-09 05:29:34,686] {logging_mixin.py:104} INFO - [2021-05-09 05:29:34,686] {dag.py:1824} INFO - Sync 1 DAGs
[2021-05-09 05:29:34,724] {logging_mixin.py:104} INFO - [2021-05-09 05:29:34,724] {dag.py:2280} INFO - Setting next_dagrun for helloworld_dag to 2021-05-09 00:00:00+00:00
[2021-05-09 05:29:34,739] {scheduler_job.py:190} INFO - Processing /opt/airflow/dags/helloworld.py took 0.203 seconds
[2021-05-09 05:30:05,050] {scheduler_job.py:182} INFO - Started process (PID=75) to work on /opt/airflow/dags/helloworld.py
[2021-05-09 05:30:05,052] {scheduler_job.py:629} INFO - Processing file /opt/airflow/dags/helloworld.py for tasks to queue
[2021-05-09 05:30:05,054] {logging_mixin.py:104} INFO - [2021-05-09 05:30:05,054] {dagbag.py:451} INFO - Filling up the DagBag from /opt/airflow/dags/helloworld.py
[2021-05-09 05:30:05,074] {scheduler_job.py:639} INFO - DAG(s) dict_keys(['helloworld_dag']) retrieved from /opt/airflow/dags/helloworld.py
[2021-05-09 05:30:05,102] {logging_mixin.py:104} INFO - [2021-05-09 05:30:05,102] {dag.py:1824} INFO - Sync 1 DAGs
[2021-05-09 05:30:05,124] {logging_mixin.py:104} INFO - [2021-05-09 05:30:05,124] {dag.py:2280} INFO - Setting next_dagrun for helloworld_dag to 2021-05-09 00:00:00+00:00
[2021-05-09 05:30:05,137] {scheduler_job.py:190} INFO - Processing /opt/airflow/dags/helloworld.py took 0.091 seconds
[2021-05-09 05:30:35,218] {scheduler_job.py:182} INFO - Started process (PID=102) to work on /opt/airflow/dags/helloworld.py
[2021-05-09 05:30:35,221] {scheduler_job.py:629} INFO - Processing file /opt/airflow/dags/helloworld.py for tasks to queue
[2021-05-09 05:30:35,223] {logging_mixin.py:104} INFO - [2021-05-09 05:30:35,223] {dagbag.py:451} INFO - Filling up the DagBag from /opt/airflow/dags/helloworld.py
[2021-05-09 05:30:35,245] {scheduler_job.py:639} INFO - DAG(s) dict_keys(['helloworld_dag']) retrieved from /opt/airflow/dags/helloworld.py
[2021-05-09 05:30:35,273] {logging_mixin.py:104} INFO - [2021-05-09 05:30:35,273] {dag.py:1824} INFO - Sync 1 DAGs
[2021-05-09 05:30:35,299] {logging_mixin.py:104} INFO - [2021-05-09 05:30:35,299] {dag.py:2280} INFO - Setting next_dagrun for helloworld_dag to 2021-05-09 00:00:00+00:00
[2021-05-09 05:30:35,315] {scheduler_job.py:190} INFO - Processing /opt/airflow/dags/helloworld.py took 0.101 seconds
[2021-05-09 05:31:05,433] {scheduler_job.py:182} INFO - Started process (PID=129) to work on /opt/airflow/dags/helloworld.py
[2021-05-09 05:31:05,436] {scheduler_job.py:629} INFO - Processing file /opt/airflow/dags/helloworld.py for tasks to queue
[2021-05-09 05:31:05,437] {logging_mixin.py:104} INFO - [2021-05-09 05:31:05,437] {dagbag.py:451} INFO - Filling up the DagBag from /opt/airflow/dags/helloworld.py
[2021-05-09 05:31:05,458] {scheduler_job.py:639} INFO - DAG(s) dict_keys(['helloworld_dag']) retrieved from /opt/airflow/dags/helloworld.py
[2021-05-09 05:31:05,486] {logging_mixin.py:104} INFO - [2021-05-09 05:31:05,486] {dag.py:1824} INFO - Sync 1 DAGs
[2021-05-09 05:31:05,508] {logging_mixin.py:104} INFO - [2021-05-09 05:31:05,508] {dag.py:2280} INFO - Setting next_dagrun for helloworld_dag to 2021-05-09 00:00:00+00:00
[2021-05-09 05:31:05,520] {scheduler_job.py:190} INFO - Processing /opt/airflow/dags/helloworld.py took 0.091 seconds
[2021-05-09 05:31:35,638] {scheduler_job.py:182} INFO - Started process (PID=156) to work on /opt/airflow/dags/helloworld.py
[2021-05-09 05:31:35,640] {scheduler_job.py:629} INFO - Processing file /opt/airflow/dags/helloworld.py for tasks to queue
[2021-05-09 05:31:35,642] {logging_mixin.py:104} INFO - [2021-05-09 05:31:35,642] {dagbag.py:451} INFO - Filling up the DagBag from /opt/airflow/dags/helloworld.py
[2021-05-09 05:31:35,666] {scheduler_job.py:639} INFO - DAG(s) dict_keys(['helloworld_dag']) retrieved from /opt/airflow/dags/helloworld.py
[2021-05-09 05:31:35,699] {logging_mixin.py:104} INFO - [2021-05-09 05:31:35,699] {dag.py:1824} INFO - Sync 1 DAGs
[2021-05-09 05:31:35,724] {logging_mixin.py:104} INFO - [2021-05-09 05:31:35,724] {dag.py:2280} INFO - Setting next_dagrun for helloworld_dag to 2021-05-09 00:00:00+00:00
[2021-05-09 05:31:35,738] {scheduler_job.py:190} INFO - Processing /opt/airflow/dags/helloworld.py took 0.104 seconds
[2021-05-09 05:32:05,790] {scheduler_job.py:182} INFO - Started process (PID=183) to work on /opt/airflow/dags/helloworld.py
[2021-05-09 05:32:05,792] {scheduler_job.py:629} INFO - Processing file /opt/airflow/dags/helloworld.py for tasks to queue
[2021-05-09 05:32:05,794] {logging_mixin.py:104} INFO - [2021-05-09 05:32:05,794] {dagbag.py:451} INFO - Filling up the DagBag from /opt/airflow/dags/helloworld.py
[2021-05-09 05:32:05,816] {scheduler_job.py:639} INFO - DAG(s) dict_keys(['helloworld_dag']) retrieved from /opt/airflow/dags/helloworld.py
[2021-05-09 05:32:05,846] {logging_mixin.py:104} INFO - [2021-05-09 05:32:05,846] {dag.py:1824} INFO - Sync 1 DAGs
[2021-05-09 05:32:05,873] {logging_mixin.py:104} INFO - [2021-05-09 05:32:05,872] {dag.py:2280} INFO - Setting next_dagrun for helloworld_dag to 2021-05-09 00:00:00+00:00
[2021-05-09 05:32:05,886] {scheduler_job.py:190} INFO - Processing /opt/airflow/dags/helloworld.py took 0.100 seconds
[2021-05-09 05:32:36,003] {scheduler_job.py:182} INFO - Started process (PID=210) to work on /opt/airflow/dags/helloworld.py
[2021-05-09 05:32:36,006] {scheduler_job.py:629} INFO - Processing file /opt/airflow/dags/helloworld.py for tasks to queue
[2021-05-09 05:32:36,008] {logging_mixin.py:104} INFO - [2021-05-09 05:32:36,008] {dagbag.py:451} INFO - Filling up the DagBag from /opt/airflow/dags/helloworld.py
[2021-05-09 05:32:36,039] {scheduler_job.py:639} INFO - DAG(s) dict_keys(['helloworld_dag']) retrieved from /opt/airflow/dags/helloworld.py
[2021-05-09 05:32:36,082] {logging_mixin.py:104} INFO - [2021-05-09 05:32:36,081] {dag.py:1824} INFO - Sync 1 DAGs
[2021-05-09 05:32:36,129] {logging_mixin.py:104} INFO - [2021-05-09 05:32:36,128] {dag.py:2280} INFO - Setting next_dagrun for helloworld_dag to 2021-05-09 00:00:00+00:00
[2021-05-09 05:32:36,142] {scheduler_job.py:190} INFO - Processing /opt/airflow/dags/helloworld.py took 0.147 seconds
[2021-05-09 05:33:06,724] {scheduler_job.py:182} INFO - Started process (PID=235) to work on /opt/airflow/dags/helloworld.py
[2021-05-09 05:33:06,726] {scheduler_job.py:629} INFO - Processing file /opt/airflow/dags/helloworld.py for tasks to queue
[2021-05-09 05:33:06,728] {logging_mixin.py:104} INFO - [2021-05-09 05:33:06,727] {dagbag.py:451} INFO - Filling up the DagBag from /opt/airflow/dags/helloworld.py
[2021-05-09 05:33:06,750] {scheduler_job.py:639} INFO - DAG(s) dict_keys(['helloworld_dag']) retrieved from /opt/airflow/dags/helloworld.py
[2021-05-09 05:33:06,778] {logging_mixin.py:104} INFO - [2021-05-09 05:33:06,778] {dag.py:1824} INFO - Sync 1 DAGs
[2021-05-09 05:33:06,802] {logging_mixin.py:104} INFO - [2021-05-09 05:33:06,802] {dag.py:2280} INFO - Setting next_dagrun for helloworld_dag to 2021-05-09 00:00:00+00:00
[2021-05-09 05:33:06,813] {scheduler_job.py:190} INFO - Processing /opt/airflow/dags/helloworld.py took 0.093 seconds
[2021-05-09 05:33:37,320] {scheduler_job.py:182} INFO - Started process (PID=262) to work on /opt/airflow/dags/helloworld.py
[2021-05-09 05:33:37,323] {scheduler_job.py:629} INFO - Processing file /opt/airflow/dags/helloworld.py for tasks to queue
[2021-05-09 05:33:37,325] {logging_mixin.py:104} INFO - [2021-05-09 05:33:37,324] {dagbag.py:451} INFO - Filling up the DagBag from /opt/airflow/dags/helloworld.py
[2021-05-09 05:33:37,353] {scheduler_job.py:639} INFO - DAG(s) dict_keys(['helloworld_dag']) retrieved from /opt/airflow/dags/helloworld.py
[2021-05-09 05:33:37,384] {logging_mixin.py:104} INFO - [2021-05-09 05:33:37,384] {dag.py:1824} INFO - Sync 1 DAGs
[2021-05-09 05:33:37,409] {logging_mixin.py:104} INFO - [2021-05-09 05:33:37,409] {dag.py:2280} INFO - Setting next_dagrun for helloworld_dag to 2021-05-09 00:00:00+00:00
[2021-05-09 05:33:37,424] {scheduler_job.py:190} INFO - Processing /opt/airflow/dags/helloworld.py took 0.112 seconds
[2021-05-09 05:34:08,027] {scheduler_job.py:182} INFO - Started process (PID=289) to work on /opt/airflow/dags/helloworld.py
[2021-05-09 05:34:08,030] {scheduler_job.py:629} INFO - Processing file /opt/airflow/dags/helloworld.py for tasks to queue
[2021-05-09 05:34:08,031] {logging_mixin.py:104} INFO - [2021-05-09 05:34:08,031] {dagbag.py:451} INFO - Filling up the DagBag from /opt/airflow/dags/helloworld.py
[2021-05-09 05:34:08,058] {scheduler_job.py:639} INFO - DAG(s) dict_keys(['helloworld_dag']) retrieved from /opt/airflow/dags/helloworld.py
[2021-05-09 05:34:08,092] {logging_mixin.py:104} INFO - [2021-05-09 05:34:08,092] {dag.py:1824} INFO - Sync 1 DAGs
[2021-05-09 05:34:08,117] {logging_mixin.py:104} INFO - [2021-05-09 05:34:08,117] {dag.py:2280} INFO - Setting next_dagrun for helloworld_dag to 2021-05-09 00:00:00+00:00
[2021-05-09 05:34:08,128] {scheduler_job.py:190} INFO - Processing /opt/airflow/dags/helloworld.py took 0.106 seconds
[2021-05-09 05:34:38,691] {scheduler_job.py:182} INFO - Started process (PID=316) to work on /opt/airflow/dags/helloworld.py
[2021-05-09 05:34:38,695] {scheduler_job.py:629} INFO - Processing file /opt/airflow/dags/helloworld.py for tasks to queue
[2021-05-09 05:34:38,697] {logging_mixin.py:104} INFO - [2021-05-09 05:34:38,696] {dagbag.py:451} INFO - Filling up the DagBag from /opt/airflow/dags/helloworld.py
[2021-05-09 05:34:38,720] {scheduler_job.py:639} INFO - DAG(s) dict_keys(['helloworld_dag']) retrieved from /opt/airflow/dags/helloworld.py
[2021-05-09 05:34:38,751] {logging_mixin.py:104} INFO - [2021-05-09 05:34:38,751] {dag.py:1824} INFO - Sync 1 DAGs
[2021-05-09 05:34:38,781] {logging_mixin.py:104} INFO - [2021-05-09 05:34:38,781] {dag.py:2280} INFO - Setting next_dagrun for helloworld_dag to 2021-05-09 00:00:00+00:00
[2021-05-09 05:34:38,794] {scheduler_job.py:190} INFO - Processing /opt/airflow/dags/helloworld.py took 0.108 seconds
[2021-05-09 05:35:09,408] {scheduler_job.py:182} INFO - Started process (PID=343) to work on /opt/airflow/dags/helloworld.py
[2021-05-09 05:35:09,411] {scheduler_job.py:629} INFO - Processing file /opt/airflow/dags/helloworld.py for tasks to queue
[2021-05-09 05:35:09,412] {logging_mixin.py:104} INFO - [2021-05-09 05:35:09,412] {dagbag.py:451} INFO - Filling up the DagBag from /opt/airflow/dags/helloworld.py
[2021-05-09 05:35:09,439] {scheduler_job.py:639} INFO - DAG(s) dict_keys(['helloworld_dag']) retrieved from /opt/airflow/dags/helloworld.py
[2021-05-09 05:35:09,470] {logging_mixin.py:104} INFO - [2021-05-09 05:35:09,470] {dag.py:1824} INFO - Sync 1 DAGs
[2021-05-09 05:35:09,494] {logging_mixin.py:104} INFO - [2021-05-09 05:35:09,494] {dag.py:2280} INFO - Setting next_dagrun for helloworld_dag to 2021-05-09 00:00:00+00:00
[2021-05-09 05:35:09,507] {scheduler_job.py:190} INFO - Processing /opt/airflow/dags/helloworld.py took 0.103 seconds
[2021-05-09 05:35:40,082] {scheduler_job.py:182} INFO - Started process (PID=370) to work on /opt/airflow/dags/helloworld.py
[2021-05-09 05:35:40,085] {scheduler_job.py:629} INFO - Processing file /opt/airflow/dags/helloworld.py for tasks to queue
[2021-05-09 05:35:40,087] {logging_mixin.py:104} INFO - [2021-05-09 05:35:40,086] {dagbag.py:451} INFO - Filling up the DagBag from /opt/airflow/dags/helloworld.py
[2021-05-09 05:35:40,110] {scheduler_job.py:639} INFO - DAG(s) dict_keys(['helloworld_dag']) retrieved from /opt/airflow/dags/helloworld.py
[2021-05-09 05:35:40,142] {logging_mixin.py:104} INFO - [2021-05-09 05:35:40,142] {dag.py:1824} INFO - Sync 1 DAGs
[2021-05-09 05:35:40,165] {logging_mixin.py:104} INFO - [2021-05-09 05:35:40,165] {dag.py:2280} INFO - Setting next_dagrun for helloworld_dag to 2021-05-09 00:00:00+00:00
[2021-05-09 05:35:40,179] {scheduler_job.py:190} INFO - Processing /opt/airflow/dags/helloworld.py took 0.100 seconds
[2021-05-09 05:36:10,704] {scheduler_job.py:182} INFO - Started process (PID=397) to work on /opt/airflow/dags/helloworld.py
[2021-05-09 05:36:10,706] {scheduler_job.py:629} INFO - Processing file /opt/airflow/dags/helloworld.py for tasks to queue
[2021-05-09 05:36:10,708] {logging_mixin.py:104} INFO - [2021-05-09 05:36:10,708] {dagbag.py:451} INFO - Filling up the DagBag from /opt/airflow/dags/helloworld.py
[2021-05-09 05:36:10,736] {scheduler_job.py:639} INFO - DAG(s) dict_keys(['helloworld_dag']) retrieved from /opt/airflow/dags/helloworld.py
[2021-05-09 05:36:10,767] {logging_mixin.py:104} INFO - [2021-05-09 05:36:10,767] {dag.py:1824} INFO - Sync 1 DAGs
[2021-05-09 05:36:10,792] {logging_mixin.py:104} INFO - [2021-05-09 05:36:10,792] {dag.py:2280} INFO - Setting next_dagrun for helloworld_dag to 2021-05-09 00:00:00+00:00
[2021-05-09 05:36:10,804] {scheduler_job.py:190} INFO - Processing /opt/airflow/dags/helloworld.py took 0.104 seconds
[2021-05-09 05:36:41,379] {scheduler_job.py:182} INFO - Started process (PID=424) to work on /opt/airflow/dags/helloworld.py
[2021-05-09 05:36:41,385] {scheduler_job.py:629} INFO - Processing file /opt/airflow/dags/helloworld.py for tasks to queue
[2021-05-09 05:36:41,388] {logging_mixin.py:104} INFO - [2021-05-09 05:36:41,387] {dagbag.py:451} INFO - Filling up the DagBag from /opt/airflow/dags/helloworld.py
[2021-05-09 05:36:41,414] {scheduler_job.py:639} INFO - DAG(s) dict_keys(['helloworld_dag']) retrieved from /opt/airflow/dags/helloworld.py
[2021-05-09 05:36:41,449] {logging_mixin.py:104} INFO - [2021-05-09 05:36:41,449] {dag.py:1824} INFO - Sync 1 DAGs
[2021-05-09 05:36:41,477] {logging_mixin.py:104} INFO - [2021-05-09 05:36:41,477] {dag.py:2280} INFO - Setting next_dagrun for helloworld_dag to 2021-05-09 00:00:00+00:00
[2021-05-09 05:36:41,492] {scheduler_job.py:190} INFO - Processing /opt/airflow/dags/helloworld.py took 0.122 seconds
[2021-05-09 05:37:12,341] {scheduler_job.py:182} INFO - Started process (PID=451) to work on /opt/airflow/dags/helloworld.py
[2021-05-09 05:37:12,345] {scheduler_job.py:629} INFO - Processing file /opt/airflow/dags/helloworld.py for tasks to queue
[2021-05-09 05:37:12,347] {logging_mixin.py:104} INFO - [2021-05-09 05:37:12,347] {dagbag.py:451} INFO - Filling up the DagBag from /opt/airflow/dags/helloworld.py
[2021-05-09 05:37:12,377] {scheduler_job.py:639} INFO - DAG(s) dict_keys(['helloworld_dag']) retrieved from /opt/airflow/dags/helloworld.py
[2021-05-09 05:37:12,421] {logging_mixin.py:104} INFO - [2021-05-09 05:37:12,421] {dag.py:1824} INFO - Sync 1 DAGs
[2021-05-09 05:37:12,453] {logging_mixin.py:104} INFO - [2021-05-09 05:37:12,452] {dag.py:2280} INFO - Setting next_dagrun for helloworld_dag to 2021-05-09 00:00:00+00:00
[2021-05-09 05:37:12,475] {scheduler_job.py:190} INFO - Processing /opt/airflow/dags/helloworld.py took 0.140 seconds
[2021-05-09 05:37:42,883] {scheduler_job.py:182} INFO - Started process (PID=480) to work on /opt/airflow/dags/helloworld.py
[2021-05-09 05:37:42,886] {scheduler_job.py:629} INFO - Processing file /opt/airflow/dags/helloworld.py for tasks to queue
[2021-05-09 05:37:42,889] {logging_mixin.py:104} INFO - [2021-05-09 05:37:42,889] {dagbag.py:451} INFO - Filling up the DagBag from /opt/airflow/dags/helloworld.py
[2021-05-09 05:37:42,925] {scheduler_job.py:639} INFO - DAG(s) dict_keys(['helloworld_dag']) retrieved from /opt/airflow/dags/helloworld.py
[2021-05-09 05:37:42,973] {logging_mixin.py:104} INFO - [2021-05-09 05:37:42,973] {dag.py:1824} INFO - Sync 1 DAGs
[2021-05-09 05:37:43,011] {logging_mixin.py:104} INFO - [2021-05-09 05:37:43,011] {dag.py:2280} INFO - Setting next_dagrun for helloworld_dag to 2021-05-09 00:00:00+00:00
[2021-05-09 05:37:43,031] {scheduler_job.py:190} INFO - Processing /opt/airflow/dags/helloworld.py took 0.155 seconds
[2021-05-09 05:38:13,887] {scheduler_job.py:182} INFO - Started process (PID=506) to work on /opt/airflow/dags/helloworld.py
[2021-05-09 05:38:13,898] {scheduler_job.py:629} INFO - Processing file /opt/airflow/dags/helloworld.py for tasks to queue
[2021-05-09 05:38:13,906] {logging_mixin.py:104} INFO - [2021-05-09 05:38:13,905] {dagbag.py:451} INFO - Filling up the DagBag from /opt/airflow/dags/helloworld.py
[2021-05-09 05:38:14,005] {scheduler_job.py:639} INFO - DAG(s) dict_keys(['helloworld_dag']) retrieved from /opt/airflow/dags/helloworld.py
[2021-05-09 05:38:14,098] {logging_mixin.py:104} INFO - [2021-05-09 05:38:14,098] {dag.py:1824} INFO - Sync 1 DAGs
[2021-05-09 05:38:14,184] {logging_mixin.py:104} INFO - [2021-05-09 05:38:14,184] {dag.py:2280} INFO - Setting next_dagrun for helloworld_dag to 2021-05-09 00:00:00+00:00
[2021-05-09 05:38:14,230] {scheduler_job.py:190} INFO - Processing /opt/airflow/dags/helloworld.py took 0.361 seconds
[2021-05-09 05:38:54,448] {scheduler_job.py:182} INFO - Started process (PID=533) to work on /opt/airflow/dags/helloworld.py
[2021-05-09 05:38:54,532] {scheduler_job.py:629} INFO - Processing file /opt/airflow/dags/helloworld.py for tasks to queue
[2021-05-09 05:38:54,632] {logging_mixin.py:104} INFO - [2021-05-09 05:38:54,630] {dagbag.py:451} INFO - Filling up the DagBag from /opt/airflow/dags/helloworld.py
[2021-05-09 05:38:55,769] {scheduler_job.py:639} INFO - DAG(s) dict_keys(['helloworld_dag']) retrieved from /opt/airflow/dags/helloworld.py
[2021-05-09 05:38:56,870] {logging_mixin.py:104} INFO - [2021-05-09 05:38:56,858] {dag.py:1824} INFO - Sync 1 DAGs
[2021-05-09 05:38:58,075] {logging_mixin.py:104} INFO - [2021-05-09 05:38:58,074] {dag.py:2280} INFO - Setting next_dagrun for helloworld_dag to 2021-05-09 00:00:00+00:00
[2021-05-09 05:38:58,679] {scheduler_job.py:190} INFO - Processing /opt/airflow/dags/helloworld.py took 4.885 seconds
[2021-05-09 05:39:37,179] {scheduler_job.py:182} INFO - Started process (PID=559) to work on /opt/airflow/dags/helloworld.py
[2021-05-09 05:39:37,206] {scheduler_job.py:629} INFO - Processing file /opt/airflow/dags/helloworld.py for tasks to queue
[2021-05-09 05:39:37,232] {logging_mixin.py:104} INFO - [2021-05-09 05:39:37,231] {dagbag.py:451} INFO - Filling up the DagBag from /opt/airflow/dags/helloworld.py
[2021-05-09 05:39:37,583] {scheduler_job.py:639} INFO - DAG(s) dict_keys(['helloworld_dag']) retrieved from /opt/airflow/dags/helloworld.py
[2021-05-09 05:39:38,259] {logging_mixin.py:104} INFO - [2021-05-09 05:39:38,259] {dag.py:1824} INFO - Sync 1 DAGs
[2021-05-09 05:39:39,001] {logging_mixin.py:104} INFO - [2021-05-09 05:39:38,989] {dag.py:2280} INFO - Setting next_dagrun for helloworld_dag to 2021-05-09 00:00:00+00:00
[2021-05-09 05:39:39,164] {scheduler_job.py:190} INFO - Processing /opt/airflow/dags/helloworld.py took 2.066 seconds
[2021-05-09 05:40:10,020] {scheduler_job.py:182} INFO - Started process (PID=587) to work on /opt/airflow/dags/helloworld.py
[2021-05-09 05:40:10,036] {scheduler_job.py:629} INFO - Processing file /opt/airflow/dags/helloworld.py for tasks to queue
[2021-05-09 05:40:10,044] {logging_mixin.py:104} INFO - [2021-05-09 05:40:10,043] {dagbag.py:451} INFO - Filling up the DagBag from /opt/airflow/dags/helloworld.py
[2021-05-09 05:40:10,198] {scheduler_job.py:639} INFO - DAG(s) dict_keys(['helloworld_dag']) retrieved from /opt/airflow/dags/helloworld.py
[2021-05-09 05:40:10,399] {logging_mixin.py:104} INFO - [2021-05-09 05:40:10,398] {dag.py:1824} INFO - Sync 1 DAGs
[2021-05-09 05:40:10,589] {logging_mixin.py:104} INFO - [2021-05-09 05:40:10,588] {dag.py:2280} INFO - Setting next_dagrun for helloworld_dag to 2021-05-09 00:00:00+00:00
[2021-05-09 05:40:10,682] {scheduler_job.py:190} INFO - Processing /opt/airflow/dags/helloworld.py took 0.690 seconds
[2021-05-09 05:40:59,359] {scheduler_job.py:182} INFO - Started process (PID=612) to work on /opt/airflow/dags/helloworld.py
[2021-05-09 05:40:59,472] {scheduler_job.py:629} INFO - Processing file /opt/airflow/dags/helloworld.py for tasks to queue
[2021-05-09 05:40:59,690] {logging_mixin.py:104} INFO - [2021-05-09 05:40:59,673] {dagbag.py:451} INFO - Filling up the DagBag from /opt/airflow/dags/helloworld.py
[2021-05-09 05:41:01,145] {scheduler_job.py:639} INFO - DAG(s) dict_keys(['helloworld_dag']) retrieved from /opt/airflow/dags/helloworld.py
[2021-05-09 05:41:02,968] {logging_mixin.py:104} INFO - [2021-05-09 05:41:02,967] {dag.py:1824} INFO - Sync 1 DAGs
[2021-05-09 05:41:05,024] {logging_mixin.py:104} INFO - [2021-05-09 05:41:05,022] {dag.py:2280} INFO - Setting next_dagrun for helloworld_dag to 2021-05-09 00:00:00+00:00
[2021-05-09 05:41:05,680] {scheduler_job.py:190} INFO - Processing /opt/airflow/dags/helloworld.py took 6.672 seconds
[2021-05-09 05:41:36,401] {scheduler_job.py:182} INFO - Started process (PID=639) to work on /opt/airflow/dags/helloworld.py
[2021-05-09 05:41:36,410] {scheduler_job.py:629} INFO - Processing file /opt/airflow/dags/helloworld.py for tasks to queue
[2021-05-09 05:41:36,426] {logging_mixin.py:104} INFO - [2021-05-09 05:41:36,425] {dagbag.py:451} INFO - Filling up the DagBag from /opt/airflow/dags/helloworld.py
[2021-05-09 05:41:36,575] {scheduler_job.py:639} INFO - DAG(s) dict_keys(['helloworld_dag']) retrieved from /opt/airflow/dags/helloworld.py
[2021-05-09 05:41:36,740] {logging_mixin.py:104} INFO - [2021-05-09 05:41:36,739] {dag.py:1824} INFO - Sync 1 DAGs
[2021-05-09 05:41:36,881] {logging_mixin.py:104} INFO - [2021-05-09 05:41:36,881] {dag.py:2280} INFO - Setting next_dagrun for helloworld_dag to 2021-05-09 00:00:00+00:00
[2021-05-09 05:41:36,940] {scheduler_job.py:190} INFO - Processing /opt/airflow/dags/helloworld.py took 0.565 seconds
[2021-05-09 05:42:07,408] {scheduler_job.py:182} INFO - Started process (PID=666) to work on /opt/airflow/dags/helloworld.py
[2021-05-09 05:42:07,420] {scheduler_job.py:629} INFO - Processing file /opt/airflow/dags/helloworld.py for tasks to queue
[2021-05-09 05:42:07,426] {logging_mixin.py:104} INFO - [2021-05-09 05:42:07,426] {dagbag.py:451} INFO - Filling up the DagBag from /opt/airflow/dags/helloworld.py
[2021-05-09 05:42:07,538] {scheduler_job.py:639} INFO - DAG(s) dict_keys(['helloworld_dag']) retrieved from /opt/airflow/dags/helloworld.py
[2021-05-09 05:42:07,683] {logging_mixin.py:104} INFO - [2021-05-09 05:42:07,683] {dag.py:1824} INFO - Sync 1 DAGs
[2021-05-09 05:42:07,791] {logging_mixin.py:104} INFO - [2021-05-09 05:42:07,790] {dag.py:2280} INFO - Setting next_dagrun for helloworld_dag to 2021-05-09 00:00:00+00:00
[2021-05-09 05:42:07,841] {scheduler_job.py:190} INFO - Processing /opt/airflow/dags/helloworld.py took 0.456 seconds
[2021-05-09 05:42:38,534] {scheduler_job.py:182} INFO - Started process (PID=693) to work on /opt/airflow/dags/helloworld.py
[2021-05-09 05:42:38,549] {scheduler_job.py:629} INFO - Processing file /opt/airflow/dags/helloworld.py for tasks to queue
[2021-05-09 05:42:38,555] {logging_mixin.py:104} INFO - [2021-05-09 05:42:38,554] {dagbag.py:451} INFO - Filling up the DagBag from /opt/airflow/dags/helloworld.py
[2021-05-09 05:42:38,714] {scheduler_job.py:639} INFO - DAG(s) dict_keys(['helloworld_dag']) retrieved from /opt/airflow/dags/helloworld.py
[2021-05-09 05:42:39,001] {logging_mixin.py:104} INFO - [2021-05-09 05:42:39,001] {dag.py:1824} INFO - Sync 1 DAGs
[2021-05-09 05:42:39,162] {logging_mixin.py:104} INFO - [2021-05-09 05:42:39,162] {dag.py:2280} INFO - Setting next_dagrun for helloworld_dag to 2021-05-09 00:00:00+00:00
[2021-05-09 05:42:39,260] {scheduler_job.py:190} INFO - Processing /opt/airflow/dags/helloworld.py took 0.744 seconds
[2021-05-09 05:43:09,727] {scheduler_job.py:182} INFO - Started process (PID=720) to work on /opt/airflow/dags/helloworld.py
[2021-05-09 05:43:09,752] {scheduler_job.py:629} INFO - Processing file /opt/airflow/dags/helloworld.py for tasks to queue
[2021-05-09 05:43:09,769] {logging_mixin.py:104} INFO - [2021-05-09 05:43:09,766] {dagbag.py:451} INFO - Filling up the DagBag from /opt/airflow/dags/helloworld.py
[2021-05-09 05:43:10,033] {scheduler_job.py:639} INFO - DAG(s) dict_keys(['helloworld_dag']) retrieved from /opt/airflow/dags/helloworld.py
[2021-05-09 05:43:10,483] {logging_mixin.py:104} INFO - [2021-05-09 05:43:10,482] {dag.py:1824} INFO - Sync 1 DAGs
[2021-05-09 05:43:10,904] {logging_mixin.py:104} INFO - [2021-05-09 05:43:10,904] {dag.py:2280} INFO - Setting next_dagrun for helloworld_dag to 2021-05-09 00:00:00+00:00
[2021-05-09 05:43:11,022] {scheduler_job.py:190} INFO - Processing /opt/airflow/dags/helloworld.py took 1.353 seconds
[2021-05-09 05:43:41,468] {scheduler_job.py:182} INFO - Started process (PID=747) to work on /opt/airflow/dags/helloworld.py
[2021-05-09 05:43:41,475] {scheduler_job.py:629} INFO - Processing file /opt/airflow/dags/helloworld.py for tasks to queue
[2021-05-09 05:43:41,482] {logging_mixin.py:104} INFO - [2021-05-09 05:43:41,480] {dagbag.py:451} INFO - Filling up the DagBag from /opt/airflow/dags/helloworld.py
[2021-05-09 05:43:41,546] {scheduler_job.py:639} INFO - DAG(s) dict_keys(['helloworld_dag']) retrieved from /opt/airflow/dags/helloworld.py
[2021-05-09 05:43:41,646] {logging_mixin.py:104} INFO - [2021-05-09 05:43:41,645] {dag.py:1824} INFO - Sync 1 DAGs
[2021-05-09 05:43:41,712] {logging_mixin.py:104} INFO - [2021-05-09 05:43:41,712] {dag.py:2280} INFO - Setting next_dagrun for helloworld_dag to 2021-05-09 00:00:00+00:00
[2021-05-09 05:43:41,744] {scheduler_job.py:190} INFO - Processing /opt/airflow/dags/helloworld.py took 0.297 seconds
[2021-05-09 05:44:11,859] {scheduler_job.py:182} INFO - Started process (PID=774) to work on /opt/airflow/dags/helloworld.py
[2021-05-09 05:44:11,865] {scheduler_job.py:629} INFO - Processing file /opt/airflow/dags/helloworld.py for tasks to queue
[2021-05-09 05:44:11,870] {logging_mixin.py:104} INFO - [2021-05-09 05:44:11,869] {dagbag.py:451} INFO - Filling up the DagBag from /opt/airflow/dags/helloworld.py
[2021-05-09 05:44:11,922] {scheduler_job.py:639} INFO - DAG(s) dict_keys(['helloworld_dag']) retrieved from /opt/airflow/dags/helloworld.py
[2021-05-09 05:44:11,995] {logging_mixin.py:104} INFO - [2021-05-09 05:44:11,994] {dag.py:1824} INFO - Sync 1 DAGs
[2021-05-09 05:44:12,043] {logging_mixin.py:104} INFO - [2021-05-09 05:44:12,043] {dag.py:2280} INFO - Setting next_dagrun for helloworld_dag to 2021-05-09 00:00:00+00:00
[2021-05-09 05:44:12,068] {scheduler_job.py:190} INFO - Processing /opt/airflow/dags/helloworld.py took 0.222 seconds
[2021-05-09 05:44:42,197] {scheduler_job.py:182} INFO - Started process (PID=801) to work on /opt/airflow/dags/helloworld.py
[2021-05-09 05:44:42,204] {scheduler_job.py:629} INFO - Processing file /opt/airflow/dags/helloworld.py for tasks to queue
[2021-05-09 05:44:42,211] {logging_mixin.py:104} INFO - [2021-05-09 05:44:42,210] {dagbag.py:451} INFO - Filling up the DagBag from /opt/airflow/dags/helloworld.py
[2021-05-09 05:44:42,294] {scheduler_job.py:639} INFO - DAG(s) dict_keys(['helloworld_dag']) retrieved from /opt/airflow/dags/helloworld.py
[2021-05-09 05:44:42,389] {logging_mixin.py:104} INFO - [2021-05-09 05:44:42,388] {dag.py:1824} INFO - Sync 1 DAGs
[2021-05-09 05:44:42,451] {logging_mixin.py:104} INFO - [2021-05-09 05:44:42,451] {dag.py:2280} INFO - Setting next_dagrun for helloworld_dag to 2021-05-09 00:00:00+00:00
[2021-05-09 05:44:42,482] {scheduler_job.py:190} INFO - Processing /opt/airflow/dags/helloworld.py took 0.313 seconds
[2021-05-09 05:45:12,688] {scheduler_job.py:182} INFO - Started process (PID=829) to work on /opt/airflow/dags/helloworld.py
[2021-05-09 05:45:12,698] {scheduler_job.py:629} INFO - Processing file /opt/airflow/dags/helloworld.py for tasks to queue
[2021-05-09 05:45:12,704] {logging_mixin.py:104} INFO - [2021-05-09 05:45:12,703] {dagbag.py:451} INFO - Filling up the DagBag from /opt/airflow/dags/helloworld.py
[2021-05-09 05:45:12,780] {scheduler_job.py:639} INFO - DAG(s) dict_keys(['helloworld_dag']) retrieved from /opt/airflow/dags/helloworld.py
[2021-05-09 05:45:12,861] {logging_mixin.py:104} INFO - [2021-05-09 05:45:12,861] {dag.py:1824} INFO - Sync 1 DAGs
[2021-05-09 05:45:12,920] {logging_mixin.py:104} INFO - [2021-05-09 05:45:12,920] {dag.py:2280} INFO - Setting next_dagrun for helloworld_dag to 2021-05-09 00:00:00+00:00
[2021-05-09 05:45:12,950] {scheduler_job.py:190} INFO - Processing /opt/airflow/dags/helloworld.py took 0.291 seconds
[2021-05-09 05:45:43,429] {scheduler_job.py:182} INFO - Started process (PID=856) to work on /opt/airflow/dags/helloworld.py
[2021-05-09 05:45:43,448] {scheduler_job.py:629} INFO - Processing file /opt/airflow/dags/helloworld.py for tasks to queue
[2021-05-09 05:45:43,470] {logging_mixin.py:104} INFO - [2021-05-09 05:45:43,468] {dagbag.py:451} INFO - Filling up the DagBag from /opt/airflow/dags/helloworld.py
[2021-05-09 05:45:43,661] {scheduler_job.py:639} INFO - DAG(s) dict_keys(['helloworld_dag']) retrieved from /opt/airflow/dags/helloworld.py
[2021-05-09 05:45:43,837] {logging_mixin.py:104} INFO - [2021-05-09 05:45:43,837] {dag.py:1824} INFO - Sync 1 DAGs
[2021-05-09 05:45:43,990] {logging_mixin.py:104} INFO - [2021-05-09 05:45:43,989] {dag.py:2280} INFO - Setting next_dagrun for helloworld_dag to 2021-05-09 00:00:00+00:00
[2021-05-09 05:45:44,044] {scheduler_job.py:190} INFO - Processing /opt/airflow/dags/helloworld.py took 0.645 seconds
[2021-05-09 05:46:14,401] {scheduler_job.py:182} INFO - Started process (PID=883) to work on /opt/airflow/dags/helloworld.py
[2021-05-09 05:46:14,409] {scheduler_job.py:629} INFO - Processing file /opt/airflow/dags/helloworld.py for tasks to queue
[2021-05-09 05:46:14,417] {logging_mixin.py:104} INFO - [2021-05-09 05:46:14,416] {dagbag.py:451} INFO - Filling up the DagBag from /opt/airflow/dags/helloworld.py
[2021-05-09 05:46:14,528] {scheduler_job.py:639} INFO - DAG(s) dict_keys(['helloworld_dag']) retrieved from /opt/airflow/dags/helloworld.py
[2021-05-09 05:46:14,713] {logging_mixin.py:104} INFO - [2021-05-09 05:46:14,712] {dag.py:1824} INFO - Sync 1 DAGs
[2021-05-09 05:46:14,903] {logging_mixin.py:104} INFO - [2021-05-09 05:46:14,902] {dag.py:2280} INFO - Setting next_dagrun for helloworld_dag to 2021-05-09 00:00:00+00:00
[2021-05-09 05:46:14,997] {scheduler_job.py:190} INFO - Processing /opt/airflow/dags/helloworld.py took 0.618 seconds
[2021-05-09 05:46:45,468] {scheduler_job.py:182} INFO - Started process (PID=910) to work on /opt/airflow/dags/helloworld.py
[2021-05-09 05:46:45,488] {scheduler_job.py:629} INFO - Processing file /opt/airflow/dags/helloworld.py for tasks to queue
[2021-05-09 05:46:45,495] {logging_mixin.py:104} INFO - [2021-05-09 05:46:45,494] {dagbag.py:451} INFO - Filling up the DagBag from /opt/airflow/dags/helloworld.py
[2021-05-09 05:46:45,602] {scheduler_job.py:639} INFO - DAG(s) dict_keys(['helloworld_dag']) retrieved from /opt/airflow/dags/helloworld.py
[2021-05-09 05:46:45,742] {logging_mixin.py:104} INFO - [2021-05-09 05:46:45,741] {dag.py:1824} INFO - Sync 1 DAGs
[2021-05-09 05:46:45,877] {logging_mixin.py:104} INFO - [2021-05-09 05:46:45,877] {dag.py:2280} INFO - Setting next_dagrun for helloworld_dag to 2021-05-09 00:00:00+00:00
[2021-05-09 05:46:45,918] {scheduler_job.py:190} INFO - Processing /opt/airflow/dags/helloworld.py took 0.469 seconds
[2021-05-09 05:47:16,037] {scheduler_job.py:182} INFO - Started process (PID=937) to work on /opt/airflow/dags/helloworld.py
[2021-05-09 05:47:16,043] {scheduler_job.py:629} INFO - Processing file /opt/airflow/dags/helloworld.py for tasks to queue
[2021-05-09 05:47:16,047] {logging_mixin.py:104} INFO - [2021-05-09 05:47:16,047] {dagbag.py:451} INFO - Filling up the DagBag from /opt/airflow/dags/helloworld.py
[2021-05-09 05:47:16,106] {scheduler_job.py:639} INFO - DAG(s) dict_keys(['helloworld_dag']) retrieved from /opt/airflow/dags/helloworld.py
[2021-05-09 05:47:16,182] {logging_mixin.py:104} INFO - [2021-05-09 05:47:16,181] {dag.py:1824} INFO - Sync 1 DAGs
[2021-05-09 05:47:16,239] {logging_mixin.py:104} INFO - [2021-05-09 05:47:16,239] {dag.py:2280} INFO - Setting next_dagrun for helloworld_dag to 2021-05-09 00:00:00+00:00
[2021-05-09 05:47:16,266] {scheduler_job.py:190} INFO - Processing /opt/airflow/dags/helloworld.py took 0.240 seconds
[2021-05-09 05:47:46,711] {scheduler_job.py:182} INFO - Started process (PID=964) to work on /opt/airflow/dags/helloworld.py
[2021-05-09 05:47:46,714] {scheduler_job.py:629} INFO - Processing file /opt/airflow/dags/helloworld.py for tasks to queue
[2021-05-09 05:47:46,716] {logging_mixin.py:104} INFO - [2021-05-09 05:47:46,716] {dagbag.py:451} INFO - Filling up the DagBag from /opt/airflow/dags/helloworld.py
[2021-05-09 05:47:46,755] {scheduler_job.py:639} INFO - DAG(s) dict_keys(['helloworld_dag']) retrieved from /opt/airflow/dags/helloworld.py
[2021-05-09 05:47:46,801] {logging_mixin.py:104} INFO - [2021-05-09 05:47:46,801] {dag.py:1824} INFO - Sync 1 DAGs
[2021-05-09 05:47:46,836] {logging_mixin.py:104} INFO - [2021-05-09 05:47:46,836] {dag.py:2280} INFO - Setting next_dagrun for helloworld_dag to 2021-05-09 00:00:00+00:00
[2021-05-09 05:47:46,852] {scheduler_job.py:190} INFO - Processing /opt/airflow/dags/helloworld.py took 0.148 seconds
[2021-05-09 05:48:17,311] {scheduler_job.py:182} INFO - Started process (PID=991) to work on /opt/airflow/dags/helloworld.py
[2021-05-09 05:48:17,313] {scheduler_job.py:629} INFO - Processing file /opt/airflow/dags/helloworld.py for tasks to queue
[2021-05-09 05:48:17,315] {logging_mixin.py:104} INFO - [2021-05-09 05:48:17,315] {dagbag.py:451} INFO - Filling up the DagBag from /opt/airflow/dags/helloworld.py
[2021-05-09 05:48:17,338] {scheduler_job.py:639} INFO - DAG(s) dict_keys(['helloworld_dag']) retrieved from /opt/airflow/dags/helloworld.py
[2021-05-09 05:48:17,369] {logging_mixin.py:104} INFO - [2021-05-09 05:48:17,368] {dag.py:1824} INFO - Sync 1 DAGs
[2021-05-09 05:48:17,392] {logging_mixin.py:104} INFO - [2021-05-09 05:48:17,392] {dag.py:2280} INFO - Setting next_dagrun for helloworld_dag to 2021-05-09 00:00:00+00:00
[2021-05-09 05:48:17,405] {scheduler_job.py:190} INFO - Processing /opt/airflow/dags/helloworld.py took 0.098 seconds
[2021-05-09 05:48:47,652] {scheduler_job.py:182} INFO - Started process (PID=1018) to work on /opt/airflow/dags/helloworld.py
[2021-05-09 05:48:47,655] {scheduler_job.py:629} INFO - Processing file /opt/airflow/dags/helloworld.py for tasks to queue
[2021-05-09 05:48:47,658] {logging_mixin.py:104} INFO - [2021-05-09 05:48:47,658] {dagbag.py:451} INFO - Filling up the DagBag from /opt/airflow/dags/helloworld.py
[2021-05-09 05:48:47,684] {scheduler_job.py:639} INFO - DAG(s) dict_keys(['helloworld_dag']) retrieved from /opt/airflow/dags/helloworld.py
[2021-05-09 05:48:47,723] {logging_mixin.py:104} INFO - [2021-05-09 05:48:47,722] {dag.py:1824} INFO - Sync 1 DAGs
[2021-05-09 05:48:47,749] {logging_mixin.py:104} INFO - [2021-05-09 05:48:47,749] {dag.py:2280} INFO - Setting next_dagrun for helloworld_dag to 2021-05-09 00:00:00+00:00
[2021-05-09 05:48:47,764] {scheduler_job.py:190} INFO - Processing /opt/airflow/dags/helloworld.py took 0.117 seconds
[2021-05-09 05:49:18,079] {scheduler_job.py:182} INFO - Started process (PID=1045) to work on /opt/airflow/dags/helloworld.py
[2021-05-09 05:49:18,082] {scheduler_job.py:629} INFO - Processing file /opt/airflow/dags/helloworld.py for tasks to queue
[2021-05-09 05:49:18,083] {logging_mixin.py:104} INFO - [2021-05-09 05:49:18,083] {dagbag.py:451} INFO - Filling up the DagBag from /opt/airflow/dags/helloworld.py
[2021-05-09 05:49:18,107] {scheduler_job.py:639} INFO - DAG(s) dict_keys(['helloworld_dag']) retrieved from /opt/airflow/dags/helloworld.py
[2021-05-09 05:49:18,140] {logging_mixin.py:104} INFO - [2021-05-09 05:49:18,140] {dag.py:1824} INFO - Sync 1 DAGs
[2021-05-09 05:49:18,166] {logging_mixin.py:104} INFO - [2021-05-09 05:49:18,166] {dag.py:2280} INFO - Setting next_dagrun for helloworld_dag to 2021-05-09 00:00:00+00:00
[2021-05-09 05:49:18,178] {scheduler_job.py:190} INFO - Processing /opt/airflow/dags/helloworld.py took 0.105 seconds
[2021-05-09 05:49:48,519] {scheduler_job.py:182} INFO - Started process (PID=1072) to work on /opt/airflow/dags/helloworld.py
[2021-05-09 05:49:48,523] {scheduler_job.py:629} INFO - Processing file /opt/airflow/dags/helloworld.py for tasks to queue
[2021-05-09 05:49:48,526] {logging_mixin.py:104} INFO - [2021-05-09 05:49:48,526] {dagbag.py:451} INFO - Filling up the DagBag from /opt/airflow/dags/helloworld.py
[2021-05-09 05:49:48,558] {scheduler_job.py:639} INFO - DAG(s) dict_keys(['helloworld_dag']) retrieved from /opt/airflow/dags/helloworld.py
[2021-05-09 05:49:48,603] {logging_mixin.py:104} INFO - [2021-05-09 05:49:48,602] {dag.py:1824} INFO - Sync 1 DAGs
[2021-05-09 05:49:48,639] {logging_mixin.py:104} INFO - [2021-05-09 05:49:48,639] {dag.py:2280} INFO - Setting next_dagrun for helloworld_dag to 2021-05-09 00:00:00+00:00
[2021-05-09 05:49:48,654] {scheduler_job.py:190} INFO - Processing /opt/airflow/dags/helloworld.py took 0.141 seconds
[2021-05-09 05:50:19,016] {scheduler_job.py:182} INFO - Started process (PID=1099) to work on /opt/airflow/dags/helloworld.py
[2021-05-09 05:50:19,019] {scheduler_job.py:629} INFO - Processing file /opt/airflow/dags/helloworld.py for tasks to queue
[2021-05-09 05:50:19,022] {logging_mixin.py:104} INFO - [2021-05-09 05:50:19,021] {dagbag.py:451} INFO - Filling up the DagBag from /opt/airflow/dags/helloworld.py
[2021-05-09 05:50:19,053] {scheduler_job.py:639} INFO - DAG(s) dict_keys(['helloworld_dag']) retrieved from /opt/airflow/dags/helloworld.py
[2021-05-09 05:50:19,096] {logging_mixin.py:104} INFO - [2021-05-09 05:50:19,095] {dag.py:1824} INFO - Sync 1 DAGs
[2021-05-09 05:50:19,122] {logging_mixin.py:104} INFO - [2021-05-09 05:50:19,122] {dag.py:2280} INFO - Setting next_dagrun for helloworld_dag to 2021-05-09 00:00:00+00:00
[2021-05-09 05:50:19,132] {scheduler_job.py:190} INFO - Processing /opt/airflow/dags/helloworld.py took 0.133 seconds
[2021-05-09 05:50:49,695] {scheduler_job.py:182} INFO - Started process (PID=1126) to work on /opt/airflow/dags/helloworld.py
[2021-05-09 05:50:49,698] {scheduler_job.py:629} INFO - Processing file /opt/airflow/dags/helloworld.py for tasks to queue
[2021-05-09 05:50:49,699] {logging_mixin.py:104} INFO - [2021-05-09 05:50:49,699] {dagbag.py:451} INFO - Filling up the DagBag from /opt/airflow/dags/helloworld.py
[2021-05-09 05:50:49,724] {scheduler_job.py:639} INFO - DAG(s) dict_keys(['helloworld_dag']) retrieved from /opt/airflow/dags/helloworld.py
[2021-05-09 05:50:49,764] {logging_mixin.py:104} INFO - [2021-05-09 05:50:49,764] {dag.py:1824} INFO - Sync 1 DAGs
[2021-05-09 05:50:49,791] {logging_mixin.py:104} INFO - [2021-05-09 05:50:49,791] {dag.py:2280} INFO - Setting next_dagrun for helloworld_dag to 2021-05-09 00:00:00+00:00
[2021-05-09 05:50:49,804] {scheduler_job.py:190} INFO - Processing /opt/airflow/dags/helloworld.py took 0.114 seconds
[2021-05-09 05:51:20,440] {scheduler_job.py:182} INFO - Started process (PID=1153) to work on /opt/airflow/dags/helloworld.py
[2021-05-09 05:51:20,443] {scheduler_job.py:629} INFO - Processing file /opt/airflow/dags/helloworld.py for tasks to queue
[2021-05-09 05:51:20,445] {logging_mixin.py:104} INFO - [2021-05-09 05:51:20,445] {dagbag.py:451} INFO - Filling up the DagBag from /opt/airflow/dags/helloworld.py
[2021-05-09 05:51:20,471] {scheduler_job.py:639} INFO - DAG(s) dict_keys(['helloworld_dag']) retrieved from /opt/airflow/dags/helloworld.py
[2021-05-09 05:51:20,511] {logging_mixin.py:104} INFO - [2021-05-09 05:51:20,511] {dag.py:1824} INFO - Sync 1 DAGs
[2021-05-09 05:51:20,538] {logging_mixin.py:104} INFO - [2021-05-09 05:51:20,538] {dag.py:2280} INFO - Setting next_dagrun for helloworld_dag to 2021-05-09 00:00:00+00:00
[2021-05-09 05:51:20,554] {scheduler_job.py:190} INFO - Processing /opt/airflow/dags/helloworld.py took 0.119 seconds
[2021-05-09 05:51:50,663] {scheduler_job.py:182} INFO - Started process (PID=1180) to work on /opt/airflow/dags/helloworld.py
[2021-05-09 05:51:50,668] {scheduler_job.py:629} INFO - Processing file /opt/airflow/dags/helloworld.py for tasks to queue
[2021-05-09 05:51:50,671] {logging_mixin.py:104} INFO - [2021-05-09 05:51:50,671] {dagbag.py:451} INFO - Filling up the DagBag from /opt/airflow/dags/helloworld.py
[2021-05-09 05:51:50,714] {scheduler_job.py:639} INFO - DAG(s) dict_keys(['helloworld_dag']) retrieved from /opt/airflow/dags/helloworld.py
[2021-05-09 05:51:50,771] {logging_mixin.py:104} INFO - [2021-05-09 05:51:50,771] {dag.py:1824} INFO - Sync 1 DAGs
[2021-05-09 05:51:50,834] {logging_mixin.py:104} INFO - [2021-05-09 05:51:50,833] {dag.py:2280} INFO - Setting next_dagrun for helloworld_dag to 2021-05-09 00:00:00+00:00
[2021-05-09 05:51:50,855] {scheduler_job.py:190} INFO - Processing /opt/airflow/dags/helloworld.py took 0.201 seconds
[2021-05-09 05:52:21,453] {scheduler_job.py:182} INFO - Started process (PID=1207) to work on /opt/airflow/dags/helloworld.py
[2021-05-09 05:52:21,456] {scheduler_job.py:629} INFO - Processing file /opt/airflow/dags/helloworld.py for tasks to queue
[2021-05-09 05:52:21,459] {logging_mixin.py:104} INFO - [2021-05-09 05:52:21,458] {dagbag.py:451} INFO - Filling up the DagBag from /opt/airflow/dags/helloworld.py
[2021-05-09 05:52:21,495] {scheduler_job.py:639} INFO - DAG(s) dict_keys(['helloworld_dag']) retrieved from /opt/airflow/dags/helloworld.py
[2021-05-09 05:52:21,520] {logging_mixin.py:104} INFO - [2021-05-09 05:52:21,520] {dag.py:1824} INFO - Sync 1 DAGs
[2021-05-09 05:52:21,542] {logging_mixin.py:104} INFO - [2021-05-09 05:52:21,541] {dag.py:2280} INFO - Setting next_dagrun for helloworld_dag to 2021-05-09 00:00:00+00:00
[2021-05-09 05:52:21,551] {scheduler_job.py:190} INFO - Processing /opt/airflow/dags/helloworld.py took 0.103 seconds
[2021-05-09 05:52:51,845] {scheduler_job.py:182} INFO - Started process (PID=1234) to work on /opt/airflow/dags/helloworld.py
[2021-05-09 05:52:51,847] {scheduler_job.py:629} INFO - Processing file /opt/airflow/dags/helloworld.py for tasks to queue
[2021-05-09 05:52:51,849] {logging_mixin.py:104} INFO - [2021-05-09 05:52:51,849] {dagbag.py:451} INFO - Filling up the DagBag from /opt/airflow/dags/helloworld.py
[2021-05-09 05:52:51,875] {scheduler_job.py:639} INFO - DAG(s) dict_keys(['helloworld_dag']) retrieved from /opt/airflow/dags/helloworld.py
[2021-05-09 05:52:51,907] {logging_mixin.py:104} INFO - [2021-05-09 05:52:51,906] {dag.py:1824} INFO - Sync 1 DAGs
[2021-05-09 05:52:51,936] {logging_mixin.py:104} INFO - [2021-05-09 05:52:51,936] {dag.py:2280} INFO - Setting next_dagrun for helloworld_dag to 2021-05-09 00:00:00+00:00
[2021-05-09 05:52:51,951] {scheduler_job.py:190} INFO - Processing /opt/airflow/dags/helloworld.py took 0.112 seconds
[2021-05-09 05:53:22,448] {scheduler_job.py:182} INFO - Started process (PID=1261) to work on /opt/airflow/dags/helloworld.py
[2021-05-09 05:53:22,451] {scheduler_job.py:629} INFO - Processing file /opt/airflow/dags/helloworld.py for tasks to queue
[2021-05-09 05:53:22,452] {logging_mixin.py:104} INFO - [2021-05-09 05:53:22,452] {dagbag.py:451} INFO - Filling up the DagBag from /opt/airflow/dags/helloworld.py
[2021-05-09 05:53:22,473] {scheduler_job.py:639} INFO - DAG(s) dict_keys(['helloworld_dag']) retrieved from /opt/airflow/dags/helloworld.py
[2021-05-09 05:53:22,503] {logging_mixin.py:104} INFO - [2021-05-09 05:53:22,503] {dag.py:1824} INFO - Sync 1 DAGs
[2021-05-09 05:53:22,534] {logging_mixin.py:104} INFO - [2021-05-09 05:53:22,534] {dag.py:2280} INFO - Setting next_dagrun for helloworld_dag to 2021-05-09 00:00:00+00:00
[2021-05-09 05:53:22,546] {scheduler_job.py:190} INFO - Processing /opt/airflow/dags/helloworld.py took 0.102 seconds
[2021-05-09 05:53:53,009] {scheduler_job.py:182} INFO - Started process (PID=1288) to work on /opt/airflow/dags/helloworld.py
[2021-05-09 05:53:53,012] {scheduler_job.py:629} INFO - Processing file /opt/airflow/dags/helloworld.py for tasks to queue
[2021-05-09 05:53:53,013] {logging_mixin.py:104} INFO - [2021-05-09 05:53:53,013] {dagbag.py:451} INFO - Filling up the DagBag from /opt/airflow/dags/helloworld.py
[2021-05-09 05:53:53,035] {scheduler_job.py:639} INFO - DAG(s) dict_keys(['helloworld_dag']) retrieved from /opt/airflow/dags/helloworld.py
[2021-05-09 05:53:53,072] {logging_mixin.py:104} INFO - [2021-05-09 05:53:53,072] {dag.py:1824} INFO - Sync 1 DAGs
[2021-05-09 05:53:53,099] {logging_mixin.py:104} INFO - [2021-05-09 05:53:53,099] {dag.py:2280} INFO - Setting next_dagrun for helloworld_dag to 2021-05-09 00:00:00+00:00
[2021-05-09 05:53:53,114] {scheduler_job.py:190} INFO - Processing /opt/airflow/dags/helloworld.py took 0.109 seconds
[2021-05-09 05:54:23,555] {scheduler_job.py:182} INFO - Started process (PID=1315) to work on /opt/airflow/dags/helloworld.py
[2021-05-09 05:54:23,557] {scheduler_job.py:629} INFO - Processing file /opt/airflow/dags/helloworld.py for tasks to queue
[2021-05-09 05:54:23,559] {logging_mixin.py:104} INFO - [2021-05-09 05:54:23,558] {dagbag.py:451} INFO - Filling up the DagBag from /opt/airflow/dags/helloworld.py
[2021-05-09 05:54:23,584] {scheduler_job.py:639} INFO - DAG(s) dict_keys(['helloworld_dag']) retrieved from /opt/airflow/dags/helloworld.py
[2021-05-09 05:54:23,613] {logging_mixin.py:104} INFO - [2021-05-09 05:54:23,613] {dag.py:1824} INFO - Sync 1 DAGs
[2021-05-09 05:54:23,642] {logging_mixin.py:104} INFO - [2021-05-09 05:54:23,642] {dag.py:2280} INFO - Setting next_dagrun for helloworld_dag to 2021-05-09 00:00:00+00:00
[2021-05-09 05:54:23,655] {scheduler_job.py:190} INFO - Processing /opt/airflow/dags/helloworld.py took 0.104 seconds
[2021-05-09 05:54:54,203] {scheduler_job.py:182} INFO - Started process (PID=1342) to work on /opt/airflow/dags/helloworld.py
[2021-05-09 05:54:54,205] {scheduler_job.py:629} INFO - Processing file /opt/airflow/dags/helloworld.py for tasks to queue
[2021-05-09 05:54:54,207] {logging_mixin.py:104} INFO - [2021-05-09 05:54:54,206] {dagbag.py:451} INFO - Filling up the DagBag from /opt/airflow/dags/helloworld.py
[2021-05-09 05:54:54,232] {scheduler_job.py:639} INFO - DAG(s) dict_keys(['helloworld_dag']) retrieved from /opt/airflow/dags/helloworld.py
[2021-05-09 05:54:54,264] {logging_mixin.py:104} INFO - [2021-05-09 05:54:54,264] {dag.py:1824} INFO - Sync 1 DAGs
[2021-05-09 05:54:54,287] {logging_mixin.py:104} INFO - [2021-05-09 05:54:54,287] {dag.py:2280} INFO - Setting next_dagrun for helloworld_dag to 2021-05-09 00:00:00+00:00
[2021-05-09 05:54:54,297] {scheduler_job.py:190} INFO - Processing /opt/airflow/dags/helloworld.py took 0.099 seconds
[2021-05-09 05:55:24,679] {scheduler_job.py:182} INFO - Started process (PID=1369) to work on /opt/airflow/dags/helloworld.py
[2021-05-09 05:55:24,681] {scheduler_job.py:629} INFO - Processing file /opt/airflow/dags/helloworld.py for tasks to queue
[2021-05-09 05:55:24,683] {logging_mixin.py:104} INFO - [2021-05-09 05:55:24,683] {dagbag.py:451} INFO - Filling up the DagBag from /opt/airflow/dags/helloworld.py
[2021-05-09 05:55:24,706] {scheduler_job.py:639} INFO - DAG(s) dict_keys(['helloworld_dag']) retrieved from /opt/airflow/dags/helloworld.py
[2021-05-09 05:55:24,738] {logging_mixin.py:104} INFO - [2021-05-09 05:55:24,738] {dag.py:1824} INFO - Sync 1 DAGs
[2021-05-09 05:55:24,764] {logging_mixin.py:104} INFO - [2021-05-09 05:55:24,763] {dag.py:2280} INFO - Setting next_dagrun for helloworld_dag to 2021-05-09 00:00:00+00:00
[2021-05-09 05:55:24,775] {scheduler_job.py:190} INFO - Processing /opt/airflow/dags/helloworld.py took 0.101 seconds
[2021-05-09 05:55:55,208] {scheduler_job.py:182} INFO - Started process (PID=1396) to work on /opt/airflow/dags/helloworld.py
[2021-05-09 05:55:55,211] {scheduler_job.py:629} INFO - Processing file /opt/airflow/dags/helloworld.py for tasks to queue
[2021-05-09 05:55:55,212] {logging_mixin.py:104} INFO - [2021-05-09 05:55:55,212] {dagbag.py:451} INFO - Filling up the DagBag from /opt/airflow/dags/helloworld.py
[2021-05-09 05:55:55,236] {scheduler_job.py:639} INFO - DAG(s) dict_keys(['helloworld_dag']) retrieved from /opt/airflow/dags/helloworld.py
[2021-05-09 05:55:55,266] {logging_mixin.py:104} INFO - [2021-05-09 05:55:55,266] {dag.py:1824} INFO - Sync 1 DAGs
[2021-05-09 05:55:55,288] {logging_mixin.py:104} INFO - [2021-05-09 05:55:55,288] {dag.py:2280} INFO - Setting next_dagrun for helloworld_dag to 2021-05-09 00:00:00+00:00
[2021-05-09 05:55:55,302] {scheduler_job.py:190} INFO - Processing /opt/airflow/dags/helloworld.py took 0.099 seconds
[2021-05-09 05:56:25,904] {scheduler_job.py:182} INFO - Started process (PID=1423) to work on /opt/airflow/dags/helloworld.py
[2021-05-09 05:56:25,907] {scheduler_job.py:629} INFO - Processing file /opt/airflow/dags/helloworld.py for tasks to queue
[2021-05-09 05:56:25,909] {logging_mixin.py:104} INFO - [2021-05-09 05:56:25,908] {dagbag.py:451} INFO - Filling up the DagBag from /opt/airflow/dags/helloworld.py
[2021-05-09 05:56:25,938] {scheduler_job.py:639} INFO - DAG(s) dict_keys(['helloworld_dag']) retrieved from /opt/airflow/dags/helloworld.py
[2021-05-09 05:56:25,988] {logging_mixin.py:104} INFO - [2021-05-09 05:56:25,988] {dag.py:1824} INFO - Sync 1 DAGs
[2021-05-09 05:56:26,020] {logging_mixin.py:104} INFO - [2021-05-09 05:56:26,020] {dag.py:2280} INFO - Setting next_dagrun for helloworld_dag to 2021-05-09 00:00:00+00:00
[2021-05-09 05:56:26,039] {scheduler_job.py:190} INFO - Processing /opt/airflow/dags/helloworld.py took 0.140 seconds
[2021-05-09 05:56:56,683] {scheduler_job.py:182} INFO - Started process (PID=1450) to work on /opt/airflow/dags/helloworld.py
[2021-05-09 05:56:56,688] {scheduler_job.py:629} INFO - Processing file /opt/airflow/dags/helloworld.py for tasks to queue
[2021-05-09 05:56:56,690] {logging_mixin.py:104} INFO - [2021-05-09 05:56:56,689] {dagbag.py:451} INFO - Filling up the DagBag from /opt/airflow/dags/helloworld.py
[2021-05-09 05:56:56,737] {scheduler_job.py:639} INFO - DAG(s) dict_keys(['helloworld_dag']) retrieved from /opt/airflow/dags/helloworld.py
[2021-05-09 05:56:56,771] {logging_mixin.py:104} INFO - [2021-05-09 05:56:56,770] {dag.py:1824} INFO - Sync 1 DAGs
[2021-05-09 05:56:56,796] {logging_mixin.py:104} INFO - [2021-05-09 05:56:56,796] {dag.py:2280} INFO - Setting next_dagrun for helloworld_dag to 2021-05-09 00:00:00+00:00
[2021-05-09 05:56:56,811] {scheduler_job.py:190} INFO - Processing /opt/airflow/dags/helloworld.py took 0.134 seconds
[2021-05-09 05:57:27,312] {scheduler_job.py:182} INFO - Started process (PID=1477) to work on /opt/airflow/dags/helloworld.py
[2021-05-09 05:57:27,317] {scheduler_job.py:629} INFO - Processing file /opt/airflow/dags/helloworld.py for tasks to queue
[2021-05-09 05:57:27,320] {logging_mixin.py:104} INFO - [2021-05-09 05:57:27,320] {dagbag.py:451} INFO - Filling up the DagBag from /opt/airflow/dags/helloworld.py
[2021-05-09 05:57:27,360] {scheduler_job.py:639} INFO - DAG(s) dict_keys(['helloworld_dag']) retrieved from /opt/airflow/dags/helloworld.py
[2021-05-09 05:57:27,431] {logging_mixin.py:104} INFO - [2021-05-09 05:57:27,430] {dag.py:1824} INFO - Sync 1 DAGs
[2021-05-09 05:57:27,472] {logging_mixin.py:104} INFO - [2021-05-09 05:57:27,472] {dag.py:2280} INFO - Setting next_dagrun for helloworld_dag to 2021-05-09 00:00:00+00:00
[2021-05-09 05:57:27,487] {scheduler_job.py:190} INFO - Processing /opt/airflow/dags/helloworld.py took 0.182 seconds
[2021-05-09 05:57:57,825] {scheduler_job.py:182} INFO - Started process (PID=1504) to work on /opt/airflow/dags/helloworld.py
[2021-05-09 05:57:57,827] {scheduler_job.py:629} INFO - Processing file /opt/airflow/dags/helloworld.py for tasks to queue
[2021-05-09 05:57:57,829] {logging_mixin.py:104} INFO - [2021-05-09 05:57:57,828] {dagbag.py:451} INFO - Filling up the DagBag from /opt/airflow/dags/helloworld.py
[2021-05-09 05:57:57,855] {scheduler_job.py:639} INFO - DAG(s) dict_keys(['helloworld_dag']) retrieved from /opt/airflow/dags/helloworld.py
[2021-05-09 05:57:57,890] {logging_mixin.py:104} INFO - [2021-05-09 05:57:57,890] {dag.py:1824} INFO - Sync 1 DAGs
[2021-05-09 05:57:57,916] {logging_mixin.py:104} INFO - [2021-05-09 05:57:57,915] {dag.py:2280} INFO - Setting next_dagrun for helloworld_dag to 2021-05-09 00:00:00+00:00
[2021-05-09 05:57:57,929] {scheduler_job.py:190} INFO - Processing /opt/airflow/dags/helloworld.py took 0.109 seconds
[2021-05-09 05:58:28,315] {scheduler_job.py:182} INFO - Started process (PID=1531) to work on /opt/airflow/dags/helloworld.py
[2021-05-09 05:58:28,317] {scheduler_job.py:629} INFO - Processing file /opt/airflow/dags/helloworld.py for tasks to queue
[2021-05-09 05:58:28,319] {logging_mixin.py:104} INFO - [2021-05-09 05:58:28,319] {dagbag.py:451} INFO - Filling up the DagBag from /opt/airflow/dags/helloworld.py
[2021-05-09 05:58:28,348] {scheduler_job.py:639} INFO - DAG(s) dict_keys(['helloworld_dag']) retrieved from /opt/airflow/dags/helloworld.py
[2021-05-09 05:58:28,382] {logging_mixin.py:104} INFO - [2021-05-09 05:58:28,382] {dag.py:1824} INFO - Sync 1 DAGs
[2021-05-09 05:58:28,409] {logging_mixin.py:104} INFO - [2021-05-09 05:58:28,409] {dag.py:2280} INFO - Setting next_dagrun for helloworld_dag to 2021-05-09 00:00:00+00:00
[2021-05-09 05:58:28,424] {scheduler_job.py:190} INFO - Processing /opt/airflow/dags/helloworld.py took 0.115 seconds
[2021-05-09 05:58:59,014] {scheduler_job.py:182} INFO - Started process (PID=1558) to work on /opt/airflow/dags/helloworld.py
[2021-05-09 05:58:59,016] {scheduler_job.py:629} INFO - Processing file /opt/airflow/dags/helloworld.py for tasks to queue
[2021-05-09 05:58:59,018] {logging_mixin.py:104} INFO - [2021-05-09 05:58:59,018] {dagbag.py:451} INFO - Filling up the DagBag from /opt/airflow/dags/helloworld.py
[2021-05-09 05:58:59,046] {scheduler_job.py:639} INFO - DAG(s) dict_keys(['helloworld_dag']) retrieved from /opt/airflow/dags/helloworld.py
[2021-05-09 05:58:59,089] {logging_mixin.py:104} INFO - [2021-05-09 05:58:59,088] {dag.py:1824} INFO - Sync 1 DAGs
[2021-05-09 05:58:59,122] {logging_mixin.py:104} INFO - [2021-05-09 05:58:59,122] {dag.py:2280} INFO - Setting next_dagrun for helloworld_dag to 2021-05-09 00:00:00+00:00
[2021-05-09 05:58:59,134] {scheduler_job.py:190} INFO - Processing /opt/airflow/dags/helloworld.py took 0.124 seconds
[2021-05-09 05:59:29,543] {scheduler_job.py:182} INFO - Started process (PID=1585) to work on /opt/airflow/dags/helloworld.py
[2021-05-09 05:59:29,545] {scheduler_job.py:629} INFO - Processing file /opt/airflow/dags/helloworld.py for tasks to queue
[2021-05-09 05:59:29,547] {logging_mixin.py:104} INFO - [2021-05-09 05:59:29,547] {dagbag.py:451} INFO - Filling up the DagBag from /opt/airflow/dags/helloworld.py
[2021-05-09 05:59:29,571] {scheduler_job.py:639} INFO - DAG(s) dict_keys(['helloworld_dag']) retrieved from /opt/airflow/dags/helloworld.py
[2021-05-09 05:59:29,599] {logging_mixin.py:104} INFO - [2021-05-09 05:59:29,599] {dag.py:1824} INFO - Sync 1 DAGs
[2021-05-09 05:59:29,623] {logging_mixin.py:104} INFO - [2021-05-09 05:59:29,622] {dag.py:2280} INFO - Setting next_dagrun for helloworld_dag to 2021-05-09 00:00:00+00:00
[2021-05-09 05:59:29,636] {scheduler_job.py:190} INFO - Processing /opt/airflow/dags/helloworld.py took 0.098 seconds
[2021-05-09 06:00:00,057] {scheduler_job.py:182} INFO - Started process (PID=1612) to work on /opt/airflow/dags/helloworld.py
[2021-05-09 06:00:00,060] {scheduler_job.py:629} INFO - Processing file /opt/airflow/dags/helloworld.py for tasks to queue
[2021-05-09 06:00:00,061] {logging_mixin.py:104} INFO - [2021-05-09 06:00:00,061] {dagbag.py:451} INFO - Filling up the DagBag from /opt/airflow/dags/helloworld.py
[2021-05-09 06:00:00,086] {scheduler_job.py:639} INFO - DAG(s) dict_keys(['helloworld_dag']) retrieved from /opt/airflow/dags/helloworld.py
[2021-05-09 06:00:00,125] {logging_mixin.py:104} INFO - [2021-05-09 06:00:00,125] {dag.py:1824} INFO - Sync 1 DAGs
[2021-05-09 06:00:00,147] {logging_mixin.py:104} INFO - [2021-05-09 06:00:00,147] {dag.py:2280} INFO - Setting next_dagrun for helloworld_dag to 2021-05-09 00:00:00+00:00
[2021-05-09 06:00:00,160] {scheduler_job.py:190} INFO - Processing /opt/airflow/dags/helloworld.py took 0.109 seconds
[2021-05-09 06:00:30,673] {scheduler_job.py:182} INFO - Started process (PID=1639) to work on /opt/airflow/dags/helloworld.py
[2021-05-09 06:00:30,676] {scheduler_job.py:629} INFO - Processing file /opt/airflow/dags/helloworld.py for tasks to queue
[2021-05-09 06:00:30,678] {logging_mixin.py:104} INFO - [2021-05-09 06:00:30,677] {dagbag.py:451} INFO - Filling up the DagBag from /opt/airflow/dags/helloworld.py
[2021-05-09 06:00:30,709] {scheduler_job.py:639} INFO - DAG(s) dict_keys(['helloworld_dag']) retrieved from /opt/airflow/dags/helloworld.py
[2021-05-09 06:00:30,736] {logging_mixin.py:104} INFO - [2021-05-09 06:00:30,736] {dag.py:1824} INFO - Sync 1 DAGs
[2021-05-09 06:00:30,757] {logging_mixin.py:104} INFO - [2021-05-09 06:00:30,757] {dag.py:2280} INFO - Setting next_dagrun for helloworld_dag to 2021-05-09 00:00:00+00:00
[2021-05-09 06:00:30,768] {scheduler_job.py:190} INFO - Processing /opt/airflow/dags/helloworld.py took 0.100 seconds
[2021-05-09 06:01:01,198] {scheduler_job.py:182} INFO - Started process (PID=1666) to work on /opt/airflow/dags/helloworld.py
[2021-05-09 06:01:01,200] {scheduler_job.py:629} INFO - Processing file /opt/airflow/dags/helloworld.py for tasks to queue
[2021-05-09 06:01:01,202] {logging_mixin.py:104} INFO - [2021-05-09 06:01:01,202] {dagbag.py:451} INFO - Filling up the DagBag from /opt/airflow/dags/helloworld.py
[2021-05-09 06:01:01,227] {scheduler_job.py:639} INFO - DAG(s) dict_keys(['helloworld_dag']) retrieved from /opt/airflow/dags/helloworld.py
[2021-05-09 06:01:01,256] {logging_mixin.py:104} INFO - [2021-05-09 06:01:01,256] {dag.py:1824} INFO - Sync 1 DAGs
[2021-05-09 06:01:01,288] {logging_mixin.py:104} INFO - [2021-05-09 06:01:01,288] {dag.py:2280} INFO - Setting next_dagrun for helloworld_dag to 2021-05-09 00:00:00+00:00
[2021-05-09 06:01:01,302] {scheduler_job.py:190} INFO - Processing /opt/airflow/dags/helloworld.py took 0.109 seconds
[2021-05-09 06:01:31,967] {scheduler_job.py:182} INFO - Started process (PID=1693) to work on /opt/airflow/dags/helloworld.py
[2021-05-09 06:01:31,970] {scheduler_job.py:629} INFO - Processing file /opt/airflow/dags/helloworld.py for tasks to queue
[2021-05-09 06:01:31,973] {logging_mixin.py:104} INFO - [2021-05-09 06:01:31,972] {dagbag.py:451} INFO - Filling up the DagBag from /opt/airflow/dags/helloworld.py
[2021-05-09 06:01:32,018] {scheduler_job.py:639} INFO - DAG(s) dict_keys(['helloworld_dag']) retrieved from /opt/airflow/dags/helloworld.py
[2021-05-09 06:01:32,054] {logging_mixin.py:104} INFO - [2021-05-09 06:01:32,054] {dag.py:1824} INFO - Sync 1 DAGs
[2021-05-09 06:01:32,081] {logging_mixin.py:104} INFO - [2021-05-09 06:01:32,080] {dag.py:2280} INFO - Setting next_dagrun for helloworld_dag to 2021-05-09 00:00:00+00:00
[2021-05-09 06:01:32,093] {scheduler_job.py:190} INFO - Processing /opt/airflow/dags/helloworld.py took 0.131 seconds
[2021-05-09 06:02:02,648] {scheduler_job.py:182} INFO - Started process (PID=1720) to work on /opt/airflow/dags/helloworld.py
[2021-05-09 06:02:02,651] {scheduler_job.py:629} INFO - Processing file /opt/airflow/dags/helloworld.py for tasks to queue
[2021-05-09 06:02:02,653] {logging_mixin.py:104} INFO - [2021-05-09 06:02:02,653] {dagbag.py:451} INFO - Filling up the DagBag from /opt/airflow/dags/helloworld.py
[2021-05-09 06:02:02,678] {scheduler_job.py:639} INFO - DAG(s) dict_keys(['helloworld_dag']) retrieved from /opt/airflow/dags/helloworld.py
[2021-05-09 06:02:02,717] {logging_mixin.py:104} INFO - [2021-05-09 06:02:02,717] {dag.py:1824} INFO - Sync 1 DAGs
[2021-05-09 06:02:02,752] {logging_mixin.py:104} INFO - [2021-05-09 06:02:02,752] {dag.py:2280} INFO - Setting next_dagrun for helloworld_dag to 2021-05-09 00:00:00+00:00
[2021-05-09 06:02:02,764] {scheduler_job.py:190} INFO - Processing /opt/airflow/dags/helloworld.py took 0.120 seconds
[2021-05-09 06:02:33,050] {scheduler_job.py:182} INFO - Started process (PID=1747) to work on /opt/airflow/dags/helloworld.py
[2021-05-09 06:02:33,052] {scheduler_job.py:629} INFO - Processing file /opt/airflow/dags/helloworld.py for tasks to queue
[2021-05-09 06:02:33,055] {logging_mixin.py:104} INFO - [2021-05-09 06:02:33,054] {dagbag.py:451} INFO - Filling up the DagBag from /opt/airflow/dags/helloworld.py
[2021-05-09 06:02:33,084] {scheduler_job.py:639} INFO - DAG(s) dict_keys(['helloworld_dag']) retrieved from /opt/airflow/dags/helloworld.py
[2021-05-09 06:02:33,120] {logging_mixin.py:104} INFO - [2021-05-09 06:02:33,120] {dag.py:1824} INFO - Sync 1 DAGs
[2021-05-09 06:02:33,146] {logging_mixin.py:104} INFO - [2021-05-09 06:02:33,146] {dag.py:2280} INFO - Setting next_dagrun for helloworld_dag to 2021-05-09 00:00:00+00:00
[2021-05-09 06:02:33,158] {scheduler_job.py:190} INFO - Processing /opt/airflow/dags/helloworld.py took 0.112 seconds
[2021-05-09 06:03:03,446] {scheduler_job.py:182} INFO - Started process (PID=1774) to work on /opt/airflow/dags/helloworld.py
[2021-05-09 06:03:03,448] {scheduler_job.py:629} INFO - Processing file /opt/airflow/dags/helloworld.py for tasks to queue
[2021-05-09 06:03:03,450] {logging_mixin.py:104} INFO - [2021-05-09 06:03:03,450] {dagbag.py:451} INFO - Filling up the DagBag from /opt/airflow/dags/helloworld.py
[2021-05-09 06:03:03,471] {scheduler_job.py:639} INFO - DAG(s) dict_keys(['helloworld_dag']) retrieved from /opt/airflow/dags/helloworld.py
[2021-05-09 06:03:03,499] {logging_mixin.py:104} INFO - [2021-05-09 06:03:03,498] {dag.py:1824} INFO - Sync 1 DAGs
[2021-05-09 06:03:03,524] {logging_mixin.py:104} INFO - [2021-05-09 06:03:03,524] {dag.py:2280} INFO - Setting next_dagrun for helloworld_dag to 2021-05-09 00:00:00+00:00
[2021-05-09 06:03:03,535] {scheduler_job.py:190} INFO - Processing /opt/airflow/dags/helloworld.py took 0.093 seconds
[2021-05-09 06:03:33,882] {scheduler_job.py:182} INFO - Started process (PID=1801) to work on /opt/airflow/dags/helloworld.py
[2021-05-09 06:03:33,885] {scheduler_job.py:629} INFO - Processing file /opt/airflow/dags/helloworld.py for tasks to queue
[2021-05-09 06:03:33,887] {logging_mixin.py:104} INFO - [2021-05-09 06:03:33,887] {dagbag.py:451} INFO - Filling up the DagBag from /opt/airflow/dags/helloworld.py
[2021-05-09 06:03:33,914] {scheduler_job.py:639} INFO - DAG(s) dict_keys(['helloworld_dag']) retrieved from /opt/airflow/dags/helloworld.py
[2021-05-09 06:03:33,940] {logging_mixin.py:104} INFO - [2021-05-09 06:03:33,940] {dag.py:1824} INFO - Sync 1 DAGs
[2021-05-09 06:03:33,961] {logging_mixin.py:104} INFO - [2021-05-09 06:03:33,961] {dag.py:2280} INFO - Setting next_dagrun for helloworld_dag to 2021-05-09 00:00:00+00:00
[2021-05-09 06:03:33,972] {scheduler_job.py:190} INFO - Processing /opt/airflow/dags/helloworld.py took 0.095 seconds
[2021-05-09 06:04:04,354] {scheduler_job.py:182} INFO - Started process (PID=1828) to work on /opt/airflow/dags/helloworld.py
[2021-05-09 06:04:04,356] {scheduler_job.py:629} INFO - Processing file /opt/airflow/dags/helloworld.py for tasks to queue
[2021-05-09 06:04:04,358] {logging_mixin.py:104} INFO - [2021-05-09 06:04:04,358] {dagbag.py:451} INFO - Filling up the DagBag from /opt/airflow/dags/helloworld.py
[2021-05-09 06:04:04,386] {scheduler_job.py:639} INFO - DAG(s) dict_keys(['helloworld_dag']) retrieved from /opt/airflow/dags/helloworld.py
[2021-05-09 06:04:04,425] {logging_mixin.py:104} INFO - [2021-05-09 06:04:04,425] {dag.py:1824} INFO - Sync 1 DAGs
[2021-05-09 06:04:04,451] {logging_mixin.py:104} INFO - [2021-05-09 06:04:04,451] {dag.py:2280} INFO - Setting next_dagrun for helloworld_dag to 2021-05-09 00:00:00+00:00
[2021-05-09 06:04:04,466] {scheduler_job.py:190} INFO - Processing /opt/airflow/dags/helloworld.py took 0.117 seconds
[2021-05-09 06:04:34,976] {scheduler_job.py:182} INFO - Started process (PID=1855) to work on /opt/airflow/dags/helloworld.py
[2021-05-09 06:04:34,978] {scheduler_job.py:629} INFO - Processing file /opt/airflow/dags/helloworld.py for tasks to queue
[2021-05-09 06:04:34,980] {logging_mixin.py:104} INFO - [2021-05-09 06:04:34,980] {dagbag.py:451} INFO - Filling up the DagBag from /opt/airflow/dags/helloworld.py
[2021-05-09 06:04:35,000] {scheduler_job.py:639} INFO - DAG(s) dict_keys(['helloworld_dag']) retrieved from /opt/airflow/dags/helloworld.py
[2021-05-09 06:04:35,033] {logging_mixin.py:104} INFO - [2021-05-09 06:04:35,033] {dag.py:1824} INFO - Sync 1 DAGs
[2021-05-09 06:04:35,057] {logging_mixin.py:104} INFO - [2021-05-09 06:04:35,057] {dag.py:2280} INFO - Setting next_dagrun for helloworld_dag to 2021-05-09 00:00:00+00:00
[2021-05-09 06:04:35,071] {scheduler_job.py:190} INFO - Processing /opt/airflow/dags/helloworld.py took 0.100 seconds
[2021-05-09 06:05:05,171] {scheduler_job.py:182} INFO - Started process (PID=1882) to work on /opt/airflow/dags/helloworld.py
[2021-05-09 06:05:05,174] {scheduler_job.py:629} INFO - Processing file /opt/airflow/dags/helloworld.py for tasks to queue
[2021-05-09 06:05:05,176] {logging_mixin.py:104} INFO - [2021-05-09 06:05:05,176] {dagbag.py:451} INFO - Filling up the DagBag from /opt/airflow/dags/helloworld.py
[2021-05-09 06:05:05,199] {scheduler_job.py:639} INFO - DAG(s) dict_keys(['helloworld_dag']) retrieved from /opt/airflow/dags/helloworld.py
[2021-05-09 06:05:05,235] {logging_mixin.py:104} INFO - [2021-05-09 06:05:05,234] {dag.py:1824} INFO - Sync 1 DAGs
[2021-05-09 06:05:05,259] {logging_mixin.py:104} INFO - [2021-05-09 06:05:05,259] {dag.py:2280} INFO - Setting next_dagrun for helloworld_dag to 2021-05-09 00:00:00+00:00
[2021-05-09 06:05:05,271] {scheduler_job.py:190} INFO - Processing /opt/airflow/dags/helloworld.py took 0.104 seconds
[2021-05-09 06:05:35,891] {scheduler_job.py:182} INFO - Started process (PID=1909) to work on /opt/airflow/dags/helloworld.py
[2021-05-09 06:05:35,893] {scheduler_job.py:629} INFO - Processing file /opt/airflow/dags/helloworld.py for tasks to queue
[2021-05-09 06:05:35,895] {logging_mixin.py:104} INFO - [2021-05-09 06:05:35,894] {dagbag.py:451} INFO - Filling up the DagBag from /opt/airflow/dags/helloworld.py
[2021-05-09 06:05:35,919] {scheduler_job.py:639} INFO - DAG(s) dict_keys(['helloworld_dag']) retrieved from /opt/airflow/dags/helloworld.py
[2021-05-09 06:05:35,953] {logging_mixin.py:104} INFO - [2021-05-09 06:05:35,953] {dag.py:1824} INFO - Sync 1 DAGs
[2021-05-09 06:05:35,976] {logging_mixin.py:104} INFO - [2021-05-09 06:05:35,976] {dag.py:2280} INFO - Setting next_dagrun for helloworld_dag to 2021-05-09 00:00:00+00:00
[2021-05-09 06:05:35,989] {scheduler_job.py:190} INFO - Processing /opt/airflow/dags/helloworld.py took 0.103 seconds
[2021-05-09 06:06:06,415] {scheduler_job.py:182} INFO - Started process (PID=1936) to work on /opt/airflow/dags/helloworld.py
[2021-05-09 06:06:06,418] {scheduler_job.py:629} INFO - Processing file /opt/airflow/dags/helloworld.py for tasks to queue
[2021-05-09 06:06:06,419] {logging_mixin.py:104} INFO - [2021-05-09 06:06:06,419] {dagbag.py:451} INFO - Filling up the DagBag from /opt/airflow/dags/helloworld.py
[2021-05-09 06:06:06,475] {scheduler_job.py:639} INFO - DAG(s) dict_keys(['helloworld_dag']) retrieved from /opt/airflow/dags/helloworld.py
[2021-05-09 06:06:06,507] {logging_mixin.py:104} INFO - [2021-05-09 06:06:06,507] {dag.py:1824} INFO - Sync 1 DAGs
[2021-05-09 06:06:06,531] {logging_mixin.py:104} INFO - [2021-05-09 06:06:06,530] {dag.py:2280} INFO - Setting next_dagrun for helloworld_dag to 2021-05-09 00:00:00+00:00
[2021-05-09 06:06:06,546] {scheduler_job.py:190} INFO - Processing /opt/airflow/dags/helloworld.py took 0.138 seconds
[2021-05-09 06:06:37,007] {scheduler_job.py:182} INFO - Started process (PID=1963) to work on /opt/airflow/dags/helloworld.py
[2021-05-09 06:06:37,009] {scheduler_job.py:629} INFO - Processing file /opt/airflow/dags/helloworld.py for tasks to queue
[2021-05-09 06:06:37,012] {logging_mixin.py:104} INFO - [2021-05-09 06:06:37,012] {dagbag.py:451} INFO - Filling up the DagBag from /opt/airflow/dags/helloworld.py
[2021-05-09 06:06:37,051] {scheduler_job.py:639} INFO - DAG(s) dict_keys(['helloworld_dag']) retrieved from /opt/airflow/dags/helloworld.py
[2021-05-09 06:06:37,085] {logging_mixin.py:104} INFO - [2021-05-09 06:06:37,084] {dag.py:1824} INFO - Sync 1 DAGs
[2021-05-09 06:06:37,126] {logging_mixin.py:104} INFO - [2021-05-09 06:06:37,125] {dag.py:2280} INFO - Setting next_dagrun for helloworld_dag to 2021-05-09 00:00:00+00:00
[2021-05-09 06:06:37,138] {scheduler_job.py:190} INFO - Processing /opt/airflow/dags/helloworld.py took 0.136 seconds
[2021-05-09 06:07:07,443] {scheduler_job.py:182} INFO - Started process (PID=1990) to work on /opt/airflow/dags/helloworld.py
[2021-05-09 06:07:07,445] {scheduler_job.py:629} INFO - Processing file /opt/airflow/dags/helloworld.py for tasks to queue
[2021-05-09 06:07:07,447] {logging_mixin.py:104} INFO - [2021-05-09 06:07:07,447] {dagbag.py:451} INFO - Filling up the DagBag from /opt/airflow/dags/helloworld.py
[2021-05-09 06:07:07,489] {scheduler_job.py:639} INFO - DAG(s) dict_keys(['helloworld_dag']) retrieved from /opt/airflow/dags/helloworld.py
[2021-05-09 06:07:07,520] {logging_mixin.py:104} INFO - [2021-05-09 06:07:07,520] {dag.py:1824} INFO - Sync 1 DAGs
[2021-05-09 06:07:07,545] {logging_mixin.py:104} INFO - [2021-05-09 06:07:07,545] {dag.py:2280} INFO - Setting next_dagrun for helloworld_dag to 2021-05-09 00:00:00+00:00
[2021-05-09 06:07:07,562] {scheduler_job.py:190} INFO - Processing /opt/airflow/dags/helloworld.py took 0.124 seconds
[2021-05-09 06:07:37,976] {scheduler_job.py:182} INFO - Started process (PID=2017) to work on /opt/airflow/dags/helloworld.py
[2021-05-09 06:07:37,978] {scheduler_job.py:629} INFO - Processing file /opt/airflow/dags/helloworld.py for tasks to queue
[2021-05-09 06:07:37,980] {logging_mixin.py:104} INFO - [2021-05-09 06:07:37,980] {dagbag.py:451} INFO - Filling up the DagBag from /opt/airflow/dags/helloworld.py
[2021-05-09 06:07:38,026] {scheduler_job.py:639} INFO - DAG(s) dict_keys(['helloworld_dag']) retrieved from /opt/airflow/dags/helloworld.py
[2021-05-09 06:07:38,065] {logging_mixin.py:104} INFO - [2021-05-09 06:07:38,065] {dag.py:1824} INFO - Sync 1 DAGs
[2021-05-09 06:07:38,090] {logging_mixin.py:104} INFO - [2021-05-09 06:07:38,090] {dag.py:2280} INFO - Setting next_dagrun for helloworld_dag to 2021-05-09 00:00:00+00:00
[2021-05-09 06:07:38,106] {scheduler_job.py:190} INFO - Processing /opt/airflow/dags/helloworld.py took 0.135 seconds
[2021-05-09 06:08:08,563] {scheduler_job.py:182} INFO - Started process (PID=2044) to work on /opt/airflow/dags/helloworld.py
[2021-05-09 06:08:08,566] {scheduler_job.py:629} INFO - Processing file /opt/airflow/dags/helloworld.py for tasks to queue
[2021-05-09 06:08:08,568] {logging_mixin.py:104} INFO - [2021-05-09 06:08:08,568] {dagbag.py:451} INFO - Filling up the DagBag from /opt/airflow/dags/helloworld.py
[2021-05-09 06:08:08,611] {scheduler_job.py:639} INFO - DAG(s) dict_keys(['helloworld_dag']) retrieved from /opt/airflow/dags/helloworld.py
[2021-05-09 06:08:08,649] {logging_mixin.py:104} INFO - [2021-05-09 06:08:08,649] {dag.py:1824} INFO - Sync 1 DAGs
[2021-05-09 06:08:08,679] {logging_mixin.py:104} INFO - [2021-05-09 06:08:08,679] {dag.py:2280} INFO - Setting next_dagrun for helloworld_dag to 2021-05-09 00:00:00+00:00
[2021-05-09 06:08:08,697] {scheduler_job.py:190} INFO - Processing /opt/airflow/dags/helloworld.py took 0.139 seconds
[2021-05-09 06:08:39,268] {scheduler_job.py:182} INFO - Started process (PID=2071) to work on /opt/airflow/dags/helloworld.py
[2021-05-09 06:08:39,271] {scheduler_job.py:629} INFO - Processing file /opt/airflow/dags/helloworld.py for tasks to queue
[2021-05-09 06:08:39,272] {logging_mixin.py:104} INFO - [2021-05-09 06:08:39,272] {dagbag.py:451} INFO - Filling up the DagBag from /opt/airflow/dags/helloworld.py
[2021-05-09 06:08:39,311] {scheduler_job.py:639} INFO - DAG(s) dict_keys(['helloworld_dag']) retrieved from /opt/airflow/dags/helloworld.py
[2021-05-09 06:08:39,348] {logging_mixin.py:104} INFO - [2021-05-09 06:08:39,348] {dag.py:1824} INFO - Sync 1 DAGs
[2021-05-09 06:08:39,375] {logging_mixin.py:104} INFO - [2021-05-09 06:08:39,375] {dag.py:2280} INFO - Setting next_dagrun for helloworld_dag to 2021-05-09 00:00:00+00:00
[2021-05-09 06:08:39,387] {scheduler_job.py:190} INFO - Processing /opt/airflow/dags/helloworld.py took 0.124 seconds
[2021-05-09 06:09:10,018] {scheduler_job.py:182} INFO - Started process (PID=2098) to work on /opt/airflow/dags/helloworld.py
[2021-05-09 06:09:10,021] {scheduler_job.py:629} INFO - Processing file /opt/airflow/dags/helloworld.py for tasks to queue
[2021-05-09 06:09:10,022] {logging_mixin.py:104} INFO - [2021-05-09 06:09:10,022] {dagbag.py:451} INFO - Filling up the DagBag from /opt/airflow/dags/helloworld.py
[2021-05-09 06:09:10,066] {scheduler_job.py:639} INFO - DAG(s) dict_keys(['helloworld_dag']) retrieved from /opt/airflow/dags/helloworld.py
[2021-05-09 06:09:10,108] {logging_mixin.py:104} INFO - [2021-05-09 06:09:10,108] {dag.py:1824} INFO - Sync 1 DAGs
[2021-05-09 06:09:10,146] {logging_mixin.py:104} INFO - [2021-05-09 06:09:10,146] {dag.py:2280} INFO - Setting next_dagrun for helloworld_dag to 2021-05-09 00:00:00+00:00
[2021-05-09 06:09:10,166] {scheduler_job.py:190} INFO - Processing /opt/airflow/dags/helloworld.py took 0.153 seconds
[2021-05-09 06:09:40,768] {scheduler_job.py:182} INFO - Started process (PID=2125) to work on /opt/airflow/dags/helloworld.py
[2021-05-09 06:09:40,771] {scheduler_job.py:629} INFO - Processing file /opt/airflow/dags/helloworld.py for tasks to queue
[2021-05-09 06:09:40,773] {logging_mixin.py:104} INFO - [2021-05-09 06:09:40,773] {dagbag.py:451} INFO - Filling up the DagBag from /opt/airflow/dags/helloworld.py
[2021-05-09 06:09:40,811] {scheduler_job.py:639} INFO - DAG(s) dict_keys(['helloworld_dag']) retrieved from /opt/airflow/dags/helloworld.py
[2021-05-09 06:09:40,840] {logging_mixin.py:104} INFO - [2021-05-09 06:09:40,840] {dag.py:1824} INFO - Sync 1 DAGs
[2021-05-09 06:09:40,864] {logging_mixin.py:104} INFO - [2021-05-09 06:09:40,864] {dag.py:2280} INFO - Setting next_dagrun for helloworld_dag to 2021-05-09 00:00:00+00:00
[2021-05-09 06:09:40,881] {scheduler_job.py:190} INFO - Processing /opt/airflow/dags/helloworld.py took 0.118 seconds
[2021-05-09 06:10:11,314] {scheduler_job.py:182} INFO - Started process (PID=2152) to work on /opt/airflow/dags/helloworld.py
[2021-05-09 06:10:11,317] {scheduler_job.py:629} INFO - Processing file /opt/airflow/dags/helloworld.py for tasks to queue
[2021-05-09 06:10:11,319] {logging_mixin.py:104} INFO - [2021-05-09 06:10:11,319] {dagbag.py:451} INFO - Filling up the DagBag from /opt/airflow/dags/helloworld.py
[2021-05-09 06:10:11,364] {scheduler_job.py:639} INFO - DAG(s) dict_keys(['helloworld_dag']) retrieved from /opt/airflow/dags/helloworld.py
[2021-05-09 06:10:11,403] {logging_mixin.py:104} INFO - [2021-05-09 06:10:11,403] {dag.py:1824} INFO - Sync 1 DAGs
[2021-05-09 06:10:11,430] {logging_mixin.py:104} INFO - [2021-05-09 06:10:11,430] {dag.py:2280} INFO - Setting next_dagrun for helloworld_dag to 2021-05-09 00:00:00+00:00
[2021-05-09 06:10:11,442] {scheduler_job.py:190} INFO - Processing /opt/airflow/dags/helloworld.py took 0.134 seconds
[2021-05-09 06:10:42,070] {scheduler_job.py:182} INFO - Started process (PID=2179) to work on /opt/airflow/dags/helloworld.py
[2021-05-09 06:10:42,072] {scheduler_job.py:629} INFO - Processing file /opt/airflow/dags/helloworld.py for tasks to queue
[2021-05-09 06:10:42,074] {logging_mixin.py:104} INFO - [2021-05-09 06:10:42,074] {dagbag.py:451} INFO - Filling up the DagBag from /opt/airflow/dags/helloworld.py
[2021-05-09 06:10:42,105] {scheduler_job.py:639} INFO - DAG(s) dict_keys(['helloworld_dag']) retrieved from /opt/airflow/dags/helloworld.py
[2021-05-09 06:10:42,141] {logging_mixin.py:104} INFO - [2021-05-09 06:10:42,141] {dag.py:1824} INFO - Sync 1 DAGs
[2021-05-09 06:10:42,170] {logging_mixin.py:104} INFO - [2021-05-09 06:10:42,170] {dag.py:2280} INFO - Setting next_dagrun for helloworld_dag to 2021-05-09 00:00:00+00:00
[2021-05-09 06:10:42,185] {scheduler_job.py:190} INFO - Processing /opt/airflow/dags/helloworld.py took 0.120 seconds
[2021-05-09 06:11:12,661] {scheduler_job.py:182} INFO - Started process (PID=2206) to work on /opt/airflow/dags/helloworld.py
[2021-05-09 06:11:12,664] {scheduler_job.py:629} INFO - Processing file /opt/airflow/dags/helloworld.py for tasks to queue
[2021-05-09 06:11:12,666] {logging_mixin.py:104} INFO - [2021-05-09 06:11:12,666] {dagbag.py:451} INFO - Filling up the DagBag from /opt/airflow/dags/helloworld.py
[2021-05-09 06:11:12,699] {scheduler_job.py:639} INFO - DAG(s) dict_keys(['helloworld_dag']) retrieved from /opt/airflow/dags/helloworld.py
[2021-05-09 06:11:12,729] {logging_mixin.py:104} INFO - [2021-05-09 06:11:12,729] {dag.py:1824} INFO - Sync 1 DAGs
[2021-05-09 06:11:12,755] {logging_mixin.py:104} INFO - [2021-05-09 06:11:12,755] {dag.py:2280} INFO - Setting next_dagrun for helloworld_dag to 2021-05-09 00:00:00+00:00
[2021-05-09 06:11:12,767] {scheduler_job.py:190} INFO - Processing /opt/airflow/dags/helloworld.py took 0.110 seconds
[2021-05-09 06:11:43,277] {scheduler_job.py:182} INFO - Started process (PID=2233) to work on /opt/airflow/dags/helloworld.py
[2021-05-09 06:11:43,280] {scheduler_job.py:629} INFO - Processing file /opt/airflow/dags/helloworld.py for tasks to queue
[2021-05-09 06:11:43,281] {logging_mixin.py:104} INFO - [2021-05-09 06:11:43,281] {dagbag.py:451} INFO - Filling up the DagBag from /opt/airflow/dags/helloworld.py
[2021-05-09 06:11:43,325] {scheduler_job.py:639} INFO - DAG(s) dict_keys(['helloworld_dag']) retrieved from /opt/airflow/dags/helloworld.py
[2021-05-09 06:11:43,371] {logging_mixin.py:104} INFO - [2021-05-09 06:11:43,371] {dag.py:1824} INFO - Sync 1 DAGs
[2021-05-09 06:11:43,404] {logging_mixin.py:104} INFO - [2021-05-09 06:11:43,403] {dag.py:2280} INFO - Setting next_dagrun for helloworld_dag to 2021-05-09 00:00:00+00:00
[2021-05-09 06:11:43,419] {scheduler_job.py:190} INFO - Processing /opt/airflow/dags/helloworld.py took 0.147 seconds
[2021-05-09 06:12:14,120] {scheduler_job.py:182} INFO - Started process (PID=2260) to work on /opt/airflow/dags/helloworld.py
[2021-05-09 06:12:14,122] {scheduler_job.py:629} INFO - Processing file /opt/airflow/dags/helloworld.py for tasks to queue
[2021-05-09 06:12:14,123] {logging_mixin.py:104} INFO - [2021-05-09 06:12:14,123] {dagbag.py:451} INFO - Filling up the DagBag from /opt/airflow/dags/helloworld.py
[2021-05-09 06:12:14,157] {scheduler_job.py:639} INFO - DAG(s) dict_keys(['helloworld_dag']) retrieved from /opt/airflow/dags/helloworld.py
[2021-05-09 06:12:14,199] {logging_mixin.py:104} INFO - [2021-05-09 06:12:14,199] {dag.py:1824} INFO - Sync 1 DAGs
[2021-05-09 06:12:14,224] {logging_mixin.py:104} INFO - [2021-05-09 06:12:14,224] {dag.py:2280} INFO - Setting next_dagrun for helloworld_dag to 2021-05-09 00:00:00+00:00
[2021-05-09 06:12:14,243] {scheduler_job.py:190} INFO - Processing /opt/airflow/dags/helloworld.py took 0.128 seconds
[2021-05-09 06:12:44,685] {scheduler_job.py:182} INFO - Started process (PID=2287) to work on /opt/airflow/dags/helloworld.py
[2021-05-09 06:12:44,688] {scheduler_job.py:629} INFO - Processing file /opt/airflow/dags/helloworld.py for tasks to queue
[2021-05-09 06:12:44,691] {logging_mixin.py:104} INFO - [2021-05-09 06:12:44,690] {dagbag.py:451} INFO - Filling up the DagBag from /opt/airflow/dags/helloworld.py
[2021-05-09 06:12:44,729] {scheduler_job.py:639} INFO - DAG(s) dict_keys(['helloworld_dag']) retrieved from /opt/airflow/dags/helloworld.py
[2021-05-09 06:12:44,766] {logging_mixin.py:104} INFO - [2021-05-09 06:12:44,766] {dag.py:1824} INFO - Sync 1 DAGs
[2021-05-09 06:12:44,793] {logging_mixin.py:104} INFO - [2021-05-09 06:12:44,792] {dag.py:2280} INFO - Setting next_dagrun for helloworld_dag to 2021-05-09 00:00:00+00:00
[2021-05-09 06:12:44,809] {scheduler_job.py:190} INFO - Processing /opt/airflow/dags/helloworld.py took 0.129 seconds
[2021-05-09 06:13:15,364] {scheduler_job.py:182} INFO - Started process (PID=2314) to work on /opt/airflow/dags/helloworld.py
[2021-05-09 06:13:15,368] {scheduler_job.py:629} INFO - Processing file /opt/airflow/dags/helloworld.py for tasks to queue
[2021-05-09 06:13:15,369] {logging_mixin.py:104} INFO - [2021-05-09 06:13:15,369] {dagbag.py:451} INFO - Filling up the DagBag from /opt/airflow/dags/helloworld.py
[2021-05-09 06:13:15,397] {scheduler_job.py:639} INFO - DAG(s) dict_keys(['helloworld_dag']) retrieved from /opt/airflow/dags/helloworld.py
[2021-05-09 06:13:15,425] {logging_mixin.py:104} INFO - [2021-05-09 06:13:15,425] {dag.py:1824} INFO - Sync 1 DAGs
[2021-05-09 06:13:15,447] {logging_mixin.py:104} INFO - [2021-05-09 06:13:15,447] {dag.py:2280} INFO - Setting next_dagrun for helloworld_dag to 2021-05-09 00:00:00+00:00
[2021-05-09 06:13:15,460] {scheduler_job.py:190} INFO - Processing /opt/airflow/dags/helloworld.py took 0.101 seconds
