[2021-05-09 05:29:58,326] {taskinstance.py:877} INFO - Dependencies all met for <TaskInstance: helloworld_dag.t3 2021-05-08T00:00:00+00:00 [queued]>
[2021-05-09 05:29:58,346] {taskinstance.py:877} INFO - Dependencies all met for <TaskInstance: helloworld_dag.t3 2021-05-08T00:00:00+00:00 [queued]>
[2021-05-09 05:29:58,347] {taskinstance.py:1068} INFO - 
--------------------------------------------------------------------------------
[2021-05-09 05:29:58,349] {taskinstance.py:1069} INFO - Starting attempt 1 of 1
[2021-05-09 05:29:58,351] {taskinstance.py:1070} INFO - 
--------------------------------------------------------------------------------
[2021-05-09 05:29:58,372] {taskinstance.py:1089} INFO - Executing <Task(BashOperator): t3> on 2021-05-08T00:00:00+00:00
[2021-05-09 05:29:58,378] {standard_task_runner.py:52} INFO - Started process 60 to run task
[2021-05-09 05:29:58,386] {standard_task_runner.py:76} INFO - Running: ['airflow', 'tasks', 'run', 'helloworld_dag', 't3', '2021-05-08T00:00:00+00:00', '--job-id', '121', '--pool', 'default_pool', '--raw', '--subdir', 'DAGS_FOLDER/helloworld.py', '--cfg-path', '/tmp/tmp8uzpiuck', '--error-file', '/tmp/tmpcez8dgkt']
[2021-05-09 05:29:58,388] {standard_task_runner.py:77} INFO - Job 121: Subtask t3
[2021-05-09 05:29:58,480] {logging_mixin.py:104} INFO - Running <TaskInstance: helloworld_dag.t3 2021-05-08T00:00:00+00:00 [running]> on host 2900f64db589
[2021-05-09 05:29:58,551] {taskinstance.py:1283} INFO - Exporting the following env vars:
AIRFLOW_CTX_DAG_OWNER=airflow
AIRFLOW_CTX_DAG_ID=helloworld_dag
AIRFLOW_CTX_TASK_ID=t3
AIRFLOW_CTX_EXECUTION_DATE=2021-05-08T00:00:00+00:00
AIRFLOW_CTX_DAG_RUN_ID=scheduled__2021-05-08T00:00:00+00:00
[2021-05-09 05:29:58,552] {bash.py:135} INFO - Tmp dir root location: 
 /tmp
[2021-05-09 05:29:58,554] {bash.py:158} INFO - Running command: echo t3
[2021-05-09 05:29:58,566] {bash.py:169} INFO - Output:
[2021-05-09 05:29:58,568] {bash.py:173} INFO - t3
[2021-05-09 05:29:58,569] {bash.py:177} INFO - Command exited with return code 0
[2021-05-09 05:29:58,605] {taskinstance.py:1192} INFO - Marking task as SUCCESS. dag_id=helloworld_dag, task_id=t3, execution_date=20210508T000000, start_date=20210509T052958, end_date=20210509T052958
[2021-05-09 05:29:58,662] {taskinstance.py:1246} INFO - 1 downstream tasks scheduled from follow-on schedule check
[2021-05-09 05:29:58,685] {local_task_job.py:146} INFO - Task exited with return code 0
