[2021-05-07 04:56:17,796] {scheduler_job.py:182} INFO - Started process (PID=48) to work on /opt/airflow/dags/helloworld.py
[2021-05-07 04:56:17,801] {scheduler_job.py:629} INFO - Processing file /opt/airflow/dags/helloworld.py for tasks to queue
[2021-05-07 04:56:17,808] {logging_mixin.py:104} INFO - [2021-05-07 04:56:17,807] {dagbag.py:451} INFO - Filling up the DagBag from /opt/airflow/dags/helloworld.py
[2021-05-07 04:56:17,851] {scheduler_job.py:639} INFO - DAG(s) dict_keys(['helloworld_dag']) retrieved from /opt/airflow/dags/helloworld.py
[2021-05-07 04:56:17,918] {logging_mixin.py:104} INFO - [2021-05-07 04:56:17,918] {dag.py:1824} INFO - Sync 1 DAGs
[2021-05-07 04:56:17,980] {logging_mixin.py:104} INFO - [2021-05-07 04:56:17,980] {dag.py:2280} INFO - Setting next_dagrun for helloworld_dag to 2021-05-06 00:00:00+00:00
[2021-05-07 04:56:18,008] {scheduler_job.py:190} INFO - Processing /opt/airflow/dags/helloworld.py took 0.230 seconds
[2021-05-07 04:56:48,076] {scheduler_job.py:182} INFO - Started process (PID=70) to work on /opt/airflow/dags/helloworld.py
[2021-05-07 04:56:48,078] {scheduler_job.py:629} INFO - Processing file /opt/airflow/dags/helloworld.py for tasks to queue
[2021-05-07 04:56:48,080] {logging_mixin.py:104} INFO - [2021-05-07 04:56:48,080] {dagbag.py:451} INFO - Filling up the DagBag from /opt/airflow/dags/helloworld.py
[2021-05-07 04:56:48,107] {scheduler_job.py:639} INFO - DAG(s) dict_keys(['helloworld_dag']) retrieved from /opt/airflow/dags/helloworld.py
[2021-05-07 04:56:48,150] {logging_mixin.py:104} INFO - [2021-05-07 04:56:48,150] {dag.py:1824} INFO - Sync 1 DAGs
[2021-05-07 04:56:48,182] {logging_mixin.py:104} INFO - [2021-05-07 04:56:48,182] {dag.py:2280} INFO - Setting next_dagrun for helloworld_dag to 2021-05-06 00:00:00+00:00
[2021-05-07 04:56:48,197] {scheduler_job.py:190} INFO - Processing /opt/airflow/dags/helloworld.py took 0.126 seconds
[2021-05-07 04:57:18,259] {scheduler_job.py:182} INFO - Started process (PID=98) to work on /opt/airflow/dags/helloworld.py
[2021-05-07 04:57:18,261] {scheduler_job.py:629} INFO - Processing file /opt/airflow/dags/helloworld.py for tasks to queue
[2021-05-07 04:57:18,263] {logging_mixin.py:104} INFO - [2021-05-07 04:57:18,262] {dagbag.py:451} INFO - Filling up the DagBag from /opt/airflow/dags/helloworld.py
[2021-05-07 04:57:18,283] {scheduler_job.py:639} INFO - DAG(s) dict_keys(['helloworld_dag']) retrieved from /opt/airflow/dags/helloworld.py
[2021-05-07 04:57:18,310] {logging_mixin.py:104} INFO - [2021-05-07 04:57:18,310] {dag.py:1824} INFO - Sync 1 DAGs
[2021-05-07 04:57:18,336] {logging_mixin.py:104} INFO - [2021-05-07 04:57:18,336] {dag.py:2280} INFO - Setting next_dagrun for helloworld_dag to 2021-05-06 00:00:00+00:00
[2021-05-07 04:57:18,348] {scheduler_job.py:190} INFO - Processing /opt/airflow/dags/helloworld.py took 0.093 seconds
[2021-05-07 04:57:48,536] {scheduler_job.py:182} INFO - Started process (PID=115) to work on /opt/airflow/dags/helloworld.py
[2021-05-07 04:57:48,539] {scheduler_job.py:629} INFO - Processing file /opt/airflow/dags/helloworld.py for tasks to queue
[2021-05-07 04:57:48,541] {logging_mixin.py:104} INFO - [2021-05-07 04:57:48,541] {dagbag.py:451} INFO - Filling up the DagBag from /opt/airflow/dags/helloworld.py
[2021-05-07 04:57:48,562] {scheduler_job.py:639} INFO - DAG(s) dict_keys(['helloworld_dag']) retrieved from /opt/airflow/dags/helloworld.py
[2021-05-07 04:57:48,596] {logging_mixin.py:104} INFO - [2021-05-07 04:57:48,596] {dag.py:1824} INFO - Sync 1 DAGs
[2021-05-07 04:57:48,621] {logging_mixin.py:104} INFO - [2021-05-07 04:57:48,621] {dag.py:2280} INFO - Setting next_dagrun for helloworld_dag to 2021-05-07 00:00:00+00:00
[2021-05-07 04:57:48,634] {scheduler_job.py:190} INFO - Processing /opt/airflow/dags/helloworld.py took 0.104 seconds
[2021-05-07 04:58:19,506] {scheduler_job.py:182} INFO - Started process (PID=142) to work on /opt/airflow/dags/helloworld.py
[2021-05-07 04:58:19,509] {scheduler_job.py:629} INFO - Processing file /opt/airflow/dags/helloworld.py for tasks to queue
[2021-05-07 04:58:19,511] {logging_mixin.py:104} INFO - [2021-05-07 04:58:19,511] {dagbag.py:451} INFO - Filling up the DagBag from /opt/airflow/dags/helloworld.py
[2021-05-07 04:58:19,532] {scheduler_job.py:639} INFO - DAG(s) dict_keys(['helloworld_dag']) retrieved from /opt/airflow/dags/helloworld.py
[2021-05-07 04:58:19,561] {logging_mixin.py:104} INFO - [2021-05-07 04:58:19,561] {dag.py:1824} INFO - Sync 1 DAGs
[2021-05-07 04:58:19,585] {logging_mixin.py:104} INFO - [2021-05-07 04:58:19,584] {dag.py:2280} INFO - Setting next_dagrun for helloworld_dag to 2021-05-07 00:00:00+00:00
[2021-05-07 04:58:19,597] {scheduler_job.py:190} INFO - Processing /opt/airflow/dags/helloworld.py took 0.095 seconds
[2021-05-07 04:58:50,441] {scheduler_job.py:182} INFO - Started process (PID=169) to work on /opt/airflow/dags/helloworld.py
[2021-05-07 04:58:50,445] {scheduler_job.py:629} INFO - Processing file /opt/airflow/dags/helloworld.py for tasks to queue
[2021-05-07 04:58:50,447] {logging_mixin.py:104} INFO - [2021-05-07 04:58:50,447] {dagbag.py:451} INFO - Filling up the DagBag from /opt/airflow/dags/helloworld.py
[2021-05-07 04:58:50,471] {scheduler_job.py:639} INFO - DAG(s) dict_keys(['helloworld_dag']) retrieved from /opt/airflow/dags/helloworld.py
[2021-05-07 04:58:50,497] {logging_mixin.py:104} INFO - [2021-05-07 04:58:50,497] {dag.py:1824} INFO - Sync 1 DAGs
[2021-05-07 04:58:50,522] {logging_mixin.py:104} INFO - [2021-05-07 04:58:50,522] {dag.py:2280} INFO - Setting next_dagrun for helloworld_dag to 2021-05-07 00:00:00+00:00
[2021-05-07 04:58:50,537] {scheduler_job.py:190} INFO - Processing /opt/airflow/dags/helloworld.py took 0.099 seconds
[2021-05-07 04:59:21,222] {scheduler_job.py:182} INFO - Started process (PID=196) to work on /opt/airflow/dags/helloworld.py
[2021-05-07 04:59:21,224] {scheduler_job.py:629} INFO - Processing file /opt/airflow/dags/helloworld.py for tasks to queue
[2021-05-07 04:59:21,225] {logging_mixin.py:104} INFO - [2021-05-07 04:59:21,225] {dagbag.py:451} INFO - Filling up the DagBag from /opt/airflow/dags/helloworld.py
[2021-05-07 04:59:21,248] {scheduler_job.py:639} INFO - DAG(s) dict_keys(['helloworld_dag']) retrieved from /opt/airflow/dags/helloworld.py
[2021-05-07 04:59:21,280] {logging_mixin.py:104} INFO - [2021-05-07 04:59:21,280] {dag.py:1824} INFO - Sync 1 DAGs
[2021-05-07 04:59:21,304] {logging_mixin.py:104} INFO - [2021-05-07 04:59:21,304] {dag.py:2280} INFO - Setting next_dagrun for helloworld_dag to 2021-05-07 00:00:00+00:00
[2021-05-07 04:59:21,320] {scheduler_job.py:190} INFO - Processing /opt/airflow/dags/helloworld.py took 0.103 seconds
[2021-05-07 04:59:52,029] {scheduler_job.py:182} INFO - Started process (PID=223) to work on /opt/airflow/dags/helloworld.py
[2021-05-07 04:59:52,034] {scheduler_job.py:629} INFO - Processing file /opt/airflow/dags/helloworld.py for tasks to queue
[2021-05-07 04:59:52,036] {logging_mixin.py:104} INFO - [2021-05-07 04:59:52,036] {dagbag.py:451} INFO - Filling up the DagBag from /opt/airflow/dags/helloworld.py
[2021-05-07 04:59:52,060] {scheduler_job.py:639} INFO - DAG(s) dict_keys(['helloworld_dag']) retrieved from /opt/airflow/dags/helloworld.py
[2021-05-07 04:59:52,095] {logging_mixin.py:104} INFO - [2021-05-07 04:59:52,095] {dag.py:1824} INFO - Sync 1 DAGs
[2021-05-07 04:59:52,121] {logging_mixin.py:104} INFO - [2021-05-07 04:59:52,121] {dag.py:2280} INFO - Setting next_dagrun for helloworld_dag to 2021-05-07 00:00:00+00:00
[2021-05-07 04:59:52,135] {scheduler_job.py:190} INFO - Processing /opt/airflow/dags/helloworld.py took 0.111 seconds
[2021-05-07 05:00:22,902] {scheduler_job.py:182} INFO - Started process (PID=250) to work on /opt/airflow/dags/helloworld.py
[2021-05-07 05:00:22,907] {scheduler_job.py:629} INFO - Processing file /opt/airflow/dags/helloworld.py for tasks to queue
[2021-05-07 05:00:22,909] {logging_mixin.py:104} INFO - [2021-05-07 05:00:22,909] {dagbag.py:451} INFO - Filling up the DagBag from /opt/airflow/dags/helloworld.py
[2021-05-07 05:00:22,937] {scheduler_job.py:639} INFO - DAG(s) dict_keys(['helloworld_dag']) retrieved from /opt/airflow/dags/helloworld.py
[2021-05-07 05:00:22,990] {logging_mixin.py:104} INFO - [2021-05-07 05:00:22,990] {dag.py:1824} INFO - Sync 1 DAGs
[2021-05-07 05:00:23,051] {logging_mixin.py:104} INFO - [2021-05-07 05:00:23,051] {dag.py:2280} INFO - Setting next_dagrun for helloworld_dag to 2021-05-07 00:00:00+00:00
[2021-05-07 05:00:23,079] {scheduler_job.py:190} INFO - Processing /opt/airflow/dags/helloworld.py took 0.185 seconds
[2021-05-07 05:00:53,839] {scheduler_job.py:182} INFO - Started process (PID=277) to work on /opt/airflow/dags/helloworld.py
[2021-05-07 05:00:53,842] {scheduler_job.py:629} INFO - Processing file /opt/airflow/dags/helloworld.py for tasks to queue
[2021-05-07 05:00:53,844] {logging_mixin.py:104} INFO - [2021-05-07 05:00:53,843] {dagbag.py:451} INFO - Filling up the DagBag from /opt/airflow/dags/helloworld.py
[2021-05-07 05:00:53,870] {scheduler_job.py:639} INFO - DAG(s) dict_keys(['helloworld_dag']) retrieved from /opt/airflow/dags/helloworld.py
[2021-05-07 05:00:53,904] {logging_mixin.py:104} INFO - [2021-05-07 05:00:53,904] {dag.py:1824} INFO - Sync 1 DAGs
[2021-05-07 05:00:53,944] {logging_mixin.py:104} INFO - [2021-05-07 05:00:53,944] {dag.py:2280} INFO - Setting next_dagrun for helloworld_dag to 2021-05-07 00:00:00+00:00
[2021-05-07 05:00:53,965] {scheduler_job.py:190} INFO - Processing /opt/airflow/dags/helloworld.py took 0.131 seconds
[2021-05-07 05:01:24,855] {scheduler_job.py:182} INFO - Started process (PID=304) to work on /opt/airflow/dags/helloworld.py
[2021-05-07 05:01:24,863] {scheduler_job.py:629} INFO - Processing file /opt/airflow/dags/helloworld.py for tasks to queue
[2021-05-07 05:01:24,868] {logging_mixin.py:104} INFO - [2021-05-07 05:01:24,867] {dagbag.py:451} INFO - Filling up the DagBag from /opt/airflow/dags/helloworld.py
[2021-05-07 05:01:24,932] {scheduler_job.py:639} INFO - DAG(s) dict_keys(['helloworld_dag']) retrieved from /opt/airflow/dags/helloworld.py
[2021-05-07 05:01:25,001] {logging_mixin.py:104} INFO - [2021-05-07 05:01:25,001] {dag.py:1824} INFO - Sync 1 DAGs
[2021-05-07 05:01:25,054] {logging_mixin.py:104} INFO - [2021-05-07 05:01:25,053] {dag.py:2280} INFO - Setting next_dagrun for helloworld_dag to 2021-05-07 00:00:00+00:00
[2021-05-07 05:01:25,095] {scheduler_job.py:190} INFO - Processing /opt/airflow/dags/helloworld.py took 0.251 seconds
[2021-05-07 05:01:55,165] {scheduler_job.py:182} INFO - Started process (PID=331) to work on /opt/airflow/dags/helloworld.py
[2021-05-07 05:01:55,171] {scheduler_job.py:629} INFO - Processing file /opt/airflow/dags/helloworld.py for tasks to queue
[2021-05-07 05:01:55,174] {logging_mixin.py:104} INFO - [2021-05-07 05:01:55,173] {dagbag.py:451} INFO - Filling up the DagBag from /opt/airflow/dags/helloworld.py
[2021-05-07 05:01:55,261] {scheduler_job.py:639} INFO - DAG(s) dict_keys(['helloworld_dag']) retrieved from /opt/airflow/dags/helloworld.py
[2021-05-07 05:01:55,351] {logging_mixin.py:104} INFO - [2021-05-07 05:01:55,350] {dag.py:1824} INFO - Sync 1 DAGs
[2021-05-07 05:01:55,415] {logging_mixin.py:104} INFO - [2021-05-07 05:01:55,414] {dag.py:2280} INFO - Setting next_dagrun for helloworld_dag to 2021-05-07 00:00:00+00:00
[2021-05-07 05:01:55,463] {scheduler_job.py:190} INFO - Processing /opt/airflow/dags/helloworld.py took 0.307 seconds
[2021-05-07 05:02:26,970] {scheduler_job.py:182} INFO - Started process (PID=359) to work on /opt/airflow/dags/helloworld.py
[2021-05-07 05:02:26,984] {scheduler_job.py:629} INFO - Processing file /opt/airflow/dags/helloworld.py for tasks to queue
[2021-05-07 05:02:26,997] {logging_mixin.py:104} INFO - [2021-05-07 05:02:26,995] {dagbag.py:451} INFO - Filling up the DagBag from /opt/airflow/dags/helloworld.py
[2021-05-07 05:02:27,284] {scheduler_job.py:639} INFO - DAG(s) dict_keys(['helloworld_dag']) retrieved from /opt/airflow/dags/helloworld.py
[2021-05-07 05:02:27,418] {logging_mixin.py:104} INFO - [2021-05-07 05:02:27,417] {dag.py:1824} INFO - Sync 1 DAGs
[2021-05-07 05:02:27,544] {logging_mixin.py:104} INFO - [2021-05-07 05:02:27,543] {dag.py:2280} INFO - Setting next_dagrun for helloworld_dag to 2021-05-07 00:00:00+00:00
[2021-05-07 05:02:27,615] {scheduler_job.py:190} INFO - Processing /opt/airflow/dags/helloworld.py took 0.682 seconds
[2021-05-07 05:02:58,743] {scheduler_job.py:182} INFO - Started process (PID=386) to work on /opt/airflow/dags/helloworld.py
[2021-05-07 05:02:58,777] {scheduler_job.py:629} INFO - Processing file /opt/airflow/dags/helloworld.py for tasks to queue
[2021-05-07 05:02:58,807] {logging_mixin.py:104} INFO - [2021-05-07 05:02:58,806] {dagbag.py:451} INFO - Filling up the DagBag from /opt/airflow/dags/helloworld.py
[2021-05-07 05:02:59,081] {scheduler_job.py:639} INFO - DAG(s) dict_keys(['helloworld_dag']) retrieved from /opt/airflow/dags/helloworld.py
[2021-05-07 05:02:59,374] {logging_mixin.py:104} INFO - [2021-05-07 05:02:59,373] {dag.py:1824} INFO - Sync 1 DAGs
[2021-05-07 05:02:59,648] {logging_mixin.py:104} INFO - [2021-05-07 05:02:59,647] {dag.py:2280} INFO - Setting next_dagrun for helloworld_dag to 2021-05-07 00:00:00+00:00
[2021-05-07 05:02:59,750] {scheduler_job.py:190} INFO - Processing /opt/airflow/dags/helloworld.py took 1.112 seconds
[2021-05-07 05:03:30,084] {scheduler_job.py:182} INFO - Started process (PID=413) to work on /opt/airflow/dags/helloworld.py
[2021-05-07 05:03:30,100] {scheduler_job.py:629} INFO - Processing file /opt/airflow/dags/helloworld.py for tasks to queue
[2021-05-07 05:03:30,112] {logging_mixin.py:104} INFO - [2021-05-07 05:03:30,110] {dagbag.py:451} INFO - Filling up the DagBag from /opt/airflow/dags/helloworld.py
[2021-05-07 05:03:30,303] {scheduler_job.py:639} INFO - DAG(s) dict_keys(['helloworld_dag']) retrieved from /opt/airflow/dags/helloworld.py
[2021-05-07 05:03:30,530] {logging_mixin.py:104} INFO - [2021-05-07 05:03:30,529] {dag.py:1824} INFO - Sync 1 DAGs
[2021-05-07 05:03:30,743] {logging_mixin.py:104} INFO - [2021-05-07 05:03:30,741] {dag.py:2280} INFO - Setting next_dagrun for helloworld_dag to 2021-05-07 00:00:00+00:00
[2021-05-07 05:03:30,851] {scheduler_job.py:190} INFO - Processing /opt/airflow/dags/helloworld.py took 0.791 seconds
[2021-05-07 05:04:01,070] {scheduler_job.py:182} INFO - Started process (PID=440) to work on /opt/airflow/dags/helloworld.py
[2021-05-07 05:04:01,078] {scheduler_job.py:629} INFO - Processing file /opt/airflow/dags/helloworld.py for tasks to queue
[2021-05-07 05:04:01,085] {logging_mixin.py:104} INFO - [2021-05-07 05:04:01,085] {dagbag.py:451} INFO - Filling up the DagBag from /opt/airflow/dags/helloworld.py
[2021-05-07 05:04:01,220] {scheduler_job.py:639} INFO - DAG(s) dict_keys(['helloworld_dag']) retrieved from /opt/airflow/dags/helloworld.py
[2021-05-07 05:04:01,337] {logging_mixin.py:104} INFO - [2021-05-07 05:04:01,336] {dag.py:1824} INFO - Sync 1 DAGs
[2021-05-07 05:04:01,429] {logging_mixin.py:104} INFO - [2021-05-07 05:04:01,428] {dag.py:2280} INFO - Setting next_dagrun for helloworld_dag to 2021-05-07 00:00:00+00:00
[2021-05-07 05:04:01,488] {scheduler_job.py:190} INFO - Processing /opt/airflow/dags/helloworld.py took 0.438 seconds
[2021-05-07 05:04:31,936] {scheduler_job.py:182} INFO - Started process (PID=471) to work on /opt/airflow/dags/helloworld.py
[2021-05-07 05:04:31,953] {scheduler_job.py:629} INFO - Processing file /opt/airflow/dags/helloworld.py for tasks to queue
[2021-05-07 05:04:31,963] {logging_mixin.py:104} INFO - [2021-05-07 05:04:31,962] {dagbag.py:451} INFO - Filling up the DagBag from /opt/airflow/dags/helloworld.py
[2021-05-07 05:04:32,197] {scheduler_job.py:639} INFO - DAG(s) dict_keys(['helloworld_dag']) retrieved from /opt/airflow/dags/helloworld.py
[2021-05-07 05:04:32,461] {logging_mixin.py:104} INFO - [2021-05-07 05:04:32,460] {dag.py:1824} INFO - Sync 1 DAGs
[2021-05-07 05:04:33,093] {logging_mixin.py:104} INFO - [2021-05-07 05:04:33,092] {dag.py:2280} INFO - Setting next_dagrun for helloworld_dag to 2021-05-07 00:00:00+00:00
[2021-05-07 05:04:33,221] {scheduler_job.py:190} INFO - Processing /opt/airflow/dags/helloworld.py took 1.354 seconds
[2021-05-07 05:05:03,784] {scheduler_job.py:182} INFO - Started process (PID=498) to work on /opt/airflow/dags/helloworld.py
[2021-05-07 05:05:03,804] {scheduler_job.py:629} INFO - Processing file /opt/airflow/dags/helloworld.py for tasks to queue
[2021-05-07 05:05:03,811] {logging_mixin.py:104} INFO - [2021-05-07 05:05:03,810] {dagbag.py:451} INFO - Filling up the DagBag from /opt/airflow/dags/helloworld.py
[2021-05-07 05:05:04,096] {scheduler_job.py:639} INFO - DAG(s) dict_keys(['helloworld_dag']) retrieved from /opt/airflow/dags/helloworld.py
[2021-05-07 05:05:04,437] {logging_mixin.py:104} INFO - [2021-05-07 05:05:04,436] {dag.py:1824} INFO - Sync 1 DAGs
[2021-05-07 05:05:04,697] {logging_mixin.py:104} INFO - [2021-05-07 05:05:04,697] {dag.py:2280} INFO - Setting next_dagrun for helloworld_dag to 2021-05-07 00:00:00+00:00
[2021-05-07 05:05:04,846] {scheduler_job.py:190} INFO - Processing /opt/airflow/dags/helloworld.py took 1.082 seconds
[2021-05-07 05:05:35,561] {scheduler_job.py:182} INFO - Started process (PID=525) to work on /opt/airflow/dags/helloworld.py
[2021-05-07 05:05:35,568] {scheduler_job.py:629} INFO - Processing file /opt/airflow/dags/helloworld.py for tasks to queue
[2021-05-07 05:05:35,572] {logging_mixin.py:104} INFO - [2021-05-07 05:05:35,572] {dagbag.py:451} INFO - Filling up the DagBag from /opt/airflow/dags/helloworld.py
[2021-05-07 05:05:35,640] {scheduler_job.py:639} INFO - DAG(s) dict_keys(['helloworld_dag']) retrieved from /opt/airflow/dags/helloworld.py
[2021-05-07 05:05:35,721] {logging_mixin.py:104} INFO - [2021-05-07 05:05:35,721] {dag.py:1824} INFO - Sync 1 DAGs
[2021-05-07 05:05:35,782] {logging_mixin.py:104} INFO - [2021-05-07 05:05:35,782] {dag.py:2280} INFO - Setting next_dagrun for helloworld_dag to 2021-05-07 00:00:00+00:00
[2021-05-07 05:05:35,823] {scheduler_job.py:190} INFO - Processing /opt/airflow/dags/helloworld.py took 0.276 seconds
[2021-05-07 05:06:05,986] {scheduler_job.py:182} INFO - Started process (PID=552) to work on /opt/airflow/dags/helloworld.py
[2021-05-07 05:06:05,990] {scheduler_job.py:629} INFO - Processing file /opt/airflow/dags/helloworld.py for tasks to queue
[2021-05-07 05:06:05,992] {logging_mixin.py:104} INFO - [2021-05-07 05:06:05,992] {dagbag.py:451} INFO - Filling up the DagBag from /opt/airflow/dags/helloworld.py
[2021-05-07 05:06:06,026] {scheduler_job.py:639} INFO - DAG(s) dict_keys(['helloworld_dag']) retrieved from /opt/airflow/dags/helloworld.py
[2021-05-07 05:06:06,069] {logging_mixin.py:104} INFO - [2021-05-07 05:06:06,068] {dag.py:1824} INFO - Sync 1 DAGs
[2021-05-07 05:06:06,102] {logging_mixin.py:104} INFO - [2021-05-07 05:06:06,102] {dag.py:2280} INFO - Setting next_dagrun for helloworld_dag to 2021-05-07 00:00:00+00:00
[2021-05-07 05:06:06,119] {scheduler_job.py:190} INFO - Processing /opt/airflow/dags/helloworld.py took 0.139 seconds
[2021-05-07 05:06:36,663] {scheduler_job.py:182} INFO - Started process (PID=579) to work on /opt/airflow/dags/helloworld.py
[2021-05-07 05:06:36,665] {scheduler_job.py:629} INFO - Processing file /opt/airflow/dags/helloworld.py for tasks to queue
[2021-05-07 05:06:36,667] {logging_mixin.py:104} INFO - [2021-05-07 05:06:36,667] {dagbag.py:451} INFO - Filling up the DagBag from /opt/airflow/dags/helloworld.py
[2021-05-07 05:06:36,691] {scheduler_job.py:639} INFO - DAG(s) dict_keys(['helloworld_dag']) retrieved from /opt/airflow/dags/helloworld.py
[2021-05-07 05:06:36,723] {logging_mixin.py:104} INFO - [2021-05-07 05:06:36,723] {dag.py:1824} INFO - Sync 1 DAGs
[2021-05-07 05:06:36,750] {logging_mixin.py:104} INFO - [2021-05-07 05:06:36,750] {dag.py:2280} INFO - Setting next_dagrun for helloworld_dag to 2021-05-07 00:00:00+00:00
[2021-05-07 05:06:36,764] {scheduler_job.py:190} INFO - Processing /opt/airflow/dags/helloworld.py took 0.106 seconds
[2021-05-07 05:07:06,898] {scheduler_job.py:182} INFO - Started process (PID=606) to work on /opt/airflow/dags/helloworld.py
[2021-05-07 05:07:06,901] {scheduler_job.py:629} INFO - Processing file /opt/airflow/dags/helloworld.py for tasks to queue
[2021-05-07 05:07:06,904] {logging_mixin.py:104} INFO - [2021-05-07 05:07:06,904] {dagbag.py:451} INFO - Filling up the DagBag from /opt/airflow/dags/helloworld.py
[2021-05-07 05:07:06,933] {scheduler_job.py:639} INFO - DAG(s) dict_keys(['helloworld_dag']) retrieved from /opt/airflow/dags/helloworld.py
[2021-05-07 05:07:06,974] {logging_mixin.py:104} INFO - [2021-05-07 05:07:06,974] {dag.py:1824} INFO - Sync 1 DAGs
[2021-05-07 05:07:07,013] {logging_mixin.py:104} INFO - [2021-05-07 05:07:07,013] {dag.py:2280} INFO - Setting next_dagrun for helloworld_dag to 2021-05-07 00:00:00+00:00
[2021-05-07 05:07:07,029] {scheduler_job.py:190} INFO - Processing /opt/airflow/dags/helloworld.py took 0.137 seconds
[2021-05-07 05:07:37,192] {scheduler_job.py:182} INFO - Started process (PID=633) to work on /opt/airflow/dags/helloworld.py
[2021-05-07 05:07:37,195] {scheduler_job.py:629} INFO - Processing file /opt/airflow/dags/helloworld.py for tasks to queue
[2021-05-07 05:07:37,198] {logging_mixin.py:104} INFO - [2021-05-07 05:07:37,198] {dagbag.py:451} INFO - Filling up the DagBag from /opt/airflow/dags/helloworld.py
[2021-05-07 05:07:37,229] {scheduler_job.py:639} INFO - DAG(s) dict_keys(['helloworld_dag']) retrieved from /opt/airflow/dags/helloworld.py
[2021-05-07 05:07:37,276] {logging_mixin.py:104} INFO - [2021-05-07 05:07:37,275] {dag.py:1824} INFO - Sync 1 DAGs
[2021-05-07 05:07:37,311] {logging_mixin.py:104} INFO - [2021-05-07 05:07:37,310] {dag.py:2280} INFO - Setting next_dagrun for helloworld_dag to 2021-05-07 00:00:00+00:00
[2021-05-07 05:07:37,327] {scheduler_job.py:190} INFO - Processing /opt/airflow/dags/helloworld.py took 0.142 seconds
[2021-05-07 05:08:07,710] {scheduler_job.py:182} INFO - Started process (PID=660) to work on /opt/airflow/dags/helloworld.py
[2021-05-07 05:08:07,713] {scheduler_job.py:629} INFO - Processing file /opt/airflow/dags/helloworld.py for tasks to queue
[2021-05-07 05:08:07,716] {logging_mixin.py:104} INFO - [2021-05-07 05:08:07,716] {dagbag.py:451} INFO - Filling up the DagBag from /opt/airflow/dags/helloworld.py
[2021-05-07 05:08:07,756] {scheduler_job.py:639} INFO - DAG(s) dict_keys(['helloworld_dag']) retrieved from /opt/airflow/dags/helloworld.py
[2021-05-07 05:08:07,809] {logging_mixin.py:104} INFO - [2021-05-07 05:08:07,809] {dag.py:1824} INFO - Sync 1 DAGs
[2021-05-07 05:08:07,854] {logging_mixin.py:104} INFO - [2021-05-07 05:08:07,854] {dag.py:2280} INFO - Setting next_dagrun for helloworld_dag to 2021-05-07 00:00:00+00:00
[2021-05-07 05:08:07,876] {scheduler_job.py:190} INFO - Processing /opt/airflow/dags/helloworld.py took 0.173 seconds
[2021-05-07 05:08:38,086] {scheduler_job.py:182} INFO - Started process (PID=687) to work on /opt/airflow/dags/helloworld.py
[2021-05-07 05:08:38,094] {scheduler_job.py:629} INFO - Processing file /opt/airflow/dags/helloworld.py for tasks to queue
[2021-05-07 05:08:38,099] {logging_mixin.py:104} INFO - [2021-05-07 05:08:38,098] {dagbag.py:451} INFO - Filling up the DagBag from /opt/airflow/dags/helloworld.py
[2021-05-07 05:08:38,153] {scheduler_job.py:639} INFO - DAG(s) dict_keys(['helloworld_dag']) retrieved from /opt/airflow/dags/helloworld.py
[2021-05-07 05:08:38,226] {logging_mixin.py:104} INFO - [2021-05-07 05:08:38,226] {dag.py:1824} INFO - Sync 1 DAGs
[2021-05-07 05:08:38,293] {logging_mixin.py:104} INFO - [2021-05-07 05:08:38,292] {dag.py:2280} INFO - Setting next_dagrun for helloworld_dag to 2021-05-07 00:00:00+00:00
[2021-05-07 05:08:38,320] {scheduler_job.py:190} INFO - Processing /opt/airflow/dags/helloworld.py took 0.244 seconds
[2021-05-07 05:09:08,473] {scheduler_job.py:182} INFO - Started process (PID=714) to work on /opt/airflow/dags/helloworld.py
[2021-05-07 05:09:08,482] {scheduler_job.py:629} INFO - Processing file /opt/airflow/dags/helloworld.py for tasks to queue
[2021-05-07 05:09:08,488] {logging_mixin.py:104} INFO - [2021-05-07 05:09:08,488] {dagbag.py:451} INFO - Filling up the DagBag from /opt/airflow/dags/helloworld.py
[2021-05-07 05:09:08,578] {scheduler_job.py:639} INFO - DAG(s) dict_keys(['helloworld_dag']) retrieved from /opt/airflow/dags/helloworld.py
[2021-05-07 05:09:08,699] {logging_mixin.py:104} INFO - [2021-05-07 05:09:08,698] {dag.py:1824} INFO - Sync 1 DAGs
[2021-05-07 05:09:08,787] {logging_mixin.py:104} INFO - [2021-05-07 05:09:08,786] {dag.py:2280} INFO - Setting next_dagrun for helloworld_dag to 2021-05-07 00:00:00+00:00
[2021-05-07 05:09:08,830] {scheduler_job.py:190} INFO - Processing /opt/airflow/dags/helloworld.py took 0.376 seconds
[2021-05-07 05:09:39,276] {scheduler_job.py:182} INFO - Started process (PID=741) to work on /opt/airflow/dags/helloworld.py
[2021-05-07 05:09:39,298] {scheduler_job.py:629} INFO - Processing file /opt/airflow/dags/helloworld.py for tasks to queue
[2021-05-07 05:09:39,309] {logging_mixin.py:104} INFO - [2021-05-07 05:09:39,309] {dagbag.py:451} INFO - Filling up the DagBag from /opt/airflow/dags/helloworld.py
[2021-05-07 05:09:39,458] {scheduler_job.py:639} INFO - DAG(s) dict_keys(['helloworld_dag']) retrieved from /opt/airflow/dags/helloworld.py
[2021-05-07 05:09:39,632] {logging_mixin.py:104} INFO - [2021-05-07 05:09:39,632] {dag.py:1824} INFO - Sync 1 DAGs
[2021-05-07 05:09:39,777] {logging_mixin.py:104} INFO - [2021-05-07 05:09:39,777] {dag.py:2280} INFO - Setting next_dagrun for helloworld_dag to 2021-05-07 00:00:00+00:00
[2021-05-07 05:09:39,934] {scheduler_job.py:190} INFO - Processing /opt/airflow/dags/helloworld.py took 0.683 seconds
[2021-05-07 05:10:10,581] {scheduler_job.py:182} INFO - Started process (PID=768) to work on /opt/airflow/dags/helloworld.py
[2021-05-07 05:10:10,599] {scheduler_job.py:629} INFO - Processing file /opt/airflow/dags/helloworld.py for tasks to queue
[2021-05-07 05:10:10,622] {logging_mixin.py:104} INFO - [2021-05-07 05:10:10,621] {dagbag.py:451} INFO - Filling up the DagBag from /opt/airflow/dags/helloworld.py
[2021-05-07 05:10:10,844] {scheduler_job.py:639} INFO - DAG(s) dict_keys(['helloworld_dag']) retrieved from /opt/airflow/dags/helloworld.py
[2021-05-07 05:10:11,125] {logging_mixin.py:104} INFO - [2021-05-07 05:10:11,108] {dag.py:1824} INFO - Sync 1 DAGs
[2021-05-07 05:10:11,381] {logging_mixin.py:104} INFO - [2021-05-07 05:10:11,380] {dag.py:2280} INFO - Setting next_dagrun for helloworld_dag to 2021-05-07 00:00:00+00:00
[2021-05-07 05:10:11,463] {scheduler_job.py:190} INFO - Processing /opt/airflow/dags/helloworld.py took 0.927 seconds
[2021-05-07 05:10:42,226] {scheduler_job.py:182} INFO - Started process (PID=795) to work on /opt/airflow/dags/helloworld.py
[2021-05-07 05:10:42,235] {scheduler_job.py:629} INFO - Processing file /opt/airflow/dags/helloworld.py for tasks to queue
[2021-05-07 05:10:42,242] {logging_mixin.py:104} INFO - [2021-05-07 05:10:42,241] {dagbag.py:451} INFO - Filling up the DagBag from /opt/airflow/dags/helloworld.py
[2021-05-07 05:10:42,332] {scheduler_job.py:639} INFO - DAG(s) dict_keys(['helloworld_dag']) retrieved from /opt/airflow/dags/helloworld.py
[2021-05-07 05:10:42,451] {logging_mixin.py:104} INFO - [2021-05-07 05:10:42,451] {dag.py:1824} INFO - Sync 1 DAGs
[2021-05-07 05:10:42,544] {logging_mixin.py:104} INFO - [2021-05-07 05:10:42,543] {dag.py:2280} INFO - Setting next_dagrun for helloworld_dag to 2021-05-07 00:00:00+00:00
[2021-05-07 05:10:42,589] {scheduler_job.py:190} INFO - Processing /opt/airflow/dags/helloworld.py took 0.381 seconds
[2021-05-07 05:11:13,129] {scheduler_job.py:182} INFO - Started process (PID=822) to work on /opt/airflow/dags/helloworld.py
[2021-05-07 05:11:13,139] {scheduler_job.py:629} INFO - Processing file /opt/airflow/dags/helloworld.py for tasks to queue
[2021-05-07 05:11:13,146] {logging_mixin.py:104} INFO - [2021-05-07 05:11:13,145] {dagbag.py:451} INFO - Filling up the DagBag from /opt/airflow/dags/helloworld.py
[2021-05-07 05:11:13,319] {scheduler_job.py:639} INFO - DAG(s) dict_keys(['helloworld_dag']) retrieved from /opt/airflow/dags/helloworld.py
[2021-05-07 05:11:13,532] {logging_mixin.py:104} INFO - [2021-05-07 05:11:13,531] {dag.py:1824} INFO - Sync 1 DAGs
[2021-05-07 05:11:13,662] {logging_mixin.py:104} INFO - [2021-05-07 05:11:13,661] {dag.py:2280} INFO - Setting next_dagrun for helloworld_dag to 2021-05-07 00:00:00+00:00
[2021-05-07 05:11:13,787] {scheduler_job.py:190} INFO - Processing /opt/airflow/dags/helloworld.py took 0.682 seconds
[2021-05-07 05:11:46,160] {scheduler_job.py:182} INFO - Started process (PID=849) to work on /opt/airflow/dags/helloworld.py
[2021-05-07 05:11:46,262] {scheduler_job.py:629} INFO - Processing file /opt/airflow/dags/helloworld.py for tasks to queue
[2021-05-07 05:11:46,398] {logging_mixin.py:104} INFO - [2021-05-07 05:11:46,381] {dagbag.py:451} INFO - Filling up the DagBag from /opt/airflow/dags/helloworld.py
[2021-05-07 05:11:47,013] {scheduler_job.py:639} INFO - DAG(s) dict_keys(['helloworld_dag']) retrieved from /opt/airflow/dags/helloworld.py
[2021-05-07 05:11:47,666] {logging_mixin.py:104} INFO - [2021-05-07 05:11:47,665] {dag.py:1824} INFO - Sync 1 DAGs
[2021-05-07 05:11:48,501] {logging_mixin.py:104} INFO - [2021-05-07 05:11:48,485] {dag.py:2280} INFO - Setting next_dagrun for helloworld_dag to 2021-05-07 00:00:00+00:00
[2021-05-07 05:11:48,785] {scheduler_job.py:190} INFO - Processing /opt/airflow/dags/helloworld.py took 2.905 seconds
[2021-05-07 05:12:32,604] {scheduler_job.py:182} INFO - Started process (PID=873) to work on /opt/airflow/dags/helloworld.py
[2021-05-07 05:12:32,629] {scheduler_job.py:629} INFO - Processing file /opt/airflow/dags/helloworld.py for tasks to queue
[2021-05-07 05:12:32,650] {logging_mixin.py:104} INFO - [2021-05-07 05:12:32,640] {dagbag.py:451} INFO - Filling up the DagBag from /opt/airflow/dags/helloworld.py
[2021-05-07 05:12:32,866] {scheduler_job.py:639} INFO - DAG(s) dict_keys(['helloworld_dag']) retrieved from /opt/airflow/dags/helloworld.py
[2021-05-07 05:12:33,104] {logging_mixin.py:104} INFO - [2021-05-07 05:12:33,104] {dag.py:1824} INFO - Sync 1 DAGs
[2021-05-07 05:12:33,315] {logging_mixin.py:104} INFO - [2021-05-07 05:12:33,314] {dag.py:2280} INFO - Setting next_dagrun for helloworld_dag to 2021-05-07 00:00:00+00:00
[2021-05-07 05:12:33,413] {scheduler_job.py:190} INFO - Processing /opt/airflow/dags/helloworld.py took 0.853 seconds
[2021-05-07 05:13:03,902] {scheduler_job.py:182} INFO - Started process (PID=900) to work on /opt/airflow/dags/helloworld.py
[2021-05-07 05:13:03,912] {scheduler_job.py:629} INFO - Processing file /opt/airflow/dags/helloworld.py for tasks to queue
[2021-05-07 05:13:03,919] {logging_mixin.py:104} INFO - [2021-05-07 05:13:03,919] {dagbag.py:451} INFO - Filling up the DagBag from /opt/airflow/dags/helloworld.py
[2021-05-07 05:13:04,016] {scheduler_job.py:639} INFO - DAG(s) dict_keys(['helloworld_dag']) retrieved from /opt/airflow/dags/helloworld.py
[2021-05-07 05:13:04,143] {logging_mixin.py:104} INFO - [2021-05-07 05:13:04,143] {dag.py:1824} INFO - Sync 1 DAGs
[2021-05-07 05:13:04,226] {logging_mixin.py:104} INFO - [2021-05-07 05:13:04,226] {dag.py:2280} INFO - Setting next_dagrun for helloworld_dag to 2021-05-07 00:00:00+00:00
[2021-05-07 05:13:04,266] {scheduler_job.py:190} INFO - Processing /opt/airflow/dags/helloworld.py took 0.380 seconds
[2021-05-07 05:13:34,565] {scheduler_job.py:182} INFO - Started process (PID=927) to work on /opt/airflow/dags/helloworld.py
[2021-05-07 05:13:34,583] {scheduler_job.py:629} INFO - Processing file /opt/airflow/dags/helloworld.py for tasks to queue
[2021-05-07 05:13:34,589] {logging_mixin.py:104} INFO - [2021-05-07 05:13:34,589] {dagbag.py:451} INFO - Filling up the DagBag from /opt/airflow/dags/helloworld.py
[2021-05-07 05:13:34,683] {scheduler_job.py:639} INFO - DAG(s) dict_keys(['helloworld_dag']) retrieved from /opt/airflow/dags/helloworld.py
[2021-05-07 05:13:34,814] {logging_mixin.py:104} INFO - [2021-05-07 05:13:34,814] {dag.py:1824} INFO - Sync 1 DAGs
[2021-05-07 05:13:34,945] {logging_mixin.py:104} INFO - [2021-05-07 05:13:34,945] {dag.py:2280} INFO - Setting next_dagrun for helloworld_dag to 2021-05-07 00:00:00+00:00
[2021-05-07 05:13:34,998] {scheduler_job.py:190} INFO - Processing /opt/airflow/dags/helloworld.py took 0.452 seconds
[2021-05-07 05:14:05,123] {scheduler_job.py:182} INFO - Started process (PID=952) to work on /opt/airflow/dags/helloworld.py
[2021-05-07 05:14:05,134] {scheduler_job.py:629} INFO - Processing file /opt/airflow/dags/helloworld.py for tasks to queue
[2021-05-07 05:14:05,142] {logging_mixin.py:104} INFO - [2021-05-07 05:14:05,141] {dagbag.py:451} INFO - Filling up the DagBag from /opt/airflow/dags/helloworld.py
[2021-05-07 05:14:05,248] {scheduler_job.py:639} INFO - DAG(s) dict_keys(['helloworld_dag']) retrieved from /opt/airflow/dags/helloworld.py
[2021-05-07 05:14:05,379] {logging_mixin.py:104} INFO - [2021-05-07 05:14:05,379] {dag.py:1824} INFO - Sync 1 DAGs
[2021-05-07 05:14:05,478] {logging_mixin.py:104} INFO - [2021-05-07 05:14:05,477] {dag.py:2280} INFO - Setting next_dagrun for helloworld_dag to 2021-05-07 00:00:00+00:00
[2021-05-07 05:14:05,530] {scheduler_job.py:190} INFO - Processing /opt/airflow/dags/helloworld.py took 0.444 seconds
[2021-05-07 05:14:36,043] {scheduler_job.py:182} INFO - Started process (PID=979) to work on /opt/airflow/dags/helloworld.py
[2021-05-07 05:14:36,054] {scheduler_job.py:629} INFO - Processing file /opt/airflow/dags/helloworld.py for tasks to queue
[2021-05-07 05:14:36,062] {logging_mixin.py:104} INFO - [2021-05-07 05:14:36,061] {dagbag.py:451} INFO - Filling up the DagBag from /opt/airflow/dags/helloworld.py
[2021-05-07 05:14:36,175] {scheduler_job.py:639} INFO - DAG(s) dict_keys(['helloworld_dag']) retrieved from /opt/airflow/dags/helloworld.py
[2021-05-07 05:14:36,348] {logging_mixin.py:104} INFO - [2021-05-07 05:14:36,347] {dag.py:1824} INFO - Sync 1 DAGs
[2021-05-07 05:14:36,435] {logging_mixin.py:104} INFO - [2021-05-07 05:14:36,435] {dag.py:2280} INFO - Setting next_dagrun for helloworld_dag to 2021-05-07 00:00:00+00:00
[2021-05-07 05:14:36,488] {scheduler_job.py:190} INFO - Processing /opt/airflow/dags/helloworld.py took 0.472 seconds
[2021-05-07 05:15:06,677] {scheduler_job.py:182} INFO - Started process (PID=1006) to work on /opt/airflow/dags/helloworld.py
[2021-05-07 05:15:06,683] {scheduler_job.py:629} INFO - Processing file /opt/airflow/dags/helloworld.py for tasks to queue
[2021-05-07 05:15:06,687] {logging_mixin.py:104} INFO - [2021-05-07 05:15:06,687] {dagbag.py:451} INFO - Filling up the DagBag from /opt/airflow/dags/helloworld.py
[2021-05-07 05:15:06,745] {scheduler_job.py:639} INFO - DAG(s) dict_keys(['helloworld_dag']) retrieved from /opt/airflow/dags/helloworld.py
[2021-05-07 05:15:06,819] {logging_mixin.py:104} INFO - [2021-05-07 05:15:06,819] {dag.py:1824} INFO - Sync 1 DAGs
[2021-05-07 05:15:06,870] {logging_mixin.py:104} INFO - [2021-05-07 05:15:06,870] {dag.py:2280} INFO - Setting next_dagrun for helloworld_dag to 2021-05-07 00:00:00+00:00
[2021-05-07 05:15:06,893] {scheduler_job.py:190} INFO - Processing /opt/airflow/dags/helloworld.py took 0.233 seconds
[2021-05-07 05:15:37,755] {scheduler_job.py:182} INFO - Started process (PID=1033) to work on /opt/airflow/dags/helloworld.py
[2021-05-07 05:15:37,758] {scheduler_job.py:629} INFO - Processing file /opt/airflow/dags/helloworld.py for tasks to queue
[2021-05-07 05:15:37,760] {logging_mixin.py:104} INFO - [2021-05-07 05:15:37,760] {dagbag.py:451} INFO - Filling up the DagBag from /opt/airflow/dags/helloworld.py
[2021-05-07 05:15:37,785] {scheduler_job.py:639} INFO - DAG(s) dict_keys(['helloworld_dag']) retrieved from /opt/airflow/dags/helloworld.py
[2021-05-07 05:15:37,820] {logging_mixin.py:104} INFO - [2021-05-07 05:15:37,820] {dag.py:1824} INFO - Sync 1 DAGs
[2021-05-07 05:15:37,848] {logging_mixin.py:104} INFO - [2021-05-07 05:15:37,848] {dag.py:2280} INFO - Setting next_dagrun for helloworld_dag to 2021-05-07 00:00:00+00:00
[2021-05-07 05:15:37,862] {scheduler_job.py:190} INFO - Processing /opt/airflow/dags/helloworld.py took 0.113 seconds
[2021-05-07 05:16:08,498] {scheduler_job.py:182} INFO - Started process (PID=1060) to work on /opt/airflow/dags/helloworld.py
[2021-05-07 05:16:08,501] {scheduler_job.py:629} INFO - Processing file /opt/airflow/dags/helloworld.py for tasks to queue
[2021-05-07 05:16:08,503] {logging_mixin.py:104} INFO - [2021-05-07 05:16:08,503] {dagbag.py:451} INFO - Filling up the DagBag from /opt/airflow/dags/helloworld.py
[2021-05-07 05:16:08,525] {scheduler_job.py:639} INFO - DAG(s) dict_keys(['helloworld_dag']) retrieved from /opt/airflow/dags/helloworld.py
[2021-05-07 05:16:08,554] {logging_mixin.py:104} INFO - [2021-05-07 05:16:08,554] {dag.py:1824} INFO - Sync 1 DAGs
[2021-05-07 05:16:08,578] {logging_mixin.py:104} INFO - [2021-05-07 05:16:08,578] {dag.py:2280} INFO - Setting next_dagrun for helloworld_dag to 2021-05-07 00:00:00+00:00
[2021-05-07 05:16:08,590] {scheduler_job.py:190} INFO - Processing /opt/airflow/dags/helloworld.py took 0.096 seconds
[2021-05-07 05:16:39,037] {scheduler_job.py:182} INFO - Started process (PID=1087) to work on /opt/airflow/dags/helloworld.py
[2021-05-07 05:16:39,039] {scheduler_job.py:629} INFO - Processing file /opt/airflow/dags/helloworld.py for tasks to queue
[2021-05-07 05:16:39,041] {logging_mixin.py:104} INFO - [2021-05-07 05:16:39,041] {dagbag.py:451} INFO - Filling up the DagBag from /opt/airflow/dags/helloworld.py
[2021-05-07 05:16:39,062] {scheduler_job.py:639} INFO - DAG(s) dict_keys(['helloworld_dag']) retrieved from /opt/airflow/dags/helloworld.py
[2021-05-07 05:16:39,094] {logging_mixin.py:104} INFO - [2021-05-07 05:16:39,094] {dag.py:1824} INFO - Sync 1 DAGs
[2021-05-07 05:16:39,124] {logging_mixin.py:104} INFO - [2021-05-07 05:16:39,124] {dag.py:2280} INFO - Setting next_dagrun for helloworld_dag to 2021-05-07 00:00:00+00:00
[2021-05-07 05:16:39,141] {scheduler_job.py:190} INFO - Processing /opt/airflow/dags/helloworld.py took 0.109 seconds
[2021-05-07 05:17:09,975] {scheduler_job.py:182} INFO - Started process (PID=1114) to work on /opt/airflow/dags/helloworld.py
[2021-05-07 05:17:09,979] {scheduler_job.py:629} INFO - Processing file /opt/airflow/dags/helloworld.py for tasks to queue
[2021-05-07 05:17:09,981] {logging_mixin.py:104} INFO - [2021-05-07 05:17:09,981] {dagbag.py:451} INFO - Filling up the DagBag from /opt/airflow/dags/helloworld.py
[2021-05-07 05:17:10,017] {scheduler_job.py:639} INFO - DAG(s) dict_keys(['helloworld_dag']) retrieved from /opt/airflow/dags/helloworld.py
[2021-05-07 05:17:10,063] {logging_mixin.py:104} INFO - [2021-05-07 05:17:10,062] {dag.py:1824} INFO - Sync 1 DAGs
[2021-05-07 05:17:10,099] {logging_mixin.py:104} INFO - [2021-05-07 05:17:10,098] {dag.py:2280} INFO - Setting next_dagrun for helloworld_dag to 2021-05-07 00:00:00+00:00
[2021-05-07 05:17:10,121] {scheduler_job.py:190} INFO - Processing /opt/airflow/dags/helloworld.py took 0.153 seconds
[2021-05-07 05:17:40,831] {scheduler_job.py:182} INFO - Started process (PID=1141) to work on /opt/airflow/dags/helloworld.py
[2021-05-07 05:17:40,843] {scheduler_job.py:629} INFO - Processing file /opt/airflow/dags/helloworld.py for tasks to queue
[2021-05-07 05:17:40,863] {logging_mixin.py:104} INFO - [2021-05-07 05:17:40,862] {dagbag.py:451} INFO - Filling up the DagBag from /opt/airflow/dags/helloworld.py
[2021-05-07 05:17:41,059] {scheduler_job.py:639} INFO - DAG(s) dict_keys(['helloworld_dag']) retrieved from /opt/airflow/dags/helloworld.py
[2021-05-07 05:17:41,379] {logging_mixin.py:104} INFO - [2021-05-07 05:17:41,379] {dag.py:1824} INFO - Sync 1 DAGs
[2021-05-07 05:17:41,651] {logging_mixin.py:104} INFO - [2021-05-07 05:17:41,650] {dag.py:2280} INFO - Setting next_dagrun for helloworld_dag to 2021-05-07 00:00:00+00:00
[2021-05-07 05:17:41,717] {scheduler_job.py:190} INFO - Processing /opt/airflow/dags/helloworld.py took 0.944 seconds
[2021-05-07 05:18:19,828] {scheduler_job.py:182} INFO - Started process (PID=1165) to work on /opt/airflow/dags/helloworld.py
[2021-05-07 05:18:19,871] {scheduler_job.py:629} INFO - Processing file /opt/airflow/dags/helloworld.py for tasks to queue
[2021-05-07 05:18:19,921] {logging_mixin.py:104} INFO - [2021-05-07 05:18:19,919] {dagbag.py:451} INFO - Filling up the DagBag from /opt/airflow/dags/helloworld.py
[2021-05-07 05:18:20,288] {scheduler_job.py:639} INFO - DAG(s) dict_keys(['helloworld_dag']) retrieved from /opt/airflow/dags/helloworld.py
[2021-05-07 05:18:21,090] {logging_mixin.py:104} INFO - [2021-05-07 05:18:21,089] {dag.py:1824} INFO - Sync 1 DAGs
[2021-05-07 05:18:21,543] {logging_mixin.py:104} INFO - [2021-05-07 05:18:21,542] {dag.py:2280} INFO - Setting next_dagrun for helloworld_dag to 2021-05-07 00:00:00+00:00
[2021-05-07 05:18:21,721] {scheduler_job.py:190} INFO - Processing /opt/airflow/dags/helloworld.py took 1.984 seconds
[2021-05-07 05:18:55,213] {scheduler_job.py:182} INFO - Started process (PID=1190) to work on /opt/airflow/dags/helloworld.py
[2021-05-07 05:18:55,370] {scheduler_job.py:629} INFO - Processing file /opt/airflow/dags/helloworld.py for tasks to queue
[2021-05-07 05:18:55,418] {logging_mixin.py:104} INFO - [2021-05-07 05:18:55,417] {dagbag.py:451} INFO - Filling up the DagBag from /opt/airflow/dags/helloworld.py
[2021-05-07 05:18:56,190] {scheduler_job.py:639} INFO - DAG(s) dict_keys(['helloworld_dag']) retrieved from /opt/airflow/dags/helloworld.py
[2021-05-07 05:18:56,882] {logging_mixin.py:104} INFO - [2021-05-07 05:18:56,864] {dag.py:1824} INFO - Sync 1 DAGs
[2021-05-07 05:18:57,977] {logging_mixin.py:104} INFO - [2021-05-07 05:18:57,976] {dag.py:2280} INFO - Setting next_dagrun for helloworld_dag to 2021-05-07 00:00:00+00:00
[2021-05-07 05:18:58,239] {scheduler_job.py:190} INFO - Processing /opt/airflow/dags/helloworld.py took 3.270 seconds
[2021-05-07 05:19:28,623] {scheduler_job.py:182} INFO - Started process (PID=1216) to work on /opt/airflow/dags/helloworld.py
[2021-05-07 05:19:28,648] {scheduler_job.py:629} INFO - Processing file /opt/airflow/dags/helloworld.py for tasks to queue
[2021-05-07 05:19:28,678] {logging_mixin.py:104} INFO - [2021-05-07 05:19:28,677] {dagbag.py:451} INFO - Filling up the DagBag from /opt/airflow/dags/helloworld.py
[2021-05-07 05:19:29,078] {scheduler_job.py:639} INFO - DAG(s) dict_keys(['helloworld_dag']) retrieved from /opt/airflow/dags/helloworld.py
[2021-05-07 05:19:29,412] {logging_mixin.py:104} INFO - [2021-05-07 05:19:29,412] {dag.py:1824} INFO - Sync 1 DAGs
[2021-05-07 05:19:29,690] {logging_mixin.py:104} INFO - [2021-05-07 05:19:29,690] {dag.py:2280} INFO - Setting next_dagrun for helloworld_dag to 2021-05-07 00:00:00+00:00
[2021-05-07 05:19:29,818] {scheduler_job.py:190} INFO - Processing /opt/airflow/dags/helloworld.py took 1.249 seconds
[2021-05-07 05:20:00,160] {scheduler_job.py:182} INFO - Started process (PID=1243) to work on /opt/airflow/dags/helloworld.py
[2021-05-07 05:20:00,196] {scheduler_job.py:629} INFO - Processing file /opt/airflow/dags/helloworld.py for tasks to queue
[2021-05-07 05:20:00,215] {logging_mixin.py:104} INFO - [2021-05-07 05:20:00,214] {dagbag.py:451} INFO - Filling up the DagBag from /opt/airflow/dags/helloworld.py
[2021-05-07 05:20:00,386] {scheduler_job.py:639} INFO - DAG(s) dict_keys(['helloworld_dag']) retrieved from /opt/airflow/dags/helloworld.py
[2021-05-07 05:20:00,632] {logging_mixin.py:104} INFO - [2021-05-07 05:20:00,630] {dag.py:1824} INFO - Sync 1 DAGs
[2021-05-07 05:20:00,809] {logging_mixin.py:104} INFO - [2021-05-07 05:20:00,807] {dag.py:2280} INFO - Setting next_dagrun for helloworld_dag to 2021-05-07 00:00:00+00:00
[2021-05-07 05:20:00,933] {scheduler_job.py:190} INFO - Processing /opt/airflow/dags/helloworld.py took 0.819 seconds
[2021-05-07 05:20:31,425] {scheduler_job.py:182} INFO - Started process (PID=1270) to work on /opt/airflow/dags/helloworld.py
[2021-05-07 05:20:31,453] {scheduler_job.py:629} INFO - Processing file /opt/airflow/dags/helloworld.py for tasks to queue
[2021-05-07 05:20:31,463] {logging_mixin.py:104} INFO - [2021-05-07 05:20:31,462] {dagbag.py:451} INFO - Filling up the DagBag from /opt/airflow/dags/helloworld.py
[2021-05-07 05:20:31,718] {scheduler_job.py:639} INFO - DAG(s) dict_keys(['helloworld_dag']) retrieved from /opt/airflow/dags/helloworld.py
[2021-05-07 05:20:31,973] {logging_mixin.py:104} INFO - [2021-05-07 05:20:31,972] {dag.py:1824} INFO - Sync 1 DAGs
[2021-05-07 05:20:32,166] {logging_mixin.py:104} INFO - [2021-05-07 05:20:32,166] {dag.py:2280} INFO - Setting next_dagrun for helloworld_dag to 2021-05-07 00:00:00+00:00
[2021-05-07 05:20:32,268] {scheduler_job.py:190} INFO - Processing /opt/airflow/dags/helloworld.py took 0.924 seconds
[2021-05-07 05:21:02,776] {scheduler_job.py:182} INFO - Started process (PID=1297) to work on /opt/airflow/dags/helloworld.py
[2021-05-07 05:21:02,794] {scheduler_job.py:629} INFO - Processing file /opt/airflow/dags/helloworld.py for tasks to queue
[2021-05-07 05:21:02,804] {logging_mixin.py:104} INFO - [2021-05-07 05:21:02,804] {dagbag.py:451} INFO - Filling up the DagBag from /opt/airflow/dags/helloworld.py
[2021-05-07 05:21:02,932] {scheduler_job.py:639} INFO - DAG(s) dict_keys(['helloworld_dag']) retrieved from /opt/airflow/dags/helloworld.py
[2021-05-07 05:21:03,087] {logging_mixin.py:104} INFO - [2021-05-07 05:21:03,087] {dag.py:1824} INFO - Sync 1 DAGs
[2021-05-07 05:21:03,205] {logging_mixin.py:104} INFO - [2021-05-07 05:21:03,205] {dag.py:2280} INFO - Setting next_dagrun for helloworld_dag to 2021-05-07 00:00:00+00:00
[2021-05-07 05:21:03,257] {scheduler_job.py:190} INFO - Processing /opt/airflow/dags/helloworld.py took 0.504 seconds
[2021-05-07 05:21:34,063] {scheduler_job.py:182} INFO - Started process (PID=1324) to work on /opt/airflow/dags/helloworld.py
[2021-05-07 05:21:34,075] {scheduler_job.py:629} INFO - Processing file /opt/airflow/dags/helloworld.py for tasks to queue
[2021-05-07 05:21:34,088] {logging_mixin.py:104} INFO - [2021-05-07 05:21:34,087] {dagbag.py:451} INFO - Filling up the DagBag from /opt/airflow/dags/helloworld.py
[2021-05-07 05:21:34,238] {scheduler_job.py:639} INFO - DAG(s) dict_keys(['helloworld_dag']) retrieved from /opt/airflow/dags/helloworld.py
[2021-05-07 05:21:34,401] {logging_mixin.py:104} INFO - [2021-05-07 05:21:34,400] {dag.py:1824} INFO - Sync 1 DAGs
[2021-05-07 05:21:34,591] {logging_mixin.py:104} INFO - [2021-05-07 05:21:34,590] {dag.py:2280} INFO - Setting next_dagrun for helloworld_dag to 2021-05-07 00:00:00+00:00
[2021-05-07 05:21:34,660] {scheduler_job.py:190} INFO - Processing /opt/airflow/dags/helloworld.py took 0.621 seconds
[2021-05-07 05:22:05,132] {scheduler_job.py:182} INFO - Started process (PID=1351) to work on /opt/airflow/dags/helloworld.py
[2021-05-07 05:22:05,154] {scheduler_job.py:629} INFO - Processing file /opt/airflow/dags/helloworld.py for tasks to queue
[2021-05-07 05:22:05,161] {logging_mixin.py:104} INFO - [2021-05-07 05:22:05,161] {dagbag.py:451} INFO - Filling up the DagBag from /opt/airflow/dags/helloworld.py
[2021-05-07 05:22:05,269] {scheduler_job.py:639} INFO - DAG(s) dict_keys(['helloworld_dag']) retrieved from /opt/airflow/dags/helloworld.py
[2021-05-07 05:22:05,460] {logging_mixin.py:104} INFO - [2021-05-07 05:22:05,459] {dag.py:1824} INFO - Sync 1 DAGs
[2021-05-07 05:22:05,621] {logging_mixin.py:104} INFO - [2021-05-07 05:22:05,620] {dag.py:2280} INFO - Setting next_dagrun for helloworld_dag to 2021-05-07 00:00:00+00:00
[2021-05-07 05:22:05,704] {scheduler_job.py:190} INFO - Processing /opt/airflow/dags/helloworld.py took 0.605 seconds
[2021-05-07 05:22:35,996] {scheduler_job.py:182} INFO - Started process (PID=1378) to work on /opt/airflow/dags/helloworld.py
[2021-05-07 05:22:36,005] {scheduler_job.py:629} INFO - Processing file /opt/airflow/dags/helloworld.py for tasks to queue
[2021-05-07 05:22:36,009] {logging_mixin.py:104} INFO - [2021-05-07 05:22:36,009] {dagbag.py:451} INFO - Filling up the DagBag from /opt/airflow/dags/helloworld.py
[2021-05-07 05:22:36,110] {scheduler_job.py:639} INFO - DAG(s) dict_keys(['helloworld_dag']) retrieved from /opt/airflow/dags/helloworld.py
[2021-05-07 05:22:36,223] {logging_mixin.py:104} INFO - [2021-05-07 05:22:36,223] {dag.py:1824} INFO - Sync 1 DAGs
[2021-05-07 05:22:36,323] {logging_mixin.py:104} INFO - [2021-05-07 05:22:36,322] {dag.py:2280} INFO - Setting next_dagrun for helloworld_dag to 2021-05-07 00:00:00+00:00
[2021-05-07 05:22:36,364] {scheduler_job.py:190} INFO - Processing /opt/airflow/dags/helloworld.py took 0.382 seconds
[2021-05-07 05:23:06,580] {scheduler_job.py:182} INFO - Started process (PID=1405) to work on /opt/airflow/dags/helloworld.py
[2021-05-07 05:23:06,589] {scheduler_job.py:629} INFO - Processing file /opt/airflow/dags/helloworld.py for tasks to queue
[2021-05-07 05:23:06,596] {logging_mixin.py:104} INFO - [2021-05-07 05:23:06,595] {dagbag.py:451} INFO - Filling up the DagBag from /opt/airflow/dags/helloworld.py
[2021-05-07 05:23:06,702] {scheduler_job.py:639} INFO - DAG(s) dict_keys(['helloworld_dag']) retrieved from /opt/airflow/dags/helloworld.py
[2021-05-07 05:23:06,816] {logging_mixin.py:104} INFO - [2021-05-07 05:23:06,815] {dag.py:1824} INFO - Sync 1 DAGs
[2021-05-07 05:23:06,911] {logging_mixin.py:104} INFO - [2021-05-07 05:23:06,910] {dag.py:2280} INFO - Setting next_dagrun for helloworld_dag to 2021-05-07 00:00:00+00:00
[2021-05-07 05:23:06,963] {scheduler_job.py:190} INFO - Processing /opt/airflow/dags/helloworld.py took 0.400 seconds
[2021-05-07 05:23:37,051] {scheduler_job.py:182} INFO - Started process (PID=1432) to work on /opt/airflow/dags/helloworld.py
[2021-05-07 05:23:37,060] {scheduler_job.py:629} INFO - Processing file /opt/airflow/dags/helloworld.py for tasks to queue
[2021-05-07 05:23:37,064] {logging_mixin.py:104} INFO - [2021-05-07 05:23:37,064] {dagbag.py:451} INFO - Filling up the DagBag from /opt/airflow/dags/helloworld.py
[2021-05-07 05:23:37,141] {scheduler_job.py:639} INFO - DAG(s) dict_keys(['helloworld_dag']) retrieved from /opt/airflow/dags/helloworld.py
[2021-05-07 05:23:37,241] {logging_mixin.py:104} INFO - [2021-05-07 05:23:37,240] {dag.py:1824} INFO - Sync 1 DAGs
[2021-05-07 05:23:37,322] {logging_mixin.py:104} INFO - [2021-05-07 05:23:37,321] {dag.py:2280} INFO - Setting next_dagrun for helloworld_dag to 2021-05-07 00:00:00+00:00
[2021-05-07 05:23:37,359] {scheduler_job.py:190} INFO - Processing /opt/airflow/dags/helloworld.py took 0.320 seconds
[2021-05-07 05:24:07,891] {scheduler_job.py:182} INFO - Started process (PID=1457) to work on /opt/airflow/dags/helloworld.py
[2021-05-07 05:24:07,903] {scheduler_job.py:629} INFO - Processing file /opt/airflow/dags/helloworld.py for tasks to queue
[2021-05-07 05:24:07,911] {logging_mixin.py:104} INFO - [2021-05-07 05:24:07,911] {dagbag.py:451} INFO - Filling up the DagBag from /opt/airflow/dags/helloworld.py
[2021-05-07 05:24:08,081] {scheduler_job.py:639} INFO - DAG(s) dict_keys(['helloworld_dag']) retrieved from /opt/airflow/dags/helloworld.py
[2021-05-07 05:24:08,294] {logging_mixin.py:104} INFO - [2021-05-07 05:24:08,293] {dag.py:1824} INFO - Sync 1 DAGs
[2021-05-07 05:24:08,564] {logging_mixin.py:104} INFO - [2021-05-07 05:24:08,562] {dag.py:2280} INFO - Setting next_dagrun for helloworld_dag to 2021-05-07 00:00:00+00:00
[2021-05-07 05:24:08,691] {scheduler_job.py:190} INFO - Processing /opt/airflow/dags/helloworld.py took 0.835 seconds
[2021-05-07 05:24:39,191] {scheduler_job.py:182} INFO - Started process (PID=1484) to work on /opt/airflow/dags/helloworld.py
[2021-05-07 05:24:39,202] {scheduler_job.py:629} INFO - Processing file /opt/airflow/dags/helloworld.py for tasks to queue
[2021-05-07 05:24:39,210] {logging_mixin.py:104} INFO - [2021-05-07 05:24:39,210] {dagbag.py:451} INFO - Filling up the DagBag from /opt/airflow/dags/helloworld.py
[2021-05-07 05:24:39,318] {scheduler_job.py:639} INFO - DAG(s) dict_keys(['helloworld_dag']) retrieved from /opt/airflow/dags/helloworld.py
[2021-05-07 05:24:39,473] {logging_mixin.py:104} INFO - [2021-05-07 05:24:39,472] {dag.py:1824} INFO - Sync 1 DAGs
[2021-05-07 05:24:39,583] {logging_mixin.py:104} INFO - [2021-05-07 05:24:39,583] {dag.py:2280} INFO - Setting next_dagrun for helloworld_dag to 2021-05-07 00:00:00+00:00
[2021-05-07 05:24:39,638] {scheduler_job.py:190} INFO - Processing /opt/airflow/dags/helloworld.py took 0.473 seconds
[2021-05-07 05:25:10,010] {scheduler_job.py:182} INFO - Started process (PID=1511) to work on /opt/airflow/dags/helloworld.py
[2021-05-07 05:25:10,018] {scheduler_job.py:629} INFO - Processing file /opt/airflow/dags/helloworld.py for tasks to queue
[2021-05-07 05:25:10,023] {logging_mixin.py:104} INFO - [2021-05-07 05:25:10,023] {dagbag.py:451} INFO - Filling up the DagBag from /opt/airflow/dags/helloworld.py
[2021-05-07 05:25:10,128] {scheduler_job.py:639} INFO - DAG(s) dict_keys(['helloworld_dag']) retrieved from /opt/airflow/dags/helloworld.py
[2021-05-07 05:25:10,216] {logging_mixin.py:104} INFO - [2021-05-07 05:25:10,215] {dag.py:1824} INFO - Sync 1 DAGs
[2021-05-07 05:25:10,282] {logging_mixin.py:104} INFO - [2021-05-07 05:25:10,281] {dag.py:2280} INFO - Setting next_dagrun for helloworld_dag to 2021-05-07 00:00:00+00:00
[2021-05-07 05:25:10,329] {scheduler_job.py:190} INFO - Processing /opt/airflow/dags/helloworld.py took 0.334 seconds
[2021-05-07 05:25:40,565] {scheduler_job.py:182} INFO - Started process (PID=1538) to work on /opt/airflow/dags/helloworld.py
[2021-05-07 05:25:40,569] {scheduler_job.py:629} INFO - Processing file /opt/airflow/dags/helloworld.py for tasks to queue
[2021-05-07 05:25:40,573] {logging_mixin.py:104} INFO - [2021-05-07 05:25:40,572] {dagbag.py:451} INFO - Filling up the DagBag from /opt/airflow/dags/helloworld.py
[2021-05-07 05:25:40,618] {scheduler_job.py:639} INFO - DAG(s) dict_keys(['helloworld_dag']) retrieved from /opt/airflow/dags/helloworld.py
[2021-05-07 05:25:40,675] {logging_mixin.py:104} INFO - [2021-05-07 05:25:40,675] {dag.py:1824} INFO - Sync 1 DAGs
[2021-05-07 05:25:40,715] {logging_mixin.py:104} INFO - [2021-05-07 05:25:40,715] {dag.py:2280} INFO - Setting next_dagrun for helloworld_dag to 2021-05-07 00:00:00+00:00
[2021-05-07 05:25:40,737] {scheduler_job.py:190} INFO - Processing /opt/airflow/dags/helloworld.py took 0.180 seconds
[2021-05-07 05:26:10,897] {scheduler_job.py:182} INFO - Started process (PID=1565) to work on /opt/airflow/dags/helloworld.py
[2021-05-07 05:26:10,900] {scheduler_job.py:629} INFO - Processing file /opt/airflow/dags/helloworld.py for tasks to queue
[2021-05-07 05:26:10,902] {logging_mixin.py:104} INFO - [2021-05-07 05:26:10,902] {dagbag.py:451} INFO - Filling up the DagBag from /opt/airflow/dags/helloworld.py
[2021-05-07 05:26:10,930] {scheduler_job.py:639} INFO - DAG(s) dict_keys(['helloworld_dag']) retrieved from /opt/airflow/dags/helloworld.py
[2021-05-07 05:26:10,962] {logging_mixin.py:104} INFO - [2021-05-07 05:26:10,962] {dag.py:1824} INFO - Sync 1 DAGs
[2021-05-07 05:26:10,987] {logging_mixin.py:104} INFO - [2021-05-07 05:26:10,987] {dag.py:2280} INFO - Setting next_dagrun for helloworld_dag to 2021-05-07 00:00:00+00:00
[2021-05-07 05:26:11,000] {scheduler_job.py:190} INFO - Processing /opt/airflow/dags/helloworld.py took 0.108 seconds
[2021-05-07 05:26:41,476] {scheduler_job.py:182} INFO - Started process (PID=1592) to work on /opt/airflow/dags/helloworld.py
[2021-05-07 05:26:41,479] {scheduler_job.py:629} INFO - Processing file /opt/airflow/dags/helloworld.py for tasks to queue
[2021-05-07 05:26:41,480] {logging_mixin.py:104} INFO - [2021-05-07 05:26:41,480] {dagbag.py:451} INFO - Filling up the DagBag from /opt/airflow/dags/helloworld.py
[2021-05-07 05:26:41,503] {scheduler_job.py:639} INFO - DAG(s) dict_keys(['helloworld_dag']) retrieved from /opt/airflow/dags/helloworld.py
[2021-05-07 05:26:41,532] {logging_mixin.py:104} INFO - [2021-05-07 05:26:41,532] {dag.py:1824} INFO - Sync 1 DAGs
[2021-05-07 05:26:41,556] {logging_mixin.py:104} INFO - [2021-05-07 05:26:41,556] {dag.py:2280} INFO - Setting next_dagrun for helloworld_dag to 2021-05-07 00:00:00+00:00
[2021-05-07 05:26:41,569] {scheduler_job.py:190} INFO - Processing /opt/airflow/dags/helloworld.py took 0.099 seconds
[2021-05-07 05:27:11,985] {scheduler_job.py:182} INFO - Started process (PID=1619) to work on /opt/airflow/dags/helloworld.py
[2021-05-07 05:27:11,987] {scheduler_job.py:629} INFO - Processing file /opt/airflow/dags/helloworld.py for tasks to queue
[2021-05-07 05:27:11,989] {logging_mixin.py:104} INFO - [2021-05-07 05:27:11,989] {dagbag.py:451} INFO - Filling up the DagBag from /opt/airflow/dags/helloworld.py
[2021-05-07 05:27:12,015] {scheduler_job.py:639} INFO - DAG(s) dict_keys(['helloworld_dag']) retrieved from /opt/airflow/dags/helloworld.py
[2021-05-07 05:27:12,050] {logging_mixin.py:104} INFO - [2021-05-07 05:27:12,050] {dag.py:1824} INFO - Sync 1 DAGs
[2021-05-07 05:27:12,077] {logging_mixin.py:104} INFO - [2021-05-07 05:27:12,077] {dag.py:2280} INFO - Setting next_dagrun for helloworld_dag to 2021-05-07 00:00:00+00:00
[2021-05-07 05:27:12,090] {scheduler_job.py:190} INFO - Processing /opt/airflow/dags/helloworld.py took 0.110 seconds
[2021-05-07 05:27:42,247] {scheduler_job.py:182} INFO - Started process (PID=1646) to work on /opt/airflow/dags/helloworld.py
[2021-05-07 05:27:42,250] {scheduler_job.py:629} INFO - Processing file /opt/airflow/dags/helloworld.py for tasks to queue
[2021-05-07 05:27:42,252] {logging_mixin.py:104} INFO - [2021-05-07 05:27:42,252] {dagbag.py:451} INFO - Filling up the DagBag from /opt/airflow/dags/helloworld.py
[2021-05-07 05:27:42,281] {scheduler_job.py:639} INFO - DAG(s) dict_keys(['helloworld_dag']) retrieved from /opt/airflow/dags/helloworld.py
[2021-05-07 05:27:42,318] {logging_mixin.py:104} INFO - [2021-05-07 05:27:42,318] {dag.py:1824} INFO - Sync 1 DAGs
[2021-05-07 05:27:42,367] {logging_mixin.py:104} INFO - [2021-05-07 05:27:42,367] {dag.py:2280} INFO - Setting next_dagrun for helloworld_dag to 2021-05-07 00:00:00+00:00
[2021-05-07 05:27:42,384] {scheduler_job.py:190} INFO - Processing /opt/airflow/dags/helloworld.py took 0.144 seconds
[2021-05-07 05:28:12,520] {scheduler_job.py:182} INFO - Started process (PID=1673) to work on /opt/airflow/dags/helloworld.py
[2021-05-07 05:28:12,525] {scheduler_job.py:629} INFO - Processing file /opt/airflow/dags/helloworld.py for tasks to queue
[2021-05-07 05:28:12,528] {logging_mixin.py:104} INFO - [2021-05-07 05:28:12,527] {dagbag.py:451} INFO - Filling up the DagBag from /opt/airflow/dags/helloworld.py
[2021-05-07 05:28:12,567] {scheduler_job.py:639} INFO - DAG(s) dict_keys(['helloworld_dag']) retrieved from /opt/airflow/dags/helloworld.py
[2021-05-07 05:28:12,621] {logging_mixin.py:104} INFO - [2021-05-07 05:28:12,620] {dag.py:1824} INFO - Sync 1 DAGs
[2021-05-07 05:28:12,661] {logging_mixin.py:104} INFO - [2021-05-07 05:28:12,661] {dag.py:2280} INFO - Setting next_dagrun for helloworld_dag to 2021-05-07 00:00:00+00:00
[2021-05-07 05:28:12,683] {scheduler_job.py:190} INFO - Processing /opt/airflow/dags/helloworld.py took 0.169 seconds
[2021-05-07 05:28:42,844] {scheduler_job.py:182} INFO - Started process (PID=1700) to work on /opt/airflow/dags/helloworld.py
[2021-05-07 05:28:42,863] {scheduler_job.py:629} INFO - Processing file /opt/airflow/dags/helloworld.py for tasks to queue
[2021-05-07 05:28:42,874] {logging_mixin.py:104} INFO - [2021-05-07 05:28:42,872] {dagbag.py:451} INFO - Filling up the DagBag from /opt/airflow/dags/helloworld.py
[2021-05-07 05:28:42,994] {scheduler_job.py:639} INFO - DAG(s) dict_keys(['helloworld_dag']) retrieved from /opt/airflow/dags/helloworld.py
[2021-05-07 05:28:43,150] {logging_mixin.py:104} INFO - [2021-05-07 05:28:43,149] {dag.py:1824} INFO - Sync 1 DAGs
[2021-05-07 05:28:43,301] {logging_mixin.py:104} INFO - [2021-05-07 05:28:43,300] {dag.py:2280} INFO - Setting next_dagrun for helloworld_dag to 2021-05-07 00:00:00+00:00
[2021-05-07 05:28:43,370] {scheduler_job.py:190} INFO - Processing /opt/airflow/dags/helloworld.py took 0.551 seconds
[2021-05-07 05:29:20,871] {scheduler_job.py:182} INFO - Started process (PID=1727) to work on /opt/airflow/dags/helloworld.py
[2021-05-07 05:29:20,911] {scheduler_job.py:629} INFO - Processing file /opt/airflow/dags/helloworld.py for tasks to queue
[2021-05-07 05:29:20,948] {logging_mixin.py:104} INFO - [2021-05-07 05:29:20,945] {dagbag.py:451} INFO - Filling up the DagBag from /opt/airflow/dags/helloworld.py
[2021-05-07 05:29:21,328] {scheduler_job.py:639} INFO - DAG(s) dict_keys(['helloworld_dag']) retrieved from /opt/airflow/dags/helloworld.py
[2021-05-07 05:29:21,841] {logging_mixin.py:104} INFO - [2021-05-07 05:29:21,839] {dag.py:1824} INFO - Sync 1 DAGs
[2021-05-07 05:29:22,331] {logging_mixin.py:104} INFO - [2021-05-07 05:29:22,331] {dag.py:2280} INFO - Setting next_dagrun for helloworld_dag to 2021-05-07 00:00:00+00:00
[2021-05-07 05:29:22,531] {scheduler_job.py:190} INFO - Processing /opt/airflow/dags/helloworld.py took 1.734 seconds
[2021-05-07 05:29:53,011] {scheduler_job.py:182} INFO - Started process (PID=1753) to work on /opt/airflow/dags/helloworld.py
[2021-05-07 05:29:53,027] {scheduler_job.py:629} INFO - Processing file /opt/airflow/dags/helloworld.py for tasks to queue
[2021-05-07 05:29:53,034] {logging_mixin.py:104} INFO - [2021-05-07 05:29:53,033] {dagbag.py:451} INFO - Filling up the DagBag from /opt/airflow/dags/helloworld.py
[2021-05-07 05:29:53,142] {scheduler_job.py:639} INFO - DAG(s) dict_keys(['helloworld_dag']) retrieved from /opt/airflow/dags/helloworld.py
[2021-05-07 05:29:53,303] {logging_mixin.py:104} INFO - [2021-05-07 05:29:53,300] {dag.py:1824} INFO - Sync 1 DAGs
[2021-05-07 05:29:53,447] {logging_mixin.py:104} INFO - [2021-05-07 05:29:53,446] {dag.py:2280} INFO - Setting next_dagrun for helloworld_dag to 2021-05-07 00:00:00+00:00
[2021-05-07 05:29:53,510] {scheduler_job.py:190} INFO - Processing /opt/airflow/dags/helloworld.py took 0.520 seconds
[2021-05-07 05:30:24,488] {scheduler_job.py:182} INFO - Started process (PID=1780) to work on /opt/airflow/dags/helloworld.py
[2021-05-07 05:30:24,492] {scheduler_job.py:629} INFO - Processing file /opt/airflow/dags/helloworld.py for tasks to queue
[2021-05-07 05:30:24,495] {logging_mixin.py:104} INFO - [2021-05-07 05:30:24,495] {dagbag.py:451} INFO - Filling up the DagBag from /opt/airflow/dags/helloworld.py
[2021-05-07 05:30:24,533] {scheduler_job.py:639} INFO - DAG(s) dict_keys(['helloworld_dag']) retrieved from /opt/airflow/dags/helloworld.py
[2021-05-07 05:30:24,598] {logging_mixin.py:104} INFO - [2021-05-07 05:30:24,597] {dag.py:1824} INFO - Sync 1 DAGs
[2021-05-07 05:30:24,644] {logging_mixin.py:104} INFO - [2021-05-07 05:30:24,644] {dag.py:2280} INFO - Setting next_dagrun for helloworld_dag to 2021-05-07 00:00:00+00:00
[2021-05-07 05:30:24,680] {scheduler_job.py:190} INFO - Processing /opt/airflow/dags/helloworld.py took 0.200 seconds
[2021-05-07 05:30:55,292] {scheduler_job.py:182} INFO - Started process (PID=1807) to work on /opt/airflow/dags/helloworld.py
[2021-05-07 05:30:55,295] {scheduler_job.py:629} INFO - Processing file /opt/airflow/dags/helloworld.py for tasks to queue
[2021-05-07 05:30:55,297] {logging_mixin.py:104} INFO - [2021-05-07 05:30:55,296] {dagbag.py:451} INFO - Filling up the DagBag from /opt/airflow/dags/helloworld.py
[2021-05-07 05:30:55,320] {scheduler_job.py:639} INFO - DAG(s) dict_keys(['helloworld_dag']) retrieved from /opt/airflow/dags/helloworld.py
[2021-05-07 05:30:55,356] {logging_mixin.py:104} INFO - [2021-05-07 05:30:55,355] {dag.py:1824} INFO - Sync 1 DAGs
[2021-05-07 05:30:55,396] {logging_mixin.py:104} INFO - [2021-05-07 05:30:55,396] {dag.py:2280} INFO - Setting next_dagrun for helloworld_dag to 2021-05-07 00:00:00+00:00
[2021-05-07 05:30:55,412] {scheduler_job.py:190} INFO - Processing /opt/airflow/dags/helloworld.py took 0.125 seconds
[2021-05-07 05:31:25,764] {scheduler_job.py:182} INFO - Started process (PID=1834) to work on /opt/airflow/dags/helloworld.py
[2021-05-07 05:31:25,767] {scheduler_job.py:629} INFO - Processing file /opt/airflow/dags/helloworld.py for tasks to queue
[2021-05-07 05:31:25,768] {logging_mixin.py:104} INFO - [2021-05-07 05:31:25,768] {dagbag.py:451} INFO - Filling up the DagBag from /opt/airflow/dags/helloworld.py
[2021-05-07 05:31:25,790] {scheduler_job.py:639} INFO - DAG(s) dict_keys(['helloworld_dag']) retrieved from /opt/airflow/dags/helloworld.py
[2021-05-07 05:31:25,824] {logging_mixin.py:104} INFO - [2021-05-07 05:31:25,823] {dag.py:1824} INFO - Sync 1 DAGs
[2021-05-07 05:31:25,850] {logging_mixin.py:104} INFO - [2021-05-07 05:31:25,850] {dag.py:2280} INFO - Setting next_dagrun for helloworld_dag to 2021-05-07 00:00:00+00:00
[2021-05-07 05:31:25,864] {scheduler_job.py:190} INFO - Processing /opt/airflow/dags/helloworld.py took 0.104 seconds
[2021-05-07 05:31:56,615] {scheduler_job.py:182} INFO - Started process (PID=1861) to work on /opt/airflow/dags/helloworld.py
[2021-05-07 05:31:56,618] {scheduler_job.py:629} INFO - Processing file /opt/airflow/dags/helloworld.py for tasks to queue
[2021-05-07 05:31:56,620] {logging_mixin.py:104} INFO - [2021-05-07 05:31:56,619] {dagbag.py:451} INFO - Filling up the DagBag from /opt/airflow/dags/helloworld.py
[2021-05-07 05:31:56,645] {scheduler_job.py:639} INFO - DAG(s) dict_keys(['helloworld_dag']) retrieved from /opt/airflow/dags/helloworld.py
[2021-05-07 05:31:56,683] {logging_mixin.py:104} INFO - [2021-05-07 05:31:56,683] {dag.py:1824} INFO - Sync 1 DAGs
[2021-05-07 05:31:56,711] {logging_mixin.py:104} INFO - [2021-05-07 05:31:56,711] {dag.py:2280} INFO - Setting next_dagrun for helloworld_dag to 2021-05-07 00:00:00+00:00
[2021-05-07 05:31:56,727] {scheduler_job.py:190} INFO - Processing /opt/airflow/dags/helloworld.py took 0.118 seconds
[2021-05-07 05:32:27,564] {scheduler_job.py:182} INFO - Started process (PID=1888) to work on /opt/airflow/dags/helloworld.py
[2021-05-07 05:32:27,567] {scheduler_job.py:629} INFO - Processing file /opt/airflow/dags/helloworld.py for tasks to queue
[2021-05-07 05:32:27,569] {logging_mixin.py:104} INFO - [2021-05-07 05:32:27,569] {dagbag.py:451} INFO - Filling up the DagBag from /opt/airflow/dags/helloworld.py
[2021-05-07 05:32:27,595] {scheduler_job.py:639} INFO - DAG(s) dict_keys(['helloworld_dag']) retrieved from /opt/airflow/dags/helloworld.py
[2021-05-07 05:32:27,635] {logging_mixin.py:104} INFO - [2021-05-07 05:32:27,635] {dag.py:1824} INFO - Sync 1 DAGs
[2021-05-07 05:32:27,664] {logging_mixin.py:104} INFO - [2021-05-07 05:32:27,664] {dag.py:2280} INFO - Setting next_dagrun for helloworld_dag to 2021-05-07 00:00:00+00:00
[2021-05-07 05:32:27,678] {scheduler_job.py:190} INFO - Processing /opt/airflow/dags/helloworld.py took 0.122 seconds
[2021-05-07 05:32:58,268] {scheduler_job.py:182} INFO - Started process (PID=1915) to work on /opt/airflow/dags/helloworld.py
[2021-05-07 05:32:58,270] {scheduler_job.py:629} INFO - Processing file /opt/airflow/dags/helloworld.py for tasks to queue
[2021-05-07 05:32:58,272] {logging_mixin.py:104} INFO - [2021-05-07 05:32:58,272] {dagbag.py:451} INFO - Filling up the DagBag from /opt/airflow/dags/helloworld.py
[2021-05-07 05:32:58,301] {scheduler_job.py:639} INFO - DAG(s) dict_keys(['helloworld_dag']) retrieved from /opt/airflow/dags/helloworld.py
[2021-05-07 05:32:58,336] {logging_mixin.py:104} INFO - [2021-05-07 05:32:58,336] {dag.py:1824} INFO - Sync 1 DAGs
[2021-05-07 05:32:58,362] {logging_mixin.py:104} INFO - [2021-05-07 05:32:58,362] {dag.py:2280} INFO - Setting next_dagrun for helloworld_dag to 2021-05-07 00:00:00+00:00
[2021-05-07 05:32:58,376] {scheduler_job.py:190} INFO - Processing /opt/airflow/dags/helloworld.py took 0.114 seconds
[2021-05-07 05:33:28,926] {scheduler_job.py:182} INFO - Started process (PID=1942) to work on /opt/airflow/dags/helloworld.py
[2021-05-07 05:33:28,937] {scheduler_job.py:629} INFO - Processing file /opt/airflow/dags/helloworld.py for tasks to queue
[2021-05-07 05:33:28,942] {logging_mixin.py:104} INFO - [2021-05-07 05:33:28,941] {dagbag.py:451} INFO - Filling up the DagBag from /opt/airflow/dags/helloworld.py
[2021-05-07 05:33:28,993] {scheduler_job.py:639} INFO - DAG(s) dict_keys(['helloworld_dag']) retrieved from /opt/airflow/dags/helloworld.py
[2021-05-07 05:33:29,061] {logging_mixin.py:104} INFO - [2021-05-07 05:33:29,061] {dag.py:1824} INFO - Sync 1 DAGs
[2021-05-07 05:33:29,111] {logging_mixin.py:104} INFO - [2021-05-07 05:33:29,110] {dag.py:2280} INFO - Setting next_dagrun for helloworld_dag to 2021-05-07 00:00:00+00:00
[2021-05-07 05:33:29,136] {scheduler_job.py:190} INFO - Processing /opt/airflow/dags/helloworld.py took 0.241 seconds
[2021-05-07 05:33:59,264] {scheduler_job.py:182} INFO - Started process (PID=1969) to work on /opt/airflow/dags/helloworld.py
[2021-05-07 05:33:59,270] {scheduler_job.py:629} INFO - Processing file /opt/airflow/dags/helloworld.py for tasks to queue
[2021-05-07 05:33:59,275] {logging_mixin.py:104} INFO - [2021-05-07 05:33:59,274] {dagbag.py:451} INFO - Filling up the DagBag from /opt/airflow/dags/helloworld.py
[2021-05-07 05:33:59,335] {scheduler_job.py:639} INFO - DAG(s) dict_keys(['helloworld_dag']) retrieved from /opt/airflow/dags/helloworld.py
[2021-05-07 05:33:59,431] {logging_mixin.py:104} INFO - [2021-05-07 05:33:59,430] {dag.py:1824} INFO - Sync 1 DAGs
[2021-05-07 05:33:59,494] {logging_mixin.py:104} INFO - [2021-05-07 05:33:59,493] {dag.py:2280} INFO - Setting next_dagrun for helloworld_dag to 2021-05-07 00:00:00+00:00
[2021-05-07 05:33:59,530] {scheduler_job.py:190} INFO - Processing /opt/airflow/dags/helloworld.py took 0.285 seconds
[2021-05-07 05:34:30,419] {scheduler_job.py:182} INFO - Started process (PID=1996) to work on /opt/airflow/dags/helloworld.py
[2021-05-07 05:34:30,429] {scheduler_job.py:629} INFO - Processing file /opt/airflow/dags/helloworld.py for tasks to queue
[2021-05-07 05:34:30,434] {logging_mixin.py:104} INFO - [2021-05-07 05:34:30,434] {dagbag.py:451} INFO - Filling up the DagBag from /opt/airflow/dags/helloworld.py
[2021-05-07 05:34:30,582] {scheduler_job.py:639} INFO - DAG(s) dict_keys(['helloworld_dag']) retrieved from /opt/airflow/dags/helloworld.py
[2021-05-07 05:34:30,762] {logging_mixin.py:104} INFO - [2021-05-07 05:34:30,762] {dag.py:1824} INFO - Sync 1 DAGs
[2021-05-07 05:34:30,920] {logging_mixin.py:104} INFO - [2021-05-07 05:34:30,920] {dag.py:2280} INFO - Setting next_dagrun for helloworld_dag to 2021-05-07 00:00:00+00:00
[2021-05-07 05:34:30,998] {scheduler_job.py:190} INFO - Processing /opt/airflow/dags/helloworld.py took 0.598 seconds
[2021-05-07 05:35:01,455] {scheduler_job.py:182} INFO - Started process (PID=2023) to work on /opt/airflow/dags/helloworld.py
[2021-05-07 05:35:01,464] {scheduler_job.py:629} INFO - Processing file /opt/airflow/dags/helloworld.py for tasks to queue
[2021-05-07 05:35:01,470] {logging_mixin.py:104} INFO - [2021-05-07 05:35:01,470] {dagbag.py:451} INFO - Filling up the DagBag from /opt/airflow/dags/helloworld.py
[2021-05-07 05:35:01,540] {scheduler_job.py:639} INFO - DAG(s) dict_keys(['helloworld_dag']) retrieved from /opt/airflow/dags/helloworld.py
[2021-05-07 05:35:01,628] {logging_mixin.py:104} INFO - [2021-05-07 05:35:01,627] {dag.py:1824} INFO - Sync 1 DAGs
[2021-05-07 05:35:01,692] {logging_mixin.py:104} INFO - [2021-05-07 05:35:01,691] {dag.py:2280} INFO - Setting next_dagrun for helloworld_dag to 2021-05-07 00:00:00+00:00
[2021-05-07 05:35:01,725] {scheduler_job.py:190} INFO - Processing /opt/airflow/dags/helloworld.py took 0.292 seconds
[2021-05-07 05:35:31,822] {scheduler_job.py:182} INFO - Started process (PID=2050) to work on /opt/airflow/dags/helloworld.py
[2021-05-07 05:35:31,829] {scheduler_job.py:629} INFO - Processing file /opt/airflow/dags/helloworld.py for tasks to queue
[2021-05-07 05:35:31,836] {logging_mixin.py:104} INFO - [2021-05-07 05:35:31,835] {dagbag.py:451} INFO - Filling up the DagBag from /opt/airflow/dags/helloworld.py
[2021-05-07 05:35:31,929] {scheduler_job.py:639} INFO - DAG(s) dict_keys(['helloworld_dag']) retrieved from /opt/airflow/dags/helloworld.py
[2021-05-07 05:35:32,047] {logging_mixin.py:104} INFO - [2021-05-07 05:35:32,047] {dag.py:1824} INFO - Sync 1 DAGs
[2021-05-07 05:35:32,148] {logging_mixin.py:104} INFO - [2021-05-07 05:35:32,148] {dag.py:2280} INFO - Setting next_dagrun for helloworld_dag to 2021-05-07 00:00:00+00:00
[2021-05-07 05:35:32,201] {scheduler_job.py:190} INFO - Processing /opt/airflow/dags/helloworld.py took 0.395 seconds
[2021-05-07 05:36:02,967] {scheduler_job.py:182} INFO - Started process (PID=2077) to work on /opt/airflow/dags/helloworld.py
[2021-05-07 05:36:02,973] {scheduler_job.py:629} INFO - Processing file /opt/airflow/dags/helloworld.py for tasks to queue
[2021-05-07 05:36:02,976] {logging_mixin.py:104} INFO - [2021-05-07 05:36:02,976] {dagbag.py:451} INFO - Filling up the DagBag from /opt/airflow/dags/helloworld.py
[2021-05-07 05:36:03,019] {scheduler_job.py:639} INFO - DAG(s) dict_keys(['helloworld_dag']) retrieved from /opt/airflow/dags/helloworld.py
[2021-05-07 05:36:03,088] {logging_mixin.py:104} INFO - [2021-05-07 05:36:03,088] {dag.py:1824} INFO - Sync 1 DAGs
[2021-05-07 05:36:03,141] {logging_mixin.py:104} INFO - [2021-05-07 05:36:03,140] {dag.py:2280} INFO - Setting next_dagrun for helloworld_dag to 2021-05-07 00:00:00+00:00
[2021-05-07 05:36:03,168] {scheduler_job.py:190} INFO - Processing /opt/airflow/dags/helloworld.py took 0.210 seconds
[2021-05-07 05:36:33,600] {scheduler_job.py:182} INFO - Started process (PID=2104) to work on /opt/airflow/dags/helloworld.py
[2021-05-07 05:36:33,603] {scheduler_job.py:629} INFO - Processing file /opt/airflow/dags/helloworld.py for tasks to queue
[2021-05-07 05:36:33,606] {logging_mixin.py:104} INFO - [2021-05-07 05:36:33,606] {dagbag.py:451} INFO - Filling up the DagBag from /opt/airflow/dags/helloworld.py
[2021-05-07 05:36:33,634] {scheduler_job.py:639} INFO - DAG(s) dict_keys(['helloworld_dag']) retrieved from /opt/airflow/dags/helloworld.py
[2021-05-07 05:36:33,675] {logging_mixin.py:104} INFO - [2021-05-07 05:36:33,675] {dag.py:1824} INFO - Sync 1 DAGs
[2021-05-07 05:36:33,708] {logging_mixin.py:104} INFO - [2021-05-07 05:36:33,708] {dag.py:2280} INFO - Setting next_dagrun for helloworld_dag to 2021-05-07 00:00:00+00:00
[2021-05-07 05:36:33,724] {scheduler_job.py:190} INFO - Processing /opt/airflow/dags/helloworld.py took 0.132 seconds
[2021-05-07 05:37:04,582] {scheduler_job.py:182} INFO - Started process (PID=2131) to work on /opt/airflow/dags/helloworld.py
[2021-05-07 05:37:04,586] {scheduler_job.py:629} INFO - Processing file /opt/airflow/dags/helloworld.py for tasks to queue
[2021-05-07 05:37:04,588] {logging_mixin.py:104} INFO - [2021-05-07 05:37:04,588] {dagbag.py:451} INFO - Filling up the DagBag from /opt/airflow/dags/helloworld.py
[2021-05-07 05:37:04,612] {scheduler_job.py:639} INFO - DAG(s) dict_keys(['helloworld_dag']) retrieved from /opt/airflow/dags/helloworld.py
[2021-05-07 05:37:04,651] {logging_mixin.py:104} INFO - [2021-05-07 05:37:04,650] {dag.py:1824} INFO - Sync 1 DAGs
[2021-05-07 05:37:04,686] {logging_mixin.py:104} INFO - [2021-05-07 05:37:04,686] {dag.py:2280} INFO - Setting next_dagrun for helloworld_dag to 2021-05-07 00:00:00+00:00
[2021-05-07 05:37:04,702] {scheduler_job.py:190} INFO - Processing /opt/airflow/dags/helloworld.py took 0.125 seconds
[2021-05-07 05:37:35,491] {scheduler_job.py:182} INFO - Started process (PID=2158) to work on /opt/airflow/dags/helloworld.py
[2021-05-07 05:37:35,495] {scheduler_job.py:629} INFO - Processing file /opt/airflow/dags/helloworld.py for tasks to queue
[2021-05-07 05:37:35,497] {logging_mixin.py:104} INFO - [2021-05-07 05:37:35,497] {dagbag.py:451} INFO - Filling up the DagBag from /opt/airflow/dags/helloworld.py
[2021-05-07 05:37:35,529] {scheduler_job.py:639} INFO - DAG(s) dict_keys(['helloworld_dag']) retrieved from /opt/airflow/dags/helloworld.py
[2021-05-07 05:37:35,584] {logging_mixin.py:104} INFO - [2021-05-07 05:37:35,583] {dag.py:1824} INFO - Sync 1 DAGs
[2021-05-07 05:37:35,629] {logging_mixin.py:104} INFO - [2021-05-07 05:37:35,629] {dag.py:2280} INFO - Setting next_dagrun for helloworld_dag to 2021-05-07 00:00:00+00:00
[2021-05-07 05:37:35,660] {scheduler_job.py:190} INFO - Processing /opt/airflow/dags/helloworld.py took 0.176 seconds
[2021-05-07 05:38:06,229] {scheduler_job.py:182} INFO - Started process (PID=2185) to work on /opt/airflow/dags/helloworld.py
[2021-05-07 05:38:06,233] {scheduler_job.py:629} INFO - Processing file /opt/airflow/dags/helloworld.py for tasks to queue
[2021-05-07 05:38:06,235] {logging_mixin.py:104} INFO - [2021-05-07 05:38:06,235] {dagbag.py:451} INFO - Filling up the DagBag from /opt/airflow/dags/helloworld.py
[2021-05-07 05:38:06,269] {scheduler_job.py:639} INFO - DAG(s) dict_keys(['helloworld_dag']) retrieved from /opt/airflow/dags/helloworld.py
[2021-05-07 05:38:06,323] {logging_mixin.py:104} INFO - [2021-05-07 05:38:06,323] {dag.py:1824} INFO - Sync 1 DAGs
[2021-05-07 05:38:06,367] {logging_mixin.py:104} INFO - [2021-05-07 05:38:06,367] {dag.py:2280} INFO - Setting next_dagrun for helloworld_dag to 2021-05-07 00:00:00+00:00
[2021-05-07 05:38:06,390] {scheduler_job.py:190} INFO - Processing /opt/airflow/dags/helloworld.py took 0.168 seconds
[2021-05-07 05:38:36,947] {scheduler_job.py:182} INFO - Started process (PID=2212) to work on /opt/airflow/dags/helloworld.py
[2021-05-07 05:38:36,953] {scheduler_job.py:629} INFO - Processing file /opt/airflow/dags/helloworld.py for tasks to queue
[2021-05-07 05:38:36,956] {logging_mixin.py:104} INFO - [2021-05-07 05:38:36,955] {dagbag.py:451} INFO - Filling up the DagBag from /opt/airflow/dags/helloworld.py
[2021-05-07 05:38:37,004] {scheduler_job.py:639} INFO - DAG(s) dict_keys(['helloworld_dag']) retrieved from /opt/airflow/dags/helloworld.py
[2021-05-07 05:38:37,055] {logging_mixin.py:104} INFO - [2021-05-07 05:38:37,055] {dag.py:1824} INFO - Sync 1 DAGs
[2021-05-07 05:38:37,093] {logging_mixin.py:104} INFO - [2021-05-07 05:38:37,093] {dag.py:2280} INFO - Setting next_dagrun for helloworld_dag to 2021-05-07 00:00:00+00:00
[2021-05-07 05:38:37,126] {scheduler_job.py:190} INFO - Processing /opt/airflow/dags/helloworld.py took 0.186 seconds
[2021-05-07 05:39:07,199] {scheduler_job.py:182} INFO - Started process (PID=2239) to work on /opt/airflow/dags/helloworld.py
[2021-05-07 05:39:07,203] {scheduler_job.py:629} INFO - Processing file /opt/airflow/dags/helloworld.py for tasks to queue
[2021-05-07 05:39:07,205] {logging_mixin.py:104} INFO - [2021-05-07 05:39:07,205] {dagbag.py:451} INFO - Filling up the DagBag from /opt/airflow/dags/helloworld.py
[2021-05-07 05:39:07,234] {scheduler_job.py:639} INFO - DAG(s) dict_keys(['helloworld_dag']) retrieved from /opt/airflow/dags/helloworld.py
[2021-05-07 05:39:07,272] {logging_mixin.py:104} INFO - [2021-05-07 05:39:07,272] {dag.py:1824} INFO - Sync 1 DAGs
[2021-05-07 05:39:07,299] {logging_mixin.py:104} INFO - [2021-05-07 05:39:07,299] {dag.py:2280} INFO - Setting next_dagrun for helloworld_dag to 2021-05-07 00:00:00+00:00
[2021-05-07 05:39:07,316] {scheduler_job.py:190} INFO - Processing /opt/airflow/dags/helloworld.py took 0.121 seconds
[2021-05-07 05:39:37,969] {scheduler_job.py:182} INFO - Started process (PID=2266) to work on /opt/airflow/dags/helloworld.py
[2021-05-07 05:39:37,973] {scheduler_job.py:629} INFO - Processing file /opt/airflow/dags/helloworld.py for tasks to queue
[2021-05-07 05:39:37,975] {logging_mixin.py:104} INFO - [2021-05-07 05:39:37,974] {dagbag.py:451} INFO - Filling up the DagBag from /opt/airflow/dags/helloworld.py
[2021-05-07 05:39:38,008] {scheduler_job.py:639} INFO - DAG(s) dict_keys(['helloworld_dag']) retrieved from /opt/airflow/dags/helloworld.py
[2021-05-07 05:39:38,042] {logging_mixin.py:104} INFO - [2021-05-07 05:39:38,042] {dag.py:1824} INFO - Sync 1 DAGs
[2021-05-07 05:39:38,065] {logging_mixin.py:104} INFO - [2021-05-07 05:39:38,065] {dag.py:2280} INFO - Setting next_dagrun for helloworld_dag to 2021-05-07 00:00:00+00:00
[2021-05-07 05:39:38,081] {scheduler_job.py:190} INFO - Processing /opt/airflow/dags/helloworld.py took 0.117 seconds
[2021-05-07 05:40:08,907] {scheduler_job.py:182} INFO - Started process (PID=2293) to work on /opt/airflow/dags/helloworld.py
[2021-05-07 05:40:08,910] {scheduler_job.py:629} INFO - Processing file /opt/airflow/dags/helloworld.py for tasks to queue
[2021-05-07 05:40:08,912] {logging_mixin.py:104} INFO - [2021-05-07 05:40:08,912] {dagbag.py:451} INFO - Filling up the DagBag from /opt/airflow/dags/helloworld.py
[2021-05-07 05:40:08,938] {scheduler_job.py:639} INFO - DAG(s) dict_keys(['helloworld_dag']) retrieved from /opt/airflow/dags/helloworld.py
[2021-05-07 05:40:08,972] {logging_mixin.py:104} INFO - [2021-05-07 05:40:08,971] {dag.py:1824} INFO - Sync 1 DAGs
[2021-05-07 05:40:08,997] {logging_mixin.py:104} INFO - [2021-05-07 05:40:08,997] {dag.py:2280} INFO - Setting next_dagrun for helloworld_dag to 2021-05-07 00:00:00+00:00
[2021-05-07 05:40:09,010] {scheduler_job.py:190} INFO - Processing /opt/airflow/dags/helloworld.py took 0.109 seconds
[2021-05-07 05:40:39,639] {scheduler_job.py:182} INFO - Started process (PID=2320) to work on /opt/airflow/dags/helloworld.py
[2021-05-07 05:40:39,643] {scheduler_job.py:629} INFO - Processing file /opt/airflow/dags/helloworld.py for tasks to queue
[2021-05-07 05:40:39,645] {logging_mixin.py:104} INFO - [2021-05-07 05:40:39,645] {dagbag.py:451} INFO - Filling up the DagBag from /opt/airflow/dags/helloworld.py
[2021-05-07 05:40:39,678] {scheduler_job.py:639} INFO - DAG(s) dict_keys(['helloworld_dag']) retrieved from /opt/airflow/dags/helloworld.py
[2021-05-07 05:40:39,725] {logging_mixin.py:104} INFO - [2021-05-07 05:40:39,725] {dag.py:1824} INFO - Sync 1 DAGs
[2021-05-07 05:40:39,759] {logging_mixin.py:104} INFO - [2021-05-07 05:40:39,759] {dag.py:2280} INFO - Setting next_dagrun for helloworld_dag to 2021-05-07 00:00:00+00:00
[2021-05-07 05:40:39,777] {scheduler_job.py:190} INFO - Processing /opt/airflow/dags/helloworld.py took 0.144 seconds
[2021-05-07 05:41:10,809] {scheduler_job.py:182} INFO - Started process (PID=2347) to work on /opt/airflow/dags/helloworld.py
[2021-05-07 05:41:10,815] {scheduler_job.py:629} INFO - Processing file /opt/airflow/dags/helloworld.py for tasks to queue
[2021-05-07 05:41:10,819] {logging_mixin.py:104} INFO - [2021-05-07 05:41:10,818] {dagbag.py:451} INFO - Filling up the DagBag from /opt/airflow/dags/helloworld.py
[2021-05-07 05:41:10,866] {scheduler_job.py:639} INFO - DAG(s) dict_keys(['helloworld_dag']) retrieved from /opt/airflow/dags/helloworld.py
[2021-05-07 05:41:10,934] {logging_mixin.py:104} INFO - [2021-05-07 05:41:10,934] {dag.py:1824} INFO - Sync 1 DAGs
[2021-05-07 05:41:10,981] {logging_mixin.py:104} INFO - [2021-05-07 05:41:10,980] {dag.py:2280} INFO - Setting next_dagrun for helloworld_dag to 2021-05-07 00:00:00+00:00
[2021-05-07 05:41:11,003] {scheduler_job.py:190} INFO - Processing /opt/airflow/dags/helloworld.py took 0.205 seconds
