[2021-05-08 06:49:59,292] {scheduler_job.py:182} INFO - Started process (PID=48) to work on /opt/airflow/dags/helloworld.py
[2021-05-08 06:49:59,298] {scheduler_job.py:629} INFO - Processing file /opt/airflow/dags/helloworld.py for tasks to queue
[2021-05-08 06:49:59,313] {logging_mixin.py:104} INFO - [2021-05-08 06:49:59,313] {dagbag.py:451} INFO - Filling up the DagBag from /opt/airflow/dags/helloworld.py
[2021-05-08 06:49:59,407] {logging_mixin.py:104} INFO - [2021-05-08 06:49:59,398] {dagbag.py:308} ERROR - Failed to import: /opt/airflow/dags/helloworld.py
Traceback (most recent call last):
  File "/home/airflow/.local/lib/python3.6/site-packages/airflow/models/dagbag.py", line 305, in _load_modules_from_file
    loader.exec_module(new_module)
  File "<frozen importlib._bootstrap_external>", line 678, in exec_module
  File "<frozen importlib._bootstrap>", line 219, in _call_with_frames_removed
  File "/opt/airflow/dags/helloworld.py", line 5, in <module>
    from airflow.utils import apply_defaults
ImportError: cannot import name 'apply_defaults'
[2021-05-08 06:49:59,419] {scheduler_job.py:641} WARNING - No viable dags retrieved from /opt/airflow/dags/helloworld.py
[2021-05-08 06:49:59,508] {scheduler_job.py:190} INFO - Processing /opt/airflow/dags/helloworld.py took 0.236 seconds
[2021-05-08 06:50:25,074] {scheduler_job.py:182} INFO - Started process (PID=58) to work on /opt/airflow/dags/helloworld.py
[2021-05-08 06:50:25,077] {scheduler_job.py:629} INFO - Processing file /opt/airflow/dags/helloworld.py for tasks to queue
[2021-05-08 06:50:25,078] {logging_mixin.py:104} INFO - [2021-05-08 06:50:25,078] {dagbag.py:451} INFO - Filling up the DagBag from /opt/airflow/dags/helloworld.py
[2021-05-08 06:50:25,092] {logging_mixin.py:104} INFO - [2021-05-08 06:50:25,089] {dagbag.py:308} ERROR - Failed to import: /opt/airflow/dags/helloworld.py
Traceback (most recent call last):
  File "/home/airflow/.local/lib/python3.6/site-packages/airflow/models/dagbag.py", line 305, in _load_modules_from_file
    loader.exec_module(new_module)
  File "<frozen importlib._bootstrap_external>", line 678, in exec_module
  File "<frozen importlib._bootstrap>", line 219, in _call_with_frames_removed
  File "/opt/airflow/dags/helloworld.py", line 5, in <module>
    from airflow.utils import apply_defaults
ImportError: cannot import name 'apply_defaults'
[2021-05-08 06:50:25,095] {scheduler_job.py:641} WARNING - No viable dags retrieved from /opt/airflow/dags/helloworld.py
[2021-05-08 06:50:25,119] {scheduler_job.py:190} INFO - Processing /opt/airflow/dags/helloworld.py took 0.049 seconds
[2021-05-08 06:50:55,389] {scheduler_job.py:182} INFO - Started process (PID=85) to work on /opt/airflow/dags/helloworld.py
[2021-05-08 06:50:55,392] {scheduler_job.py:629} INFO - Processing file /opt/airflow/dags/helloworld.py for tasks to queue
[2021-05-08 06:50:55,395] {logging_mixin.py:104} INFO - [2021-05-08 06:50:55,394] {dagbag.py:451} INFO - Filling up the DagBag from /opt/airflow/dags/helloworld.py
[2021-05-08 06:50:55,417] {logging_mixin.py:104} INFO - [2021-05-08 06:50:55,415] {dagbag.py:308} ERROR - Failed to import: /opt/airflow/dags/helloworld.py
Traceback (most recent call last):
  File "/home/airflow/.local/lib/python3.6/site-packages/airflow/models/dagbag.py", line 305, in _load_modules_from_file
    loader.exec_module(new_module)
  File "<frozen importlib._bootstrap_external>", line 678, in exec_module
  File "<frozen importlib._bootstrap>", line 219, in _call_with_frames_removed
  File "/opt/airflow/dags/helloworld.py", line 5, in <module>
    from airflow.utils import apply_defaults
ImportError: cannot import name 'apply_defaults'
[2021-05-08 06:50:55,419] {scheduler_job.py:641} WARNING - No viable dags retrieved from /opt/airflow/dags/helloworld.py
[2021-05-08 06:50:55,443] {scheduler_job.py:190} INFO - Processing /opt/airflow/dags/helloworld.py took 0.057 seconds
[2021-05-08 06:51:26,183] {scheduler_job.py:182} INFO - Started process (PID=112) to work on /opt/airflow/dags/helloworld.py
[2021-05-08 06:51:26,185] {scheduler_job.py:629} INFO - Processing file /opt/airflow/dags/helloworld.py for tasks to queue
[2021-05-08 06:51:26,187] {logging_mixin.py:104} INFO - [2021-05-08 06:51:26,187] {dagbag.py:451} INFO - Filling up the DagBag from /opt/airflow/dags/helloworld.py
[2021-05-08 06:51:26,200] {logging_mixin.py:104} INFO - [2021-05-08 06:51:26,197] {dagbag.py:308} ERROR - Failed to import: /opt/airflow/dags/helloworld.py
Traceback (most recent call last):
  File "/home/airflow/.local/lib/python3.6/site-packages/airflow/models/dagbag.py", line 305, in _load_modules_from_file
    loader.exec_module(new_module)
  File "<frozen importlib._bootstrap_external>", line 678, in exec_module
  File "<frozen importlib._bootstrap>", line 219, in _call_with_frames_removed
  File "/opt/airflow/dags/helloworld.py", line 5, in <module>
    from airflow.utils import apply_defaults
ImportError: cannot import name 'apply_defaults'
[2021-05-08 06:51:26,202] {scheduler_job.py:641} WARNING - No viable dags retrieved from /opt/airflow/dags/helloworld.py
[2021-05-08 06:51:26,226] {scheduler_job.py:190} INFO - Processing /opt/airflow/dags/helloworld.py took 0.047 seconds
[2021-05-08 06:51:56,851] {scheduler_job.py:182} INFO - Started process (PID=139) to work on /opt/airflow/dags/helloworld.py
[2021-05-08 06:51:56,853] {scheduler_job.py:629} INFO - Processing file /opt/airflow/dags/helloworld.py for tasks to queue
[2021-05-08 06:51:56,854] {logging_mixin.py:104} INFO - [2021-05-08 06:51:56,854] {dagbag.py:451} INFO - Filling up the DagBag from /opt/airflow/dags/helloworld.py
[2021-05-08 06:51:56,876] {logging_mixin.py:104} INFO - [2021-05-08 06:51:56,874] {dagbag.py:308} ERROR - Failed to import: /opt/airflow/dags/helloworld.py
Traceback (most recent call last):
  File "/home/airflow/.local/lib/python3.6/site-packages/airflow/models/dagbag.py", line 305, in _load_modules_from_file
    loader.exec_module(new_module)
  File "<frozen importlib._bootstrap_external>", line 678, in exec_module
  File "<frozen importlib._bootstrap>", line 219, in _call_with_frames_removed
  File "/opt/airflow/dags/helloworld.py", line 5, in <module>
    from airflow.utils import apply_defaults
ImportError: cannot import name 'apply_defaults'
[2021-05-08 06:51:56,878] {scheduler_job.py:641} WARNING - No viable dags retrieved from /opt/airflow/dags/helloworld.py
[2021-05-08 06:51:56,900] {scheduler_job.py:190} INFO - Processing /opt/airflow/dags/helloworld.py took 0.053 seconds
[2021-05-08 06:52:18,278] {scheduler_job.py:182} INFO - Started process (PID=166) to work on /opt/airflow/dags/helloworld.py
[2021-05-08 06:52:18,281] {scheduler_job.py:629} INFO - Processing file /opt/airflow/dags/helloworld.py for tasks to queue
[2021-05-08 06:52:18,282] {logging_mixin.py:104} INFO - [2021-05-08 06:52:18,282] {dagbag.py:451} INFO - Filling up the DagBag from /opt/airflow/dags/helloworld.py
[2021-05-08 06:52:18,297] {logging_mixin.py:104} INFO - [2021-05-08 06:52:18,295] {dagbag.py:308} ERROR - Failed to import: /opt/airflow/dags/helloworld.py
Traceback (most recent call last):
  File "/home/airflow/.local/lib/python3.6/site-packages/airflow/models/dagbag.py", line 305, in _load_modules_from_file
    loader.exec_module(new_module)
  File "<frozen importlib._bootstrap_external>", line 678, in exec_module
  File "<frozen importlib._bootstrap>", line 219, in _call_with_frames_removed
  File "/opt/airflow/dags/helloworld.py", line 5, in <module>
    from airflow.utils import apply_defaults
ImportError: cannot import name 'apply_defaults'
[2021-05-08 06:52:18,300] {scheduler_job.py:641} WARNING - No viable dags retrieved from /opt/airflow/dags/helloworld.py
[2021-05-08 06:52:18,328] {scheduler_job.py:190} INFO - Processing /opt/airflow/dags/helloworld.py took 0.054 seconds
[2021-05-08 06:52:48,983] {scheduler_job.py:182} INFO - Started process (PID=193) to work on /opt/airflow/dags/helloworld.py
[2021-05-08 06:52:48,986] {scheduler_job.py:629} INFO - Processing file /opt/airflow/dags/helloworld.py for tasks to queue
[2021-05-08 06:52:48,988] {logging_mixin.py:104} INFO - [2021-05-08 06:52:48,988] {dagbag.py:451} INFO - Filling up the DagBag from /opt/airflow/dags/helloworld.py
[2021-05-08 06:52:49,002] {logging_mixin.py:104} INFO - [2021-05-08 06:52:49,000] {dagbag.py:308} ERROR - Failed to import: /opt/airflow/dags/helloworld.py
Traceback (most recent call last):
  File "/home/airflow/.local/lib/python3.6/site-packages/airflow/models/dagbag.py", line 305, in _load_modules_from_file
    loader.exec_module(new_module)
  File "<frozen importlib._bootstrap_external>", line 678, in exec_module
  File "<frozen importlib._bootstrap>", line 219, in _call_with_frames_removed
  File "/opt/airflow/dags/helloworld.py", line 5, in <module>
    from airflow.utils import apply_defaults
ImportError: cannot import name 'apply_defaults'
[2021-05-08 06:52:49,006] {scheduler_job.py:641} WARNING - No viable dags retrieved from /opt/airflow/dags/helloworld.py
[2021-05-08 06:52:49,047] {scheduler_job.py:190} INFO - Processing /opt/airflow/dags/helloworld.py took 0.069 seconds
[2021-05-08 06:53:19,723] {scheduler_job.py:182} INFO - Started process (PID=220) to work on /opt/airflow/dags/helloworld.py
[2021-05-08 06:53:19,725] {scheduler_job.py:629} INFO - Processing file /opt/airflow/dags/helloworld.py for tasks to queue
[2021-05-08 06:53:19,729] {logging_mixin.py:104} INFO - [2021-05-08 06:53:19,728] {dagbag.py:451} INFO - Filling up the DagBag from /opt/airflow/dags/helloworld.py
[2021-05-08 06:53:19,758] {logging_mixin.py:104} INFO - [2021-05-08 06:53:19,754] {dagbag.py:308} ERROR - Failed to import: /opt/airflow/dags/helloworld.py
Traceback (most recent call last):
  File "/home/airflow/.local/lib/python3.6/site-packages/airflow/models/dagbag.py", line 305, in _load_modules_from_file
    loader.exec_module(new_module)
  File "<frozen importlib._bootstrap_external>", line 678, in exec_module
  File "<frozen importlib._bootstrap>", line 219, in _call_with_frames_removed
  File "/opt/airflow/dags/helloworld.py", line 5, in <module>
    from airflow.utils import apply_defaults
ImportError: cannot import name 'apply_defaults'
[2021-05-08 06:53:19,762] {scheduler_job.py:641} WARNING - No viable dags retrieved from /opt/airflow/dags/helloworld.py
[2021-05-08 06:53:19,793] {scheduler_job.py:190} INFO - Processing /opt/airflow/dags/helloworld.py took 0.075 seconds
[2021-05-08 06:53:50,331] {scheduler_job.py:182} INFO - Started process (PID=247) to work on /opt/airflow/dags/helloworld.py
[2021-05-08 06:53:50,333] {scheduler_job.py:629} INFO - Processing file /opt/airflow/dags/helloworld.py for tasks to queue
[2021-05-08 06:53:50,335] {logging_mixin.py:104} INFO - [2021-05-08 06:53:50,335] {dagbag.py:451} INFO - Filling up the DagBag from /opt/airflow/dags/helloworld.py
[2021-05-08 06:53:50,348] {logging_mixin.py:104} INFO - [2021-05-08 06:53:50,345] {dagbag.py:308} ERROR - Failed to import: /opt/airflow/dags/helloworld.py
Traceback (most recent call last):
  File "/home/airflow/.local/lib/python3.6/site-packages/airflow/models/dagbag.py", line 305, in _load_modules_from_file
    loader.exec_module(new_module)
  File "<frozen importlib._bootstrap_external>", line 678, in exec_module
  File "<frozen importlib._bootstrap>", line 219, in _call_with_frames_removed
  File "/opt/airflow/dags/helloworld.py", line 5, in <module>
    from airflow.utils import apply_defaults
ImportError: cannot import name 'apply_defaults'
[2021-05-08 06:53:50,350] {scheduler_job.py:641} WARNING - No viable dags retrieved from /opt/airflow/dags/helloworld.py
[2021-05-08 06:53:50,374] {scheduler_job.py:190} INFO - Processing /opt/airflow/dags/helloworld.py took 0.047 seconds
[2021-05-08 06:54:20,997] {scheduler_job.py:182} INFO - Started process (PID=274) to work on /opt/airflow/dags/helloworld.py
[2021-05-08 06:54:21,001] {scheduler_job.py:629} INFO - Processing file /opt/airflow/dags/helloworld.py for tasks to queue
[2021-05-08 06:54:21,004] {logging_mixin.py:104} INFO - [2021-05-08 06:54:21,003] {dagbag.py:451} INFO - Filling up the DagBag from /opt/airflow/dags/helloworld.py
[2021-05-08 06:54:21,024] {logging_mixin.py:104} INFO - [2021-05-08 06:54:21,020] {dagbag.py:308} ERROR - Failed to import: /opt/airflow/dags/helloworld.py
Traceback (most recent call last):
  File "/home/airflow/.local/lib/python3.6/site-packages/airflow/models/dagbag.py", line 305, in _load_modules_from_file
    loader.exec_module(new_module)
  File "<frozen importlib._bootstrap_external>", line 678, in exec_module
  File "<frozen importlib._bootstrap>", line 219, in _call_with_frames_removed
  File "/opt/airflow/dags/helloworld.py", line 5, in <module>
    from airflow.utils import apply_defaults
ImportError: cannot import name 'apply_defaults'
[2021-05-08 06:54:21,029] {scheduler_job.py:641} WARNING - No viable dags retrieved from /opt/airflow/dags/helloworld.py
[2021-05-08 06:54:21,069] {scheduler_job.py:190} INFO - Processing /opt/airflow/dags/helloworld.py took 0.078 seconds
[2021-05-08 06:54:51,859] {scheduler_job.py:182} INFO - Started process (PID=301) to work on /opt/airflow/dags/helloworld.py
[2021-05-08 06:54:51,861] {scheduler_job.py:629} INFO - Processing file /opt/airflow/dags/helloworld.py for tasks to queue
[2021-05-08 06:54:51,863] {logging_mixin.py:104} INFO - [2021-05-08 06:54:51,863] {dagbag.py:451} INFO - Filling up the DagBag from /opt/airflow/dags/helloworld.py
[2021-05-08 06:54:51,880] {logging_mixin.py:104} INFO - [2021-05-08 06:54:51,875] {dagbag.py:308} ERROR - Failed to import: /opt/airflow/dags/helloworld.py
Traceback (most recent call last):
  File "/home/airflow/.local/lib/python3.6/site-packages/airflow/models/dagbag.py", line 305, in _load_modules_from_file
    loader.exec_module(new_module)
  File "<frozen importlib._bootstrap_external>", line 678, in exec_module
  File "<frozen importlib._bootstrap>", line 219, in _call_with_frames_removed
  File "/opt/airflow/dags/helloworld.py", line 5, in <module>
    from airflow.utils import apply_defaults
ImportError: cannot import name 'apply_defaults'
[2021-05-08 06:54:51,883] {scheduler_job.py:641} WARNING - No viable dags retrieved from /opt/airflow/dags/helloworld.py
[2021-05-08 06:54:51,915] {scheduler_job.py:190} INFO - Processing /opt/airflow/dags/helloworld.py took 0.062 seconds
[2021-05-08 06:55:22,619] {scheduler_job.py:182} INFO - Started process (PID=328) to work on /opt/airflow/dags/helloworld.py
[2021-05-08 06:55:22,621] {scheduler_job.py:629} INFO - Processing file /opt/airflow/dags/helloworld.py for tasks to queue
[2021-05-08 06:55:22,623] {logging_mixin.py:104} INFO - [2021-05-08 06:55:22,623] {dagbag.py:451} INFO - Filling up the DagBag from /opt/airflow/dags/helloworld.py
[2021-05-08 06:55:22,637] {logging_mixin.py:104} INFO - [2021-05-08 06:55:22,634] {dagbag.py:308} ERROR - Failed to import: /opt/airflow/dags/helloworld.py
Traceback (most recent call last):
  File "/home/airflow/.local/lib/python3.6/site-packages/airflow/models/dagbag.py", line 305, in _load_modules_from_file
    loader.exec_module(new_module)
  File "<frozen importlib._bootstrap_external>", line 678, in exec_module
  File "<frozen importlib._bootstrap>", line 219, in _call_with_frames_removed
  File "/opt/airflow/dags/helloworld.py", line 5, in <module>
    from airflow.utils import apply_defaults
ImportError: cannot import name 'apply_defaults'
[2021-05-08 06:55:22,640] {scheduler_job.py:641} WARNING - No viable dags retrieved from /opt/airflow/dags/helloworld.py
[2021-05-08 06:55:22,667] {scheduler_job.py:190} INFO - Processing /opt/airflow/dags/helloworld.py took 0.052 seconds
[2021-05-08 06:55:52,996] {scheduler_job.py:182} INFO - Started process (PID=355) to work on /opt/airflow/dags/helloworld.py
[2021-05-08 06:55:52,998] {scheduler_job.py:629} INFO - Processing file /opt/airflow/dags/helloworld.py for tasks to queue
[2021-05-08 06:55:53,000] {logging_mixin.py:104} INFO - [2021-05-08 06:55:53,000] {dagbag.py:451} INFO - Filling up the DagBag from /opt/airflow/dags/helloworld.py
[2021-05-08 06:55:53,011] {logging_mixin.py:104} INFO - [2021-05-08 06:55:53,008] {dagbag.py:308} ERROR - Failed to import: /opt/airflow/dags/helloworld.py
Traceback (most recent call last):
  File "/home/airflow/.local/lib/python3.6/site-packages/airflow/models/dagbag.py", line 305, in _load_modules_from_file
    loader.exec_module(new_module)
  File "<frozen importlib._bootstrap_external>", line 678, in exec_module
  File "<frozen importlib._bootstrap>", line 219, in _call_with_frames_removed
  File "/opt/airflow/dags/helloworld.py", line 5, in <module>
    from airflow.utils import apply_defaults
ImportError: cannot import name 'apply_defaults'
[2021-05-08 06:55:53,013] {scheduler_job.py:641} WARNING - No viable dags retrieved from /opt/airflow/dags/helloworld.py
[2021-05-08 06:55:53,037] {scheduler_job.py:190} INFO - Processing /opt/airflow/dags/helloworld.py took 0.045 seconds
[2021-05-08 06:56:23,650] {scheduler_job.py:182} INFO - Started process (PID=382) to work on /opt/airflow/dags/helloworld.py
[2021-05-08 06:56:23,652] {scheduler_job.py:629} INFO - Processing file /opt/airflow/dags/helloworld.py for tasks to queue
[2021-05-08 06:56:23,653] {logging_mixin.py:104} INFO - [2021-05-08 06:56:23,653] {dagbag.py:451} INFO - Filling up the DagBag from /opt/airflow/dags/helloworld.py
[2021-05-08 06:56:23,666] {logging_mixin.py:104} INFO - [2021-05-08 06:56:23,664] {dagbag.py:308} ERROR - Failed to import: /opt/airflow/dags/helloworld.py
Traceback (most recent call last):
  File "/home/airflow/.local/lib/python3.6/site-packages/airflow/models/dagbag.py", line 305, in _load_modules_from_file
    loader.exec_module(new_module)
  File "<frozen importlib._bootstrap_external>", line 678, in exec_module
  File "<frozen importlib._bootstrap>", line 219, in _call_with_frames_removed
  File "/opt/airflow/dags/helloworld.py", line 5, in <module>
    from airflow.utils import apply_defaults
ImportError: cannot import name 'apply_defaults'
[2021-05-08 06:56:23,668] {scheduler_job.py:641} WARNING - No viable dags retrieved from /opt/airflow/dags/helloworld.py
[2021-05-08 06:56:23,697] {scheduler_job.py:190} INFO - Processing /opt/airflow/dags/helloworld.py took 0.051 seconds
[2021-05-08 06:56:54,301] {scheduler_job.py:182} INFO - Started process (PID=409) to work on /opt/airflow/dags/helloworld.py
[2021-05-08 06:56:54,303] {scheduler_job.py:629} INFO - Processing file /opt/airflow/dags/helloworld.py for tasks to queue
[2021-05-08 06:56:54,304] {logging_mixin.py:104} INFO - [2021-05-08 06:56:54,304] {dagbag.py:451} INFO - Filling up the DagBag from /opt/airflow/dags/helloworld.py
[2021-05-08 06:56:54,329] {logging_mixin.py:104} INFO - [2021-05-08 06:56:54,325] {dagbag.py:308} ERROR - Failed to import: /opt/airflow/dags/helloworld.py
Traceback (most recent call last):
  File "/home/airflow/.local/lib/python3.6/site-packages/airflow/models/dagbag.py", line 305, in _load_modules_from_file
    loader.exec_module(new_module)
  File "<frozen importlib._bootstrap_external>", line 678, in exec_module
  File "<frozen importlib._bootstrap>", line 219, in _call_with_frames_removed
  File "/opt/airflow/dags/helloworld.py", line 29, in <module>
    task4 = MyOperator(name='abc',tast_id='t4',dag=dag,trigger_rule='one_success')
  File "/home/airflow/.local/lib/python3.6/site-packages/airflow/models/baseoperator.py", line 89, in __call__
    obj: BaseOperator = type.__call__(cls, *args, **kwargs)
  File "/home/airflow/.local/lib/python3.6/site-packages/airflow/utils/decorators.py", line 94, in wrapper
    result = func(*args, **kwargs)
  File "/opt/airflow/dags/helloworld.py", line 14, in __init__
    super().__init__(*args,**kwargs)
  File "/home/airflow/.local/lib/python3.6/site-packages/airflow/utils/decorators.py", line 90, in wrapper
    raise AirflowException(msg)
airflow.exceptions.AirflowException: Argument ['task_id'] is required
[2021-05-08 06:56:54,331] {scheduler_job.py:641} WARNING - No viable dags retrieved from /opt/airflow/dags/helloworld.py
[2021-05-08 06:56:54,356] {scheduler_job.py:190} INFO - Processing /opt/airflow/dags/helloworld.py took 0.059 seconds
[2021-05-08 06:57:24,986] {scheduler_job.py:182} INFO - Started process (PID=436) to work on /opt/airflow/dags/helloworld.py
[2021-05-08 06:57:24,989] {scheduler_job.py:629} INFO - Processing file /opt/airflow/dags/helloworld.py for tasks to queue
[2021-05-08 06:57:24,991] {logging_mixin.py:104} INFO - [2021-05-08 06:57:24,991] {dagbag.py:451} INFO - Filling up the DagBag from /opt/airflow/dags/helloworld.py
[2021-05-08 06:57:25,010] {logging_mixin.py:104} INFO - [2021-05-08 06:57:25,006] {dagbag.py:308} ERROR - Failed to import: /opt/airflow/dags/helloworld.py
Traceback (most recent call last):
  File "/home/airflow/.local/lib/python3.6/site-packages/airflow/models/dagbag.py", line 305, in _load_modules_from_file
    loader.exec_module(new_module)
  File "<frozen importlib._bootstrap_external>", line 678, in exec_module
  File "<frozen importlib._bootstrap>", line 219, in _call_with_frames_removed
  File "/opt/airflow/dags/helloworld.py", line 29, in <module>
    task4 = MyOperator(name='abc',tast_id='t4',dag=dag,trigger_rule='one_success')
  File "/home/airflow/.local/lib/python3.6/site-packages/airflow/models/baseoperator.py", line 89, in __call__
    obj: BaseOperator = type.__call__(cls, *args, **kwargs)
  File "/home/airflow/.local/lib/python3.6/site-packages/airflow/utils/decorators.py", line 94, in wrapper
    result = func(*args, **kwargs)
  File "/opt/airflow/dags/helloworld.py", line 14, in __init__
    super().__init__(*args,**kwargs)
  File "/home/airflow/.local/lib/python3.6/site-packages/airflow/utils/decorators.py", line 90, in wrapper
    raise AirflowException(msg)
airflow.exceptions.AirflowException: Argument ['task_id'] is required
[2021-05-08 06:57:25,014] {scheduler_job.py:641} WARNING - No viable dags retrieved from /opt/airflow/dags/helloworld.py
[2021-05-08 06:57:25,042] {scheduler_job.py:190} INFO - Processing /opt/airflow/dags/helloworld.py took 0.061 seconds
[2021-05-08 06:57:55,910] {scheduler_job.py:182} INFO - Started process (PID=463) to work on /opt/airflow/dags/helloworld.py
[2021-05-08 06:57:55,913] {scheduler_job.py:629} INFO - Processing file /opt/airflow/dags/helloworld.py for tasks to queue
[2021-05-08 06:57:55,916] {logging_mixin.py:104} INFO - [2021-05-08 06:57:55,916] {dagbag.py:451} INFO - Filling up the DagBag from /opt/airflow/dags/helloworld.py
[2021-05-08 06:57:55,936] {logging_mixin.py:104} INFO - [2021-05-08 06:57:55,932] {dagbag.py:308} ERROR - Failed to import: /opt/airflow/dags/helloworld.py
Traceback (most recent call last):
  File "/home/airflow/.local/lib/python3.6/site-packages/airflow/models/dagbag.py", line 305, in _load_modules_from_file
    loader.exec_module(new_module)
  File "<frozen importlib._bootstrap_external>", line 678, in exec_module
  File "<frozen importlib._bootstrap>", line 219, in _call_with_frames_removed
  File "/opt/airflow/dags/helloworld.py", line 29, in <module>
    task4 = MyOperator(name='abc',tast_id='t4',dag=dag,trigger_rule='one_success')
  File "/home/airflow/.local/lib/python3.6/site-packages/airflow/models/baseoperator.py", line 89, in __call__
    obj: BaseOperator = type.__call__(cls, *args, **kwargs)
  File "/home/airflow/.local/lib/python3.6/site-packages/airflow/utils/decorators.py", line 94, in wrapper
    result = func(*args, **kwargs)
  File "/opt/airflow/dags/helloworld.py", line 14, in __init__
    super().__init__(*args,**kwargs)
  File "/home/airflow/.local/lib/python3.6/site-packages/airflow/utils/decorators.py", line 90, in wrapper
    raise AirflowException(msg)
airflow.exceptions.AirflowException: Argument ['task_id'] is required
[2021-05-08 06:57:55,938] {scheduler_job.py:641} WARNING - No viable dags retrieved from /opt/airflow/dags/helloworld.py
[2021-05-08 06:57:55,970] {scheduler_job.py:190} INFO - Processing /opt/airflow/dags/helloworld.py took 0.065 seconds
[2021-05-08 06:58:26,722] {scheduler_job.py:182} INFO - Started process (PID=490) to work on /opt/airflow/dags/helloworld.py
[2021-05-08 06:58:26,726] {scheduler_job.py:629} INFO - Processing file /opt/airflow/dags/helloworld.py for tasks to queue
[2021-05-08 06:58:26,730] {logging_mixin.py:104} INFO - [2021-05-08 06:58:26,729] {dagbag.py:451} INFO - Filling up the DagBag from /opt/airflow/dags/helloworld.py
[2021-05-08 06:58:26,753] {logging_mixin.py:104} INFO - [2021-05-08 06:58:26,748] {dagbag.py:308} ERROR - Failed to import: /opt/airflow/dags/helloworld.py
Traceback (most recent call last):
  File "/home/airflow/.local/lib/python3.6/site-packages/airflow/models/dagbag.py", line 305, in _load_modules_from_file
    loader.exec_module(new_module)
  File "<frozen importlib._bootstrap_external>", line 678, in exec_module
  File "<frozen importlib._bootstrap>", line 219, in _call_with_frames_removed
  File "/opt/airflow/dags/helloworld.py", line 29, in <module>
    task4 = MyOperator(name='abc',tast_id='t4',dag=dag,trigger_rule='one_success')
  File "/home/airflow/.local/lib/python3.6/site-packages/airflow/models/baseoperator.py", line 89, in __call__
    obj: BaseOperator = type.__call__(cls, *args, **kwargs)
  File "/home/airflow/.local/lib/python3.6/site-packages/airflow/utils/decorators.py", line 94, in wrapper
    result = func(*args, **kwargs)
  File "/opt/airflow/dags/helloworld.py", line 14, in __init__
    super().__init__(*args,**kwargs)
  File "/home/airflow/.local/lib/python3.6/site-packages/airflow/utils/decorators.py", line 90, in wrapper
    raise AirflowException(msg)
airflow.exceptions.AirflowException: Argument ['task_id'] is required
[2021-05-08 06:58:26,757] {scheduler_job.py:641} WARNING - No viable dags retrieved from /opt/airflow/dags/helloworld.py
[2021-05-08 06:58:26,784] {scheduler_job.py:190} INFO - Processing /opt/airflow/dags/helloworld.py took 0.066 seconds
[2021-05-08 06:58:57,532] {scheduler_job.py:182} INFO - Started process (PID=517) to work on /opt/airflow/dags/helloworld.py
[2021-05-08 06:58:57,534] {scheduler_job.py:629} INFO - Processing file /opt/airflow/dags/helloworld.py for tasks to queue
[2021-05-08 06:58:57,536] {logging_mixin.py:104} INFO - [2021-05-08 06:58:57,536] {dagbag.py:451} INFO - Filling up the DagBag from /opt/airflow/dags/helloworld.py
[2021-05-08 06:58:57,553] {logging_mixin.py:104} INFO - [2021-05-08 06:58:57,549] {dagbag.py:308} ERROR - Failed to import: /opt/airflow/dags/helloworld.py
Traceback (most recent call last):
  File "/home/airflow/.local/lib/python3.6/site-packages/airflow/models/dagbag.py", line 305, in _load_modules_from_file
    loader.exec_module(new_module)
  File "<frozen importlib._bootstrap_external>", line 678, in exec_module
  File "<frozen importlib._bootstrap>", line 219, in _call_with_frames_removed
  File "/opt/airflow/dags/helloworld.py", line 29, in <module>
    task4 = MyOperator(name='abc',tast_id='t4',dag=dag,trigger_rule='one_success')
  File "/home/airflow/.local/lib/python3.6/site-packages/airflow/models/baseoperator.py", line 89, in __call__
    obj: BaseOperator = type.__call__(cls, *args, **kwargs)
  File "/home/airflow/.local/lib/python3.6/site-packages/airflow/utils/decorators.py", line 94, in wrapper
    result = func(*args, **kwargs)
  File "/opt/airflow/dags/helloworld.py", line 14, in __init__
    super().__init__(*args,**kwargs)
  File "/home/airflow/.local/lib/python3.6/site-packages/airflow/utils/decorators.py", line 90, in wrapper
    raise AirflowException(msg)
airflow.exceptions.AirflowException: Argument ['task_id'] is required
[2021-05-08 06:58:57,555] {scheduler_job.py:641} WARNING - No viable dags retrieved from /opt/airflow/dags/helloworld.py
[2021-05-08 06:58:57,583] {scheduler_job.py:190} INFO - Processing /opt/airflow/dags/helloworld.py took 0.056 seconds
[2021-05-08 06:59:28,301] {scheduler_job.py:182} INFO - Started process (PID=544) to work on /opt/airflow/dags/helloworld.py
[2021-05-08 06:59:28,303] {scheduler_job.py:629} INFO - Processing file /opt/airflow/dags/helloworld.py for tasks to queue
[2021-05-08 06:59:28,305] {logging_mixin.py:104} INFO - [2021-05-08 06:59:28,305] {dagbag.py:451} INFO - Filling up the DagBag from /opt/airflow/dags/helloworld.py
[2021-05-08 06:59:28,341] {scheduler_job.py:639} INFO - DAG(s) dict_keys(['helloworld_dag']) retrieved from /opt/airflow/dags/helloworld.py
[2021-05-08 06:59:28,375] {logging_mixin.py:104} INFO - [2021-05-08 06:59:28,374] {dag.py:1824} INFO - Sync 1 DAGs
[2021-05-08 06:59:28,408] {logging_mixin.py:104} INFO - [2021-05-08 06:59:28,408] {dag.py:2280} INFO - Setting next_dagrun for helloworld_dag to 2021-05-08 00:00:00+00:00
[2021-05-08 06:59:28,434] {scheduler_job.py:190} INFO - Processing /opt/airflow/dags/helloworld.py took 0.139 seconds
[2021-05-08 06:59:59,344] {scheduler_job.py:182} INFO - Started process (PID=571) to work on /opt/airflow/dags/helloworld.py
[2021-05-08 06:59:59,346] {scheduler_job.py:629} INFO - Processing file /opt/airflow/dags/helloworld.py for tasks to queue
[2021-05-08 06:59:59,349] {logging_mixin.py:104} INFO - [2021-05-08 06:59:59,348] {dagbag.py:451} INFO - Filling up the DagBag from /opt/airflow/dags/helloworld.py
[2021-05-08 06:59:59,378] {scheduler_job.py:639} INFO - DAG(s) dict_keys(['helloworld_dag']) retrieved from /opt/airflow/dags/helloworld.py
[2021-05-08 06:59:59,420] {logging_mixin.py:104} INFO - [2021-05-08 06:59:59,419] {dag.py:1824} INFO - Sync 1 DAGs
[2021-05-08 06:59:59,471] {logging_mixin.py:104} INFO - [2021-05-08 06:59:59,471] {dag.py:2280} INFO - Setting next_dagrun for helloworld_dag to 2021-05-08 00:00:00+00:00
[2021-05-08 06:59:59,490] {scheduler_job.py:190} INFO - Processing /opt/airflow/dags/helloworld.py took 0.151 seconds
[2021-05-08 07:00:29,663] {scheduler_job.py:182} INFO - Started process (PID=598) to work on /opt/airflow/dags/helloworld.py
[2021-05-08 07:00:29,666] {scheduler_job.py:629} INFO - Processing file /opt/airflow/dags/helloworld.py for tasks to queue
[2021-05-08 07:00:29,668] {logging_mixin.py:104} INFO - [2021-05-08 07:00:29,668] {dagbag.py:451} INFO - Filling up the DagBag from /opt/airflow/dags/helloworld.py
[2021-05-08 07:00:29,693] {scheduler_job.py:639} INFO - DAG(s) dict_keys(['helloworld_dag']) retrieved from /opt/airflow/dags/helloworld.py
[2021-05-08 07:00:29,724] {logging_mixin.py:104} INFO - [2021-05-08 07:00:29,724] {dag.py:1824} INFO - Sync 1 DAGs
[2021-05-08 07:00:29,749] {logging_mixin.py:104} INFO - [2021-05-08 07:00:29,749] {dag.py:2280} INFO - Setting next_dagrun for helloworld_dag to 2021-05-08 00:00:00+00:00
[2021-05-08 07:00:29,761] {scheduler_job.py:190} INFO - Processing /opt/airflow/dags/helloworld.py took 0.102 seconds
[2021-05-08 07:00:59,903] {scheduler_job.py:182} INFO - Started process (PID=625) to work on /opt/airflow/dags/helloworld.py
[2021-05-08 07:00:59,905] {scheduler_job.py:629} INFO - Processing file /opt/airflow/dags/helloworld.py for tasks to queue
[2021-05-08 07:00:59,907] {logging_mixin.py:104} INFO - [2021-05-08 07:00:59,906] {dagbag.py:451} INFO - Filling up the DagBag from /opt/airflow/dags/helloworld.py
[2021-05-08 07:00:59,944] {scheduler_job.py:639} INFO - DAG(s) dict_keys(['helloworld_dag']) retrieved from /opt/airflow/dags/helloworld.py
[2021-05-08 07:00:59,985] {logging_mixin.py:104} INFO - [2021-05-08 07:00:59,985] {dag.py:1824} INFO - Sync 1 DAGs
[2021-05-08 07:01:00,038] {logging_mixin.py:104} INFO - [2021-05-08 07:01:00,038] {dag.py:2280} INFO - Setting next_dagrun for helloworld_dag to 2021-05-08 00:00:00+00:00
[2021-05-08 07:01:00,054] {scheduler_job.py:190} INFO - Processing /opt/airflow/dags/helloworld.py took 0.156 seconds
[2021-05-08 07:01:30,783] {scheduler_job.py:182} INFO - Started process (PID=652) to work on /opt/airflow/dags/helloworld.py
[2021-05-08 07:01:30,786] {scheduler_job.py:629} INFO - Processing file /opt/airflow/dags/helloworld.py for tasks to queue
[2021-05-08 07:01:30,787] {logging_mixin.py:104} INFO - [2021-05-08 07:01:30,787] {dagbag.py:451} INFO - Filling up the DagBag from /opt/airflow/dags/helloworld.py
[2021-05-08 07:01:30,809] {scheduler_job.py:639} INFO - DAG(s) dict_keys(['helloworld_dag']) retrieved from /opt/airflow/dags/helloworld.py
[2021-05-08 07:01:30,838] {logging_mixin.py:104} INFO - [2021-05-08 07:01:30,838] {dag.py:1824} INFO - Sync 1 DAGs
[2021-05-08 07:01:30,861] {logging_mixin.py:104} INFO - [2021-05-08 07:01:30,861] {dag.py:2280} INFO - Setting next_dagrun for helloworld_dag to 2021-05-08 00:00:00+00:00
[2021-05-08 07:01:30,873] {scheduler_job.py:190} INFO - Processing /opt/airflow/dags/helloworld.py took 0.094 seconds
[2021-05-08 07:02:01,581] {scheduler_job.py:182} INFO - Started process (PID=679) to work on /opt/airflow/dags/helloworld.py
[2021-05-08 07:02:01,583] {scheduler_job.py:629} INFO - Processing file /opt/airflow/dags/helloworld.py for tasks to queue
[2021-05-08 07:02:01,585] {logging_mixin.py:104} INFO - [2021-05-08 07:02:01,584] {dagbag.py:451} INFO - Filling up the DagBag from /opt/airflow/dags/helloworld.py
[2021-05-08 07:02:01,606] {scheduler_job.py:639} INFO - DAG(s) dict_keys(['helloworld_dag']) retrieved from /opt/airflow/dags/helloworld.py
[2021-05-08 07:02:01,636] {logging_mixin.py:104} INFO - [2021-05-08 07:02:01,636] {dag.py:1824} INFO - Sync 1 DAGs
[2021-05-08 07:02:01,661] {logging_mixin.py:104} INFO - [2021-05-08 07:02:01,660] {dag.py:2280} INFO - Setting next_dagrun for helloworld_dag to 2021-05-08 00:00:00+00:00
[2021-05-08 07:02:01,672] {scheduler_job.py:190} INFO - Processing /opt/airflow/dags/helloworld.py took 0.095 seconds
[2021-05-08 07:02:32,324] {scheduler_job.py:182} INFO - Started process (PID=706) to work on /opt/airflow/dags/helloworld.py
[2021-05-08 07:02:32,327] {scheduler_job.py:629} INFO - Processing file /opt/airflow/dags/helloworld.py for tasks to queue
[2021-05-08 07:02:32,328] {logging_mixin.py:104} INFO - [2021-05-08 07:02:32,328] {dagbag.py:451} INFO - Filling up the DagBag from /opt/airflow/dags/helloworld.py
[2021-05-08 07:02:32,350] {scheduler_job.py:639} INFO - DAG(s) dict_keys(['helloworld_dag']) retrieved from /opt/airflow/dags/helloworld.py
[2021-05-08 07:02:32,381] {logging_mixin.py:104} INFO - [2021-05-08 07:02:32,381] {dag.py:1824} INFO - Sync 1 DAGs
[2021-05-08 07:02:32,405] {logging_mixin.py:104} INFO - [2021-05-08 07:02:32,405] {dag.py:2280} INFO - Setting next_dagrun for helloworld_dag to 2021-05-08 00:00:00+00:00
[2021-05-08 07:02:32,416] {scheduler_job.py:190} INFO - Processing /opt/airflow/dags/helloworld.py took 0.096 seconds
[2021-05-08 07:03:03,064] {scheduler_job.py:182} INFO - Started process (PID=733) to work on /opt/airflow/dags/helloworld.py
[2021-05-08 07:03:03,067] {scheduler_job.py:629} INFO - Processing file /opt/airflow/dags/helloworld.py for tasks to queue
[2021-05-08 07:03:03,069] {logging_mixin.py:104} INFO - [2021-05-08 07:03:03,069] {dagbag.py:451} INFO - Filling up the DagBag from /opt/airflow/dags/helloworld.py
[2021-05-08 07:03:03,097] {scheduler_job.py:639} INFO - DAG(s) dict_keys(['helloworld_dag']) retrieved from /opt/airflow/dags/helloworld.py
[2021-05-08 07:03:03,131] {logging_mixin.py:104} INFO - [2021-05-08 07:03:03,131] {dag.py:1824} INFO - Sync 1 DAGs
[2021-05-08 07:03:03,157] {logging_mixin.py:104} INFO - [2021-05-08 07:03:03,156] {dag.py:2280} INFO - Setting next_dagrun for helloworld_dag to 2021-05-08 00:00:00+00:00
[2021-05-08 07:03:03,173] {scheduler_job.py:190} INFO - Processing /opt/airflow/dags/helloworld.py took 0.114 seconds
[2021-05-08 07:03:33,996] {scheduler_job.py:182} INFO - Started process (PID=760) to work on /opt/airflow/dags/helloworld.py
[2021-05-08 07:03:33,998] {scheduler_job.py:629} INFO - Processing file /opt/airflow/dags/helloworld.py for tasks to queue
[2021-05-08 07:03:33,999] {logging_mixin.py:104} INFO - [2021-05-08 07:03:33,999] {dagbag.py:451} INFO - Filling up the DagBag from /opt/airflow/dags/helloworld.py
[2021-05-08 07:03:34,022] {scheduler_job.py:639} INFO - DAG(s) dict_keys(['helloworld_dag']) retrieved from /opt/airflow/dags/helloworld.py
[2021-05-08 07:03:34,053] {logging_mixin.py:104} INFO - [2021-05-08 07:03:34,053] {dag.py:1824} INFO - Sync 1 DAGs
[2021-05-08 07:03:34,077] {logging_mixin.py:104} INFO - [2021-05-08 07:03:34,077] {dag.py:2280} INFO - Setting next_dagrun for helloworld_dag to 2021-05-08 00:00:00+00:00
[2021-05-08 07:03:34,089] {scheduler_job.py:190} INFO - Processing /opt/airflow/dags/helloworld.py took 0.098 seconds
[2021-05-08 07:04:04,927] {scheduler_job.py:182} INFO - Started process (PID=787) to work on /opt/airflow/dags/helloworld.py
[2021-05-08 07:04:04,930] {scheduler_job.py:629} INFO - Processing file /opt/airflow/dags/helloworld.py for tasks to queue
[2021-05-08 07:04:04,931] {logging_mixin.py:104} INFO - [2021-05-08 07:04:04,931] {dagbag.py:451} INFO - Filling up the DagBag from /opt/airflow/dags/helloworld.py
[2021-05-08 07:04:04,952] {scheduler_job.py:639} INFO - DAG(s) dict_keys(['helloworld_dag']) retrieved from /opt/airflow/dags/helloworld.py
[2021-05-08 07:04:04,980] {logging_mixin.py:104} INFO - [2021-05-08 07:04:04,980] {dag.py:1824} INFO - Sync 1 DAGs
[2021-05-08 07:04:05,000] {logging_mixin.py:104} INFO - [2021-05-08 07:04:05,000] {dag.py:2280} INFO - Setting next_dagrun for helloworld_dag to 2021-05-08 00:00:00+00:00
[2021-05-08 07:04:05,010] {scheduler_job.py:190} INFO - Processing /opt/airflow/dags/helloworld.py took 0.087 seconds
[2021-05-08 07:04:35,520] {scheduler_job.py:182} INFO - Started process (PID=814) to work on /opt/airflow/dags/helloworld.py
[2021-05-08 07:04:35,522] {scheduler_job.py:629} INFO - Processing file /opt/airflow/dags/helloworld.py for tasks to queue
[2021-05-08 07:04:35,523] {logging_mixin.py:104} INFO - [2021-05-08 07:04:35,523] {dagbag.py:451} INFO - Filling up the DagBag from /opt/airflow/dags/helloworld.py
[2021-05-08 07:04:35,546] {scheduler_job.py:639} INFO - DAG(s) dict_keys(['helloworld_dag']) retrieved from /opt/airflow/dags/helloworld.py
[2021-05-08 07:04:35,578] {logging_mixin.py:104} INFO - [2021-05-08 07:04:35,578] {dag.py:1824} INFO - Sync 1 DAGs
[2021-05-08 07:04:35,600] {logging_mixin.py:104} INFO - [2021-05-08 07:04:35,600] {dag.py:2280} INFO - Setting next_dagrun for helloworld_dag to 2021-05-08 00:00:00+00:00
[2021-05-08 07:04:35,612] {scheduler_job.py:190} INFO - Processing /opt/airflow/dags/helloworld.py took 0.097 seconds
[2021-05-08 07:05:06,251] {scheduler_job.py:182} INFO - Started process (PID=841) to work on /opt/airflow/dags/helloworld.py
[2021-05-08 07:05:06,254] {scheduler_job.py:629} INFO - Processing file /opt/airflow/dags/helloworld.py for tasks to queue
[2021-05-08 07:05:06,257] {logging_mixin.py:104} INFO - [2021-05-08 07:05:06,257] {dagbag.py:451} INFO - Filling up the DagBag from /opt/airflow/dags/helloworld.py
[2021-05-08 07:05:06,281] {scheduler_job.py:639} INFO - DAG(s) dict_keys(['helloworld_dag']) retrieved from /opt/airflow/dags/helloworld.py
[2021-05-08 07:05:06,312] {logging_mixin.py:104} INFO - [2021-05-08 07:05:06,312] {dag.py:1824} INFO - Sync 1 DAGs
[2021-05-08 07:05:06,335] {logging_mixin.py:104} INFO - [2021-05-08 07:05:06,335] {dag.py:2280} INFO - Setting next_dagrun for helloworld_dag to 2021-05-08 00:00:00+00:00
[2021-05-08 07:05:06,348] {scheduler_job.py:190} INFO - Processing /opt/airflow/dags/helloworld.py took 0.101 seconds
[2021-05-08 07:05:36,984] {scheduler_job.py:182} INFO - Started process (PID=868) to work on /opt/airflow/dags/helloworld.py
[2021-05-08 07:05:36,986] {scheduler_job.py:629} INFO - Processing file /opt/airflow/dags/helloworld.py for tasks to queue
[2021-05-08 07:05:36,988] {logging_mixin.py:104} INFO - [2021-05-08 07:05:36,988] {dagbag.py:451} INFO - Filling up the DagBag from /opt/airflow/dags/helloworld.py
[2021-05-08 07:05:37,011] {scheduler_job.py:639} INFO - DAG(s) dict_keys(['helloworld_dag']) retrieved from /opt/airflow/dags/helloworld.py
[2021-05-08 07:05:37,040] {logging_mixin.py:104} INFO - [2021-05-08 07:05:37,040] {dag.py:1824} INFO - Sync 1 DAGs
[2021-05-08 07:05:37,064] {logging_mixin.py:104} INFO - [2021-05-08 07:05:37,064] {dag.py:2280} INFO - Setting next_dagrun for helloworld_dag to 2021-05-08 00:00:00+00:00
[2021-05-08 07:05:37,076] {scheduler_job.py:190} INFO - Processing /opt/airflow/dags/helloworld.py took 0.097 seconds
[2021-05-08 07:06:07,389] {scheduler_job.py:182} INFO - Started process (PID=895) to work on /opt/airflow/dags/helloworld.py
[2021-05-08 07:06:07,391] {scheduler_job.py:629} INFO - Processing file /opt/airflow/dags/helloworld.py for tasks to queue
[2021-05-08 07:06:07,393] {logging_mixin.py:104} INFO - [2021-05-08 07:06:07,393] {dagbag.py:451} INFO - Filling up the DagBag from /opt/airflow/dags/helloworld.py
[2021-05-08 07:06:07,416] {scheduler_job.py:639} INFO - DAG(s) dict_keys(['helloworld_dag']) retrieved from /opt/airflow/dags/helloworld.py
[2021-05-08 07:06:07,445] {logging_mixin.py:104} INFO - [2021-05-08 07:06:07,445] {dag.py:1824} INFO - Sync 1 DAGs
[2021-05-08 07:06:07,473] {logging_mixin.py:104} INFO - [2021-05-08 07:06:07,472] {dag.py:2280} INFO - Setting next_dagrun for helloworld_dag to 2021-05-08 00:00:00+00:00
[2021-05-08 07:06:07,487] {scheduler_job.py:190} INFO - Processing /opt/airflow/dags/helloworld.py took 0.103 seconds
[2021-05-08 07:06:37,749] {scheduler_job.py:182} INFO - Started process (PID=922) to work on /opt/airflow/dags/helloworld.py
[2021-05-08 07:06:37,751] {scheduler_job.py:629} INFO - Processing file /opt/airflow/dags/helloworld.py for tasks to queue
[2021-05-08 07:06:37,753] {logging_mixin.py:104} INFO - [2021-05-08 07:06:37,753] {dagbag.py:451} INFO - Filling up the DagBag from /opt/airflow/dags/helloworld.py
[2021-05-08 07:06:37,782] {scheduler_job.py:639} INFO - DAG(s) dict_keys(['helloworld_dag']) retrieved from /opt/airflow/dags/helloworld.py
[2021-05-08 07:06:37,817] {logging_mixin.py:104} INFO - [2021-05-08 07:06:37,817] {dag.py:1824} INFO - Sync 1 DAGs
[2021-05-08 07:06:37,841] {logging_mixin.py:104} INFO - [2021-05-08 07:06:37,841] {dag.py:2280} INFO - Setting next_dagrun for helloworld_dag to 2021-05-08 00:00:00+00:00
[2021-05-08 07:06:37,855] {scheduler_job.py:190} INFO - Processing /opt/airflow/dags/helloworld.py took 0.111 seconds
[2021-05-08 07:07:08,492] {scheduler_job.py:182} INFO - Started process (PID=949) to work on /opt/airflow/dags/helloworld.py
[2021-05-08 07:07:08,497] {scheduler_job.py:629} INFO - Processing file /opt/airflow/dags/helloworld.py for tasks to queue
[2021-05-08 07:07:08,499] {logging_mixin.py:104} INFO - [2021-05-08 07:07:08,499] {dagbag.py:451} INFO - Filling up the DagBag from /opt/airflow/dags/helloworld.py
[2021-05-08 07:07:08,520] {scheduler_job.py:639} INFO - DAG(s) dict_keys(['helloworld_dag']) retrieved from /opt/airflow/dags/helloworld.py
[2021-05-08 07:07:08,555] {logging_mixin.py:104} INFO - [2021-05-08 07:07:08,555] {dag.py:1824} INFO - Sync 1 DAGs
[2021-05-08 07:07:08,579] {logging_mixin.py:104} INFO - [2021-05-08 07:07:08,579] {dag.py:2280} INFO - Setting next_dagrun for helloworld_dag to 2021-05-08 00:00:00+00:00
[2021-05-08 07:07:08,592] {scheduler_job.py:190} INFO - Processing /opt/airflow/dags/helloworld.py took 0.105 seconds
[2021-05-08 07:07:39,405] {scheduler_job.py:182} INFO - Started process (PID=976) to work on /opt/airflow/dags/helloworld.py
[2021-05-08 07:07:39,407] {scheduler_job.py:629} INFO - Processing file /opt/airflow/dags/helloworld.py for tasks to queue
[2021-05-08 07:07:39,409] {logging_mixin.py:104} INFO - [2021-05-08 07:07:39,409] {dagbag.py:451} INFO - Filling up the DagBag from /opt/airflow/dags/helloworld.py
[2021-05-08 07:07:39,435] {scheduler_job.py:639} INFO - DAG(s) dict_keys(['helloworld_dag']) retrieved from /opt/airflow/dags/helloworld.py
[2021-05-08 07:07:39,468] {logging_mixin.py:104} INFO - [2021-05-08 07:07:39,468] {dag.py:1824} INFO - Sync 1 DAGs
[2021-05-08 07:07:39,493] {logging_mixin.py:104} INFO - [2021-05-08 07:07:39,493] {dag.py:2280} INFO - Setting next_dagrun for helloworld_dag to 2021-05-08 00:00:00+00:00
[2021-05-08 07:07:39,506] {scheduler_job.py:190} INFO - Processing /opt/airflow/dags/helloworld.py took 0.105 seconds
[2021-05-08 07:08:10,357] {scheduler_job.py:182} INFO - Started process (PID=1003) to work on /opt/airflow/dags/helloworld.py
[2021-05-08 07:08:10,361] {scheduler_job.py:629} INFO - Processing file /opt/airflow/dags/helloworld.py for tasks to queue
[2021-05-08 07:08:10,365] {logging_mixin.py:104} INFO - [2021-05-08 07:08:10,364] {dagbag.py:451} INFO - Filling up the DagBag from /opt/airflow/dags/helloworld.py
[2021-05-08 07:08:10,411] {scheduler_job.py:639} INFO - DAG(s) dict_keys(['helloworld_dag']) retrieved from /opt/airflow/dags/helloworld.py
[2021-05-08 07:08:10,455] {logging_mixin.py:104} INFO - [2021-05-08 07:08:10,455] {dag.py:1824} INFO - Sync 1 DAGs
[2021-05-08 07:08:10,483] {logging_mixin.py:104} INFO - [2021-05-08 07:08:10,483] {dag.py:2280} INFO - Setting next_dagrun for helloworld_dag to 2021-05-08 00:00:00+00:00
[2021-05-08 07:08:10,504] {scheduler_job.py:190} INFO - Processing /opt/airflow/dags/helloworld.py took 0.158 seconds
[2021-05-08 07:08:41,263] {scheduler_job.py:182} INFO - Started process (PID=1030) to work on /opt/airflow/dags/helloworld.py
[2021-05-08 07:08:41,269] {scheduler_job.py:629} INFO - Processing file /opt/airflow/dags/helloworld.py for tasks to queue
[2021-05-08 07:08:41,273] {logging_mixin.py:104} INFO - [2021-05-08 07:08:41,273] {dagbag.py:451} INFO - Filling up the DagBag from /opt/airflow/dags/helloworld.py
[2021-05-08 07:08:41,324] {scheduler_job.py:639} INFO - DAG(s) dict_keys(['helloworld_dag']) retrieved from /opt/airflow/dags/helloworld.py
[2021-05-08 07:08:41,396] {logging_mixin.py:104} INFO - [2021-05-08 07:08:41,396] {dag.py:1824} INFO - Sync 1 DAGs
[2021-05-08 07:08:41,460] {logging_mixin.py:104} INFO - [2021-05-08 07:08:41,459] {dag.py:2280} INFO - Setting next_dagrun for helloworld_dag to 2021-05-08 00:00:00+00:00
[2021-05-08 07:08:41,487] {scheduler_job.py:190} INFO - Processing /opt/airflow/dags/helloworld.py took 0.233 seconds
[2021-05-08 07:09:11,739] {scheduler_job.py:182} INFO - Started process (PID=1057) to work on /opt/airflow/dags/helloworld.py
[2021-05-08 07:09:11,746] {scheduler_job.py:629} INFO - Processing file /opt/airflow/dags/helloworld.py for tasks to queue
[2021-05-08 07:09:11,751] {logging_mixin.py:104} INFO - [2021-05-08 07:09:11,751] {dagbag.py:451} INFO - Filling up the DagBag from /opt/airflow/dags/helloworld.py
[2021-05-08 07:09:11,821] {scheduler_job.py:639} INFO - DAG(s) dict_keys(['helloworld_dag']) retrieved from /opt/airflow/dags/helloworld.py
[2021-05-08 07:09:11,922] {logging_mixin.py:104} INFO - [2021-05-08 07:09:11,921] {dag.py:1824} INFO - Sync 1 DAGs
[2021-05-08 07:09:11,997] {logging_mixin.py:104} INFO - [2021-05-08 07:09:11,997] {dag.py:2280} INFO - Setting next_dagrun for helloworld_dag to 2021-05-08 00:00:00+00:00
[2021-05-08 07:09:12,032] {scheduler_job.py:190} INFO - Processing /opt/airflow/dags/helloworld.py took 0.310 seconds
[2021-05-08 07:09:42,274] {scheduler_job.py:182} INFO - Started process (PID=1084) to work on /opt/airflow/dags/helloworld.py
[2021-05-08 07:09:42,284] {scheduler_job.py:629} INFO - Processing file /opt/airflow/dags/helloworld.py for tasks to queue
[2021-05-08 07:09:42,291] {logging_mixin.py:104} INFO - [2021-05-08 07:09:42,290] {dagbag.py:451} INFO - Filling up the DagBag from /opt/airflow/dags/helloworld.py
[2021-05-08 07:09:42,378] {scheduler_job.py:639} INFO - DAG(s) dict_keys(['helloworld_dag']) retrieved from /opt/airflow/dags/helloworld.py
[2021-05-08 07:09:42,493] {logging_mixin.py:104} INFO - [2021-05-08 07:09:42,492] {dag.py:1824} INFO - Sync 1 DAGs
[2021-05-08 07:09:42,588] {logging_mixin.py:104} INFO - [2021-05-08 07:09:42,588] {dag.py:2280} INFO - Setting next_dagrun for helloworld_dag to 2021-05-08 00:00:00+00:00
[2021-05-08 07:09:42,634] {scheduler_job.py:190} INFO - Processing /opt/airflow/dags/helloworld.py took 0.376 seconds
[2021-05-08 07:10:13,629] {scheduler_job.py:182} INFO - Started process (PID=1111) to work on /opt/airflow/dags/helloworld.py
[2021-05-08 07:10:13,633] {scheduler_job.py:629} INFO - Processing file /opt/airflow/dags/helloworld.py for tasks to queue
[2021-05-08 07:10:13,637] {logging_mixin.py:104} INFO - [2021-05-08 07:10:13,636] {dagbag.py:451} INFO - Filling up the DagBag from /opt/airflow/dags/helloworld.py
[2021-05-08 07:10:13,676] {scheduler_job.py:639} INFO - DAG(s) dict_keys(['helloworld_dag']) retrieved from /opt/airflow/dags/helloworld.py
[2021-05-08 07:10:13,725] {logging_mixin.py:104} INFO - [2021-05-08 07:10:13,725] {dag.py:1824} INFO - Sync 1 DAGs
[2021-05-08 07:10:13,763] {logging_mixin.py:104} INFO - [2021-05-08 07:10:13,763] {dag.py:2280} INFO - Setting next_dagrun for helloworld_dag to 2021-05-08 00:00:00+00:00
[2021-05-08 07:10:13,782] {scheduler_job.py:190} INFO - Processing /opt/airflow/dags/helloworld.py took 0.159 seconds
[2021-05-08 07:10:43,953] {scheduler_job.py:182} INFO - Started process (PID=1138) to work on /opt/airflow/dags/helloworld.py
[2021-05-08 07:10:43,958] {scheduler_job.py:629} INFO - Processing file /opt/airflow/dags/helloworld.py for tasks to queue
[2021-05-08 07:10:43,964] {logging_mixin.py:104} INFO - [2021-05-08 07:10:43,962] {dagbag.py:451} INFO - Filling up the DagBag from /opt/airflow/dags/helloworld.py
[2021-05-08 07:10:44,017] {scheduler_job.py:639} INFO - DAG(s) dict_keys(['helloworld_dag']) retrieved from /opt/airflow/dags/helloworld.py
[2021-05-08 07:10:44,099] {logging_mixin.py:104} INFO - [2021-05-08 07:10:44,098] {dag.py:1824} INFO - Sync 1 DAGs
[2021-05-08 07:10:44,141] {logging_mixin.py:104} INFO - [2021-05-08 07:10:44,141] {dag.py:2280} INFO - Setting next_dagrun for helloworld_dag to 2021-05-08 00:00:00+00:00
[2021-05-08 07:10:44,163] {scheduler_job.py:190} INFO - Processing /opt/airflow/dags/helloworld.py took 0.218 seconds
[2021-05-08 07:11:14,222] {scheduler_job.py:182} INFO - Started process (PID=1165) to work on /opt/airflow/dags/helloworld.py
[2021-05-08 07:11:14,226] {scheduler_job.py:629} INFO - Processing file /opt/airflow/dags/helloworld.py for tasks to queue
[2021-05-08 07:11:14,229] {logging_mixin.py:104} INFO - [2021-05-08 07:11:14,229] {dagbag.py:451} INFO - Filling up the DagBag from /opt/airflow/dags/helloworld.py
[2021-05-08 07:11:14,279] {scheduler_job.py:639} INFO - DAG(s) dict_keys(['helloworld_dag']) retrieved from /opt/airflow/dags/helloworld.py
[2021-05-08 07:11:14,340] {logging_mixin.py:104} INFO - [2021-05-08 07:11:14,339] {dag.py:1824} INFO - Sync 1 DAGs
[2021-05-08 07:11:14,382] {logging_mixin.py:104} INFO - [2021-05-08 07:11:14,381] {dag.py:2280} INFO - Setting next_dagrun for helloworld_dag to 2021-05-08 00:00:00+00:00
[2021-05-08 07:11:14,407] {scheduler_job.py:190} INFO - Processing /opt/airflow/dags/helloworld.py took 0.193 seconds
[2021-05-08 07:11:44,509] {scheduler_job.py:182} INFO - Started process (PID=1192) to work on /opt/airflow/dags/helloworld.py
[2021-05-08 07:11:44,513] {scheduler_job.py:629} INFO - Processing file /opt/airflow/dags/helloworld.py for tasks to queue
[2021-05-08 07:11:44,516] {logging_mixin.py:104} INFO - [2021-05-08 07:11:44,516] {dagbag.py:451} INFO - Filling up the DagBag from /opt/airflow/dags/helloworld.py
[2021-05-08 07:11:44,559] {scheduler_job.py:639} INFO - DAG(s) dict_keys(['helloworld_dag']) retrieved from /opt/airflow/dags/helloworld.py
[2021-05-08 07:11:44,618] {logging_mixin.py:104} INFO - [2021-05-08 07:11:44,617] {dag.py:1824} INFO - Sync 1 DAGs
[2021-05-08 07:11:44,657] {logging_mixin.py:104} INFO - [2021-05-08 07:11:44,656] {dag.py:2280} INFO - Setting next_dagrun for helloworld_dag to 2021-05-08 00:00:00+00:00
[2021-05-08 07:11:44,675] {scheduler_job.py:190} INFO - Processing /opt/airflow/dags/helloworld.py took 0.175 seconds
[2021-05-08 07:12:14,930] {scheduler_job.py:182} INFO - Started process (PID=1219) to work on /opt/airflow/dags/helloworld.py
[2021-05-08 07:12:14,939] {scheduler_job.py:629} INFO - Processing file /opt/airflow/dags/helloworld.py for tasks to queue
[2021-05-08 07:12:14,943] {logging_mixin.py:104} INFO - [2021-05-08 07:12:14,943] {dagbag.py:451} INFO - Filling up the DagBag from /opt/airflow/dags/helloworld.py
[2021-05-08 07:12:14,998] {scheduler_job.py:639} INFO - DAG(s) dict_keys(['helloworld_dag']) retrieved from /opt/airflow/dags/helloworld.py
[2021-05-08 07:12:15,089] {logging_mixin.py:104} INFO - [2021-05-08 07:12:15,088] {dag.py:1824} INFO - Sync 1 DAGs
[2021-05-08 07:12:15,143] {logging_mixin.py:104} INFO - [2021-05-08 07:12:15,143] {dag.py:2280} INFO - Setting next_dagrun for helloworld_dag to 2021-05-08 00:00:00+00:00
[2021-05-08 07:12:15,174] {scheduler_job.py:190} INFO - Processing /opt/airflow/dags/helloworld.py took 0.257 seconds
[2021-05-08 07:12:45,841] {scheduler_job.py:182} INFO - Started process (PID=1246) to work on /opt/airflow/dags/helloworld.py
[2021-05-08 07:12:45,847] {scheduler_job.py:629} INFO - Processing file /opt/airflow/dags/helloworld.py for tasks to queue
[2021-05-08 07:12:45,853] {logging_mixin.py:104} INFO - [2021-05-08 07:12:45,852] {dagbag.py:451} INFO - Filling up the DagBag from /opt/airflow/dags/helloworld.py
[2021-05-08 07:12:45,923] {scheduler_job.py:639} INFO - DAG(s) dict_keys(['helloworld_dag']) retrieved from /opt/airflow/dags/helloworld.py
[2021-05-08 07:12:46,014] {logging_mixin.py:104} INFO - [2021-05-08 07:12:46,013] {dag.py:1824} INFO - Sync 1 DAGs
[2021-05-08 07:12:46,084] {logging_mixin.py:104} INFO - [2021-05-08 07:12:46,083] {dag.py:2280} INFO - Setting next_dagrun for helloworld_dag to 2021-05-08 00:00:00+00:00
[2021-05-08 07:12:46,117] {scheduler_job.py:190} INFO - Processing /opt/airflow/dags/helloworld.py took 0.287 seconds
[2021-05-08 07:13:16,403] {scheduler_job.py:182} INFO - Started process (PID=1273) to work on /opt/airflow/dags/helloworld.py
[2021-05-08 07:13:16,409] {scheduler_job.py:629} INFO - Processing file /opt/airflow/dags/helloworld.py for tasks to queue
[2021-05-08 07:13:16,413] {logging_mixin.py:104} INFO - [2021-05-08 07:13:16,413] {dagbag.py:451} INFO - Filling up the DagBag from /opt/airflow/dags/helloworld.py
[2021-05-08 07:13:16,474] {scheduler_job.py:639} INFO - DAG(s) dict_keys(['helloworld_dag']) retrieved from /opt/airflow/dags/helloworld.py
[2021-05-08 07:13:16,553] {logging_mixin.py:104} INFO - [2021-05-08 07:13:16,553] {dag.py:1824} INFO - Sync 1 DAGs
[2021-05-08 07:13:16,615] {logging_mixin.py:104} INFO - [2021-05-08 07:13:16,615] {dag.py:2280} INFO - Setting next_dagrun for helloworld_dag to 2021-05-08 00:00:00+00:00
[2021-05-08 07:13:16,646] {scheduler_job.py:190} INFO - Processing /opt/airflow/dags/helloworld.py took 0.267 seconds
[2021-05-08 07:13:46,910] {scheduler_job.py:182} INFO - Started process (PID=1300) to work on /opt/airflow/dags/helloworld.py
[2021-05-08 07:13:46,915] {scheduler_job.py:629} INFO - Processing file /opt/airflow/dags/helloworld.py for tasks to queue
[2021-05-08 07:13:46,921] {logging_mixin.py:104} INFO - [2021-05-08 07:13:46,920] {dagbag.py:451} INFO - Filling up the DagBag from /opt/airflow/dags/helloworld.py
[2021-05-08 07:13:46,986] {scheduler_job.py:639} INFO - DAG(s) dict_keys(['helloworld_dag']) retrieved from /opt/airflow/dags/helloworld.py
[2021-05-08 07:13:47,095] {logging_mixin.py:104} INFO - [2021-05-08 07:13:47,094] {dag.py:1824} INFO - Sync 1 DAGs
[2021-05-08 07:13:47,196] {logging_mixin.py:104} INFO - [2021-05-08 07:13:47,195] {dag.py:2280} INFO - Setting next_dagrun for helloworld_dag to 2021-05-08 00:00:00+00:00
[2021-05-08 07:13:47,245] {scheduler_job.py:190} INFO - Processing /opt/airflow/dags/helloworld.py took 0.347 seconds
[2021-05-08 07:14:17,554] {scheduler_job.py:182} INFO - Started process (PID=1327) to work on /opt/airflow/dags/helloworld.py
[2021-05-08 07:14:17,559] {scheduler_job.py:629} INFO - Processing file /opt/airflow/dags/helloworld.py for tasks to queue
[2021-05-08 07:14:17,563] {logging_mixin.py:104} INFO - [2021-05-08 07:14:17,563] {dagbag.py:451} INFO - Filling up the DagBag from /opt/airflow/dags/helloworld.py
[2021-05-08 07:14:17,612] {scheduler_job.py:639} INFO - DAG(s) dict_keys(['helloworld_dag']) retrieved from /opt/airflow/dags/helloworld.py
[2021-05-08 07:14:17,690] {logging_mixin.py:104} INFO - [2021-05-08 07:14:17,689] {dag.py:1824} INFO - Sync 1 DAGs
[2021-05-08 07:14:17,743] {logging_mixin.py:104} INFO - [2021-05-08 07:14:17,743] {dag.py:2280} INFO - Setting next_dagrun for helloworld_dag to 2021-05-08 00:00:00+00:00
[2021-05-08 07:14:17,770] {scheduler_job.py:190} INFO - Processing /opt/airflow/dags/helloworld.py took 0.226 seconds
[2021-05-08 07:14:47,977] {scheduler_job.py:182} INFO - Started process (PID=1354) to work on /opt/airflow/dags/helloworld.py
[2021-05-08 07:14:47,981] {scheduler_job.py:629} INFO - Processing file /opt/airflow/dags/helloworld.py for tasks to queue
[2021-05-08 07:14:47,985] {logging_mixin.py:104} INFO - [2021-05-08 07:14:47,985] {dagbag.py:451} INFO - Filling up the DagBag from /opt/airflow/dags/helloworld.py
[2021-05-08 07:14:48,032] {scheduler_job.py:639} INFO - DAG(s) dict_keys(['helloworld_dag']) retrieved from /opt/airflow/dags/helloworld.py
[2021-05-08 07:14:48,095] {logging_mixin.py:104} INFO - [2021-05-08 07:14:48,095] {dag.py:1824} INFO - Sync 1 DAGs
[2021-05-08 07:14:48,144] {logging_mixin.py:104} INFO - [2021-05-08 07:14:48,144] {dag.py:2280} INFO - Setting next_dagrun for helloworld_dag to 2021-05-08 00:00:00+00:00
[2021-05-08 07:14:48,174] {scheduler_job.py:190} INFO - Processing /opt/airflow/dags/helloworld.py took 0.207 seconds
[2021-05-08 07:15:18,410] {scheduler_job.py:182} INFO - Started process (PID=1381) to work on /opt/airflow/dags/helloworld.py
[2021-05-08 07:15:18,416] {scheduler_job.py:629} INFO - Processing file /opt/airflow/dags/helloworld.py for tasks to queue
[2021-05-08 07:15:18,421] {logging_mixin.py:104} INFO - [2021-05-08 07:15:18,420] {dagbag.py:451} INFO - Filling up the DagBag from /opt/airflow/dags/helloworld.py
[2021-05-08 07:15:18,466] {scheduler_job.py:639} INFO - DAG(s) dict_keys(['helloworld_dag']) retrieved from /opt/airflow/dags/helloworld.py
[2021-05-08 07:15:18,514] {logging_mixin.py:104} INFO - [2021-05-08 07:15:18,514] {dag.py:1824} INFO - Sync 1 DAGs
[2021-05-08 07:15:18,546] {logging_mixin.py:104} INFO - [2021-05-08 07:15:18,546] {dag.py:2280} INFO - Setting next_dagrun for helloworld_dag to 2021-05-08 00:00:00+00:00
[2021-05-08 07:15:18,562] {scheduler_job.py:190} INFO - Processing /opt/airflow/dags/helloworld.py took 0.162 seconds
[2021-05-08 07:15:49,216] {scheduler_job.py:182} INFO - Started process (PID=1408) to work on /opt/airflow/dags/helloworld.py
[2021-05-08 07:15:49,218] {scheduler_job.py:629} INFO - Processing file /opt/airflow/dags/helloworld.py for tasks to queue
[2021-05-08 07:15:49,219] {logging_mixin.py:104} INFO - [2021-05-08 07:15:49,219] {dagbag.py:451} INFO - Filling up the DagBag from /opt/airflow/dags/helloworld.py
[2021-05-08 07:15:49,240] {scheduler_job.py:639} INFO - DAG(s) dict_keys(['helloworld_dag']) retrieved from /opt/airflow/dags/helloworld.py
[2021-05-08 07:15:49,272] {logging_mixin.py:104} INFO - [2021-05-08 07:15:49,272] {dag.py:1824} INFO - Sync 1 DAGs
[2021-05-08 07:15:49,295] {logging_mixin.py:104} INFO - [2021-05-08 07:15:49,295] {dag.py:2280} INFO - Setting next_dagrun for helloworld_dag to 2021-05-08 00:00:00+00:00
[2021-05-08 07:15:49,307] {scheduler_job.py:190} INFO - Processing /opt/airflow/dags/helloworld.py took 0.095 seconds
[2021-05-08 07:16:19,811] {scheduler_job.py:182} INFO - Started process (PID=1435) to work on /opt/airflow/dags/helloworld.py
[2021-05-08 07:16:19,814] {scheduler_job.py:629} INFO - Processing file /opt/airflow/dags/helloworld.py for tasks to queue
[2021-05-08 07:16:19,815] {logging_mixin.py:104} INFO - [2021-05-08 07:16:19,815] {dagbag.py:451} INFO - Filling up the DagBag from /opt/airflow/dags/helloworld.py
[2021-05-08 07:16:19,837] {scheduler_job.py:639} INFO - DAG(s) dict_keys(['helloworld_dag']) retrieved from /opt/airflow/dags/helloworld.py
[2021-05-08 07:16:19,866] {logging_mixin.py:104} INFO - [2021-05-08 07:16:19,866] {dag.py:1824} INFO - Sync 1 DAGs
[2021-05-08 07:16:19,888] {logging_mixin.py:104} INFO - [2021-05-08 07:16:19,888] {dag.py:2280} INFO - Setting next_dagrun for helloworld_dag to 2021-05-08 00:00:00+00:00
[2021-05-08 07:16:19,900] {scheduler_job.py:190} INFO - Processing /opt/airflow/dags/helloworld.py took 0.093 seconds
[2021-05-08 07:16:50,541] {scheduler_job.py:182} INFO - Started process (PID=1462) to work on /opt/airflow/dags/helloworld.py
[2021-05-08 07:16:50,543] {scheduler_job.py:629} INFO - Processing file /opt/airflow/dags/helloworld.py for tasks to queue
[2021-05-08 07:16:50,545] {logging_mixin.py:104} INFO - [2021-05-08 07:16:50,545] {dagbag.py:451} INFO - Filling up the DagBag from /opt/airflow/dags/helloworld.py
[2021-05-08 07:16:50,565] {scheduler_job.py:639} INFO - DAG(s) dict_keys(['helloworld_dag']) retrieved from /opt/airflow/dags/helloworld.py
[2021-05-08 07:16:50,593] {logging_mixin.py:104} INFO - [2021-05-08 07:16:50,593] {dag.py:1824} INFO - Sync 1 DAGs
[2021-05-08 07:16:50,615] {logging_mixin.py:104} INFO - [2021-05-08 07:16:50,615] {dag.py:2280} INFO - Setting next_dagrun for helloworld_dag to 2021-05-08 00:00:00+00:00
[2021-05-08 07:16:50,629] {scheduler_job.py:190} INFO - Processing /opt/airflow/dags/helloworld.py took 0.092 seconds
[2021-05-08 07:17:21,130] {scheduler_job.py:182} INFO - Started process (PID=1489) to work on /opt/airflow/dags/helloworld.py
[2021-05-08 07:17:21,133] {scheduler_job.py:629} INFO - Processing file /opt/airflow/dags/helloworld.py for tasks to queue
[2021-05-08 07:17:21,134] {logging_mixin.py:104} INFO - [2021-05-08 07:17:21,134] {dagbag.py:451} INFO - Filling up the DagBag from /opt/airflow/dags/helloworld.py
[2021-05-08 07:17:21,155] {scheduler_job.py:639} INFO - DAG(s) dict_keys(['helloworld_dag']) retrieved from /opt/airflow/dags/helloworld.py
[2021-05-08 07:17:21,186] {logging_mixin.py:104} INFO - [2021-05-08 07:17:21,185] {dag.py:1824} INFO - Sync 1 DAGs
[2021-05-08 07:17:21,208] {logging_mixin.py:104} INFO - [2021-05-08 07:17:21,208] {dag.py:2280} INFO - Setting next_dagrun for helloworld_dag to 2021-05-08 00:00:00+00:00
[2021-05-08 07:17:21,218] {scheduler_job.py:190} INFO - Processing /opt/airflow/dags/helloworld.py took 0.093 seconds
[2021-05-08 07:17:51,735] {scheduler_job.py:182} INFO - Started process (PID=1516) to work on /opt/airflow/dags/helloworld.py
[2021-05-08 07:17:51,737] {scheduler_job.py:629} INFO - Processing file /opt/airflow/dags/helloworld.py for tasks to queue
[2021-05-08 07:17:51,740] {logging_mixin.py:104} INFO - [2021-05-08 07:17:51,739] {dagbag.py:451} INFO - Filling up the DagBag from /opt/airflow/dags/helloworld.py
[2021-05-08 07:17:51,766] {scheduler_job.py:639} INFO - DAG(s) dict_keys(['helloworld_dag']) retrieved from /opt/airflow/dags/helloworld.py
[2021-05-08 07:17:51,795] {logging_mixin.py:104} INFO - [2021-05-08 07:17:51,795] {dag.py:1824} INFO - Sync 1 DAGs
[2021-05-08 07:17:51,819] {logging_mixin.py:104} INFO - [2021-05-08 07:17:51,818] {dag.py:2280} INFO - Setting next_dagrun for helloworld_dag to 2021-05-08 00:00:00+00:00
[2021-05-08 07:17:51,831] {scheduler_job.py:190} INFO - Processing /opt/airflow/dags/helloworld.py took 0.101 seconds
[2021-05-08 07:18:22,467] {scheduler_job.py:182} INFO - Started process (PID=1543) to work on /opt/airflow/dags/helloworld.py
[2021-05-08 07:18:22,470] {scheduler_job.py:629} INFO - Processing file /opt/airflow/dags/helloworld.py for tasks to queue
[2021-05-08 07:18:22,472] {logging_mixin.py:104} INFO - [2021-05-08 07:18:22,471] {dagbag.py:451} INFO - Filling up the DagBag from /opt/airflow/dags/helloworld.py
[2021-05-08 07:18:22,498] {scheduler_job.py:639} INFO - DAG(s) dict_keys(['helloworld_dag']) retrieved from /opt/airflow/dags/helloworld.py
[2021-05-08 07:18:22,527] {logging_mixin.py:104} INFO - [2021-05-08 07:18:22,527] {dag.py:1824} INFO - Sync 1 DAGs
[2021-05-08 07:18:22,549] {logging_mixin.py:104} INFO - [2021-05-08 07:18:22,549] {dag.py:2280} INFO - Setting next_dagrun for helloworld_dag to 2021-05-08 00:00:00+00:00
[2021-05-08 07:18:22,561] {scheduler_job.py:190} INFO - Processing /opt/airflow/dags/helloworld.py took 0.100 seconds
[2021-05-08 07:18:53,258] {scheduler_job.py:182} INFO - Started process (PID=1570) to work on /opt/airflow/dags/helloworld.py
[2021-05-08 07:18:53,260] {scheduler_job.py:629} INFO - Processing file /opt/airflow/dags/helloworld.py for tasks to queue
[2021-05-08 07:18:53,262] {logging_mixin.py:104} INFO - [2021-05-08 07:18:53,262] {dagbag.py:451} INFO - Filling up the DagBag from /opt/airflow/dags/helloworld.py
[2021-05-08 07:18:53,282] {scheduler_job.py:639} INFO - DAG(s) dict_keys(['helloworld_dag']) retrieved from /opt/airflow/dags/helloworld.py
[2021-05-08 07:18:53,312] {logging_mixin.py:104} INFO - [2021-05-08 07:18:53,312] {dag.py:1824} INFO - Sync 1 DAGs
[2021-05-08 07:18:53,334] {logging_mixin.py:104} INFO - [2021-05-08 07:18:53,334] {dag.py:2280} INFO - Setting next_dagrun for helloworld_dag to 2021-05-08 00:00:00+00:00
[2021-05-08 07:18:53,346] {scheduler_job.py:190} INFO - Processing /opt/airflow/dags/helloworld.py took 0.092 seconds
[2021-05-08 07:19:24,009] {scheduler_job.py:182} INFO - Started process (PID=1597) to work on /opt/airflow/dags/helloworld.py
[2021-05-08 07:19:24,012] {scheduler_job.py:629} INFO - Processing file /opt/airflow/dags/helloworld.py for tasks to queue
[2021-05-08 07:19:24,014] {logging_mixin.py:104} INFO - [2021-05-08 07:19:24,014] {dagbag.py:451} INFO - Filling up the DagBag from /opt/airflow/dags/helloworld.py
[2021-05-08 07:19:24,036] {scheduler_job.py:639} INFO - DAG(s) dict_keys(['helloworld_dag']) retrieved from /opt/airflow/dags/helloworld.py
[2021-05-08 07:19:24,064] {logging_mixin.py:104} INFO - [2021-05-08 07:19:24,064] {dag.py:1824} INFO - Sync 1 DAGs
[2021-05-08 07:19:24,086] {logging_mixin.py:104} INFO - [2021-05-08 07:19:24,086] {dag.py:2280} INFO - Setting next_dagrun for helloworld_dag to 2021-05-08 00:00:00+00:00
[2021-05-08 07:19:24,099] {scheduler_job.py:190} INFO - Processing /opt/airflow/dags/helloworld.py took 0.093 seconds
[2021-05-08 07:19:54,716] {scheduler_job.py:182} INFO - Started process (PID=1624) to work on /opt/airflow/dags/helloworld.py
[2021-05-08 07:19:54,718] {scheduler_job.py:629} INFO - Processing file /opt/airflow/dags/helloworld.py for tasks to queue
[2021-05-08 07:19:54,720] {logging_mixin.py:104} INFO - [2021-05-08 07:19:54,720] {dagbag.py:451} INFO - Filling up the DagBag from /opt/airflow/dags/helloworld.py
[2021-05-08 07:19:54,741] {scheduler_job.py:639} INFO - DAG(s) dict_keys(['helloworld_dag']) retrieved from /opt/airflow/dags/helloworld.py
[2021-05-08 07:19:54,768] {logging_mixin.py:104} INFO - [2021-05-08 07:19:54,768] {dag.py:1824} INFO - Sync 1 DAGs
[2021-05-08 07:19:54,790] {logging_mixin.py:104} INFO - [2021-05-08 07:19:54,790] {dag.py:2280} INFO - Setting next_dagrun for helloworld_dag to 2021-05-08 00:00:00+00:00
[2021-05-08 07:19:54,801] {scheduler_job.py:190} INFO - Processing /opt/airflow/dags/helloworld.py took 0.089 seconds
[2021-05-08 07:20:25,523] {scheduler_job.py:182} INFO - Started process (PID=1651) to work on /opt/airflow/dags/helloworld.py
[2021-05-08 07:20:25,525] {scheduler_job.py:629} INFO - Processing file /opt/airflow/dags/helloworld.py for tasks to queue
[2021-05-08 07:20:25,527] {logging_mixin.py:104} INFO - [2021-05-08 07:20:25,527] {dagbag.py:451} INFO - Filling up the DagBag from /opt/airflow/dags/helloworld.py
[2021-05-08 07:20:25,549] {scheduler_job.py:639} INFO - DAG(s) dict_keys(['helloworld_dag']) retrieved from /opt/airflow/dags/helloworld.py
[2021-05-08 07:20:25,577] {logging_mixin.py:104} INFO - [2021-05-08 07:20:25,577] {dag.py:1824} INFO - Sync 1 DAGs
[2021-05-08 07:20:25,601] {logging_mixin.py:104} INFO - [2021-05-08 07:20:25,601] {dag.py:2280} INFO - Setting next_dagrun for helloworld_dag to 2021-05-08 00:00:00+00:00
[2021-05-08 07:20:25,612] {scheduler_job.py:190} INFO - Processing /opt/airflow/dags/helloworld.py took 0.093 seconds
[2021-05-08 07:20:56,292] {scheduler_job.py:182} INFO - Started process (PID=1678) to work on /opt/airflow/dags/helloworld.py
[2021-05-08 07:20:56,294] {scheduler_job.py:629} INFO - Processing file /opt/airflow/dags/helloworld.py for tasks to queue
[2021-05-08 07:20:56,296] {logging_mixin.py:104} INFO - [2021-05-08 07:20:56,296] {dagbag.py:451} INFO - Filling up the DagBag from /opt/airflow/dags/helloworld.py
[2021-05-08 07:20:56,317] {scheduler_job.py:639} INFO - DAG(s) dict_keys(['helloworld_dag']) retrieved from /opt/airflow/dags/helloworld.py
[2021-05-08 07:20:56,348] {logging_mixin.py:104} INFO - [2021-05-08 07:20:56,347] {dag.py:1824} INFO - Sync 1 DAGs
[2021-05-08 07:20:56,371] {logging_mixin.py:104} INFO - [2021-05-08 07:20:56,371] {dag.py:2280} INFO - Setting next_dagrun for helloworld_dag to 2021-05-08 00:00:00+00:00
[2021-05-08 07:20:56,384] {scheduler_job.py:190} INFO - Processing /opt/airflow/dags/helloworld.py took 0.096 seconds
[2021-05-08 07:21:27,021] {scheduler_job.py:182} INFO - Started process (PID=1705) to work on /opt/airflow/dags/helloworld.py
[2021-05-08 07:21:27,025] {scheduler_job.py:629} INFO - Processing file /opt/airflow/dags/helloworld.py for tasks to queue
[2021-05-08 07:21:27,027] {logging_mixin.py:104} INFO - [2021-05-08 07:21:27,027] {dagbag.py:451} INFO - Filling up the DagBag from /opt/airflow/dags/helloworld.py
[2021-05-08 07:21:27,049] {scheduler_job.py:639} INFO - DAG(s) dict_keys(['helloworld_dag']) retrieved from /opt/airflow/dags/helloworld.py
[2021-05-08 07:21:27,076] {logging_mixin.py:104} INFO - [2021-05-08 07:21:27,076] {dag.py:1824} INFO - Sync 1 DAGs
[2021-05-08 07:21:27,099] {logging_mixin.py:104} INFO - [2021-05-08 07:21:27,099] {dag.py:2280} INFO - Setting next_dagrun for helloworld_dag to 2021-05-08 00:00:00+00:00
[2021-05-08 07:21:27,109] {scheduler_job.py:190} INFO - Processing /opt/airflow/dags/helloworld.py took 0.098 seconds
[2021-05-08 07:21:57,687] {scheduler_job.py:182} INFO - Started process (PID=1732) to work on /opt/airflow/dags/helloworld.py
[2021-05-08 07:21:57,690] {scheduler_job.py:629} INFO - Processing file /opt/airflow/dags/helloworld.py for tasks to queue
[2021-05-08 07:21:57,691] {logging_mixin.py:104} INFO - [2021-05-08 07:21:57,691] {dagbag.py:451} INFO - Filling up the DagBag from /opt/airflow/dags/helloworld.py
[2021-05-08 07:21:57,712] {scheduler_job.py:639} INFO - DAG(s) dict_keys(['helloworld_dag']) retrieved from /opt/airflow/dags/helloworld.py
[2021-05-08 07:21:57,742] {logging_mixin.py:104} INFO - [2021-05-08 07:21:57,742] {dag.py:1824} INFO - Sync 1 DAGs
[2021-05-08 07:21:57,774] {logging_mixin.py:104} INFO - [2021-05-08 07:21:57,773] {dag.py:2280} INFO - Setting next_dagrun for helloworld_dag to 2021-05-08 00:00:00+00:00
[2021-05-08 07:21:57,790] {scheduler_job.py:190} INFO - Processing /opt/airflow/dags/helloworld.py took 0.107 seconds
[2021-05-08 07:22:28,462] {scheduler_job.py:182} INFO - Started process (PID=1759) to work on /opt/airflow/dags/helloworld.py
[2021-05-08 07:22:28,465] {scheduler_job.py:629} INFO - Processing file /opt/airflow/dags/helloworld.py for tasks to queue
[2021-05-08 07:22:28,467] {logging_mixin.py:104} INFO - [2021-05-08 07:22:28,467] {dagbag.py:451} INFO - Filling up the DagBag from /opt/airflow/dags/helloworld.py
[2021-05-08 07:22:28,490] {scheduler_job.py:639} INFO - DAG(s) dict_keys(['helloworld_dag']) retrieved from /opt/airflow/dags/helloworld.py
[2021-05-08 07:22:28,522] {logging_mixin.py:104} INFO - [2021-05-08 07:22:28,522] {dag.py:1824} INFO - Sync 1 DAGs
[2021-05-08 07:22:28,545] {logging_mixin.py:104} INFO - [2021-05-08 07:22:28,545] {dag.py:2280} INFO - Setting next_dagrun for helloworld_dag to 2021-05-08 00:00:00+00:00
[2021-05-08 07:22:28,558] {scheduler_job.py:190} INFO - Processing /opt/airflow/dags/helloworld.py took 0.101 seconds
[2021-05-08 07:22:59,064] {scheduler_job.py:182} INFO - Started process (PID=1786) to work on /opt/airflow/dags/helloworld.py
[2021-05-08 07:22:59,066] {scheduler_job.py:629} INFO - Processing file /opt/airflow/dags/helloworld.py for tasks to queue
[2021-05-08 07:22:59,068] {logging_mixin.py:104} INFO - [2021-05-08 07:22:59,068] {dagbag.py:451} INFO - Filling up the DagBag from /opt/airflow/dags/helloworld.py
[2021-05-08 07:22:59,089] {scheduler_job.py:639} INFO - DAG(s) dict_keys(['helloworld_dag']) retrieved from /opt/airflow/dags/helloworld.py
[2021-05-08 07:22:59,118] {logging_mixin.py:104} INFO - [2021-05-08 07:22:59,118] {dag.py:1824} INFO - Sync 1 DAGs
[2021-05-08 07:22:59,141] {logging_mixin.py:104} INFO - [2021-05-08 07:22:59,141] {dag.py:2280} INFO - Setting next_dagrun for helloworld_dag to 2021-05-08 00:00:00+00:00
[2021-05-08 07:22:59,152] {scheduler_job.py:190} INFO - Processing /opt/airflow/dags/helloworld.py took 0.093 seconds
[2021-05-08 07:23:29,636] {scheduler_job.py:182} INFO - Started process (PID=1813) to work on /opt/airflow/dags/helloworld.py
[2021-05-08 07:23:29,638] {scheduler_job.py:629} INFO - Processing file /opt/airflow/dags/helloworld.py for tasks to queue
[2021-05-08 07:23:29,640] {logging_mixin.py:104} INFO - [2021-05-08 07:23:29,640] {dagbag.py:451} INFO - Filling up the DagBag from /opt/airflow/dags/helloworld.py
[2021-05-08 07:23:29,663] {scheduler_job.py:639} INFO - DAG(s) dict_keys(['helloworld_dag']) retrieved from /opt/airflow/dags/helloworld.py
[2021-05-08 07:23:29,694] {logging_mixin.py:104} INFO - [2021-05-08 07:23:29,694] {dag.py:1824} INFO - Sync 1 DAGs
[2021-05-08 07:23:29,718] {logging_mixin.py:104} INFO - [2021-05-08 07:23:29,718] {dag.py:2280} INFO - Setting next_dagrun for helloworld_dag to 2021-05-08 00:00:00+00:00
[2021-05-08 07:23:29,731] {scheduler_job.py:190} INFO - Processing /opt/airflow/dags/helloworld.py took 0.099 seconds
[2021-05-08 07:24:00,120] {scheduler_job.py:182} INFO - Started process (PID=1840) to work on /opt/airflow/dags/helloworld.py
[2021-05-08 07:24:00,123] {scheduler_job.py:629} INFO - Processing file /opt/airflow/dags/helloworld.py for tasks to queue
[2021-05-08 07:24:00,125] {logging_mixin.py:104} INFO - [2021-05-08 07:24:00,125] {dagbag.py:451} INFO - Filling up the DagBag from /opt/airflow/dags/helloworld.py
[2021-05-08 07:24:00,154] {scheduler_job.py:639} INFO - DAG(s) dict_keys(['helloworld_dag']) retrieved from /opt/airflow/dags/helloworld.py
[2021-05-08 07:24:00,193] {logging_mixin.py:104} INFO - [2021-05-08 07:24:00,193] {dag.py:1824} INFO - Sync 1 DAGs
[2021-05-08 07:24:00,223] {logging_mixin.py:104} INFO - [2021-05-08 07:24:00,223] {dag.py:2280} INFO - Setting next_dagrun for helloworld_dag to 2021-05-08 00:00:00+00:00
[2021-05-08 07:24:00,240] {scheduler_job.py:190} INFO - Processing /opt/airflow/dags/helloworld.py took 0.126 seconds
[2021-05-08 07:24:30,710] {scheduler_job.py:182} INFO - Started process (PID=1867) to work on /opt/airflow/dags/helloworld.py
[2021-05-08 07:24:30,712] {scheduler_job.py:629} INFO - Processing file /opt/airflow/dags/helloworld.py for tasks to queue
[2021-05-08 07:24:30,713] {logging_mixin.py:104} INFO - [2021-05-08 07:24:30,713] {dagbag.py:451} INFO - Filling up the DagBag from /opt/airflow/dags/helloworld.py
[2021-05-08 07:24:30,734] {scheduler_job.py:639} INFO - DAG(s) dict_keys(['helloworld_dag']) retrieved from /opt/airflow/dags/helloworld.py
[2021-05-08 07:24:30,761] {logging_mixin.py:104} INFO - [2021-05-08 07:24:30,760] {dag.py:1824} INFO - Sync 1 DAGs
[2021-05-08 07:24:30,783] {logging_mixin.py:104} INFO - [2021-05-08 07:24:30,783] {dag.py:2280} INFO - Setting next_dagrun for helloworld_dag to 2021-05-08 00:00:00+00:00
[2021-05-08 07:24:30,795] {scheduler_job.py:190} INFO - Processing /opt/airflow/dags/helloworld.py took 0.090 seconds
[2021-05-08 07:25:01,389] {scheduler_job.py:182} INFO - Started process (PID=1894) to work on /opt/airflow/dags/helloworld.py
[2021-05-08 07:25:01,391] {scheduler_job.py:629} INFO - Processing file /opt/airflow/dags/helloworld.py for tasks to queue
[2021-05-08 07:25:01,393] {logging_mixin.py:104} INFO - [2021-05-08 07:25:01,393] {dagbag.py:451} INFO - Filling up the DagBag from /opt/airflow/dags/helloworld.py
[2021-05-08 07:25:01,414] {scheduler_job.py:639} INFO - DAG(s) dict_keys(['helloworld_dag']) retrieved from /opt/airflow/dags/helloworld.py
[2021-05-08 07:25:01,444] {logging_mixin.py:104} INFO - [2021-05-08 07:25:01,444] {dag.py:1824} INFO - Sync 1 DAGs
[2021-05-08 07:25:01,468] {logging_mixin.py:104} INFO - [2021-05-08 07:25:01,467] {dag.py:2280} INFO - Setting next_dagrun for helloworld_dag to 2021-05-08 00:00:00+00:00
[2021-05-08 07:25:01,479] {scheduler_job.py:190} INFO - Processing /opt/airflow/dags/helloworld.py took 0.095 seconds
[2021-05-08 07:25:32,068] {scheduler_job.py:182} INFO - Started process (PID=1921) to work on /opt/airflow/dags/helloworld.py
[2021-05-08 07:25:32,070] {scheduler_job.py:629} INFO - Processing file /opt/airflow/dags/helloworld.py for tasks to queue
[2021-05-08 07:25:32,071] {logging_mixin.py:104} INFO - [2021-05-08 07:25:32,071] {dagbag.py:451} INFO - Filling up the DagBag from /opt/airflow/dags/helloworld.py
[2021-05-08 07:25:32,093] {scheduler_job.py:639} INFO - DAG(s) dict_keys(['helloworld_dag']) retrieved from /opt/airflow/dags/helloworld.py
[2021-05-08 07:25:32,127] {logging_mixin.py:104} INFO - [2021-05-08 07:25:32,126] {dag.py:1824} INFO - Sync 1 DAGs
[2021-05-08 07:25:32,148] {logging_mixin.py:104} INFO - [2021-05-08 07:25:32,148] {dag.py:2280} INFO - Setting next_dagrun for helloworld_dag to 2021-05-08 00:00:00+00:00
[2021-05-08 07:25:32,160] {scheduler_job.py:190} INFO - Processing /opt/airflow/dags/helloworld.py took 0.097 seconds
[2021-05-08 07:26:02,721] {scheduler_job.py:182} INFO - Started process (PID=1948) to work on /opt/airflow/dags/helloworld.py
[2021-05-08 07:26:02,723] {scheduler_job.py:629} INFO - Processing file /opt/airflow/dags/helloworld.py for tasks to queue
[2021-05-08 07:26:02,725] {logging_mixin.py:104} INFO - [2021-05-08 07:26:02,725] {dagbag.py:451} INFO - Filling up the DagBag from /opt/airflow/dags/helloworld.py
[2021-05-08 07:26:02,749] {scheduler_job.py:639} INFO - DAG(s) dict_keys(['helloworld_dag']) retrieved from /opt/airflow/dags/helloworld.py
[2021-05-08 07:26:02,779] {logging_mixin.py:104} INFO - [2021-05-08 07:26:02,779] {dag.py:1824} INFO - Sync 1 DAGs
[2021-05-08 07:26:02,801] {logging_mixin.py:104} INFO - [2021-05-08 07:26:02,801] {dag.py:2280} INFO - Setting next_dagrun for helloworld_dag to 2021-05-08 00:00:00+00:00
[2021-05-08 07:26:02,814] {scheduler_job.py:190} INFO - Processing /opt/airflow/dags/helloworld.py took 0.096 seconds
[2021-05-08 07:26:33,421] {scheduler_job.py:182} INFO - Started process (PID=1975) to work on /opt/airflow/dags/helloworld.py
[2021-05-08 07:26:33,423] {scheduler_job.py:629} INFO - Processing file /opt/airflow/dags/helloworld.py for tasks to queue
[2021-05-08 07:26:33,425] {logging_mixin.py:104} INFO - [2021-05-08 07:26:33,424] {dagbag.py:451} INFO - Filling up the DagBag from /opt/airflow/dags/helloworld.py
[2021-05-08 07:26:33,445] {scheduler_job.py:639} INFO - DAG(s) dict_keys(['helloworld_dag']) retrieved from /opt/airflow/dags/helloworld.py
[2021-05-08 07:26:33,475] {logging_mixin.py:104} INFO - [2021-05-08 07:26:33,475] {dag.py:1824} INFO - Sync 1 DAGs
[2021-05-08 07:26:33,497] {logging_mixin.py:104} INFO - [2021-05-08 07:26:33,497] {dag.py:2280} INFO - Setting next_dagrun for helloworld_dag to 2021-05-08 00:00:00+00:00
[2021-05-08 07:26:33,509] {scheduler_job.py:190} INFO - Processing /opt/airflow/dags/helloworld.py took 0.093 seconds
