[2021-05-06 12:13:57,692] {scheduler_job.py:182} INFO - Started process (PID=40) to work on /home/airflow/.local/lib/python3.6/site-packages/airflow/example_dags/tutorial.py
[2021-05-06 12:13:57,695] {scheduler_job.py:629} INFO - Processing file /home/airflow/.local/lib/python3.6/site-packages/airflow/example_dags/tutorial.py for tasks to queue
[2021-05-06 12:13:57,698] {logging_mixin.py:104} INFO - [2021-05-06 12:13:57,698] {dagbag.py:451} INFO - Filling up the DagBag from /home/airflow/.local/lib/python3.6/site-packages/airflow/example_dags/tutorial.py
[2021-05-06 12:13:57,723] {scheduler_job.py:639} INFO - DAG(s) dict_keys(['tutorial']) retrieved from /home/airflow/.local/lib/python3.6/site-packages/airflow/example_dags/tutorial.py
[2021-05-06 12:13:57,767] {logging_mixin.py:104} INFO - [2021-05-06 12:13:57,767] {dag.py:1824} INFO - Sync 1 DAGs
[2021-05-06 12:13:57,797] {logging_mixin.py:104} INFO - [2021-05-06 12:13:57,796] {dag.py:2280} INFO - Setting next_dagrun for tutorial to 2021-05-04 00:00:00+00:00
[2021-05-06 12:13:57,815] {scheduler_job.py:190} INFO - Processing /home/airflow/.local/lib/python3.6/site-packages/airflow/example_dags/tutorial.py took 0.138 seconds
[2021-05-06 12:14:28,153] {scheduler_job.py:182} INFO - Started process (PID=67) to work on /home/airflow/.local/lib/python3.6/site-packages/airflow/example_dags/tutorial.py
[2021-05-06 12:14:28,155] {scheduler_job.py:629} INFO - Processing file /home/airflow/.local/lib/python3.6/site-packages/airflow/example_dags/tutorial.py for tasks to queue
[2021-05-06 12:14:28,157] {logging_mixin.py:104} INFO - [2021-05-06 12:14:28,157] {dagbag.py:451} INFO - Filling up the DagBag from /home/airflow/.local/lib/python3.6/site-packages/airflow/example_dags/tutorial.py
[2021-05-06 12:14:28,171] {scheduler_job.py:639} INFO - DAG(s) dict_keys(['tutorial']) retrieved from /home/airflow/.local/lib/python3.6/site-packages/airflow/example_dags/tutorial.py
[2021-05-06 12:14:28,203] {logging_mixin.py:104} INFO - [2021-05-06 12:14:28,203] {dag.py:1824} INFO - Sync 1 DAGs
[2021-05-06 12:14:28,224] {logging_mixin.py:104} INFO - [2021-05-06 12:14:28,224] {dag.py:2280} INFO - Setting next_dagrun for tutorial to 2021-05-04 00:00:00+00:00
[2021-05-06 12:14:28,240] {scheduler_job.py:190} INFO - Processing /home/airflow/.local/lib/python3.6/site-packages/airflow/example_dags/tutorial.py took 0.094 seconds
[2021-05-06 12:14:59,009] {scheduler_job.py:182} INFO - Started process (PID=93) to work on /home/airflow/.local/lib/python3.6/site-packages/airflow/example_dags/tutorial.py
[2021-05-06 12:14:59,013] {scheduler_job.py:629} INFO - Processing file /home/airflow/.local/lib/python3.6/site-packages/airflow/example_dags/tutorial.py for tasks to queue
[2021-05-06 12:14:59,015] {logging_mixin.py:104} INFO - [2021-05-06 12:14:59,015] {dagbag.py:451} INFO - Filling up the DagBag from /home/airflow/.local/lib/python3.6/site-packages/airflow/example_dags/tutorial.py
[2021-05-06 12:14:59,030] {scheduler_job.py:639} INFO - DAG(s) dict_keys(['tutorial']) retrieved from /home/airflow/.local/lib/python3.6/site-packages/airflow/example_dags/tutorial.py
[2021-05-06 12:14:59,085] {logging_mixin.py:104} INFO - [2021-05-06 12:14:59,085] {dag.py:1824} INFO - Sync 1 DAGs
[2021-05-06 12:14:59,117] {logging_mixin.py:104} INFO - [2021-05-06 12:14:59,117] {dag.py:2280} INFO - Setting next_dagrun for tutorial to 2021-05-04 00:00:00+00:00
[2021-05-06 12:14:59,130] {scheduler_job.py:190} INFO - Processing /home/airflow/.local/lib/python3.6/site-packages/airflow/example_dags/tutorial.py took 0.126 seconds
[2021-05-06 12:15:29,869] {scheduler_job.py:182} INFO - Started process (PID=119) to work on /home/airflow/.local/lib/python3.6/site-packages/airflow/example_dags/tutorial.py
[2021-05-06 12:15:29,872] {scheduler_job.py:629} INFO - Processing file /home/airflow/.local/lib/python3.6/site-packages/airflow/example_dags/tutorial.py for tasks to queue
[2021-05-06 12:15:29,873] {logging_mixin.py:104} INFO - [2021-05-06 12:15:29,873] {dagbag.py:451} INFO - Filling up the DagBag from /home/airflow/.local/lib/python3.6/site-packages/airflow/example_dags/tutorial.py
[2021-05-06 12:15:29,890] {scheduler_job.py:639} INFO - DAG(s) dict_keys(['tutorial']) retrieved from /home/airflow/.local/lib/python3.6/site-packages/airflow/example_dags/tutorial.py
[2021-05-06 12:15:29,935] {logging_mixin.py:104} INFO - [2021-05-06 12:15:29,935] {dag.py:1824} INFO - Sync 1 DAGs
[2021-05-06 12:15:29,966] {logging_mixin.py:104} INFO - [2021-05-06 12:15:29,965] {dag.py:2280} INFO - Setting next_dagrun for tutorial to 2021-05-04 00:00:00+00:00
[2021-05-06 12:15:29,984] {scheduler_job.py:190} INFO - Processing /home/airflow/.local/lib/python3.6/site-packages/airflow/example_dags/tutorial.py took 0.120 seconds
[2021-05-06 12:16:00,688] {scheduler_job.py:182} INFO - Started process (PID=145) to work on /home/airflow/.local/lib/python3.6/site-packages/airflow/example_dags/tutorial.py
[2021-05-06 12:16:00,691] {scheduler_job.py:629} INFO - Processing file /home/airflow/.local/lib/python3.6/site-packages/airflow/example_dags/tutorial.py for tasks to queue
[2021-05-06 12:16:00,693] {logging_mixin.py:104} INFO - [2021-05-06 12:16:00,693] {dagbag.py:451} INFO - Filling up the DagBag from /home/airflow/.local/lib/python3.6/site-packages/airflow/example_dags/tutorial.py
[2021-05-06 12:16:00,708] {scheduler_job.py:639} INFO - DAG(s) dict_keys(['tutorial']) retrieved from /home/airflow/.local/lib/python3.6/site-packages/airflow/example_dags/tutorial.py
[2021-05-06 12:16:00,758] {logging_mixin.py:104} INFO - [2021-05-06 12:16:00,758] {dag.py:1824} INFO - Sync 1 DAGs
[2021-05-06 12:16:00,784] {logging_mixin.py:104} INFO - [2021-05-06 12:16:00,783] {dag.py:2280} INFO - Setting next_dagrun for tutorial to 2021-05-04 00:00:00+00:00
[2021-05-06 12:16:00,800] {scheduler_job.py:190} INFO - Processing /home/airflow/.local/lib/python3.6/site-packages/airflow/example_dags/tutorial.py took 0.117 seconds
[2021-05-06 12:16:31,637] {scheduler_job.py:182} INFO - Started process (PID=171) to work on /home/airflow/.local/lib/python3.6/site-packages/airflow/example_dags/tutorial.py
[2021-05-06 12:16:31,639] {scheduler_job.py:629} INFO - Processing file /home/airflow/.local/lib/python3.6/site-packages/airflow/example_dags/tutorial.py for tasks to queue
[2021-05-06 12:16:31,642] {logging_mixin.py:104} INFO - [2021-05-06 12:16:31,641] {dagbag.py:451} INFO - Filling up the DagBag from /home/airflow/.local/lib/python3.6/site-packages/airflow/example_dags/tutorial.py
[2021-05-06 12:16:31,661] {scheduler_job.py:639} INFO - DAG(s) dict_keys(['tutorial']) retrieved from /home/airflow/.local/lib/python3.6/site-packages/airflow/example_dags/tutorial.py
[2021-05-06 12:16:31,700] {logging_mixin.py:104} INFO - [2021-05-06 12:16:31,700] {dag.py:1824} INFO - Sync 1 DAGs
[2021-05-06 12:16:31,736] {logging_mixin.py:104} INFO - [2021-05-06 12:16:31,735] {dag.py:2280} INFO - Setting next_dagrun for tutorial to 2021-05-04 00:00:00+00:00
[2021-05-06 12:16:31,752] {scheduler_job.py:190} INFO - Processing /home/airflow/.local/lib/python3.6/site-packages/airflow/example_dags/tutorial.py took 0.122 seconds
[2021-05-06 12:17:02,680] {scheduler_job.py:182} INFO - Started process (PID=196) to work on /home/airflow/.local/lib/python3.6/site-packages/airflow/example_dags/tutorial.py
[2021-05-06 12:17:02,683] {scheduler_job.py:629} INFO - Processing file /home/airflow/.local/lib/python3.6/site-packages/airflow/example_dags/tutorial.py for tasks to queue
[2021-05-06 12:17:02,686] {logging_mixin.py:104} INFO - [2021-05-06 12:17:02,686] {dagbag.py:451} INFO - Filling up the DagBag from /home/airflow/.local/lib/python3.6/site-packages/airflow/example_dags/tutorial.py
[2021-05-06 12:17:02,701] {scheduler_job.py:639} INFO - DAG(s) dict_keys(['tutorial']) retrieved from /home/airflow/.local/lib/python3.6/site-packages/airflow/example_dags/tutorial.py
[2021-05-06 12:17:02,738] {logging_mixin.py:104} INFO - [2021-05-06 12:17:02,738] {dag.py:1824} INFO - Sync 1 DAGs
[2021-05-06 12:17:02,761] {logging_mixin.py:104} INFO - [2021-05-06 12:17:02,761] {dag.py:2280} INFO - Setting next_dagrun for tutorial to 2021-05-04 00:00:00+00:00
[2021-05-06 12:17:02,777] {scheduler_job.py:190} INFO - Processing /home/airflow/.local/lib/python3.6/site-packages/airflow/example_dags/tutorial.py took 0.101 seconds
[2021-05-06 12:17:33,823] {scheduler_job.py:182} INFO - Started process (PID=222) to work on /home/airflow/.local/lib/python3.6/site-packages/airflow/example_dags/tutorial.py
[2021-05-06 12:17:33,826] {scheduler_job.py:629} INFO - Processing file /home/airflow/.local/lib/python3.6/site-packages/airflow/example_dags/tutorial.py for tasks to queue
[2021-05-06 12:17:33,828] {logging_mixin.py:104} INFO - [2021-05-06 12:17:33,828] {dagbag.py:451} INFO - Filling up the DagBag from /home/airflow/.local/lib/python3.6/site-packages/airflow/example_dags/tutorial.py
[2021-05-06 12:17:33,846] {scheduler_job.py:639} INFO - DAG(s) dict_keys(['tutorial']) retrieved from /home/airflow/.local/lib/python3.6/site-packages/airflow/example_dags/tutorial.py
[2021-05-06 12:17:33,889] {logging_mixin.py:104} INFO - [2021-05-06 12:17:33,889] {dag.py:1824} INFO - Sync 1 DAGs
[2021-05-06 12:17:33,921] {logging_mixin.py:104} INFO - [2021-05-06 12:17:33,921] {dag.py:2280} INFO - Setting next_dagrun for tutorial to 2021-05-04 00:00:00+00:00
[2021-05-06 12:17:33,940] {scheduler_job.py:190} INFO - Processing /home/airflow/.local/lib/python3.6/site-packages/airflow/example_dags/tutorial.py took 0.122 seconds
[2021-05-06 12:18:04,483] {scheduler_job.py:182} INFO - Started process (PID=249) to work on /home/airflow/.local/lib/python3.6/site-packages/airflow/example_dags/tutorial.py
[2021-05-06 12:18:04,488] {scheduler_job.py:629} INFO - Processing file /home/airflow/.local/lib/python3.6/site-packages/airflow/example_dags/tutorial.py for tasks to queue
[2021-05-06 12:18:04,491] {logging_mixin.py:104} INFO - [2021-05-06 12:18:04,491] {dagbag.py:451} INFO - Filling up the DagBag from /home/airflow/.local/lib/python3.6/site-packages/airflow/example_dags/tutorial.py
[2021-05-06 12:18:04,514] {scheduler_job.py:639} INFO - DAG(s) dict_keys(['tutorial']) retrieved from /home/airflow/.local/lib/python3.6/site-packages/airflow/example_dags/tutorial.py
[2021-05-06 12:18:04,569] {logging_mixin.py:104} INFO - [2021-05-06 12:18:04,569] {dag.py:1824} INFO - Sync 1 DAGs
[2021-05-06 12:18:04,604] {logging_mixin.py:104} INFO - [2021-05-06 12:18:04,604] {dag.py:2280} INFO - Setting next_dagrun for tutorial to 2021-05-04 00:00:00+00:00
[2021-05-06 12:18:04,627] {scheduler_job.py:190} INFO - Processing /home/airflow/.local/lib/python3.6/site-packages/airflow/example_dags/tutorial.py took 0.151 seconds
[2021-05-06 12:18:35,230] {scheduler_job.py:182} INFO - Started process (PID=274) to work on /home/airflow/.local/lib/python3.6/site-packages/airflow/example_dags/tutorial.py
[2021-05-06 12:18:35,238] {scheduler_job.py:629} INFO - Processing file /home/airflow/.local/lib/python3.6/site-packages/airflow/example_dags/tutorial.py for tasks to queue
[2021-05-06 12:18:35,241] {logging_mixin.py:104} INFO - [2021-05-06 12:18:35,241] {dagbag.py:451} INFO - Filling up the DagBag from /home/airflow/.local/lib/python3.6/site-packages/airflow/example_dags/tutorial.py
[2021-05-06 12:18:35,262] {scheduler_job.py:639} INFO - DAG(s) dict_keys(['tutorial']) retrieved from /home/airflow/.local/lib/python3.6/site-packages/airflow/example_dags/tutorial.py
[2021-05-06 12:18:35,315] {logging_mixin.py:104} INFO - [2021-05-06 12:18:35,314] {dag.py:1824} INFO - Sync 1 DAGs
[2021-05-06 12:18:35,352] {logging_mixin.py:104} INFO - [2021-05-06 12:18:35,351] {dag.py:2280} INFO - Setting next_dagrun for tutorial to 2021-05-04 00:00:00+00:00
[2021-05-06 12:18:35,383] {scheduler_job.py:190} INFO - Processing /home/airflow/.local/lib/python3.6/site-packages/airflow/example_dags/tutorial.py took 0.167 seconds
[2021-05-06 12:19:05,610] {scheduler_job.py:182} INFO - Started process (PID=300) to work on /home/airflow/.local/lib/python3.6/site-packages/airflow/example_dags/tutorial.py
[2021-05-06 12:19:05,612] {scheduler_job.py:629} INFO - Processing file /home/airflow/.local/lib/python3.6/site-packages/airflow/example_dags/tutorial.py for tasks to queue
[2021-05-06 12:19:05,614] {logging_mixin.py:104} INFO - [2021-05-06 12:19:05,614] {dagbag.py:451} INFO - Filling up the DagBag from /home/airflow/.local/lib/python3.6/site-packages/airflow/example_dags/tutorial.py
[2021-05-06 12:19:05,628] {scheduler_job.py:639} INFO - DAG(s) dict_keys(['tutorial']) retrieved from /home/airflow/.local/lib/python3.6/site-packages/airflow/example_dags/tutorial.py
[2021-05-06 12:19:05,663] {logging_mixin.py:104} INFO - [2021-05-06 12:19:05,663] {dag.py:1824} INFO - Sync 1 DAGs
[2021-05-06 12:19:05,684] {logging_mixin.py:104} INFO - [2021-05-06 12:19:05,683] {dag.py:2280} INFO - Setting next_dagrun for tutorial to 2021-05-04 00:00:00+00:00
[2021-05-06 12:19:05,699] {scheduler_job.py:190} INFO - Processing /home/airflow/.local/lib/python3.6/site-packages/airflow/example_dags/tutorial.py took 0.094 seconds
[2021-05-06 12:19:36,407] {scheduler_job.py:182} INFO - Started process (PID=326) to work on /home/airflow/.local/lib/python3.6/site-packages/airflow/example_dags/tutorial.py
[2021-05-06 12:19:36,409] {scheduler_job.py:629} INFO - Processing file /home/airflow/.local/lib/python3.6/site-packages/airflow/example_dags/tutorial.py for tasks to queue
[2021-05-06 12:19:36,411] {logging_mixin.py:104} INFO - [2021-05-06 12:19:36,411] {dagbag.py:451} INFO - Filling up the DagBag from /home/airflow/.local/lib/python3.6/site-packages/airflow/example_dags/tutorial.py
[2021-05-06 12:19:36,430] {scheduler_job.py:639} INFO - DAG(s) dict_keys(['tutorial']) retrieved from /home/airflow/.local/lib/python3.6/site-packages/airflow/example_dags/tutorial.py
[2021-05-06 12:19:36,464] {logging_mixin.py:104} INFO - [2021-05-06 12:19:36,463] {dag.py:1824} INFO - Sync 1 DAGs
[2021-05-06 12:19:36,487] {logging_mixin.py:104} INFO - [2021-05-06 12:19:36,487] {dag.py:2280} INFO - Setting next_dagrun for tutorial to 2021-05-04 00:00:00+00:00
[2021-05-06 12:19:36,501] {scheduler_job.py:190} INFO - Processing /home/airflow/.local/lib/python3.6/site-packages/airflow/example_dags/tutorial.py took 0.099 seconds
[2021-05-06 12:20:07,165] {scheduler_job.py:182} INFO - Started process (PID=352) to work on /home/airflow/.local/lib/python3.6/site-packages/airflow/example_dags/tutorial.py
[2021-05-06 12:20:07,168] {scheduler_job.py:629} INFO - Processing file /home/airflow/.local/lib/python3.6/site-packages/airflow/example_dags/tutorial.py for tasks to queue
[2021-05-06 12:20:07,170] {logging_mixin.py:104} INFO - [2021-05-06 12:20:07,170] {dagbag.py:451} INFO - Filling up the DagBag from /home/airflow/.local/lib/python3.6/site-packages/airflow/example_dags/tutorial.py
[2021-05-06 12:20:07,186] {scheduler_job.py:639} INFO - DAG(s) dict_keys(['tutorial']) retrieved from /home/airflow/.local/lib/python3.6/site-packages/airflow/example_dags/tutorial.py
[2021-05-06 12:20:07,218] {logging_mixin.py:104} INFO - [2021-05-06 12:20:07,218] {dag.py:1824} INFO - Sync 1 DAGs
[2021-05-06 12:20:07,239] {logging_mixin.py:104} INFO - [2021-05-06 12:20:07,239] {dag.py:2280} INFO - Setting next_dagrun for tutorial to 2021-05-04 00:00:00+00:00
[2021-05-06 12:20:07,254] {scheduler_job.py:190} INFO - Processing /home/airflow/.local/lib/python3.6/site-packages/airflow/example_dags/tutorial.py took 0.094 seconds
[2021-05-06 12:20:37,983] {scheduler_job.py:182} INFO - Started process (PID=377) to work on /home/airflow/.local/lib/python3.6/site-packages/airflow/example_dags/tutorial.py
[2021-05-06 12:20:37,986] {scheduler_job.py:629} INFO - Processing file /home/airflow/.local/lib/python3.6/site-packages/airflow/example_dags/tutorial.py for tasks to queue
[2021-05-06 12:20:37,988] {logging_mixin.py:104} INFO - [2021-05-06 12:20:37,987] {dagbag.py:451} INFO - Filling up the DagBag from /home/airflow/.local/lib/python3.6/site-packages/airflow/example_dags/tutorial.py
[2021-05-06 12:20:38,002] {scheduler_job.py:639} INFO - DAG(s) dict_keys(['tutorial']) retrieved from /home/airflow/.local/lib/python3.6/site-packages/airflow/example_dags/tutorial.py
[2021-05-06 12:20:38,036] {logging_mixin.py:104} INFO - [2021-05-06 12:20:38,036] {dag.py:1824} INFO - Sync 1 DAGs
[2021-05-06 12:20:38,070] {logging_mixin.py:104} INFO - [2021-05-06 12:20:38,070] {dag.py:2280} INFO - Setting next_dagrun for tutorial to 2021-05-04 00:00:00+00:00
[2021-05-06 12:20:38,089] {scheduler_job.py:190} INFO - Processing /home/airflow/.local/lib/python3.6/site-packages/airflow/example_dags/tutorial.py took 0.110 seconds
[2021-05-06 12:21:08,842] {scheduler_job.py:182} INFO - Started process (PID=403) to work on /home/airflow/.local/lib/python3.6/site-packages/airflow/example_dags/tutorial.py
[2021-05-06 12:21:08,845] {scheduler_job.py:629} INFO - Processing file /home/airflow/.local/lib/python3.6/site-packages/airflow/example_dags/tutorial.py for tasks to queue
[2021-05-06 12:21:08,847] {logging_mixin.py:104} INFO - [2021-05-06 12:21:08,847] {dagbag.py:451} INFO - Filling up the DagBag from /home/airflow/.local/lib/python3.6/site-packages/airflow/example_dags/tutorial.py
[2021-05-06 12:21:08,863] {scheduler_job.py:639} INFO - DAG(s) dict_keys(['tutorial']) retrieved from /home/airflow/.local/lib/python3.6/site-packages/airflow/example_dags/tutorial.py
[2021-05-06 12:21:08,897] {logging_mixin.py:104} INFO - [2021-05-06 12:21:08,897] {dag.py:1824} INFO - Sync 1 DAGs
[2021-05-06 12:21:08,918] {logging_mixin.py:104} INFO - [2021-05-06 12:21:08,918] {dag.py:2280} INFO - Setting next_dagrun for tutorial to 2021-05-04 00:00:00+00:00
[2021-05-06 12:21:08,931] {scheduler_job.py:190} INFO - Processing /home/airflow/.local/lib/python3.6/site-packages/airflow/example_dags/tutorial.py took 0.094 seconds
[2021-05-06 12:21:39,701] {scheduler_job.py:182} INFO - Started process (PID=430) to work on /home/airflow/.local/lib/python3.6/site-packages/airflow/example_dags/tutorial.py
[2021-05-06 12:21:39,704] {scheduler_job.py:629} INFO - Processing file /home/airflow/.local/lib/python3.6/site-packages/airflow/example_dags/tutorial.py for tasks to queue
[2021-05-06 12:21:39,706] {logging_mixin.py:104} INFO - [2021-05-06 12:21:39,706] {dagbag.py:451} INFO - Filling up the DagBag from /home/airflow/.local/lib/python3.6/site-packages/airflow/example_dags/tutorial.py
[2021-05-06 12:21:39,720] {scheduler_job.py:639} INFO - DAG(s) dict_keys(['tutorial']) retrieved from /home/airflow/.local/lib/python3.6/site-packages/airflow/example_dags/tutorial.py
[2021-05-06 12:21:39,754] {logging_mixin.py:104} INFO - [2021-05-06 12:21:39,754] {dag.py:1824} INFO - Sync 1 DAGs
[2021-05-06 12:21:39,776] {logging_mixin.py:104} INFO - [2021-05-06 12:21:39,776] {dag.py:2280} INFO - Setting next_dagrun for tutorial to 2021-05-04 00:00:00+00:00
[2021-05-06 12:21:39,791] {scheduler_job.py:190} INFO - Processing /home/airflow/.local/lib/python3.6/site-packages/airflow/example_dags/tutorial.py took 0.093 seconds
[2021-05-06 12:22:10,510] {scheduler_job.py:182} INFO - Started process (PID=456) to work on /home/airflow/.local/lib/python3.6/site-packages/airflow/example_dags/tutorial.py
[2021-05-06 12:22:10,514] {scheduler_job.py:629} INFO - Processing file /home/airflow/.local/lib/python3.6/site-packages/airflow/example_dags/tutorial.py for tasks to queue
[2021-05-06 12:22:10,518] {logging_mixin.py:104} INFO - [2021-05-06 12:22:10,517] {dagbag.py:451} INFO - Filling up the DagBag from /home/airflow/.local/lib/python3.6/site-packages/airflow/example_dags/tutorial.py
[2021-05-06 12:22:10,543] {scheduler_job.py:639} INFO - DAG(s) dict_keys(['tutorial']) retrieved from /home/airflow/.local/lib/python3.6/site-packages/airflow/example_dags/tutorial.py
[2021-05-06 12:22:10,583] {logging_mixin.py:104} INFO - [2021-05-06 12:22:10,583] {dag.py:1824} INFO - Sync 1 DAGs
[2021-05-06 12:22:10,606] {logging_mixin.py:104} INFO - [2021-05-06 12:22:10,606] {dag.py:2280} INFO - Setting next_dagrun for tutorial to 2021-05-04 00:00:00+00:00
[2021-05-06 12:22:10,622] {scheduler_job.py:190} INFO - Processing /home/airflow/.local/lib/python3.6/site-packages/airflow/example_dags/tutorial.py took 0.120 seconds
[2021-05-06 12:22:41,332] {scheduler_job.py:182} INFO - Started process (PID=482) to work on /home/airflow/.local/lib/python3.6/site-packages/airflow/example_dags/tutorial.py
[2021-05-06 12:22:41,335] {scheduler_job.py:629} INFO - Processing file /home/airflow/.local/lib/python3.6/site-packages/airflow/example_dags/tutorial.py for tasks to queue
[2021-05-06 12:22:41,337] {logging_mixin.py:104} INFO - [2021-05-06 12:22:41,337] {dagbag.py:451} INFO - Filling up the DagBag from /home/airflow/.local/lib/python3.6/site-packages/airflow/example_dags/tutorial.py
[2021-05-06 12:22:41,351] {scheduler_job.py:639} INFO - DAG(s) dict_keys(['tutorial']) retrieved from /home/airflow/.local/lib/python3.6/site-packages/airflow/example_dags/tutorial.py
[2021-05-06 12:22:41,384] {logging_mixin.py:104} INFO - [2021-05-06 12:22:41,384] {dag.py:1824} INFO - Sync 1 DAGs
[2021-05-06 12:22:41,405] {logging_mixin.py:104} INFO - [2021-05-06 12:22:41,405] {dag.py:2280} INFO - Setting next_dagrun for tutorial to 2021-05-04 00:00:00+00:00
[2021-05-06 12:22:41,422] {scheduler_job.py:190} INFO - Processing /home/airflow/.local/lib/python3.6/site-packages/airflow/example_dags/tutorial.py took 0.094 seconds
[2021-05-06 12:23:13,012] {scheduler_job.py:182} INFO - Started process (PID=507) to work on /home/airflow/.local/lib/python3.6/site-packages/airflow/example_dags/tutorial.py
[2021-05-06 12:23:13,017] {scheduler_job.py:629} INFO - Processing file /home/airflow/.local/lib/python3.6/site-packages/airflow/example_dags/tutorial.py for tasks to queue
[2021-05-06 12:23:13,020] {logging_mixin.py:104} INFO - [2021-05-06 12:23:13,020] {dagbag.py:451} INFO - Filling up the DagBag from /home/airflow/.local/lib/python3.6/site-packages/airflow/example_dags/tutorial.py
[2021-05-06 12:23:13,051] {scheduler_job.py:639} INFO - DAG(s) dict_keys(['tutorial']) retrieved from /home/airflow/.local/lib/python3.6/site-packages/airflow/example_dags/tutorial.py
[2021-05-06 12:23:13,117] {logging_mixin.py:104} INFO - [2021-05-06 12:23:13,117] {dag.py:1824} INFO - Sync 1 DAGs
[2021-05-06 12:23:13,157] {logging_mixin.py:104} INFO - [2021-05-06 12:23:13,157] {dag.py:2280} INFO - Setting next_dagrun for tutorial to 2021-05-04 00:00:00+00:00
[2021-05-06 12:23:13,181] {scheduler_job.py:190} INFO - Processing /home/airflow/.local/lib/python3.6/site-packages/airflow/example_dags/tutorial.py took 0.180 seconds
[2021-05-06 12:23:53,154] {scheduler_job.py:182} INFO - Started process (PID=535) to work on /home/airflow/.local/lib/python3.6/site-packages/airflow/example_dags/tutorial.py
[2021-05-06 12:23:53,176] {scheduler_job.py:629} INFO - Processing file /home/airflow/.local/lib/python3.6/site-packages/airflow/example_dags/tutorial.py for tasks to queue
[2021-05-06 12:23:53,185] {logging_mixin.py:104} INFO - [2021-05-06 12:23:53,185] {dagbag.py:451} INFO - Filling up the DagBag from /home/airflow/.local/lib/python3.6/site-packages/airflow/example_dags/tutorial.py
[2021-05-06 12:23:53,362] {scheduler_job.py:639} INFO - DAG(s) dict_keys(['tutorial']) retrieved from /home/airflow/.local/lib/python3.6/site-packages/airflow/example_dags/tutorial.py
[2021-05-06 12:23:53,839] {logging_mixin.py:104} INFO - [2021-05-06 12:23:53,838] {dag.py:1824} INFO - Sync 1 DAGs
[2021-05-06 12:23:54,057] {logging_mixin.py:104} INFO - [2021-05-06 12:23:54,055] {dag.py:2280} INFO - Setting next_dagrun for tutorial to 2021-05-04 00:00:00+00:00
[2021-05-06 12:23:54,203] {scheduler_job.py:190} INFO - Processing /home/airflow/.local/lib/python3.6/site-packages/airflow/example_dags/tutorial.py took 1.097 seconds
[2021-05-06 12:24:25,053] {scheduler_job.py:182} INFO - Started process (PID=561) to work on /home/airflow/.local/lib/python3.6/site-packages/airflow/example_dags/tutorial.py
[2021-05-06 12:24:25,059] {scheduler_job.py:629} INFO - Processing file /home/airflow/.local/lib/python3.6/site-packages/airflow/example_dags/tutorial.py for tasks to queue
[2021-05-06 12:24:25,063] {logging_mixin.py:104} INFO - [2021-05-06 12:24:25,062] {dagbag.py:451} INFO - Filling up the DagBag from /home/airflow/.local/lib/python3.6/site-packages/airflow/example_dags/tutorial.py
[2021-05-06 12:24:25,090] {scheduler_job.py:639} INFO - DAG(s) dict_keys(['tutorial']) retrieved from /home/airflow/.local/lib/python3.6/site-packages/airflow/example_dags/tutorial.py
[2021-05-06 12:24:25,162] {logging_mixin.py:104} INFO - [2021-05-06 12:24:25,162] {dag.py:1824} INFO - Sync 1 DAGs
[2021-05-06 12:24:25,205] {logging_mixin.py:104} INFO - [2021-05-06 12:24:25,205] {dag.py:2280} INFO - Setting next_dagrun for tutorial to 2021-05-04 00:00:00+00:00
[2021-05-06 12:24:25,228] {scheduler_job.py:190} INFO - Processing /home/airflow/.local/lib/python3.6/site-packages/airflow/example_dags/tutorial.py took 0.185 seconds
[2021-05-06 12:24:55,846] {scheduler_job.py:182} INFO - Started process (PID=588) to work on /home/airflow/.local/lib/python3.6/site-packages/airflow/example_dags/tutorial.py
[2021-05-06 12:24:55,848] {scheduler_job.py:629} INFO - Processing file /home/airflow/.local/lib/python3.6/site-packages/airflow/example_dags/tutorial.py for tasks to queue
[2021-05-06 12:24:55,849] {logging_mixin.py:104} INFO - [2021-05-06 12:24:55,849] {dagbag.py:451} INFO - Filling up the DagBag from /home/airflow/.local/lib/python3.6/site-packages/airflow/example_dags/tutorial.py
[2021-05-06 12:24:55,863] {scheduler_job.py:639} INFO - DAG(s) dict_keys(['tutorial']) retrieved from /home/airflow/.local/lib/python3.6/site-packages/airflow/example_dags/tutorial.py
[2021-05-06 12:24:55,897] {logging_mixin.py:104} INFO - [2021-05-06 12:24:55,897] {dag.py:1824} INFO - Sync 1 DAGs
[2021-05-06 12:24:55,926] {logging_mixin.py:104} INFO - [2021-05-06 12:24:55,926] {dag.py:2280} INFO - Setting next_dagrun for tutorial to 2021-05-04 00:00:00+00:00
[2021-05-06 12:24:55,943] {scheduler_job.py:190} INFO - Processing /home/airflow/.local/lib/python3.6/site-packages/airflow/example_dags/tutorial.py took 0.102 seconds
[2021-05-06 12:25:26,789] {scheduler_job.py:182} INFO - Started process (PID=614) to work on /home/airflow/.local/lib/python3.6/site-packages/airflow/example_dags/tutorial.py
[2021-05-06 12:25:26,793] {scheduler_job.py:629} INFO - Processing file /home/airflow/.local/lib/python3.6/site-packages/airflow/example_dags/tutorial.py for tasks to queue
[2021-05-06 12:25:26,796] {logging_mixin.py:104} INFO - [2021-05-06 12:25:26,795] {dagbag.py:451} INFO - Filling up the DagBag from /home/airflow/.local/lib/python3.6/site-packages/airflow/example_dags/tutorial.py
[2021-05-06 12:25:26,814] {scheduler_job.py:639} INFO - DAG(s) dict_keys(['tutorial']) retrieved from /home/airflow/.local/lib/python3.6/site-packages/airflow/example_dags/tutorial.py
[2021-05-06 12:25:26,880] {logging_mixin.py:104} INFO - [2021-05-06 12:25:26,880] {dag.py:1824} INFO - Sync 1 DAGs
[2021-05-06 12:25:26,915] {logging_mixin.py:104} INFO - [2021-05-06 12:25:26,915] {dag.py:2280} INFO - Setting next_dagrun for tutorial to 2021-05-04 00:00:00+00:00
[2021-05-06 12:25:26,940] {scheduler_job.py:190} INFO - Processing /home/airflow/.local/lib/python3.6/site-packages/airflow/example_dags/tutorial.py took 0.159 seconds
[2021-05-06 12:25:57,133] {scheduler_job.py:182} INFO - Started process (PID=640) to work on /home/airflow/.local/lib/python3.6/site-packages/airflow/example_dags/tutorial.py
[2021-05-06 12:25:57,135] {scheduler_job.py:629} INFO - Processing file /home/airflow/.local/lib/python3.6/site-packages/airflow/example_dags/tutorial.py for tasks to queue
[2021-05-06 12:25:57,137] {logging_mixin.py:104} INFO - [2021-05-06 12:25:57,137] {dagbag.py:451} INFO - Filling up the DagBag from /home/airflow/.local/lib/python3.6/site-packages/airflow/example_dags/tutorial.py
[2021-05-06 12:25:57,152] {scheduler_job.py:639} INFO - DAG(s) dict_keys(['tutorial']) retrieved from /home/airflow/.local/lib/python3.6/site-packages/airflow/example_dags/tutorial.py
[2021-05-06 12:25:57,192] {logging_mixin.py:104} INFO - [2021-05-06 12:25:57,192] {dag.py:1824} INFO - Sync 1 DAGs
[2021-05-06 12:25:57,217] {logging_mixin.py:104} INFO - [2021-05-06 12:25:57,217] {dag.py:2280} INFO - Setting next_dagrun for tutorial to 2021-05-04 00:00:00+00:00
[2021-05-06 12:25:57,233] {scheduler_job.py:190} INFO - Processing /home/airflow/.local/lib/python3.6/site-packages/airflow/example_dags/tutorial.py took 0.106 seconds
[2021-05-06 12:26:28,270] {scheduler_job.py:182} INFO - Started process (PID=666) to work on /home/airflow/.local/lib/python3.6/site-packages/airflow/example_dags/tutorial.py
[2021-05-06 12:26:28,274] {scheduler_job.py:629} INFO - Processing file /home/airflow/.local/lib/python3.6/site-packages/airflow/example_dags/tutorial.py for tasks to queue
[2021-05-06 12:26:28,276] {logging_mixin.py:104} INFO - [2021-05-06 12:26:28,275] {dagbag.py:451} INFO - Filling up the DagBag from /home/airflow/.local/lib/python3.6/site-packages/airflow/example_dags/tutorial.py
[2021-05-06 12:26:28,289] {scheduler_job.py:639} INFO - DAG(s) dict_keys(['tutorial']) retrieved from /home/airflow/.local/lib/python3.6/site-packages/airflow/example_dags/tutorial.py
[2021-05-06 12:26:28,320] {logging_mixin.py:104} INFO - [2021-05-06 12:26:28,320] {dag.py:1824} INFO - Sync 1 DAGs
[2021-05-06 12:26:28,343] {logging_mixin.py:104} INFO - [2021-05-06 12:26:28,343] {dag.py:2280} INFO - Setting next_dagrun for tutorial to 2021-05-04 00:00:00+00:00
[2021-05-06 12:26:28,357] {scheduler_job.py:190} INFO - Processing /home/airflow/.local/lib/python3.6/site-packages/airflow/example_dags/tutorial.py took 0.092 seconds
[2021-05-06 12:26:59,235] {scheduler_job.py:182} INFO - Started process (PID=692) to work on /home/airflow/.local/lib/python3.6/site-packages/airflow/example_dags/tutorial.py
[2021-05-06 12:26:59,238] {scheduler_job.py:629} INFO - Processing file /home/airflow/.local/lib/python3.6/site-packages/airflow/example_dags/tutorial.py for tasks to queue
[2021-05-06 12:26:59,240] {logging_mixin.py:104} INFO - [2021-05-06 12:26:59,240] {dagbag.py:451} INFO - Filling up the DagBag from /home/airflow/.local/lib/python3.6/site-packages/airflow/example_dags/tutorial.py
[2021-05-06 12:26:59,256] {scheduler_job.py:639} INFO - DAG(s) dict_keys(['tutorial']) retrieved from /home/airflow/.local/lib/python3.6/site-packages/airflow/example_dags/tutorial.py
[2021-05-06 12:26:59,300] {logging_mixin.py:104} INFO - [2021-05-06 12:26:59,300] {dag.py:1824} INFO - Sync 1 DAGs
[2021-05-06 12:26:59,326] {logging_mixin.py:104} INFO - [2021-05-06 12:26:59,326] {dag.py:2280} INFO - Setting next_dagrun for tutorial to 2021-05-04 00:00:00+00:00
[2021-05-06 12:26:59,339] {scheduler_job.py:190} INFO - Processing /home/airflow/.local/lib/python3.6/site-packages/airflow/example_dags/tutorial.py took 0.112 seconds
[2021-05-06 12:27:29,863] {scheduler_job.py:182} INFO - Started process (PID=718) to work on /home/airflow/.local/lib/python3.6/site-packages/airflow/example_dags/tutorial.py
[2021-05-06 12:27:29,866] {scheduler_job.py:629} INFO - Processing file /home/airflow/.local/lib/python3.6/site-packages/airflow/example_dags/tutorial.py for tasks to queue
[2021-05-06 12:27:29,868] {logging_mixin.py:104} INFO - [2021-05-06 12:27:29,868] {dagbag.py:451} INFO - Filling up the DagBag from /home/airflow/.local/lib/python3.6/site-packages/airflow/example_dags/tutorial.py
[2021-05-06 12:27:29,883] {scheduler_job.py:639} INFO - DAG(s) dict_keys(['tutorial']) retrieved from /home/airflow/.local/lib/python3.6/site-packages/airflow/example_dags/tutorial.py
[2021-05-06 12:27:29,919] {logging_mixin.py:104} INFO - [2021-05-06 12:27:29,919] {dag.py:1824} INFO - Sync 1 DAGs
[2021-05-06 12:27:29,940] {logging_mixin.py:104} INFO - [2021-05-06 12:27:29,940] {dag.py:2280} INFO - Setting next_dagrun for tutorial to 2021-05-04 00:00:00+00:00
[2021-05-06 12:27:29,955] {scheduler_job.py:190} INFO - Processing /home/airflow/.local/lib/python3.6/site-packages/airflow/example_dags/tutorial.py took 0.099 seconds
[2021-05-06 12:28:00,236] {scheduler_job.py:182} INFO - Started process (PID=744) to work on /home/airflow/.local/lib/python3.6/site-packages/airflow/example_dags/tutorial.py
[2021-05-06 12:28:00,256] {scheduler_job.py:629} INFO - Processing file /home/airflow/.local/lib/python3.6/site-packages/airflow/example_dags/tutorial.py for tasks to queue
[2021-05-06 12:28:00,263] {logging_mixin.py:104} INFO - [2021-05-06 12:28:00,262] {dagbag.py:451} INFO - Filling up the DagBag from /home/airflow/.local/lib/python3.6/site-packages/airflow/example_dags/tutorial.py
[2021-05-06 12:28:00,295] {scheduler_job.py:639} INFO - DAG(s) dict_keys(['tutorial']) retrieved from /home/airflow/.local/lib/python3.6/site-packages/airflow/example_dags/tutorial.py
[2021-05-06 12:28:00,376] {logging_mixin.py:104} INFO - [2021-05-06 12:28:00,376] {dag.py:1824} INFO - Sync 1 DAGs
[2021-05-06 12:28:00,457] {logging_mixin.py:104} INFO - [2021-05-06 12:28:00,457] {dag.py:2280} INFO - Setting next_dagrun for tutorial to 2021-05-04 00:00:00+00:00
[2021-05-06 12:28:00,485] {scheduler_job.py:190} INFO - Processing /home/airflow/.local/lib/python3.6/site-packages/airflow/example_dags/tutorial.py took 0.268 seconds
[2021-05-06 12:28:31,463] {scheduler_job.py:182} INFO - Started process (PID=770) to work on /home/airflow/.local/lib/python3.6/site-packages/airflow/example_dags/tutorial.py
[2021-05-06 12:28:31,467] {scheduler_job.py:629} INFO - Processing file /home/airflow/.local/lib/python3.6/site-packages/airflow/example_dags/tutorial.py for tasks to queue
[2021-05-06 12:28:31,471] {logging_mixin.py:104} INFO - [2021-05-06 12:28:31,471] {dagbag.py:451} INFO - Filling up the DagBag from /home/airflow/.local/lib/python3.6/site-packages/airflow/example_dags/tutorial.py
[2021-05-06 12:28:31,499] {scheduler_job.py:639} INFO - DAG(s) dict_keys(['tutorial']) retrieved from /home/airflow/.local/lib/python3.6/site-packages/airflow/example_dags/tutorial.py
[2021-05-06 12:28:31,568] {logging_mixin.py:104} INFO - [2021-05-06 12:28:31,568] {dag.py:1824} INFO - Sync 1 DAGs
[2021-05-06 12:28:31,630] {logging_mixin.py:104} INFO - [2021-05-06 12:28:31,629] {dag.py:2280} INFO - Setting next_dagrun for tutorial to 2021-05-04 00:00:00+00:00
[2021-05-06 12:28:31,659] {scheduler_job.py:190} INFO - Processing /home/airflow/.local/lib/python3.6/site-packages/airflow/example_dags/tutorial.py took 0.206 seconds
[2021-05-06 12:29:02,332] {scheduler_job.py:182} INFO - Started process (PID=796) to work on /home/airflow/.local/lib/python3.6/site-packages/airflow/example_dags/tutorial.py
[2021-05-06 12:29:02,335] {scheduler_job.py:629} INFO - Processing file /home/airflow/.local/lib/python3.6/site-packages/airflow/example_dags/tutorial.py for tasks to queue
[2021-05-06 12:29:02,337] {logging_mixin.py:104} INFO - [2021-05-06 12:29:02,337] {dagbag.py:451} INFO - Filling up the DagBag from /home/airflow/.local/lib/python3.6/site-packages/airflow/example_dags/tutorial.py
[2021-05-06 12:29:02,358] {scheduler_job.py:639} INFO - DAG(s) dict_keys(['tutorial']) retrieved from /home/airflow/.local/lib/python3.6/site-packages/airflow/example_dags/tutorial.py
[2021-05-06 12:29:02,394] {logging_mixin.py:104} INFO - [2021-05-06 12:29:02,394] {dag.py:1824} INFO - Sync 1 DAGs
[2021-05-06 12:29:02,419] {logging_mixin.py:104} INFO - [2021-05-06 12:29:02,419] {dag.py:2280} INFO - Setting next_dagrun for tutorial to 2021-05-04 00:00:00+00:00
[2021-05-06 12:29:02,441] {scheduler_job.py:190} INFO - Processing /home/airflow/.local/lib/python3.6/site-packages/airflow/example_dags/tutorial.py took 0.114 seconds
[2021-05-06 12:29:33,102] {scheduler_job.py:182} INFO - Started process (PID=822) to work on /home/airflow/.local/lib/python3.6/site-packages/airflow/example_dags/tutorial.py
[2021-05-06 12:29:33,105] {scheduler_job.py:629} INFO - Processing file /home/airflow/.local/lib/python3.6/site-packages/airflow/example_dags/tutorial.py for tasks to queue
[2021-05-06 12:29:33,107] {logging_mixin.py:104} INFO - [2021-05-06 12:29:33,107] {dagbag.py:451} INFO - Filling up the DagBag from /home/airflow/.local/lib/python3.6/site-packages/airflow/example_dags/tutorial.py
[2021-05-06 12:29:33,133] {scheduler_job.py:639} INFO - DAG(s) dict_keys(['tutorial']) retrieved from /home/airflow/.local/lib/python3.6/site-packages/airflow/example_dags/tutorial.py
[2021-05-06 12:29:33,197] {logging_mixin.py:104} INFO - [2021-05-06 12:29:33,197] {dag.py:1824} INFO - Sync 1 DAGs
[2021-05-06 12:29:33,217] {logging_mixin.py:104} INFO - [2021-05-06 12:29:33,217] {dag.py:2280} INFO - Setting next_dagrun for tutorial to 2021-05-04 00:00:00+00:00
[2021-05-06 12:29:33,231] {scheduler_job.py:190} INFO - Processing /home/airflow/.local/lib/python3.6/site-packages/airflow/example_dags/tutorial.py took 0.136 seconds
[2021-05-06 12:30:03,906] {scheduler_job.py:182} INFO - Started process (PID=848) to work on /home/airflow/.local/lib/python3.6/site-packages/airflow/example_dags/tutorial.py
[2021-05-06 12:30:03,908] {scheduler_job.py:629} INFO - Processing file /home/airflow/.local/lib/python3.6/site-packages/airflow/example_dags/tutorial.py for tasks to queue
[2021-05-06 12:30:03,910] {logging_mixin.py:104} INFO - [2021-05-06 12:30:03,910] {dagbag.py:451} INFO - Filling up the DagBag from /home/airflow/.local/lib/python3.6/site-packages/airflow/example_dags/tutorial.py
[2021-05-06 12:30:03,926] {scheduler_job.py:639} INFO - DAG(s) dict_keys(['tutorial']) retrieved from /home/airflow/.local/lib/python3.6/site-packages/airflow/example_dags/tutorial.py
[2021-05-06 12:30:03,958] {logging_mixin.py:104} INFO - [2021-05-06 12:30:03,958] {dag.py:1824} INFO - Sync 1 DAGs
[2021-05-06 12:30:03,979] {logging_mixin.py:104} INFO - [2021-05-06 12:30:03,979] {dag.py:2280} INFO - Setting next_dagrun for tutorial to 2021-05-04 00:00:00+00:00
[2021-05-06 12:30:03,994] {scheduler_job.py:190} INFO - Processing /home/airflow/.local/lib/python3.6/site-packages/airflow/example_dags/tutorial.py took 0.093 seconds
[2021-05-06 12:30:34,658] {scheduler_job.py:182} INFO - Started process (PID=874) to work on /home/airflow/.local/lib/python3.6/site-packages/airflow/example_dags/tutorial.py
[2021-05-06 12:30:34,661] {scheduler_job.py:629} INFO - Processing file /home/airflow/.local/lib/python3.6/site-packages/airflow/example_dags/tutorial.py for tasks to queue
[2021-05-06 12:30:34,662] {logging_mixin.py:104} INFO - [2021-05-06 12:30:34,662] {dagbag.py:451} INFO - Filling up the DagBag from /home/airflow/.local/lib/python3.6/site-packages/airflow/example_dags/tutorial.py
[2021-05-06 12:30:34,676] {scheduler_job.py:639} INFO - DAG(s) dict_keys(['tutorial']) retrieved from /home/airflow/.local/lib/python3.6/site-packages/airflow/example_dags/tutorial.py
[2021-05-06 12:30:34,709] {logging_mixin.py:104} INFO - [2021-05-06 12:30:34,709] {dag.py:1824} INFO - Sync 1 DAGs
[2021-05-06 12:30:34,729] {logging_mixin.py:104} INFO - [2021-05-06 12:30:34,729] {dag.py:2280} INFO - Setting next_dagrun for tutorial to 2021-05-04 00:00:00+00:00
[2021-05-06 12:30:34,744] {scheduler_job.py:190} INFO - Processing /home/airflow/.local/lib/python3.6/site-packages/airflow/example_dags/tutorial.py took 0.090 seconds
[2021-05-06 12:31:05,289] {scheduler_job.py:182} INFO - Started process (PID=900) to work on /home/airflow/.local/lib/python3.6/site-packages/airflow/example_dags/tutorial.py
[2021-05-06 12:31:05,291] {scheduler_job.py:629} INFO - Processing file /home/airflow/.local/lib/python3.6/site-packages/airflow/example_dags/tutorial.py for tasks to queue
[2021-05-06 12:31:05,295] {logging_mixin.py:104} INFO - [2021-05-06 12:31:05,293] {dagbag.py:451} INFO - Filling up the DagBag from /home/airflow/.local/lib/python3.6/site-packages/airflow/example_dags/tutorial.py
[2021-05-06 12:31:05,308] {scheduler_job.py:639} INFO - DAG(s) dict_keys(['tutorial']) retrieved from /home/airflow/.local/lib/python3.6/site-packages/airflow/example_dags/tutorial.py
[2021-05-06 12:31:05,338] {logging_mixin.py:104} INFO - [2021-05-06 12:31:05,338] {dag.py:1824} INFO - Sync 1 DAGs
[2021-05-06 12:31:05,359] {logging_mixin.py:104} INFO - [2021-05-06 12:31:05,359] {dag.py:2280} INFO - Setting next_dagrun for tutorial to 2021-05-04 00:00:00+00:00
[2021-05-06 12:31:05,373] {scheduler_job.py:190} INFO - Processing /home/airflow/.local/lib/python3.6/site-packages/airflow/example_dags/tutorial.py took 0.089 seconds
[2021-05-06 12:31:35,914] {scheduler_job.py:182} INFO - Started process (PID=926) to work on /home/airflow/.local/lib/python3.6/site-packages/airflow/example_dags/tutorial.py
[2021-05-06 12:31:35,916] {scheduler_job.py:629} INFO - Processing file /home/airflow/.local/lib/python3.6/site-packages/airflow/example_dags/tutorial.py for tasks to queue
[2021-05-06 12:31:35,917] {logging_mixin.py:104} INFO - [2021-05-06 12:31:35,917] {dagbag.py:451} INFO - Filling up the DagBag from /home/airflow/.local/lib/python3.6/site-packages/airflow/example_dags/tutorial.py
[2021-05-06 12:31:35,930] {scheduler_job.py:639} INFO - DAG(s) dict_keys(['tutorial']) retrieved from /home/airflow/.local/lib/python3.6/site-packages/airflow/example_dags/tutorial.py
[2021-05-06 12:31:35,958] {logging_mixin.py:104} INFO - [2021-05-06 12:31:35,958] {dag.py:1824} INFO - Sync 1 DAGs
[2021-05-06 12:31:35,979] {logging_mixin.py:104} INFO - [2021-05-06 12:31:35,979] {dag.py:2280} INFO - Setting next_dagrun for tutorial to 2021-05-04 00:00:00+00:00
[2021-05-06 12:31:35,993] {scheduler_job.py:190} INFO - Processing /home/airflow/.local/lib/python3.6/site-packages/airflow/example_dags/tutorial.py took 0.083 seconds
[2021-05-06 12:32:06,383] {scheduler_job.py:182} INFO - Started process (PID=952) to work on /home/airflow/.local/lib/python3.6/site-packages/airflow/example_dags/tutorial.py
[2021-05-06 12:32:06,386] {scheduler_job.py:629} INFO - Processing file /home/airflow/.local/lib/python3.6/site-packages/airflow/example_dags/tutorial.py for tasks to queue
[2021-05-06 12:32:06,388] {logging_mixin.py:104} INFO - [2021-05-06 12:32:06,387] {dagbag.py:451} INFO - Filling up the DagBag from /home/airflow/.local/lib/python3.6/site-packages/airflow/example_dags/tutorial.py
[2021-05-06 12:32:06,401] {scheduler_job.py:639} INFO - DAG(s) dict_keys(['tutorial']) retrieved from /home/airflow/.local/lib/python3.6/site-packages/airflow/example_dags/tutorial.py
[2021-05-06 12:32:06,435] {logging_mixin.py:104} INFO - [2021-05-06 12:32:06,434] {dag.py:1824} INFO - Sync 1 DAGs
[2021-05-06 12:32:06,462] {logging_mixin.py:104} INFO - [2021-05-06 12:32:06,462] {dag.py:2280} INFO - Setting next_dagrun for tutorial to 2021-05-04 00:00:00+00:00
[2021-05-06 12:32:06,482] {scheduler_job.py:190} INFO - Processing /home/airflow/.local/lib/python3.6/site-packages/airflow/example_dags/tutorial.py took 0.103 seconds
[2021-05-06 12:32:36,992] {scheduler_job.py:182} INFO - Started process (PID=978) to work on /home/airflow/.local/lib/python3.6/site-packages/airflow/example_dags/tutorial.py
[2021-05-06 12:32:36,994] {scheduler_job.py:629} INFO - Processing file /home/airflow/.local/lib/python3.6/site-packages/airflow/example_dags/tutorial.py for tasks to queue
[2021-05-06 12:32:36,996] {logging_mixin.py:104} INFO - [2021-05-06 12:32:36,996] {dagbag.py:451} INFO - Filling up the DagBag from /home/airflow/.local/lib/python3.6/site-packages/airflow/example_dags/tutorial.py
[2021-05-06 12:32:37,010] {scheduler_job.py:639} INFO - DAG(s) dict_keys(['tutorial']) retrieved from /home/airflow/.local/lib/python3.6/site-packages/airflow/example_dags/tutorial.py
[2021-05-06 12:32:37,042] {logging_mixin.py:104} INFO - [2021-05-06 12:32:37,042] {dag.py:1824} INFO - Sync 1 DAGs
[2021-05-06 12:32:37,062] {logging_mixin.py:104} INFO - [2021-05-06 12:32:37,061] {dag.py:2280} INFO - Setting next_dagrun for tutorial to 2021-05-04 00:00:00+00:00
[2021-05-06 12:32:37,076] {scheduler_job.py:190} INFO - Processing /home/airflow/.local/lib/python3.6/site-packages/airflow/example_dags/tutorial.py took 0.089 seconds
[2021-05-06 12:33:07,646] {scheduler_job.py:182} INFO - Started process (PID=1004) to work on /home/airflow/.local/lib/python3.6/site-packages/airflow/example_dags/tutorial.py
[2021-05-06 12:33:07,648] {scheduler_job.py:629} INFO - Processing file /home/airflow/.local/lib/python3.6/site-packages/airflow/example_dags/tutorial.py for tasks to queue
[2021-05-06 12:33:07,650] {logging_mixin.py:104} INFO - [2021-05-06 12:33:07,650] {dagbag.py:451} INFO - Filling up the DagBag from /home/airflow/.local/lib/python3.6/site-packages/airflow/example_dags/tutorial.py
[2021-05-06 12:33:07,663] {scheduler_job.py:639} INFO - DAG(s) dict_keys(['tutorial']) retrieved from /home/airflow/.local/lib/python3.6/site-packages/airflow/example_dags/tutorial.py
[2021-05-06 12:33:07,697] {logging_mixin.py:104} INFO - [2021-05-06 12:33:07,697] {dag.py:1824} INFO - Sync 1 DAGs
[2021-05-06 12:33:07,718] {logging_mixin.py:104} INFO - [2021-05-06 12:33:07,718] {dag.py:2280} INFO - Setting next_dagrun for tutorial to 2021-05-04 00:00:00+00:00
[2021-05-06 12:33:07,735] {scheduler_job.py:190} INFO - Processing /home/airflow/.local/lib/python3.6/site-packages/airflow/example_dags/tutorial.py took 0.095 seconds
[2021-05-06 12:33:38,279] {scheduler_job.py:182} INFO - Started process (PID=1030) to work on /home/airflow/.local/lib/python3.6/site-packages/airflow/example_dags/tutorial.py
[2021-05-06 12:33:38,281] {scheduler_job.py:629} INFO - Processing file /home/airflow/.local/lib/python3.6/site-packages/airflow/example_dags/tutorial.py for tasks to queue
[2021-05-06 12:33:38,283] {logging_mixin.py:104} INFO - [2021-05-06 12:33:38,283] {dagbag.py:451} INFO - Filling up the DagBag from /home/airflow/.local/lib/python3.6/site-packages/airflow/example_dags/tutorial.py
[2021-05-06 12:33:38,297] {scheduler_job.py:639} INFO - DAG(s) dict_keys(['tutorial']) retrieved from /home/airflow/.local/lib/python3.6/site-packages/airflow/example_dags/tutorial.py
[2021-05-06 12:33:38,331] {logging_mixin.py:104} INFO - [2021-05-06 12:33:38,331] {dag.py:1824} INFO - Sync 1 DAGs
[2021-05-06 12:33:38,352] {logging_mixin.py:104} INFO - [2021-05-06 12:33:38,352] {dag.py:2280} INFO - Setting next_dagrun for tutorial to 2021-05-04 00:00:00+00:00
[2021-05-06 12:33:38,368] {scheduler_job.py:190} INFO - Processing /home/airflow/.local/lib/python3.6/site-packages/airflow/example_dags/tutorial.py took 0.094 seconds
[2021-05-06 12:34:09,095] {scheduler_job.py:182} INFO - Started process (PID=1056) to work on /home/airflow/.local/lib/python3.6/site-packages/airflow/example_dags/tutorial.py
[2021-05-06 12:34:09,097] {scheduler_job.py:629} INFO - Processing file /home/airflow/.local/lib/python3.6/site-packages/airflow/example_dags/tutorial.py for tasks to queue
[2021-05-06 12:34:09,099] {logging_mixin.py:104} INFO - [2021-05-06 12:34:09,099] {dagbag.py:451} INFO - Filling up the DagBag from /home/airflow/.local/lib/python3.6/site-packages/airflow/example_dags/tutorial.py
[2021-05-06 12:34:09,113] {scheduler_job.py:639} INFO - DAG(s) dict_keys(['tutorial']) retrieved from /home/airflow/.local/lib/python3.6/site-packages/airflow/example_dags/tutorial.py
[2021-05-06 12:34:09,146] {logging_mixin.py:104} INFO - [2021-05-06 12:34:09,146] {dag.py:1824} INFO - Sync 1 DAGs
[2021-05-06 12:34:09,166] {logging_mixin.py:104} INFO - [2021-05-06 12:34:09,166] {dag.py:2280} INFO - Setting next_dagrun for tutorial to 2021-05-04 00:00:00+00:00
[2021-05-06 12:34:09,190] {scheduler_job.py:190} INFO - Processing /home/airflow/.local/lib/python3.6/site-packages/airflow/example_dags/tutorial.py took 0.099 seconds
[2021-05-06 12:34:39,882] {scheduler_job.py:182} INFO - Started process (PID=1082) to work on /home/airflow/.local/lib/python3.6/site-packages/airflow/example_dags/tutorial.py
[2021-05-06 12:34:39,884] {scheduler_job.py:629} INFO - Processing file /home/airflow/.local/lib/python3.6/site-packages/airflow/example_dags/tutorial.py for tasks to queue
[2021-05-06 12:34:39,886] {logging_mixin.py:104} INFO - [2021-05-06 12:34:39,886] {dagbag.py:451} INFO - Filling up the DagBag from /home/airflow/.local/lib/python3.6/site-packages/airflow/example_dags/tutorial.py
[2021-05-06 12:34:39,900] {scheduler_job.py:639} INFO - DAG(s) dict_keys(['tutorial']) retrieved from /home/airflow/.local/lib/python3.6/site-packages/airflow/example_dags/tutorial.py
[2021-05-06 12:34:39,931] {logging_mixin.py:104} INFO - [2021-05-06 12:34:39,931] {dag.py:1824} INFO - Sync 1 DAGs
[2021-05-06 12:34:39,954] {logging_mixin.py:104} INFO - [2021-05-06 12:34:39,954] {dag.py:2280} INFO - Setting next_dagrun for tutorial to 2021-05-04 00:00:00+00:00
[2021-05-06 12:34:39,969] {scheduler_job.py:190} INFO - Processing /home/airflow/.local/lib/python3.6/site-packages/airflow/example_dags/tutorial.py took 0.091 seconds
[2021-05-06 12:35:10,521] {scheduler_job.py:182} INFO - Started process (PID=1108) to work on /home/airflow/.local/lib/python3.6/site-packages/airflow/example_dags/tutorial.py
[2021-05-06 12:35:10,523] {scheduler_job.py:629} INFO - Processing file /home/airflow/.local/lib/python3.6/site-packages/airflow/example_dags/tutorial.py for tasks to queue
[2021-05-06 12:35:10,525] {logging_mixin.py:104} INFO - [2021-05-06 12:35:10,525] {dagbag.py:451} INFO - Filling up the DagBag from /home/airflow/.local/lib/python3.6/site-packages/airflow/example_dags/tutorial.py
[2021-05-06 12:35:10,539] {scheduler_job.py:639} INFO - DAG(s) dict_keys(['tutorial']) retrieved from /home/airflow/.local/lib/python3.6/site-packages/airflow/example_dags/tutorial.py
[2021-05-06 12:35:10,573] {logging_mixin.py:104} INFO - [2021-05-06 12:35:10,572] {dag.py:1824} INFO - Sync 1 DAGs
[2021-05-06 12:35:10,594] {logging_mixin.py:104} INFO - [2021-05-06 12:35:10,594] {dag.py:2280} INFO - Setting next_dagrun for tutorial to 2021-05-04 00:00:00+00:00
[2021-05-06 12:35:10,608] {scheduler_job.py:190} INFO - Processing /home/airflow/.local/lib/python3.6/site-packages/airflow/example_dags/tutorial.py took 0.092 seconds
[2021-05-06 12:35:41,135] {scheduler_job.py:182} INFO - Started process (PID=1134) to work on /home/airflow/.local/lib/python3.6/site-packages/airflow/example_dags/tutorial.py
[2021-05-06 12:35:41,137] {scheduler_job.py:629} INFO - Processing file /home/airflow/.local/lib/python3.6/site-packages/airflow/example_dags/tutorial.py for tasks to queue
[2021-05-06 12:35:41,139] {logging_mixin.py:104} INFO - [2021-05-06 12:35:41,139] {dagbag.py:451} INFO - Filling up the DagBag from /home/airflow/.local/lib/python3.6/site-packages/airflow/example_dags/tutorial.py
[2021-05-06 12:35:41,155] {scheduler_job.py:639} INFO - DAG(s) dict_keys(['tutorial']) retrieved from /home/airflow/.local/lib/python3.6/site-packages/airflow/example_dags/tutorial.py
[2021-05-06 12:35:41,192] {logging_mixin.py:104} INFO - [2021-05-06 12:35:41,192] {dag.py:1824} INFO - Sync 1 DAGs
[2021-05-06 12:35:41,214] {logging_mixin.py:104} INFO - [2021-05-06 12:35:41,214] {dag.py:2280} INFO - Setting next_dagrun for tutorial to 2021-05-04 00:00:00+00:00
[2021-05-06 12:35:41,229] {scheduler_job.py:190} INFO - Processing /home/airflow/.local/lib/python3.6/site-packages/airflow/example_dags/tutorial.py took 0.098 seconds
[2021-05-06 12:36:12,039] {scheduler_job.py:182} INFO - Started process (PID=1160) to work on /home/airflow/.local/lib/python3.6/site-packages/airflow/example_dags/tutorial.py
[2021-05-06 12:36:12,042] {scheduler_job.py:629} INFO - Processing file /home/airflow/.local/lib/python3.6/site-packages/airflow/example_dags/tutorial.py for tasks to queue
[2021-05-06 12:36:12,044] {logging_mixin.py:104} INFO - [2021-05-06 12:36:12,044] {dagbag.py:451} INFO - Filling up the DagBag from /home/airflow/.local/lib/python3.6/site-packages/airflow/example_dags/tutorial.py
[2021-05-06 12:36:12,056] {scheduler_job.py:639} INFO - DAG(s) dict_keys(['tutorial']) retrieved from /home/airflow/.local/lib/python3.6/site-packages/airflow/example_dags/tutorial.py
[2021-05-06 12:36:12,088] {logging_mixin.py:104} INFO - [2021-05-06 12:36:12,087] {dag.py:1824} INFO - Sync 1 DAGs
[2021-05-06 12:36:12,111] {logging_mixin.py:104} INFO - [2021-05-06 12:36:12,111] {dag.py:2280} INFO - Setting next_dagrun for tutorial to 2021-05-04 00:00:00+00:00
[2021-05-06 12:36:12,128] {scheduler_job.py:190} INFO - Processing /home/airflow/.local/lib/python3.6/site-packages/airflow/example_dags/tutorial.py took 0.093 seconds
[2021-05-06 12:36:43,071] {scheduler_job.py:182} INFO - Started process (PID=1186) to work on /home/airflow/.local/lib/python3.6/site-packages/airflow/example_dags/tutorial.py
[2021-05-06 12:36:43,075] {scheduler_job.py:629} INFO - Processing file /home/airflow/.local/lib/python3.6/site-packages/airflow/example_dags/tutorial.py for tasks to queue
[2021-05-06 12:36:43,078] {logging_mixin.py:104} INFO - [2021-05-06 12:36:43,077] {dagbag.py:451} INFO - Filling up the DagBag from /home/airflow/.local/lib/python3.6/site-packages/airflow/example_dags/tutorial.py
[2021-05-06 12:36:43,094] {scheduler_job.py:639} INFO - DAG(s) dict_keys(['tutorial']) retrieved from /home/airflow/.local/lib/python3.6/site-packages/airflow/example_dags/tutorial.py
[2021-05-06 12:36:43,127] {logging_mixin.py:104} INFO - [2021-05-06 12:36:43,127] {dag.py:1824} INFO - Sync 1 DAGs
[2021-05-06 12:36:43,151] {logging_mixin.py:104} INFO - [2021-05-06 12:36:43,150] {dag.py:2280} INFO - Setting next_dagrun for tutorial to 2021-05-04 00:00:00+00:00
[2021-05-06 12:36:43,166] {scheduler_job.py:190} INFO - Processing /home/airflow/.local/lib/python3.6/site-packages/airflow/example_dags/tutorial.py took 0.100 seconds
[2021-05-06 12:37:13,704] {scheduler_job.py:182} INFO - Started process (PID=1212) to work on /home/airflow/.local/lib/python3.6/site-packages/airflow/example_dags/tutorial.py
[2021-05-06 12:37:13,706] {scheduler_job.py:629} INFO - Processing file /home/airflow/.local/lib/python3.6/site-packages/airflow/example_dags/tutorial.py for tasks to queue
[2021-05-06 12:37:13,708] {logging_mixin.py:104} INFO - [2021-05-06 12:37:13,708] {dagbag.py:451} INFO - Filling up the DagBag from /home/airflow/.local/lib/python3.6/site-packages/airflow/example_dags/tutorial.py
[2021-05-06 12:37:13,721] {scheduler_job.py:639} INFO - DAG(s) dict_keys(['tutorial']) retrieved from /home/airflow/.local/lib/python3.6/site-packages/airflow/example_dags/tutorial.py
[2021-05-06 12:37:13,755] {logging_mixin.py:104} INFO - [2021-05-06 12:37:13,755] {dag.py:1824} INFO - Sync 1 DAGs
[2021-05-06 12:37:13,777] {logging_mixin.py:104} INFO - [2021-05-06 12:37:13,776] {dag.py:2280} INFO - Setting next_dagrun for tutorial to 2021-05-04 00:00:00+00:00
[2021-05-06 12:37:13,791] {scheduler_job.py:190} INFO - Processing /home/airflow/.local/lib/python3.6/site-packages/airflow/example_dags/tutorial.py took 0.091 seconds
[2021-05-06 12:37:44,508] {scheduler_job.py:182} INFO - Started process (PID=1238) to work on /home/airflow/.local/lib/python3.6/site-packages/airflow/example_dags/tutorial.py
[2021-05-06 12:37:44,511] {scheduler_job.py:629} INFO - Processing file /home/airflow/.local/lib/python3.6/site-packages/airflow/example_dags/tutorial.py for tasks to queue
[2021-05-06 12:37:44,513] {logging_mixin.py:104} INFO - [2021-05-06 12:37:44,513] {dagbag.py:451} INFO - Filling up the DagBag from /home/airflow/.local/lib/python3.6/site-packages/airflow/example_dags/tutorial.py
[2021-05-06 12:37:44,526] {scheduler_job.py:639} INFO - DAG(s) dict_keys(['tutorial']) retrieved from /home/airflow/.local/lib/python3.6/site-packages/airflow/example_dags/tutorial.py
[2021-05-06 12:37:44,560] {logging_mixin.py:104} INFO - [2021-05-06 12:37:44,559] {dag.py:1824} INFO - Sync 1 DAGs
[2021-05-06 12:37:44,589] {logging_mixin.py:104} INFO - [2021-05-06 12:37:44,589] {dag.py:2280} INFO - Setting next_dagrun for tutorial to 2021-05-04 00:00:00+00:00
[2021-05-06 12:37:44,613] {scheduler_job.py:190} INFO - Processing /home/airflow/.local/lib/python3.6/site-packages/airflow/example_dags/tutorial.py took 0.109 seconds
[2021-05-06 12:38:15,121] {scheduler_job.py:182} INFO - Started process (PID=1264) to work on /home/airflow/.local/lib/python3.6/site-packages/airflow/example_dags/tutorial.py
[2021-05-06 12:38:15,124] {scheduler_job.py:629} INFO - Processing file /home/airflow/.local/lib/python3.6/site-packages/airflow/example_dags/tutorial.py for tasks to queue
[2021-05-06 12:38:15,125] {logging_mixin.py:104} INFO - [2021-05-06 12:38:15,125] {dagbag.py:451} INFO - Filling up the DagBag from /home/airflow/.local/lib/python3.6/site-packages/airflow/example_dags/tutorial.py
[2021-05-06 12:38:15,139] {scheduler_job.py:639} INFO - DAG(s) dict_keys(['tutorial']) retrieved from /home/airflow/.local/lib/python3.6/site-packages/airflow/example_dags/tutorial.py
[2021-05-06 12:38:15,172] {logging_mixin.py:104} INFO - [2021-05-06 12:38:15,172] {dag.py:1824} INFO - Sync 1 DAGs
[2021-05-06 12:38:15,194] {logging_mixin.py:104} INFO - [2021-05-06 12:38:15,194] {dag.py:2280} INFO - Setting next_dagrun for tutorial to 2021-05-04 00:00:00+00:00
[2021-05-06 12:38:15,209] {scheduler_job.py:190} INFO - Processing /home/airflow/.local/lib/python3.6/site-packages/airflow/example_dags/tutorial.py took 0.092 seconds
[2021-05-06 12:38:45,756] {scheduler_job.py:182} INFO - Started process (PID=1290) to work on /home/airflow/.local/lib/python3.6/site-packages/airflow/example_dags/tutorial.py
[2021-05-06 12:38:45,758] {scheduler_job.py:629} INFO - Processing file /home/airflow/.local/lib/python3.6/site-packages/airflow/example_dags/tutorial.py for tasks to queue
[2021-05-06 12:38:45,760] {logging_mixin.py:104} INFO - [2021-05-06 12:38:45,760] {dagbag.py:451} INFO - Filling up the DagBag from /home/airflow/.local/lib/python3.6/site-packages/airflow/example_dags/tutorial.py
[2021-05-06 12:38:45,774] {scheduler_job.py:639} INFO - DAG(s) dict_keys(['tutorial']) retrieved from /home/airflow/.local/lib/python3.6/site-packages/airflow/example_dags/tutorial.py
[2021-05-06 12:38:45,807] {logging_mixin.py:104} INFO - [2021-05-06 12:38:45,807] {dag.py:1824} INFO - Sync 1 DAGs
[2021-05-06 12:38:45,827] {logging_mixin.py:104} INFO - [2021-05-06 12:38:45,827] {dag.py:2280} INFO - Setting next_dagrun for tutorial to 2021-05-04 00:00:00+00:00
[2021-05-06 12:38:45,843] {scheduler_job.py:190} INFO - Processing /home/airflow/.local/lib/python3.6/site-packages/airflow/example_dags/tutorial.py took 0.092 seconds
[2021-05-06 12:39:16,499] {scheduler_job.py:182} INFO - Started process (PID=1316) to work on /home/airflow/.local/lib/python3.6/site-packages/airflow/example_dags/tutorial.py
[2021-05-06 12:39:16,501] {scheduler_job.py:629} INFO - Processing file /home/airflow/.local/lib/python3.6/site-packages/airflow/example_dags/tutorial.py for tasks to queue
[2021-05-06 12:39:16,503] {logging_mixin.py:104} INFO - [2021-05-06 12:39:16,503] {dagbag.py:451} INFO - Filling up the DagBag from /home/airflow/.local/lib/python3.6/site-packages/airflow/example_dags/tutorial.py
[2021-05-06 12:39:16,519] {scheduler_job.py:639} INFO - DAG(s) dict_keys(['tutorial']) retrieved from /home/airflow/.local/lib/python3.6/site-packages/airflow/example_dags/tutorial.py
[2021-05-06 12:39:16,553] {logging_mixin.py:104} INFO - [2021-05-06 12:39:16,553] {dag.py:1824} INFO - Sync 1 DAGs
[2021-05-06 12:39:16,579] {logging_mixin.py:104} INFO - [2021-05-06 12:39:16,579] {dag.py:2280} INFO - Setting next_dagrun for tutorial to 2021-05-04 00:00:00+00:00
[2021-05-06 12:39:16,595] {scheduler_job.py:190} INFO - Processing /home/airflow/.local/lib/python3.6/site-packages/airflow/example_dags/tutorial.py took 0.101 seconds
[2021-05-06 12:39:46,922] {scheduler_job.py:182} INFO - Started process (PID=1342) to work on /home/airflow/.local/lib/python3.6/site-packages/airflow/example_dags/tutorial.py
[2021-05-06 12:39:46,924] {scheduler_job.py:629} INFO - Processing file /home/airflow/.local/lib/python3.6/site-packages/airflow/example_dags/tutorial.py for tasks to queue
[2021-05-06 12:39:46,926] {logging_mixin.py:104} INFO - [2021-05-06 12:39:46,926] {dagbag.py:451} INFO - Filling up the DagBag from /home/airflow/.local/lib/python3.6/site-packages/airflow/example_dags/tutorial.py
[2021-05-06 12:39:46,939] {scheduler_job.py:639} INFO - DAG(s) dict_keys(['tutorial']) retrieved from /home/airflow/.local/lib/python3.6/site-packages/airflow/example_dags/tutorial.py
[2021-05-06 12:39:46,971] {logging_mixin.py:104} INFO - [2021-05-06 12:39:46,970] {dag.py:1824} INFO - Sync 1 DAGs
[2021-05-06 12:39:46,991] {logging_mixin.py:104} INFO - [2021-05-06 12:39:46,991] {dag.py:2280} INFO - Setting next_dagrun for tutorial to 2021-05-04 00:00:00+00:00
[2021-05-06 12:39:47,006] {scheduler_job.py:190} INFO - Processing /home/airflow/.local/lib/python3.6/site-packages/airflow/example_dags/tutorial.py took 0.088 seconds
[2021-05-06 12:40:17,372] {scheduler_job.py:182} INFO - Started process (PID=1368) to work on /home/airflow/.local/lib/python3.6/site-packages/airflow/example_dags/tutorial.py
[2021-05-06 12:40:17,374] {scheduler_job.py:629} INFO - Processing file /home/airflow/.local/lib/python3.6/site-packages/airflow/example_dags/tutorial.py for tasks to queue
[2021-05-06 12:40:17,376] {logging_mixin.py:104} INFO - [2021-05-06 12:40:17,376] {dagbag.py:451} INFO - Filling up the DagBag from /home/airflow/.local/lib/python3.6/site-packages/airflow/example_dags/tutorial.py
[2021-05-06 12:40:17,389] {scheduler_job.py:639} INFO - DAG(s) dict_keys(['tutorial']) retrieved from /home/airflow/.local/lib/python3.6/site-packages/airflow/example_dags/tutorial.py
[2021-05-06 12:40:17,421] {logging_mixin.py:104} INFO - [2021-05-06 12:40:17,421] {dag.py:1824} INFO - Sync 1 DAGs
[2021-05-06 12:40:17,440] {logging_mixin.py:104} INFO - [2021-05-06 12:40:17,440] {dag.py:2280} INFO - Setting next_dagrun for tutorial to 2021-05-04 00:00:00+00:00
[2021-05-06 12:40:17,454] {scheduler_job.py:190} INFO - Processing /home/airflow/.local/lib/python3.6/site-packages/airflow/example_dags/tutorial.py took 0.086 seconds
[2021-05-06 12:40:48,015] {scheduler_job.py:182} INFO - Started process (PID=1394) to work on /home/airflow/.local/lib/python3.6/site-packages/airflow/example_dags/tutorial.py
[2021-05-06 12:40:48,017] {scheduler_job.py:629} INFO - Processing file /home/airflow/.local/lib/python3.6/site-packages/airflow/example_dags/tutorial.py for tasks to queue
[2021-05-06 12:40:48,019] {logging_mixin.py:104} INFO - [2021-05-06 12:40:48,019] {dagbag.py:451} INFO - Filling up the DagBag from /home/airflow/.local/lib/python3.6/site-packages/airflow/example_dags/tutorial.py
[2021-05-06 12:40:48,032] {scheduler_job.py:639} INFO - DAG(s) dict_keys(['tutorial']) retrieved from /home/airflow/.local/lib/python3.6/site-packages/airflow/example_dags/tutorial.py
[2021-05-06 12:40:48,062] {logging_mixin.py:104} INFO - [2021-05-06 12:40:48,062] {dag.py:1824} INFO - Sync 1 DAGs
[2021-05-06 12:40:48,081] {logging_mixin.py:104} INFO - [2021-05-06 12:40:48,081] {dag.py:2280} INFO - Setting next_dagrun for tutorial to 2021-05-04 00:00:00+00:00
[2021-05-06 12:40:48,096] {scheduler_job.py:190} INFO - Processing /home/airflow/.local/lib/python3.6/site-packages/airflow/example_dags/tutorial.py took 0.086 seconds
[2021-05-06 12:41:18,652] {scheduler_job.py:182} INFO - Started process (PID=1420) to work on /home/airflow/.local/lib/python3.6/site-packages/airflow/example_dags/tutorial.py
[2021-05-06 12:41:18,656] {scheduler_job.py:629} INFO - Processing file /home/airflow/.local/lib/python3.6/site-packages/airflow/example_dags/tutorial.py for tasks to queue
[2021-05-06 12:41:18,658] {logging_mixin.py:104} INFO - [2021-05-06 12:41:18,658] {dagbag.py:451} INFO - Filling up the DagBag from /home/airflow/.local/lib/python3.6/site-packages/airflow/example_dags/tutorial.py
[2021-05-06 12:41:18,671] {scheduler_job.py:639} INFO - DAG(s) dict_keys(['tutorial']) retrieved from /home/airflow/.local/lib/python3.6/site-packages/airflow/example_dags/tutorial.py
[2021-05-06 12:41:18,710] {logging_mixin.py:104} INFO - [2021-05-06 12:41:18,710] {dag.py:1824} INFO - Sync 1 DAGs
[2021-05-06 12:41:18,746] {logging_mixin.py:104} INFO - [2021-05-06 12:41:18,746] {dag.py:2280} INFO - Setting next_dagrun for tutorial to 2021-05-04 00:00:00+00:00
[2021-05-06 12:41:18,765] {scheduler_job.py:190} INFO - Processing /home/airflow/.local/lib/python3.6/site-packages/airflow/example_dags/tutorial.py took 0.118 seconds
[2021-05-06 12:41:49,540] {scheduler_job.py:182} INFO - Started process (PID=1446) to work on /home/airflow/.local/lib/python3.6/site-packages/airflow/example_dags/tutorial.py
[2021-05-06 12:41:49,543] {scheduler_job.py:629} INFO - Processing file /home/airflow/.local/lib/python3.6/site-packages/airflow/example_dags/tutorial.py for tasks to queue
[2021-05-06 12:41:49,545] {logging_mixin.py:104} INFO - [2021-05-06 12:41:49,545] {dagbag.py:451} INFO - Filling up the DagBag from /home/airflow/.local/lib/python3.6/site-packages/airflow/example_dags/tutorial.py
[2021-05-06 12:41:49,562] {scheduler_job.py:639} INFO - DAG(s) dict_keys(['tutorial']) retrieved from /home/airflow/.local/lib/python3.6/site-packages/airflow/example_dags/tutorial.py
[2021-05-06 12:41:49,597] {logging_mixin.py:104} INFO - [2021-05-06 12:41:49,597] {dag.py:1824} INFO - Sync 1 DAGs
[2021-05-06 12:41:49,623] {logging_mixin.py:104} INFO - [2021-05-06 12:41:49,622] {dag.py:2280} INFO - Setting next_dagrun for tutorial to 2021-05-04 00:00:00+00:00
[2021-05-06 12:41:49,639] {scheduler_job.py:190} INFO - Processing /home/airflow/.local/lib/python3.6/site-packages/airflow/example_dags/tutorial.py took 0.108 seconds
[2021-05-06 12:42:20,294] {scheduler_job.py:182} INFO - Started process (PID=1472) to work on /home/airflow/.local/lib/python3.6/site-packages/airflow/example_dags/tutorial.py
[2021-05-06 12:42:20,296] {scheduler_job.py:629} INFO - Processing file /home/airflow/.local/lib/python3.6/site-packages/airflow/example_dags/tutorial.py for tasks to queue
[2021-05-06 12:42:20,299] {logging_mixin.py:104} INFO - [2021-05-06 12:42:20,298] {dagbag.py:451} INFO - Filling up the DagBag from /home/airflow/.local/lib/python3.6/site-packages/airflow/example_dags/tutorial.py
[2021-05-06 12:42:20,323] {scheduler_job.py:639} INFO - DAG(s) dict_keys(['tutorial']) retrieved from /home/airflow/.local/lib/python3.6/site-packages/airflow/example_dags/tutorial.py
[2021-05-06 12:42:20,361] {logging_mixin.py:104} INFO - [2021-05-06 12:42:20,361] {dag.py:1824} INFO - Sync 1 DAGs
[2021-05-06 12:42:20,404] {logging_mixin.py:104} INFO - [2021-05-06 12:42:20,404] {dag.py:2280} INFO - Setting next_dagrun for tutorial to 2021-05-04 00:00:00+00:00
[2021-05-06 12:42:20,424] {scheduler_job.py:190} INFO - Processing /home/airflow/.local/lib/python3.6/site-packages/airflow/example_dags/tutorial.py took 0.136 seconds
[2021-05-06 12:42:50,958] {scheduler_job.py:182} INFO - Started process (PID=1498) to work on /home/airflow/.local/lib/python3.6/site-packages/airflow/example_dags/tutorial.py
[2021-05-06 12:42:50,960] {scheduler_job.py:629} INFO - Processing file /home/airflow/.local/lib/python3.6/site-packages/airflow/example_dags/tutorial.py for tasks to queue
[2021-05-06 12:42:50,962] {logging_mixin.py:104} INFO - [2021-05-06 12:42:50,962] {dagbag.py:451} INFO - Filling up the DagBag from /home/airflow/.local/lib/python3.6/site-packages/airflow/example_dags/tutorial.py
[2021-05-06 12:42:50,976] {scheduler_job.py:639} INFO - DAG(s) dict_keys(['tutorial']) retrieved from /home/airflow/.local/lib/python3.6/site-packages/airflow/example_dags/tutorial.py
[2021-05-06 12:42:51,009] {logging_mixin.py:104} INFO - [2021-05-06 12:42:51,009] {dag.py:1824} INFO - Sync 1 DAGs
[2021-05-06 12:42:51,040] {logging_mixin.py:104} INFO - [2021-05-06 12:42:51,039] {dag.py:2280} INFO - Setting next_dagrun for tutorial to 2021-05-04 00:00:00+00:00
[2021-05-06 12:42:51,061] {scheduler_job.py:190} INFO - Processing /home/airflow/.local/lib/python3.6/site-packages/airflow/example_dags/tutorial.py took 0.108 seconds
[2021-05-06 12:43:21,694] {scheduler_job.py:182} INFO - Started process (PID=1524) to work on /home/airflow/.local/lib/python3.6/site-packages/airflow/example_dags/tutorial.py
[2021-05-06 12:43:21,698] {scheduler_job.py:629} INFO - Processing file /home/airflow/.local/lib/python3.6/site-packages/airflow/example_dags/tutorial.py for tasks to queue
[2021-05-06 12:43:21,700] {logging_mixin.py:104} INFO - [2021-05-06 12:43:21,700] {dagbag.py:451} INFO - Filling up the DagBag from /home/airflow/.local/lib/python3.6/site-packages/airflow/example_dags/tutorial.py
[2021-05-06 12:43:21,726] {scheduler_job.py:639} INFO - DAG(s) dict_keys(['tutorial']) retrieved from /home/airflow/.local/lib/python3.6/site-packages/airflow/example_dags/tutorial.py
[2021-05-06 12:43:21,778] {logging_mixin.py:104} INFO - [2021-05-06 12:43:21,778] {dag.py:1824} INFO - Sync 1 DAGs
[2021-05-06 12:43:21,804] {logging_mixin.py:104} INFO - [2021-05-06 12:43:21,804] {dag.py:2280} INFO - Setting next_dagrun for tutorial to 2021-05-04 00:00:00+00:00
[2021-05-06 12:43:21,828] {scheduler_job.py:190} INFO - Processing /home/airflow/.local/lib/python3.6/site-packages/airflow/example_dags/tutorial.py took 0.140 seconds
[2021-05-06 12:43:52,524] {scheduler_job.py:182} INFO - Started process (PID=1550) to work on /home/airflow/.local/lib/python3.6/site-packages/airflow/example_dags/tutorial.py
[2021-05-06 12:43:52,526] {scheduler_job.py:629} INFO - Processing file /home/airflow/.local/lib/python3.6/site-packages/airflow/example_dags/tutorial.py for tasks to queue
[2021-05-06 12:43:52,527] {logging_mixin.py:104} INFO - [2021-05-06 12:43:52,527] {dagbag.py:451} INFO - Filling up the DagBag from /home/airflow/.local/lib/python3.6/site-packages/airflow/example_dags/tutorial.py
[2021-05-06 12:43:52,541] {scheduler_job.py:639} INFO - DAG(s) dict_keys(['tutorial']) retrieved from /home/airflow/.local/lib/python3.6/site-packages/airflow/example_dags/tutorial.py
[2021-05-06 12:43:52,575] {logging_mixin.py:104} INFO - [2021-05-06 12:43:52,575] {dag.py:1824} INFO - Sync 1 DAGs
[2021-05-06 12:43:52,598] {logging_mixin.py:104} INFO - [2021-05-06 12:43:52,598] {dag.py:2280} INFO - Setting next_dagrun for tutorial to 2021-05-04 00:00:00+00:00
[2021-05-06 12:43:52,612] {scheduler_job.py:190} INFO - Processing /home/airflow/.local/lib/python3.6/site-packages/airflow/example_dags/tutorial.py took 0.093 seconds
[2021-05-06 12:44:23,394] {scheduler_job.py:182} INFO - Started process (PID=1576) to work on /home/airflow/.local/lib/python3.6/site-packages/airflow/example_dags/tutorial.py
[2021-05-06 12:44:23,397] {scheduler_job.py:629} INFO - Processing file /home/airflow/.local/lib/python3.6/site-packages/airflow/example_dags/tutorial.py for tasks to queue
[2021-05-06 12:44:23,399] {logging_mixin.py:104} INFO - [2021-05-06 12:44:23,399] {dagbag.py:451} INFO - Filling up the DagBag from /home/airflow/.local/lib/python3.6/site-packages/airflow/example_dags/tutorial.py
[2021-05-06 12:44:23,417] {scheduler_job.py:639} INFO - DAG(s) dict_keys(['tutorial']) retrieved from /home/airflow/.local/lib/python3.6/site-packages/airflow/example_dags/tutorial.py
[2021-05-06 12:44:23,462] {logging_mixin.py:104} INFO - [2021-05-06 12:44:23,462] {dag.py:1824} INFO - Sync 1 DAGs
[2021-05-06 12:44:23,487] {logging_mixin.py:104} INFO - [2021-05-06 12:44:23,486] {dag.py:2280} INFO - Setting next_dagrun for tutorial to 2021-05-04 00:00:00+00:00
[2021-05-06 12:44:23,505] {scheduler_job.py:190} INFO - Processing /home/airflow/.local/lib/python3.6/site-packages/airflow/example_dags/tutorial.py took 0.116 seconds
[2021-05-06 12:44:54,260] {scheduler_job.py:182} INFO - Started process (PID=1602) to work on /home/airflow/.local/lib/python3.6/site-packages/airflow/example_dags/tutorial.py
[2021-05-06 12:44:54,264] {scheduler_job.py:629} INFO - Processing file /home/airflow/.local/lib/python3.6/site-packages/airflow/example_dags/tutorial.py for tasks to queue
[2021-05-06 12:44:54,266] {logging_mixin.py:104} INFO - [2021-05-06 12:44:54,266] {dagbag.py:451} INFO - Filling up the DagBag from /home/airflow/.local/lib/python3.6/site-packages/airflow/example_dags/tutorial.py
[2021-05-06 12:44:54,281] {scheduler_job.py:639} INFO - DAG(s) dict_keys(['tutorial']) retrieved from /home/airflow/.local/lib/python3.6/site-packages/airflow/example_dags/tutorial.py
[2021-05-06 12:44:54,316] {logging_mixin.py:104} INFO - [2021-05-06 12:44:54,316] {dag.py:1824} INFO - Sync 1 DAGs
[2021-05-06 12:44:54,340] {logging_mixin.py:104} INFO - [2021-05-06 12:44:54,340] {dag.py:2280} INFO - Setting next_dagrun for tutorial to 2021-05-04 00:00:00+00:00
[2021-05-06 12:44:54,365] {scheduler_job.py:190} INFO - Processing /home/airflow/.local/lib/python3.6/site-packages/airflow/example_dags/tutorial.py took 0.110 seconds
[2021-05-06 12:45:24,864] {scheduler_job.py:182} INFO - Started process (PID=1628) to work on /home/airflow/.local/lib/python3.6/site-packages/airflow/example_dags/tutorial.py
[2021-05-06 12:45:24,867] {scheduler_job.py:629} INFO - Processing file /home/airflow/.local/lib/python3.6/site-packages/airflow/example_dags/tutorial.py for tasks to queue
[2021-05-06 12:45:24,869] {logging_mixin.py:104} INFO - [2021-05-06 12:45:24,869] {dagbag.py:451} INFO - Filling up the DagBag from /home/airflow/.local/lib/python3.6/site-packages/airflow/example_dags/tutorial.py
[2021-05-06 12:45:24,884] {scheduler_job.py:639} INFO - DAG(s) dict_keys(['tutorial']) retrieved from /home/airflow/.local/lib/python3.6/site-packages/airflow/example_dags/tutorial.py
[2021-05-06 12:45:24,916] {logging_mixin.py:104} INFO - [2021-05-06 12:45:24,916] {dag.py:1824} INFO - Sync 1 DAGs
[2021-05-06 12:45:24,939] {logging_mixin.py:104} INFO - [2021-05-06 12:45:24,938] {dag.py:2280} INFO - Setting next_dagrun for tutorial to 2021-05-04 00:00:00+00:00
[2021-05-06 12:45:24,956] {scheduler_job.py:190} INFO - Processing /home/airflow/.local/lib/python3.6/site-packages/airflow/example_dags/tutorial.py took 0.097 seconds
[2021-05-06 12:45:55,378] {scheduler_job.py:182} INFO - Started process (PID=1654) to work on /home/airflow/.local/lib/python3.6/site-packages/airflow/example_dags/tutorial.py
[2021-05-06 12:45:55,380] {scheduler_job.py:629} INFO - Processing file /home/airflow/.local/lib/python3.6/site-packages/airflow/example_dags/tutorial.py for tasks to queue
[2021-05-06 12:45:55,382] {logging_mixin.py:104} INFO - [2021-05-06 12:45:55,382] {dagbag.py:451} INFO - Filling up the DagBag from /home/airflow/.local/lib/python3.6/site-packages/airflow/example_dags/tutorial.py
[2021-05-06 12:45:55,395] {scheduler_job.py:639} INFO - DAG(s) dict_keys(['tutorial']) retrieved from /home/airflow/.local/lib/python3.6/site-packages/airflow/example_dags/tutorial.py
[2021-05-06 12:45:55,426] {logging_mixin.py:104} INFO - [2021-05-06 12:45:55,426] {dag.py:1824} INFO - Sync 1 DAGs
[2021-05-06 12:45:55,449] {logging_mixin.py:104} INFO - [2021-05-06 12:45:55,449] {dag.py:2280} INFO - Setting next_dagrun for tutorial to 2021-05-04 00:00:00+00:00
[2021-05-06 12:45:55,464] {scheduler_job.py:190} INFO - Processing /home/airflow/.local/lib/python3.6/site-packages/airflow/example_dags/tutorial.py took 0.091 seconds
[2021-05-06 12:46:26,199] {scheduler_job.py:182} INFO - Started process (PID=1680) to work on /home/airflow/.local/lib/python3.6/site-packages/airflow/example_dags/tutorial.py
[2021-05-06 12:46:26,202] {scheduler_job.py:629} INFO - Processing file /home/airflow/.local/lib/python3.6/site-packages/airflow/example_dags/tutorial.py for tasks to queue
[2021-05-06 12:46:26,204] {logging_mixin.py:104} INFO - [2021-05-06 12:46:26,204] {dagbag.py:451} INFO - Filling up the DagBag from /home/airflow/.local/lib/python3.6/site-packages/airflow/example_dags/tutorial.py
[2021-05-06 12:46:26,218] {scheduler_job.py:639} INFO - DAG(s) dict_keys(['tutorial']) retrieved from /home/airflow/.local/lib/python3.6/site-packages/airflow/example_dags/tutorial.py
[2021-05-06 12:46:26,251] {logging_mixin.py:104} INFO - [2021-05-06 12:46:26,251] {dag.py:1824} INFO - Sync 1 DAGs
[2021-05-06 12:46:26,272] {logging_mixin.py:104} INFO - [2021-05-06 12:46:26,272] {dag.py:2280} INFO - Setting next_dagrun for tutorial to 2021-05-04 00:00:00+00:00
[2021-05-06 12:46:26,288] {scheduler_job.py:190} INFO - Processing /home/airflow/.local/lib/python3.6/site-packages/airflow/example_dags/tutorial.py took 0.093 seconds
[2021-05-06 12:46:56,816] {scheduler_job.py:182} INFO - Started process (PID=1706) to work on /home/airflow/.local/lib/python3.6/site-packages/airflow/example_dags/tutorial.py
[2021-05-06 12:46:56,818] {scheduler_job.py:629} INFO - Processing file /home/airflow/.local/lib/python3.6/site-packages/airflow/example_dags/tutorial.py for tasks to queue
[2021-05-06 12:46:56,820] {logging_mixin.py:104} INFO - [2021-05-06 12:46:56,820] {dagbag.py:451} INFO - Filling up the DagBag from /home/airflow/.local/lib/python3.6/site-packages/airflow/example_dags/tutorial.py
[2021-05-06 12:46:56,833] {scheduler_job.py:639} INFO - DAG(s) dict_keys(['tutorial']) retrieved from /home/airflow/.local/lib/python3.6/site-packages/airflow/example_dags/tutorial.py
[2021-05-06 12:46:56,867] {logging_mixin.py:104} INFO - [2021-05-06 12:46:56,867] {dag.py:1824} INFO - Sync 1 DAGs
[2021-05-06 12:46:56,888] {logging_mixin.py:104} INFO - [2021-05-06 12:46:56,888] {dag.py:2280} INFO - Setting next_dagrun for tutorial to 2021-05-04 00:00:00+00:00
[2021-05-06 12:46:56,903] {scheduler_job.py:190} INFO - Processing /home/airflow/.local/lib/python3.6/site-packages/airflow/example_dags/tutorial.py took 0.092 seconds
[2021-05-06 12:47:27,518] {scheduler_job.py:182} INFO - Started process (PID=1732) to work on /home/airflow/.local/lib/python3.6/site-packages/airflow/example_dags/tutorial.py
[2021-05-06 12:47:27,520] {scheduler_job.py:629} INFO - Processing file /home/airflow/.local/lib/python3.6/site-packages/airflow/example_dags/tutorial.py for tasks to queue
[2021-05-06 12:47:27,522] {logging_mixin.py:104} INFO - [2021-05-06 12:47:27,522] {dagbag.py:451} INFO - Filling up the DagBag from /home/airflow/.local/lib/python3.6/site-packages/airflow/example_dags/tutorial.py
[2021-05-06 12:47:27,535] {scheduler_job.py:639} INFO - DAG(s) dict_keys(['tutorial']) retrieved from /home/airflow/.local/lib/python3.6/site-packages/airflow/example_dags/tutorial.py
[2021-05-06 12:47:27,568] {logging_mixin.py:104} INFO - [2021-05-06 12:47:27,568] {dag.py:1824} INFO - Sync 1 DAGs
[2021-05-06 12:47:27,589] {logging_mixin.py:104} INFO - [2021-05-06 12:47:27,589] {dag.py:2280} INFO - Setting next_dagrun for tutorial to 2021-05-04 00:00:00+00:00
[2021-05-06 12:47:27,604] {scheduler_job.py:190} INFO - Processing /home/airflow/.local/lib/python3.6/site-packages/airflow/example_dags/tutorial.py took 0.091 seconds
[2021-05-06 12:47:58,281] {scheduler_job.py:182} INFO - Started process (PID=1758) to work on /home/airflow/.local/lib/python3.6/site-packages/airflow/example_dags/tutorial.py
[2021-05-06 12:47:58,284] {scheduler_job.py:629} INFO - Processing file /home/airflow/.local/lib/python3.6/site-packages/airflow/example_dags/tutorial.py for tasks to queue
[2021-05-06 12:47:58,285] {logging_mixin.py:104} INFO - [2021-05-06 12:47:58,285] {dagbag.py:451} INFO - Filling up the DagBag from /home/airflow/.local/lib/python3.6/site-packages/airflow/example_dags/tutorial.py
[2021-05-06 12:47:58,299] {scheduler_job.py:639} INFO - DAG(s) dict_keys(['tutorial']) retrieved from /home/airflow/.local/lib/python3.6/site-packages/airflow/example_dags/tutorial.py
[2021-05-06 12:47:58,336] {logging_mixin.py:104} INFO - [2021-05-06 12:47:58,336] {dag.py:1824} INFO - Sync 1 DAGs
[2021-05-06 12:47:58,359] {logging_mixin.py:104} INFO - [2021-05-06 12:47:58,359] {dag.py:2280} INFO - Setting next_dagrun for tutorial to 2021-05-04 00:00:00+00:00
[2021-05-06 12:47:58,377] {scheduler_job.py:190} INFO - Processing /home/airflow/.local/lib/python3.6/site-packages/airflow/example_dags/tutorial.py took 0.101 seconds
[2021-05-06 12:48:29,114] {scheduler_job.py:182} INFO - Started process (PID=1784) to work on /home/airflow/.local/lib/python3.6/site-packages/airflow/example_dags/tutorial.py
[2021-05-06 12:48:29,117] {scheduler_job.py:629} INFO - Processing file /home/airflow/.local/lib/python3.6/site-packages/airflow/example_dags/tutorial.py for tasks to queue
[2021-05-06 12:48:29,119] {logging_mixin.py:104} INFO - [2021-05-06 12:48:29,119] {dagbag.py:451} INFO - Filling up the DagBag from /home/airflow/.local/lib/python3.6/site-packages/airflow/example_dags/tutorial.py
[2021-05-06 12:48:29,133] {scheduler_job.py:639} INFO - DAG(s) dict_keys(['tutorial']) retrieved from /home/airflow/.local/lib/python3.6/site-packages/airflow/example_dags/tutorial.py
[2021-05-06 12:48:29,167] {logging_mixin.py:104} INFO - [2021-05-06 12:48:29,167] {dag.py:1824} INFO - Sync 1 DAGs
[2021-05-06 12:48:29,189] {logging_mixin.py:104} INFO - [2021-05-06 12:48:29,188] {dag.py:2280} INFO - Setting next_dagrun for tutorial to 2021-05-04 00:00:00+00:00
[2021-05-06 12:48:29,204] {scheduler_job.py:190} INFO - Processing /home/airflow/.local/lib/python3.6/site-packages/airflow/example_dags/tutorial.py took 0.095 seconds
[2021-05-06 12:48:59,800] {scheduler_job.py:182} INFO - Started process (PID=1810) to work on /home/airflow/.local/lib/python3.6/site-packages/airflow/example_dags/tutorial.py
[2021-05-06 12:48:59,802] {scheduler_job.py:629} INFO - Processing file /home/airflow/.local/lib/python3.6/site-packages/airflow/example_dags/tutorial.py for tasks to queue
[2021-05-06 12:48:59,804] {logging_mixin.py:104} INFO - [2021-05-06 12:48:59,804] {dagbag.py:451} INFO - Filling up the DagBag from /home/airflow/.local/lib/python3.6/site-packages/airflow/example_dags/tutorial.py
[2021-05-06 12:48:59,818] {scheduler_job.py:639} INFO - DAG(s) dict_keys(['tutorial']) retrieved from /home/airflow/.local/lib/python3.6/site-packages/airflow/example_dags/tutorial.py
[2021-05-06 12:48:59,856] {logging_mixin.py:104} INFO - [2021-05-06 12:48:59,855] {dag.py:1824} INFO - Sync 1 DAGs
[2021-05-06 12:48:59,882] {logging_mixin.py:104} INFO - [2021-05-06 12:48:59,881] {dag.py:2280} INFO - Setting next_dagrun for tutorial to 2021-05-04 00:00:00+00:00
[2021-05-06 12:48:59,894] {scheduler_job.py:190} INFO - Processing /home/airflow/.local/lib/python3.6/site-packages/airflow/example_dags/tutorial.py took 0.099 seconds
[2021-05-06 12:49:30,546] {scheduler_job.py:182} INFO - Started process (PID=1836) to work on /home/airflow/.local/lib/python3.6/site-packages/airflow/example_dags/tutorial.py
[2021-05-06 12:49:30,549] {scheduler_job.py:629} INFO - Processing file /home/airflow/.local/lib/python3.6/site-packages/airflow/example_dags/tutorial.py for tasks to queue
[2021-05-06 12:49:30,551] {logging_mixin.py:104} INFO - [2021-05-06 12:49:30,551] {dagbag.py:451} INFO - Filling up the DagBag from /home/airflow/.local/lib/python3.6/site-packages/airflow/example_dags/tutorial.py
[2021-05-06 12:49:30,565] {scheduler_job.py:639} INFO - DAG(s) dict_keys(['tutorial']) retrieved from /home/airflow/.local/lib/python3.6/site-packages/airflow/example_dags/tutorial.py
[2021-05-06 12:49:30,599] {logging_mixin.py:104} INFO - [2021-05-06 12:49:30,599] {dag.py:1824} INFO - Sync 1 DAGs
[2021-05-06 12:49:30,623] {logging_mixin.py:104} INFO - [2021-05-06 12:49:30,622] {dag.py:2280} INFO - Setting next_dagrun for tutorial to 2021-05-04 00:00:00+00:00
[2021-05-06 12:49:30,636] {scheduler_job.py:190} INFO - Processing /home/airflow/.local/lib/python3.6/site-packages/airflow/example_dags/tutorial.py took 0.096 seconds
[2021-05-06 12:50:01,278] {scheduler_job.py:182} INFO - Started process (PID=1862) to work on /home/airflow/.local/lib/python3.6/site-packages/airflow/example_dags/tutorial.py
[2021-05-06 12:50:01,281] {scheduler_job.py:629} INFO - Processing file /home/airflow/.local/lib/python3.6/site-packages/airflow/example_dags/tutorial.py for tasks to queue
[2021-05-06 12:50:01,283] {logging_mixin.py:104} INFO - [2021-05-06 12:50:01,282] {dagbag.py:451} INFO - Filling up the DagBag from /home/airflow/.local/lib/python3.6/site-packages/airflow/example_dags/tutorial.py
[2021-05-06 12:50:01,296] {scheduler_job.py:639} INFO - DAG(s) dict_keys(['tutorial']) retrieved from /home/airflow/.local/lib/python3.6/site-packages/airflow/example_dags/tutorial.py
[2021-05-06 12:50:01,334] {logging_mixin.py:104} INFO - [2021-05-06 12:50:01,333] {dag.py:1824} INFO - Sync 1 DAGs
[2021-05-06 12:50:01,355] {logging_mixin.py:104} INFO - [2021-05-06 12:50:01,355] {dag.py:2280} INFO - Setting next_dagrun for tutorial to 2021-05-04 00:00:00+00:00
[2021-05-06 12:50:01,369] {scheduler_job.py:190} INFO - Processing /home/airflow/.local/lib/python3.6/site-packages/airflow/example_dags/tutorial.py took 0.096 seconds
[2021-05-06 12:50:31,859] {scheduler_job.py:182} INFO - Started process (PID=1888) to work on /home/airflow/.local/lib/python3.6/site-packages/airflow/example_dags/tutorial.py
[2021-05-06 12:50:31,861] {scheduler_job.py:629} INFO - Processing file /home/airflow/.local/lib/python3.6/site-packages/airflow/example_dags/tutorial.py for tasks to queue
[2021-05-06 12:50:31,863] {logging_mixin.py:104} INFO - [2021-05-06 12:50:31,862] {dagbag.py:451} INFO - Filling up the DagBag from /home/airflow/.local/lib/python3.6/site-packages/airflow/example_dags/tutorial.py
[2021-05-06 12:50:31,875] {scheduler_job.py:639} INFO - DAG(s) dict_keys(['tutorial']) retrieved from /home/airflow/.local/lib/python3.6/site-packages/airflow/example_dags/tutorial.py
[2021-05-06 12:50:31,903] {logging_mixin.py:104} INFO - [2021-05-06 12:50:31,902] {dag.py:1824} INFO - Sync 1 DAGs
[2021-05-06 12:50:31,923] {logging_mixin.py:104} INFO - [2021-05-06 12:50:31,923] {dag.py:2280} INFO - Setting next_dagrun for tutorial to 2021-05-04 00:00:00+00:00
[2021-05-06 12:50:31,938] {scheduler_job.py:190} INFO - Processing /home/airflow/.local/lib/python3.6/site-packages/airflow/example_dags/tutorial.py took 0.083 seconds
[2021-05-06 12:51:02,755] {scheduler_job.py:182} INFO - Started process (PID=1914) to work on /home/airflow/.local/lib/python3.6/site-packages/airflow/example_dags/tutorial.py
[2021-05-06 12:51:02,757] {scheduler_job.py:629} INFO - Processing file /home/airflow/.local/lib/python3.6/site-packages/airflow/example_dags/tutorial.py for tasks to queue
[2021-05-06 12:51:02,760] {logging_mixin.py:104} INFO - [2021-05-06 12:51:02,759] {dagbag.py:451} INFO - Filling up the DagBag from /home/airflow/.local/lib/python3.6/site-packages/airflow/example_dags/tutorial.py
[2021-05-06 12:51:02,780] {scheduler_job.py:639} INFO - DAG(s) dict_keys(['tutorial']) retrieved from /home/airflow/.local/lib/python3.6/site-packages/airflow/example_dags/tutorial.py
[2021-05-06 12:51:02,817] {logging_mixin.py:104} INFO - [2021-05-06 12:51:02,817] {dag.py:1824} INFO - Sync 1 DAGs
[2021-05-06 12:51:02,839] {logging_mixin.py:104} INFO - [2021-05-06 12:51:02,839] {dag.py:2280} INFO - Setting next_dagrun for tutorial to 2021-05-04 00:00:00+00:00
[2021-05-06 12:51:02,854] {scheduler_job.py:190} INFO - Processing /home/airflow/.local/lib/python3.6/site-packages/airflow/example_dags/tutorial.py took 0.106 seconds
[2021-05-06 12:51:33,351] {scheduler_job.py:182} INFO - Started process (PID=1940) to work on /home/airflow/.local/lib/python3.6/site-packages/airflow/example_dags/tutorial.py
[2021-05-06 12:51:33,354] {scheduler_job.py:629} INFO - Processing file /home/airflow/.local/lib/python3.6/site-packages/airflow/example_dags/tutorial.py for tasks to queue
[2021-05-06 12:51:33,355] {logging_mixin.py:104} INFO - [2021-05-06 12:51:33,355] {dagbag.py:451} INFO - Filling up the DagBag from /home/airflow/.local/lib/python3.6/site-packages/airflow/example_dags/tutorial.py
[2021-05-06 12:51:33,374] {scheduler_job.py:639} INFO - DAG(s) dict_keys(['tutorial']) retrieved from /home/airflow/.local/lib/python3.6/site-packages/airflow/example_dags/tutorial.py
[2021-05-06 12:51:33,409] {logging_mixin.py:104} INFO - [2021-05-06 12:51:33,409] {dag.py:1824} INFO - Sync 1 DAGs
[2021-05-06 12:51:33,428] {logging_mixin.py:104} INFO - [2021-05-06 12:51:33,428] {dag.py:2280} INFO - Setting next_dagrun for tutorial to 2021-05-04 00:00:00+00:00
[2021-05-06 12:51:33,442] {scheduler_job.py:190} INFO - Processing /home/airflow/.local/lib/python3.6/site-packages/airflow/example_dags/tutorial.py took 0.095 seconds
[2021-05-06 12:52:13,843] {scheduler_job.py:182} INFO - Started process (PID=39) to work on /home/airflow/.local/lib/python3.6/site-packages/airflow/example_dags/tutorial.py
[2021-05-06 12:52:13,848] {scheduler_job.py:629} INFO - Processing file /home/airflow/.local/lib/python3.6/site-packages/airflow/example_dags/tutorial.py for tasks to queue
[2021-05-06 12:52:13,852] {logging_mixin.py:104} INFO - [2021-05-06 12:52:13,852] {dagbag.py:451} INFO - Filling up the DagBag from /home/airflow/.local/lib/python3.6/site-packages/airflow/example_dags/tutorial.py
[2021-05-06 12:52:13,874] {scheduler_job.py:639} INFO - DAG(s) dict_keys(['tutorial']) retrieved from /home/airflow/.local/lib/python3.6/site-packages/airflow/example_dags/tutorial.py
[2021-05-06 12:52:13,925] {logging_mixin.py:104} INFO - [2021-05-06 12:52:13,924] {dag.py:1824} INFO - Sync 1 DAGs
[2021-05-06 12:52:13,954] {logging_mixin.py:104} INFO - [2021-05-06 12:52:13,954] {dag.py:2280} INFO - Setting next_dagrun for tutorial to 2021-05-04 00:00:00+00:00
[2021-05-06 12:52:13,995] {scheduler_job.py:190} INFO - Processing /home/airflow/.local/lib/python3.6/site-packages/airflow/example_dags/tutorial.py took 0.167 seconds
[2021-05-06 12:52:44,533] {scheduler_job.py:182} INFO - Started process (PID=66) to work on /home/airflow/.local/lib/python3.6/site-packages/airflow/example_dags/tutorial.py
[2021-05-06 12:52:44,536] {scheduler_job.py:629} INFO - Processing file /home/airflow/.local/lib/python3.6/site-packages/airflow/example_dags/tutorial.py for tasks to queue
[2021-05-06 12:52:44,539] {logging_mixin.py:104} INFO - [2021-05-06 12:52:44,539] {dagbag.py:451} INFO - Filling up the DagBag from /home/airflow/.local/lib/python3.6/site-packages/airflow/example_dags/tutorial.py
[2021-05-06 12:52:44,556] {scheduler_job.py:639} INFO - DAG(s) dict_keys(['tutorial']) retrieved from /home/airflow/.local/lib/python3.6/site-packages/airflow/example_dags/tutorial.py
[2021-05-06 12:52:44,590] {logging_mixin.py:104} INFO - [2021-05-06 12:52:44,590] {dag.py:1824} INFO - Sync 1 DAGs
[2021-05-06 12:52:44,609] {logging_mixin.py:104} INFO - [2021-05-06 12:52:44,609] {dag.py:2280} INFO - Setting next_dagrun for tutorial to 2021-05-04 00:00:00+00:00
[2021-05-06 12:52:44,624] {scheduler_job.py:190} INFO - Processing /home/airflow/.local/lib/python3.6/site-packages/airflow/example_dags/tutorial.py took 0.097 seconds
[2021-05-06 12:53:15,963] {scheduler_job.py:182} INFO - Started process (PID=98) to work on /home/airflow/.local/lib/python3.6/site-packages/airflow/example_dags/tutorial.py
[2021-05-06 12:53:15,967] {scheduler_job.py:629} INFO - Processing file /home/airflow/.local/lib/python3.6/site-packages/airflow/example_dags/tutorial.py for tasks to queue
[2021-05-06 12:53:15,971] {logging_mixin.py:104} INFO - [2021-05-06 12:53:15,971] {dagbag.py:451} INFO - Filling up the DagBag from /home/airflow/.local/lib/python3.6/site-packages/airflow/example_dags/tutorial.py
[2021-05-06 12:53:16,006] {scheduler_job.py:639} INFO - DAG(s) dict_keys(['tutorial']) retrieved from /home/airflow/.local/lib/python3.6/site-packages/airflow/example_dags/tutorial.py
[2021-05-06 12:53:16,059] {logging_mixin.py:104} INFO - [2021-05-06 12:53:16,059] {dag.py:1824} INFO - Sync 1 DAGs
[2021-05-06 12:53:16,087] {logging_mixin.py:104} INFO - [2021-05-06 12:53:16,087] {dag.py:2280} INFO - Setting next_dagrun for tutorial to 2021-05-04 00:00:00+00:00
[2021-05-06 12:53:16,102] {scheduler_job.py:190} INFO - Processing /home/airflow/.local/lib/python3.6/site-packages/airflow/example_dags/tutorial.py took 0.148 seconds
[2021-05-06 12:53:46,567] {scheduler_job.py:182} INFO - Started process (PID=126) to work on /home/airflow/.local/lib/python3.6/site-packages/airflow/example_dags/tutorial.py
[2021-05-06 12:53:46,571] {scheduler_job.py:629} INFO - Processing file /home/airflow/.local/lib/python3.6/site-packages/airflow/example_dags/tutorial.py for tasks to queue
[2021-05-06 12:53:46,574] {logging_mixin.py:104} INFO - [2021-05-06 12:53:46,573] {dagbag.py:451} INFO - Filling up the DagBag from /home/airflow/.local/lib/python3.6/site-packages/airflow/example_dags/tutorial.py
[2021-05-06 12:53:46,593] {scheduler_job.py:639} INFO - DAG(s) dict_keys(['tutorial']) retrieved from /home/airflow/.local/lib/python3.6/site-packages/airflow/example_dags/tutorial.py
[2021-05-06 12:53:46,640] {logging_mixin.py:104} INFO - [2021-05-06 12:53:46,639] {dag.py:1824} INFO - Sync 1 DAGs
[2021-05-06 12:53:46,681] {logging_mixin.py:104} INFO - [2021-05-06 12:53:46,681] {dag.py:2280} INFO - Setting next_dagrun for tutorial to 2021-05-04 00:00:00+00:00
[2021-05-06 12:53:46,704] {scheduler_job.py:190} INFO - Processing /home/airflow/.local/lib/python3.6/site-packages/airflow/example_dags/tutorial.py took 0.142 seconds
[2021-05-06 12:54:16,878] {scheduler_job.py:182} INFO - Started process (PID=153) to work on /home/airflow/.local/lib/python3.6/site-packages/airflow/example_dags/tutorial.py
[2021-05-06 12:54:16,881] {scheduler_job.py:629} INFO - Processing file /home/airflow/.local/lib/python3.6/site-packages/airflow/example_dags/tutorial.py for tasks to queue
[2021-05-06 12:54:16,884] {logging_mixin.py:104} INFO - [2021-05-06 12:54:16,883] {dagbag.py:451} INFO - Filling up the DagBag from /home/airflow/.local/lib/python3.6/site-packages/airflow/example_dags/tutorial.py
[2021-05-06 12:54:16,906] {scheduler_job.py:639} INFO - DAG(s) dict_keys(['tutorial']) retrieved from /home/airflow/.local/lib/python3.6/site-packages/airflow/example_dags/tutorial.py
[2021-05-06 12:54:16,943] {logging_mixin.py:104} INFO - [2021-05-06 12:54:16,943] {dag.py:1824} INFO - Sync 1 DAGs
[2021-05-06 12:54:16,967] {logging_mixin.py:104} INFO - [2021-05-06 12:54:16,967] {dag.py:2280} INFO - Setting next_dagrun for tutorial to 2021-05-04 00:00:00+00:00
[2021-05-06 12:54:16,983] {scheduler_job.py:190} INFO - Processing /home/airflow/.local/lib/python3.6/site-packages/airflow/example_dags/tutorial.py took 0.110 seconds
[2021-05-06 12:54:58,020] {scheduler_job.py:182} INFO - Started process (PID=47) to work on /home/airflow/.local/lib/python3.6/site-packages/airflow/example_dags/tutorial.py
[2021-05-06 12:54:58,049] {scheduler_job.py:629} INFO - Processing file /home/airflow/.local/lib/python3.6/site-packages/airflow/example_dags/tutorial.py for tasks to queue
[2021-05-06 12:54:58,058] {logging_mixin.py:104} INFO - [2021-05-06 12:54:58,057] {dagbag.py:451} INFO - Filling up the DagBag from /home/airflow/.local/lib/python3.6/site-packages/airflow/example_dags/tutorial.py
[2021-05-06 12:54:58,106] {scheduler_job.py:639} INFO - DAG(s) dict_keys(['tutorial']) retrieved from /home/airflow/.local/lib/python3.6/site-packages/airflow/example_dags/tutorial.py
[2021-05-06 12:54:58,149] {logging_mixin.py:104} INFO - [2021-05-06 12:54:58,149] {dag.py:1824} INFO - Sync 1 DAGs
[2021-05-06 12:54:58,180] {logging_mixin.py:104} INFO - [2021-05-06 12:54:58,179] {dag.py:2280} INFO - Setting next_dagrun for tutorial to 2021-05-04 00:00:00+00:00
[2021-05-06 12:54:58,202] {scheduler_job.py:190} INFO - Processing /home/airflow/.local/lib/python3.6/site-packages/airflow/example_dags/tutorial.py took 0.211 seconds
[2021-05-06 12:55:28,750] {scheduler_job.py:182} INFO - Started process (PID=74) to work on /home/airflow/.local/lib/python3.6/site-packages/airflow/example_dags/tutorial.py
[2021-05-06 12:55:28,754] {scheduler_job.py:629} INFO - Processing file /home/airflow/.local/lib/python3.6/site-packages/airflow/example_dags/tutorial.py for tasks to queue
[2021-05-06 12:55:28,758] {logging_mixin.py:104} INFO - [2021-05-06 12:55:28,757] {dagbag.py:451} INFO - Filling up the DagBag from /home/airflow/.local/lib/python3.6/site-packages/airflow/example_dags/tutorial.py
[2021-05-06 12:55:28,785] {scheduler_job.py:639} INFO - DAG(s) dict_keys(['tutorial']) retrieved from /home/airflow/.local/lib/python3.6/site-packages/airflow/example_dags/tutorial.py
[2021-05-06 12:55:28,854] {logging_mixin.py:104} INFO - [2021-05-06 12:55:28,853] {dag.py:1824} INFO - Sync 1 DAGs
[2021-05-06 12:55:28,896] {logging_mixin.py:104} INFO - [2021-05-06 12:55:28,896] {dag.py:2280} INFO - Setting next_dagrun for tutorial to 2021-05-04 00:00:00+00:00
[2021-05-06 12:55:28,927] {scheduler_job.py:190} INFO - Processing /home/airflow/.local/lib/python3.6/site-packages/airflow/example_dags/tutorial.py took 0.186 seconds
[2021-05-06 12:55:59,219] {scheduler_job.py:182} INFO - Started process (PID=97) to work on /home/airflow/.local/lib/python3.6/site-packages/airflow/example_dags/tutorial.py
[2021-05-06 12:55:59,222] {scheduler_job.py:629} INFO - Processing file /home/airflow/.local/lib/python3.6/site-packages/airflow/example_dags/tutorial.py for tasks to queue
[2021-05-06 12:55:59,226] {logging_mixin.py:104} INFO - [2021-05-06 12:55:59,226] {dagbag.py:451} INFO - Filling up the DagBag from /home/airflow/.local/lib/python3.6/site-packages/airflow/example_dags/tutorial.py
[2021-05-06 12:55:59,257] {scheduler_job.py:639} INFO - DAG(s) dict_keys(['tutorial']) retrieved from /home/airflow/.local/lib/python3.6/site-packages/airflow/example_dags/tutorial.py
[2021-05-06 12:55:59,317] {logging_mixin.py:104} INFO - [2021-05-06 12:55:59,317] {dag.py:1824} INFO - Sync 1 DAGs
[2021-05-06 12:55:59,356] {logging_mixin.py:104} INFO - [2021-05-06 12:55:59,355] {dag.py:2280} INFO - Setting next_dagrun for tutorial to 2021-05-04 00:00:00+00:00
[2021-05-06 12:55:59,396] {scheduler_job.py:190} INFO - Processing /home/airflow/.local/lib/python3.6/site-packages/airflow/example_dags/tutorial.py took 0.183 seconds
[2021-05-06 12:56:29,532] {scheduler_job.py:182} INFO - Started process (PID=122) to work on /home/airflow/.local/lib/python3.6/site-packages/airflow/example_dags/tutorial.py
[2021-05-06 12:56:29,535] {scheduler_job.py:629} INFO - Processing file /home/airflow/.local/lib/python3.6/site-packages/airflow/example_dags/tutorial.py for tasks to queue
[2021-05-06 12:56:29,536] {logging_mixin.py:104} INFO - [2021-05-06 12:56:29,536] {dagbag.py:451} INFO - Filling up the DagBag from /home/airflow/.local/lib/python3.6/site-packages/airflow/example_dags/tutorial.py
[2021-05-06 12:56:29,550] {scheduler_job.py:639} INFO - DAG(s) dict_keys(['tutorial']) retrieved from /home/airflow/.local/lib/python3.6/site-packages/airflow/example_dags/tutorial.py
[2021-05-06 12:56:29,590] {logging_mixin.py:104} INFO - [2021-05-06 12:56:29,590] {dag.py:1824} INFO - Sync 1 DAGs
[2021-05-06 12:56:29,625] {logging_mixin.py:104} INFO - [2021-05-06 12:56:29,625] {dag.py:2280} INFO - Setting next_dagrun for tutorial to 2021-05-04 00:00:00+00:00
[2021-05-06 12:56:29,649] {scheduler_job.py:190} INFO - Processing /home/airflow/.local/lib/python3.6/site-packages/airflow/example_dags/tutorial.py took 0.121 seconds
