[2021-05-06 12:52:14,294] {scheduler_job.py:182} INFO - Started process (PID=43) to work on /opt/airflow/dags/helloworld.py
[2021-05-06 12:52:14,305] {scheduler_job.py:629} INFO - Processing file /opt/airflow/dags/helloworld.py for tasks to queue
[2021-05-06 12:52:14,308] {logging_mixin.py:104} INFO - [2021-05-06 12:52:14,307] {dagbag.py:451} INFO - Filling up the DagBag from /opt/airflow/dags/helloworld.py
[2021-05-06 12:52:14,342] {logging_mixin.py:104} INFO - [2021-05-06 12:52:14,339] {dagbag.py:308} ERROR - Failed to import: /opt/airflow/dags/helloworld.py
Traceback (most recent call last):
  File "/home/airflow/.local/lib/python3.6/site-packages/airflow/models/dagbag.py", line 305, in _load_modules_from_file
    loader.exec_module(new_module)
  File "<frozen importlib._bootstrap_external>", line 678, in exec_module
  File "<frozen importlib._bootstrap>", line 219, in _call_with_frames_removed
  File "/opt/airflow/dags/helloworld.py", line 3, in <module>
    from airflow.operators.bash_operators import BashOperator
ModuleNotFoundError: No module named 'airflow.operators.bash_operators'
[2021-05-06 12:52:14,351] {scheduler_job.py:641} WARNING - No viable dags retrieved from /opt/airflow/dags/helloworld.py
[2021-05-06 12:52:14,419] {scheduler_job.py:190} INFO - Processing /opt/airflow/dags/helloworld.py took 0.132 seconds
[2021-05-06 12:52:44,775] {scheduler_job.py:182} INFO - Started process (PID=70) to work on /opt/airflow/dags/helloworld.py
[2021-05-06 12:52:44,777] {scheduler_job.py:629} INFO - Processing file /opt/airflow/dags/helloworld.py for tasks to queue
[2021-05-06 12:52:44,778] {logging_mixin.py:104} INFO - [2021-05-06 12:52:44,778] {dagbag.py:451} INFO - Filling up the DagBag from /opt/airflow/dags/helloworld.py
[2021-05-06 12:52:44,790] {logging_mixin.py:104} INFO - [2021-05-06 12:52:44,788] {dagbag.py:308} ERROR - Failed to import: /opt/airflow/dags/helloworld.py
Traceback (most recent call last):
  File "/home/airflow/.local/lib/python3.6/site-packages/airflow/models/dagbag.py", line 305, in _load_modules_from_file
    loader.exec_module(new_module)
  File "<frozen importlib._bootstrap_external>", line 678, in exec_module
  File "<frozen importlib._bootstrap>", line 219, in _call_with_frames_removed
  File "/opt/airflow/dags/helloworld.py", line 3, in <module>
    from airflow.operators.bash_operators import BashOperator
ModuleNotFoundError: No module named 'airflow.operators.bash_operators'
[2021-05-06 12:52:44,792] {scheduler_job.py:641} WARNING - No viable dags retrieved from /opt/airflow/dags/helloworld.py
[2021-05-06 12:52:44,814] {scheduler_job.py:190} INFO - Processing /opt/airflow/dags/helloworld.py took 0.044 seconds
[2021-05-06 12:53:15,118] {scheduler_job.py:182} INFO - Started process (PID=89) to work on /opt/airflow/dags/helloworld.py
[2021-05-06 12:53:15,121] {scheduler_job.py:629} INFO - Processing file /opt/airflow/dags/helloworld.py for tasks to queue
[2021-05-06 12:53:15,123] {logging_mixin.py:104} INFO - [2021-05-06 12:53:15,123] {dagbag.py:451} INFO - Filling up the DagBag from /opt/airflow/dags/helloworld.py
[2021-05-06 12:53:15,140] {logging_mixin.py:104} INFO - [2021-05-06 12:53:15,137] {dagbag.py:308} ERROR - Failed to import: /opt/airflow/dags/helloworld.py
Traceback (most recent call last):
  File "/home/airflow/.local/lib/python3.6/site-packages/airflow/models/dagbag.py", line 305, in _load_modules_from_file
    loader.exec_module(new_module)
  File "<frozen importlib._bootstrap_external>", line 678, in exec_module
  File "<frozen importlib._bootstrap>", line 219, in _call_with_frames_removed
  File "/opt/airflow/dags/helloworld.py", line 3, in <module>
    from airflow.operators.bash_operators import BashOperator
ModuleNotFoundError: No module named 'airflow.operators.bash_operators'
[2021-05-06 12:53:15,144] {scheduler_job.py:641} WARNING - No viable dags retrieved from /opt/airflow/dags/helloworld.py
[2021-05-06 12:53:15,187] {scheduler_job.py:190} INFO - Processing /opt/airflow/dags/helloworld.py took 0.075 seconds
[2021-05-06 12:53:45,678] {scheduler_job.py:182} INFO - Started process (PID=116) to work on /opt/airflow/dags/helloworld.py
[2021-05-06 12:53:45,681] {scheduler_job.py:629} INFO - Processing file /opt/airflow/dags/helloworld.py for tasks to queue
[2021-05-06 12:53:45,684] {logging_mixin.py:104} INFO - [2021-05-06 12:53:45,684] {dagbag.py:451} INFO - Filling up the DagBag from /opt/airflow/dags/helloworld.py
[2021-05-06 12:53:45,699] {logging_mixin.py:104} INFO - [2021-05-06 12:53:45,696] {dagbag.py:308} ERROR - Failed to import: /opt/airflow/dags/helloworld.py
Traceback (most recent call last):
  File "/home/airflow/.local/lib/python3.6/site-packages/airflow/models/dagbag.py", line 305, in _load_modules_from_file
    loader.exec_module(new_module)
  File "<frozen importlib._bootstrap_external>", line 678, in exec_module
  File "<frozen importlib._bootstrap>", line 219, in _call_with_frames_removed
  File "/opt/airflow/dags/helloworld.py", line 3, in <module>
    from airflow.operators.bash_operators import BashOperator
ModuleNotFoundError: No module named 'airflow.operators.bash_operators'
[2021-05-06 12:53:45,703] {scheduler_job.py:641} WARNING - No viable dags retrieved from /opt/airflow/dags/helloworld.py
[2021-05-06 12:53:45,746] {scheduler_job.py:190} INFO - Processing /opt/airflow/dags/helloworld.py took 0.075 seconds
[2021-05-06 12:54:16,101] {scheduler_job.py:182} INFO - Started process (PID=143) to work on /opt/airflow/dags/helloworld.py
[2021-05-06 12:54:16,104] {scheduler_job.py:629} INFO - Processing file /opt/airflow/dags/helloworld.py for tasks to queue
[2021-05-06 12:54:16,106] {logging_mixin.py:104} INFO - [2021-05-06 12:54:16,106] {dagbag.py:451} INFO - Filling up the DagBag from /opt/airflow/dags/helloworld.py
[2021-05-06 12:54:16,120] {logging_mixin.py:104} INFO - [2021-05-06 12:54:16,116] {dagbag.py:308} ERROR - Failed to import: /opt/airflow/dags/helloworld.py
Traceback (most recent call last):
  File "/home/airflow/.local/lib/python3.6/site-packages/airflow/models/dagbag.py", line 305, in _load_modules_from_file
    loader.exec_module(new_module)
  File "<frozen importlib._bootstrap_external>", line 678, in exec_module
  File "<frozen importlib._bootstrap>", line 219, in _call_with_frames_removed
  File "/opt/airflow/dags/helloworld.py", line 3, in <module>
    from airflow.operators.bash_operators import BashOperator
ModuleNotFoundError: No module named 'airflow.operators.bash_operators'
[2021-05-06 12:54:16,123] {scheduler_job.py:641} WARNING - No viable dags retrieved from /opt/airflow/dags/helloworld.py
[2021-05-06 12:54:16,158] {scheduler_job.py:190} INFO - Processing /opt/airflow/dags/helloworld.py took 0.062 seconds
[2021-05-06 12:54:57,696] {scheduler_job.py:182} INFO - Started process (PID=45) to work on /opt/airflow/dags/helloworld.py
[2021-05-06 12:54:57,705] {scheduler_job.py:629} INFO - Processing file /opt/airflow/dags/helloworld.py for tasks to queue
[2021-05-06 12:54:57,709] {logging_mixin.py:104} INFO - [2021-05-06 12:54:57,709] {dagbag.py:451} INFO - Filling up the DagBag from /opt/airflow/dags/helloworld.py
[2021-05-06 12:54:57,802] {scheduler_job.py:639} INFO - DAG(s) dict_keys(['helloworld_dag']) retrieved from /opt/airflow/dags/helloworld.py
[2021-05-06 12:54:57,874] {logging_mixin.py:104} INFO - [2021-05-06 12:54:57,874] {dag.py:1824} INFO - Sync 1 DAGs
[2021-05-06 12:54:57,895] {logging_mixin.py:104} INFO - [2021-05-06 12:54:57,895] {dag.py:1843} INFO - Creating ORM DAG for helloworld_dag
[2021-05-06 12:54:57,919] {logging_mixin.py:104} INFO - [2021-05-06 12:54:57,919] {dag.py:2280} INFO - Setting next_dagrun for helloworld_dag to 2021-05-05 00:00:00+00:00
[2021-05-06 12:54:57,950] {scheduler_job.py:190} INFO - Processing /opt/airflow/dags/helloworld.py took 0.270 seconds
[2021-05-06 12:55:28,586] {scheduler_job.py:182} INFO - Started process (PID=73) to work on /opt/airflow/dags/helloworld.py
[2021-05-06 12:55:28,590] {scheduler_job.py:629} INFO - Processing file /opt/airflow/dags/helloworld.py for tasks to queue
[2021-05-06 12:55:28,594] {logging_mixin.py:104} INFO - [2021-05-06 12:55:28,594] {dagbag.py:451} INFO - Filling up the DagBag from /opt/airflow/dags/helloworld.py
[2021-05-06 12:55:28,640] {scheduler_job.py:639} INFO - DAG(s) dict_keys(['helloworld_dag']) retrieved from /opt/airflow/dags/helloworld.py
[2021-05-06 12:55:28,699] {logging_mixin.py:104} INFO - [2021-05-06 12:55:28,699] {dag.py:1824} INFO - Sync 1 DAGs
[2021-05-06 12:55:28,758] {logging_mixin.py:104} INFO - [2021-05-06 12:55:28,758] {dag.py:2280} INFO - Setting next_dagrun for helloworld_dag to 2021-05-05 00:00:00+00:00
[2021-05-06 12:55:28,780] {scheduler_job.py:190} INFO - Processing /opt/airflow/dags/helloworld.py took 0.205 seconds
[2021-05-06 12:55:59,712] {scheduler_job.py:182} INFO - Started process (PID=102) to work on /opt/airflow/dags/helloworld.py
[2021-05-06 12:55:59,717] {scheduler_job.py:629} INFO - Processing file /opt/airflow/dags/helloworld.py for tasks to queue
[2021-05-06 12:55:59,721] {logging_mixin.py:104} INFO - [2021-05-06 12:55:59,720] {dagbag.py:451} INFO - Filling up the DagBag from /opt/airflow/dags/helloworld.py
[2021-05-06 12:55:59,753] {scheduler_job.py:639} INFO - DAG(s) dict_keys(['helloworld_dag']) retrieved from /opt/airflow/dags/helloworld.py
[2021-05-06 12:55:59,801] {logging_mixin.py:104} INFO - [2021-05-06 12:55:59,801] {dag.py:1824} INFO - Sync 1 DAGs
[2021-05-06 12:55:59,844] {logging_mixin.py:104} INFO - [2021-05-06 12:55:59,844] {dag.py:2280} INFO - Setting next_dagrun for helloworld_dag to 2021-05-05 00:00:00+00:00
[2021-05-06 12:55:59,860] {scheduler_job.py:190} INFO - Processing /opt/airflow/dags/helloworld.py took 0.156 seconds
[2021-05-06 12:56:30,115] {scheduler_job.py:182} INFO - Started process (PID=130) to work on /opt/airflow/dags/helloworld.py
[2021-05-06 12:56:30,117] {scheduler_job.py:629} INFO - Processing file /opt/airflow/dags/helloworld.py for tasks to queue
[2021-05-06 12:56:30,119] {logging_mixin.py:104} INFO - [2021-05-06 12:56:30,119] {dagbag.py:451} INFO - Filling up the DagBag from /opt/airflow/dags/helloworld.py
[2021-05-06 12:56:30,139] {scheduler_job.py:639} INFO - DAG(s) dict_keys(['helloworld_dag']) retrieved from /opt/airflow/dags/helloworld.py
[2021-05-06 12:56:30,172] {logging_mixin.py:104} INFO - [2021-05-06 12:56:30,172] {dag.py:1824} INFO - Sync 1 DAGs
[2021-05-06 12:56:30,202] {logging_mixin.py:104} INFO - [2021-05-06 12:56:30,202] {dag.py:2280} INFO - Setting next_dagrun for helloworld_dag to 2021-05-05 00:00:00+00:00
[2021-05-06 12:56:30,214] {scheduler_job.py:190} INFO - Processing /opt/airflow/dags/helloworld.py took 0.103 seconds
