[2021-05-07 04:57:35,885] {taskinstance.py:877} INFO - Dependencies all met for <TaskInstance: helloworld_dag.t1 2021-05-06T00:00:00+00:00 [queued]>
[2021-05-07 04:57:35,907] {taskinstance.py:877} INFO - Dependencies all met for <TaskInstance: helloworld_dag.t1 2021-05-06T00:00:00+00:00 [queued]>
[2021-05-07 04:57:35,908] {taskinstance.py:1068} INFO - 
--------------------------------------------------------------------------------
[2021-05-07 04:57:35,909] {taskinstance.py:1069} INFO - Starting attempt 1 of 1
[2021-05-07 04:57:35,910] {taskinstance.py:1070} INFO - 
--------------------------------------------------------------------------------
[2021-05-07 04:57:35,922] {taskinstance.py:1089} INFO - Executing <Task(BashOperator): t1> on 2021-05-06T00:00:00+00:00
[2021-05-07 04:57:35,927] {standard_task_runner.py:52} INFO - Started process 48 to run task
[2021-05-07 04:57:35,934] {standard_task_runner.py:76} INFO - Running: ['airflow', 'tasks', 'run', 'helloworld_dag', 't1', '2021-05-06T00:00:00+00:00', '--job-id', '103', '--pool', 'default_pool', '--raw', '--subdir', 'DAGS_FOLDER/helloworld.py', '--cfg-path', '/tmp/tmpfuqf99wt', '--error-file', '/tmp/tmponcnr4fz']
[2021-05-07 04:57:35,936] {standard_task_runner.py:77} INFO - Job 103: Subtask t1
[2021-05-07 04:57:36,002] {logging_mixin.py:104} INFO - Running <TaskInstance: helloworld_dag.t1 2021-05-06T00:00:00+00:00 [running]> on host 2900f64db589
[2021-05-07 04:57:36,060] {taskinstance.py:1283} INFO - Exporting the following env vars:
AIRFLOW_CTX_DAG_OWNER=airflow
AIRFLOW_CTX_DAG_ID=helloworld_dag
AIRFLOW_CTX_TASK_ID=t1
AIRFLOW_CTX_EXECUTION_DATE=2021-05-06T00:00:00+00:00
AIRFLOW_CTX_DAG_RUN_ID=scheduled__2021-05-06T00:00:00+00:00
[2021-05-07 04:57:36,061] {bash.py:135} INFO - Tmp dir root location: 
 /tmp
[2021-05-07 04:57:36,063] {bash.py:158} INFO - Running command: echo hello
[2021-05-07 04:57:36,074] {bash.py:169} INFO - Output:
[2021-05-07 04:57:36,076] {bash.py:173} INFO - hello
[2021-05-07 04:57:36,077] {bash.py:177} INFO - Command exited with return code 0
[2021-05-07 04:57:36,112] {taskinstance.py:1192} INFO - Marking task as SUCCESS. dag_id=helloworld_dag, task_id=t1, execution_date=20210506T000000, start_date=20210507T045735, end_date=20210507T045736
[2021-05-07 04:57:36,149] {taskinstance.py:1246} INFO - 0 downstream tasks scheduled from follow-on schedule check
[2021-05-07 04:57:36,191] {local_task_job.py:146} INFO - Task exited with return code 0
