[2021-05-09 06:10:37,831] {taskinstance.py:877} INFO - Dependencies all met for <TaskInstance: helloworld_dag.t3 2021-05-09T06:10:34.343382+00:00 [queued]>
[2021-05-09 06:10:37,851] {taskinstance.py:877} INFO - Dependencies all met for <TaskInstance: helloworld_dag.t3 2021-05-09T06:10:34.343382+00:00 [queued]>
[2021-05-09 06:10:37,853] {taskinstance.py:1068} INFO - 
--------------------------------------------------------------------------------
[2021-05-09 06:10:37,855] {taskinstance.py:1069} INFO - Starting attempt 1 of 1
[2021-05-09 06:10:37,856] {taskinstance.py:1070} INFO - 
--------------------------------------------------------------------------------
[2021-05-09 06:10:37,882] {taskinstance.py:1089} INFO - Executing <Task(BashOperator): t3> on 2021-05-09T06:10:34.343382+00:00
[2021-05-09 06:10:37,889] {standard_task_runner.py:52} INFO - Started process 67 to run task
[2021-05-09 06:10:37,896] {standard_task_runner.py:76} INFO - Running: ['airflow', 'tasks', 'run', 'helloworld_dag', 't3', '2021-05-09T06:10:34.343382+00:00', '--job-id', '124', '--pool', 'default_pool', '--raw', '--subdir', 'DAGS_FOLDER/helloworld.py', '--cfg-path', '/tmp/tmpymok8k83', '--error-file', '/tmp/tmpx1i6kvuy']
[2021-05-09 06:10:37,899] {standard_task_runner.py:77} INFO - Job 124: Subtask t3
[2021-05-09 06:10:37,971] {logging_mixin.py:104} INFO - Running <TaskInstance: helloworld_dag.t3 2021-05-09T06:10:34.343382+00:00 [running]> on host 2900f64db589
[2021-05-09 06:10:38,035] {taskinstance.py:1283} INFO - Exporting the following env vars:
AIRFLOW_CTX_DAG_OWNER=airflow
AIRFLOW_CTX_DAG_ID=helloworld_dag
AIRFLOW_CTX_TASK_ID=t3
AIRFLOW_CTX_EXECUTION_DATE=2021-05-09T06:10:34.343382+00:00
AIRFLOW_CTX_DAG_RUN_ID=manual__2021-05-09T06:10:34.343382+00:00
[2021-05-09 06:10:38,038] {bash.py:135} INFO - Tmp dir root location: 
 /tmp
[2021-05-09 06:10:38,041] {bash.py:158} INFO - Running command: echo t3
[2021-05-09 06:10:38,054] {bash.py:169} INFO - Output:
[2021-05-09 06:10:38,056] {bash.py:173} INFO - t3
[2021-05-09 06:10:38,057] {bash.py:177} INFO - Command exited with return code 0
[2021-05-09 06:10:38,098] {taskinstance.py:1192} INFO - Marking task as SUCCESS. dag_id=helloworld_dag, task_id=t3, execution_date=20210509T061034, start_date=20210509T061037, end_date=20210509T061038
[2021-05-09 06:10:38,140] {taskinstance.py:1246} INFO - 1 downstream tasks scheduled from follow-on schedule check
[2021-05-09 06:10:38,156] {local_task_job.py:146} INFO - Task exited with return code 0
