[2021-05-07 05:04:29,931] {taskinstance.py:877} INFO - Dependencies all met for <TaskInstance: helloworld_dag.t2 2021-05-07T05:04:21.178675+00:00 [queued]>
[2021-05-07 05:04:30,076] {taskinstance.py:877} INFO - Dependencies all met for <TaskInstance: helloworld_dag.t2 2021-05-07T05:04:21.178675+00:00 [queued]>
[2021-05-07 05:04:30,083] {taskinstance.py:1068} INFO - 
--------------------------------------------------------------------------------
[2021-05-07 05:04:30,088] {taskinstance.py:1069} INFO - Starting attempt 1 of 1
[2021-05-07 05:04:30,094] {taskinstance.py:1070} INFO - 
--------------------------------------------------------------------------------
[2021-05-07 05:04:30,195] {taskinstance.py:1089} INFO - Executing <Task(BashOperator): t2> on 2021-05-07T05:04:21.178675+00:00
[2021-05-07 05:04:30,242] {standard_task_runner.py:52} INFO - Started process 56 to run task
[2021-05-07 05:04:30,276] {standard_task_runner.py:76} INFO - Running: ['airflow', 'tasks', 'run', 'helloworld_dag', 't2', '2021-05-07T05:04:21.178675+00:00', '--job-id', '106', '--pool', 'default_pool', '--raw', '--subdir', 'DAGS_FOLDER/helloworld.py', '--cfg-path', '/tmp/tmp2bsfz69c', '--error-file', '/tmp/tmpic0zlj92']
[2021-05-07 05:04:30,300] {standard_task_runner.py:77} INFO - Job 106: Subtask t2
[2021-05-07 05:04:30,897] {logging_mixin.py:104} INFO - Running <TaskInstance: helloworld_dag.t2 2021-05-07T05:04:21.178675+00:00 [running]> on host 2900f64db589
[2021-05-07 05:04:31,549] {taskinstance.py:1283} INFO - Exporting the following env vars:
AIRFLOW_CTX_DAG_OWNER=airflow
AIRFLOW_CTX_DAG_ID=helloworld_dag
AIRFLOW_CTX_TASK_ID=t2
AIRFLOW_CTX_EXECUTION_DATE=2021-05-07T05:04:21.178675+00:00
AIRFLOW_CTX_DAG_RUN_ID=manual__2021-05-07T05:04:21.178675+00:00
[2021-05-07 05:04:31,563] {bash.py:135} INFO - Tmp dir root location: 
 /tmp
[2021-05-07 05:04:31,576] {bash.py:158} INFO - Running command: echo t2
[2021-05-07 05:04:31,686] {bash.py:169} INFO - Output:
[2021-05-07 05:04:31,716] {bash.py:173} INFO - t2
[2021-05-07 05:04:31,723] {bash.py:177} INFO - Command exited with return code 0
[2021-05-07 05:04:32,103] {taskinstance.py:1192} INFO - Marking task as SUCCESS. dag_id=helloworld_dag, task_id=t2, execution_date=20210507T050421, start_date=20210507T050429, end_date=20210507T050432
[2021-05-07 05:04:32,534] {taskinstance.py:1246} INFO - 0 downstream tasks scheduled from follow-on schedule check
[2021-05-07 05:04:32,699] {local_task_job.py:146} INFO - Task exited with return code 0
