[2021-05-07 05:04:24,663] {taskinstance.py:877} INFO - Dependencies all met for <TaskInstance: helloworld_dag.t1 2021-05-07T05:04:21.178675+00:00 [queued]>
[2021-05-07 05:04:24,747] {taskinstance.py:877} INFO - Dependencies all met for <TaskInstance: helloworld_dag.t1 2021-05-07T05:04:21.178675+00:00 [queued]>
[2021-05-07 05:04:24,751] {taskinstance.py:1068} INFO - 
--------------------------------------------------------------------------------
[2021-05-07 05:04:24,756] {taskinstance.py:1069} INFO - Starting attempt 1 of 1
[2021-05-07 05:04:24,761] {taskinstance.py:1070} INFO - 
--------------------------------------------------------------------------------
[2021-05-07 05:04:24,809] {taskinstance.py:1089} INFO - Executing <Task(BashOperator): t1> on 2021-05-07T05:04:21.178675+00:00
[2021-05-07 05:04:24,831] {standard_task_runner.py:52} INFO - Started process 51 to run task
[2021-05-07 05:04:24,857] {standard_task_runner.py:76} INFO - Running: ['airflow', 'tasks', 'run', 'helloworld_dag', 't1', '2021-05-07T05:04:21.178675+00:00', '--job-id', '104', '--pool', 'default_pool', '--raw', '--subdir', 'DAGS_FOLDER/helloworld.py', '--cfg-path', '/tmp/tmpu9r0tn65', '--error-file', '/tmp/tmpps4d193x']
[2021-05-07 05:04:24,863] {standard_task_runner.py:77} INFO - Job 104: Subtask t1
[2021-05-07 05:04:25,138] {logging_mixin.py:104} INFO - Running <TaskInstance: helloworld_dag.t1 2021-05-07T05:04:21.178675+00:00 [running]> on host 2900f64db589
[2021-05-07 05:04:25,383] {taskinstance.py:1283} INFO - Exporting the following env vars:
AIRFLOW_CTX_DAG_OWNER=airflow
AIRFLOW_CTX_DAG_ID=helloworld_dag
AIRFLOW_CTX_TASK_ID=t1
AIRFLOW_CTX_EXECUTION_DATE=2021-05-07T05:04:21.178675+00:00
AIRFLOW_CTX_DAG_RUN_ID=manual__2021-05-07T05:04:21.178675+00:00
[2021-05-07 05:04:25,393] {bash.py:135} INFO - Tmp dir root location: 
 /tmp
[2021-05-07 05:04:25,404] {bash.py:158} INFO - Running command: echo hello
[2021-05-07 05:04:25,464] {bash.py:169} INFO - Output:
[2021-05-07 05:04:25,470] {bash.py:173} INFO - hello
[2021-05-07 05:04:25,477] {bash.py:177} INFO - Command exited with return code 0
[2021-05-07 05:04:25,691] {taskinstance.py:1192} INFO - Marking task as SUCCESS. dag_id=helloworld_dag, task_id=t1, execution_date=20210507T050421, start_date=20210507T050424, end_date=20210507T050425
[2021-05-07 05:04:25,927] {taskinstance.py:1246} INFO - 0 downstream tasks scheduled from follow-on schedule check
[2021-05-07 05:04:25,991] {local_task_job.py:146} INFO - Task exited with return code 0
