[2021-05-08 06:59:49,349] {taskinstance.py:877} INFO - Dependencies all met for <TaskInstance: helloworld_dag.t3 2021-05-08T06:59:47.396482+00:00 [queued]>
[2021-05-08 06:59:49,381] {taskinstance.py:877} INFO - Dependencies all met for <TaskInstance: helloworld_dag.t3 2021-05-08T06:59:47.396482+00:00 [queued]>
[2021-05-08 06:59:49,382] {taskinstance.py:1068} INFO - 
--------------------------------------------------------------------------------
[2021-05-08 06:59:49,383] {taskinstance.py:1069} INFO - Starting attempt 1 of 1
[2021-05-08 06:59:49,384] {taskinstance.py:1070} INFO - 
--------------------------------------------------------------------------------
[2021-05-08 06:59:49,399] {taskinstance.py:1089} INFO - Executing <Task(BashOperator): t3> on 2021-05-08T06:59:47.396482+00:00
[2021-05-08 06:59:49,415] {standard_task_runner.py:76} INFO - Running: ['airflow', 'tasks', 'run', 'helloworld_dag', 't3', '2021-05-08T06:59:47.396482+00:00', '--job-id', '113', '--pool', 'default_pool', '--raw', '--subdir', 'DAGS_FOLDER/helloworld.py', '--cfg-path', '/tmp/tmpol0hxklj', '--error-file', '/tmp/tmp2cll5zwq']
[2021-05-08 06:59:49,417] {standard_task_runner.py:77} INFO - Job 113: Subtask t3
[2021-05-08 06:59:49,409] {standard_task_runner.py:52} INFO - Started process 51 to run task
[2021-05-08 06:59:49,495] {logging_mixin.py:104} INFO - Running <TaskInstance: helloworld_dag.t3 2021-05-08T06:59:47.396482+00:00 [running]> on host 2900f64db589
[2021-05-08 06:59:49,563] {taskinstance.py:1283} INFO - Exporting the following env vars:
AIRFLOW_CTX_DAG_OWNER=airflow
AIRFLOW_CTX_DAG_ID=helloworld_dag
AIRFLOW_CTX_TASK_ID=t3
AIRFLOW_CTX_EXECUTION_DATE=2021-05-08T06:59:47.396482+00:00
AIRFLOW_CTX_DAG_RUN_ID=manual__2021-05-08T06:59:47.396482+00:00
[2021-05-08 06:59:49,565] {bash.py:135} INFO - Tmp dir root location: 
 /tmp
[2021-05-08 06:59:49,569] {bash.py:158} INFO - Running command: echo t3
[2021-05-08 06:59:49,584] {bash.py:169} INFO - Output:
[2021-05-08 06:59:49,586] {bash.py:173} INFO - t3
[2021-05-08 06:59:49,588] {bash.py:177} INFO - Command exited with return code 0
[2021-05-08 06:59:49,634] {taskinstance.py:1192} INFO - Marking task as SUCCESS. dag_id=helloworld_dag, task_id=t3, execution_date=20210508T065947, start_date=20210508T065949, end_date=20210508T065949
[2021-05-08 06:59:49,679] {taskinstance.py:1246} INFO - 1 downstream tasks scheduled from follow-on schedule check
[2021-05-08 06:59:49,721] {local_task_job.py:146} INFO - Task exited with return code 0
