[2021-05-07 04:56:17,371] {scheduler_job.py:182} INFO - Started process (PID=45) to work on /home/airflow/.local/lib/python3.6/site-packages/airflow/example_dags/subdags/subdag.py
[2021-05-07 04:56:17,377] {scheduler_job.py:629} INFO - Processing file /home/airflow/.local/lib/python3.6/site-packages/airflow/example_dags/subdags/subdag.py for tasks to queue
[2021-05-07 04:56:17,382] {logging_mixin.py:104} INFO - [2021-05-07 04:56:17,381] {dagbag.py:451} INFO - Filling up the DagBag from /home/airflow/.local/lib/python3.6/site-packages/airflow/example_dags/subdags/subdag.py
[2021-05-07 04:56:17,390] {scheduler_job.py:641} WARNING - No viable dags retrieved from /home/airflow/.local/lib/python3.6/site-packages/airflow/example_dags/subdags/subdag.py
[2021-05-07 04:56:17,451] {scheduler_job.py:190} INFO - Processing /home/airflow/.local/lib/python3.6/site-packages/airflow/example_dags/subdags/subdag.py took 0.088 seconds
[2021-05-07 04:56:48,081] {scheduler_job.py:182} INFO - Started process (PID=71) to work on /home/airflow/.local/lib/python3.6/site-packages/airflow/example_dags/subdags/subdag.py
[2021-05-07 04:56:48,083] {scheduler_job.py:629} INFO - Processing file /home/airflow/.local/lib/python3.6/site-packages/airflow/example_dags/subdags/subdag.py for tasks to queue
[2021-05-07 04:56:48,086] {logging_mixin.py:104} INFO - [2021-05-07 04:56:48,085] {dagbag.py:451} INFO - Filling up the DagBag from /home/airflow/.local/lib/python3.6/site-packages/airflow/example_dags/subdags/subdag.py
[2021-05-07 04:56:48,090] {scheduler_job.py:641} WARNING - No viable dags retrieved from /home/airflow/.local/lib/python3.6/site-packages/airflow/example_dags/subdags/subdag.py
[2021-05-07 04:56:48,111] {scheduler_job.py:190} INFO - Processing /home/airflow/.local/lib/python3.6/site-packages/airflow/example_dags/subdags/subdag.py took 0.034 seconds
[2021-05-07 04:57:18,197] {scheduler_job.py:182} INFO - Started process (PID=97) to work on /home/airflow/.local/lib/python3.6/site-packages/airflow/example_dags/subdags/subdag.py
[2021-05-07 04:57:18,199] {scheduler_job.py:629} INFO - Processing file /home/airflow/.local/lib/python3.6/site-packages/airflow/example_dags/subdags/subdag.py for tasks to queue
[2021-05-07 04:57:18,201] {logging_mixin.py:104} INFO - [2021-05-07 04:57:18,201] {dagbag.py:451} INFO - Filling up the DagBag from /home/airflow/.local/lib/python3.6/site-packages/airflow/example_dags/subdags/subdag.py
[2021-05-07 04:57:18,206] {scheduler_job.py:641} WARNING - No viable dags retrieved from /home/airflow/.local/lib/python3.6/site-packages/airflow/example_dags/subdags/subdag.py
[2021-05-07 04:57:18,227] {scheduler_job.py:190} INFO - Processing /home/airflow/.local/lib/python3.6/site-packages/airflow/example_dags/subdags/subdag.py took 0.035 seconds
[2021-05-07 04:57:48,780] {scheduler_job.py:182} INFO - Started process (PID=119) to work on /home/airflow/.local/lib/python3.6/site-packages/airflow/example_dags/subdags/subdag.py
[2021-05-07 04:57:48,782] {scheduler_job.py:629} INFO - Processing file /home/airflow/.local/lib/python3.6/site-packages/airflow/example_dags/subdags/subdag.py for tasks to queue
[2021-05-07 04:57:48,783] {logging_mixin.py:104} INFO - [2021-05-07 04:57:48,783] {dagbag.py:451} INFO - Filling up the DagBag from /home/airflow/.local/lib/python3.6/site-packages/airflow/example_dags/subdags/subdag.py
[2021-05-07 04:57:48,787] {scheduler_job.py:641} WARNING - No viable dags retrieved from /home/airflow/.local/lib/python3.6/site-packages/airflow/example_dags/subdags/subdag.py
[2021-05-07 04:57:48,815] {scheduler_job.py:190} INFO - Processing /home/airflow/.local/lib/python3.6/site-packages/airflow/example_dags/subdags/subdag.py took 0.040 seconds
[2021-05-07 04:58:19,742] {scheduler_job.py:182} INFO - Started process (PID=146) to work on /home/airflow/.local/lib/python3.6/site-packages/airflow/example_dags/subdags/subdag.py
[2021-05-07 04:58:19,744] {scheduler_job.py:629} INFO - Processing file /home/airflow/.local/lib/python3.6/site-packages/airflow/example_dags/subdags/subdag.py for tasks to queue
[2021-05-07 04:58:19,746] {logging_mixin.py:104} INFO - [2021-05-07 04:58:19,746] {dagbag.py:451} INFO - Filling up the DagBag from /home/airflow/.local/lib/python3.6/site-packages/airflow/example_dags/subdags/subdag.py
[2021-05-07 04:58:19,750] {scheduler_job.py:641} WARNING - No viable dags retrieved from /home/airflow/.local/lib/python3.6/site-packages/airflow/example_dags/subdags/subdag.py
[2021-05-07 04:58:19,773] {scheduler_job.py:190} INFO - Processing /home/airflow/.local/lib/python3.6/site-packages/airflow/example_dags/subdags/subdag.py took 0.036 seconds
[2021-05-07 04:58:50,797] {scheduler_job.py:182} INFO - Started process (PID=174) to work on /home/airflow/.local/lib/python3.6/site-packages/airflow/example_dags/subdags/subdag.py
[2021-05-07 04:58:50,800] {scheduler_job.py:629} INFO - Processing file /home/airflow/.local/lib/python3.6/site-packages/airflow/example_dags/subdags/subdag.py for tasks to queue
[2021-05-07 04:58:50,802] {logging_mixin.py:104} INFO - [2021-05-07 04:58:50,802] {dagbag.py:451} INFO - Filling up the DagBag from /home/airflow/.local/lib/python3.6/site-packages/airflow/example_dags/subdags/subdag.py
[2021-05-07 04:58:50,806] {scheduler_job.py:641} WARNING - No viable dags retrieved from /home/airflow/.local/lib/python3.6/site-packages/airflow/example_dags/subdags/subdag.py
[2021-05-07 04:58:50,828] {scheduler_job.py:190} INFO - Processing /home/airflow/.local/lib/python3.6/site-packages/airflow/example_dags/subdags/subdag.py took 0.036 seconds
[2021-05-07 04:59:21,769] {scheduler_job.py:182} INFO - Started process (PID=205) to work on /home/airflow/.local/lib/python3.6/site-packages/airflow/example_dags/subdags/subdag.py
[2021-05-07 04:59:21,771] {scheduler_job.py:629} INFO - Processing file /home/airflow/.local/lib/python3.6/site-packages/airflow/example_dags/subdags/subdag.py for tasks to queue
[2021-05-07 04:59:21,773] {logging_mixin.py:104} INFO - [2021-05-07 04:59:21,773] {dagbag.py:451} INFO - Filling up the DagBag from /home/airflow/.local/lib/python3.6/site-packages/airflow/example_dags/subdags/subdag.py
[2021-05-07 04:59:21,777] {scheduler_job.py:641} WARNING - No viable dags retrieved from /home/airflow/.local/lib/python3.6/site-packages/airflow/example_dags/subdags/subdag.py
[2021-05-07 04:59:21,801] {scheduler_job.py:190} INFO - Processing /home/airflow/.local/lib/python3.6/site-packages/airflow/example_dags/subdags/subdag.py took 0.037 seconds
[2021-05-07 04:59:52,787] {scheduler_job.py:182} INFO - Started process (PID=234) to work on /home/airflow/.local/lib/python3.6/site-packages/airflow/example_dags/subdags/subdag.py
[2021-05-07 04:59:52,790] {scheduler_job.py:629} INFO - Processing file /home/airflow/.local/lib/python3.6/site-packages/airflow/example_dags/subdags/subdag.py for tasks to queue
[2021-05-07 04:59:52,792] {logging_mixin.py:104} INFO - [2021-05-07 04:59:52,791] {dagbag.py:451} INFO - Filling up the DagBag from /home/airflow/.local/lib/python3.6/site-packages/airflow/example_dags/subdags/subdag.py
[2021-05-07 04:59:52,795] {scheduler_job.py:641} WARNING - No viable dags retrieved from /home/airflow/.local/lib/python3.6/site-packages/airflow/example_dags/subdags/subdag.py
[2021-05-07 04:59:52,816] {scheduler_job.py:190} INFO - Processing /home/airflow/.local/lib/python3.6/site-packages/airflow/example_dags/subdags/subdag.py took 0.033 seconds
[2021-05-07 05:00:25,099] {scheduler_job.py:182} INFO - Started process (PID=261) to work on /home/airflow/.local/lib/python3.6/site-packages/airflow/example_dags/subdags/subdag.py
[2021-05-07 05:00:25,104] {scheduler_job.py:629} INFO - Processing file /home/airflow/.local/lib/python3.6/site-packages/airflow/example_dags/subdags/subdag.py for tasks to queue
[2021-05-07 05:00:25,108] {logging_mixin.py:104} INFO - [2021-05-07 05:00:25,107] {dagbag.py:451} INFO - Filling up the DagBag from /home/airflow/.local/lib/python3.6/site-packages/airflow/example_dags/subdags/subdag.py
[2021-05-07 05:00:25,117] {scheduler_job.py:641} WARNING - No viable dags retrieved from /home/airflow/.local/lib/python3.6/site-packages/airflow/example_dags/subdags/subdag.py
[2021-05-07 05:00:25,154] {scheduler_job.py:190} INFO - Processing /home/airflow/.local/lib/python3.6/site-packages/airflow/example_dags/subdags/subdag.py took 0.064 seconds
[2021-05-07 05:00:55,609] {scheduler_job.py:182} INFO - Started process (PID=287) to work on /home/airflow/.local/lib/python3.6/site-packages/airflow/example_dags/subdags/subdag.py
[2021-05-07 05:00:55,612] {scheduler_job.py:629} INFO - Processing file /home/airflow/.local/lib/python3.6/site-packages/airflow/example_dags/subdags/subdag.py for tasks to queue
[2021-05-07 05:00:55,614] {logging_mixin.py:104} INFO - [2021-05-07 05:00:55,614] {dagbag.py:451} INFO - Filling up the DagBag from /home/airflow/.local/lib/python3.6/site-packages/airflow/example_dags/subdags/subdag.py
[2021-05-07 05:00:55,619] {scheduler_job.py:641} WARNING - No viable dags retrieved from /home/airflow/.local/lib/python3.6/site-packages/airflow/example_dags/subdags/subdag.py
[2021-05-07 05:00:55,640] {scheduler_job.py:190} INFO - Processing /home/airflow/.local/lib/python3.6/site-packages/airflow/example_dags/subdags/subdag.py took 0.036 seconds
[2021-05-07 05:01:25,740] {scheduler_job.py:182} INFO - Started process (PID=313) to work on /home/airflow/.local/lib/python3.6/site-packages/airflow/example_dags/subdags/subdag.py
[2021-05-07 05:01:25,744] {scheduler_job.py:629} INFO - Processing file /home/airflow/.local/lib/python3.6/site-packages/airflow/example_dags/subdags/subdag.py for tasks to queue
[2021-05-07 05:01:25,746] {logging_mixin.py:104} INFO - [2021-05-07 05:01:25,745] {dagbag.py:451} INFO - Filling up the DagBag from /home/airflow/.local/lib/python3.6/site-packages/airflow/example_dags/subdags/subdag.py
[2021-05-07 05:01:25,751] {scheduler_job.py:641} WARNING - No viable dags retrieved from /home/airflow/.local/lib/python3.6/site-packages/airflow/example_dags/subdags/subdag.py
[2021-05-07 05:01:25,784] {scheduler_job.py:190} INFO - Processing /home/airflow/.local/lib/python3.6/site-packages/airflow/example_dags/subdags/subdag.py took 0.051 seconds
[2021-05-07 05:01:56,274] {scheduler_job.py:182} INFO - Started process (PID=339) to work on /home/airflow/.local/lib/python3.6/site-packages/airflow/example_dags/subdags/subdag.py
[2021-05-07 05:01:56,279] {scheduler_job.py:629} INFO - Processing file /home/airflow/.local/lib/python3.6/site-packages/airflow/example_dags/subdags/subdag.py for tasks to queue
[2021-05-07 05:01:56,282] {logging_mixin.py:104} INFO - [2021-05-07 05:01:56,282] {dagbag.py:451} INFO - Filling up the DagBag from /home/airflow/.local/lib/python3.6/site-packages/airflow/example_dags/subdags/subdag.py
[2021-05-07 05:01:56,291] {scheduler_job.py:641} WARNING - No viable dags retrieved from /home/airflow/.local/lib/python3.6/site-packages/airflow/example_dags/subdags/subdag.py
[2021-05-07 05:01:56,330] {scheduler_job.py:190} INFO - Processing /home/airflow/.local/lib/python3.6/site-packages/airflow/example_dags/subdags/subdag.py took 0.064 seconds
[2021-05-07 05:02:30,864] {scheduler_job.py:182} INFO - Started process (PID=369) to work on /home/airflow/.local/lib/python3.6/site-packages/airflow/example_dags/subdags/subdag.py
[2021-05-07 05:02:30,878] {scheduler_job.py:629} INFO - Processing file /home/airflow/.local/lib/python3.6/site-packages/airflow/example_dags/subdags/subdag.py for tasks to queue
[2021-05-07 05:02:30,884] {logging_mixin.py:104} INFO - [2021-05-07 05:02:30,883] {dagbag.py:451} INFO - Filling up the DagBag from /home/airflow/.local/lib/python3.6/site-packages/airflow/example_dags/subdags/subdag.py
[2021-05-07 05:02:30,906] {scheduler_job.py:641} WARNING - No viable dags retrieved from /home/airflow/.local/lib/python3.6/site-packages/airflow/example_dags/subdags/subdag.py
[2021-05-07 05:02:31,007] {scheduler_job.py:190} INFO - Processing /home/airflow/.local/lib/python3.6/site-packages/airflow/example_dags/subdags/subdag.py took 0.159 seconds
[2021-05-07 05:03:06,688] {scheduler_job.py:182} INFO - Started process (PID=397) to work on /home/airflow/.local/lib/python3.6/site-packages/airflow/example_dags/subdags/subdag.py
[2021-05-07 05:03:06,713] {scheduler_job.py:629} INFO - Processing file /home/airflow/.local/lib/python3.6/site-packages/airflow/example_dags/subdags/subdag.py for tasks to queue
[2021-05-07 05:03:06,740] {logging_mixin.py:104} INFO - [2021-05-07 05:03:06,728] {dagbag.py:451} INFO - Filling up the DagBag from /home/airflow/.local/lib/python3.6/site-packages/airflow/example_dags/subdags/subdag.py
[2021-05-07 05:03:06,800] {scheduler_job.py:641} WARNING - No viable dags retrieved from /home/airflow/.local/lib/python3.6/site-packages/airflow/example_dags/subdags/subdag.py
[2021-05-07 05:03:07,076] {scheduler_job.py:190} INFO - Processing /home/airflow/.local/lib/python3.6/site-packages/airflow/example_dags/subdags/subdag.py took 0.451 seconds
[2021-05-07 05:03:37,488] {scheduler_job.py:182} INFO - Started process (PID=424) to work on /home/airflow/.local/lib/python3.6/site-packages/airflow/example_dags/subdags/subdag.py
[2021-05-07 05:03:37,508] {scheduler_job.py:629} INFO - Processing file /home/airflow/.local/lib/python3.6/site-packages/airflow/example_dags/subdags/subdag.py for tasks to queue
[2021-05-07 05:03:37,517] {logging_mixin.py:104} INFO - [2021-05-07 05:03:37,516] {dagbag.py:451} INFO - Filling up the DagBag from /home/airflow/.local/lib/python3.6/site-packages/airflow/example_dags/subdags/subdag.py
[2021-05-07 05:03:37,543] {scheduler_job.py:641} WARNING - No viable dags retrieved from /home/airflow/.local/lib/python3.6/site-packages/airflow/example_dags/subdags/subdag.py
[2021-05-07 05:03:37,671] {scheduler_job.py:190} INFO - Processing /home/airflow/.local/lib/python3.6/site-packages/airflow/example_dags/subdags/subdag.py took 0.205 seconds
[2021-05-07 05:04:07,911] {scheduler_job.py:182} INFO - Started process (PID=449) to work on /home/airflow/.local/lib/python3.6/site-packages/airflow/example_dags/subdags/subdag.py
[2021-05-07 05:04:07,925] {scheduler_job.py:629} INFO - Processing file /home/airflow/.local/lib/python3.6/site-packages/airflow/example_dags/subdags/subdag.py for tasks to queue
[2021-05-07 05:04:07,933] {logging_mixin.py:104} INFO - [2021-05-07 05:04:07,932] {dagbag.py:451} INFO - Filling up the DagBag from /home/airflow/.local/lib/python3.6/site-packages/airflow/example_dags/subdags/subdag.py
[2021-05-07 05:04:07,955] {scheduler_job.py:641} WARNING - No viable dags retrieved from /home/airflow/.local/lib/python3.6/site-packages/airflow/example_dags/subdags/subdag.py
[2021-05-07 05:04:08,085] {scheduler_job.py:190} INFO - Processing /home/airflow/.local/lib/python3.6/site-packages/airflow/example_dags/subdags/subdag.py took 0.196 seconds
[2021-05-07 05:04:38,583] {scheduler_job.py:182} INFO - Started process (PID=481) to work on /home/airflow/.local/lib/python3.6/site-packages/airflow/example_dags/subdags/subdag.py
[2021-05-07 05:04:38,593] {scheduler_job.py:629} INFO - Processing file /home/airflow/.local/lib/python3.6/site-packages/airflow/example_dags/subdags/subdag.py for tasks to queue
[2021-05-07 05:04:38,601] {logging_mixin.py:104} INFO - [2021-05-07 05:04:38,600] {dagbag.py:451} INFO - Filling up the DagBag from /home/airflow/.local/lib/python3.6/site-packages/airflow/example_dags/subdags/subdag.py
[2021-05-07 05:04:38,625] {scheduler_job.py:641} WARNING - No viable dags retrieved from /home/airflow/.local/lib/python3.6/site-packages/airflow/example_dags/subdags/subdag.py
[2021-05-07 05:04:38,749] {scheduler_job.py:190} INFO - Processing /home/airflow/.local/lib/python3.6/site-packages/airflow/example_dags/subdags/subdag.py took 0.191 seconds
[2021-05-07 05:05:09,036] {scheduler_job.py:182} INFO - Started process (PID=508) to work on /home/airflow/.local/lib/python3.6/site-packages/airflow/example_dags/subdags/subdag.py
[2021-05-07 05:05:09,045] {scheduler_job.py:629} INFO - Processing file /home/airflow/.local/lib/python3.6/site-packages/airflow/example_dags/subdags/subdag.py for tasks to queue
[2021-05-07 05:05:09,061] {logging_mixin.py:104} INFO - [2021-05-07 05:05:09,061] {dagbag.py:451} INFO - Filling up the DagBag from /home/airflow/.local/lib/python3.6/site-packages/airflow/example_dags/subdags/subdag.py
[2021-05-07 05:05:09,089] {scheduler_job.py:641} WARNING - No viable dags retrieved from /home/airflow/.local/lib/python3.6/site-packages/airflow/example_dags/subdags/subdag.py
[2021-05-07 05:05:09,194] {scheduler_job.py:190} INFO - Processing /home/airflow/.local/lib/python3.6/site-packages/airflow/example_dags/subdags/subdag.py took 0.186 seconds
[2021-05-07 05:05:39,321] {scheduler_job.py:182} INFO - Started process (PID=535) to work on /home/airflow/.local/lib/python3.6/site-packages/airflow/example_dags/subdags/subdag.py
[2021-05-07 05:05:39,328] {scheduler_job.py:629} INFO - Processing file /home/airflow/.local/lib/python3.6/site-packages/airflow/example_dags/subdags/subdag.py for tasks to queue
[2021-05-07 05:05:39,333] {logging_mixin.py:104} INFO - [2021-05-07 05:05:39,332] {dagbag.py:451} INFO - Filling up the DagBag from /home/airflow/.local/lib/python3.6/site-packages/airflow/example_dags/subdags/subdag.py
[2021-05-07 05:05:39,346] {scheduler_job.py:641} WARNING - No viable dags retrieved from /home/airflow/.local/lib/python3.6/site-packages/airflow/example_dags/subdags/subdag.py
[2021-05-07 05:05:39,425] {scheduler_job.py:190} INFO - Processing /home/airflow/.local/lib/python3.6/site-packages/airflow/example_dags/subdags/subdag.py took 0.123 seconds
[2021-05-07 05:06:09,742] {scheduler_job.py:182} INFO - Started process (PID=562) to work on /home/airflow/.local/lib/python3.6/site-packages/airflow/example_dags/subdags/subdag.py
[2021-05-07 05:06:09,746] {scheduler_job.py:629} INFO - Processing file /home/airflow/.local/lib/python3.6/site-packages/airflow/example_dags/subdags/subdag.py for tasks to queue
[2021-05-07 05:06:09,749] {logging_mixin.py:104} INFO - [2021-05-07 05:06:09,748] {dagbag.py:451} INFO - Filling up the DagBag from /home/airflow/.local/lib/python3.6/site-packages/airflow/example_dags/subdags/subdag.py
[2021-05-07 05:06:09,759] {scheduler_job.py:641} WARNING - No viable dags retrieved from /home/airflow/.local/lib/python3.6/site-packages/airflow/example_dags/subdags/subdag.py
[2021-05-07 05:06:09,793] {scheduler_job.py:190} INFO - Processing /home/airflow/.local/lib/python3.6/site-packages/airflow/example_dags/subdags/subdag.py took 0.058 seconds
[2021-05-07 05:06:40,399] {scheduler_job.py:182} INFO - Started process (PID=589) to work on /home/airflow/.local/lib/python3.6/site-packages/airflow/example_dags/subdags/subdag.py
[2021-05-07 05:06:40,404] {scheduler_job.py:629} INFO - Processing file /home/airflow/.local/lib/python3.6/site-packages/airflow/example_dags/subdags/subdag.py for tasks to queue
[2021-05-07 05:06:40,407] {logging_mixin.py:104} INFO - [2021-05-07 05:06:40,407] {dagbag.py:451} INFO - Filling up the DagBag from /home/airflow/.local/lib/python3.6/site-packages/airflow/example_dags/subdags/subdag.py
[2021-05-07 05:06:40,414] {scheduler_job.py:641} WARNING - No viable dags retrieved from /home/airflow/.local/lib/python3.6/site-packages/airflow/example_dags/subdags/subdag.py
[2021-05-07 05:06:40,447] {scheduler_job.py:190} INFO - Processing /home/airflow/.local/lib/python3.6/site-packages/airflow/example_dags/subdags/subdag.py took 0.055 seconds
[2021-05-07 05:07:10,746] {scheduler_job.py:182} INFO - Started process (PID=616) to work on /home/airflow/.local/lib/python3.6/site-packages/airflow/example_dags/subdags/subdag.py
[2021-05-07 05:07:10,748] {scheduler_job.py:629} INFO - Processing file /home/airflow/.local/lib/python3.6/site-packages/airflow/example_dags/subdags/subdag.py for tasks to queue
[2021-05-07 05:07:10,750] {logging_mixin.py:104} INFO - [2021-05-07 05:07:10,750] {dagbag.py:451} INFO - Filling up the DagBag from /home/airflow/.local/lib/python3.6/site-packages/airflow/example_dags/subdags/subdag.py
[2021-05-07 05:07:10,756] {scheduler_job.py:641} WARNING - No viable dags retrieved from /home/airflow/.local/lib/python3.6/site-packages/airflow/example_dags/subdags/subdag.py
[2021-05-07 05:07:10,781] {scheduler_job.py:190} INFO - Processing /home/airflow/.local/lib/python3.6/site-packages/airflow/example_dags/subdags/subdag.py took 0.041 seconds
[2021-05-07 05:07:41,099] {scheduler_job.py:182} INFO - Started process (PID=643) to work on /home/airflow/.local/lib/python3.6/site-packages/airflow/example_dags/subdags/subdag.py
[2021-05-07 05:07:41,103] {scheduler_job.py:629} INFO - Processing file /home/airflow/.local/lib/python3.6/site-packages/airflow/example_dags/subdags/subdag.py for tasks to queue
[2021-05-07 05:07:41,106] {logging_mixin.py:104} INFO - [2021-05-07 05:07:41,105] {dagbag.py:451} INFO - Filling up the DagBag from /home/airflow/.local/lib/python3.6/site-packages/airflow/example_dags/subdags/subdag.py
[2021-05-07 05:07:41,112] {scheduler_job.py:641} WARNING - No viable dags retrieved from /home/airflow/.local/lib/python3.6/site-packages/airflow/example_dags/subdags/subdag.py
[2021-05-07 05:07:41,143] {scheduler_job.py:190} INFO - Processing /home/airflow/.local/lib/python3.6/site-packages/airflow/example_dags/subdags/subdag.py took 0.050 seconds
[2021-05-07 05:08:11,713] {scheduler_job.py:182} INFO - Started process (PID=670) to work on /home/airflow/.local/lib/python3.6/site-packages/airflow/example_dags/subdags/subdag.py
[2021-05-07 05:08:11,716] {scheduler_job.py:629} INFO - Processing file /home/airflow/.local/lib/python3.6/site-packages/airflow/example_dags/subdags/subdag.py for tasks to queue
[2021-05-07 05:08:11,720] {logging_mixin.py:104} INFO - [2021-05-07 05:08:11,719] {dagbag.py:451} INFO - Filling up the DagBag from /home/airflow/.local/lib/python3.6/site-packages/airflow/example_dags/subdags/subdag.py
[2021-05-07 05:08:11,729] {scheduler_job.py:641} WARNING - No viable dags retrieved from /home/airflow/.local/lib/python3.6/site-packages/airflow/example_dags/subdags/subdag.py
[2021-05-07 05:08:11,770] {scheduler_job.py:190} INFO - Processing /home/airflow/.local/lib/python3.6/site-packages/airflow/example_dags/subdags/subdag.py took 0.065 seconds
[2021-05-07 05:08:42,387] {scheduler_job.py:182} INFO - Started process (PID=697) to work on /home/airflow/.local/lib/python3.6/site-packages/airflow/example_dags/subdags/subdag.py
[2021-05-07 05:08:42,395] {scheduler_job.py:629} INFO - Processing file /home/airflow/.local/lib/python3.6/site-packages/airflow/example_dags/subdags/subdag.py for tasks to queue
[2021-05-07 05:08:42,399] {logging_mixin.py:104} INFO - [2021-05-07 05:08:42,399] {dagbag.py:451} INFO - Filling up the DagBag from /home/airflow/.local/lib/python3.6/site-packages/airflow/example_dags/subdags/subdag.py
[2021-05-07 05:08:42,417] {scheduler_job.py:641} WARNING - No viable dags retrieved from /home/airflow/.local/lib/python3.6/site-packages/airflow/example_dags/subdags/subdag.py
[2021-05-07 05:08:42,500] {scheduler_job.py:190} INFO - Processing /home/airflow/.local/lib/python3.6/site-packages/airflow/example_dags/subdags/subdag.py took 0.124 seconds
[2021-05-07 05:09:13,192] {scheduler_job.py:182} INFO - Started process (PID=724) to work on /home/airflow/.local/lib/python3.6/site-packages/airflow/example_dags/subdags/subdag.py
[2021-05-07 05:09:13,202] {scheduler_job.py:629} INFO - Processing file /home/airflow/.local/lib/python3.6/site-packages/airflow/example_dags/subdags/subdag.py for tasks to queue
[2021-05-07 05:09:13,210] {logging_mixin.py:104} INFO - [2021-05-07 05:09:13,209] {dagbag.py:451} INFO - Filling up the DagBag from /home/airflow/.local/lib/python3.6/site-packages/airflow/example_dags/subdags/subdag.py
[2021-05-07 05:09:13,233] {scheduler_job.py:641} WARNING - No viable dags retrieved from /home/airflow/.local/lib/python3.6/site-packages/airflow/example_dags/subdags/subdag.py
[2021-05-07 05:09:13,327] {scheduler_job.py:190} INFO - Processing /home/airflow/.local/lib/python3.6/site-packages/airflow/example_dags/subdags/subdag.py took 0.155 seconds
[2021-05-07 05:09:45,393] {scheduler_job.py:182} INFO - Started process (PID=751) to work on /home/airflow/.local/lib/python3.6/site-packages/airflow/example_dags/subdags/subdag.py
[2021-05-07 05:09:45,404] {scheduler_job.py:629} INFO - Processing file /home/airflow/.local/lib/python3.6/site-packages/airflow/example_dags/subdags/subdag.py for tasks to queue
[2021-05-07 05:09:45,412] {logging_mixin.py:104} INFO - [2021-05-07 05:09:45,411] {dagbag.py:451} INFO - Filling up the DagBag from /home/airflow/.local/lib/python3.6/site-packages/airflow/example_dags/subdags/subdag.py
[2021-05-07 05:09:45,441] {scheduler_job.py:641} WARNING - No viable dags retrieved from /home/airflow/.local/lib/python3.6/site-packages/airflow/example_dags/subdags/subdag.py
[2021-05-07 05:09:45,556] {scheduler_job.py:190} INFO - Processing /home/airflow/.local/lib/python3.6/site-packages/airflow/example_dags/subdags/subdag.py took 0.202 seconds
[2021-05-07 05:10:16,123] {scheduler_job.py:182} INFO - Started process (PID=777) to work on /home/airflow/.local/lib/python3.6/site-packages/airflow/example_dags/subdags/subdag.py
[2021-05-07 05:10:16,150] {scheduler_job.py:629} INFO - Processing file /home/airflow/.local/lib/python3.6/site-packages/airflow/example_dags/subdags/subdag.py for tasks to queue
[2021-05-07 05:10:16,160] {logging_mixin.py:104} INFO - [2021-05-07 05:10:16,159] {dagbag.py:451} INFO - Filling up the DagBag from /home/airflow/.local/lib/python3.6/site-packages/airflow/example_dags/subdags/subdag.py
[2021-05-07 05:10:16,208] {scheduler_job.py:641} WARNING - No viable dags retrieved from /home/airflow/.local/lib/python3.6/site-packages/airflow/example_dags/subdags/subdag.py
[2021-05-07 05:10:16,428] {scheduler_job.py:190} INFO - Processing /home/airflow/.local/lib/python3.6/site-packages/airflow/example_dags/subdags/subdag.py took 0.424 seconds
[2021-05-07 05:10:46,655] {scheduler_job.py:182} INFO - Started process (PID=803) to work on /home/airflow/.local/lib/python3.6/site-packages/airflow/example_dags/subdags/subdag.py
[2021-05-07 05:10:46,667] {scheduler_job.py:629} INFO - Processing file /home/airflow/.local/lib/python3.6/site-packages/airflow/example_dags/subdags/subdag.py for tasks to queue
[2021-05-07 05:10:46,678] {logging_mixin.py:104} INFO - [2021-05-07 05:10:46,677] {dagbag.py:451} INFO - Filling up the DagBag from /home/airflow/.local/lib/python3.6/site-packages/airflow/example_dags/subdags/subdag.py
[2021-05-07 05:10:46,702] {scheduler_job.py:641} WARNING - No viable dags retrieved from /home/airflow/.local/lib/python3.6/site-packages/airflow/example_dags/subdags/subdag.py
[2021-05-07 05:10:46,829] {scheduler_job.py:190} INFO - Processing /home/airflow/.local/lib/python3.6/site-packages/airflow/example_dags/subdags/subdag.py took 0.211 seconds
[2021-05-07 05:11:17,320] {scheduler_job.py:182} INFO - Started process (PID=828) to work on /home/airflow/.local/lib/python3.6/site-packages/airflow/example_dags/subdags/subdag.py
[2021-05-07 05:11:17,343] {scheduler_job.py:629} INFO - Processing file /home/airflow/.local/lib/python3.6/site-packages/airflow/example_dags/subdags/subdag.py for tasks to queue
[2021-05-07 05:11:17,353] {logging_mixin.py:104} INFO - [2021-05-07 05:11:17,352] {dagbag.py:451} INFO - Filling up the DagBag from /home/airflow/.local/lib/python3.6/site-packages/airflow/example_dags/subdags/subdag.py
[2021-05-07 05:11:17,383] {scheduler_job.py:641} WARNING - No viable dags retrieved from /home/airflow/.local/lib/python3.6/site-packages/airflow/example_dags/subdags/subdag.py
[2021-05-07 05:11:17,521] {scheduler_job.py:190} INFO - Processing /home/airflow/.local/lib/python3.6/site-packages/airflow/example_dags/subdags/subdag.py took 0.231 seconds
[2021-05-07 05:12:24,220] {scheduler_job.py:182} INFO - Started process (PID=861) to work on /home/airflow/.local/lib/python3.6/site-packages/airflow/example_dags/subdags/subdag.py
[2021-05-07 05:12:24,246] {scheduler_job.py:629} INFO - Processing file /home/airflow/.local/lib/python3.6/site-packages/airflow/example_dags/subdags/subdag.py for tasks to queue
[2021-05-07 05:12:24,286] {logging_mixin.py:104} INFO - [2021-05-07 05:12:24,270] {dagbag.py:451} INFO - Filling up the DagBag from /home/airflow/.local/lib/python3.6/site-packages/airflow/example_dags/subdags/subdag.py
[2021-05-07 05:12:24,448] {scheduler_job.py:641} WARNING - No viable dags retrieved from /home/airflow/.local/lib/python3.6/site-packages/airflow/example_dags/subdags/subdag.py
[2021-05-07 05:12:24,913] {scheduler_job.py:190} INFO - Processing /home/airflow/.local/lib/python3.6/site-packages/airflow/example_dags/subdags/subdag.py took 0.786 seconds
[2021-05-07 05:12:55,309] {scheduler_job.py:182} INFO - Started process (PID=888) to work on /home/airflow/.local/lib/python3.6/site-packages/airflow/example_dags/subdags/subdag.py
[2021-05-07 05:12:55,319] {scheduler_job.py:629} INFO - Processing file /home/airflow/.local/lib/python3.6/site-packages/airflow/example_dags/subdags/subdag.py for tasks to queue
[2021-05-07 05:12:55,326] {logging_mixin.py:104} INFO - [2021-05-07 05:12:55,325] {dagbag.py:451} INFO - Filling up the DagBag from /home/airflow/.local/lib/python3.6/site-packages/airflow/example_dags/subdags/subdag.py
[2021-05-07 05:12:55,352] {scheduler_job.py:641} WARNING - No viable dags retrieved from /home/airflow/.local/lib/python3.6/site-packages/airflow/example_dags/subdags/subdag.py
[2021-05-07 05:12:55,434] {scheduler_job.py:190} INFO - Processing /home/airflow/.local/lib/python3.6/site-packages/airflow/example_dags/subdags/subdag.py took 0.140 seconds
[2021-05-07 05:13:25,797] {scheduler_job.py:182} INFO - Started process (PID=915) to work on /home/airflow/.local/lib/python3.6/site-packages/airflow/example_dags/subdags/subdag.py
[2021-05-07 05:13:25,811] {scheduler_job.py:629} INFO - Processing file /home/airflow/.local/lib/python3.6/site-packages/airflow/example_dags/subdags/subdag.py for tasks to queue
[2021-05-07 05:13:25,817] {logging_mixin.py:104} INFO - [2021-05-07 05:13:25,817] {dagbag.py:451} INFO - Filling up the DagBag from /home/airflow/.local/lib/python3.6/site-packages/airflow/example_dags/subdags/subdag.py
[2021-05-07 05:13:25,831] {scheduler_job.py:641} WARNING - No viable dags retrieved from /home/airflow/.local/lib/python3.6/site-packages/airflow/example_dags/subdags/subdag.py
[2021-05-07 05:13:25,894] {scheduler_job.py:190} INFO - Processing /home/airflow/.local/lib/python3.6/site-packages/airflow/example_dags/subdags/subdag.py took 0.110 seconds
[2021-05-07 05:13:56,289] {scheduler_job.py:182} INFO - Started process (PID=942) to work on /home/airflow/.local/lib/python3.6/site-packages/airflow/example_dags/subdags/subdag.py
[2021-05-07 05:13:56,326] {scheduler_job.py:629} INFO - Processing file /home/airflow/.local/lib/python3.6/site-packages/airflow/example_dags/subdags/subdag.py for tasks to queue
[2021-05-07 05:13:56,338] {logging_mixin.py:104} INFO - [2021-05-07 05:13:56,336] {dagbag.py:451} INFO - Filling up the DagBag from /home/airflow/.local/lib/python3.6/site-packages/airflow/example_dags/subdags/subdag.py
[2021-05-07 05:13:56,361] {scheduler_job.py:641} WARNING - No viable dags retrieved from /home/airflow/.local/lib/python3.6/site-packages/airflow/example_dags/subdags/subdag.py
[2021-05-07 05:13:56,467] {scheduler_job.py:190} INFO - Processing /home/airflow/.local/lib/python3.6/site-packages/airflow/example_dags/subdags/subdag.py took 0.228 seconds
[2021-05-07 05:14:27,039] {scheduler_job.py:182} INFO - Started process (PID=969) to work on /home/airflow/.local/lib/python3.6/site-packages/airflow/example_dags/subdags/subdag.py
[2021-05-07 05:14:27,048] {scheduler_job.py:629} INFO - Processing file /home/airflow/.local/lib/python3.6/site-packages/airflow/example_dags/subdags/subdag.py for tasks to queue
[2021-05-07 05:14:27,059] {logging_mixin.py:104} INFO - [2021-05-07 05:14:27,059] {dagbag.py:451} INFO - Filling up the DagBag from /home/airflow/.local/lib/python3.6/site-packages/airflow/example_dags/subdags/subdag.py
[2021-05-07 05:14:27,082] {scheduler_job.py:641} WARNING - No viable dags retrieved from /home/airflow/.local/lib/python3.6/site-packages/airflow/example_dags/subdags/subdag.py
[2021-05-07 05:14:27,198] {scheduler_job.py:190} INFO - Processing /home/airflow/.local/lib/python3.6/site-packages/airflow/example_dags/subdags/subdag.py took 0.181 seconds
[2021-05-07 05:14:57,745] {scheduler_job.py:182} INFO - Started process (PID=996) to work on /home/airflow/.local/lib/python3.6/site-packages/airflow/example_dags/subdags/subdag.py
[2021-05-07 05:14:57,750] {scheduler_job.py:629} INFO - Processing file /home/airflow/.local/lib/python3.6/site-packages/airflow/example_dags/subdags/subdag.py for tasks to queue
[2021-05-07 05:14:57,753] {logging_mixin.py:104} INFO - [2021-05-07 05:14:57,753] {dagbag.py:451} INFO - Filling up the DagBag from /home/airflow/.local/lib/python3.6/site-packages/airflow/example_dags/subdags/subdag.py
[2021-05-07 05:14:57,763] {scheduler_job.py:641} WARNING - No viable dags retrieved from /home/airflow/.local/lib/python3.6/site-packages/airflow/example_dags/subdags/subdag.py
[2021-05-07 05:14:57,813] {scheduler_job.py:190} INFO - Processing /home/airflow/.local/lib/python3.6/site-packages/airflow/example_dags/subdags/subdag.py took 0.078 seconds
[2021-05-07 05:15:27,927] {scheduler_job.py:182} INFO - Started process (PID=1022) to work on /home/airflow/.local/lib/python3.6/site-packages/airflow/example_dags/subdags/subdag.py
[2021-05-07 05:15:27,930] {scheduler_job.py:629} INFO - Processing file /home/airflow/.local/lib/python3.6/site-packages/airflow/example_dags/subdags/subdag.py for tasks to queue
[2021-05-07 05:15:27,933] {logging_mixin.py:104} INFO - [2021-05-07 05:15:27,932] {dagbag.py:451} INFO - Filling up the DagBag from /home/airflow/.local/lib/python3.6/site-packages/airflow/example_dags/subdags/subdag.py
[2021-05-07 05:15:27,939] {scheduler_job.py:641} WARNING - No viable dags retrieved from /home/airflow/.local/lib/python3.6/site-packages/airflow/example_dags/subdags/subdag.py
[2021-05-07 05:15:27,967] {scheduler_job.py:190} INFO - Processing /home/airflow/.local/lib/python3.6/site-packages/airflow/example_dags/subdags/subdag.py took 0.052 seconds
[2021-05-07 05:15:58,862] {scheduler_job.py:182} INFO - Started process (PID=1050) to work on /home/airflow/.local/lib/python3.6/site-packages/airflow/example_dags/subdags/subdag.py
[2021-05-07 05:15:58,865] {scheduler_job.py:629} INFO - Processing file /home/airflow/.local/lib/python3.6/site-packages/airflow/example_dags/subdags/subdag.py for tasks to queue
[2021-05-07 05:15:58,866] {logging_mixin.py:104} INFO - [2021-05-07 05:15:58,866] {dagbag.py:451} INFO - Filling up the DagBag from /home/airflow/.local/lib/python3.6/site-packages/airflow/example_dags/subdags/subdag.py
[2021-05-07 05:15:58,871] {scheduler_job.py:641} WARNING - No viable dags retrieved from /home/airflow/.local/lib/python3.6/site-packages/airflow/example_dags/subdags/subdag.py
[2021-05-07 05:15:58,895] {scheduler_job.py:190} INFO - Processing /home/airflow/.local/lib/python3.6/site-packages/airflow/example_dags/subdags/subdag.py took 0.037 seconds
[2021-05-07 05:16:29,467] {scheduler_job.py:182} INFO - Started process (PID=1077) to work on /home/airflow/.local/lib/python3.6/site-packages/airflow/example_dags/subdags/subdag.py
[2021-05-07 05:16:29,469] {scheduler_job.py:629} INFO - Processing file /home/airflow/.local/lib/python3.6/site-packages/airflow/example_dags/subdags/subdag.py for tasks to queue
[2021-05-07 05:16:29,471] {logging_mixin.py:104} INFO - [2021-05-07 05:16:29,471] {dagbag.py:451} INFO - Filling up the DagBag from /home/airflow/.local/lib/python3.6/site-packages/airflow/example_dags/subdags/subdag.py
[2021-05-07 05:16:29,476] {scheduler_job.py:641} WARNING - No viable dags retrieved from /home/airflow/.local/lib/python3.6/site-packages/airflow/example_dags/subdags/subdag.py
[2021-05-07 05:16:29,498] {scheduler_job.py:190} INFO - Processing /home/airflow/.local/lib/python3.6/site-packages/airflow/example_dags/subdags/subdag.py took 0.036 seconds
[2021-05-07 05:17:00,078] {scheduler_job.py:182} INFO - Started process (PID=1104) to work on /home/airflow/.local/lib/python3.6/site-packages/airflow/example_dags/subdags/subdag.py
[2021-05-07 05:17:00,083] {scheduler_job.py:629} INFO - Processing file /home/airflow/.local/lib/python3.6/site-packages/airflow/example_dags/subdags/subdag.py for tasks to queue
[2021-05-07 05:17:00,086] {logging_mixin.py:104} INFO - [2021-05-07 05:17:00,086] {dagbag.py:451} INFO - Filling up the DagBag from /home/airflow/.local/lib/python3.6/site-packages/airflow/example_dags/subdags/subdag.py
[2021-05-07 05:17:00,094] {scheduler_job.py:641} WARNING - No viable dags retrieved from /home/airflow/.local/lib/python3.6/site-packages/airflow/example_dags/subdags/subdag.py
[2021-05-07 05:17:00,131] {scheduler_job.py:190} INFO - Processing /home/airflow/.local/lib/python3.6/site-packages/airflow/example_dags/subdags/subdag.py took 0.063 seconds
[2021-05-07 05:17:30,270] {scheduler_job.py:182} INFO - Started process (PID=1130) to work on /home/airflow/.local/lib/python3.6/site-packages/airflow/example_dags/subdags/subdag.py
[2021-05-07 05:17:30,282] {scheduler_job.py:629} INFO - Processing file /home/airflow/.local/lib/python3.6/site-packages/airflow/example_dags/subdags/subdag.py for tasks to queue
[2021-05-07 05:17:30,290] {logging_mixin.py:104} INFO - [2021-05-07 05:17:30,289] {dagbag.py:451} INFO - Filling up the DagBag from /home/airflow/.local/lib/python3.6/site-packages/airflow/example_dags/subdags/subdag.py
[2021-05-07 05:17:30,308] {scheduler_job.py:641} WARNING - No viable dags retrieved from /home/airflow/.local/lib/python3.6/site-packages/airflow/example_dags/subdags/subdag.py
[2021-05-07 05:17:30,400] {scheduler_job.py:190} INFO - Processing /home/airflow/.local/lib/python3.6/site-packages/airflow/example_dags/subdags/subdag.py took 0.147 seconds
[2021-05-07 05:18:08,096] {scheduler_job.py:182} INFO - Started process (PID=1158) to work on /home/airflow/.local/lib/python3.6/site-packages/airflow/example_dags/subdags/subdag.py
[2021-05-07 05:18:08,131] {scheduler_job.py:629} INFO - Processing file /home/airflow/.local/lib/python3.6/site-packages/airflow/example_dags/subdags/subdag.py for tasks to queue
[2021-05-07 05:18:08,176] {logging_mixin.py:104} INFO - [2021-05-07 05:18:08,163] {dagbag.py:451} INFO - Filling up the DagBag from /home/airflow/.local/lib/python3.6/site-packages/airflow/example_dags/subdags/subdag.py
[2021-05-07 05:18:08,280] {scheduler_job.py:641} WARNING - No viable dags retrieved from /home/airflow/.local/lib/python3.6/site-packages/airflow/example_dags/subdags/subdag.py
[2021-05-07 05:18:08,728] {scheduler_job.py:190} INFO - Processing /home/airflow/.local/lib/python3.6/site-packages/airflow/example_dags/subdags/subdag.py took 0.718 seconds
[2021-05-07 05:18:47,057] {scheduler_job.py:182} INFO - Started process (PID=1184) to work on /home/airflow/.local/lib/python3.6/site-packages/airflow/example_dags/subdags/subdag.py
[2021-05-07 05:18:47,103] {scheduler_job.py:629} INFO - Processing file /home/airflow/.local/lib/python3.6/site-packages/airflow/example_dags/subdags/subdag.py for tasks to queue
[2021-05-07 05:18:47,125] {logging_mixin.py:104} INFO - [2021-05-07 05:18:47,124] {dagbag.py:451} INFO - Filling up the DagBag from /home/airflow/.local/lib/python3.6/site-packages/airflow/example_dags/subdags/subdag.py
[2021-05-07 05:18:47,198] {scheduler_job.py:641} WARNING - No viable dags retrieved from /home/airflow/.local/lib/python3.6/site-packages/airflow/example_dags/subdags/subdag.py
[2021-05-07 05:18:47,485] {scheduler_job.py:190} INFO - Processing /home/airflow/.local/lib/python3.6/site-packages/airflow/example_dags/subdags/subdag.py took 0.495 seconds
[2021-05-07 05:19:23,280] {scheduler_job.py:182} INFO - Started process (PID=1211) to work on /home/airflow/.local/lib/python3.6/site-packages/airflow/example_dags/subdags/subdag.py
[2021-05-07 05:19:23,294] {scheduler_job.py:629} INFO - Processing file /home/airflow/.local/lib/python3.6/site-packages/airflow/example_dags/subdags/subdag.py for tasks to queue
[2021-05-07 05:19:23,333] {logging_mixin.py:104} INFO - [2021-05-07 05:19:23,322] {dagbag.py:451} INFO - Filling up the DagBag from /home/airflow/.local/lib/python3.6/site-packages/airflow/example_dags/subdags/subdag.py
[2021-05-07 05:19:23,373] {scheduler_job.py:641} WARNING - No viable dags retrieved from /home/airflow/.local/lib/python3.6/site-packages/airflow/example_dags/subdags/subdag.py
[2021-05-07 05:19:23,694] {scheduler_job.py:190} INFO - Processing /home/airflow/.local/lib/python3.6/site-packages/airflow/example_dags/subdags/subdag.py took 0.456 seconds
[2021-05-07 05:19:54,207] {scheduler_job.py:182} INFO - Started process (PID=1237) to work on /home/airflow/.local/lib/python3.6/site-packages/airflow/example_dags/subdags/subdag.py
[2021-05-07 05:19:54,227] {scheduler_job.py:629} INFO - Processing file /home/airflow/.local/lib/python3.6/site-packages/airflow/example_dags/subdags/subdag.py for tasks to queue
[2021-05-07 05:19:54,239] {logging_mixin.py:104} INFO - [2021-05-07 05:19:54,237] {dagbag.py:451} INFO - Filling up the DagBag from /home/airflow/.local/lib/python3.6/site-packages/airflow/example_dags/subdags/subdag.py
[2021-05-07 05:19:54,343] {scheduler_job.py:641} WARNING - No viable dags retrieved from /home/airflow/.local/lib/python3.6/site-packages/airflow/example_dags/subdags/subdag.py
[2021-05-07 05:19:54,499] {scheduler_job.py:190} INFO - Processing /home/airflow/.local/lib/python3.6/site-packages/airflow/example_dags/subdags/subdag.py took 0.336 seconds
[2021-05-07 05:20:25,546] {scheduler_job.py:182} INFO - Started process (PID=1263) to work on /home/airflow/.local/lib/python3.6/site-packages/airflow/example_dags/subdags/subdag.py
[2021-05-07 05:20:25,572] {scheduler_job.py:629} INFO - Processing file /home/airflow/.local/lib/python3.6/site-packages/airflow/example_dags/subdags/subdag.py for tasks to queue
[2021-05-07 05:20:25,604] {logging_mixin.py:104} INFO - [2021-05-07 05:20:25,601] {dagbag.py:451} INFO - Filling up the DagBag from /home/airflow/.local/lib/python3.6/site-packages/airflow/example_dags/subdags/subdag.py
[2021-05-07 05:20:25,660] {scheduler_job.py:641} WARNING - No viable dags retrieved from /home/airflow/.local/lib/python3.6/site-packages/airflow/example_dags/subdags/subdag.py
[2021-05-07 05:20:25,919] {scheduler_job.py:190} INFO - Processing /home/airflow/.local/lib/python3.6/site-packages/airflow/example_dags/subdags/subdag.py took 0.410 seconds
[2021-05-07 05:20:56,329] {scheduler_job.py:182} INFO - Started process (PID=1289) to work on /home/airflow/.local/lib/python3.6/site-packages/airflow/example_dags/subdags/subdag.py
[2021-05-07 05:20:56,348] {scheduler_job.py:629} INFO - Processing file /home/airflow/.local/lib/python3.6/site-packages/airflow/example_dags/subdags/subdag.py for tasks to queue
[2021-05-07 05:20:56,363] {logging_mixin.py:104} INFO - [2021-05-07 05:20:56,362] {dagbag.py:451} INFO - Filling up the DagBag from /home/airflow/.local/lib/python3.6/site-packages/airflow/example_dags/subdags/subdag.py
[2021-05-07 05:20:56,393] {scheduler_job.py:641} WARNING - No viable dags retrieved from /home/airflow/.local/lib/python3.6/site-packages/airflow/example_dags/subdags/subdag.py
[2021-05-07 05:20:56,524] {scheduler_job.py:190} INFO - Processing /home/airflow/.local/lib/python3.6/site-packages/airflow/example_dags/subdags/subdag.py took 0.241 seconds
[2021-05-07 05:21:26,655] {scheduler_job.py:182} INFO - Started process (PID=1316) to work on /home/airflow/.local/lib/python3.6/site-packages/airflow/example_dags/subdags/subdag.py
[2021-05-07 05:21:26,664] {scheduler_job.py:629} INFO - Processing file /home/airflow/.local/lib/python3.6/site-packages/airflow/example_dags/subdags/subdag.py for tasks to queue
[2021-05-07 05:21:26,670] {logging_mixin.py:104} INFO - [2021-05-07 05:21:26,669] {dagbag.py:451} INFO - Filling up the DagBag from /home/airflow/.local/lib/python3.6/site-packages/airflow/example_dags/subdags/subdag.py
[2021-05-07 05:21:26,685] {scheduler_job.py:641} WARNING - No viable dags retrieved from /home/airflow/.local/lib/python3.6/site-packages/airflow/example_dags/subdags/subdag.py
[2021-05-07 05:21:26,765] {scheduler_job.py:190} INFO - Processing /home/airflow/.local/lib/python3.6/site-packages/airflow/example_dags/subdags/subdag.py took 0.127 seconds
[2021-05-07 05:21:57,953] {scheduler_job.py:182} INFO - Started process (PID=1343) to work on /home/airflow/.local/lib/python3.6/site-packages/airflow/example_dags/subdags/subdag.py
[2021-05-07 05:21:57,970] {scheduler_job.py:629} INFO - Processing file /home/airflow/.local/lib/python3.6/site-packages/airflow/example_dags/subdags/subdag.py for tasks to queue
[2021-05-07 05:21:57,981] {logging_mixin.py:104} INFO - [2021-05-07 05:21:57,979] {dagbag.py:451} INFO - Filling up the DagBag from /home/airflow/.local/lib/python3.6/site-packages/airflow/example_dags/subdags/subdag.py
[2021-05-07 05:21:58,018] {scheduler_job.py:641} WARNING - No viable dags retrieved from /home/airflow/.local/lib/python3.6/site-packages/airflow/example_dags/subdags/subdag.py
[2021-05-07 05:21:58,239] {scheduler_job.py:190} INFO - Processing /home/airflow/.local/lib/python3.6/site-packages/airflow/example_dags/subdags/subdag.py took 0.316 seconds
[2021-05-07 05:22:28,811] {scheduler_job.py:182} INFO - Started process (PID=1370) to work on /home/airflow/.local/lib/python3.6/site-packages/airflow/example_dags/subdags/subdag.py
[2021-05-07 05:22:28,820] {scheduler_job.py:629} INFO - Processing file /home/airflow/.local/lib/python3.6/site-packages/airflow/example_dags/subdags/subdag.py for tasks to queue
[2021-05-07 05:22:28,827] {logging_mixin.py:104} INFO - [2021-05-07 05:22:28,826] {dagbag.py:451} INFO - Filling up the DagBag from /home/airflow/.local/lib/python3.6/site-packages/airflow/example_dags/subdags/subdag.py
[2021-05-07 05:22:28,845] {scheduler_job.py:641} WARNING - No viable dags retrieved from /home/airflow/.local/lib/python3.6/site-packages/airflow/example_dags/subdags/subdag.py
[2021-05-07 05:22:28,980] {scheduler_job.py:190} INFO - Processing /home/airflow/.local/lib/python3.6/site-packages/airflow/example_dags/subdags/subdag.py took 0.185 seconds
[2021-05-07 05:22:59,248] {scheduler_job.py:182} INFO - Started process (PID=1396) to work on /home/airflow/.local/lib/python3.6/site-packages/airflow/example_dags/subdags/subdag.py
[2021-05-07 05:22:59,258] {scheduler_job.py:629} INFO - Processing file /home/airflow/.local/lib/python3.6/site-packages/airflow/example_dags/subdags/subdag.py for tasks to queue
[2021-05-07 05:22:59,265] {logging_mixin.py:104} INFO - [2021-05-07 05:22:59,264] {dagbag.py:451} INFO - Filling up the DagBag from /home/airflow/.local/lib/python3.6/site-packages/airflow/example_dags/subdags/subdag.py
[2021-05-07 05:22:59,283] {scheduler_job.py:641} WARNING - No viable dags retrieved from /home/airflow/.local/lib/python3.6/site-packages/airflow/example_dags/subdags/subdag.py
[2021-05-07 05:22:59,364] {scheduler_job.py:190} INFO - Processing /home/airflow/.local/lib/python3.6/site-packages/airflow/example_dags/subdags/subdag.py took 0.138 seconds
[2021-05-07 05:23:29,607] {scheduler_job.py:182} INFO - Started process (PID=1422) to work on /home/airflow/.local/lib/python3.6/site-packages/airflow/example_dags/subdags/subdag.py
[2021-05-07 05:23:29,618] {scheduler_job.py:629} INFO - Processing file /home/airflow/.local/lib/python3.6/site-packages/airflow/example_dags/subdags/subdag.py for tasks to queue
[2021-05-07 05:23:29,625] {logging_mixin.py:104} INFO - [2021-05-07 05:23:29,624] {dagbag.py:451} INFO - Filling up the DagBag from /home/airflow/.local/lib/python3.6/site-packages/airflow/example_dags/subdags/subdag.py
[2021-05-07 05:23:29,647] {scheduler_job.py:641} WARNING - No viable dags retrieved from /home/airflow/.local/lib/python3.6/site-packages/airflow/example_dags/subdags/subdag.py
[2021-05-07 05:23:29,764] {scheduler_job.py:190} INFO - Processing /home/airflow/.local/lib/python3.6/site-packages/airflow/example_dags/subdags/subdag.py took 0.175 seconds
[2021-05-07 05:24:00,071] {scheduler_job.py:182} INFO - Started process (PID=1449) to work on /home/airflow/.local/lib/python3.6/site-packages/airflow/example_dags/subdags/subdag.py
[2021-05-07 05:24:00,083] {scheduler_job.py:629} INFO - Processing file /home/airflow/.local/lib/python3.6/site-packages/airflow/example_dags/subdags/subdag.py for tasks to queue
[2021-05-07 05:24:00,090] {logging_mixin.py:104} INFO - [2021-05-07 05:24:00,089] {dagbag.py:451} INFO - Filling up the DagBag from /home/airflow/.local/lib/python3.6/site-packages/airflow/example_dags/subdags/subdag.py
[2021-05-07 05:24:00,113] {scheduler_job.py:641} WARNING - No viable dags retrieved from /home/airflow/.local/lib/python3.6/site-packages/airflow/example_dags/subdags/subdag.py
[2021-05-07 05:24:00,203] {scheduler_job.py:190} INFO - Processing /home/airflow/.local/lib/python3.6/site-packages/airflow/example_dags/subdags/subdag.py took 0.151 seconds
[2021-05-07 05:24:31,090] {scheduler_job.py:182} INFO - Started process (PID=1476) to work on /home/airflow/.local/lib/python3.6/site-packages/airflow/example_dags/subdags/subdag.py
[2021-05-07 05:24:31,104] {scheduler_job.py:629} INFO - Processing file /home/airflow/.local/lib/python3.6/site-packages/airflow/example_dags/subdags/subdag.py for tasks to queue
[2021-05-07 05:24:31,114] {logging_mixin.py:104} INFO - [2021-05-07 05:24:31,113] {dagbag.py:451} INFO - Filling up the DagBag from /home/airflow/.local/lib/python3.6/site-packages/airflow/example_dags/subdags/subdag.py
[2021-05-07 05:24:31,139] {scheduler_job.py:641} WARNING - No viable dags retrieved from /home/airflow/.local/lib/python3.6/site-packages/airflow/example_dags/subdags/subdag.py
[2021-05-07 05:24:31,242] {scheduler_job.py:190} INFO - Processing /home/airflow/.local/lib/python3.6/site-packages/airflow/example_dags/subdags/subdag.py took 0.187 seconds
[2021-05-07 05:25:01,370] {scheduler_job.py:182} INFO - Started process (PID=1503) to work on /home/airflow/.local/lib/python3.6/site-packages/airflow/example_dags/subdags/subdag.py
[2021-05-07 05:25:01,381] {scheduler_job.py:629} INFO - Processing file /home/airflow/.local/lib/python3.6/site-packages/airflow/example_dags/subdags/subdag.py for tasks to queue
[2021-05-07 05:25:01,387] {logging_mixin.py:104} INFO - [2021-05-07 05:25:01,387] {dagbag.py:451} INFO - Filling up the DagBag from /home/airflow/.local/lib/python3.6/site-packages/airflow/example_dags/subdags/subdag.py
[2021-05-07 05:25:01,399] {scheduler_job.py:641} WARNING - No viable dags retrieved from /home/airflow/.local/lib/python3.6/site-packages/airflow/example_dags/subdags/subdag.py
[2021-05-07 05:25:01,465] {scheduler_job.py:190} INFO - Processing /home/airflow/.local/lib/python3.6/site-packages/airflow/example_dags/subdags/subdag.py took 0.110 seconds
[2021-05-07 05:25:31,626] {scheduler_job.py:182} INFO - Started process (PID=1529) to work on /home/airflow/.local/lib/python3.6/site-packages/airflow/example_dags/subdags/subdag.py
[2021-05-07 05:25:31,632] {scheduler_job.py:629} INFO - Processing file /home/airflow/.local/lib/python3.6/site-packages/airflow/example_dags/subdags/subdag.py for tasks to queue
[2021-05-07 05:25:31,636] {logging_mixin.py:104} INFO - [2021-05-07 05:25:31,636] {dagbag.py:451} INFO - Filling up the DagBag from /home/airflow/.local/lib/python3.6/site-packages/airflow/example_dags/subdags/subdag.py
[2021-05-07 05:25:31,646] {scheduler_job.py:641} WARNING - No viable dags retrieved from /home/airflow/.local/lib/python3.6/site-packages/airflow/example_dags/subdags/subdag.py
[2021-05-07 05:25:31,696] {scheduler_job.py:190} INFO - Processing /home/airflow/.local/lib/python3.6/site-packages/airflow/example_dags/subdags/subdag.py took 0.080 seconds
[2021-05-07 05:26:02,250] {scheduler_job.py:182} INFO - Started process (PID=1555) to work on /home/airflow/.local/lib/python3.6/site-packages/airflow/example_dags/subdags/subdag.py
[2021-05-07 05:26:02,254] {scheduler_job.py:629} INFO - Processing file /home/airflow/.local/lib/python3.6/site-packages/airflow/example_dags/subdags/subdag.py for tasks to queue
[2021-05-07 05:26:02,256] {logging_mixin.py:104} INFO - [2021-05-07 05:26:02,256] {dagbag.py:451} INFO - Filling up the DagBag from /home/airflow/.local/lib/python3.6/site-packages/airflow/example_dags/subdags/subdag.py
[2021-05-07 05:26:02,262] {scheduler_job.py:641} WARNING - No viable dags retrieved from /home/airflow/.local/lib/python3.6/site-packages/airflow/example_dags/subdags/subdag.py
[2021-05-07 05:26:02,290] {scheduler_job.py:190} INFO - Processing /home/airflow/.local/lib/python3.6/site-packages/airflow/example_dags/subdags/subdag.py took 0.049 seconds
[2021-05-07 05:26:33,022] {scheduler_job.py:182} INFO - Started process (PID=1582) to work on /home/airflow/.local/lib/python3.6/site-packages/airflow/example_dags/subdags/subdag.py
[2021-05-07 05:26:33,025] {scheduler_job.py:629} INFO - Processing file /home/airflow/.local/lib/python3.6/site-packages/airflow/example_dags/subdags/subdag.py for tasks to queue
[2021-05-07 05:26:33,026] {logging_mixin.py:104} INFO - [2021-05-07 05:26:33,026] {dagbag.py:451} INFO - Filling up the DagBag from /home/airflow/.local/lib/python3.6/site-packages/airflow/example_dags/subdags/subdag.py
[2021-05-07 05:26:33,031] {scheduler_job.py:641} WARNING - No viable dags retrieved from /home/airflow/.local/lib/python3.6/site-packages/airflow/example_dags/subdags/subdag.py
[2021-05-07 05:26:33,052] {scheduler_job.py:190} INFO - Processing /home/airflow/.local/lib/python3.6/site-packages/airflow/example_dags/subdags/subdag.py took 0.034 seconds
[2021-05-07 05:27:03,363] {scheduler_job.py:182} INFO - Started process (PID=1609) to work on /home/airflow/.local/lib/python3.6/site-packages/airflow/example_dags/subdags/subdag.py
[2021-05-07 05:27:03,365] {scheduler_job.py:629} INFO - Processing file /home/airflow/.local/lib/python3.6/site-packages/airflow/example_dags/subdags/subdag.py for tasks to queue
[2021-05-07 05:27:03,367] {logging_mixin.py:104} INFO - [2021-05-07 05:27:03,367] {dagbag.py:451} INFO - Filling up the DagBag from /home/airflow/.local/lib/python3.6/site-packages/airflow/example_dags/subdags/subdag.py
[2021-05-07 05:27:03,372] {scheduler_job.py:641} WARNING - No viable dags retrieved from /home/airflow/.local/lib/python3.6/site-packages/airflow/example_dags/subdags/subdag.py
[2021-05-07 05:27:03,395] {scheduler_job.py:190} INFO - Processing /home/airflow/.local/lib/python3.6/site-packages/airflow/example_dags/subdags/subdag.py took 0.038 seconds
[2021-05-07 05:27:34,261] {scheduler_job.py:182} INFO - Started process (PID=1636) to work on /home/airflow/.local/lib/python3.6/site-packages/airflow/example_dags/subdags/subdag.py
[2021-05-07 05:27:34,264] {scheduler_job.py:629} INFO - Processing file /home/airflow/.local/lib/python3.6/site-packages/airflow/example_dags/subdags/subdag.py for tasks to queue
[2021-05-07 05:27:34,267] {logging_mixin.py:104} INFO - [2021-05-07 05:27:34,266] {dagbag.py:451} INFO - Filling up the DagBag from /home/airflow/.local/lib/python3.6/site-packages/airflow/example_dags/subdags/subdag.py
[2021-05-07 05:27:34,274] {scheduler_job.py:641} WARNING - No viable dags retrieved from /home/airflow/.local/lib/python3.6/site-packages/airflow/example_dags/subdags/subdag.py
[2021-05-07 05:27:34,307] {scheduler_job.py:190} INFO - Processing /home/airflow/.local/lib/python3.6/site-packages/airflow/example_dags/subdags/subdag.py took 0.054 seconds
[2021-05-07 05:28:04,681] {scheduler_job.py:182} INFO - Started process (PID=1663) to work on /home/airflow/.local/lib/python3.6/site-packages/airflow/example_dags/subdags/subdag.py
[2021-05-07 05:28:04,685] {scheduler_job.py:629} INFO - Processing file /home/airflow/.local/lib/python3.6/site-packages/airflow/example_dags/subdags/subdag.py for tasks to queue
[2021-05-07 05:28:04,689] {logging_mixin.py:104} INFO - [2021-05-07 05:28:04,688] {dagbag.py:451} INFO - Filling up the DagBag from /home/airflow/.local/lib/python3.6/site-packages/airflow/example_dags/subdags/subdag.py
[2021-05-07 05:28:04,697] {scheduler_job.py:641} WARNING - No viable dags retrieved from /home/airflow/.local/lib/python3.6/site-packages/airflow/example_dags/subdags/subdag.py
[2021-05-07 05:28:04,732] {scheduler_job.py:190} INFO - Processing /home/airflow/.local/lib/python3.6/site-packages/airflow/example_dags/subdags/subdag.py took 0.056 seconds
[2021-05-07 05:28:35,412] {scheduler_job.py:182} INFO - Started process (PID=1690) to work on /home/airflow/.local/lib/python3.6/site-packages/airflow/example_dags/subdags/subdag.py
[2021-05-07 05:28:35,425] {scheduler_job.py:629} INFO - Processing file /home/airflow/.local/lib/python3.6/site-packages/airflow/example_dags/subdags/subdag.py for tasks to queue
[2021-05-07 05:28:35,432] {logging_mixin.py:104} INFO - [2021-05-07 05:28:35,431] {dagbag.py:451} INFO - Filling up the DagBag from /home/airflow/.local/lib/python3.6/site-packages/airflow/example_dags/subdags/subdag.py
[2021-05-07 05:28:35,447] {scheduler_job.py:641} WARNING - No viable dags retrieved from /home/airflow/.local/lib/python3.6/site-packages/airflow/example_dags/subdags/subdag.py
[2021-05-07 05:28:35,528] {scheduler_job.py:190} INFO - Processing /home/airflow/.local/lib/python3.6/site-packages/airflow/example_dags/subdags/subdag.py took 0.135 seconds
[2021-05-07 05:29:08,968] {scheduler_job.py:182} INFO - Started process (PID=1717) to work on /home/airflow/.local/lib/python3.6/site-packages/airflow/example_dags/subdags/subdag.py
[2021-05-07 05:29:08,992] {scheduler_job.py:629} INFO - Processing file /home/airflow/.local/lib/python3.6/site-packages/airflow/example_dags/subdags/subdag.py for tasks to queue
[2021-05-07 05:29:09,029] {logging_mixin.py:104} INFO - [2021-05-07 05:29:09,028] {dagbag.py:451} INFO - Filling up the DagBag from /home/airflow/.local/lib/python3.6/site-packages/airflow/example_dags/subdags/subdag.py
[2021-05-07 05:29:09,167] {scheduler_job.py:641} WARNING - No viable dags retrieved from /home/airflow/.local/lib/python3.6/site-packages/airflow/example_dags/subdags/subdag.py
[2021-05-07 05:29:09,483] {scheduler_job.py:190} INFO - Processing /home/airflow/.local/lib/python3.6/site-packages/airflow/example_dags/subdags/subdag.py took 0.587 seconds
[2021-05-07 05:29:40,897] {scheduler_job.py:182} INFO - Started process (PID=1744) to work on /home/airflow/.local/lib/python3.6/site-packages/airflow/example_dags/subdags/subdag.py
[2021-05-07 05:29:40,924] {scheduler_job.py:629} INFO - Processing file /home/airflow/.local/lib/python3.6/site-packages/airflow/example_dags/subdags/subdag.py for tasks to queue
[2021-05-07 05:29:40,946] {logging_mixin.py:104} INFO - [2021-05-07 05:29:40,945] {dagbag.py:451} INFO - Filling up the DagBag from /home/airflow/.local/lib/python3.6/site-packages/airflow/example_dags/subdags/subdag.py
[2021-05-07 05:29:40,982] {scheduler_job.py:641} WARNING - No viable dags retrieved from /home/airflow/.local/lib/python3.6/site-packages/airflow/example_dags/subdags/subdag.py
[2021-05-07 05:29:41,200] {scheduler_job.py:190} INFO - Processing /home/airflow/.local/lib/python3.6/site-packages/airflow/example_dags/subdags/subdag.py took 0.333 seconds
[2021-05-07 05:30:11,343] {scheduler_job.py:182} INFO - Started process (PID=1771) to work on /home/airflow/.local/lib/python3.6/site-packages/airflow/example_dags/subdags/subdag.py
[2021-05-07 05:30:11,349] {scheduler_job.py:629} INFO - Processing file /home/airflow/.local/lib/python3.6/site-packages/airflow/example_dags/subdags/subdag.py for tasks to queue
[2021-05-07 05:30:11,354] {logging_mixin.py:104} INFO - [2021-05-07 05:30:11,353] {dagbag.py:451} INFO - Filling up the DagBag from /home/airflow/.local/lib/python3.6/site-packages/airflow/example_dags/subdags/subdag.py
[2021-05-07 05:30:11,366] {scheduler_job.py:641} WARNING - No viable dags retrieved from /home/airflow/.local/lib/python3.6/site-packages/airflow/example_dags/subdags/subdag.py
[2021-05-07 05:30:11,444] {scheduler_job.py:190} INFO - Processing /home/airflow/.local/lib/python3.6/site-packages/airflow/example_dags/subdags/subdag.py took 0.113 seconds
[2021-05-07 05:30:41,687] {scheduler_job.py:182} INFO - Started process (PID=1796) to work on /home/airflow/.local/lib/python3.6/site-packages/airflow/example_dags/subdags/subdag.py
[2021-05-07 05:30:41,689] {scheduler_job.py:629} INFO - Processing file /home/airflow/.local/lib/python3.6/site-packages/airflow/example_dags/subdags/subdag.py for tasks to queue
[2021-05-07 05:30:41,691] {logging_mixin.py:104} INFO - [2021-05-07 05:30:41,691] {dagbag.py:451} INFO - Filling up the DagBag from /home/airflow/.local/lib/python3.6/site-packages/airflow/example_dags/subdags/subdag.py
[2021-05-07 05:30:41,697] {scheduler_job.py:641} WARNING - No viable dags retrieved from /home/airflow/.local/lib/python3.6/site-packages/airflow/example_dags/subdags/subdag.py
[2021-05-07 05:30:41,724] {scheduler_job.py:190} INFO - Processing /home/airflow/.local/lib/python3.6/site-packages/airflow/example_dags/subdags/subdag.py took 0.043 seconds
[2021-05-07 05:31:12,119] {scheduler_job.py:182} INFO - Started process (PID=1823) to work on /home/airflow/.local/lib/python3.6/site-packages/airflow/example_dags/subdags/subdag.py
[2021-05-07 05:31:12,121] {scheduler_job.py:629} INFO - Processing file /home/airflow/.local/lib/python3.6/site-packages/airflow/example_dags/subdags/subdag.py for tasks to queue
[2021-05-07 05:31:12,123] {logging_mixin.py:104} INFO - [2021-05-07 05:31:12,123] {dagbag.py:451} INFO - Filling up the DagBag from /home/airflow/.local/lib/python3.6/site-packages/airflow/example_dags/subdags/subdag.py
[2021-05-07 05:31:12,129] {scheduler_job.py:641} WARNING - No viable dags retrieved from /home/airflow/.local/lib/python3.6/site-packages/airflow/example_dags/subdags/subdag.py
[2021-05-07 05:31:12,154] {scheduler_job.py:190} INFO - Processing /home/airflow/.local/lib/python3.6/site-packages/airflow/example_dags/subdags/subdag.py took 0.040 seconds
[2021-05-07 05:31:42,774] {scheduler_job.py:182} INFO - Started process (PID=1850) to work on /home/airflow/.local/lib/python3.6/site-packages/airflow/example_dags/subdags/subdag.py
[2021-05-07 05:31:42,777] {scheduler_job.py:629} INFO - Processing file /home/airflow/.local/lib/python3.6/site-packages/airflow/example_dags/subdags/subdag.py for tasks to queue
[2021-05-07 05:31:42,779] {logging_mixin.py:104} INFO - [2021-05-07 05:31:42,779] {dagbag.py:451} INFO - Filling up the DagBag from /home/airflow/.local/lib/python3.6/site-packages/airflow/example_dags/subdags/subdag.py
[2021-05-07 05:31:42,789] {scheduler_job.py:641} WARNING - No viable dags retrieved from /home/airflow/.local/lib/python3.6/site-packages/airflow/example_dags/subdags/subdag.py
[2021-05-07 05:31:42,825] {scheduler_job.py:190} INFO - Processing /home/airflow/.local/lib/python3.6/site-packages/airflow/example_dags/subdags/subdag.py took 0.058 seconds
[2021-05-07 05:32:13,726] {scheduler_job.py:182} INFO - Started process (PID=1877) to work on /home/airflow/.local/lib/python3.6/site-packages/airflow/example_dags/subdags/subdag.py
[2021-05-07 05:32:13,729] {scheduler_job.py:629} INFO - Processing file /home/airflow/.local/lib/python3.6/site-packages/airflow/example_dags/subdags/subdag.py for tasks to queue
[2021-05-07 05:32:13,732] {logging_mixin.py:104} INFO - [2021-05-07 05:32:13,732] {dagbag.py:451} INFO - Filling up the DagBag from /home/airflow/.local/lib/python3.6/site-packages/airflow/example_dags/subdags/subdag.py
[2021-05-07 05:32:13,737] {scheduler_job.py:641} WARNING - No viable dags retrieved from /home/airflow/.local/lib/python3.6/site-packages/airflow/example_dags/subdags/subdag.py
[2021-05-07 05:32:13,771] {scheduler_job.py:190} INFO - Processing /home/airflow/.local/lib/python3.6/site-packages/airflow/example_dags/subdags/subdag.py took 0.051 seconds
[2021-05-07 05:32:44,503] {scheduler_job.py:182} INFO - Started process (PID=1904) to work on /home/airflow/.local/lib/python3.6/site-packages/airflow/example_dags/subdags/subdag.py
[2021-05-07 05:32:44,507] {scheduler_job.py:629} INFO - Processing file /home/airflow/.local/lib/python3.6/site-packages/airflow/example_dags/subdags/subdag.py for tasks to queue
[2021-05-07 05:32:44,510] {logging_mixin.py:104} INFO - [2021-05-07 05:32:44,509] {dagbag.py:451} INFO - Filling up the DagBag from /home/airflow/.local/lib/python3.6/site-packages/airflow/example_dags/subdags/subdag.py
[2021-05-07 05:32:44,516] {scheduler_job.py:641} WARNING - No viable dags retrieved from /home/airflow/.local/lib/python3.6/site-packages/airflow/example_dags/subdags/subdag.py
[2021-05-07 05:32:44,541] {scheduler_job.py:190} INFO - Processing /home/airflow/.local/lib/python3.6/site-packages/airflow/example_dags/subdags/subdag.py took 0.047 seconds
[2021-05-07 05:33:14,716] {scheduler_job.py:182} INFO - Started process (PID=1931) to work on /home/airflow/.local/lib/python3.6/site-packages/airflow/example_dags/subdags/subdag.py
[2021-05-07 05:33:14,719] {scheduler_job.py:629} INFO - Processing file /home/airflow/.local/lib/python3.6/site-packages/airflow/example_dags/subdags/subdag.py for tasks to queue
[2021-05-07 05:33:14,725] {logging_mixin.py:104} INFO - [2021-05-07 05:33:14,724] {dagbag.py:451} INFO - Filling up the DagBag from /home/airflow/.local/lib/python3.6/site-packages/airflow/example_dags/subdags/subdag.py
[2021-05-07 05:33:14,743] {scheduler_job.py:641} WARNING - No viable dags retrieved from /home/airflow/.local/lib/python3.6/site-packages/airflow/example_dags/subdags/subdag.py
[2021-05-07 05:33:14,793] {scheduler_job.py:190} INFO - Processing /home/airflow/.local/lib/python3.6/site-packages/airflow/example_dags/subdags/subdag.py took 0.086 seconds
[2021-05-07 05:33:45,410] {scheduler_job.py:182} INFO - Started process (PID=1958) to work on /home/airflow/.local/lib/python3.6/site-packages/airflow/example_dags/subdags/subdag.py
[2021-05-07 05:33:45,419] {scheduler_job.py:629} INFO - Processing file /home/airflow/.local/lib/python3.6/site-packages/airflow/example_dags/subdags/subdag.py for tasks to queue
[2021-05-07 05:33:45,424] {logging_mixin.py:104} INFO - [2021-05-07 05:33:45,423] {dagbag.py:451} INFO - Filling up the DagBag from /home/airflow/.local/lib/python3.6/site-packages/airflow/example_dags/subdags/subdag.py
[2021-05-07 05:33:45,436] {scheduler_job.py:641} WARNING - No viable dags retrieved from /home/airflow/.local/lib/python3.6/site-packages/airflow/example_dags/subdags/subdag.py
[2021-05-07 05:33:45,511] {scheduler_job.py:190} INFO - Processing /home/airflow/.local/lib/python3.6/site-packages/airflow/example_dags/subdags/subdag.py took 0.113 seconds
[2021-05-07 05:34:15,725] {scheduler_job.py:182} INFO - Started process (PID=1985) to work on /home/airflow/.local/lib/python3.6/site-packages/airflow/example_dags/subdags/subdag.py
[2021-05-07 05:34:15,731] {scheduler_job.py:629} INFO - Processing file /home/airflow/.local/lib/python3.6/site-packages/airflow/example_dags/subdags/subdag.py for tasks to queue
[2021-05-07 05:34:15,735] {logging_mixin.py:104} INFO - [2021-05-07 05:34:15,735] {dagbag.py:451} INFO - Filling up the DagBag from /home/airflow/.local/lib/python3.6/site-packages/airflow/example_dags/subdags/subdag.py
[2021-05-07 05:34:15,752] {scheduler_job.py:641} WARNING - No viable dags retrieved from /home/airflow/.local/lib/python3.6/site-packages/airflow/example_dags/subdags/subdag.py
[2021-05-07 05:34:15,818] {scheduler_job.py:190} INFO - Processing /home/airflow/.local/lib/python3.6/site-packages/airflow/example_dags/subdags/subdag.py took 0.108 seconds
[2021-05-07 05:34:45,920] {scheduler_job.py:182} INFO - Started process (PID=2012) to work on /home/airflow/.local/lib/python3.6/site-packages/airflow/example_dags/subdags/subdag.py
[2021-05-07 05:34:45,931] {scheduler_job.py:629} INFO - Processing file /home/airflow/.local/lib/python3.6/site-packages/airflow/example_dags/subdags/subdag.py for tasks to queue
[2021-05-07 05:34:45,938] {logging_mixin.py:104} INFO - [2021-05-07 05:34:45,938] {dagbag.py:451} INFO - Filling up the DagBag from /home/airflow/.local/lib/python3.6/site-packages/airflow/example_dags/subdags/subdag.py
[2021-05-07 05:34:45,961] {scheduler_job.py:641} WARNING - No viable dags retrieved from /home/airflow/.local/lib/python3.6/site-packages/airflow/example_dags/subdags/subdag.py
[2021-05-07 05:34:46,071] {scheduler_job.py:190} INFO - Processing /home/airflow/.local/lib/python3.6/site-packages/airflow/example_dags/subdags/subdag.py took 0.166 seconds
[2021-05-07 05:35:16,885] {scheduler_job.py:182} INFO - Started process (PID=2039) to work on /home/airflow/.local/lib/python3.6/site-packages/airflow/example_dags/subdags/subdag.py
[2021-05-07 05:35:16,900] {scheduler_job.py:629} INFO - Processing file /home/airflow/.local/lib/python3.6/site-packages/airflow/example_dags/subdags/subdag.py for tasks to queue
[2021-05-07 05:35:16,915] {logging_mixin.py:104} INFO - [2021-05-07 05:35:16,914] {dagbag.py:451} INFO - Filling up the DagBag from /home/airflow/.local/lib/python3.6/site-packages/airflow/example_dags/subdags/subdag.py
[2021-05-07 05:35:16,941] {scheduler_job.py:641} WARNING - No viable dags retrieved from /home/airflow/.local/lib/python3.6/site-packages/airflow/example_dags/subdags/subdag.py
[2021-05-07 05:35:17,013] {scheduler_job.py:190} INFO - Processing /home/airflow/.local/lib/python3.6/site-packages/airflow/example_dags/subdags/subdag.py took 0.146 seconds
[2021-05-07 05:35:47,345] {scheduler_job.py:182} INFO - Started process (PID=2066) to work on /home/airflow/.local/lib/python3.6/site-packages/airflow/example_dags/subdags/subdag.py
[2021-05-07 05:35:47,352] {scheduler_job.py:629} INFO - Processing file /home/airflow/.local/lib/python3.6/site-packages/airflow/example_dags/subdags/subdag.py for tasks to queue
[2021-05-07 05:35:47,358] {logging_mixin.py:104} INFO - [2021-05-07 05:35:47,357] {dagbag.py:451} INFO - Filling up the DagBag from /home/airflow/.local/lib/python3.6/site-packages/airflow/example_dags/subdags/subdag.py
[2021-05-07 05:35:47,369] {scheduler_job.py:641} WARNING - No viable dags retrieved from /home/airflow/.local/lib/python3.6/site-packages/airflow/example_dags/subdags/subdag.py
[2021-05-07 05:35:47,453] {scheduler_job.py:190} INFO - Processing /home/airflow/.local/lib/python3.6/site-packages/airflow/example_dags/subdags/subdag.py took 0.131 seconds
[2021-05-07 05:36:17,655] {scheduler_job.py:182} INFO - Started process (PID=2093) to work on /home/airflow/.local/lib/python3.6/site-packages/airflow/example_dags/subdags/subdag.py
[2021-05-07 05:36:17,659] {scheduler_job.py:629} INFO - Processing file /home/airflow/.local/lib/python3.6/site-packages/airflow/example_dags/subdags/subdag.py for tasks to queue
[2021-05-07 05:36:17,663] {logging_mixin.py:104} INFO - [2021-05-07 05:36:17,662] {dagbag.py:451} INFO - Filling up the DagBag from /home/airflow/.local/lib/python3.6/site-packages/airflow/example_dags/subdags/subdag.py
[2021-05-07 05:36:17,670] {scheduler_job.py:641} WARNING - No viable dags retrieved from /home/airflow/.local/lib/python3.6/site-packages/airflow/example_dags/subdags/subdag.py
[2021-05-07 05:36:17,705] {scheduler_job.py:190} INFO - Processing /home/airflow/.local/lib/python3.6/site-packages/airflow/example_dags/subdags/subdag.py took 0.058 seconds
[2021-05-07 05:36:47,817] {scheduler_job.py:182} INFO - Started process (PID=2120) to work on /home/airflow/.local/lib/python3.6/site-packages/airflow/example_dags/subdags/subdag.py
[2021-05-07 05:36:47,823] {scheduler_job.py:629} INFO - Processing file /home/airflow/.local/lib/python3.6/site-packages/airflow/example_dags/subdags/subdag.py for tasks to queue
[2021-05-07 05:36:47,827] {logging_mixin.py:104} INFO - [2021-05-07 05:36:47,826] {dagbag.py:451} INFO - Filling up the DagBag from /home/airflow/.local/lib/python3.6/site-packages/airflow/example_dags/subdags/subdag.py
[2021-05-07 05:36:47,839] {scheduler_job.py:641} WARNING - No viable dags retrieved from /home/airflow/.local/lib/python3.6/site-packages/airflow/example_dags/subdags/subdag.py
[2021-05-07 05:36:47,867] {scheduler_job.py:190} INFO - Processing /home/airflow/.local/lib/python3.6/site-packages/airflow/example_dags/subdags/subdag.py took 0.059 seconds
[2021-05-07 05:37:18,710] {scheduler_job.py:182} INFO - Started process (PID=2147) to work on /home/airflow/.local/lib/python3.6/site-packages/airflow/example_dags/subdags/subdag.py
[2021-05-07 05:37:18,719] {scheduler_job.py:629} INFO - Processing file /home/airflow/.local/lib/python3.6/site-packages/airflow/example_dags/subdags/subdag.py for tasks to queue
[2021-05-07 05:37:18,723] {logging_mixin.py:104} INFO - [2021-05-07 05:37:18,723] {dagbag.py:451} INFO - Filling up the DagBag from /home/airflow/.local/lib/python3.6/site-packages/airflow/example_dags/subdags/subdag.py
[2021-05-07 05:37:18,728] {scheduler_job.py:641} WARNING - No viable dags retrieved from /home/airflow/.local/lib/python3.6/site-packages/airflow/example_dags/subdags/subdag.py
[2021-05-07 05:37:18,762] {scheduler_job.py:190} INFO - Processing /home/airflow/.local/lib/python3.6/site-packages/airflow/example_dags/subdags/subdag.py took 0.064 seconds
[2021-05-07 05:37:49,109] {scheduler_job.py:182} INFO - Started process (PID=2174) to work on /home/airflow/.local/lib/python3.6/site-packages/airflow/example_dags/subdags/subdag.py
[2021-05-07 05:37:49,113] {scheduler_job.py:629} INFO - Processing file /home/airflow/.local/lib/python3.6/site-packages/airflow/example_dags/subdags/subdag.py for tasks to queue
[2021-05-07 05:37:49,116] {logging_mixin.py:104} INFO - [2021-05-07 05:37:49,116] {dagbag.py:451} INFO - Filling up the DagBag from /home/airflow/.local/lib/python3.6/site-packages/airflow/example_dags/subdags/subdag.py
[2021-05-07 05:37:49,124] {scheduler_job.py:641} WARNING - No viable dags retrieved from /home/airflow/.local/lib/python3.6/site-packages/airflow/example_dags/subdags/subdag.py
[2021-05-07 05:37:49,157] {scheduler_job.py:190} INFO - Processing /home/airflow/.local/lib/python3.6/site-packages/airflow/example_dags/subdags/subdag.py took 0.055 seconds
[2021-05-07 05:38:19,762] {scheduler_job.py:182} INFO - Started process (PID=2201) to work on /home/airflow/.local/lib/python3.6/site-packages/airflow/example_dags/subdags/subdag.py
[2021-05-07 05:38:19,766] {scheduler_job.py:629} INFO - Processing file /home/airflow/.local/lib/python3.6/site-packages/airflow/example_dags/subdags/subdag.py for tasks to queue
[2021-05-07 05:38:19,769] {logging_mixin.py:104} INFO - [2021-05-07 05:38:19,769] {dagbag.py:451} INFO - Filling up the DagBag from /home/airflow/.local/lib/python3.6/site-packages/airflow/example_dags/subdags/subdag.py
[2021-05-07 05:38:19,777] {scheduler_job.py:641} WARNING - No viable dags retrieved from /home/airflow/.local/lib/python3.6/site-packages/airflow/example_dags/subdags/subdag.py
[2021-05-07 05:38:19,809] {scheduler_job.py:190} INFO - Processing /home/airflow/.local/lib/python3.6/site-packages/airflow/example_dags/subdags/subdag.py took 0.054 seconds
[2021-05-07 05:38:50,380] {scheduler_job.py:182} INFO - Started process (PID=2228) to work on /home/airflow/.local/lib/python3.6/site-packages/airflow/example_dags/subdags/subdag.py
[2021-05-07 05:38:50,384] {scheduler_job.py:629} INFO - Processing file /home/airflow/.local/lib/python3.6/site-packages/airflow/example_dags/subdags/subdag.py for tasks to queue
[2021-05-07 05:38:50,386] {logging_mixin.py:104} INFO - [2021-05-07 05:38:50,386] {dagbag.py:451} INFO - Filling up the DagBag from /home/airflow/.local/lib/python3.6/site-packages/airflow/example_dags/subdags/subdag.py
[2021-05-07 05:38:50,392] {scheduler_job.py:641} WARNING - No viable dags retrieved from /home/airflow/.local/lib/python3.6/site-packages/airflow/example_dags/subdags/subdag.py
[2021-05-07 05:38:50,415] {scheduler_job.py:190} INFO - Processing /home/airflow/.local/lib/python3.6/site-packages/airflow/example_dags/subdags/subdag.py took 0.040 seconds
[2021-05-07 05:39:21,305] {scheduler_job.py:182} INFO - Started process (PID=2255) to work on /home/airflow/.local/lib/python3.6/site-packages/airflow/example_dags/subdags/subdag.py
[2021-05-07 05:39:21,308] {scheduler_job.py:629} INFO - Processing file /home/airflow/.local/lib/python3.6/site-packages/airflow/example_dags/subdags/subdag.py for tasks to queue
[2021-05-07 05:39:21,309] {logging_mixin.py:104} INFO - [2021-05-07 05:39:21,309] {dagbag.py:451} INFO - Filling up the DagBag from /home/airflow/.local/lib/python3.6/site-packages/airflow/example_dags/subdags/subdag.py
[2021-05-07 05:39:21,314] {scheduler_job.py:641} WARNING - No viable dags retrieved from /home/airflow/.local/lib/python3.6/site-packages/airflow/example_dags/subdags/subdag.py
[2021-05-07 05:39:21,336] {scheduler_job.py:190} INFO - Processing /home/airflow/.local/lib/python3.6/site-packages/airflow/example_dags/subdags/subdag.py took 0.035 seconds
[2021-05-07 05:39:52,023] {scheduler_job.py:182} INFO - Started process (PID=2282) to work on /home/airflow/.local/lib/python3.6/site-packages/airflow/example_dags/subdags/subdag.py
[2021-05-07 05:39:52,026] {scheduler_job.py:629} INFO - Processing file /home/airflow/.local/lib/python3.6/site-packages/airflow/example_dags/subdags/subdag.py for tasks to queue
[2021-05-07 05:39:52,028] {logging_mixin.py:104} INFO - [2021-05-07 05:39:52,028] {dagbag.py:451} INFO - Filling up the DagBag from /home/airflow/.local/lib/python3.6/site-packages/airflow/example_dags/subdags/subdag.py
[2021-05-07 05:39:52,033] {scheduler_job.py:641} WARNING - No viable dags retrieved from /home/airflow/.local/lib/python3.6/site-packages/airflow/example_dags/subdags/subdag.py
[2021-05-07 05:39:52,052] {scheduler_job.py:190} INFO - Processing /home/airflow/.local/lib/python3.6/site-packages/airflow/example_dags/subdags/subdag.py took 0.033 seconds
[2021-05-07 05:40:22,774] {scheduler_job.py:182} INFO - Started process (PID=2309) to work on /home/airflow/.local/lib/python3.6/site-packages/airflow/example_dags/subdags/subdag.py
[2021-05-07 05:40:22,777] {scheduler_job.py:629} INFO - Processing file /home/airflow/.local/lib/python3.6/site-packages/airflow/example_dags/subdags/subdag.py for tasks to queue
[2021-05-07 05:40:22,778] {logging_mixin.py:104} INFO - [2021-05-07 05:40:22,778] {dagbag.py:451} INFO - Filling up the DagBag from /home/airflow/.local/lib/python3.6/site-packages/airflow/example_dags/subdags/subdag.py
[2021-05-07 05:40:22,783] {scheduler_job.py:641} WARNING - No viable dags retrieved from /home/airflow/.local/lib/python3.6/site-packages/airflow/example_dags/subdags/subdag.py
[2021-05-07 05:40:22,801] {scheduler_job.py:190} INFO - Processing /home/airflow/.local/lib/python3.6/site-packages/airflow/example_dags/subdags/subdag.py took 0.033 seconds
[2021-05-07 05:40:53,328] {scheduler_job.py:182} INFO - Started process (PID=2336) to work on /home/airflow/.local/lib/python3.6/site-packages/airflow/example_dags/subdags/subdag.py
[2021-05-07 05:40:53,332] {scheduler_job.py:629} INFO - Processing file /home/airflow/.local/lib/python3.6/site-packages/airflow/example_dags/subdags/subdag.py for tasks to queue
[2021-05-07 05:40:53,335] {logging_mixin.py:104} INFO - [2021-05-07 05:40:53,334] {dagbag.py:451} INFO - Filling up the DagBag from /home/airflow/.local/lib/python3.6/site-packages/airflow/example_dags/subdags/subdag.py
[2021-05-07 05:40:53,341] {scheduler_job.py:641} WARNING - No viable dags retrieved from /home/airflow/.local/lib/python3.6/site-packages/airflow/example_dags/subdags/subdag.py
[2021-05-07 05:40:53,375] {scheduler_job.py:190} INFO - Processing /home/airflow/.local/lib/python3.6/site-packages/airflow/example_dags/subdags/subdag.py took 0.053 seconds
[2021-05-07 05:41:24,185] {scheduler_job.py:182} INFO - Started process (PID=2363) to work on /home/airflow/.local/lib/python3.6/site-packages/airflow/example_dags/subdags/subdag.py
[2021-05-07 05:41:24,190] {scheduler_job.py:629} INFO - Processing file /home/airflow/.local/lib/python3.6/site-packages/airflow/example_dags/subdags/subdag.py for tasks to queue
[2021-05-07 05:41:24,194] {logging_mixin.py:104} INFO - [2021-05-07 05:41:24,193] {dagbag.py:451} INFO - Filling up the DagBag from /home/airflow/.local/lib/python3.6/site-packages/airflow/example_dags/subdags/subdag.py
[2021-05-07 05:41:24,203] {scheduler_job.py:641} WARNING - No viable dags retrieved from /home/airflow/.local/lib/python3.6/site-packages/airflow/example_dags/subdags/subdag.py
[2021-05-07 05:41:24,249] {scheduler_job.py:190} INFO - Processing /home/airflow/.local/lib/python3.6/site-packages/airflow/example_dags/subdags/subdag.py took 0.071 seconds
