[2021-05-07 05:35:34,250] {taskinstance.py:877} INFO - Dependencies all met for <TaskInstance: helloworld_dag.t3 2021-05-07T05:35:30.402764+00:00 [queued]>
[2021-05-07 05:35:34,324] {taskinstance.py:877} INFO - Dependencies all met for <TaskInstance: helloworld_dag.t3 2021-05-07T05:35:30.402764+00:00 [queued]>
[2021-05-07 05:35:34,328] {taskinstance.py:1068} INFO - 
--------------------------------------------------------------------------------
[2021-05-07 05:35:34,331] {taskinstance.py:1069} INFO - Starting attempt 1 of 1
[2021-05-07 05:35:34,335] {taskinstance.py:1070} INFO - 
--------------------------------------------------------------------------------
[2021-05-07 05:35:34,371] {taskinstance.py:1089} INFO - Executing <Task(BashOperator): t3> on 2021-05-07T05:35:30.402764+00:00
[2021-05-07 05:35:34,384] {standard_task_runner.py:52} INFO - Started process 69 to run task
[2021-05-07 05:35:34,397] {standard_task_runner.py:76} INFO - Running: ['airflow', 'tasks', 'run', 'helloworld_dag', 't3', '2021-05-07T05:35:30.402764+00:00', '--job-id', '110', '--pool', 'default_pool', '--raw', '--subdir', 'DAGS_FOLDER/helloworld.py', '--cfg-path', '/tmp/tmp_ok3ua25', '--error-file', '/tmp/tmpxccmck15']
[2021-05-07 05:35:34,402] {standard_task_runner.py:77} INFO - Job 110: Subtask t3
[2021-05-07 05:35:34,740] {logging_mixin.py:104} INFO - Running <TaskInstance: helloworld_dag.t3 2021-05-07T05:35:30.402764+00:00 [running]> on host 2900f64db589
[2021-05-07 05:35:34,964] {taskinstance.py:1283} INFO - Exporting the following env vars:
AIRFLOW_CTX_DAG_OWNER=airflow
AIRFLOW_CTX_DAG_ID=helloworld_dag
AIRFLOW_CTX_TASK_ID=t3
AIRFLOW_CTX_EXECUTION_DATE=2021-05-07T05:35:30.402764+00:00
AIRFLOW_CTX_DAG_RUN_ID=manual__2021-05-07T05:35:30.402764+00:00
[2021-05-07 05:35:34,968] {bash.py:135} INFO - Tmp dir root location: 
 /tmp
[2021-05-07 05:35:34,976] {bash.py:158} INFO - Running command: echo t3
[2021-05-07 05:35:35,013] {bash.py:169} INFO - Output:
[2021-05-07 05:35:35,019] {bash.py:173} INFO - t3
[2021-05-07 05:35:35,023] {bash.py:177} INFO - Command exited with return code 0
[2021-05-07 05:35:35,144] {taskinstance.py:1192} INFO - Marking task as SUCCESS. dag_id=helloworld_dag, task_id=t3, execution_date=20210507T053530, start_date=20210507T053534, end_date=20210507T053535
[2021-05-07 05:35:35,268] {taskinstance.py:1246} INFO - 0 downstream tasks scheduled from follow-on schedule check
[2021-05-07 05:35:35,322] {local_task_job.py:146} INFO - Task exited with return code 0
