[2021-05-08 06:49:57,064] {scheduler_job.py:182} INFO - Started process (PID=36) to work on /home/airflow/.local/lib/python3.6/site-packages/airflow/example_dags/example_latest_only_with_trigger.py
[2021-05-08 06:49:57,082] {scheduler_job.py:629} INFO - Processing file /home/airflow/.local/lib/python3.6/site-packages/airflow/example_dags/example_latest_only_with_trigger.py for tasks to queue
[2021-05-08 06:49:57,085] {logging_mixin.py:104} INFO - [2021-05-08 06:49:57,085] {dagbag.py:451} INFO - Filling up the DagBag from /home/airflow/.local/lib/python3.6/site-packages/airflow/example_dags/example_latest_only_with_trigger.py
[2021-05-08 06:49:57,115] {scheduler_job.py:639} INFO - DAG(s) dict_keys(['latest_only_with_trigger']) retrieved from /home/airflow/.local/lib/python3.6/site-packages/airflow/example_dags/example_latest_only_with_trigger.py
[2021-05-08 06:49:57,192] {logging_mixin.py:104} INFO - [2021-05-08 06:49:57,191] {dag.py:1824} INFO - Sync 1 DAGs
[2021-05-08 06:49:57,285] {logging_mixin.py:104} INFO - [2021-05-08 06:49:57,284] {dag.py:2280} INFO - Setting next_dagrun for latest_only_with_trigger to 2021-05-06 00:00:00+00:00
[2021-05-08 06:49:57,324] {scheduler_job.py:190} INFO - Processing /home/airflow/.local/lib/python3.6/site-packages/airflow/example_dags/example_latest_only_with_trigger.py took 0.288 seconds
[2021-05-08 06:50:27,598] {scheduler_job.py:182} INFO - Started process (PID=63) to work on /home/airflow/.local/lib/python3.6/site-packages/airflow/example_dags/example_latest_only_with_trigger.py
[2021-05-08 06:50:27,602] {scheduler_job.py:629} INFO - Processing file /home/airflow/.local/lib/python3.6/site-packages/airflow/example_dags/example_latest_only_with_trigger.py for tasks to queue
[2021-05-08 06:50:27,605] {logging_mixin.py:104} INFO - [2021-05-08 06:50:27,604] {dagbag.py:451} INFO - Filling up the DagBag from /home/airflow/.local/lib/python3.6/site-packages/airflow/example_dags/example_latest_only_with_trigger.py
[2021-05-08 06:50:27,624] {scheduler_job.py:639} INFO - DAG(s) dict_keys(['latest_only_with_trigger']) retrieved from /home/airflow/.local/lib/python3.6/site-packages/airflow/example_dags/example_latest_only_with_trigger.py
[2021-05-08 06:50:27,664] {logging_mixin.py:104} INFO - [2021-05-08 06:50:27,664] {dag.py:1824} INFO - Sync 1 DAGs
[2021-05-08 06:50:27,686] {logging_mixin.py:104} INFO - [2021-05-08 06:50:27,686] {dag.py:2280} INFO - Setting next_dagrun for latest_only_with_trigger to 2021-05-06 00:00:00+00:00
[2021-05-08 06:50:27,702] {scheduler_job.py:190} INFO - Processing /home/airflow/.local/lib/python3.6/site-packages/airflow/example_dags/example_latest_only_with_trigger.py took 0.110 seconds
[2021-05-08 06:50:58,829] {scheduler_job.py:182} INFO - Started process (PID=92) to work on /home/airflow/.local/lib/python3.6/site-packages/airflow/example_dags/example_latest_only_with_trigger.py
[2021-05-08 06:50:58,832] {scheduler_job.py:629} INFO - Processing file /home/airflow/.local/lib/python3.6/site-packages/airflow/example_dags/example_latest_only_with_trigger.py for tasks to queue
[2021-05-08 06:50:58,834] {logging_mixin.py:104} INFO - [2021-05-08 06:50:58,833] {dagbag.py:451} INFO - Filling up the DagBag from /home/airflow/.local/lib/python3.6/site-packages/airflow/example_dags/example_latest_only_with_trigger.py
[2021-05-08 06:50:58,852] {scheduler_job.py:639} INFO - DAG(s) dict_keys(['latest_only_with_trigger']) retrieved from /home/airflow/.local/lib/python3.6/site-packages/airflow/example_dags/example_latest_only_with_trigger.py
[2021-05-08 06:50:58,885] {logging_mixin.py:104} INFO - [2021-05-08 06:50:58,885] {dag.py:1824} INFO - Sync 1 DAGs
[2021-05-08 06:50:58,906] {logging_mixin.py:104} INFO - [2021-05-08 06:50:58,906] {dag.py:2280} INFO - Setting next_dagrun for latest_only_with_trigger to 2021-05-06 00:00:00+00:00
[2021-05-08 06:50:58,920] {scheduler_job.py:190} INFO - Processing /home/airflow/.local/lib/python3.6/site-packages/airflow/example_dags/example_latest_only_with_trigger.py took 0.096 seconds
[2021-05-08 06:51:29,575] {scheduler_job.py:182} INFO - Started process (PID=119) to work on /home/airflow/.local/lib/python3.6/site-packages/airflow/example_dags/example_latest_only_with_trigger.py
[2021-05-08 06:51:29,577] {scheduler_job.py:629} INFO - Processing file /home/airflow/.local/lib/python3.6/site-packages/airflow/example_dags/example_latest_only_with_trigger.py for tasks to queue
[2021-05-08 06:51:29,580] {logging_mixin.py:104} INFO - [2021-05-08 06:51:29,579] {dagbag.py:451} INFO - Filling up the DagBag from /home/airflow/.local/lib/python3.6/site-packages/airflow/example_dags/example_latest_only_with_trigger.py
[2021-05-08 06:51:29,596] {scheduler_job.py:639} INFO - DAG(s) dict_keys(['latest_only_with_trigger']) retrieved from /home/airflow/.local/lib/python3.6/site-packages/airflow/example_dags/example_latest_only_with_trigger.py
[2021-05-08 06:51:29,626] {logging_mixin.py:104} INFO - [2021-05-08 06:51:29,626] {dag.py:1824} INFO - Sync 1 DAGs
[2021-05-08 06:51:29,645] {logging_mixin.py:104} INFO - [2021-05-08 06:51:29,645] {dag.py:2280} INFO - Setting next_dagrun for latest_only_with_trigger to 2021-05-06 00:00:00+00:00
[2021-05-08 06:51:29,659] {scheduler_job.py:190} INFO - Processing /home/airflow/.local/lib/python3.6/site-packages/airflow/example_dags/example_latest_only_with_trigger.py took 0.088 seconds
[2021-05-08 06:52:00,257] {scheduler_job.py:182} INFO - Started process (PID=146) to work on /home/airflow/.local/lib/python3.6/site-packages/airflow/example_dags/example_latest_only_with_trigger.py
[2021-05-08 06:52:00,260] {scheduler_job.py:629} INFO - Processing file /home/airflow/.local/lib/python3.6/site-packages/airflow/example_dags/example_latest_only_with_trigger.py for tasks to queue
[2021-05-08 06:52:00,261] {logging_mixin.py:104} INFO - [2021-05-08 06:52:00,261] {dagbag.py:451} INFO - Filling up the DagBag from /home/airflow/.local/lib/python3.6/site-packages/airflow/example_dags/example_latest_only_with_trigger.py
[2021-05-08 06:52:00,275] {scheduler_job.py:639} INFO - DAG(s) dict_keys(['latest_only_with_trigger']) retrieved from /home/airflow/.local/lib/python3.6/site-packages/airflow/example_dags/example_latest_only_with_trigger.py
[2021-05-08 06:52:00,302] {logging_mixin.py:104} INFO - [2021-05-08 06:52:00,302] {dag.py:1824} INFO - Sync 1 DAGs
[2021-05-08 06:52:00,321] {logging_mixin.py:104} INFO - [2021-05-08 06:52:00,321] {dag.py:2280} INFO - Setting next_dagrun for latest_only_with_trigger to 2021-05-06 00:00:00+00:00
[2021-05-08 06:52:00,334] {scheduler_job.py:190} INFO - Processing /home/airflow/.local/lib/python3.6/site-packages/airflow/example_dags/example_latest_only_with_trigger.py took 0.080 seconds
[2021-05-08 06:52:30,750] {scheduler_job.py:182} INFO - Started process (PID=173) to work on /home/airflow/.local/lib/python3.6/site-packages/airflow/example_dags/example_latest_only_with_trigger.py
[2021-05-08 06:52:30,753] {scheduler_job.py:629} INFO - Processing file /home/airflow/.local/lib/python3.6/site-packages/airflow/example_dags/example_latest_only_with_trigger.py for tasks to queue
[2021-05-08 06:52:30,755] {logging_mixin.py:104} INFO - [2021-05-08 06:52:30,755] {dagbag.py:451} INFO - Filling up the DagBag from /home/airflow/.local/lib/python3.6/site-packages/airflow/example_dags/example_latest_only_with_trigger.py
[2021-05-08 06:52:30,768] {scheduler_job.py:639} INFO - DAG(s) dict_keys(['latest_only_with_trigger']) retrieved from /home/airflow/.local/lib/python3.6/site-packages/airflow/example_dags/example_latest_only_with_trigger.py
[2021-05-08 06:52:30,800] {logging_mixin.py:104} INFO - [2021-05-08 06:52:30,799] {dag.py:1824} INFO - Sync 1 DAGs
[2021-05-08 06:52:30,820] {logging_mixin.py:104} INFO - [2021-05-08 06:52:30,819] {dag.py:2280} INFO - Setting next_dagrun for latest_only_with_trigger to 2021-05-06 00:00:00+00:00
[2021-05-08 06:52:30,833] {scheduler_job.py:190} INFO - Processing /home/airflow/.local/lib/python3.6/site-packages/airflow/example_dags/example_latest_only_with_trigger.py took 0.088 seconds
[2021-05-08 06:53:01,385] {scheduler_job.py:182} INFO - Started process (PID=200) to work on /home/airflow/.local/lib/python3.6/site-packages/airflow/example_dags/example_latest_only_with_trigger.py
[2021-05-08 06:53:01,387] {scheduler_job.py:629} INFO - Processing file /home/airflow/.local/lib/python3.6/site-packages/airflow/example_dags/example_latest_only_with_trigger.py for tasks to queue
[2021-05-08 06:53:01,389] {logging_mixin.py:104} INFO - [2021-05-08 06:53:01,389] {dagbag.py:451} INFO - Filling up the DagBag from /home/airflow/.local/lib/python3.6/site-packages/airflow/example_dags/example_latest_only_with_trigger.py
[2021-05-08 06:53:01,404] {scheduler_job.py:639} INFO - DAG(s) dict_keys(['latest_only_with_trigger']) retrieved from /home/airflow/.local/lib/python3.6/site-packages/airflow/example_dags/example_latest_only_with_trigger.py
[2021-05-08 06:53:01,441] {logging_mixin.py:104} INFO - [2021-05-08 06:53:01,441] {dag.py:1824} INFO - Sync 1 DAGs
[2021-05-08 06:53:01,462] {logging_mixin.py:104} INFO - [2021-05-08 06:53:01,462] {dag.py:2280} INFO - Setting next_dagrun for latest_only_with_trigger to 2021-05-06 00:00:00+00:00
[2021-05-08 06:53:01,477] {scheduler_job.py:190} INFO - Processing /home/airflow/.local/lib/python3.6/site-packages/airflow/example_dags/example_latest_only_with_trigger.py took 0.097 seconds
[2021-05-08 06:53:32,171] {scheduler_job.py:182} INFO - Started process (PID=227) to work on /home/airflow/.local/lib/python3.6/site-packages/airflow/example_dags/example_latest_only_with_trigger.py
[2021-05-08 06:53:32,174] {scheduler_job.py:629} INFO - Processing file /home/airflow/.local/lib/python3.6/site-packages/airflow/example_dags/example_latest_only_with_trigger.py for tasks to queue
[2021-05-08 06:53:32,175] {logging_mixin.py:104} INFO - [2021-05-08 06:53:32,175] {dagbag.py:451} INFO - Filling up the DagBag from /home/airflow/.local/lib/python3.6/site-packages/airflow/example_dags/example_latest_only_with_trigger.py
[2021-05-08 06:53:32,189] {scheduler_job.py:639} INFO - DAG(s) dict_keys(['latest_only_with_trigger']) retrieved from /home/airflow/.local/lib/python3.6/site-packages/airflow/example_dags/example_latest_only_with_trigger.py
[2021-05-08 06:53:32,216] {logging_mixin.py:104} INFO - [2021-05-08 06:53:32,216] {dag.py:1824} INFO - Sync 1 DAGs
[2021-05-08 06:53:32,234] {logging_mixin.py:104} INFO - [2021-05-08 06:53:32,234] {dag.py:2280} INFO - Setting next_dagrun for latest_only_with_trigger to 2021-05-06 00:00:00+00:00
[2021-05-08 06:53:32,246] {scheduler_job.py:190} INFO - Processing /home/airflow/.local/lib/python3.6/site-packages/airflow/example_dags/example_latest_only_with_trigger.py took 0.079 seconds
[2021-05-08 06:54:02,764] {scheduler_job.py:182} INFO - Started process (PID=254) to work on /home/airflow/.local/lib/python3.6/site-packages/airflow/example_dags/example_latest_only_with_trigger.py
[2021-05-08 06:54:02,766] {scheduler_job.py:629} INFO - Processing file /home/airflow/.local/lib/python3.6/site-packages/airflow/example_dags/example_latest_only_with_trigger.py for tasks to queue
[2021-05-08 06:54:02,768] {logging_mixin.py:104} INFO - [2021-05-08 06:54:02,768] {dagbag.py:451} INFO - Filling up the DagBag from /home/airflow/.local/lib/python3.6/site-packages/airflow/example_dags/example_latest_only_with_trigger.py
[2021-05-08 06:54:02,785] {scheduler_job.py:639} INFO - DAG(s) dict_keys(['latest_only_with_trigger']) retrieved from /home/airflow/.local/lib/python3.6/site-packages/airflow/example_dags/example_latest_only_with_trigger.py
[2021-05-08 06:54:02,815] {logging_mixin.py:104} INFO - [2021-05-08 06:54:02,814] {dag.py:1824} INFO - Sync 1 DAGs
[2021-05-08 06:54:02,832] {logging_mixin.py:104} INFO - [2021-05-08 06:54:02,832] {dag.py:2280} INFO - Setting next_dagrun for latest_only_with_trigger to 2021-05-06 00:00:00+00:00
[2021-05-08 06:54:02,848] {scheduler_job.py:190} INFO - Processing /home/airflow/.local/lib/python3.6/site-packages/airflow/example_dags/example_latest_only_with_trigger.py took 0.088 seconds
[2021-05-08 06:54:33,555] {scheduler_job.py:182} INFO - Started process (PID=281) to work on /home/airflow/.local/lib/python3.6/site-packages/airflow/example_dags/example_latest_only_with_trigger.py
[2021-05-08 06:54:33,558] {scheduler_job.py:629} INFO - Processing file /home/airflow/.local/lib/python3.6/site-packages/airflow/example_dags/example_latest_only_with_trigger.py for tasks to queue
[2021-05-08 06:54:33,561] {logging_mixin.py:104} INFO - [2021-05-08 06:54:33,561] {dagbag.py:451} INFO - Filling up the DagBag from /home/airflow/.local/lib/python3.6/site-packages/airflow/example_dags/example_latest_only_with_trigger.py
[2021-05-08 06:54:33,582] {scheduler_job.py:639} INFO - DAG(s) dict_keys(['latest_only_with_trigger']) retrieved from /home/airflow/.local/lib/python3.6/site-packages/airflow/example_dags/example_latest_only_with_trigger.py
[2021-05-08 06:54:33,626] {logging_mixin.py:104} INFO - [2021-05-08 06:54:33,626] {dag.py:1824} INFO - Sync 1 DAGs
[2021-05-08 06:54:33,655] {logging_mixin.py:104} INFO - [2021-05-08 06:54:33,655] {dag.py:2280} INFO - Setting next_dagrun for latest_only_with_trigger to 2021-05-06 00:00:00+00:00
[2021-05-08 06:54:33,674] {scheduler_job.py:190} INFO - Processing /home/airflow/.local/lib/python3.6/site-packages/airflow/example_dags/example_latest_only_with_trigger.py took 0.124 seconds
[2021-05-08 06:55:04,359] {scheduler_job.py:182} INFO - Started process (PID=308) to work on /home/airflow/.local/lib/python3.6/site-packages/airflow/example_dags/example_latest_only_with_trigger.py
[2021-05-08 06:55:04,361] {scheduler_job.py:629} INFO - Processing file /home/airflow/.local/lib/python3.6/site-packages/airflow/example_dags/example_latest_only_with_trigger.py for tasks to queue
[2021-05-08 06:55:04,363] {logging_mixin.py:104} INFO - [2021-05-08 06:55:04,362] {dagbag.py:451} INFO - Filling up the DagBag from /home/airflow/.local/lib/python3.6/site-packages/airflow/example_dags/example_latest_only_with_trigger.py
[2021-05-08 06:55:04,377] {scheduler_job.py:639} INFO - DAG(s) dict_keys(['latest_only_with_trigger']) retrieved from /home/airflow/.local/lib/python3.6/site-packages/airflow/example_dags/example_latest_only_with_trigger.py
[2021-05-08 06:55:04,406] {logging_mixin.py:104} INFO - [2021-05-08 06:55:04,405] {dag.py:1824} INFO - Sync 1 DAGs
[2021-05-08 06:55:04,425] {logging_mixin.py:104} INFO - [2021-05-08 06:55:04,425] {dag.py:2280} INFO - Setting next_dagrun for latest_only_with_trigger to 2021-05-06 00:00:00+00:00
[2021-05-08 06:55:04,437] {scheduler_job.py:190} INFO - Processing /home/airflow/.local/lib/python3.6/site-packages/airflow/example_dags/example_latest_only_with_trigger.py took 0.083 seconds
[2021-05-08 06:55:34,785] {scheduler_job.py:182} INFO - Started process (PID=335) to work on /home/airflow/.local/lib/python3.6/site-packages/airflow/example_dags/example_latest_only_with_trigger.py
[2021-05-08 06:55:34,788] {scheduler_job.py:629} INFO - Processing file /home/airflow/.local/lib/python3.6/site-packages/airflow/example_dags/example_latest_only_with_trigger.py for tasks to queue
[2021-05-08 06:55:34,790] {logging_mixin.py:104} INFO - [2021-05-08 06:55:34,790] {dagbag.py:451} INFO - Filling up the DagBag from /home/airflow/.local/lib/python3.6/site-packages/airflow/example_dags/example_latest_only_with_trigger.py
[2021-05-08 06:55:34,803] {scheduler_job.py:639} INFO - DAG(s) dict_keys(['latest_only_with_trigger']) retrieved from /home/airflow/.local/lib/python3.6/site-packages/airflow/example_dags/example_latest_only_with_trigger.py
[2021-05-08 06:55:34,834] {logging_mixin.py:104} INFO - [2021-05-08 06:55:34,833] {dag.py:1824} INFO - Sync 1 DAGs
[2021-05-08 06:55:34,852] {logging_mixin.py:104} INFO - [2021-05-08 06:55:34,851] {dag.py:2280} INFO - Setting next_dagrun for latest_only_with_trigger to 2021-05-06 00:00:00+00:00
[2021-05-08 06:55:34,870] {scheduler_job.py:190} INFO - Processing /home/airflow/.local/lib/python3.6/site-packages/airflow/example_dags/example_latest_only_with_trigger.py took 0.090 seconds
[2021-05-08 06:56:05,476] {scheduler_job.py:182} INFO - Started process (PID=362) to work on /home/airflow/.local/lib/python3.6/site-packages/airflow/example_dags/example_latest_only_with_trigger.py
[2021-05-08 06:56:05,479] {scheduler_job.py:629} INFO - Processing file /home/airflow/.local/lib/python3.6/site-packages/airflow/example_dags/example_latest_only_with_trigger.py for tasks to queue
[2021-05-08 06:56:05,481] {logging_mixin.py:104} INFO - [2021-05-08 06:56:05,481] {dagbag.py:451} INFO - Filling up the DagBag from /home/airflow/.local/lib/python3.6/site-packages/airflow/example_dags/example_latest_only_with_trigger.py
[2021-05-08 06:56:05,498] {scheduler_job.py:639} INFO - DAG(s) dict_keys(['latest_only_with_trigger']) retrieved from /home/airflow/.local/lib/python3.6/site-packages/airflow/example_dags/example_latest_only_with_trigger.py
[2021-05-08 06:56:05,536] {logging_mixin.py:104} INFO - [2021-05-08 06:56:05,536] {dag.py:1824} INFO - Sync 1 DAGs
[2021-05-08 06:56:05,564] {logging_mixin.py:104} INFO - [2021-05-08 06:56:05,564] {dag.py:2280} INFO - Setting next_dagrun for latest_only_with_trigger to 2021-05-06 00:00:00+00:00
[2021-05-08 06:56:05,579] {scheduler_job.py:190} INFO - Processing /home/airflow/.local/lib/python3.6/site-packages/airflow/example_dags/example_latest_only_with_trigger.py took 0.110 seconds
[2021-05-08 06:56:36,095] {scheduler_job.py:182} INFO - Started process (PID=389) to work on /home/airflow/.local/lib/python3.6/site-packages/airflow/example_dags/example_latest_only_with_trigger.py
[2021-05-08 06:56:36,098] {scheduler_job.py:629} INFO - Processing file /home/airflow/.local/lib/python3.6/site-packages/airflow/example_dags/example_latest_only_with_trigger.py for tasks to queue
[2021-05-08 06:56:36,099] {logging_mixin.py:104} INFO - [2021-05-08 06:56:36,099] {dagbag.py:451} INFO - Filling up the DagBag from /home/airflow/.local/lib/python3.6/site-packages/airflow/example_dags/example_latest_only_with_trigger.py
[2021-05-08 06:56:36,114] {scheduler_job.py:639} INFO - DAG(s) dict_keys(['latest_only_with_trigger']) retrieved from /home/airflow/.local/lib/python3.6/site-packages/airflow/example_dags/example_latest_only_with_trigger.py
[2021-05-08 06:56:36,144] {logging_mixin.py:104} INFO - [2021-05-08 06:56:36,143] {dag.py:1824} INFO - Sync 1 DAGs
[2021-05-08 06:56:36,163] {logging_mixin.py:104} INFO - [2021-05-08 06:56:36,163] {dag.py:2280} INFO - Setting next_dagrun for latest_only_with_trigger to 2021-05-06 00:00:00+00:00
[2021-05-08 06:56:36,177] {scheduler_job.py:190} INFO - Processing /home/airflow/.local/lib/python3.6/site-packages/airflow/example_dags/example_latest_only_with_trigger.py took 0.086 seconds
[2021-05-08 06:57:06,731] {scheduler_job.py:182} INFO - Started process (PID=416) to work on /home/airflow/.local/lib/python3.6/site-packages/airflow/example_dags/example_latest_only_with_trigger.py
[2021-05-08 06:57:06,734] {scheduler_job.py:629} INFO - Processing file /home/airflow/.local/lib/python3.6/site-packages/airflow/example_dags/example_latest_only_with_trigger.py for tasks to queue
[2021-05-08 06:57:06,735] {logging_mixin.py:104} INFO - [2021-05-08 06:57:06,735] {dagbag.py:451} INFO - Filling up the DagBag from /home/airflow/.local/lib/python3.6/site-packages/airflow/example_dags/example_latest_only_with_trigger.py
[2021-05-08 06:57:06,748] {scheduler_job.py:639} INFO - DAG(s) dict_keys(['latest_only_with_trigger']) retrieved from /home/airflow/.local/lib/python3.6/site-packages/airflow/example_dags/example_latest_only_with_trigger.py
[2021-05-08 06:57:06,776] {logging_mixin.py:104} INFO - [2021-05-08 06:57:06,776] {dag.py:1824} INFO - Sync 1 DAGs
[2021-05-08 06:57:06,795] {logging_mixin.py:104} INFO - [2021-05-08 06:57:06,795] {dag.py:2280} INFO - Setting next_dagrun for latest_only_with_trigger to 2021-05-06 00:00:00+00:00
[2021-05-08 06:57:06,807] {scheduler_job.py:190} INFO - Processing /home/airflow/.local/lib/python3.6/site-packages/airflow/example_dags/example_latest_only_with_trigger.py took 0.080 seconds
[2021-05-08 06:57:37,478] {scheduler_job.py:182} INFO - Started process (PID=443) to work on /home/airflow/.local/lib/python3.6/site-packages/airflow/example_dags/example_latest_only_with_trigger.py
[2021-05-08 06:57:37,481] {scheduler_job.py:629} INFO - Processing file /home/airflow/.local/lib/python3.6/site-packages/airflow/example_dags/example_latest_only_with_trigger.py for tasks to queue
[2021-05-08 06:57:37,483] {logging_mixin.py:104} INFO - [2021-05-08 06:57:37,483] {dagbag.py:451} INFO - Filling up the DagBag from /home/airflow/.local/lib/python3.6/site-packages/airflow/example_dags/example_latest_only_with_trigger.py
[2021-05-08 06:57:37,499] {scheduler_job.py:639} INFO - DAG(s) dict_keys(['latest_only_with_trigger']) retrieved from /home/airflow/.local/lib/python3.6/site-packages/airflow/example_dags/example_latest_only_with_trigger.py
[2021-05-08 06:57:37,532] {logging_mixin.py:104} INFO - [2021-05-08 06:57:37,531] {dag.py:1824} INFO - Sync 1 DAGs
[2021-05-08 06:57:37,551] {logging_mixin.py:104} INFO - [2021-05-08 06:57:37,551] {dag.py:2280} INFO - Setting next_dagrun for latest_only_with_trigger to 2021-05-06 00:00:00+00:00
[2021-05-08 06:57:37,565] {scheduler_job.py:190} INFO - Processing /home/airflow/.local/lib/python3.6/site-packages/airflow/example_dags/example_latest_only_with_trigger.py took 0.093 seconds
[2021-05-08 06:58:08,390] {scheduler_job.py:182} INFO - Started process (PID=470) to work on /home/airflow/.local/lib/python3.6/site-packages/airflow/example_dags/example_latest_only_with_trigger.py
[2021-05-08 06:58:08,393] {scheduler_job.py:629} INFO - Processing file /home/airflow/.local/lib/python3.6/site-packages/airflow/example_dags/example_latest_only_with_trigger.py for tasks to queue
[2021-05-08 06:58:08,397] {logging_mixin.py:104} INFO - [2021-05-08 06:58:08,396] {dagbag.py:451} INFO - Filling up the DagBag from /home/airflow/.local/lib/python3.6/site-packages/airflow/example_dags/example_latest_only_with_trigger.py
[2021-05-08 06:58:08,414] {scheduler_job.py:639} INFO - DAG(s) dict_keys(['latest_only_with_trigger']) retrieved from /home/airflow/.local/lib/python3.6/site-packages/airflow/example_dags/example_latest_only_with_trigger.py
[2021-05-08 06:58:08,448] {logging_mixin.py:104} INFO - [2021-05-08 06:58:08,448] {dag.py:1824} INFO - Sync 1 DAGs
[2021-05-08 06:58:08,470] {logging_mixin.py:104} INFO - [2021-05-08 06:58:08,469] {dag.py:2280} INFO - Setting next_dagrun for latest_only_with_trigger to 2021-05-06 00:00:00+00:00
[2021-05-08 06:58:08,485] {scheduler_job.py:190} INFO - Processing /home/airflow/.local/lib/python3.6/site-packages/airflow/example_dags/example_latest_only_with_trigger.py took 0.099 seconds
[2021-05-08 06:58:39,225] {scheduler_job.py:182} INFO - Started process (PID=497) to work on /home/airflow/.local/lib/python3.6/site-packages/airflow/example_dags/example_latest_only_with_trigger.py
[2021-05-08 06:58:39,228] {scheduler_job.py:629} INFO - Processing file /home/airflow/.local/lib/python3.6/site-packages/airflow/example_dags/example_latest_only_with_trigger.py for tasks to queue
[2021-05-08 06:58:39,231] {logging_mixin.py:104} INFO - [2021-05-08 06:58:39,230] {dagbag.py:451} INFO - Filling up the DagBag from /home/airflow/.local/lib/python3.6/site-packages/airflow/example_dags/example_latest_only_with_trigger.py
[2021-05-08 06:58:39,247] {scheduler_job.py:639} INFO - DAG(s) dict_keys(['latest_only_with_trigger']) retrieved from /home/airflow/.local/lib/python3.6/site-packages/airflow/example_dags/example_latest_only_with_trigger.py
[2021-05-08 06:58:39,288] {logging_mixin.py:104} INFO - [2021-05-08 06:58:39,288] {dag.py:1824} INFO - Sync 1 DAGs
[2021-05-08 06:58:39,322] {logging_mixin.py:104} INFO - [2021-05-08 06:58:39,322] {dag.py:2280} INFO - Setting next_dagrun for latest_only_with_trigger to 2021-05-06 00:00:00+00:00
[2021-05-08 06:58:39,351] {scheduler_job.py:190} INFO - Processing /home/airflow/.local/lib/python3.6/site-packages/airflow/example_dags/example_latest_only_with_trigger.py took 0.130 seconds
[2021-05-08 06:59:09,963] {scheduler_job.py:182} INFO - Started process (PID=524) to work on /home/airflow/.local/lib/python3.6/site-packages/airflow/example_dags/example_latest_only_with_trigger.py
[2021-05-08 06:59:09,966] {scheduler_job.py:629} INFO - Processing file /home/airflow/.local/lib/python3.6/site-packages/airflow/example_dags/example_latest_only_with_trigger.py for tasks to queue
[2021-05-08 06:59:09,967] {logging_mixin.py:104} INFO - [2021-05-08 06:59:09,967] {dagbag.py:451} INFO - Filling up the DagBag from /home/airflow/.local/lib/python3.6/site-packages/airflow/example_dags/example_latest_only_with_trigger.py
[2021-05-08 06:59:09,987] {scheduler_job.py:639} INFO - DAG(s) dict_keys(['latest_only_with_trigger']) retrieved from /home/airflow/.local/lib/python3.6/site-packages/airflow/example_dags/example_latest_only_with_trigger.py
[2021-05-08 06:59:10,021] {logging_mixin.py:104} INFO - [2021-05-08 06:59:10,021] {dag.py:1824} INFO - Sync 1 DAGs
[2021-05-08 06:59:10,041] {logging_mixin.py:104} INFO - [2021-05-08 06:59:10,041] {dag.py:2280} INFO - Setting next_dagrun for latest_only_with_trigger to 2021-05-06 00:00:00+00:00
[2021-05-08 06:59:10,058] {scheduler_job.py:190} INFO - Processing /home/airflow/.local/lib/python3.6/site-packages/airflow/example_dags/example_latest_only_with_trigger.py took 0.100 seconds
[2021-05-08 06:59:40,859] {scheduler_job.py:182} INFO - Started process (PID=551) to work on /home/airflow/.local/lib/python3.6/site-packages/airflow/example_dags/example_latest_only_with_trigger.py
[2021-05-08 06:59:40,863] {scheduler_job.py:629} INFO - Processing file /home/airflow/.local/lib/python3.6/site-packages/airflow/example_dags/example_latest_only_with_trigger.py for tasks to queue
[2021-05-08 06:59:40,865] {logging_mixin.py:104} INFO - [2021-05-08 06:59:40,865] {dagbag.py:451} INFO - Filling up the DagBag from /home/airflow/.local/lib/python3.6/site-packages/airflow/example_dags/example_latest_only_with_trigger.py
[2021-05-08 06:59:40,883] {scheduler_job.py:639} INFO - DAG(s) dict_keys(['latest_only_with_trigger']) retrieved from /home/airflow/.local/lib/python3.6/site-packages/airflow/example_dags/example_latest_only_with_trigger.py
[2021-05-08 06:59:40,923] {logging_mixin.py:104} INFO - [2021-05-08 06:59:40,923] {dag.py:1824} INFO - Sync 1 DAGs
[2021-05-08 06:59:40,945] {logging_mixin.py:104} INFO - [2021-05-08 06:59:40,945] {dag.py:2280} INFO - Setting next_dagrun for latest_only_with_trigger to 2021-05-06 00:00:00+00:00
[2021-05-08 06:59:40,963] {scheduler_job.py:190} INFO - Processing /home/airflow/.local/lib/python3.6/site-packages/airflow/example_dags/example_latest_only_with_trigger.py took 0.109 seconds
[2021-05-08 07:00:11,976] {scheduler_job.py:182} INFO - Started process (PID=578) to work on /home/airflow/.local/lib/python3.6/site-packages/airflow/example_dags/example_latest_only_with_trigger.py
[2021-05-08 07:00:11,979] {scheduler_job.py:629} INFO - Processing file /home/airflow/.local/lib/python3.6/site-packages/airflow/example_dags/example_latest_only_with_trigger.py for tasks to queue
[2021-05-08 07:00:11,982] {logging_mixin.py:104} INFO - [2021-05-08 07:00:11,982] {dagbag.py:451} INFO - Filling up the DagBag from /home/airflow/.local/lib/python3.6/site-packages/airflow/example_dags/example_latest_only_with_trigger.py
[2021-05-08 07:00:12,003] {scheduler_job.py:639} INFO - DAG(s) dict_keys(['latest_only_with_trigger']) retrieved from /home/airflow/.local/lib/python3.6/site-packages/airflow/example_dags/example_latest_only_with_trigger.py
[2021-05-08 07:00:12,038] {logging_mixin.py:104} INFO - [2021-05-08 07:00:12,038] {dag.py:1824} INFO - Sync 1 DAGs
[2021-05-08 07:00:12,059] {logging_mixin.py:104} INFO - [2021-05-08 07:00:12,059] {dag.py:2280} INFO - Setting next_dagrun for latest_only_with_trigger to 2021-05-06 00:00:00+00:00
[2021-05-08 07:00:12,075] {scheduler_job.py:190} INFO - Processing /home/airflow/.local/lib/python3.6/site-packages/airflow/example_dags/example_latest_only_with_trigger.py took 0.107 seconds
[2021-05-08 07:00:42,252] {scheduler_job.py:182} INFO - Started process (PID=605) to work on /home/airflow/.local/lib/python3.6/site-packages/airflow/example_dags/example_latest_only_with_trigger.py
[2021-05-08 07:00:42,254] {scheduler_job.py:629} INFO - Processing file /home/airflow/.local/lib/python3.6/site-packages/airflow/example_dags/example_latest_only_with_trigger.py for tasks to queue
[2021-05-08 07:00:42,256] {logging_mixin.py:104} INFO - [2021-05-08 07:00:42,256] {dagbag.py:451} INFO - Filling up the DagBag from /home/airflow/.local/lib/python3.6/site-packages/airflow/example_dags/example_latest_only_with_trigger.py
[2021-05-08 07:00:42,273] {scheduler_job.py:639} INFO - DAG(s) dict_keys(['latest_only_with_trigger']) retrieved from /home/airflow/.local/lib/python3.6/site-packages/airflow/example_dags/example_latest_only_with_trigger.py
[2021-05-08 07:00:42,306] {logging_mixin.py:104} INFO - [2021-05-08 07:00:42,305] {dag.py:1824} INFO - Sync 1 DAGs
[2021-05-08 07:00:42,329] {logging_mixin.py:104} INFO - [2021-05-08 07:00:42,328] {dag.py:2280} INFO - Setting next_dagrun for latest_only_with_trigger to 2021-05-06 00:00:00+00:00
[2021-05-08 07:00:42,345] {scheduler_job.py:190} INFO - Processing /home/airflow/.local/lib/python3.6/site-packages/airflow/example_dags/example_latest_only_with_trigger.py took 0.099 seconds
[2021-05-08 07:01:12,503] {scheduler_job.py:182} INFO - Started process (PID=632) to work on /home/airflow/.local/lib/python3.6/site-packages/airflow/example_dags/example_latest_only_with_trigger.py
[2021-05-08 07:01:12,505] {scheduler_job.py:629} INFO - Processing file /home/airflow/.local/lib/python3.6/site-packages/airflow/example_dags/example_latest_only_with_trigger.py for tasks to queue
[2021-05-08 07:01:12,507] {logging_mixin.py:104} INFO - [2021-05-08 07:01:12,507] {dagbag.py:451} INFO - Filling up the DagBag from /home/airflow/.local/lib/python3.6/site-packages/airflow/example_dags/example_latest_only_with_trigger.py
[2021-05-08 07:01:12,524] {scheduler_job.py:639} INFO - DAG(s) dict_keys(['latest_only_with_trigger']) retrieved from /home/airflow/.local/lib/python3.6/site-packages/airflow/example_dags/example_latest_only_with_trigger.py
[2021-05-08 07:01:12,560] {logging_mixin.py:104} INFO - [2021-05-08 07:01:12,560] {dag.py:1824} INFO - Sync 1 DAGs
[2021-05-08 07:01:12,585] {logging_mixin.py:104} INFO - [2021-05-08 07:01:12,585] {dag.py:2280} INFO - Setting next_dagrun for latest_only_with_trigger to 2021-05-06 00:00:00+00:00
[2021-05-08 07:01:12,600] {scheduler_job.py:190} INFO - Processing /home/airflow/.local/lib/python3.6/site-packages/airflow/example_dags/example_latest_only_with_trigger.py took 0.102 seconds
[2021-05-08 07:01:43,455] {scheduler_job.py:182} INFO - Started process (PID=662) to work on /home/airflow/.local/lib/python3.6/site-packages/airflow/example_dags/example_latest_only_with_trigger.py
[2021-05-08 07:01:43,457] {scheduler_job.py:629} INFO - Processing file /home/airflow/.local/lib/python3.6/site-packages/airflow/example_dags/example_latest_only_with_trigger.py for tasks to queue
[2021-05-08 07:01:43,459] {logging_mixin.py:104} INFO - [2021-05-08 07:01:43,459] {dagbag.py:451} INFO - Filling up the DagBag from /home/airflow/.local/lib/python3.6/site-packages/airflow/example_dags/example_latest_only_with_trigger.py
[2021-05-08 07:01:43,475] {scheduler_job.py:639} INFO - DAG(s) dict_keys(['latest_only_with_trigger']) retrieved from /home/airflow/.local/lib/python3.6/site-packages/airflow/example_dags/example_latest_only_with_trigger.py
[2021-05-08 07:01:43,516] {logging_mixin.py:104} INFO - [2021-05-08 07:01:43,516] {dag.py:1824} INFO - Sync 1 DAGs
[2021-05-08 07:01:43,542] {logging_mixin.py:104} INFO - [2021-05-08 07:01:43,541] {dag.py:2280} INFO - Setting next_dagrun for latest_only_with_trigger to 2021-05-06 00:00:00+00:00
[2021-05-08 07:01:43,560] {scheduler_job.py:190} INFO - Processing /home/airflow/.local/lib/python3.6/site-packages/airflow/example_dags/example_latest_only_with_trigger.py took 0.110 seconds
[2021-05-08 07:02:14,250] {scheduler_job.py:182} INFO - Started process (PID=689) to work on /home/airflow/.local/lib/python3.6/site-packages/airflow/example_dags/example_latest_only_with_trigger.py
[2021-05-08 07:02:14,253] {scheduler_job.py:629} INFO - Processing file /home/airflow/.local/lib/python3.6/site-packages/airflow/example_dags/example_latest_only_with_trigger.py for tasks to queue
[2021-05-08 07:02:14,256] {logging_mixin.py:104} INFO - [2021-05-08 07:02:14,255] {dagbag.py:451} INFO - Filling up the DagBag from /home/airflow/.local/lib/python3.6/site-packages/airflow/example_dags/example_latest_only_with_trigger.py
[2021-05-08 07:02:14,271] {scheduler_job.py:639} INFO - DAG(s) dict_keys(['latest_only_with_trigger']) retrieved from /home/airflow/.local/lib/python3.6/site-packages/airflow/example_dags/example_latest_only_with_trigger.py
[2021-05-08 07:02:14,303] {logging_mixin.py:104} INFO - [2021-05-08 07:02:14,303] {dag.py:1824} INFO - Sync 1 DAGs
[2021-05-08 07:02:14,326] {logging_mixin.py:104} INFO - [2021-05-08 07:02:14,326] {dag.py:2280} INFO - Setting next_dagrun for latest_only_with_trigger to 2021-05-06 00:00:00+00:00
[2021-05-08 07:02:14,341] {scheduler_job.py:190} INFO - Processing /home/airflow/.local/lib/python3.6/site-packages/airflow/example_dags/example_latest_only_with_trigger.py took 0.096 seconds
[2021-05-08 07:02:45,093] {scheduler_job.py:182} INFO - Started process (PID=716) to work on /home/airflow/.local/lib/python3.6/site-packages/airflow/example_dags/example_latest_only_with_trigger.py
[2021-05-08 07:02:45,097] {scheduler_job.py:629} INFO - Processing file /home/airflow/.local/lib/python3.6/site-packages/airflow/example_dags/example_latest_only_with_trigger.py for tasks to queue
[2021-05-08 07:02:45,099] {logging_mixin.py:104} INFO - [2021-05-08 07:02:45,099] {dagbag.py:451} INFO - Filling up the DagBag from /home/airflow/.local/lib/python3.6/site-packages/airflow/example_dags/example_latest_only_with_trigger.py
[2021-05-08 07:02:45,125] {scheduler_job.py:639} INFO - DAG(s) dict_keys(['latest_only_with_trigger']) retrieved from /home/airflow/.local/lib/python3.6/site-packages/airflow/example_dags/example_latest_only_with_trigger.py
[2021-05-08 07:02:45,172] {logging_mixin.py:104} INFO - [2021-05-08 07:02:45,171] {dag.py:1824} INFO - Sync 1 DAGs
[2021-05-08 07:02:45,215] {logging_mixin.py:104} INFO - [2021-05-08 07:02:45,214] {dag.py:2280} INFO - Setting next_dagrun for latest_only_with_trigger to 2021-05-06 00:00:00+00:00
[2021-05-08 07:02:45,239] {scheduler_job.py:190} INFO - Processing /home/airflow/.local/lib/python3.6/site-packages/airflow/example_dags/example_latest_only_with_trigger.py took 0.154 seconds
[2021-05-08 07:03:15,741] {scheduler_job.py:182} INFO - Started process (PID=743) to work on /home/airflow/.local/lib/python3.6/site-packages/airflow/example_dags/example_latest_only_with_trigger.py
[2021-05-08 07:03:15,744] {scheduler_job.py:629} INFO - Processing file /home/airflow/.local/lib/python3.6/site-packages/airflow/example_dags/example_latest_only_with_trigger.py for tasks to queue
[2021-05-08 07:03:15,746] {logging_mixin.py:104} INFO - [2021-05-08 07:03:15,746] {dagbag.py:451} INFO - Filling up the DagBag from /home/airflow/.local/lib/python3.6/site-packages/airflow/example_dags/example_latest_only_with_trigger.py
[2021-05-08 07:03:15,763] {scheduler_job.py:639} INFO - DAG(s) dict_keys(['latest_only_with_trigger']) retrieved from /home/airflow/.local/lib/python3.6/site-packages/airflow/example_dags/example_latest_only_with_trigger.py
[2021-05-08 07:03:15,801] {logging_mixin.py:104} INFO - [2021-05-08 07:03:15,801] {dag.py:1824} INFO - Sync 1 DAGs
[2021-05-08 07:03:15,827] {logging_mixin.py:104} INFO - [2021-05-08 07:03:15,826] {dag.py:2280} INFO - Setting next_dagrun for latest_only_with_trigger to 2021-05-06 00:00:00+00:00
[2021-05-08 07:03:15,846] {scheduler_job.py:190} INFO - Processing /home/airflow/.local/lib/python3.6/site-packages/airflow/example_dags/example_latest_only_with_trigger.py took 0.111 seconds
[2021-05-08 07:03:46,703] {scheduler_job.py:182} INFO - Started process (PID=770) to work on /home/airflow/.local/lib/python3.6/site-packages/airflow/example_dags/example_latest_only_with_trigger.py
[2021-05-08 07:03:46,706] {scheduler_job.py:629} INFO - Processing file /home/airflow/.local/lib/python3.6/site-packages/airflow/example_dags/example_latest_only_with_trigger.py for tasks to queue
[2021-05-08 07:03:46,708] {logging_mixin.py:104} INFO - [2021-05-08 07:03:46,708] {dagbag.py:451} INFO - Filling up the DagBag from /home/airflow/.local/lib/python3.6/site-packages/airflow/example_dags/example_latest_only_with_trigger.py
[2021-05-08 07:03:46,723] {scheduler_job.py:639} INFO - DAG(s) dict_keys(['latest_only_with_trigger']) retrieved from /home/airflow/.local/lib/python3.6/site-packages/airflow/example_dags/example_latest_only_with_trigger.py
[2021-05-08 07:03:46,759] {logging_mixin.py:104} INFO - [2021-05-08 07:03:46,759] {dag.py:1824} INFO - Sync 1 DAGs
[2021-05-08 07:03:46,786] {logging_mixin.py:104} INFO - [2021-05-08 07:03:46,786] {dag.py:2280} INFO - Setting next_dagrun for latest_only_with_trigger to 2021-05-06 00:00:00+00:00
[2021-05-08 07:03:46,800] {scheduler_job.py:190} INFO - Processing /home/airflow/.local/lib/python3.6/site-packages/airflow/example_dags/example_latest_only_with_trigger.py took 0.103 seconds
[2021-05-08 07:04:17,503] {scheduler_job.py:182} INFO - Started process (PID=797) to work on /home/airflow/.local/lib/python3.6/site-packages/airflow/example_dags/example_latest_only_with_trigger.py
[2021-05-08 07:04:17,505] {scheduler_job.py:629} INFO - Processing file /home/airflow/.local/lib/python3.6/site-packages/airflow/example_dags/example_latest_only_with_trigger.py for tasks to queue
[2021-05-08 07:04:17,507] {logging_mixin.py:104} INFO - [2021-05-08 07:04:17,507] {dagbag.py:451} INFO - Filling up the DagBag from /home/airflow/.local/lib/python3.6/site-packages/airflow/example_dags/example_latest_only_with_trigger.py
[2021-05-08 07:04:17,522] {scheduler_job.py:639} INFO - DAG(s) dict_keys(['latest_only_with_trigger']) retrieved from /home/airflow/.local/lib/python3.6/site-packages/airflow/example_dags/example_latest_only_with_trigger.py
[2021-05-08 07:04:17,554] {logging_mixin.py:104} INFO - [2021-05-08 07:04:17,554] {dag.py:1824} INFO - Sync 1 DAGs
[2021-05-08 07:04:17,577] {logging_mixin.py:104} INFO - [2021-05-08 07:04:17,577] {dag.py:2280} INFO - Setting next_dagrun for latest_only_with_trigger to 2021-05-06 00:00:00+00:00
[2021-05-08 07:04:17,593] {scheduler_job.py:190} INFO - Processing /home/airflow/.local/lib/python3.6/site-packages/airflow/example_dags/example_latest_only_with_trigger.py took 0.094 seconds
[2021-05-08 07:04:48,088] {scheduler_job.py:182} INFO - Started process (PID=824) to work on /home/airflow/.local/lib/python3.6/site-packages/airflow/example_dags/example_latest_only_with_trigger.py
[2021-05-08 07:04:48,090] {scheduler_job.py:629} INFO - Processing file /home/airflow/.local/lib/python3.6/site-packages/airflow/example_dags/example_latest_only_with_trigger.py for tasks to queue
[2021-05-08 07:04:48,093] {logging_mixin.py:104} INFO - [2021-05-08 07:04:48,093] {dagbag.py:451} INFO - Filling up the DagBag from /home/airflow/.local/lib/python3.6/site-packages/airflow/example_dags/example_latest_only_with_trigger.py
[2021-05-08 07:04:48,114] {scheduler_job.py:639} INFO - DAG(s) dict_keys(['latest_only_with_trigger']) retrieved from /home/airflow/.local/lib/python3.6/site-packages/airflow/example_dags/example_latest_only_with_trigger.py
[2021-05-08 07:04:48,148] {logging_mixin.py:104} INFO - [2021-05-08 07:04:48,148] {dag.py:1824} INFO - Sync 1 DAGs
[2021-05-08 07:04:48,171] {logging_mixin.py:104} INFO - [2021-05-08 07:04:48,170] {dag.py:2280} INFO - Setting next_dagrun for latest_only_with_trigger to 2021-05-06 00:00:00+00:00
[2021-05-08 07:04:48,186] {scheduler_job.py:190} INFO - Processing /home/airflow/.local/lib/python3.6/site-packages/airflow/example_dags/example_latest_only_with_trigger.py took 0.104 seconds
[2021-05-08 07:05:18,815] {scheduler_job.py:182} INFO - Started process (PID=851) to work on /home/airflow/.local/lib/python3.6/site-packages/airflow/example_dags/example_latest_only_with_trigger.py
[2021-05-08 07:05:18,818] {scheduler_job.py:629} INFO - Processing file /home/airflow/.local/lib/python3.6/site-packages/airflow/example_dags/example_latest_only_with_trigger.py for tasks to queue
[2021-05-08 07:05:18,820] {logging_mixin.py:104} INFO - [2021-05-08 07:05:18,819] {dagbag.py:451} INFO - Filling up the DagBag from /home/airflow/.local/lib/python3.6/site-packages/airflow/example_dags/example_latest_only_with_trigger.py
[2021-05-08 07:05:18,837] {scheduler_job.py:639} INFO - DAG(s) dict_keys(['latest_only_with_trigger']) retrieved from /home/airflow/.local/lib/python3.6/site-packages/airflow/example_dags/example_latest_only_with_trigger.py
[2021-05-08 07:05:18,870] {logging_mixin.py:104} INFO - [2021-05-08 07:05:18,869] {dag.py:1824} INFO - Sync 1 DAGs
[2021-05-08 07:05:18,895] {logging_mixin.py:104} INFO - [2021-05-08 07:05:18,895] {dag.py:2280} INFO - Setting next_dagrun for latest_only_with_trigger to 2021-05-06 00:00:00+00:00
[2021-05-08 07:05:18,910] {scheduler_job.py:190} INFO - Processing /home/airflow/.local/lib/python3.6/site-packages/airflow/example_dags/example_latest_only_with_trigger.py took 0.100 seconds
[2021-05-08 07:05:49,722] {scheduler_job.py:182} INFO - Started process (PID=878) to work on /home/airflow/.local/lib/python3.6/site-packages/airflow/example_dags/example_latest_only_with_trigger.py
[2021-05-08 07:05:49,724] {scheduler_job.py:629} INFO - Processing file /home/airflow/.local/lib/python3.6/site-packages/airflow/example_dags/example_latest_only_with_trigger.py for tasks to queue
[2021-05-08 07:05:49,728] {logging_mixin.py:104} INFO - [2021-05-08 07:05:49,727] {dagbag.py:451} INFO - Filling up the DagBag from /home/airflow/.local/lib/python3.6/site-packages/airflow/example_dags/example_latest_only_with_trigger.py
[2021-05-08 07:05:49,751] {scheduler_job.py:639} INFO - DAG(s) dict_keys(['latest_only_with_trigger']) retrieved from /home/airflow/.local/lib/python3.6/site-packages/airflow/example_dags/example_latest_only_with_trigger.py
[2021-05-08 07:05:49,790] {logging_mixin.py:104} INFO - [2021-05-08 07:05:49,790] {dag.py:1824} INFO - Sync 1 DAGs
[2021-05-08 07:05:49,823] {logging_mixin.py:104} INFO - [2021-05-08 07:05:49,822] {dag.py:2280} INFO - Setting next_dagrun for latest_only_with_trigger to 2021-05-06 00:00:00+00:00
[2021-05-08 07:05:49,843] {scheduler_job.py:190} INFO - Processing /home/airflow/.local/lib/python3.6/site-packages/airflow/example_dags/example_latest_only_with_trigger.py took 0.126 seconds
[2021-05-08 07:06:20,009] {scheduler_job.py:182} INFO - Started process (PID=904) to work on /home/airflow/.local/lib/python3.6/site-packages/airflow/example_dags/example_latest_only_with_trigger.py
[2021-05-08 07:06:20,012] {scheduler_job.py:629} INFO - Processing file /home/airflow/.local/lib/python3.6/site-packages/airflow/example_dags/example_latest_only_with_trigger.py for tasks to queue
[2021-05-08 07:06:20,013] {logging_mixin.py:104} INFO - [2021-05-08 07:06:20,013] {dagbag.py:451} INFO - Filling up the DagBag from /home/airflow/.local/lib/python3.6/site-packages/airflow/example_dags/example_latest_only_with_trigger.py
[2021-05-08 07:06:20,029] {scheduler_job.py:639} INFO - DAG(s) dict_keys(['latest_only_with_trigger']) retrieved from /home/airflow/.local/lib/python3.6/site-packages/airflow/example_dags/example_latest_only_with_trigger.py
[2021-05-08 07:06:20,062] {logging_mixin.py:104} INFO - [2021-05-08 07:06:20,062] {dag.py:1824} INFO - Sync 1 DAGs
[2021-05-08 07:06:20,084] {logging_mixin.py:104} INFO - [2021-05-08 07:06:20,084] {dag.py:2280} INFO - Setting next_dagrun for latest_only_with_trigger to 2021-05-06 00:00:00+00:00
[2021-05-08 07:06:20,099] {scheduler_job.py:190} INFO - Processing /home/airflow/.local/lib/python3.6/site-packages/airflow/example_dags/example_latest_only_with_trigger.py took 0.094 seconds
[2021-05-08 07:06:50,329] {scheduler_job.py:182} INFO - Started process (PID=931) to work on /home/airflow/.local/lib/python3.6/site-packages/airflow/example_dags/example_latest_only_with_trigger.py
[2021-05-08 07:06:50,331] {scheduler_job.py:629} INFO - Processing file /home/airflow/.local/lib/python3.6/site-packages/airflow/example_dags/example_latest_only_with_trigger.py for tasks to queue
[2021-05-08 07:06:50,333] {logging_mixin.py:104} INFO - [2021-05-08 07:06:50,333] {dagbag.py:451} INFO - Filling up the DagBag from /home/airflow/.local/lib/python3.6/site-packages/airflow/example_dags/example_latest_only_with_trigger.py
[2021-05-08 07:06:50,351] {scheduler_job.py:639} INFO - DAG(s) dict_keys(['latest_only_with_trigger']) retrieved from /home/airflow/.local/lib/python3.6/site-packages/airflow/example_dags/example_latest_only_with_trigger.py
[2021-05-08 07:06:50,384] {logging_mixin.py:104} INFO - [2021-05-08 07:06:50,384] {dag.py:1824} INFO - Sync 1 DAGs
[2021-05-08 07:06:50,406] {logging_mixin.py:104} INFO - [2021-05-08 07:06:50,406] {dag.py:2280} INFO - Setting next_dagrun for latest_only_with_trigger to 2021-05-06 00:00:00+00:00
[2021-05-08 07:06:50,422] {scheduler_job.py:190} INFO - Processing /home/airflow/.local/lib/python3.6/site-packages/airflow/example_dags/example_latest_only_with_trigger.py took 0.098 seconds
[2021-05-08 07:07:21,208] {scheduler_job.py:182} INFO - Started process (PID=959) to work on /home/airflow/.local/lib/python3.6/site-packages/airflow/example_dags/example_latest_only_with_trigger.py
[2021-05-08 07:07:21,214] {scheduler_job.py:629} INFO - Processing file /home/airflow/.local/lib/python3.6/site-packages/airflow/example_dags/example_latest_only_with_trigger.py for tasks to queue
[2021-05-08 07:07:21,215] {logging_mixin.py:104} INFO - [2021-05-08 07:07:21,215] {dagbag.py:451} INFO - Filling up the DagBag from /home/airflow/.local/lib/python3.6/site-packages/airflow/example_dags/example_latest_only_with_trigger.py
[2021-05-08 07:07:21,231] {scheduler_job.py:639} INFO - DAG(s) dict_keys(['latest_only_with_trigger']) retrieved from /home/airflow/.local/lib/python3.6/site-packages/airflow/example_dags/example_latest_only_with_trigger.py
[2021-05-08 07:07:21,270] {logging_mixin.py:104} INFO - [2021-05-08 07:07:21,270] {dag.py:1824} INFO - Sync 1 DAGs
[2021-05-08 07:07:21,298] {logging_mixin.py:104} INFO - [2021-05-08 07:07:21,298] {dag.py:2280} INFO - Setting next_dagrun for latest_only_with_trigger to 2021-05-06 00:00:00+00:00
[2021-05-08 07:07:21,315] {scheduler_job.py:190} INFO - Processing /home/airflow/.local/lib/python3.6/site-packages/airflow/example_dags/example_latest_only_with_trigger.py took 0.116 seconds
[2021-05-08 07:07:52,141] {scheduler_job.py:182} INFO - Started process (PID=986) to work on /home/airflow/.local/lib/python3.6/site-packages/airflow/example_dags/example_latest_only_with_trigger.py
[2021-05-08 07:07:52,143] {scheduler_job.py:629} INFO - Processing file /home/airflow/.local/lib/python3.6/site-packages/airflow/example_dags/example_latest_only_with_trigger.py for tasks to queue
[2021-05-08 07:07:52,146] {logging_mixin.py:104} INFO - [2021-05-08 07:07:52,145] {dagbag.py:451} INFO - Filling up the DagBag from /home/airflow/.local/lib/python3.6/site-packages/airflow/example_dags/example_latest_only_with_trigger.py
[2021-05-08 07:07:52,162] {scheduler_job.py:639} INFO - DAG(s) dict_keys(['latest_only_with_trigger']) retrieved from /home/airflow/.local/lib/python3.6/site-packages/airflow/example_dags/example_latest_only_with_trigger.py
[2021-05-08 07:07:52,198] {logging_mixin.py:104} INFO - [2021-05-08 07:07:52,198] {dag.py:1824} INFO - Sync 1 DAGs
[2021-05-08 07:07:52,219] {logging_mixin.py:104} INFO - [2021-05-08 07:07:52,219] {dag.py:2280} INFO - Setting next_dagrun for latest_only_with_trigger to 2021-05-06 00:00:00+00:00
[2021-05-08 07:07:52,235] {scheduler_job.py:190} INFO - Processing /home/airflow/.local/lib/python3.6/site-packages/airflow/example_dags/example_latest_only_with_trigger.py took 0.099 seconds
[2021-05-08 07:08:23,493] {scheduler_job.py:182} INFO - Started process (PID=1013) to work on /home/airflow/.local/lib/python3.6/site-packages/airflow/example_dags/example_latest_only_with_trigger.py
[2021-05-08 07:08:23,498] {scheduler_job.py:629} INFO - Processing file /home/airflow/.local/lib/python3.6/site-packages/airflow/example_dags/example_latest_only_with_trigger.py for tasks to queue
[2021-05-08 07:08:23,501] {logging_mixin.py:104} INFO - [2021-05-08 07:08:23,500] {dagbag.py:451} INFO - Filling up the DagBag from /home/airflow/.local/lib/python3.6/site-packages/airflow/example_dags/example_latest_only_with_trigger.py
[2021-05-08 07:08:23,534] {scheduler_job.py:639} INFO - DAG(s) dict_keys(['latest_only_with_trigger']) retrieved from /home/airflow/.local/lib/python3.6/site-packages/airflow/example_dags/example_latest_only_with_trigger.py
[2021-05-08 07:08:23,612] {logging_mixin.py:104} INFO - [2021-05-08 07:08:23,611] {dag.py:1824} INFO - Sync 1 DAGs
[2021-05-08 07:08:23,665] {logging_mixin.py:104} INFO - [2021-05-08 07:08:23,664] {dag.py:2280} INFO - Setting next_dagrun for latest_only_with_trigger to 2021-05-06 00:00:00+00:00
[2021-05-08 07:08:23,699] {scheduler_job.py:190} INFO - Processing /home/airflow/.local/lib/python3.6/site-packages/airflow/example_dags/example_latest_only_with_trigger.py took 0.218 seconds
[2021-05-08 07:08:53,929] {scheduler_job.py:182} INFO - Started process (PID=1037) to work on /home/airflow/.local/lib/python3.6/site-packages/airflow/example_dags/example_latest_only_with_trigger.py
[2021-05-08 07:08:53,937] {scheduler_job.py:629} INFO - Processing file /home/airflow/.local/lib/python3.6/site-packages/airflow/example_dags/example_latest_only_with_trigger.py for tasks to queue
[2021-05-08 07:08:53,941] {logging_mixin.py:104} INFO - [2021-05-08 07:08:53,941] {dagbag.py:451} INFO - Filling up the DagBag from /home/airflow/.local/lib/python3.6/site-packages/airflow/example_dags/example_latest_only_with_trigger.py
[2021-05-08 07:08:53,990] {scheduler_job.py:639} INFO - DAG(s) dict_keys(['latest_only_with_trigger']) retrieved from /home/airflow/.local/lib/python3.6/site-packages/airflow/example_dags/example_latest_only_with_trigger.py
[2021-05-08 07:08:54,079] {logging_mixin.py:104} INFO - [2021-05-08 07:08:54,078] {dag.py:1824} INFO - Sync 1 DAGs
[2021-05-08 07:08:54,135] {logging_mixin.py:104} INFO - [2021-05-08 07:08:54,135] {dag.py:2280} INFO - Setting next_dagrun for latest_only_with_trigger to 2021-05-06 00:00:00+00:00
[2021-05-08 07:08:54,184] {scheduler_job.py:190} INFO - Processing /home/airflow/.local/lib/python3.6/site-packages/airflow/example_dags/example_latest_only_with_trigger.py took 0.271 seconds
[2021-05-08 07:09:24,662] {scheduler_job.py:182} INFO - Started process (PID=1064) to work on /home/airflow/.local/lib/python3.6/site-packages/airflow/example_dags/example_latest_only_with_trigger.py
[2021-05-08 07:09:24,672] {scheduler_job.py:629} INFO - Processing file /home/airflow/.local/lib/python3.6/site-packages/airflow/example_dags/example_latest_only_with_trigger.py for tasks to queue
[2021-05-08 07:09:24,679] {logging_mixin.py:104} INFO - [2021-05-08 07:09:24,678] {dagbag.py:451} INFO - Filling up the DagBag from /home/airflow/.local/lib/python3.6/site-packages/airflow/example_dags/example_latest_only_with_trigger.py
[2021-05-08 07:09:24,745] {scheduler_job.py:639} INFO - DAG(s) dict_keys(['latest_only_with_trigger']) retrieved from /home/airflow/.local/lib/python3.6/site-packages/airflow/example_dags/example_latest_only_with_trigger.py
[2021-05-08 07:09:24,858] {logging_mixin.py:104} INFO - [2021-05-08 07:09:24,857] {dag.py:1824} INFO - Sync 1 DAGs
[2021-05-08 07:09:24,928] {logging_mixin.py:104} INFO - [2021-05-08 07:09:24,928] {dag.py:2280} INFO - Setting next_dagrun for latest_only_with_trigger to 2021-05-06 00:00:00+00:00
[2021-05-08 07:09:24,978] {scheduler_job.py:190} INFO - Processing /home/airflow/.local/lib/python3.6/site-packages/airflow/example_dags/example_latest_only_with_trigger.py took 0.336 seconds
[2021-05-08 07:09:56,443] {scheduler_job.py:182} INFO - Started process (PID=1095) to work on /home/airflow/.local/lib/python3.6/site-packages/airflow/example_dags/example_latest_only_with_trigger.py
[2021-05-08 07:09:56,448] {scheduler_job.py:629} INFO - Processing file /home/airflow/.local/lib/python3.6/site-packages/airflow/example_dags/example_latest_only_with_trigger.py for tasks to queue
[2021-05-08 07:09:56,454] {logging_mixin.py:104} INFO - [2021-05-08 07:09:56,453] {dagbag.py:451} INFO - Filling up the DagBag from /home/airflow/.local/lib/python3.6/site-packages/airflow/example_dags/example_latest_only_with_trigger.py
[2021-05-08 07:09:56,502] {scheduler_job.py:639} INFO - DAG(s) dict_keys(['latest_only_with_trigger']) retrieved from /home/airflow/.local/lib/python3.6/site-packages/airflow/example_dags/example_latest_only_with_trigger.py
[2021-05-08 07:09:56,600] {logging_mixin.py:104} INFO - [2021-05-08 07:09:56,600] {dag.py:1824} INFO - Sync 1 DAGs
[2021-05-08 07:09:56,699] {logging_mixin.py:104} INFO - [2021-05-08 07:09:56,699] {dag.py:2280} INFO - Setting next_dagrun for latest_only_with_trigger to 2021-05-06 00:00:00+00:00
[2021-05-08 07:09:56,731] {scheduler_job.py:190} INFO - Processing /home/airflow/.local/lib/python3.6/site-packages/airflow/example_dags/example_latest_only_with_trigger.py took 0.299 seconds
[2021-05-08 07:10:26,875] {scheduler_job.py:182} INFO - Started process (PID=1122) to work on /home/airflow/.local/lib/python3.6/site-packages/airflow/example_dags/example_latest_only_with_trigger.py
[2021-05-08 07:10:26,879] {scheduler_job.py:629} INFO - Processing file /home/airflow/.local/lib/python3.6/site-packages/airflow/example_dags/example_latest_only_with_trigger.py for tasks to queue
[2021-05-08 07:10:26,882] {logging_mixin.py:104} INFO - [2021-05-08 07:10:26,882] {dagbag.py:451} INFO - Filling up the DagBag from /home/airflow/.local/lib/python3.6/site-packages/airflow/example_dags/example_latest_only_with_trigger.py
[2021-05-08 07:10:26,928] {scheduler_job.py:639} INFO - DAG(s) dict_keys(['latest_only_with_trigger']) retrieved from /home/airflow/.local/lib/python3.6/site-packages/airflow/example_dags/example_latest_only_with_trigger.py
[2021-05-08 07:10:27,009] {logging_mixin.py:104} INFO - [2021-05-08 07:10:27,008] {dag.py:1824} INFO - Sync 1 DAGs
[2021-05-08 07:10:27,051] {logging_mixin.py:104} INFO - [2021-05-08 07:10:27,051] {dag.py:2280} INFO - Setting next_dagrun for latest_only_with_trigger to 2021-05-06 00:00:00+00:00
[2021-05-08 07:10:27,080] {scheduler_job.py:190} INFO - Processing /home/airflow/.local/lib/python3.6/site-packages/airflow/example_dags/example_latest_only_with_trigger.py took 0.214 seconds
[2021-05-08 07:10:57,323] {scheduler_job.py:182} INFO - Started process (PID=1149) to work on /home/airflow/.local/lib/python3.6/site-packages/airflow/example_dags/example_latest_only_with_trigger.py
[2021-05-08 07:10:57,327] {scheduler_job.py:629} INFO - Processing file /home/airflow/.local/lib/python3.6/site-packages/airflow/example_dags/example_latest_only_with_trigger.py for tasks to queue
[2021-05-08 07:10:57,330] {logging_mixin.py:104} INFO - [2021-05-08 07:10:57,329] {dagbag.py:451} INFO - Filling up the DagBag from /home/airflow/.local/lib/python3.6/site-packages/airflow/example_dags/example_latest_only_with_trigger.py
[2021-05-08 07:10:57,359] {scheduler_job.py:639} INFO - DAG(s) dict_keys(['latest_only_with_trigger']) retrieved from /home/airflow/.local/lib/python3.6/site-packages/airflow/example_dags/example_latest_only_with_trigger.py
[2021-05-08 07:10:57,412] {logging_mixin.py:104} INFO - [2021-05-08 07:10:57,412] {dag.py:1824} INFO - Sync 1 DAGs
[2021-05-08 07:10:57,448] {logging_mixin.py:104} INFO - [2021-05-08 07:10:57,448] {dag.py:2280} INFO - Setting next_dagrun for latest_only_with_trigger to 2021-05-06 00:00:00+00:00
[2021-05-08 07:10:57,475] {scheduler_job.py:190} INFO - Processing /home/airflow/.local/lib/python3.6/site-packages/airflow/example_dags/example_latest_only_with_trigger.py took 0.161 seconds
[2021-05-08 07:11:27,682] {scheduler_job.py:182} INFO - Started process (PID=1176) to work on /home/airflow/.local/lib/python3.6/site-packages/airflow/example_dags/example_latest_only_with_trigger.py
[2021-05-08 07:11:27,686] {scheduler_job.py:629} INFO - Processing file /home/airflow/.local/lib/python3.6/site-packages/airflow/example_dags/example_latest_only_with_trigger.py for tasks to queue
[2021-05-08 07:11:27,690] {logging_mixin.py:104} INFO - [2021-05-08 07:11:27,689] {dagbag.py:451} INFO - Filling up the DagBag from /home/airflow/.local/lib/python3.6/site-packages/airflow/example_dags/example_latest_only_with_trigger.py
[2021-05-08 07:11:27,725] {scheduler_job.py:639} INFO - DAG(s) dict_keys(['latest_only_with_trigger']) retrieved from /home/airflow/.local/lib/python3.6/site-packages/airflow/example_dags/example_latest_only_with_trigger.py
[2021-05-08 07:11:27,782] {logging_mixin.py:104} INFO - [2021-05-08 07:11:27,782] {dag.py:1824} INFO - Sync 1 DAGs
[2021-05-08 07:11:27,822] {logging_mixin.py:104} INFO - [2021-05-08 07:11:27,822] {dag.py:2280} INFO - Setting next_dagrun for latest_only_with_trigger to 2021-05-06 00:00:00+00:00
[2021-05-08 07:11:27,848] {scheduler_job.py:190} INFO - Processing /home/airflow/.local/lib/python3.6/site-packages/airflow/example_dags/example_latest_only_with_trigger.py took 0.177 seconds
[2021-05-08 07:11:58,036] {scheduler_job.py:182} INFO - Started process (PID=1203) to work on /home/airflow/.local/lib/python3.6/site-packages/airflow/example_dags/example_latest_only_with_trigger.py
[2021-05-08 07:11:58,040] {scheduler_job.py:629} INFO - Processing file /home/airflow/.local/lib/python3.6/site-packages/airflow/example_dags/example_latest_only_with_trigger.py for tasks to queue
[2021-05-08 07:11:58,043] {logging_mixin.py:104} INFO - [2021-05-08 07:11:58,043] {dagbag.py:451} INFO - Filling up the DagBag from /home/airflow/.local/lib/python3.6/site-packages/airflow/example_dags/example_latest_only_with_trigger.py
[2021-05-08 07:11:58,071] {scheduler_job.py:639} INFO - DAG(s) dict_keys(['latest_only_with_trigger']) retrieved from /home/airflow/.local/lib/python3.6/site-packages/airflow/example_dags/example_latest_only_with_trigger.py
[2021-05-08 07:11:58,124] {logging_mixin.py:104} INFO - [2021-05-08 07:11:58,123] {dag.py:1824} INFO - Sync 1 DAGs
[2021-05-08 07:11:58,159] {logging_mixin.py:104} INFO - [2021-05-08 07:11:58,159] {dag.py:2280} INFO - Setting next_dagrun for latest_only_with_trigger to 2021-05-06 00:00:00+00:00
[2021-05-08 07:11:58,183] {scheduler_job.py:190} INFO - Processing /home/airflow/.local/lib/python3.6/site-packages/airflow/example_dags/example_latest_only_with_trigger.py took 0.156 seconds
[2021-05-08 07:12:28,318] {scheduler_job.py:182} INFO - Started process (PID=1228) to work on /home/airflow/.local/lib/python3.6/site-packages/airflow/example_dags/example_latest_only_with_trigger.py
[2021-05-08 07:12:28,328] {scheduler_job.py:629} INFO - Processing file /home/airflow/.local/lib/python3.6/site-packages/airflow/example_dags/example_latest_only_with_trigger.py for tasks to queue
[2021-05-08 07:12:28,333] {logging_mixin.py:104} INFO - [2021-05-08 07:12:28,332] {dagbag.py:451} INFO - Filling up the DagBag from /home/airflow/.local/lib/python3.6/site-packages/airflow/example_dags/example_latest_only_with_trigger.py
[2021-05-08 07:12:28,376] {scheduler_job.py:639} INFO - DAG(s) dict_keys(['latest_only_with_trigger']) retrieved from /home/airflow/.local/lib/python3.6/site-packages/airflow/example_dags/example_latest_only_with_trigger.py
[2021-05-08 07:12:28,464] {logging_mixin.py:104} INFO - [2021-05-08 07:12:28,463] {dag.py:1824} INFO - Sync 1 DAGs
[2021-05-08 07:12:28,540] {logging_mixin.py:104} INFO - [2021-05-08 07:12:28,539] {dag.py:2280} INFO - Setting next_dagrun for latest_only_with_trigger to 2021-05-06 00:00:00+00:00
[2021-05-08 07:12:28,587] {scheduler_job.py:190} INFO - Processing /home/airflow/.local/lib/python3.6/site-packages/airflow/example_dags/example_latest_only_with_trigger.py took 0.280 seconds
[2021-05-08 07:12:59,068] {scheduler_job.py:182} INFO - Started process (PID=1254) to work on /home/airflow/.local/lib/python3.6/site-packages/airflow/example_dags/example_latest_only_with_trigger.py
[2021-05-08 07:12:59,077] {scheduler_job.py:629} INFO - Processing file /home/airflow/.local/lib/python3.6/site-packages/airflow/example_dags/example_latest_only_with_trigger.py for tasks to queue
[2021-05-08 07:12:59,082] {logging_mixin.py:104} INFO - [2021-05-08 07:12:59,081] {dagbag.py:451} INFO - Filling up the DagBag from /home/airflow/.local/lib/python3.6/site-packages/airflow/example_dags/example_latest_only_with_trigger.py
[2021-05-08 07:12:59,121] {scheduler_job.py:639} INFO - DAG(s) dict_keys(['latest_only_with_trigger']) retrieved from /home/airflow/.local/lib/python3.6/site-packages/airflow/example_dags/example_latest_only_with_trigger.py
[2021-05-08 07:12:59,226] {logging_mixin.py:104} INFO - [2021-05-08 07:12:59,226] {dag.py:1824} INFO - Sync 1 DAGs
[2021-05-08 07:12:59,294] {logging_mixin.py:104} INFO - [2021-05-08 07:12:59,294] {dag.py:2280} INFO - Setting next_dagrun for latest_only_with_trigger to 2021-05-06 00:00:00+00:00
[2021-05-08 07:12:59,336] {scheduler_job.py:190} INFO - Processing /home/airflow/.local/lib/python3.6/site-packages/airflow/example_dags/example_latest_only_with_trigger.py took 0.282 seconds
[2021-05-08 07:13:29,834] {scheduler_job.py:182} INFO - Started process (PID=1281) to work on /home/airflow/.local/lib/python3.6/site-packages/airflow/example_dags/example_latest_only_with_trigger.py
[2021-05-08 07:13:29,841] {scheduler_job.py:629} INFO - Processing file /home/airflow/.local/lib/python3.6/site-packages/airflow/example_dags/example_latest_only_with_trigger.py for tasks to queue
[2021-05-08 07:13:29,849] {logging_mixin.py:104} INFO - [2021-05-08 07:13:29,848] {dagbag.py:451} INFO - Filling up the DagBag from /home/airflow/.local/lib/python3.6/site-packages/airflow/example_dags/example_latest_only_with_trigger.py
[2021-05-08 07:13:29,908] {scheduler_job.py:639} INFO - DAG(s) dict_keys(['latest_only_with_trigger']) retrieved from /home/airflow/.local/lib/python3.6/site-packages/airflow/example_dags/example_latest_only_with_trigger.py
[2021-05-08 07:13:30,021] {logging_mixin.py:104} INFO - [2021-05-08 07:13:30,020] {dag.py:1824} INFO - Sync 1 DAGs
[2021-05-08 07:13:30,120] {logging_mixin.py:104} INFO - [2021-05-08 07:13:30,119] {dag.py:2280} INFO - Setting next_dagrun for latest_only_with_trigger to 2021-05-06 00:00:00+00:00
[2021-05-08 07:13:30,174] {scheduler_job.py:190} INFO - Processing /home/airflow/.local/lib/python3.6/site-packages/airflow/example_dags/example_latest_only_with_trigger.py took 0.355 seconds
[2021-05-08 07:14:00,270] {scheduler_job.py:182} INFO - Started process (PID=1306) to work on /home/airflow/.local/lib/python3.6/site-packages/airflow/example_dags/example_latest_only_with_trigger.py
[2021-05-08 07:14:00,279] {scheduler_job.py:629} INFO - Processing file /home/airflow/.local/lib/python3.6/site-packages/airflow/example_dags/example_latest_only_with_trigger.py for tasks to queue
[2021-05-08 07:14:00,285] {logging_mixin.py:104} INFO - [2021-05-08 07:14:00,285] {dagbag.py:451} INFO - Filling up the DagBag from /home/airflow/.local/lib/python3.6/site-packages/airflow/example_dags/example_latest_only_with_trigger.py
[2021-05-08 07:14:00,363] {scheduler_job.py:639} INFO - DAG(s) dict_keys(['latest_only_with_trigger']) retrieved from /home/airflow/.local/lib/python3.6/site-packages/airflow/example_dags/example_latest_only_with_trigger.py
[2021-05-08 07:14:00,482] {logging_mixin.py:104} INFO - [2021-05-08 07:14:00,482] {dag.py:1824} INFO - Sync 1 DAGs
[2021-05-08 07:14:00,557] {logging_mixin.py:104} INFO - [2021-05-08 07:14:00,556] {dag.py:2280} INFO - Setting next_dagrun for latest_only_with_trigger to 2021-05-06 00:00:00+00:00
[2021-05-08 07:14:00,592] {scheduler_job.py:190} INFO - Processing /home/airflow/.local/lib/python3.6/site-packages/airflow/example_dags/example_latest_only_with_trigger.py took 0.336 seconds
[2021-05-08 07:14:31,517] {scheduler_job.py:182} INFO - Started process (PID=1333) to work on /home/airflow/.local/lib/python3.6/site-packages/airflow/example_dags/example_latest_only_with_trigger.py
[2021-05-08 07:14:31,522] {scheduler_job.py:629} INFO - Processing file /home/airflow/.local/lib/python3.6/site-packages/airflow/example_dags/example_latest_only_with_trigger.py for tasks to queue
[2021-05-08 07:14:31,526] {logging_mixin.py:104} INFO - [2021-05-08 07:14:31,526] {dagbag.py:451} INFO - Filling up the DagBag from /home/airflow/.local/lib/python3.6/site-packages/airflow/example_dags/example_latest_only_with_trigger.py
[2021-05-08 07:14:31,557] {scheduler_job.py:639} INFO - DAG(s) dict_keys(['latest_only_with_trigger']) retrieved from /home/airflow/.local/lib/python3.6/site-packages/airflow/example_dags/example_latest_only_with_trigger.py
[2021-05-08 07:14:31,621] {logging_mixin.py:104} INFO - [2021-05-08 07:14:31,620] {dag.py:1824} INFO - Sync 1 DAGs
[2021-05-08 07:14:31,664] {logging_mixin.py:104} INFO - [2021-05-08 07:14:31,664] {dag.py:2280} INFO - Setting next_dagrun for latest_only_with_trigger to 2021-05-06 00:00:00+00:00
[2021-05-08 07:14:31,691] {scheduler_job.py:190} INFO - Processing /home/airflow/.local/lib/python3.6/site-packages/airflow/example_dags/example_latest_only_with_trigger.py took 0.184 seconds
[2021-05-08 07:15:01,745] {scheduler_job.py:182} INFO - Started process (PID=1360) to work on /home/airflow/.local/lib/python3.6/site-packages/airflow/example_dags/example_latest_only_with_trigger.py
[2021-05-08 07:15:01,748] {scheduler_job.py:629} INFO - Processing file /home/airflow/.local/lib/python3.6/site-packages/airflow/example_dags/example_latest_only_with_trigger.py for tasks to queue
[2021-05-08 07:15:01,751] {logging_mixin.py:104} INFO - [2021-05-08 07:15:01,751] {dagbag.py:451} INFO - Filling up the DagBag from /home/airflow/.local/lib/python3.6/site-packages/airflow/example_dags/example_latest_only_with_trigger.py
[2021-05-08 07:15:01,776] {scheduler_job.py:639} INFO - DAG(s) dict_keys(['latest_only_with_trigger']) retrieved from /home/airflow/.local/lib/python3.6/site-packages/airflow/example_dags/example_latest_only_with_trigger.py
[2021-05-08 07:15:01,845] {logging_mixin.py:104} INFO - [2021-05-08 07:15:01,845] {dag.py:1824} INFO - Sync 1 DAGs
[2021-05-08 07:15:01,890] {logging_mixin.py:104} INFO - [2021-05-08 07:15:01,890] {dag.py:2280} INFO - Setting next_dagrun for latest_only_with_trigger to 2021-05-06 00:00:00+00:00
[2021-05-08 07:15:01,919] {scheduler_job.py:190} INFO - Processing /home/airflow/.local/lib/python3.6/site-packages/airflow/example_dags/example_latest_only_with_trigger.py took 0.182 seconds
[2021-05-08 07:15:32,984] {scheduler_job.py:182} INFO - Started process (PID=1390) to work on /home/airflow/.local/lib/python3.6/site-packages/airflow/example_dags/example_latest_only_with_trigger.py
[2021-05-08 07:15:32,987] {scheduler_job.py:629} INFO - Processing file /home/airflow/.local/lib/python3.6/site-packages/airflow/example_dags/example_latest_only_with_trigger.py for tasks to queue
[2021-05-08 07:15:32,989] {logging_mixin.py:104} INFO - [2021-05-08 07:15:32,988] {dagbag.py:451} INFO - Filling up the DagBag from /home/airflow/.local/lib/python3.6/site-packages/airflow/example_dags/example_latest_only_with_trigger.py
[2021-05-08 07:15:33,005] {scheduler_job.py:639} INFO - DAG(s) dict_keys(['latest_only_with_trigger']) retrieved from /home/airflow/.local/lib/python3.6/site-packages/airflow/example_dags/example_latest_only_with_trigger.py
[2021-05-08 07:15:33,039] {logging_mixin.py:104} INFO - [2021-05-08 07:15:33,039] {dag.py:1824} INFO - Sync 1 DAGs
[2021-05-08 07:15:33,061] {logging_mixin.py:104} INFO - [2021-05-08 07:15:33,061] {dag.py:2280} INFO - Setting next_dagrun for latest_only_with_trigger to 2021-05-06 00:00:00+00:00
[2021-05-08 07:15:33,077] {scheduler_job.py:190} INFO - Processing /home/airflow/.local/lib/python3.6/site-packages/airflow/example_dags/example_latest_only_with_trigger.py took 0.098 seconds
[2021-05-08 07:16:03,755] {scheduler_job.py:182} INFO - Started process (PID=1418) to work on /home/airflow/.local/lib/python3.6/site-packages/airflow/example_dags/example_latest_only_with_trigger.py
[2021-05-08 07:16:03,756] {scheduler_job.py:629} INFO - Processing file /home/airflow/.local/lib/python3.6/site-packages/airflow/example_dags/example_latest_only_with_trigger.py for tasks to queue
[2021-05-08 07:16:03,758] {logging_mixin.py:104} INFO - [2021-05-08 07:16:03,758] {dagbag.py:451} INFO - Filling up the DagBag from /home/airflow/.local/lib/python3.6/site-packages/airflow/example_dags/example_latest_only_with_trigger.py
[2021-05-08 07:16:03,773] {scheduler_job.py:639} INFO - DAG(s) dict_keys(['latest_only_with_trigger']) retrieved from /home/airflow/.local/lib/python3.6/site-packages/airflow/example_dags/example_latest_only_with_trigger.py
[2021-05-08 07:16:03,806] {logging_mixin.py:104} INFO - [2021-05-08 07:16:03,806] {dag.py:1824} INFO - Sync 1 DAGs
[2021-05-08 07:16:03,827] {logging_mixin.py:104} INFO - [2021-05-08 07:16:03,826] {dag.py:2280} INFO - Setting next_dagrun for latest_only_with_trigger to 2021-05-06 00:00:00+00:00
[2021-05-08 07:16:03,843] {scheduler_job.py:190} INFO - Processing /home/airflow/.local/lib/python3.6/site-packages/airflow/example_dags/example_latest_only_with_trigger.py took 0.092 seconds
[2021-05-08 07:16:34,382] {scheduler_job.py:182} INFO - Started process (PID=1445) to work on /home/airflow/.local/lib/python3.6/site-packages/airflow/example_dags/example_latest_only_with_trigger.py
[2021-05-08 07:16:34,385] {scheduler_job.py:629} INFO - Processing file /home/airflow/.local/lib/python3.6/site-packages/airflow/example_dags/example_latest_only_with_trigger.py for tasks to queue
[2021-05-08 07:16:34,386] {logging_mixin.py:104} INFO - [2021-05-08 07:16:34,386] {dagbag.py:451} INFO - Filling up the DagBag from /home/airflow/.local/lib/python3.6/site-packages/airflow/example_dags/example_latest_only_with_trigger.py
[2021-05-08 07:16:34,401] {scheduler_job.py:639} INFO - DAG(s) dict_keys(['latest_only_with_trigger']) retrieved from /home/airflow/.local/lib/python3.6/site-packages/airflow/example_dags/example_latest_only_with_trigger.py
[2021-05-08 07:16:34,430] {logging_mixin.py:104} INFO - [2021-05-08 07:16:34,430] {dag.py:1824} INFO - Sync 1 DAGs
[2021-05-08 07:16:34,449] {logging_mixin.py:104} INFO - [2021-05-08 07:16:34,448] {dag.py:2280} INFO - Setting next_dagrun for latest_only_with_trigger to 2021-05-06 00:00:00+00:00
[2021-05-08 07:16:34,463] {scheduler_job.py:190} INFO - Processing /home/airflow/.local/lib/python3.6/site-packages/airflow/example_dags/example_latest_only_with_trigger.py took 0.086 seconds
[2021-05-08 07:17:05,070] {scheduler_job.py:182} INFO - Started process (PID=1472) to work on /home/airflow/.local/lib/python3.6/site-packages/airflow/example_dags/example_latest_only_with_trigger.py
[2021-05-08 07:17:05,073] {scheduler_job.py:629} INFO - Processing file /home/airflow/.local/lib/python3.6/site-packages/airflow/example_dags/example_latest_only_with_trigger.py for tasks to queue
[2021-05-08 07:17:05,075] {logging_mixin.py:104} INFO - [2021-05-08 07:17:05,075] {dagbag.py:451} INFO - Filling up the DagBag from /home/airflow/.local/lib/python3.6/site-packages/airflow/example_dags/example_latest_only_with_trigger.py
[2021-05-08 07:17:05,094] {scheduler_job.py:639} INFO - DAG(s) dict_keys(['latest_only_with_trigger']) retrieved from /home/airflow/.local/lib/python3.6/site-packages/airflow/example_dags/example_latest_only_with_trigger.py
[2021-05-08 07:17:05,127] {logging_mixin.py:104} INFO - [2021-05-08 07:17:05,127] {dag.py:1824} INFO - Sync 1 DAGs
[2021-05-08 07:17:05,147] {logging_mixin.py:104} INFO - [2021-05-08 07:17:05,147] {dag.py:2280} INFO - Setting next_dagrun for latest_only_with_trigger to 2021-05-06 00:00:00+00:00
[2021-05-08 07:17:05,162] {scheduler_job.py:190} INFO - Processing /home/airflow/.local/lib/python3.6/site-packages/airflow/example_dags/example_latest_only_with_trigger.py took 0.097 seconds
[2021-05-08 07:17:35,662] {scheduler_job.py:182} INFO - Started process (PID=1499) to work on /home/airflow/.local/lib/python3.6/site-packages/airflow/example_dags/example_latest_only_with_trigger.py
[2021-05-08 07:17:35,665] {scheduler_job.py:629} INFO - Processing file /home/airflow/.local/lib/python3.6/site-packages/airflow/example_dags/example_latest_only_with_trigger.py for tasks to queue
[2021-05-08 07:17:35,666] {logging_mixin.py:104} INFO - [2021-05-08 07:17:35,666] {dagbag.py:451} INFO - Filling up the DagBag from /home/airflow/.local/lib/python3.6/site-packages/airflow/example_dags/example_latest_only_with_trigger.py
[2021-05-08 07:17:35,681] {scheduler_job.py:639} INFO - DAG(s) dict_keys(['latest_only_with_trigger']) retrieved from /home/airflow/.local/lib/python3.6/site-packages/airflow/example_dags/example_latest_only_with_trigger.py
[2021-05-08 07:17:35,715] {logging_mixin.py:104} INFO - [2021-05-08 07:17:35,715] {dag.py:1824} INFO - Sync 1 DAGs
[2021-05-08 07:17:35,738] {logging_mixin.py:104} INFO - [2021-05-08 07:17:35,738] {dag.py:2280} INFO - Setting next_dagrun for latest_only_with_trigger to 2021-05-06 00:00:00+00:00
[2021-05-08 07:17:35,751] {scheduler_job.py:190} INFO - Processing /home/airflow/.local/lib/python3.6/site-packages/airflow/example_dags/example_latest_only_with_trigger.py took 0.094 seconds
[2021-05-08 07:18:06,307] {scheduler_job.py:182} INFO - Started process (PID=1526) to work on /home/airflow/.local/lib/python3.6/site-packages/airflow/example_dags/example_latest_only_with_trigger.py
[2021-05-08 07:18:06,309] {scheduler_job.py:629} INFO - Processing file /home/airflow/.local/lib/python3.6/site-packages/airflow/example_dags/example_latest_only_with_trigger.py for tasks to queue
[2021-05-08 07:18:06,312] {logging_mixin.py:104} INFO - [2021-05-08 07:18:06,311] {dagbag.py:451} INFO - Filling up the DagBag from /home/airflow/.local/lib/python3.6/site-packages/airflow/example_dags/example_latest_only_with_trigger.py
[2021-05-08 07:18:06,328] {scheduler_job.py:639} INFO - DAG(s) dict_keys(['latest_only_with_trigger']) retrieved from /home/airflow/.local/lib/python3.6/site-packages/airflow/example_dags/example_latest_only_with_trigger.py
[2021-05-08 07:18:06,361] {logging_mixin.py:104} INFO - [2021-05-08 07:18:06,361] {dag.py:1824} INFO - Sync 1 DAGs
[2021-05-08 07:18:06,380] {logging_mixin.py:104} INFO - [2021-05-08 07:18:06,380] {dag.py:2280} INFO - Setting next_dagrun for latest_only_with_trigger to 2021-05-06 00:00:00+00:00
[2021-05-08 07:18:06,394] {scheduler_job.py:190} INFO - Processing /home/airflow/.local/lib/python3.6/site-packages/airflow/example_dags/example_latest_only_with_trigger.py took 0.092 seconds
[2021-05-08 07:18:37,015] {scheduler_job.py:182} INFO - Started process (PID=1553) to work on /home/airflow/.local/lib/python3.6/site-packages/airflow/example_dags/example_latest_only_with_trigger.py
[2021-05-08 07:18:37,017] {scheduler_job.py:629} INFO - Processing file /home/airflow/.local/lib/python3.6/site-packages/airflow/example_dags/example_latest_only_with_trigger.py for tasks to queue
[2021-05-08 07:18:37,019] {logging_mixin.py:104} INFO - [2021-05-08 07:18:37,019] {dagbag.py:451} INFO - Filling up the DagBag from /home/airflow/.local/lib/python3.6/site-packages/airflow/example_dags/example_latest_only_with_trigger.py
[2021-05-08 07:18:37,033] {scheduler_job.py:639} INFO - DAG(s) dict_keys(['latest_only_with_trigger']) retrieved from /home/airflow/.local/lib/python3.6/site-packages/airflow/example_dags/example_latest_only_with_trigger.py
[2021-05-08 07:18:37,070] {logging_mixin.py:104} INFO - [2021-05-08 07:18:37,070] {dag.py:1824} INFO - Sync 1 DAGs
[2021-05-08 07:18:37,098] {logging_mixin.py:104} INFO - [2021-05-08 07:18:37,098] {dag.py:2280} INFO - Setting next_dagrun for latest_only_with_trigger to 2021-05-06 00:00:00+00:00
[2021-05-08 07:18:37,114] {scheduler_job.py:190} INFO - Processing /home/airflow/.local/lib/python3.6/site-packages/airflow/example_dags/example_latest_only_with_trigger.py took 0.104 seconds
[2021-05-08 07:19:07,808] {scheduler_job.py:182} INFO - Started process (PID=1580) to work on /home/airflow/.local/lib/python3.6/site-packages/airflow/example_dags/example_latest_only_with_trigger.py
[2021-05-08 07:19:07,812] {scheduler_job.py:629} INFO - Processing file /home/airflow/.local/lib/python3.6/site-packages/airflow/example_dags/example_latest_only_with_trigger.py for tasks to queue
[2021-05-08 07:19:07,815] {logging_mixin.py:104} INFO - [2021-05-08 07:19:07,815] {dagbag.py:451} INFO - Filling up the DagBag from /home/airflow/.local/lib/python3.6/site-packages/airflow/example_dags/example_latest_only_with_trigger.py
[2021-05-08 07:19:07,832] {scheduler_job.py:639} INFO - DAG(s) dict_keys(['latest_only_with_trigger']) retrieved from /home/airflow/.local/lib/python3.6/site-packages/airflow/example_dags/example_latest_only_with_trigger.py
[2021-05-08 07:19:07,870] {logging_mixin.py:104} INFO - [2021-05-08 07:19:07,869] {dag.py:1824} INFO - Sync 1 DAGs
[2021-05-08 07:19:07,891] {logging_mixin.py:104} INFO - [2021-05-08 07:19:07,891] {dag.py:2280} INFO - Setting next_dagrun for latest_only_with_trigger to 2021-05-06 00:00:00+00:00
[2021-05-08 07:19:07,903] {scheduler_job.py:190} INFO - Processing /home/airflow/.local/lib/python3.6/site-packages/airflow/example_dags/example_latest_only_with_trigger.py took 0.112 seconds
[2021-05-08 07:19:38,534] {scheduler_job.py:182} INFO - Started process (PID=1607) to work on /home/airflow/.local/lib/python3.6/site-packages/airflow/example_dags/example_latest_only_with_trigger.py
[2021-05-08 07:19:38,536] {scheduler_job.py:629} INFO - Processing file /home/airflow/.local/lib/python3.6/site-packages/airflow/example_dags/example_latest_only_with_trigger.py for tasks to queue
[2021-05-08 07:19:38,538] {logging_mixin.py:104} INFO - [2021-05-08 07:19:38,537] {dagbag.py:451} INFO - Filling up the DagBag from /home/airflow/.local/lib/python3.6/site-packages/airflow/example_dags/example_latest_only_with_trigger.py
[2021-05-08 07:19:38,551] {scheduler_job.py:639} INFO - DAG(s) dict_keys(['latest_only_with_trigger']) retrieved from /home/airflow/.local/lib/python3.6/site-packages/airflow/example_dags/example_latest_only_with_trigger.py
[2021-05-08 07:19:38,578] {logging_mixin.py:104} INFO - [2021-05-08 07:19:38,578] {dag.py:1824} INFO - Sync 1 DAGs
[2021-05-08 07:19:38,598] {logging_mixin.py:104} INFO - [2021-05-08 07:19:38,598] {dag.py:2280} INFO - Setting next_dagrun for latest_only_with_trigger to 2021-05-06 00:00:00+00:00
[2021-05-08 07:19:38,611] {scheduler_job.py:190} INFO - Processing /home/airflow/.local/lib/python3.6/site-packages/airflow/example_dags/example_latest_only_with_trigger.py took 0.081 seconds
[2021-05-08 07:20:09,287] {scheduler_job.py:182} INFO - Started process (PID=1634) to work on /home/airflow/.local/lib/python3.6/site-packages/airflow/example_dags/example_latest_only_with_trigger.py
[2021-05-08 07:20:09,289] {scheduler_job.py:629} INFO - Processing file /home/airflow/.local/lib/python3.6/site-packages/airflow/example_dags/example_latest_only_with_trigger.py for tasks to queue
[2021-05-08 07:20:09,291] {logging_mixin.py:104} INFO - [2021-05-08 07:20:09,290] {dagbag.py:451} INFO - Filling up the DagBag from /home/airflow/.local/lib/python3.6/site-packages/airflow/example_dags/example_latest_only_with_trigger.py
[2021-05-08 07:20:09,305] {scheduler_job.py:639} INFO - DAG(s) dict_keys(['latest_only_with_trigger']) retrieved from /home/airflow/.local/lib/python3.6/site-packages/airflow/example_dags/example_latest_only_with_trigger.py
[2021-05-08 07:20:09,335] {logging_mixin.py:104} INFO - [2021-05-08 07:20:09,335] {dag.py:1824} INFO - Sync 1 DAGs
[2021-05-08 07:20:09,355] {logging_mixin.py:104} INFO - [2021-05-08 07:20:09,355] {dag.py:2280} INFO - Setting next_dagrun for latest_only_with_trigger to 2021-05-06 00:00:00+00:00
[2021-05-08 07:20:09,368] {scheduler_job.py:190} INFO - Processing /home/airflow/.local/lib/python3.6/site-packages/airflow/example_dags/example_latest_only_with_trigger.py took 0.086 seconds
[2021-05-08 07:20:40,113] {scheduler_job.py:182} INFO - Started process (PID=1661) to work on /home/airflow/.local/lib/python3.6/site-packages/airflow/example_dags/example_latest_only_with_trigger.py
[2021-05-08 07:20:40,116] {scheduler_job.py:629} INFO - Processing file /home/airflow/.local/lib/python3.6/site-packages/airflow/example_dags/example_latest_only_with_trigger.py for tasks to queue
[2021-05-08 07:20:40,117] {logging_mixin.py:104} INFO - [2021-05-08 07:20:40,117] {dagbag.py:451} INFO - Filling up the DagBag from /home/airflow/.local/lib/python3.6/site-packages/airflow/example_dags/example_latest_only_with_trigger.py
[2021-05-08 07:20:40,132] {scheduler_job.py:639} INFO - DAG(s) dict_keys(['latest_only_with_trigger']) retrieved from /home/airflow/.local/lib/python3.6/site-packages/airflow/example_dags/example_latest_only_with_trigger.py
[2021-05-08 07:20:40,160] {logging_mixin.py:104} INFO - [2021-05-08 07:20:40,160] {dag.py:1824} INFO - Sync 1 DAGs
[2021-05-08 07:20:40,180] {logging_mixin.py:104} INFO - [2021-05-08 07:20:40,180] {dag.py:2280} INFO - Setting next_dagrun for latest_only_with_trigger to 2021-05-06 00:00:00+00:00
[2021-05-08 07:20:40,193] {scheduler_job.py:190} INFO - Processing /home/airflow/.local/lib/python3.6/site-packages/airflow/example_dags/example_latest_only_with_trigger.py took 0.084 seconds
[2021-05-08 07:21:10,816] {scheduler_job.py:182} INFO - Started process (PID=1688) to work on /home/airflow/.local/lib/python3.6/site-packages/airflow/example_dags/example_latest_only_with_trigger.py
[2021-05-08 07:21:10,818] {scheduler_job.py:629} INFO - Processing file /home/airflow/.local/lib/python3.6/site-packages/airflow/example_dags/example_latest_only_with_trigger.py for tasks to queue
[2021-05-08 07:21:10,820] {logging_mixin.py:104} INFO - [2021-05-08 07:21:10,820] {dagbag.py:451} INFO - Filling up the DagBag from /home/airflow/.local/lib/python3.6/site-packages/airflow/example_dags/example_latest_only_with_trigger.py
[2021-05-08 07:21:10,834] {scheduler_job.py:639} INFO - DAG(s) dict_keys(['latest_only_with_trigger']) retrieved from /home/airflow/.local/lib/python3.6/site-packages/airflow/example_dags/example_latest_only_with_trigger.py
[2021-05-08 07:21:10,863] {logging_mixin.py:104} INFO - [2021-05-08 07:21:10,863] {dag.py:1824} INFO - Sync 1 DAGs
[2021-05-08 07:21:10,883] {logging_mixin.py:104} INFO - [2021-05-08 07:21:10,883] {dag.py:2280} INFO - Setting next_dagrun for latest_only_with_trigger to 2021-05-06 00:00:00+00:00
[2021-05-08 07:21:10,897] {scheduler_job.py:190} INFO - Processing /home/airflow/.local/lib/python3.6/site-packages/airflow/example_dags/example_latest_only_with_trigger.py took 0.085 seconds
[2021-05-08 07:21:41,528] {scheduler_job.py:182} INFO - Started process (PID=1715) to work on /home/airflow/.local/lib/python3.6/site-packages/airflow/example_dags/example_latest_only_with_trigger.py
[2021-05-08 07:21:41,530] {scheduler_job.py:629} INFO - Processing file /home/airflow/.local/lib/python3.6/site-packages/airflow/example_dags/example_latest_only_with_trigger.py for tasks to queue
[2021-05-08 07:21:41,532] {logging_mixin.py:104} INFO - [2021-05-08 07:21:41,532] {dagbag.py:451} INFO - Filling up the DagBag from /home/airflow/.local/lib/python3.6/site-packages/airflow/example_dags/example_latest_only_with_trigger.py
[2021-05-08 07:21:41,546] {scheduler_job.py:639} INFO - DAG(s) dict_keys(['latest_only_with_trigger']) retrieved from /home/airflow/.local/lib/python3.6/site-packages/airflow/example_dags/example_latest_only_with_trigger.py
[2021-05-08 07:21:41,578] {logging_mixin.py:104} INFO - [2021-05-08 07:21:41,578] {dag.py:1824} INFO - Sync 1 DAGs
[2021-05-08 07:21:41,600] {logging_mixin.py:104} INFO - [2021-05-08 07:21:41,600] {dag.py:2280} INFO - Setting next_dagrun for latest_only_with_trigger to 2021-05-06 00:00:00+00:00
[2021-05-08 07:21:41,615] {scheduler_job.py:190} INFO - Processing /home/airflow/.local/lib/python3.6/site-packages/airflow/example_dags/example_latest_only_with_trigger.py took 0.092 seconds
[2021-05-08 07:22:12,238] {scheduler_job.py:182} INFO - Started process (PID=1742) to work on /home/airflow/.local/lib/python3.6/site-packages/airflow/example_dags/example_latest_only_with_trigger.py
[2021-05-08 07:22:12,241] {scheduler_job.py:629} INFO - Processing file /home/airflow/.local/lib/python3.6/site-packages/airflow/example_dags/example_latest_only_with_trigger.py for tasks to queue
[2021-05-08 07:22:12,242] {logging_mixin.py:104} INFO - [2021-05-08 07:22:12,242] {dagbag.py:451} INFO - Filling up the DagBag from /home/airflow/.local/lib/python3.6/site-packages/airflow/example_dags/example_latest_only_with_trigger.py
[2021-05-08 07:22:12,256] {scheduler_job.py:639} INFO - DAG(s) dict_keys(['latest_only_with_trigger']) retrieved from /home/airflow/.local/lib/python3.6/site-packages/airflow/example_dags/example_latest_only_with_trigger.py
[2021-05-08 07:22:12,287] {logging_mixin.py:104} INFO - [2021-05-08 07:22:12,287] {dag.py:1824} INFO - Sync 1 DAGs
[2021-05-08 07:22:12,308] {logging_mixin.py:104} INFO - [2021-05-08 07:22:12,308] {dag.py:2280} INFO - Setting next_dagrun for latest_only_with_trigger to 2021-05-06 00:00:00+00:00
[2021-05-08 07:22:12,323] {scheduler_job.py:190} INFO - Processing /home/airflow/.local/lib/python3.6/site-packages/airflow/example_dags/example_latest_only_with_trigger.py took 0.090 seconds
[2021-05-08 07:22:42,974] {scheduler_job.py:182} INFO - Started process (PID=1769) to work on /home/airflow/.local/lib/python3.6/site-packages/airflow/example_dags/example_latest_only_with_trigger.py
[2021-05-08 07:22:42,976] {scheduler_job.py:629} INFO - Processing file /home/airflow/.local/lib/python3.6/site-packages/airflow/example_dags/example_latest_only_with_trigger.py for tasks to queue
[2021-05-08 07:22:42,978] {logging_mixin.py:104} INFO - [2021-05-08 07:22:42,977] {dagbag.py:451} INFO - Filling up the DagBag from /home/airflow/.local/lib/python3.6/site-packages/airflow/example_dags/example_latest_only_with_trigger.py
[2021-05-08 07:22:42,993] {scheduler_job.py:639} INFO - DAG(s) dict_keys(['latest_only_with_trigger']) retrieved from /home/airflow/.local/lib/python3.6/site-packages/airflow/example_dags/example_latest_only_with_trigger.py
[2021-05-08 07:22:43,028] {logging_mixin.py:104} INFO - [2021-05-08 07:22:43,028] {dag.py:1824} INFO - Sync 1 DAGs
[2021-05-08 07:22:43,050] {logging_mixin.py:104} INFO - [2021-05-08 07:22:43,050] {dag.py:2280} INFO - Setting next_dagrun for latest_only_with_trigger to 2021-05-06 00:00:00+00:00
[2021-05-08 07:22:43,064] {scheduler_job.py:190} INFO - Processing /home/airflow/.local/lib/python3.6/site-packages/airflow/example_dags/example_latest_only_with_trigger.py took 0.096 seconds
[2021-05-08 07:23:13,561] {scheduler_job.py:182} INFO - Started process (PID=1796) to work on /home/airflow/.local/lib/python3.6/site-packages/airflow/example_dags/example_latest_only_with_trigger.py
[2021-05-08 07:23:13,564] {scheduler_job.py:629} INFO - Processing file /home/airflow/.local/lib/python3.6/site-packages/airflow/example_dags/example_latest_only_with_trigger.py for tasks to queue
[2021-05-08 07:23:13,566] {logging_mixin.py:104} INFO - [2021-05-08 07:23:13,566] {dagbag.py:451} INFO - Filling up the DagBag from /home/airflow/.local/lib/python3.6/site-packages/airflow/example_dags/example_latest_only_with_trigger.py
[2021-05-08 07:23:13,581] {scheduler_job.py:639} INFO - DAG(s) dict_keys(['latest_only_with_trigger']) retrieved from /home/airflow/.local/lib/python3.6/site-packages/airflow/example_dags/example_latest_only_with_trigger.py
[2021-05-08 07:23:13,627] {logging_mixin.py:104} INFO - [2021-05-08 07:23:13,627] {dag.py:1824} INFO - Sync 1 DAGs
[2021-05-08 07:23:13,648] {logging_mixin.py:104} INFO - [2021-05-08 07:23:13,648] {dag.py:2280} INFO - Setting next_dagrun for latest_only_with_trigger to 2021-05-06 00:00:00+00:00
[2021-05-08 07:23:13,659] {scheduler_job.py:190} INFO - Processing /home/airflow/.local/lib/python3.6/site-packages/airflow/example_dags/example_latest_only_with_trigger.py took 0.103 seconds
[2021-05-08 07:23:44,160] {scheduler_job.py:182} INFO - Started process (PID=1824) to work on /home/airflow/.local/lib/python3.6/site-packages/airflow/example_dags/example_latest_only_with_trigger.py
[2021-05-08 07:23:44,163] {scheduler_job.py:629} INFO - Processing file /home/airflow/.local/lib/python3.6/site-packages/airflow/example_dags/example_latest_only_with_trigger.py for tasks to queue
[2021-05-08 07:23:44,165] {logging_mixin.py:104} INFO - [2021-05-08 07:23:44,165] {dagbag.py:451} INFO - Filling up the DagBag from /home/airflow/.local/lib/python3.6/site-packages/airflow/example_dags/example_latest_only_with_trigger.py
[2021-05-08 07:23:44,181] {scheduler_job.py:639} INFO - DAG(s) dict_keys(['latest_only_with_trigger']) retrieved from /home/airflow/.local/lib/python3.6/site-packages/airflow/example_dags/example_latest_only_with_trigger.py
[2021-05-08 07:23:44,216] {logging_mixin.py:104} INFO - [2021-05-08 07:23:44,215] {dag.py:1824} INFO - Sync 1 DAGs
[2021-05-08 07:23:44,238] {logging_mixin.py:104} INFO - [2021-05-08 07:23:44,238] {dag.py:2280} INFO - Setting next_dagrun for latest_only_with_trigger to 2021-05-06 00:00:00+00:00
[2021-05-08 07:23:44,252] {scheduler_job.py:190} INFO - Processing /home/airflow/.local/lib/python3.6/site-packages/airflow/example_dags/example_latest_only_with_trigger.py took 0.096 seconds
[2021-05-08 07:24:14,642] {scheduler_job.py:182} INFO - Started process (PID=1850) to work on /home/airflow/.local/lib/python3.6/site-packages/airflow/example_dags/example_latest_only_with_trigger.py
[2021-05-08 07:24:14,644] {scheduler_job.py:629} INFO - Processing file /home/airflow/.local/lib/python3.6/site-packages/airflow/example_dags/example_latest_only_with_trigger.py for tasks to queue
[2021-05-08 07:24:14,646] {logging_mixin.py:104} INFO - [2021-05-08 07:24:14,646] {dagbag.py:451} INFO - Filling up the DagBag from /home/airflow/.local/lib/python3.6/site-packages/airflow/example_dags/example_latest_only_with_trigger.py
[2021-05-08 07:24:14,662] {scheduler_job.py:639} INFO - DAG(s) dict_keys(['latest_only_with_trigger']) retrieved from /home/airflow/.local/lib/python3.6/site-packages/airflow/example_dags/example_latest_only_with_trigger.py
[2021-05-08 07:24:14,693] {logging_mixin.py:104} INFO - [2021-05-08 07:24:14,693] {dag.py:1824} INFO - Sync 1 DAGs
[2021-05-08 07:24:14,714] {logging_mixin.py:104} INFO - [2021-05-08 07:24:14,713] {dag.py:2280} INFO - Setting next_dagrun for latest_only_with_trigger to 2021-05-06 00:00:00+00:00
[2021-05-08 07:24:14,728] {scheduler_job.py:190} INFO - Processing /home/airflow/.local/lib/python3.6/site-packages/airflow/example_dags/example_latest_only_with_trigger.py took 0.090 seconds
[2021-05-08 07:24:45,220] {scheduler_job.py:182} INFO - Started process (PID=1877) to work on /home/airflow/.local/lib/python3.6/site-packages/airflow/example_dags/example_latest_only_with_trigger.py
[2021-05-08 07:24:45,222] {scheduler_job.py:629} INFO - Processing file /home/airflow/.local/lib/python3.6/site-packages/airflow/example_dags/example_latest_only_with_trigger.py for tasks to queue
[2021-05-08 07:24:45,224] {logging_mixin.py:104} INFO - [2021-05-08 07:24:45,224] {dagbag.py:451} INFO - Filling up the DagBag from /home/airflow/.local/lib/python3.6/site-packages/airflow/example_dags/example_latest_only_with_trigger.py
[2021-05-08 07:24:45,239] {scheduler_job.py:639} INFO - DAG(s) dict_keys(['latest_only_with_trigger']) retrieved from /home/airflow/.local/lib/python3.6/site-packages/airflow/example_dags/example_latest_only_with_trigger.py
[2021-05-08 07:24:45,271] {logging_mixin.py:104} INFO - [2021-05-08 07:24:45,271] {dag.py:1824} INFO - Sync 1 DAGs
[2021-05-08 07:24:45,291] {logging_mixin.py:104} INFO - [2021-05-08 07:24:45,290] {dag.py:2280} INFO - Setting next_dagrun for latest_only_with_trigger to 2021-05-06 00:00:00+00:00
[2021-05-08 07:24:45,305] {scheduler_job.py:190} INFO - Processing /home/airflow/.local/lib/python3.6/site-packages/airflow/example_dags/example_latest_only_with_trigger.py took 0.089 seconds
[2021-05-08 07:25:15,877] {scheduler_job.py:182} INFO - Started process (PID=1904) to work on /home/airflow/.local/lib/python3.6/site-packages/airflow/example_dags/example_latest_only_with_trigger.py
[2021-05-08 07:25:15,879] {scheduler_job.py:629} INFO - Processing file /home/airflow/.local/lib/python3.6/site-packages/airflow/example_dags/example_latest_only_with_trigger.py for tasks to queue
[2021-05-08 07:25:15,881] {logging_mixin.py:104} INFO - [2021-05-08 07:25:15,881] {dagbag.py:451} INFO - Filling up the DagBag from /home/airflow/.local/lib/python3.6/site-packages/airflow/example_dags/example_latest_only_with_trigger.py
[2021-05-08 07:25:15,896] {scheduler_job.py:639} INFO - DAG(s) dict_keys(['latest_only_with_trigger']) retrieved from /home/airflow/.local/lib/python3.6/site-packages/airflow/example_dags/example_latest_only_with_trigger.py
[2021-05-08 07:25:15,929] {logging_mixin.py:104} INFO - [2021-05-08 07:25:15,928] {dag.py:1824} INFO - Sync 1 DAGs
[2021-05-08 07:25:15,948] {logging_mixin.py:104} INFO - [2021-05-08 07:25:15,948] {dag.py:2280} INFO - Setting next_dagrun for latest_only_with_trigger to 2021-05-06 00:00:00+00:00
[2021-05-08 07:25:15,963] {scheduler_job.py:190} INFO - Processing /home/airflow/.local/lib/python3.6/site-packages/airflow/example_dags/example_latest_only_with_trigger.py took 0.091 seconds
[2021-05-08 07:25:46,555] {scheduler_job.py:182} INFO - Started process (PID=1931) to work on /home/airflow/.local/lib/python3.6/site-packages/airflow/example_dags/example_latest_only_with_trigger.py
[2021-05-08 07:25:46,557] {scheduler_job.py:629} INFO - Processing file /home/airflow/.local/lib/python3.6/site-packages/airflow/example_dags/example_latest_only_with_trigger.py for tasks to queue
[2021-05-08 07:25:46,559] {logging_mixin.py:104} INFO - [2021-05-08 07:25:46,559] {dagbag.py:451} INFO - Filling up the DagBag from /home/airflow/.local/lib/python3.6/site-packages/airflow/example_dags/example_latest_only_with_trigger.py
[2021-05-08 07:25:46,575] {scheduler_job.py:639} INFO - DAG(s) dict_keys(['latest_only_with_trigger']) retrieved from /home/airflow/.local/lib/python3.6/site-packages/airflow/example_dags/example_latest_only_with_trigger.py
[2021-05-08 07:25:46,606] {logging_mixin.py:104} INFO - [2021-05-08 07:25:46,605] {dag.py:1824} INFO - Sync 1 DAGs
[2021-05-08 07:25:46,625] {logging_mixin.py:104} INFO - [2021-05-08 07:25:46,625] {dag.py:2280} INFO - Setting next_dagrun for latest_only_with_trigger to 2021-05-06 00:00:00+00:00
[2021-05-08 07:25:46,639] {scheduler_job.py:190} INFO - Processing /home/airflow/.local/lib/python3.6/site-packages/airflow/example_dags/example_latest_only_with_trigger.py took 0.088 seconds
[2021-05-08 07:26:17,215] {scheduler_job.py:182} INFO - Started process (PID=1958) to work on /home/airflow/.local/lib/python3.6/site-packages/airflow/example_dags/example_latest_only_with_trigger.py
[2021-05-08 07:26:17,217] {scheduler_job.py:629} INFO - Processing file /home/airflow/.local/lib/python3.6/site-packages/airflow/example_dags/example_latest_only_with_trigger.py for tasks to queue
[2021-05-08 07:26:17,219] {logging_mixin.py:104} INFO - [2021-05-08 07:26:17,218] {dagbag.py:451} INFO - Filling up the DagBag from /home/airflow/.local/lib/python3.6/site-packages/airflow/example_dags/example_latest_only_with_trigger.py
[2021-05-08 07:26:17,233] {scheduler_job.py:639} INFO - DAG(s) dict_keys(['latest_only_with_trigger']) retrieved from /home/airflow/.local/lib/python3.6/site-packages/airflow/example_dags/example_latest_only_with_trigger.py
[2021-05-08 07:26:17,261] {logging_mixin.py:104} INFO - [2021-05-08 07:26:17,261] {dag.py:1824} INFO - Sync 1 DAGs
[2021-05-08 07:26:17,281] {logging_mixin.py:104} INFO - [2021-05-08 07:26:17,280] {dag.py:2280} INFO - Setting next_dagrun for latest_only_with_trigger to 2021-05-06 00:00:00+00:00
[2021-05-08 07:26:17,295] {scheduler_job.py:190} INFO - Processing /home/airflow/.local/lib/python3.6/site-packages/airflow/example_dags/example_latest_only_with_trigger.py took 0.085 seconds
[2021-05-08 07:26:47,952] {scheduler_job.py:182} INFO - Started process (PID=1985) to work on /home/airflow/.local/lib/python3.6/site-packages/airflow/example_dags/example_latest_only_with_trigger.py
[2021-05-08 07:26:47,954] {scheduler_job.py:629} INFO - Processing file /home/airflow/.local/lib/python3.6/site-packages/airflow/example_dags/example_latest_only_with_trigger.py for tasks to queue
[2021-05-08 07:26:47,956] {logging_mixin.py:104} INFO - [2021-05-08 07:26:47,956] {dagbag.py:451} INFO - Filling up the DagBag from /home/airflow/.local/lib/python3.6/site-packages/airflow/example_dags/example_latest_only_with_trigger.py
[2021-05-08 07:26:47,972] {scheduler_job.py:639} INFO - DAG(s) dict_keys(['latest_only_with_trigger']) retrieved from /home/airflow/.local/lib/python3.6/site-packages/airflow/example_dags/example_latest_only_with_trigger.py
[2021-05-08 07:26:48,007] {logging_mixin.py:104} INFO - [2021-05-08 07:26:48,006] {dag.py:1824} INFO - Sync 1 DAGs
[2021-05-08 07:26:48,028] {logging_mixin.py:104} INFO - [2021-05-08 07:26:48,028] {dag.py:2280} INFO - Setting next_dagrun for latest_only_with_trigger to 2021-05-06 00:00:00+00:00
[2021-05-08 07:26:48,045] {scheduler_job.py:190} INFO - Processing /home/airflow/.local/lib/python3.6/site-packages/airflow/example_dags/example_latest_only_with_trigger.py took 0.098 seconds
