[2021-05-08 06:49:58,227] {scheduler_job.py:182} INFO - Started process (PID=42) to work on /home/airflow/.local/lib/python3.6/site-packages/airflow/example_dags/example_xcom.py
[2021-05-08 06:49:58,231] {scheduler_job.py:629} INFO - Processing file /home/airflow/.local/lib/python3.6/site-packages/airflow/example_dags/example_xcom.py for tasks to queue
[2021-05-08 06:49:58,233] {logging_mixin.py:104} INFO - [2021-05-08 06:49:58,233] {dagbag.py:451} INFO - Filling up the DagBag from /home/airflow/.local/lib/python3.6/site-packages/airflow/example_dags/example_xcom.py
[2021-05-08 06:49:58,277] {scheduler_job.py:639} INFO - DAG(s) dict_keys(['example_xcom']) retrieved from /home/airflow/.local/lib/python3.6/site-packages/airflow/example_dags/example_xcom.py
[2021-05-08 06:49:58,372] {logging_mixin.py:104} INFO - [2021-05-08 06:49:58,372] {dag.py:1824} INFO - Sync 1 DAGs
[2021-05-08 06:49:58,411] {logging_mixin.py:104} INFO - [2021-05-08 06:49:58,410] {dag.py:2280} INFO - Setting next_dagrun for example_xcom to 2021-05-06 00:00:00+00:00
[2021-05-08 06:49:58,449] {scheduler_job.py:190} INFO - Processing /home/airflow/.local/lib/python3.6/site-packages/airflow/example_dags/example_xcom.py took 0.234 seconds
[2021-05-08 06:50:29,320] {scheduler_job.py:182} INFO - Started process (PID=72) to work on /home/airflow/.local/lib/python3.6/site-packages/airflow/example_dags/example_xcom.py
[2021-05-08 06:50:29,322] {scheduler_job.py:629} INFO - Processing file /home/airflow/.local/lib/python3.6/site-packages/airflow/example_dags/example_xcom.py for tasks to queue
[2021-05-08 06:50:29,323] {logging_mixin.py:104} INFO - [2021-05-08 06:50:29,323] {dagbag.py:451} INFO - Filling up the DagBag from /home/airflow/.local/lib/python3.6/site-packages/airflow/example_dags/example_xcom.py
[2021-05-08 06:50:29,341] {scheduler_job.py:639} INFO - DAG(s) dict_keys(['example_xcom']) retrieved from /home/airflow/.local/lib/python3.6/site-packages/airflow/example_dags/example_xcom.py
[2021-05-08 06:50:29,380] {logging_mixin.py:104} INFO - [2021-05-08 06:50:29,380] {dag.py:1824} INFO - Sync 1 DAGs
[2021-05-08 06:50:29,400] {logging_mixin.py:104} INFO - [2021-05-08 06:50:29,400] {dag.py:2280} INFO - Setting next_dagrun for example_xcom to 2021-05-06 00:00:00+00:00
[2021-05-08 06:50:29,414] {scheduler_job.py:190} INFO - Processing /home/airflow/.local/lib/python3.6/site-packages/airflow/example_dags/example_xcom.py took 0.099 seconds
[2021-05-08 06:51:00,222] {scheduler_job.py:182} INFO - Started process (PID=99) to work on /home/airflow/.local/lib/python3.6/site-packages/airflow/example_dags/example_xcom.py
[2021-05-08 06:51:00,225] {scheduler_job.py:629} INFO - Processing file /home/airflow/.local/lib/python3.6/site-packages/airflow/example_dags/example_xcom.py for tasks to queue
[2021-05-08 06:51:00,227] {logging_mixin.py:104} INFO - [2021-05-08 06:51:00,227] {dagbag.py:451} INFO - Filling up the DagBag from /home/airflow/.local/lib/python3.6/site-packages/airflow/example_dags/example_xcom.py
[2021-05-08 06:51:00,245] {scheduler_job.py:639} INFO - DAG(s) dict_keys(['example_xcom']) retrieved from /home/airflow/.local/lib/python3.6/site-packages/airflow/example_dags/example_xcom.py
[2021-05-08 06:51:00,281] {logging_mixin.py:104} INFO - [2021-05-08 06:51:00,281] {dag.py:1824} INFO - Sync 1 DAGs
[2021-05-08 06:51:00,304] {logging_mixin.py:104} INFO - [2021-05-08 06:51:00,304] {dag.py:2280} INFO - Setting next_dagrun for example_xcom to 2021-05-06 00:00:00+00:00
[2021-05-08 06:51:00,322] {scheduler_job.py:190} INFO - Processing /home/airflow/.local/lib/python3.6/site-packages/airflow/example_dags/example_xcom.py took 0.105 seconds
[2021-05-08 06:51:30,964] {scheduler_job.py:182} INFO - Started process (PID=126) to work on /home/airflow/.local/lib/python3.6/site-packages/airflow/example_dags/example_xcom.py
[2021-05-08 06:51:30,966] {scheduler_job.py:629} INFO - Processing file /home/airflow/.local/lib/python3.6/site-packages/airflow/example_dags/example_xcom.py for tasks to queue
[2021-05-08 06:51:30,968] {logging_mixin.py:104} INFO - [2021-05-08 06:51:30,968] {dagbag.py:451} INFO - Filling up the DagBag from /home/airflow/.local/lib/python3.6/site-packages/airflow/example_dags/example_xcom.py
[2021-05-08 06:51:30,986] {scheduler_job.py:639} INFO - DAG(s) dict_keys(['example_xcom']) retrieved from /home/airflow/.local/lib/python3.6/site-packages/airflow/example_dags/example_xcom.py
[2021-05-08 06:51:31,021] {logging_mixin.py:104} INFO - [2021-05-08 06:51:31,020] {dag.py:1824} INFO - Sync 1 DAGs
[2021-05-08 06:51:31,041] {logging_mixin.py:104} INFO - [2021-05-08 06:51:31,041] {dag.py:2280} INFO - Setting next_dagrun for example_xcom to 2021-05-06 00:00:00+00:00
[2021-05-08 06:51:31,065] {scheduler_job.py:190} INFO - Processing /home/airflow/.local/lib/python3.6/site-packages/airflow/example_dags/example_xcom.py took 0.106 seconds
[2021-05-08 06:52:01,703] {scheduler_job.py:182} INFO - Started process (PID=153) to work on /home/airflow/.local/lib/python3.6/site-packages/airflow/example_dags/example_xcom.py
[2021-05-08 06:52:01,705] {scheduler_job.py:629} INFO - Processing file /home/airflow/.local/lib/python3.6/site-packages/airflow/example_dags/example_xcom.py for tasks to queue
[2021-05-08 06:52:01,707] {logging_mixin.py:104} INFO - [2021-05-08 06:52:01,707] {dagbag.py:451} INFO - Filling up the DagBag from /home/airflow/.local/lib/python3.6/site-packages/airflow/example_dags/example_xcom.py
[2021-05-08 06:52:01,723] {scheduler_job.py:639} INFO - DAG(s) dict_keys(['example_xcom']) retrieved from /home/airflow/.local/lib/python3.6/site-packages/airflow/example_dags/example_xcom.py
[2021-05-08 06:52:01,753] {logging_mixin.py:104} INFO - [2021-05-08 06:52:01,753] {dag.py:1824} INFO - Sync 1 DAGs
[2021-05-08 06:52:01,774] {logging_mixin.py:104} INFO - [2021-05-08 06:52:01,773] {dag.py:2280} INFO - Setting next_dagrun for example_xcom to 2021-05-06 00:00:00+00:00
[2021-05-08 06:52:01,787] {scheduler_job.py:190} INFO - Processing /home/airflow/.local/lib/python3.6/site-packages/airflow/example_dags/example_xcom.py took 0.089 seconds
[2021-05-08 06:52:32,199] {scheduler_job.py:182} INFO - Started process (PID=180) to work on /home/airflow/.local/lib/python3.6/site-packages/airflow/example_dags/example_xcom.py
[2021-05-08 06:52:32,202] {scheduler_job.py:629} INFO - Processing file /home/airflow/.local/lib/python3.6/site-packages/airflow/example_dags/example_xcom.py for tasks to queue
[2021-05-08 06:52:32,204] {logging_mixin.py:104} INFO - [2021-05-08 06:52:32,204] {dagbag.py:451} INFO - Filling up the DagBag from /home/airflow/.local/lib/python3.6/site-packages/airflow/example_dags/example_xcom.py
[2021-05-08 06:52:32,221] {scheduler_job.py:639} INFO - DAG(s) dict_keys(['example_xcom']) retrieved from /home/airflow/.local/lib/python3.6/site-packages/airflow/example_dags/example_xcom.py
[2021-05-08 06:52:32,250] {logging_mixin.py:104} INFO - [2021-05-08 06:52:32,250] {dag.py:1824} INFO - Sync 1 DAGs
[2021-05-08 06:52:32,274] {logging_mixin.py:104} INFO - [2021-05-08 06:52:32,273] {dag.py:2280} INFO - Setting next_dagrun for example_xcom to 2021-05-06 00:00:00+00:00
[2021-05-08 06:52:32,286] {scheduler_job.py:190} INFO - Processing /home/airflow/.local/lib/python3.6/site-packages/airflow/example_dags/example_xcom.py took 0.091 seconds
[2021-05-08 06:53:02,881] {scheduler_job.py:182} INFO - Started process (PID=207) to work on /home/airflow/.local/lib/python3.6/site-packages/airflow/example_dags/example_xcom.py
[2021-05-08 06:53:02,883] {scheduler_job.py:629} INFO - Processing file /home/airflow/.local/lib/python3.6/site-packages/airflow/example_dags/example_xcom.py for tasks to queue
[2021-05-08 06:53:02,886] {logging_mixin.py:104} INFO - [2021-05-08 06:53:02,886] {dagbag.py:451} INFO - Filling up the DagBag from /home/airflow/.local/lib/python3.6/site-packages/airflow/example_dags/example_xcom.py
[2021-05-08 06:53:02,903] {scheduler_job.py:639} INFO - DAG(s) dict_keys(['example_xcom']) retrieved from /home/airflow/.local/lib/python3.6/site-packages/airflow/example_dags/example_xcom.py
[2021-05-08 06:53:02,939] {logging_mixin.py:104} INFO - [2021-05-08 06:53:02,938] {dag.py:1824} INFO - Sync 1 DAGs
[2021-05-08 06:53:02,959] {logging_mixin.py:104} INFO - [2021-05-08 06:53:02,959] {dag.py:2280} INFO - Setting next_dagrun for example_xcom to 2021-05-06 00:00:00+00:00
[2021-05-08 06:53:02,973] {scheduler_job.py:190} INFO - Processing /home/airflow/.local/lib/python3.6/site-packages/airflow/example_dags/example_xcom.py took 0.097 seconds
[2021-05-08 06:53:33,553] {scheduler_job.py:182} INFO - Started process (PID=234) to work on /home/airflow/.local/lib/python3.6/site-packages/airflow/example_dags/example_xcom.py
[2021-05-08 06:53:33,555] {scheduler_job.py:629} INFO - Processing file /home/airflow/.local/lib/python3.6/site-packages/airflow/example_dags/example_xcom.py for tasks to queue
[2021-05-08 06:53:33,557] {logging_mixin.py:104} INFO - [2021-05-08 06:53:33,557] {dagbag.py:451} INFO - Filling up the DagBag from /home/airflow/.local/lib/python3.6/site-packages/airflow/example_dags/example_xcom.py
[2021-05-08 06:53:33,573] {scheduler_job.py:639} INFO - DAG(s) dict_keys(['example_xcom']) retrieved from /home/airflow/.local/lib/python3.6/site-packages/airflow/example_dags/example_xcom.py
[2021-05-08 06:53:33,607] {logging_mixin.py:104} INFO - [2021-05-08 06:53:33,606] {dag.py:1824} INFO - Sync 1 DAGs
[2021-05-08 06:53:33,627] {logging_mixin.py:104} INFO - [2021-05-08 06:53:33,626] {dag.py:2280} INFO - Setting next_dagrun for example_xcom to 2021-05-06 00:00:00+00:00
[2021-05-08 06:53:33,640] {scheduler_job.py:190} INFO - Processing /home/airflow/.local/lib/python3.6/site-packages/airflow/example_dags/example_xcom.py took 0.094 seconds
[2021-05-08 06:54:04,139] {scheduler_job.py:182} INFO - Started process (PID=261) to work on /home/airflow/.local/lib/python3.6/site-packages/airflow/example_dags/example_xcom.py
[2021-05-08 06:54:04,142] {scheduler_job.py:629} INFO - Processing file /home/airflow/.local/lib/python3.6/site-packages/airflow/example_dags/example_xcom.py for tasks to queue
[2021-05-08 06:54:04,144] {logging_mixin.py:104} INFO - [2021-05-08 06:54:04,143] {dagbag.py:451} INFO - Filling up the DagBag from /home/airflow/.local/lib/python3.6/site-packages/airflow/example_dags/example_xcom.py
[2021-05-08 06:54:04,159] {scheduler_job.py:639} INFO - DAG(s) dict_keys(['example_xcom']) retrieved from /home/airflow/.local/lib/python3.6/site-packages/airflow/example_dags/example_xcom.py
[2021-05-08 06:54:04,185] {logging_mixin.py:104} INFO - [2021-05-08 06:54:04,185] {dag.py:1824} INFO - Sync 1 DAGs
[2021-05-08 06:54:04,204] {logging_mixin.py:104} INFO - [2021-05-08 06:54:04,203] {dag.py:2280} INFO - Setting next_dagrun for example_xcom to 2021-05-06 00:00:00+00:00
[2021-05-08 06:54:04,214] {scheduler_job.py:190} INFO - Processing /home/airflow/.local/lib/python3.6/site-packages/airflow/example_dags/example_xcom.py took 0.079 seconds
[2021-05-08 06:54:34,958] {scheduler_job.py:182} INFO - Started process (PID=288) to work on /home/airflow/.local/lib/python3.6/site-packages/airflow/example_dags/example_xcom.py
[2021-05-08 06:54:34,960] {scheduler_job.py:629} INFO - Processing file /home/airflow/.local/lib/python3.6/site-packages/airflow/example_dags/example_xcom.py for tasks to queue
[2021-05-08 06:54:34,962] {logging_mixin.py:104} INFO - [2021-05-08 06:54:34,962] {dagbag.py:451} INFO - Filling up the DagBag from /home/airflow/.local/lib/python3.6/site-packages/airflow/example_dags/example_xcom.py
[2021-05-08 06:54:34,979] {scheduler_job.py:639} INFO - DAG(s) dict_keys(['example_xcom']) retrieved from /home/airflow/.local/lib/python3.6/site-packages/airflow/example_dags/example_xcom.py
[2021-05-08 06:54:35,011] {logging_mixin.py:104} INFO - [2021-05-08 06:54:35,010] {dag.py:1824} INFO - Sync 1 DAGs
[2021-05-08 06:54:35,031] {logging_mixin.py:104} INFO - [2021-05-08 06:54:35,031] {dag.py:2280} INFO - Setting next_dagrun for example_xcom to 2021-05-06 00:00:00+00:00
[2021-05-08 06:54:35,043] {scheduler_job.py:190} INFO - Processing /home/airflow/.local/lib/python3.6/site-packages/airflow/example_dags/example_xcom.py took 0.089 seconds
[2021-05-08 06:55:05,839] {scheduler_job.py:182} INFO - Started process (PID=315) to work on /home/airflow/.local/lib/python3.6/site-packages/airflow/example_dags/example_xcom.py
[2021-05-08 06:55:05,841] {scheduler_job.py:629} INFO - Processing file /home/airflow/.local/lib/python3.6/site-packages/airflow/example_dags/example_xcom.py for tasks to queue
[2021-05-08 06:55:05,843] {logging_mixin.py:104} INFO - [2021-05-08 06:55:05,843] {dagbag.py:451} INFO - Filling up the DagBag from /home/airflow/.local/lib/python3.6/site-packages/airflow/example_dags/example_xcom.py
[2021-05-08 06:55:05,859] {scheduler_job.py:639} INFO - DAG(s) dict_keys(['example_xcom']) retrieved from /home/airflow/.local/lib/python3.6/site-packages/airflow/example_dags/example_xcom.py
[2021-05-08 06:55:05,892] {logging_mixin.py:104} INFO - [2021-05-08 06:55:05,892] {dag.py:1824} INFO - Sync 1 DAGs
[2021-05-08 06:55:05,916] {logging_mixin.py:104} INFO - [2021-05-08 06:55:05,916] {dag.py:2280} INFO - Setting next_dagrun for example_xcom to 2021-05-06 00:00:00+00:00
[2021-05-08 06:55:05,931] {scheduler_job.py:190} INFO - Processing /home/airflow/.local/lib/python3.6/site-packages/airflow/example_dags/example_xcom.py took 0.097 seconds
[2021-05-08 06:55:36,306] {scheduler_job.py:182} INFO - Started process (PID=343) to work on /home/airflow/.local/lib/python3.6/site-packages/airflow/example_dags/example_xcom.py
[2021-05-08 06:55:36,309] {scheduler_job.py:629} INFO - Processing file /home/airflow/.local/lib/python3.6/site-packages/airflow/example_dags/example_xcom.py for tasks to queue
[2021-05-08 06:55:36,310] {logging_mixin.py:104} INFO - [2021-05-08 06:55:36,310] {dagbag.py:451} INFO - Filling up the DagBag from /home/airflow/.local/lib/python3.6/site-packages/airflow/example_dags/example_xcom.py
[2021-05-08 06:55:36,325] {scheduler_job.py:639} INFO - DAG(s) dict_keys(['example_xcom']) retrieved from /home/airflow/.local/lib/python3.6/site-packages/airflow/example_dags/example_xcom.py
[2021-05-08 06:55:36,366] {logging_mixin.py:104} INFO - [2021-05-08 06:55:36,366] {dag.py:1824} INFO - Sync 1 DAGs
[2021-05-08 06:55:36,395] {logging_mixin.py:104} INFO - [2021-05-08 06:55:36,395] {dag.py:2280} INFO - Setting next_dagrun for example_xcom to 2021-05-06 00:00:00+00:00
[2021-05-08 06:55:36,409] {scheduler_job.py:190} INFO - Processing /home/airflow/.local/lib/python3.6/site-packages/airflow/example_dags/example_xcom.py took 0.107 seconds
[2021-05-08 06:56:06,865] {scheduler_job.py:182} INFO - Started process (PID=369) to work on /home/airflow/.local/lib/python3.6/site-packages/airflow/example_dags/example_xcom.py
[2021-05-08 06:56:06,867] {scheduler_job.py:629} INFO - Processing file /home/airflow/.local/lib/python3.6/site-packages/airflow/example_dags/example_xcom.py for tasks to queue
[2021-05-08 06:56:06,868] {logging_mixin.py:104} INFO - [2021-05-08 06:56:06,868] {dagbag.py:451} INFO - Filling up the DagBag from /home/airflow/.local/lib/python3.6/site-packages/airflow/example_dags/example_xcom.py
[2021-05-08 06:56:06,884] {scheduler_job.py:639} INFO - DAG(s) dict_keys(['example_xcom']) retrieved from /home/airflow/.local/lib/python3.6/site-packages/airflow/example_dags/example_xcom.py
[2021-05-08 06:56:06,920] {logging_mixin.py:104} INFO - [2021-05-08 06:56:06,920] {dag.py:1824} INFO - Sync 1 DAGs
[2021-05-08 06:56:06,940] {logging_mixin.py:104} INFO - [2021-05-08 06:56:06,940] {dag.py:2280} INFO - Setting next_dagrun for example_xcom to 2021-05-06 00:00:00+00:00
[2021-05-08 06:56:06,952] {scheduler_job.py:190} INFO - Processing /home/airflow/.local/lib/python3.6/site-packages/airflow/example_dags/example_xcom.py took 0.092 seconds
[2021-05-08 06:56:37,458] {scheduler_job.py:182} INFO - Started process (PID=396) to work on /home/airflow/.local/lib/python3.6/site-packages/airflow/example_dags/example_xcom.py
[2021-05-08 06:56:37,460] {scheduler_job.py:629} INFO - Processing file /home/airflow/.local/lib/python3.6/site-packages/airflow/example_dags/example_xcom.py for tasks to queue
[2021-05-08 06:56:37,462] {logging_mixin.py:104} INFO - [2021-05-08 06:56:37,462] {dagbag.py:451} INFO - Filling up the DagBag from /home/airflow/.local/lib/python3.6/site-packages/airflow/example_dags/example_xcom.py
[2021-05-08 06:56:37,478] {scheduler_job.py:639} INFO - DAG(s) dict_keys(['example_xcom']) retrieved from /home/airflow/.local/lib/python3.6/site-packages/airflow/example_dags/example_xcom.py
[2021-05-08 06:56:37,509] {logging_mixin.py:104} INFO - [2021-05-08 06:56:37,509] {dag.py:1824} INFO - Sync 1 DAGs
[2021-05-08 06:56:37,531] {logging_mixin.py:104} INFO - [2021-05-08 06:56:37,531] {dag.py:2280} INFO - Setting next_dagrun for example_xcom to 2021-05-06 00:00:00+00:00
[2021-05-08 06:56:37,544] {scheduler_job.py:190} INFO - Processing /home/airflow/.local/lib/python3.6/site-packages/airflow/example_dags/example_xcom.py took 0.090 seconds
[2021-05-08 06:57:08,211] {scheduler_job.py:182} INFO - Started process (PID=423) to work on /home/airflow/.local/lib/python3.6/site-packages/airflow/example_dags/example_xcom.py
[2021-05-08 06:57:08,215] {scheduler_job.py:629} INFO - Processing file /home/airflow/.local/lib/python3.6/site-packages/airflow/example_dags/example_xcom.py for tasks to queue
[2021-05-08 06:57:08,217] {logging_mixin.py:104} INFO - [2021-05-08 06:57:08,217] {dagbag.py:451} INFO - Filling up the DagBag from /home/airflow/.local/lib/python3.6/site-packages/airflow/example_dags/example_xcom.py
[2021-05-08 06:57:08,234] {scheduler_job.py:639} INFO - DAG(s) dict_keys(['example_xcom']) retrieved from /home/airflow/.local/lib/python3.6/site-packages/airflow/example_dags/example_xcom.py
[2021-05-08 06:57:08,262] {logging_mixin.py:104} INFO - [2021-05-08 06:57:08,262] {dag.py:1824} INFO - Sync 1 DAGs
[2021-05-08 06:57:08,283] {logging_mixin.py:104} INFO - [2021-05-08 06:57:08,283] {dag.py:2280} INFO - Setting next_dagrun for example_xcom to 2021-05-06 00:00:00+00:00
[2021-05-08 06:57:08,299] {scheduler_job.py:190} INFO - Processing /home/airflow/.local/lib/python3.6/site-packages/airflow/example_dags/example_xcom.py took 0.098 seconds
[2021-05-08 06:57:38,984] {scheduler_job.py:182} INFO - Started process (PID=450) to work on /home/airflow/.local/lib/python3.6/site-packages/airflow/example_dags/example_xcom.py
[2021-05-08 06:57:38,989] {scheduler_job.py:629} INFO - Processing file /home/airflow/.local/lib/python3.6/site-packages/airflow/example_dags/example_xcom.py for tasks to queue
[2021-05-08 06:57:38,994] {logging_mixin.py:104} INFO - [2021-05-08 06:57:38,993] {dagbag.py:451} INFO - Filling up the DagBag from /home/airflow/.local/lib/python3.6/site-packages/airflow/example_dags/example_xcom.py
[2021-05-08 06:57:39,017] {scheduler_job.py:639} INFO - DAG(s) dict_keys(['example_xcom']) retrieved from /home/airflow/.local/lib/python3.6/site-packages/airflow/example_dags/example_xcom.py
[2021-05-08 06:57:39,049] {logging_mixin.py:104} INFO - [2021-05-08 06:57:39,049] {dag.py:1824} INFO - Sync 1 DAGs
[2021-05-08 06:57:39,072] {logging_mixin.py:104} INFO - [2021-05-08 06:57:39,072] {dag.py:2280} INFO - Setting next_dagrun for example_xcom to 2021-05-06 00:00:00+00:00
[2021-05-08 06:57:39,088] {scheduler_job.py:190} INFO - Processing /home/airflow/.local/lib/python3.6/site-packages/airflow/example_dags/example_xcom.py took 0.108 seconds
[2021-05-08 06:58:09,805] {scheduler_job.py:182} INFO - Started process (PID=477) to work on /home/airflow/.local/lib/python3.6/site-packages/airflow/example_dags/example_xcom.py
[2021-05-08 06:58:09,808] {scheduler_job.py:629} INFO - Processing file /home/airflow/.local/lib/python3.6/site-packages/airflow/example_dags/example_xcom.py for tasks to queue
[2021-05-08 06:58:09,811] {logging_mixin.py:104} INFO - [2021-05-08 06:58:09,811] {dagbag.py:451} INFO - Filling up the DagBag from /home/airflow/.local/lib/python3.6/site-packages/airflow/example_dags/example_xcom.py
[2021-05-08 06:58:09,836] {scheduler_job.py:639} INFO - DAG(s) dict_keys(['example_xcom']) retrieved from /home/airflow/.local/lib/python3.6/site-packages/airflow/example_dags/example_xcom.py
[2021-05-08 06:58:09,887] {logging_mixin.py:104} INFO - [2021-05-08 06:58:09,887] {dag.py:1824} INFO - Sync 1 DAGs
[2021-05-08 06:58:09,911] {logging_mixin.py:104} INFO - [2021-05-08 06:58:09,911] {dag.py:2280} INFO - Setting next_dagrun for example_xcom to 2021-05-06 00:00:00+00:00
[2021-05-08 06:58:09,927] {scheduler_job.py:190} INFO - Processing /home/airflow/.local/lib/python3.6/site-packages/airflow/example_dags/example_xcom.py took 0.127 seconds
[2021-05-08 06:58:40,682] {scheduler_job.py:182} INFO - Started process (PID=504) to work on /home/airflow/.local/lib/python3.6/site-packages/airflow/example_dags/example_xcom.py
[2021-05-08 06:58:40,684] {scheduler_job.py:629} INFO - Processing file /home/airflow/.local/lib/python3.6/site-packages/airflow/example_dags/example_xcom.py for tasks to queue
[2021-05-08 06:58:40,686] {logging_mixin.py:104} INFO - [2021-05-08 06:58:40,686] {dagbag.py:451} INFO - Filling up the DagBag from /home/airflow/.local/lib/python3.6/site-packages/airflow/example_dags/example_xcom.py
[2021-05-08 06:58:40,705] {scheduler_job.py:639} INFO - DAG(s) dict_keys(['example_xcom']) retrieved from /home/airflow/.local/lib/python3.6/site-packages/airflow/example_dags/example_xcom.py
[2021-05-08 06:58:40,737] {logging_mixin.py:104} INFO - [2021-05-08 06:58:40,737] {dag.py:1824} INFO - Sync 1 DAGs
[2021-05-08 06:58:40,770] {logging_mixin.py:104} INFO - [2021-05-08 06:58:40,769] {dag.py:2280} INFO - Setting next_dagrun for example_xcom to 2021-05-06 00:00:00+00:00
[2021-05-08 06:58:40,784] {scheduler_job.py:190} INFO - Processing /home/airflow/.local/lib/python3.6/site-packages/airflow/example_dags/example_xcom.py took 0.107 seconds
[2021-05-08 06:59:11,361] {scheduler_job.py:182} INFO - Started process (PID=531) to work on /home/airflow/.local/lib/python3.6/site-packages/airflow/example_dags/example_xcom.py
[2021-05-08 06:59:11,363] {scheduler_job.py:629} INFO - Processing file /home/airflow/.local/lib/python3.6/site-packages/airflow/example_dags/example_xcom.py for tasks to queue
[2021-05-08 06:59:11,365] {logging_mixin.py:104} INFO - [2021-05-08 06:59:11,365] {dagbag.py:451} INFO - Filling up the DagBag from /home/airflow/.local/lib/python3.6/site-packages/airflow/example_dags/example_xcom.py
[2021-05-08 06:59:11,381] {scheduler_job.py:639} INFO - DAG(s) dict_keys(['example_xcom']) retrieved from /home/airflow/.local/lib/python3.6/site-packages/airflow/example_dags/example_xcom.py
[2021-05-08 06:59:11,415] {logging_mixin.py:104} INFO - [2021-05-08 06:59:11,415] {dag.py:1824} INFO - Sync 1 DAGs
[2021-05-08 06:59:11,438] {logging_mixin.py:104} INFO - [2021-05-08 06:59:11,438] {dag.py:2280} INFO - Setting next_dagrun for example_xcom to 2021-05-06 00:00:00+00:00
[2021-05-08 06:59:11,454] {scheduler_job.py:190} INFO - Processing /home/airflow/.local/lib/python3.6/site-packages/airflow/example_dags/example_xcom.py took 0.097 seconds
[2021-05-08 06:59:42,330] {scheduler_job.py:182} INFO - Started process (PID=558) to work on /home/airflow/.local/lib/python3.6/site-packages/airflow/example_dags/example_xcom.py
[2021-05-08 06:59:42,333] {scheduler_job.py:629} INFO - Processing file /home/airflow/.local/lib/python3.6/site-packages/airflow/example_dags/example_xcom.py for tasks to queue
[2021-05-08 06:59:42,335] {logging_mixin.py:104} INFO - [2021-05-08 06:59:42,335] {dagbag.py:451} INFO - Filling up the DagBag from /home/airflow/.local/lib/python3.6/site-packages/airflow/example_dags/example_xcom.py
[2021-05-08 06:59:42,351] {scheduler_job.py:639} INFO - DAG(s) dict_keys(['example_xcom']) retrieved from /home/airflow/.local/lib/python3.6/site-packages/airflow/example_dags/example_xcom.py
[2021-05-08 06:59:42,387] {logging_mixin.py:104} INFO - [2021-05-08 06:59:42,387] {dag.py:1824} INFO - Sync 1 DAGs
[2021-05-08 06:59:42,410] {logging_mixin.py:104} INFO - [2021-05-08 06:59:42,410] {dag.py:2280} INFO - Setting next_dagrun for example_xcom to 2021-05-06 00:00:00+00:00
[2021-05-08 06:59:42,433] {scheduler_job.py:190} INFO - Processing /home/airflow/.local/lib/python3.6/site-packages/airflow/example_dags/example_xcom.py took 0.107 seconds
[2021-05-08 07:00:12,471] {scheduler_job.py:182} INFO - Started process (PID=584) to work on /home/airflow/.local/lib/python3.6/site-packages/airflow/example_dags/example_xcom.py
[2021-05-08 07:00:12,473] {scheduler_job.py:629} INFO - Processing file /home/airflow/.local/lib/python3.6/site-packages/airflow/example_dags/example_xcom.py for tasks to queue
[2021-05-08 07:00:12,475] {logging_mixin.py:104} INFO - [2021-05-08 07:00:12,475] {dagbag.py:451} INFO - Filling up the DagBag from /home/airflow/.local/lib/python3.6/site-packages/airflow/example_dags/example_xcom.py
[2021-05-08 07:00:12,492] {scheduler_job.py:639} INFO - DAG(s) dict_keys(['example_xcom']) retrieved from /home/airflow/.local/lib/python3.6/site-packages/airflow/example_dags/example_xcom.py
[2021-05-08 07:00:12,522] {logging_mixin.py:104} INFO - [2021-05-08 07:00:12,522] {dag.py:1824} INFO - Sync 1 DAGs
[2021-05-08 07:00:12,544] {logging_mixin.py:104} INFO - [2021-05-08 07:00:12,543] {dag.py:2280} INFO - Setting next_dagrun for example_xcom to 2021-05-06 00:00:00+00:00
[2021-05-08 07:00:12,556] {scheduler_job.py:190} INFO - Processing /home/airflow/.local/lib/python3.6/site-packages/airflow/example_dags/example_xcom.py took 0.090 seconds
[2021-05-08 07:00:42,631] {scheduler_job.py:182} INFO - Started process (PID=610) to work on /home/airflow/.local/lib/python3.6/site-packages/airflow/example_dags/example_xcom.py
[2021-05-08 07:00:42,633] {scheduler_job.py:629} INFO - Processing file /home/airflow/.local/lib/python3.6/site-packages/airflow/example_dags/example_xcom.py for tasks to queue
[2021-05-08 07:00:42,636] {logging_mixin.py:104} INFO - [2021-05-08 07:00:42,635] {dagbag.py:451} INFO - Filling up the DagBag from /home/airflow/.local/lib/python3.6/site-packages/airflow/example_dags/example_xcom.py
[2021-05-08 07:00:42,653] {scheduler_job.py:639} INFO - DAG(s) dict_keys(['example_xcom']) retrieved from /home/airflow/.local/lib/python3.6/site-packages/airflow/example_dags/example_xcom.py
[2021-05-08 07:00:42,688] {logging_mixin.py:104} INFO - [2021-05-08 07:00:42,688] {dag.py:1824} INFO - Sync 1 DAGs
[2021-05-08 07:00:42,710] {logging_mixin.py:104} INFO - [2021-05-08 07:00:42,710] {dag.py:2280} INFO - Setting next_dagrun for example_xcom to 2021-05-06 00:00:00+00:00
[2021-05-08 07:00:42,725] {scheduler_job.py:190} INFO - Processing /home/airflow/.local/lib/python3.6/site-packages/airflow/example_dags/example_xcom.py took 0.100 seconds
[2021-05-08 07:01:12,816] {scheduler_job.py:182} INFO - Started process (PID=637) to work on /home/airflow/.local/lib/python3.6/site-packages/airflow/example_dags/example_xcom.py
[2021-05-08 07:01:12,819] {scheduler_job.py:629} INFO - Processing file /home/airflow/.local/lib/python3.6/site-packages/airflow/example_dags/example_xcom.py for tasks to queue
[2021-05-08 07:01:12,821] {logging_mixin.py:104} INFO - [2021-05-08 07:01:12,820] {dagbag.py:451} INFO - Filling up the DagBag from /home/airflow/.local/lib/python3.6/site-packages/airflow/example_dags/example_xcom.py
[2021-05-08 07:01:12,837] {scheduler_job.py:639} INFO - DAG(s) dict_keys(['example_xcom']) retrieved from /home/airflow/.local/lib/python3.6/site-packages/airflow/example_dags/example_xcom.py
[2021-05-08 07:01:12,869] {logging_mixin.py:104} INFO - [2021-05-08 07:01:12,868] {dag.py:1824} INFO - Sync 1 DAGs
[2021-05-08 07:01:12,896] {logging_mixin.py:104} INFO - [2021-05-08 07:01:12,896] {dag.py:2280} INFO - Setting next_dagrun for example_xcom to 2021-05-06 00:00:00+00:00
[2021-05-08 07:01:12,910] {scheduler_job.py:190} INFO - Processing /home/airflow/.local/lib/python3.6/site-packages/airflow/example_dags/example_xcom.py took 0.099 seconds
[2021-05-08 07:01:43,831] {scheduler_job.py:182} INFO - Started process (PID=667) to work on /home/airflow/.local/lib/python3.6/site-packages/airflow/example_dags/example_xcom.py
[2021-05-08 07:01:43,833] {scheduler_job.py:629} INFO - Processing file /home/airflow/.local/lib/python3.6/site-packages/airflow/example_dags/example_xcom.py for tasks to queue
[2021-05-08 07:01:43,835] {logging_mixin.py:104} INFO - [2021-05-08 07:01:43,835] {dagbag.py:451} INFO - Filling up the DagBag from /home/airflow/.local/lib/python3.6/site-packages/airflow/example_dags/example_xcom.py
[2021-05-08 07:01:43,855] {scheduler_job.py:639} INFO - DAG(s) dict_keys(['example_xcom']) retrieved from /home/airflow/.local/lib/python3.6/site-packages/airflow/example_dags/example_xcom.py
[2021-05-08 07:01:43,888] {logging_mixin.py:104} INFO - [2021-05-08 07:01:43,888] {dag.py:1824} INFO - Sync 1 DAGs
[2021-05-08 07:01:43,912] {logging_mixin.py:104} INFO - [2021-05-08 07:01:43,912] {dag.py:2280} INFO - Setting next_dagrun for example_xcom to 2021-05-06 00:00:00+00:00
[2021-05-08 07:01:43,930] {scheduler_job.py:190} INFO - Processing /home/airflow/.local/lib/python3.6/site-packages/airflow/example_dags/example_xcom.py took 0.104 seconds
[2021-05-08 07:02:14,613] {scheduler_job.py:182} INFO - Started process (PID=694) to work on /home/airflow/.local/lib/python3.6/site-packages/airflow/example_dags/example_xcom.py
[2021-05-08 07:02:14,616] {scheduler_job.py:629} INFO - Processing file /home/airflow/.local/lib/python3.6/site-packages/airflow/example_dags/example_xcom.py for tasks to queue
[2021-05-08 07:02:14,618] {logging_mixin.py:104} INFO - [2021-05-08 07:02:14,618] {dagbag.py:451} INFO - Filling up the DagBag from /home/airflow/.local/lib/python3.6/site-packages/airflow/example_dags/example_xcom.py
[2021-05-08 07:02:14,634] {scheduler_job.py:639} INFO - DAG(s) dict_keys(['example_xcom']) retrieved from /home/airflow/.local/lib/python3.6/site-packages/airflow/example_dags/example_xcom.py
[2021-05-08 07:02:14,686] {logging_mixin.py:104} INFO - [2021-05-08 07:02:14,686] {dag.py:1824} INFO - Sync 1 DAGs
[2021-05-08 07:02:14,711] {logging_mixin.py:104} INFO - [2021-05-08 07:02:14,711] {dag.py:2280} INFO - Setting next_dagrun for example_xcom to 2021-05-06 00:00:00+00:00
[2021-05-08 07:02:14,726] {scheduler_job.py:190} INFO - Processing /home/airflow/.local/lib/python3.6/site-packages/airflow/example_dags/example_xcom.py took 0.118 seconds
[2021-05-08 07:02:45,812] {scheduler_job.py:182} INFO - Started process (PID=722) to work on /home/airflow/.local/lib/python3.6/site-packages/airflow/example_dags/example_xcom.py
[2021-05-08 07:02:45,817] {scheduler_job.py:629} INFO - Processing file /home/airflow/.local/lib/python3.6/site-packages/airflow/example_dags/example_xcom.py for tasks to queue
[2021-05-08 07:02:45,819] {logging_mixin.py:104} INFO - [2021-05-08 07:02:45,819] {dagbag.py:451} INFO - Filling up the DagBag from /home/airflow/.local/lib/python3.6/site-packages/airflow/example_dags/example_xcom.py
[2021-05-08 07:02:45,849] {scheduler_job.py:639} INFO - DAG(s) dict_keys(['example_xcom']) retrieved from /home/airflow/.local/lib/python3.6/site-packages/airflow/example_dags/example_xcom.py
[2021-05-08 07:02:45,907] {logging_mixin.py:104} INFO - [2021-05-08 07:02:45,907] {dag.py:1824} INFO - Sync 1 DAGs
[2021-05-08 07:02:45,944] {logging_mixin.py:104} INFO - [2021-05-08 07:02:45,943] {dag.py:2280} INFO - Setting next_dagrun for example_xcom to 2021-05-06 00:00:00+00:00
[2021-05-08 07:02:45,996] {scheduler_job.py:190} INFO - Processing /home/airflow/.local/lib/python3.6/site-packages/airflow/example_dags/example_xcom.py took 0.192 seconds
[2021-05-08 07:03:16,182] {scheduler_job.py:182} INFO - Started process (PID=749) to work on /home/airflow/.local/lib/python3.6/site-packages/airflow/example_dags/example_xcom.py
[2021-05-08 07:03:16,185] {scheduler_job.py:629} INFO - Processing file /home/airflow/.local/lib/python3.6/site-packages/airflow/example_dags/example_xcom.py for tasks to queue
[2021-05-08 07:03:16,187] {logging_mixin.py:104} INFO - [2021-05-08 07:03:16,187] {dagbag.py:451} INFO - Filling up the DagBag from /home/airflow/.local/lib/python3.6/site-packages/airflow/example_dags/example_xcom.py
[2021-05-08 07:03:16,204] {scheduler_job.py:639} INFO - DAG(s) dict_keys(['example_xcom']) retrieved from /home/airflow/.local/lib/python3.6/site-packages/airflow/example_dags/example_xcom.py
[2021-05-08 07:03:16,240] {logging_mixin.py:104} INFO - [2021-05-08 07:03:16,240] {dag.py:1824} INFO - Sync 1 DAGs
[2021-05-08 07:03:16,266] {logging_mixin.py:104} INFO - [2021-05-08 07:03:16,265] {dag.py:2280} INFO - Setting next_dagrun for example_xcom to 2021-05-06 00:00:00+00:00
[2021-05-08 07:03:16,287] {scheduler_job.py:190} INFO - Processing /home/airflow/.local/lib/python3.6/site-packages/airflow/example_dags/example_xcom.py took 0.109 seconds
[2021-05-08 07:03:46,949] {scheduler_job.py:182} INFO - Started process (PID=774) to work on /home/airflow/.local/lib/python3.6/site-packages/airflow/example_dags/example_xcom.py
[2021-05-08 07:03:46,951] {scheduler_job.py:629} INFO - Processing file /home/airflow/.local/lib/python3.6/site-packages/airflow/example_dags/example_xcom.py for tasks to queue
[2021-05-08 07:03:46,953] {logging_mixin.py:104} INFO - [2021-05-08 07:03:46,953] {dagbag.py:451} INFO - Filling up the DagBag from /home/airflow/.local/lib/python3.6/site-packages/airflow/example_dags/example_xcom.py
[2021-05-08 07:03:46,969] {scheduler_job.py:639} INFO - DAG(s) dict_keys(['example_xcom']) retrieved from /home/airflow/.local/lib/python3.6/site-packages/airflow/example_dags/example_xcom.py
[2021-05-08 07:03:47,002] {logging_mixin.py:104} INFO - [2021-05-08 07:03:47,002] {dag.py:1824} INFO - Sync 1 DAGs
[2021-05-08 07:03:47,029] {logging_mixin.py:104} INFO - [2021-05-08 07:03:47,029] {dag.py:2280} INFO - Setting next_dagrun for example_xcom to 2021-05-06 00:00:00+00:00
[2021-05-08 07:03:47,049] {scheduler_job.py:190} INFO - Processing /home/airflow/.local/lib/python3.6/site-packages/airflow/example_dags/example_xcom.py took 0.106 seconds
[2021-05-08 07:04:17,721] {scheduler_job.py:182} INFO - Started process (PID=801) to work on /home/airflow/.local/lib/python3.6/site-packages/airflow/example_dags/example_xcom.py
[2021-05-08 07:04:17,723] {scheduler_job.py:629} INFO - Processing file /home/airflow/.local/lib/python3.6/site-packages/airflow/example_dags/example_xcom.py for tasks to queue
[2021-05-08 07:04:17,725] {logging_mixin.py:104} INFO - [2021-05-08 07:04:17,725] {dagbag.py:451} INFO - Filling up the DagBag from /home/airflow/.local/lib/python3.6/site-packages/airflow/example_dags/example_xcom.py
[2021-05-08 07:04:17,740] {scheduler_job.py:639} INFO - DAG(s) dict_keys(['example_xcom']) retrieved from /home/airflow/.local/lib/python3.6/site-packages/airflow/example_dags/example_xcom.py
[2021-05-08 07:04:17,779] {logging_mixin.py:104} INFO - [2021-05-08 07:04:17,779] {dag.py:1824} INFO - Sync 1 DAGs
[2021-05-08 07:04:17,799] {logging_mixin.py:104} INFO - [2021-05-08 07:04:17,799] {dag.py:2280} INFO - Setting next_dagrun for example_xcom to 2021-05-06 00:00:00+00:00
[2021-05-08 07:04:17,814] {scheduler_job.py:190} INFO - Processing /home/airflow/.local/lib/python3.6/site-packages/airflow/example_dags/example_xcom.py took 0.098 seconds
[2021-05-08 07:04:48,431] {scheduler_job.py:182} INFO - Started process (PID=829) to work on /home/airflow/.local/lib/python3.6/site-packages/airflow/example_dags/example_xcom.py
[2021-05-08 07:04:48,434] {scheduler_job.py:629} INFO - Processing file /home/airflow/.local/lib/python3.6/site-packages/airflow/example_dags/example_xcom.py for tasks to queue
[2021-05-08 07:04:48,436] {logging_mixin.py:104} INFO - [2021-05-08 07:04:48,436] {dagbag.py:451} INFO - Filling up the DagBag from /home/airflow/.local/lib/python3.6/site-packages/airflow/example_dags/example_xcom.py
[2021-05-08 07:04:48,462] {scheduler_job.py:639} INFO - DAG(s) dict_keys(['example_xcom']) retrieved from /home/airflow/.local/lib/python3.6/site-packages/airflow/example_dags/example_xcom.py
[2021-05-08 07:04:48,503] {logging_mixin.py:104} INFO - [2021-05-08 07:04:48,503] {dag.py:1824} INFO - Sync 1 DAGs
[2021-05-08 07:04:48,529] {logging_mixin.py:104} INFO - [2021-05-08 07:04:48,529] {dag.py:2280} INFO - Setting next_dagrun for example_xcom to 2021-05-06 00:00:00+00:00
[2021-05-08 07:04:48,547] {scheduler_job.py:190} INFO - Processing /home/airflow/.local/lib/python3.6/site-packages/airflow/example_dags/example_xcom.py took 0.122 seconds
[2021-05-08 07:05:19,332] {scheduler_job.py:182} INFO - Started process (PID=859) to work on /home/airflow/.local/lib/python3.6/site-packages/airflow/example_dags/example_xcom.py
[2021-05-08 07:05:19,335] {scheduler_job.py:629} INFO - Processing file /home/airflow/.local/lib/python3.6/site-packages/airflow/example_dags/example_xcom.py for tasks to queue
[2021-05-08 07:05:19,337] {logging_mixin.py:104} INFO - [2021-05-08 07:05:19,337] {dagbag.py:451} INFO - Filling up the DagBag from /home/airflow/.local/lib/python3.6/site-packages/airflow/example_dags/example_xcom.py
[2021-05-08 07:05:19,360] {scheduler_job.py:639} INFO - DAG(s) dict_keys(['example_xcom']) retrieved from /home/airflow/.local/lib/python3.6/site-packages/airflow/example_dags/example_xcom.py
[2021-05-08 07:05:19,395] {logging_mixin.py:104} INFO - [2021-05-08 07:05:19,395] {dag.py:1824} INFO - Sync 1 DAGs
[2021-05-08 07:05:19,427] {logging_mixin.py:104} INFO - [2021-05-08 07:05:19,427] {dag.py:2280} INFO - Setting next_dagrun for example_xcom to 2021-05-06 00:00:00+00:00
[2021-05-08 07:05:19,446] {scheduler_job.py:190} INFO - Processing /home/airflow/.local/lib/python3.6/site-packages/airflow/example_dags/example_xcom.py took 0.118 seconds
[2021-05-08 07:05:50,522] {scheduler_job.py:182} INFO - Started process (PID=886) to work on /home/airflow/.local/lib/python3.6/site-packages/airflow/example_dags/example_xcom.py
[2021-05-08 07:05:50,524] {scheduler_job.py:629} INFO - Processing file /home/airflow/.local/lib/python3.6/site-packages/airflow/example_dags/example_xcom.py for tasks to queue
[2021-05-08 07:05:50,526] {logging_mixin.py:104} INFO - [2021-05-08 07:05:50,526] {dagbag.py:451} INFO - Filling up the DagBag from /home/airflow/.local/lib/python3.6/site-packages/airflow/example_dags/example_xcom.py
[2021-05-08 07:05:50,547] {scheduler_job.py:639} INFO - DAG(s) dict_keys(['example_xcom']) retrieved from /home/airflow/.local/lib/python3.6/site-packages/airflow/example_dags/example_xcom.py
[2021-05-08 07:05:50,582] {logging_mixin.py:104} INFO - [2021-05-08 07:05:50,582] {dag.py:1824} INFO - Sync 1 DAGs
[2021-05-08 07:05:50,606] {logging_mixin.py:104} INFO - [2021-05-08 07:05:50,606] {dag.py:2280} INFO - Setting next_dagrun for example_xcom to 2021-05-06 00:00:00+00:00
[2021-05-08 07:05:50,625] {scheduler_job.py:190} INFO - Processing /home/airflow/.local/lib/python3.6/site-packages/airflow/example_dags/example_xcom.py took 0.109 seconds
[2021-05-08 07:06:20,821] {scheduler_job.py:182} INFO - Started process (PID=913) to work on /home/airflow/.local/lib/python3.6/site-packages/airflow/example_dags/example_xcom.py
[2021-05-08 07:06:20,823] {scheduler_job.py:629} INFO - Processing file /home/airflow/.local/lib/python3.6/site-packages/airflow/example_dags/example_xcom.py for tasks to queue
[2021-05-08 07:06:20,825] {logging_mixin.py:104} INFO - [2021-05-08 07:06:20,825] {dagbag.py:451} INFO - Filling up the DagBag from /home/airflow/.local/lib/python3.6/site-packages/airflow/example_dags/example_xcom.py
[2021-05-08 07:06:20,847] {scheduler_job.py:639} INFO - DAG(s) dict_keys(['example_xcom']) retrieved from /home/airflow/.local/lib/python3.6/site-packages/airflow/example_dags/example_xcom.py
[2021-05-08 07:06:20,904] {logging_mixin.py:104} INFO - [2021-05-08 07:06:20,904] {dag.py:1824} INFO - Sync 1 DAGs
[2021-05-08 07:06:20,930] {logging_mixin.py:104} INFO - [2021-05-08 07:06:20,930] {dag.py:2280} INFO - Setting next_dagrun for example_xcom to 2021-05-06 00:00:00+00:00
[2021-05-08 07:06:20,949] {scheduler_job.py:190} INFO - Processing /home/airflow/.local/lib/python3.6/site-packages/airflow/example_dags/example_xcom.py took 0.133 seconds
[2021-05-08 07:06:51,005] {scheduler_job.py:182} INFO - Started process (PID=940) to work on /home/airflow/.local/lib/python3.6/site-packages/airflow/example_dags/example_xcom.py
[2021-05-08 07:06:51,007] {scheduler_job.py:629} INFO - Processing file /home/airflow/.local/lib/python3.6/site-packages/airflow/example_dags/example_xcom.py for tasks to queue
[2021-05-08 07:06:51,009] {logging_mixin.py:104} INFO - [2021-05-08 07:06:51,009] {dagbag.py:451} INFO - Filling up the DagBag from /home/airflow/.local/lib/python3.6/site-packages/airflow/example_dags/example_xcom.py
[2021-05-08 07:06:51,028] {scheduler_job.py:639} INFO - DAG(s) dict_keys(['example_xcom']) retrieved from /home/airflow/.local/lib/python3.6/site-packages/airflow/example_dags/example_xcom.py
[2021-05-08 07:06:51,061] {logging_mixin.py:104} INFO - [2021-05-08 07:06:51,060] {dag.py:1824} INFO - Sync 1 DAGs
[2021-05-08 07:06:51,083] {logging_mixin.py:104} INFO - [2021-05-08 07:06:51,083] {dag.py:2280} INFO - Setting next_dagrun for example_xcom to 2021-05-06 00:00:00+00:00
[2021-05-08 07:06:51,098] {scheduler_job.py:190} INFO - Processing /home/airflow/.local/lib/python3.6/site-packages/airflow/example_dags/example_xcom.py took 0.098 seconds
[2021-05-08 07:07:21,912] {scheduler_job.py:182} INFO - Started process (PID=968) to work on /home/airflow/.local/lib/python3.6/site-packages/airflow/example_dags/example_xcom.py
[2021-05-08 07:07:21,918] {scheduler_job.py:629} INFO - Processing file /home/airflow/.local/lib/python3.6/site-packages/airflow/example_dags/example_xcom.py for tasks to queue
[2021-05-08 07:07:21,920] {logging_mixin.py:104} INFO - [2021-05-08 07:07:21,920] {dagbag.py:451} INFO - Filling up the DagBag from /home/airflow/.local/lib/python3.6/site-packages/airflow/example_dags/example_xcom.py
[2021-05-08 07:07:21,936] {scheduler_job.py:639} INFO - DAG(s) dict_keys(['example_xcom']) retrieved from /home/airflow/.local/lib/python3.6/site-packages/airflow/example_dags/example_xcom.py
[2021-05-08 07:07:21,968] {logging_mixin.py:104} INFO - [2021-05-08 07:07:21,968] {dag.py:1824} INFO - Sync 1 DAGs
[2021-05-08 07:07:21,990] {logging_mixin.py:104} INFO - [2021-05-08 07:07:21,990] {dag.py:2280} INFO - Setting next_dagrun for example_xcom to 2021-05-06 00:00:00+00:00
[2021-05-08 07:07:22,009] {scheduler_job.py:190} INFO - Processing /home/airflow/.local/lib/python3.6/site-packages/airflow/example_dags/example_xcom.py took 0.102 seconds
[2021-05-08 07:07:52,854] {scheduler_job.py:182} INFO - Started process (PID=995) to work on /home/airflow/.local/lib/python3.6/site-packages/airflow/example_dags/example_xcom.py
[2021-05-08 07:07:52,858] {scheduler_job.py:629} INFO - Processing file /home/airflow/.local/lib/python3.6/site-packages/airflow/example_dags/example_xcom.py for tasks to queue
[2021-05-08 07:07:52,861] {logging_mixin.py:104} INFO - [2021-05-08 07:07:52,860] {dagbag.py:451} INFO - Filling up the DagBag from /home/airflow/.local/lib/python3.6/site-packages/airflow/example_dags/example_xcom.py
[2021-05-08 07:07:52,895] {scheduler_job.py:639} INFO - DAG(s) dict_keys(['example_xcom']) retrieved from /home/airflow/.local/lib/python3.6/site-packages/airflow/example_dags/example_xcom.py
[2021-05-08 07:07:52,949] {logging_mixin.py:104} INFO - [2021-05-08 07:07:52,949] {dag.py:1824} INFO - Sync 1 DAGs
[2021-05-08 07:07:52,970] {logging_mixin.py:104} INFO - [2021-05-08 07:07:52,970] {dag.py:2280} INFO - Setting next_dagrun for example_xcom to 2021-05-06 00:00:00+00:00
[2021-05-08 07:07:52,988] {scheduler_job.py:190} INFO - Processing /home/airflow/.local/lib/python3.6/site-packages/airflow/example_dags/example_xcom.py took 0.141 seconds
[2021-05-08 07:08:25,256] {scheduler_job.py:182} INFO - Started process (PID=1023) to work on /home/airflow/.local/lib/python3.6/site-packages/airflow/example_dags/example_xcom.py
[2021-05-08 07:08:25,261] {scheduler_job.py:629} INFO - Processing file /home/airflow/.local/lib/python3.6/site-packages/airflow/example_dags/example_xcom.py for tasks to queue
[2021-05-08 07:08:25,265] {logging_mixin.py:104} INFO - [2021-05-08 07:08:25,265] {dagbag.py:451} INFO - Filling up the DagBag from /home/airflow/.local/lib/python3.6/site-packages/airflow/example_dags/example_xcom.py
[2021-05-08 07:08:25,317] {scheduler_job.py:639} INFO - DAG(s) dict_keys(['example_xcom']) retrieved from /home/airflow/.local/lib/python3.6/site-packages/airflow/example_dags/example_xcom.py
[2021-05-08 07:08:25,427] {logging_mixin.py:104} INFO - [2021-05-08 07:08:25,427] {dag.py:1824} INFO - Sync 1 DAGs
[2021-05-08 07:08:25,494] {logging_mixin.py:104} INFO - [2021-05-08 07:08:25,493] {dag.py:2280} INFO - Setting next_dagrun for example_xcom to 2021-05-06 00:00:00+00:00
[2021-05-08 07:08:25,534] {scheduler_job.py:190} INFO - Processing /home/airflow/.local/lib/python3.6/site-packages/airflow/example_dags/example_xcom.py took 0.290 seconds
[2021-05-08 07:08:56,677] {scheduler_job.py:182} INFO - Started process (PID=1050) to work on /home/airflow/.local/lib/python3.6/site-packages/airflow/example_dags/example_xcom.py
[2021-05-08 07:08:56,684] {scheduler_job.py:629} INFO - Processing file /home/airflow/.local/lib/python3.6/site-packages/airflow/example_dags/example_xcom.py for tasks to queue
[2021-05-08 07:08:56,688] {logging_mixin.py:104} INFO - [2021-05-08 07:08:56,688] {dagbag.py:451} INFO - Filling up the DagBag from /home/airflow/.local/lib/python3.6/site-packages/airflow/example_dags/example_xcom.py
[2021-05-08 07:08:56,731] {scheduler_job.py:639} INFO - DAG(s) dict_keys(['example_xcom']) retrieved from /home/airflow/.local/lib/python3.6/site-packages/airflow/example_dags/example_xcom.py
[2021-05-08 07:08:56,813] {logging_mixin.py:104} INFO - [2021-05-08 07:08:56,813] {dag.py:1824} INFO - Sync 1 DAGs
[2021-05-08 07:08:56,873] {logging_mixin.py:104} INFO - [2021-05-08 07:08:56,872] {dag.py:2280} INFO - Setting next_dagrun for example_xcom to 2021-05-06 00:00:00+00:00
[2021-05-08 07:08:56,908] {scheduler_job.py:190} INFO - Processing /home/airflow/.local/lib/python3.6/site-packages/airflow/example_dags/example_xcom.py took 0.243 seconds
[2021-05-08 07:09:27,812] {scheduler_job.py:182} INFO - Started process (PID=1076) to work on /home/airflow/.local/lib/python3.6/site-packages/airflow/example_dags/example_xcom.py
[2021-05-08 07:09:27,821] {scheduler_job.py:629} INFO - Processing file /home/airflow/.local/lib/python3.6/site-packages/airflow/example_dags/example_xcom.py for tasks to queue
[2021-05-08 07:09:27,828] {logging_mixin.py:104} INFO - [2021-05-08 07:09:27,827] {dagbag.py:451} INFO - Filling up the DagBag from /home/airflow/.local/lib/python3.6/site-packages/airflow/example_dags/example_xcom.py
[2021-05-08 07:09:27,892] {scheduler_job.py:639} INFO - DAG(s) dict_keys(['example_xcom']) retrieved from /home/airflow/.local/lib/python3.6/site-packages/airflow/example_dags/example_xcom.py
[2021-05-08 07:09:28,027] {logging_mixin.py:104} INFO - [2021-05-08 07:09:28,026] {dag.py:1824} INFO - Sync 1 DAGs
[2021-05-08 07:09:28,117] {logging_mixin.py:104} INFO - [2021-05-08 07:09:28,117] {dag.py:2280} INFO - Setting next_dagrun for example_xcom to 2021-05-06 00:00:00+00:00
[2021-05-08 07:09:28,170] {scheduler_job.py:190} INFO - Processing /home/airflow/.local/lib/python3.6/site-packages/airflow/example_dags/example_xcom.py took 0.377 seconds
[2021-05-08 07:09:58,506] {scheduler_job.py:182} INFO - Started process (PID=1103) to work on /home/airflow/.local/lib/python3.6/site-packages/airflow/example_dags/example_xcom.py
[2021-05-08 07:09:58,516] {scheduler_job.py:629} INFO - Processing file /home/airflow/.local/lib/python3.6/site-packages/airflow/example_dags/example_xcom.py for tasks to queue
[2021-05-08 07:09:58,521] {logging_mixin.py:104} INFO - [2021-05-08 07:09:58,521] {dagbag.py:451} INFO - Filling up the DagBag from /home/airflow/.local/lib/python3.6/site-packages/airflow/example_dags/example_xcom.py
[2021-05-08 07:09:58,564] {scheduler_job.py:639} INFO - DAG(s) dict_keys(['example_xcom']) retrieved from /home/airflow/.local/lib/python3.6/site-packages/airflow/example_dags/example_xcom.py
[2021-05-08 07:09:58,635] {logging_mixin.py:104} INFO - [2021-05-08 07:09:58,635] {dag.py:1824} INFO - Sync 1 DAGs
[2021-05-08 07:09:58,679] {logging_mixin.py:104} INFO - [2021-05-08 07:09:58,679] {dag.py:2280} INFO - Setting next_dagrun for example_xcom to 2021-05-06 00:00:00+00:00
[2021-05-08 07:09:58,710] {scheduler_job.py:190} INFO - Processing /home/airflow/.local/lib/python3.6/site-packages/airflow/example_dags/example_xcom.py took 0.215 seconds
[2021-05-08 07:10:28,780] {scheduler_job.py:182} INFO - Started process (PID=1129) to work on /home/airflow/.local/lib/python3.6/site-packages/airflow/example_dags/example_xcom.py
[2021-05-08 07:10:28,784] {scheduler_job.py:629} INFO - Processing file /home/airflow/.local/lib/python3.6/site-packages/airflow/example_dags/example_xcom.py for tasks to queue
[2021-05-08 07:10:28,787] {logging_mixin.py:104} INFO - [2021-05-08 07:10:28,787] {dagbag.py:451} INFO - Filling up the DagBag from /home/airflow/.local/lib/python3.6/site-packages/airflow/example_dags/example_xcom.py
[2021-05-08 07:10:28,815] {scheduler_job.py:639} INFO - DAG(s) dict_keys(['example_xcom']) retrieved from /home/airflow/.local/lib/python3.6/site-packages/airflow/example_dags/example_xcom.py
[2021-05-08 07:10:28,866] {logging_mixin.py:104} INFO - [2021-05-08 07:10:28,866] {dag.py:1824} INFO - Sync 1 DAGs
[2021-05-08 07:10:28,899] {logging_mixin.py:104} INFO - [2021-05-08 07:10:28,899] {dag.py:2280} INFO - Setting next_dagrun for example_xcom to 2021-05-06 00:00:00+00:00
[2021-05-08 07:10:28,927] {scheduler_job.py:190} INFO - Processing /home/airflow/.local/lib/python3.6/site-packages/airflow/example_dags/example_xcom.py took 0.156 seconds
[2021-05-08 07:10:59,055] {scheduler_job.py:182} INFO - Started process (PID=1156) to work on /home/airflow/.local/lib/python3.6/site-packages/airflow/example_dags/example_xcom.py
[2021-05-08 07:10:59,059] {scheduler_job.py:629} INFO - Processing file /home/airflow/.local/lib/python3.6/site-packages/airflow/example_dags/example_xcom.py for tasks to queue
[2021-05-08 07:10:59,063] {logging_mixin.py:104} INFO - [2021-05-08 07:10:59,062] {dagbag.py:451} INFO - Filling up the DagBag from /home/airflow/.local/lib/python3.6/site-packages/airflow/example_dags/example_xcom.py
[2021-05-08 07:10:59,108] {scheduler_job.py:639} INFO - DAG(s) dict_keys(['example_xcom']) retrieved from /home/airflow/.local/lib/python3.6/site-packages/airflow/example_dags/example_xcom.py
[2021-05-08 07:10:59,181] {logging_mixin.py:104} INFO - [2021-05-08 07:10:59,181] {dag.py:1824} INFO - Sync 1 DAGs
[2021-05-08 07:10:59,217] {logging_mixin.py:104} INFO - [2021-05-08 07:10:59,217] {dag.py:2280} INFO - Setting next_dagrun for example_xcom to 2021-05-06 00:00:00+00:00
[2021-05-08 07:10:59,245] {scheduler_job.py:190} INFO - Processing /home/airflow/.local/lib/python3.6/site-packages/airflow/example_dags/example_xcom.py took 0.200 seconds
[2021-05-08 07:11:29,338] {scheduler_job.py:182} INFO - Started process (PID=1183) to work on /home/airflow/.local/lib/python3.6/site-packages/airflow/example_dags/example_xcom.py
[2021-05-08 07:11:29,342] {scheduler_job.py:629} INFO - Processing file /home/airflow/.local/lib/python3.6/site-packages/airflow/example_dags/example_xcom.py for tasks to queue
[2021-05-08 07:11:29,344] {logging_mixin.py:104} INFO - [2021-05-08 07:11:29,344] {dagbag.py:451} INFO - Filling up the DagBag from /home/airflow/.local/lib/python3.6/site-packages/airflow/example_dags/example_xcom.py
[2021-05-08 07:11:29,370] {scheduler_job.py:639} INFO - DAG(s) dict_keys(['example_xcom']) retrieved from /home/airflow/.local/lib/python3.6/site-packages/airflow/example_dags/example_xcom.py
[2021-05-08 07:11:29,419] {logging_mixin.py:104} INFO - [2021-05-08 07:11:29,419] {dag.py:1824} INFO - Sync 1 DAGs
[2021-05-08 07:11:29,451] {logging_mixin.py:104} INFO - [2021-05-08 07:11:29,450] {dag.py:2280} INFO - Setting next_dagrun for example_xcom to 2021-05-06 00:00:00+00:00
[2021-05-08 07:11:29,474] {scheduler_job.py:190} INFO - Processing /home/airflow/.local/lib/python3.6/site-packages/airflow/example_dags/example_xcom.py took 0.144 seconds
[2021-05-08 07:11:59,773] {scheduler_job.py:182} INFO - Started process (PID=1210) to work on /home/airflow/.local/lib/python3.6/site-packages/airflow/example_dags/example_xcom.py
[2021-05-08 07:11:59,778] {scheduler_job.py:629} INFO - Processing file /home/airflow/.local/lib/python3.6/site-packages/airflow/example_dags/example_xcom.py for tasks to queue
[2021-05-08 07:11:59,781] {logging_mixin.py:104} INFO - [2021-05-08 07:11:59,781] {dagbag.py:451} INFO - Filling up the DagBag from /home/airflow/.local/lib/python3.6/site-packages/airflow/example_dags/example_xcom.py
[2021-05-08 07:11:59,810] {scheduler_job.py:639} INFO - DAG(s) dict_keys(['example_xcom']) retrieved from /home/airflow/.local/lib/python3.6/site-packages/airflow/example_dags/example_xcom.py
[2021-05-08 07:11:59,867] {logging_mixin.py:104} INFO - [2021-05-08 07:11:59,867] {dag.py:1824} INFO - Sync 1 DAGs
[2021-05-08 07:11:59,903] {logging_mixin.py:104} INFO - [2021-05-08 07:11:59,903] {dag.py:2280} INFO - Setting next_dagrun for example_xcom to 2021-05-06 00:00:00+00:00
[2021-05-08 07:11:59,929] {scheduler_job.py:190} INFO - Processing /home/airflow/.local/lib/python3.6/site-packages/airflow/example_dags/example_xcom.py took 0.164 seconds
[2021-05-08 07:12:30,100] {scheduler_job.py:182} INFO - Started process (PID=1237) to work on /home/airflow/.local/lib/python3.6/site-packages/airflow/example_dags/example_xcom.py
[2021-05-08 07:12:30,108] {scheduler_job.py:629} INFO - Processing file /home/airflow/.local/lib/python3.6/site-packages/airflow/example_dags/example_xcom.py for tasks to queue
[2021-05-08 07:12:30,112] {logging_mixin.py:104} INFO - [2021-05-08 07:12:30,111] {dagbag.py:451} INFO - Filling up the DagBag from /home/airflow/.local/lib/python3.6/site-packages/airflow/example_dags/example_xcom.py
[2021-05-08 07:12:30,160] {scheduler_job.py:639} INFO - DAG(s) dict_keys(['example_xcom']) retrieved from /home/airflow/.local/lib/python3.6/site-packages/airflow/example_dags/example_xcom.py
[2021-05-08 07:12:30,241] {logging_mixin.py:104} INFO - [2021-05-08 07:12:30,240] {dag.py:1824} INFO - Sync 1 DAGs
[2021-05-08 07:12:30,304] {logging_mixin.py:104} INFO - [2021-05-08 07:12:30,304] {dag.py:2280} INFO - Setting next_dagrun for example_xcom to 2021-05-06 00:00:00+00:00
[2021-05-08 07:12:30,343] {scheduler_job.py:190} INFO - Processing /home/airflow/.local/lib/python3.6/site-packages/airflow/example_dags/example_xcom.py took 0.261 seconds
[2021-05-08 07:13:00,829] {scheduler_job.py:182} INFO - Started process (PID=1263) to work on /home/airflow/.local/lib/python3.6/site-packages/airflow/example_dags/example_xcom.py
[2021-05-08 07:13:00,837] {scheduler_job.py:629} INFO - Processing file /home/airflow/.local/lib/python3.6/site-packages/airflow/example_dags/example_xcom.py for tasks to queue
[2021-05-08 07:13:00,842] {logging_mixin.py:104} INFO - [2021-05-08 07:13:00,841] {dagbag.py:451} INFO - Filling up the DagBag from /home/airflow/.local/lib/python3.6/site-packages/airflow/example_dags/example_xcom.py
[2021-05-08 07:13:00,890] {scheduler_job.py:639} INFO - DAG(s) dict_keys(['example_xcom']) retrieved from /home/airflow/.local/lib/python3.6/site-packages/airflow/example_dags/example_xcom.py
[2021-05-08 07:13:00,977] {logging_mixin.py:104} INFO - [2021-05-08 07:13:00,977] {dag.py:1824} INFO - Sync 1 DAGs
[2021-05-08 07:13:01,028] {logging_mixin.py:104} INFO - [2021-05-08 07:13:01,028] {dag.py:2280} INFO - Setting next_dagrun for example_xcom to 2021-05-06 00:00:00+00:00
[2021-05-08 07:13:01,065] {scheduler_job.py:190} INFO - Processing /home/airflow/.local/lib/python3.6/site-packages/airflow/example_dags/example_xcom.py took 0.250 seconds
[2021-05-08 07:13:31,688] {scheduler_job.py:182} INFO - Started process (PID=1289) to work on /home/airflow/.local/lib/python3.6/site-packages/airflow/example_dags/example_xcom.py
[2021-05-08 07:13:31,699] {scheduler_job.py:629} INFO - Processing file /home/airflow/.local/lib/python3.6/site-packages/airflow/example_dags/example_xcom.py for tasks to queue
[2021-05-08 07:13:31,707] {logging_mixin.py:104} INFO - [2021-05-08 07:13:31,706] {dagbag.py:451} INFO - Filling up the DagBag from /home/airflow/.local/lib/python3.6/site-packages/airflow/example_dags/example_xcom.py
[2021-05-08 07:13:31,785] {scheduler_job.py:639} INFO - DAG(s) dict_keys(['example_xcom']) retrieved from /home/airflow/.local/lib/python3.6/site-packages/airflow/example_dags/example_xcom.py
[2021-05-08 07:13:31,894] {logging_mixin.py:104} INFO - [2021-05-08 07:13:31,894] {dag.py:1824} INFO - Sync 1 DAGs
[2021-05-08 07:13:32,005] {logging_mixin.py:104} INFO - [2021-05-08 07:13:32,005] {dag.py:2280} INFO - Setting next_dagrun for example_xcom to 2021-05-06 00:00:00+00:00
[2021-05-08 07:13:32,060] {scheduler_job.py:190} INFO - Processing /home/airflow/.local/lib/python3.6/site-packages/airflow/example_dags/example_xcom.py took 0.396 seconds
[2021-05-08 07:14:02,963] {scheduler_job.py:182} INFO - Started process (PID=1317) to work on /home/airflow/.local/lib/python3.6/site-packages/airflow/example_dags/example_xcom.py
[2021-05-08 07:14:02,970] {scheduler_job.py:629} INFO - Processing file /home/airflow/.local/lib/python3.6/site-packages/airflow/example_dags/example_xcom.py for tasks to queue
[2021-05-08 07:14:02,976] {logging_mixin.py:104} INFO - [2021-05-08 07:14:02,975] {dagbag.py:451} INFO - Filling up the DagBag from /home/airflow/.local/lib/python3.6/site-packages/airflow/example_dags/example_xcom.py
[2021-05-08 07:14:03,028] {scheduler_job.py:639} INFO - DAG(s) dict_keys(['example_xcom']) retrieved from /home/airflow/.local/lib/python3.6/site-packages/airflow/example_dags/example_xcom.py
[2021-05-08 07:14:03,129] {logging_mixin.py:104} INFO - [2021-05-08 07:14:03,129] {dag.py:1824} INFO - Sync 1 DAGs
[2021-05-08 07:14:03,204] {logging_mixin.py:104} INFO - [2021-05-08 07:14:03,204] {dag.py:2280} INFO - Setting next_dagrun for example_xcom to 2021-05-06 00:00:00+00:00
[2021-05-08 07:14:03,245] {scheduler_job.py:190} INFO - Processing /home/airflow/.local/lib/python3.6/site-packages/airflow/example_dags/example_xcom.py took 0.295 seconds
[2021-05-08 07:14:33,490] {scheduler_job.py:182} INFO - Started process (PID=1344) to work on /home/airflow/.local/lib/python3.6/site-packages/airflow/example_dags/example_xcom.py
[2021-05-08 07:14:33,495] {scheduler_job.py:629} INFO - Processing file /home/airflow/.local/lib/python3.6/site-packages/airflow/example_dags/example_xcom.py for tasks to queue
[2021-05-08 07:14:33,498] {logging_mixin.py:104} INFO - [2021-05-08 07:14:33,498] {dagbag.py:451} INFO - Filling up the DagBag from /home/airflow/.local/lib/python3.6/site-packages/airflow/example_dags/example_xcom.py
[2021-05-08 07:14:33,532] {scheduler_job.py:639} INFO - DAG(s) dict_keys(['example_xcom']) retrieved from /home/airflow/.local/lib/python3.6/site-packages/airflow/example_dags/example_xcom.py
[2021-05-08 07:14:33,589] {logging_mixin.py:104} INFO - [2021-05-08 07:14:33,589] {dag.py:1824} INFO - Sync 1 DAGs
[2021-05-08 07:14:33,629] {logging_mixin.py:104} INFO - [2021-05-08 07:14:33,628] {dag.py:2280} INFO - Setting next_dagrun for example_xcom to 2021-05-06 00:00:00+00:00
[2021-05-08 07:14:33,657] {scheduler_job.py:190} INFO - Processing /home/airflow/.local/lib/python3.6/site-packages/airflow/example_dags/example_xcom.py took 0.176 seconds
[2021-05-08 07:15:03,765] {scheduler_job.py:182} INFO - Started process (PID=1370) to work on /home/airflow/.local/lib/python3.6/site-packages/airflow/example_dags/example_xcom.py
[2021-05-08 07:15:03,770] {scheduler_job.py:629} INFO - Processing file /home/airflow/.local/lib/python3.6/site-packages/airflow/example_dags/example_xcom.py for tasks to queue
[2021-05-08 07:15:03,773] {logging_mixin.py:104} INFO - [2021-05-08 07:15:03,773] {dagbag.py:451} INFO - Filling up the DagBag from /home/airflow/.local/lib/python3.6/site-packages/airflow/example_dags/example_xcom.py
[2021-05-08 07:15:03,803] {scheduler_job.py:639} INFO - DAG(s) dict_keys(['example_xcom']) retrieved from /home/airflow/.local/lib/python3.6/site-packages/airflow/example_dags/example_xcom.py
[2021-05-08 07:15:03,862] {logging_mixin.py:104} INFO - [2021-05-08 07:15:03,862] {dag.py:1824} INFO - Sync 1 DAGs
[2021-05-08 07:15:03,899] {logging_mixin.py:104} INFO - [2021-05-08 07:15:03,899] {dag.py:2280} INFO - Setting next_dagrun for example_xcom to 2021-05-06 00:00:00+00:00
[2021-05-08 07:15:03,924] {scheduler_job.py:190} INFO - Processing /home/airflow/.local/lib/python3.6/site-packages/airflow/example_dags/example_xcom.py took 0.169 seconds
[2021-05-08 07:15:34,393] {scheduler_job.py:182} INFO - Started process (PID=1397) to work on /home/airflow/.local/lib/python3.6/site-packages/airflow/example_dags/example_xcom.py
[2021-05-08 07:15:34,396] {scheduler_job.py:629} INFO - Processing file /home/airflow/.local/lib/python3.6/site-packages/airflow/example_dags/example_xcom.py for tasks to queue
[2021-05-08 07:15:34,398] {logging_mixin.py:104} INFO - [2021-05-08 07:15:34,398] {dagbag.py:451} INFO - Filling up the DagBag from /home/airflow/.local/lib/python3.6/site-packages/airflow/example_dags/example_xcom.py
[2021-05-08 07:15:34,413] {scheduler_job.py:639} INFO - DAG(s) dict_keys(['example_xcom']) retrieved from /home/airflow/.local/lib/python3.6/site-packages/airflow/example_dags/example_xcom.py
[2021-05-08 07:15:34,445] {logging_mixin.py:104} INFO - [2021-05-08 07:15:34,445] {dag.py:1824} INFO - Sync 1 DAGs
[2021-05-08 07:15:34,466] {logging_mixin.py:104} INFO - [2021-05-08 07:15:34,465] {dag.py:2280} INFO - Setting next_dagrun for example_xcom to 2021-05-06 00:00:00+00:00
[2021-05-08 07:15:34,480] {scheduler_job.py:190} INFO - Processing /home/airflow/.local/lib/python3.6/site-packages/airflow/example_dags/example_xcom.py took 0.092 seconds
[2021-05-08 07:16:05,070] {scheduler_job.py:182} INFO - Started process (PID=1424) to work on /home/airflow/.local/lib/python3.6/site-packages/airflow/example_dags/example_xcom.py
[2021-05-08 07:16:05,072] {scheduler_job.py:629} INFO - Processing file /home/airflow/.local/lib/python3.6/site-packages/airflow/example_dags/example_xcom.py for tasks to queue
[2021-05-08 07:16:05,074] {logging_mixin.py:104} INFO - [2021-05-08 07:16:05,073] {dagbag.py:451} INFO - Filling up the DagBag from /home/airflow/.local/lib/python3.6/site-packages/airflow/example_dags/example_xcom.py
[2021-05-08 07:16:05,091] {scheduler_job.py:639} INFO - DAG(s) dict_keys(['example_xcom']) retrieved from /home/airflow/.local/lib/python3.6/site-packages/airflow/example_dags/example_xcom.py
[2021-05-08 07:16:05,124] {logging_mixin.py:104} INFO - [2021-05-08 07:16:05,124] {dag.py:1824} INFO - Sync 1 DAGs
[2021-05-08 07:16:05,144] {logging_mixin.py:104} INFO - [2021-05-08 07:16:05,144] {dag.py:2280} INFO - Setting next_dagrun for example_xcom to 2021-05-06 00:00:00+00:00
[2021-05-08 07:16:05,158] {scheduler_job.py:190} INFO - Processing /home/airflow/.local/lib/python3.6/site-packages/airflow/example_dags/example_xcom.py took 0.093 seconds
[2021-05-08 07:16:35,747] {scheduler_job.py:182} INFO - Started process (PID=1451) to work on /home/airflow/.local/lib/python3.6/site-packages/airflow/example_dags/example_xcom.py
[2021-05-08 07:16:35,749] {scheduler_job.py:629} INFO - Processing file /home/airflow/.local/lib/python3.6/site-packages/airflow/example_dags/example_xcom.py for tasks to queue
[2021-05-08 07:16:35,751] {logging_mixin.py:104} INFO - [2021-05-08 07:16:35,751] {dagbag.py:451} INFO - Filling up the DagBag from /home/airflow/.local/lib/python3.6/site-packages/airflow/example_dags/example_xcom.py
[2021-05-08 07:16:35,767] {scheduler_job.py:639} INFO - DAG(s) dict_keys(['example_xcom']) retrieved from /home/airflow/.local/lib/python3.6/site-packages/airflow/example_dags/example_xcom.py
[2021-05-08 07:16:35,801] {logging_mixin.py:104} INFO - [2021-05-08 07:16:35,801] {dag.py:1824} INFO - Sync 1 DAGs
[2021-05-08 07:16:35,821] {logging_mixin.py:104} INFO - [2021-05-08 07:16:35,820] {dag.py:2280} INFO - Setting next_dagrun for example_xcom to 2021-05-06 00:00:00+00:00
[2021-05-08 07:16:35,834] {scheduler_job.py:190} INFO - Processing /home/airflow/.local/lib/python3.6/site-packages/airflow/example_dags/example_xcom.py took 0.092 seconds
[2021-05-08 07:17:06,364] {scheduler_job.py:182} INFO - Started process (PID=1478) to work on /home/airflow/.local/lib/python3.6/site-packages/airflow/example_dags/example_xcom.py
[2021-05-08 07:17:06,366] {scheduler_job.py:629} INFO - Processing file /home/airflow/.local/lib/python3.6/site-packages/airflow/example_dags/example_xcom.py for tasks to queue
[2021-05-08 07:17:06,368] {logging_mixin.py:104} INFO - [2021-05-08 07:17:06,368] {dagbag.py:451} INFO - Filling up the DagBag from /home/airflow/.local/lib/python3.6/site-packages/airflow/example_dags/example_xcom.py
[2021-05-08 07:17:06,383] {scheduler_job.py:639} INFO - DAG(s) dict_keys(['example_xcom']) retrieved from /home/airflow/.local/lib/python3.6/site-packages/airflow/example_dags/example_xcom.py
[2021-05-08 07:17:06,416] {logging_mixin.py:104} INFO - [2021-05-08 07:17:06,416] {dag.py:1824} INFO - Sync 1 DAGs
[2021-05-08 07:17:06,437] {logging_mixin.py:104} INFO - [2021-05-08 07:17:06,437] {dag.py:2280} INFO - Setting next_dagrun for example_xcom to 2021-05-06 00:00:00+00:00
[2021-05-08 07:17:06,451] {scheduler_job.py:190} INFO - Processing /home/airflow/.local/lib/python3.6/site-packages/airflow/example_dags/example_xcom.py took 0.092 seconds
[2021-05-08 07:17:36,906] {scheduler_job.py:182} INFO - Started process (PID=1505) to work on /home/airflow/.local/lib/python3.6/site-packages/airflow/example_dags/example_xcom.py
[2021-05-08 07:17:36,909] {scheduler_job.py:629} INFO - Processing file /home/airflow/.local/lib/python3.6/site-packages/airflow/example_dags/example_xcom.py for tasks to queue
[2021-05-08 07:17:36,911] {logging_mixin.py:104} INFO - [2021-05-08 07:17:36,910] {dagbag.py:451} INFO - Filling up the DagBag from /home/airflow/.local/lib/python3.6/site-packages/airflow/example_dags/example_xcom.py
[2021-05-08 07:17:36,927] {scheduler_job.py:639} INFO - DAG(s) dict_keys(['example_xcom']) retrieved from /home/airflow/.local/lib/python3.6/site-packages/airflow/example_dags/example_xcom.py
[2021-05-08 07:17:36,958] {logging_mixin.py:104} INFO - [2021-05-08 07:17:36,958] {dag.py:1824} INFO - Sync 1 DAGs
[2021-05-08 07:17:36,979] {logging_mixin.py:104} INFO - [2021-05-08 07:17:36,979] {dag.py:2280} INFO - Setting next_dagrun for example_xcom to 2021-05-06 00:00:00+00:00
[2021-05-08 07:17:36,994] {scheduler_job.py:190} INFO - Processing /home/airflow/.local/lib/python3.6/site-packages/airflow/example_dags/example_xcom.py took 0.092 seconds
[2021-05-08 07:18:07,675] {scheduler_job.py:182} INFO - Started process (PID=1532) to work on /home/airflow/.local/lib/python3.6/site-packages/airflow/example_dags/example_xcom.py
[2021-05-08 07:18:07,677] {scheduler_job.py:629} INFO - Processing file /home/airflow/.local/lib/python3.6/site-packages/airflow/example_dags/example_xcom.py for tasks to queue
[2021-05-08 07:18:07,680] {logging_mixin.py:104} INFO - [2021-05-08 07:18:07,679] {dagbag.py:451} INFO - Filling up the DagBag from /home/airflow/.local/lib/python3.6/site-packages/airflow/example_dags/example_xcom.py
[2021-05-08 07:18:07,702] {scheduler_job.py:639} INFO - DAG(s) dict_keys(['example_xcom']) retrieved from /home/airflow/.local/lib/python3.6/site-packages/airflow/example_dags/example_xcom.py
[2021-05-08 07:18:07,734] {logging_mixin.py:104} INFO - [2021-05-08 07:18:07,734] {dag.py:1824} INFO - Sync 1 DAGs
[2021-05-08 07:18:07,754] {logging_mixin.py:104} INFO - [2021-05-08 07:18:07,754] {dag.py:2280} INFO - Setting next_dagrun for example_xcom to 2021-05-06 00:00:00+00:00
[2021-05-08 07:18:07,770] {scheduler_job.py:190} INFO - Processing /home/airflow/.local/lib/python3.6/site-packages/airflow/example_dags/example_xcom.py took 0.102 seconds
[2021-05-08 07:18:38,423] {scheduler_job.py:182} INFO - Started process (PID=1559) to work on /home/airflow/.local/lib/python3.6/site-packages/airflow/example_dags/example_xcom.py
[2021-05-08 07:18:38,426] {scheduler_job.py:629} INFO - Processing file /home/airflow/.local/lib/python3.6/site-packages/airflow/example_dags/example_xcom.py for tasks to queue
[2021-05-08 07:18:38,428] {logging_mixin.py:104} INFO - [2021-05-08 07:18:38,428] {dagbag.py:451} INFO - Filling up the DagBag from /home/airflow/.local/lib/python3.6/site-packages/airflow/example_dags/example_xcom.py
[2021-05-08 07:18:38,446] {scheduler_job.py:639} INFO - DAG(s) dict_keys(['example_xcom']) retrieved from /home/airflow/.local/lib/python3.6/site-packages/airflow/example_dags/example_xcom.py
[2021-05-08 07:18:38,481] {logging_mixin.py:104} INFO - [2021-05-08 07:18:38,481] {dag.py:1824} INFO - Sync 1 DAGs
[2021-05-08 07:18:38,512] {logging_mixin.py:104} INFO - [2021-05-08 07:18:38,512] {dag.py:2280} INFO - Setting next_dagrun for example_xcom to 2021-05-06 00:00:00+00:00
[2021-05-08 07:18:38,540] {scheduler_job.py:190} INFO - Processing /home/airflow/.local/lib/python3.6/site-packages/airflow/example_dags/example_xcom.py took 0.121 seconds
[2021-05-08 07:19:09,196] {scheduler_job.py:182} INFO - Started process (PID=1586) to work on /home/airflow/.local/lib/python3.6/site-packages/airflow/example_dags/example_xcom.py
[2021-05-08 07:19:09,199] {scheduler_job.py:629} INFO - Processing file /home/airflow/.local/lib/python3.6/site-packages/airflow/example_dags/example_xcom.py for tasks to queue
[2021-05-08 07:19:09,201] {logging_mixin.py:104} INFO - [2021-05-08 07:19:09,200] {dagbag.py:451} INFO - Filling up the DagBag from /home/airflow/.local/lib/python3.6/site-packages/airflow/example_dags/example_xcom.py
[2021-05-08 07:19:09,217] {scheduler_job.py:639} INFO - DAG(s) dict_keys(['example_xcom']) retrieved from /home/airflow/.local/lib/python3.6/site-packages/airflow/example_dags/example_xcom.py
[2021-05-08 07:19:09,248] {logging_mixin.py:104} INFO - [2021-05-08 07:19:09,247] {dag.py:1824} INFO - Sync 1 DAGs
[2021-05-08 07:19:09,268] {logging_mixin.py:104} INFO - [2021-05-08 07:19:09,267] {dag.py:2280} INFO - Setting next_dagrun for example_xcom to 2021-05-06 00:00:00+00:00
[2021-05-08 07:19:09,281] {scheduler_job.py:190} INFO - Processing /home/airflow/.local/lib/python3.6/site-packages/airflow/example_dags/example_xcom.py took 0.090 seconds
[2021-05-08 07:19:39,932] {scheduler_job.py:182} INFO - Started process (PID=1613) to work on /home/airflow/.local/lib/python3.6/site-packages/airflow/example_dags/example_xcom.py
[2021-05-08 07:19:39,934] {scheduler_job.py:629} INFO - Processing file /home/airflow/.local/lib/python3.6/site-packages/airflow/example_dags/example_xcom.py for tasks to queue
[2021-05-08 07:19:39,936] {logging_mixin.py:104} INFO - [2021-05-08 07:19:39,935] {dagbag.py:451} INFO - Filling up the DagBag from /home/airflow/.local/lib/python3.6/site-packages/airflow/example_dags/example_xcom.py
[2021-05-08 07:19:39,952] {scheduler_job.py:639} INFO - DAG(s) dict_keys(['example_xcom']) retrieved from /home/airflow/.local/lib/python3.6/site-packages/airflow/example_dags/example_xcom.py
[2021-05-08 07:19:39,982] {logging_mixin.py:104} INFO - [2021-05-08 07:19:39,981] {dag.py:1824} INFO - Sync 1 DAGs
[2021-05-08 07:19:40,002] {logging_mixin.py:104} INFO - [2021-05-08 07:19:40,001] {dag.py:2280} INFO - Setting next_dagrun for example_xcom to 2021-05-06 00:00:00+00:00
[2021-05-08 07:19:40,016] {scheduler_job.py:190} INFO - Processing /home/airflow/.local/lib/python3.6/site-packages/airflow/example_dags/example_xcom.py took 0.090 seconds
[2021-05-08 07:20:10,717] {scheduler_job.py:182} INFO - Started process (PID=1640) to work on /home/airflow/.local/lib/python3.6/site-packages/airflow/example_dags/example_xcom.py
[2021-05-08 07:20:10,719] {scheduler_job.py:629} INFO - Processing file /home/airflow/.local/lib/python3.6/site-packages/airflow/example_dags/example_xcom.py for tasks to queue
[2021-05-08 07:20:10,721] {logging_mixin.py:104} INFO - [2021-05-08 07:20:10,721] {dagbag.py:451} INFO - Filling up the DagBag from /home/airflow/.local/lib/python3.6/site-packages/airflow/example_dags/example_xcom.py
[2021-05-08 07:20:10,738] {scheduler_job.py:639} INFO - DAG(s) dict_keys(['example_xcom']) retrieved from /home/airflow/.local/lib/python3.6/site-packages/airflow/example_dags/example_xcom.py
[2021-05-08 07:20:10,776] {logging_mixin.py:104} INFO - [2021-05-08 07:20:10,776] {dag.py:1824} INFO - Sync 1 DAGs
[2021-05-08 07:20:10,796] {logging_mixin.py:104} INFO - [2021-05-08 07:20:10,796] {dag.py:2280} INFO - Setting next_dagrun for example_xcom to 2021-05-06 00:00:00+00:00
[2021-05-08 07:20:10,810] {scheduler_job.py:190} INFO - Processing /home/airflow/.local/lib/python3.6/site-packages/airflow/example_dags/example_xcom.py took 0.099 seconds
[2021-05-08 07:20:41,466] {scheduler_job.py:182} INFO - Started process (PID=1667) to work on /home/airflow/.local/lib/python3.6/site-packages/airflow/example_dags/example_xcom.py
[2021-05-08 07:20:41,468] {scheduler_job.py:629} INFO - Processing file /home/airflow/.local/lib/python3.6/site-packages/airflow/example_dags/example_xcom.py for tasks to queue
[2021-05-08 07:20:41,470] {logging_mixin.py:104} INFO - [2021-05-08 07:20:41,470] {dagbag.py:451} INFO - Filling up the DagBag from /home/airflow/.local/lib/python3.6/site-packages/airflow/example_dags/example_xcom.py
[2021-05-08 07:20:41,497] {scheduler_job.py:639} INFO - DAG(s) dict_keys(['example_xcom']) retrieved from /home/airflow/.local/lib/python3.6/site-packages/airflow/example_dags/example_xcom.py
[2021-05-08 07:20:41,532] {logging_mixin.py:104} INFO - [2021-05-08 07:20:41,532] {dag.py:1824} INFO - Sync 1 DAGs
[2021-05-08 07:20:41,554] {logging_mixin.py:104} INFO - [2021-05-08 07:20:41,554] {dag.py:2280} INFO - Setting next_dagrun for example_xcom to 2021-05-06 00:00:00+00:00
[2021-05-08 07:20:41,573] {scheduler_job.py:190} INFO - Processing /home/airflow/.local/lib/python3.6/site-packages/airflow/example_dags/example_xcom.py took 0.116 seconds
[2021-05-08 07:21:12,186] {scheduler_job.py:182} INFO - Started process (PID=1694) to work on /home/airflow/.local/lib/python3.6/site-packages/airflow/example_dags/example_xcom.py
[2021-05-08 07:21:12,188] {scheduler_job.py:629} INFO - Processing file /home/airflow/.local/lib/python3.6/site-packages/airflow/example_dags/example_xcom.py for tasks to queue
[2021-05-08 07:21:12,192] {logging_mixin.py:104} INFO - [2021-05-08 07:21:12,191] {dagbag.py:451} INFO - Filling up the DagBag from /home/airflow/.local/lib/python3.6/site-packages/airflow/example_dags/example_xcom.py
[2021-05-08 07:21:12,218] {scheduler_job.py:639} INFO - DAG(s) dict_keys(['example_xcom']) retrieved from /home/airflow/.local/lib/python3.6/site-packages/airflow/example_dags/example_xcom.py
[2021-05-08 07:21:12,250] {logging_mixin.py:104} INFO - [2021-05-08 07:21:12,250] {dag.py:1824} INFO - Sync 1 DAGs
[2021-05-08 07:21:12,270] {logging_mixin.py:104} INFO - [2021-05-08 07:21:12,270] {dag.py:2280} INFO - Setting next_dagrun for example_xcom to 2021-05-06 00:00:00+00:00
[2021-05-08 07:21:12,285] {scheduler_job.py:190} INFO - Processing /home/airflow/.local/lib/python3.6/site-packages/airflow/example_dags/example_xcom.py took 0.104 seconds
[2021-05-08 07:21:42,901] {scheduler_job.py:182} INFO - Started process (PID=1721) to work on /home/airflow/.local/lib/python3.6/site-packages/airflow/example_dags/example_xcom.py
[2021-05-08 07:21:42,903] {scheduler_job.py:629} INFO - Processing file /home/airflow/.local/lib/python3.6/site-packages/airflow/example_dags/example_xcom.py for tasks to queue
[2021-05-08 07:21:42,906] {logging_mixin.py:104} INFO - [2021-05-08 07:21:42,905] {dagbag.py:451} INFO - Filling up the DagBag from /home/airflow/.local/lib/python3.6/site-packages/airflow/example_dags/example_xcom.py
[2021-05-08 07:21:42,921] {scheduler_job.py:639} INFO - DAG(s) dict_keys(['example_xcom']) retrieved from /home/airflow/.local/lib/python3.6/site-packages/airflow/example_dags/example_xcom.py
[2021-05-08 07:21:42,953] {logging_mixin.py:104} INFO - [2021-05-08 07:21:42,953] {dag.py:1824} INFO - Sync 1 DAGs
[2021-05-08 07:21:42,974] {logging_mixin.py:104} INFO - [2021-05-08 07:21:42,974] {dag.py:2280} INFO - Setting next_dagrun for example_xcom to 2021-05-06 00:00:00+00:00
[2021-05-08 07:21:42,988] {scheduler_job.py:190} INFO - Processing /home/airflow/.local/lib/python3.6/site-packages/airflow/example_dags/example_xcom.py took 0.092 seconds
[2021-05-08 07:22:13,615] {scheduler_job.py:182} INFO - Started process (PID=1748) to work on /home/airflow/.local/lib/python3.6/site-packages/airflow/example_dags/example_xcom.py
[2021-05-08 07:22:13,618] {scheduler_job.py:629} INFO - Processing file /home/airflow/.local/lib/python3.6/site-packages/airflow/example_dags/example_xcom.py for tasks to queue
[2021-05-08 07:22:13,620] {logging_mixin.py:104} INFO - [2021-05-08 07:22:13,620] {dagbag.py:451} INFO - Filling up the DagBag from /home/airflow/.local/lib/python3.6/site-packages/airflow/example_dags/example_xcom.py
[2021-05-08 07:22:13,635] {scheduler_job.py:639} INFO - DAG(s) dict_keys(['example_xcom']) retrieved from /home/airflow/.local/lib/python3.6/site-packages/airflow/example_dags/example_xcom.py
[2021-05-08 07:22:13,670] {logging_mixin.py:104} INFO - [2021-05-08 07:22:13,669] {dag.py:1824} INFO - Sync 1 DAGs
[2021-05-08 07:22:13,693] {logging_mixin.py:104} INFO - [2021-05-08 07:22:13,692] {dag.py:2280} INFO - Setting next_dagrun for example_xcom to 2021-05-06 00:00:00+00:00
[2021-05-08 07:22:13,707] {scheduler_job.py:190} INFO - Processing /home/airflow/.local/lib/python3.6/site-packages/airflow/example_dags/example_xcom.py took 0.098 seconds
[2021-05-08 07:22:44,268] {scheduler_job.py:182} INFO - Started process (PID=1775) to work on /home/airflow/.local/lib/python3.6/site-packages/airflow/example_dags/example_xcom.py
[2021-05-08 07:22:44,270] {scheduler_job.py:629} INFO - Processing file /home/airflow/.local/lib/python3.6/site-packages/airflow/example_dags/example_xcom.py for tasks to queue
[2021-05-08 07:22:44,272] {logging_mixin.py:104} INFO - [2021-05-08 07:22:44,272] {dagbag.py:451} INFO - Filling up the DagBag from /home/airflow/.local/lib/python3.6/site-packages/airflow/example_dags/example_xcom.py
[2021-05-08 07:22:44,287] {scheduler_job.py:639} INFO - DAG(s) dict_keys(['example_xcom']) retrieved from /home/airflow/.local/lib/python3.6/site-packages/airflow/example_dags/example_xcom.py
[2021-05-08 07:22:44,318] {logging_mixin.py:104} INFO - [2021-05-08 07:22:44,318] {dag.py:1824} INFO - Sync 1 DAGs
[2021-05-08 07:22:44,338] {logging_mixin.py:104} INFO - [2021-05-08 07:22:44,338] {dag.py:2280} INFO - Setting next_dagrun for example_xcom to 2021-05-06 00:00:00+00:00
[2021-05-08 07:22:44,353] {scheduler_job.py:190} INFO - Processing /home/airflow/.local/lib/python3.6/site-packages/airflow/example_dags/example_xcom.py took 0.090 seconds
[2021-05-08 07:23:14,958] {scheduler_job.py:182} INFO - Started process (PID=1802) to work on /home/airflow/.local/lib/python3.6/site-packages/airflow/example_dags/example_xcom.py
[2021-05-08 07:23:14,961] {scheduler_job.py:629} INFO - Processing file /home/airflow/.local/lib/python3.6/site-packages/airflow/example_dags/example_xcom.py for tasks to queue
[2021-05-08 07:23:14,963] {logging_mixin.py:104} INFO - [2021-05-08 07:23:14,963] {dagbag.py:451} INFO - Filling up the DagBag from /home/airflow/.local/lib/python3.6/site-packages/airflow/example_dags/example_xcom.py
[2021-05-08 07:23:14,980] {scheduler_job.py:639} INFO - DAG(s) dict_keys(['example_xcom']) retrieved from /home/airflow/.local/lib/python3.6/site-packages/airflow/example_dags/example_xcom.py
[2021-05-08 07:23:15,011] {logging_mixin.py:104} INFO - [2021-05-08 07:23:15,011] {dag.py:1824} INFO - Sync 1 DAGs
[2021-05-08 07:23:15,043] {logging_mixin.py:104} INFO - [2021-05-08 07:23:15,043] {dag.py:2280} INFO - Setting next_dagrun for example_xcom to 2021-05-06 00:00:00+00:00
[2021-05-08 07:23:15,060] {scheduler_job.py:190} INFO - Processing /home/airflow/.local/lib/python3.6/site-packages/airflow/example_dags/example_xcom.py took 0.107 seconds
[2021-05-08 07:23:45,415] {scheduler_job.py:182} INFO - Started process (PID=1829) to work on /home/airflow/.local/lib/python3.6/site-packages/airflow/example_dags/example_xcom.py
[2021-05-08 07:23:45,417] {scheduler_job.py:629} INFO - Processing file /home/airflow/.local/lib/python3.6/site-packages/airflow/example_dags/example_xcom.py for tasks to queue
[2021-05-08 07:23:45,419] {logging_mixin.py:104} INFO - [2021-05-08 07:23:45,419] {dagbag.py:451} INFO - Filling up the DagBag from /home/airflow/.local/lib/python3.6/site-packages/airflow/example_dags/example_xcom.py
[2021-05-08 07:23:45,435] {scheduler_job.py:639} INFO - DAG(s) dict_keys(['example_xcom']) retrieved from /home/airflow/.local/lib/python3.6/site-packages/airflow/example_dags/example_xcom.py
[2021-05-08 07:23:45,471] {logging_mixin.py:104} INFO - [2021-05-08 07:23:45,471] {dag.py:1824} INFO - Sync 1 DAGs
[2021-05-08 07:23:45,491] {logging_mixin.py:104} INFO - [2021-05-08 07:23:45,491] {dag.py:2280} INFO - Setting next_dagrun for example_xcom to 2021-05-06 00:00:00+00:00
[2021-05-08 07:23:45,504] {scheduler_job.py:190} INFO - Processing /home/airflow/.local/lib/python3.6/site-packages/airflow/example_dags/example_xcom.py took 0.093 seconds
[2021-05-08 07:24:15,917] {scheduler_job.py:182} INFO - Started process (PID=1856) to work on /home/airflow/.local/lib/python3.6/site-packages/airflow/example_dags/example_xcom.py
[2021-05-08 07:24:15,920] {scheduler_job.py:629} INFO - Processing file /home/airflow/.local/lib/python3.6/site-packages/airflow/example_dags/example_xcom.py for tasks to queue
[2021-05-08 07:24:15,921] {logging_mixin.py:104} INFO - [2021-05-08 07:24:15,921] {dagbag.py:451} INFO - Filling up the DagBag from /home/airflow/.local/lib/python3.6/site-packages/airflow/example_dags/example_xcom.py
[2021-05-08 07:24:15,937] {scheduler_job.py:639} INFO - DAG(s) dict_keys(['example_xcom']) retrieved from /home/airflow/.local/lib/python3.6/site-packages/airflow/example_dags/example_xcom.py
[2021-05-08 07:24:15,970] {logging_mixin.py:104} INFO - [2021-05-08 07:24:15,970] {dag.py:1824} INFO - Sync 1 DAGs
[2021-05-08 07:24:15,990] {logging_mixin.py:104} INFO - [2021-05-08 07:24:15,990] {dag.py:2280} INFO - Setting next_dagrun for example_xcom to 2021-05-06 00:00:00+00:00
[2021-05-08 07:24:16,006] {scheduler_job.py:190} INFO - Processing /home/airflow/.local/lib/python3.6/site-packages/airflow/example_dags/example_xcom.py took 0.093 seconds
[2021-05-08 07:24:46,500] {scheduler_job.py:182} INFO - Started process (PID=1883) to work on /home/airflow/.local/lib/python3.6/site-packages/airflow/example_dags/example_xcom.py
[2021-05-08 07:24:46,502] {scheduler_job.py:629} INFO - Processing file /home/airflow/.local/lib/python3.6/site-packages/airflow/example_dags/example_xcom.py for tasks to queue
[2021-05-08 07:24:46,504] {logging_mixin.py:104} INFO - [2021-05-08 07:24:46,504] {dagbag.py:451} INFO - Filling up the DagBag from /home/airflow/.local/lib/python3.6/site-packages/airflow/example_dags/example_xcom.py
[2021-05-08 07:24:46,521] {scheduler_job.py:639} INFO - DAG(s) dict_keys(['example_xcom']) retrieved from /home/airflow/.local/lib/python3.6/site-packages/airflow/example_dags/example_xcom.py
[2021-05-08 07:24:46,553] {logging_mixin.py:104} INFO - [2021-05-08 07:24:46,552] {dag.py:1824} INFO - Sync 1 DAGs
[2021-05-08 07:24:46,573] {logging_mixin.py:104} INFO - [2021-05-08 07:24:46,573] {dag.py:2280} INFO - Setting next_dagrun for example_xcom to 2021-05-06 00:00:00+00:00
[2021-05-08 07:24:46,587] {scheduler_job.py:190} INFO - Processing /home/airflow/.local/lib/python3.6/site-packages/airflow/example_dags/example_xcom.py took 0.091 seconds
[2021-05-08 07:25:17,244] {scheduler_job.py:182} INFO - Started process (PID=1910) to work on /home/airflow/.local/lib/python3.6/site-packages/airflow/example_dags/example_xcom.py
[2021-05-08 07:25:17,246] {scheduler_job.py:629} INFO - Processing file /home/airflow/.local/lib/python3.6/site-packages/airflow/example_dags/example_xcom.py for tasks to queue
[2021-05-08 07:25:17,248] {logging_mixin.py:104} INFO - [2021-05-08 07:25:17,248] {dagbag.py:451} INFO - Filling up the DagBag from /home/airflow/.local/lib/python3.6/site-packages/airflow/example_dags/example_xcom.py
[2021-05-08 07:25:17,265] {scheduler_job.py:639} INFO - DAG(s) dict_keys(['example_xcom']) retrieved from /home/airflow/.local/lib/python3.6/site-packages/airflow/example_dags/example_xcom.py
[2021-05-08 07:25:17,301] {logging_mixin.py:104} INFO - [2021-05-08 07:25:17,301] {dag.py:1824} INFO - Sync 1 DAGs
[2021-05-08 07:25:17,321] {logging_mixin.py:104} INFO - [2021-05-08 07:25:17,321] {dag.py:2280} INFO - Setting next_dagrun for example_xcom to 2021-05-06 00:00:00+00:00
[2021-05-08 07:25:17,337] {scheduler_job.py:190} INFO - Processing /home/airflow/.local/lib/python3.6/site-packages/airflow/example_dags/example_xcom.py took 0.098 seconds
[2021-05-08 07:25:47,825] {scheduler_job.py:182} INFO - Started process (PID=1937) to work on /home/airflow/.local/lib/python3.6/site-packages/airflow/example_dags/example_xcom.py
[2021-05-08 07:25:47,827] {scheduler_job.py:629} INFO - Processing file /home/airflow/.local/lib/python3.6/site-packages/airflow/example_dags/example_xcom.py for tasks to queue
[2021-05-08 07:25:47,829] {logging_mixin.py:104} INFO - [2021-05-08 07:25:47,829] {dagbag.py:451} INFO - Filling up the DagBag from /home/airflow/.local/lib/python3.6/site-packages/airflow/example_dags/example_xcom.py
[2021-05-08 07:25:47,845] {scheduler_job.py:639} INFO - DAG(s) dict_keys(['example_xcom']) retrieved from /home/airflow/.local/lib/python3.6/site-packages/airflow/example_dags/example_xcom.py
[2021-05-08 07:25:47,877] {logging_mixin.py:104} INFO - [2021-05-08 07:25:47,877] {dag.py:1824} INFO - Sync 1 DAGs
[2021-05-08 07:25:47,897] {logging_mixin.py:104} INFO - [2021-05-08 07:25:47,897] {dag.py:2280} INFO - Setting next_dagrun for example_xcom to 2021-05-06 00:00:00+00:00
[2021-05-08 07:25:47,911] {scheduler_job.py:190} INFO - Processing /home/airflow/.local/lib/python3.6/site-packages/airflow/example_dags/example_xcom.py took 0.091 seconds
[2021-05-08 07:26:18,565] {scheduler_job.py:182} INFO - Started process (PID=1964) to work on /home/airflow/.local/lib/python3.6/site-packages/airflow/example_dags/example_xcom.py
[2021-05-08 07:26:18,567] {scheduler_job.py:629} INFO - Processing file /home/airflow/.local/lib/python3.6/site-packages/airflow/example_dags/example_xcom.py for tasks to queue
[2021-05-08 07:26:18,569] {logging_mixin.py:104} INFO - [2021-05-08 07:26:18,569] {dagbag.py:451} INFO - Filling up the DagBag from /home/airflow/.local/lib/python3.6/site-packages/airflow/example_dags/example_xcom.py
[2021-05-08 07:26:18,584] {scheduler_job.py:639} INFO - DAG(s) dict_keys(['example_xcom']) retrieved from /home/airflow/.local/lib/python3.6/site-packages/airflow/example_dags/example_xcom.py
[2021-05-08 07:26:18,614] {logging_mixin.py:104} INFO - [2021-05-08 07:26:18,614] {dag.py:1824} INFO - Sync 1 DAGs
[2021-05-08 07:26:18,635] {logging_mixin.py:104} INFO - [2021-05-08 07:26:18,635] {dag.py:2280} INFO - Setting next_dagrun for example_xcom to 2021-05-06 00:00:00+00:00
[2021-05-08 07:26:18,648] {scheduler_job.py:190} INFO - Processing /home/airflow/.local/lib/python3.6/site-packages/airflow/example_dags/example_xcom.py took 0.087 seconds
[2021-05-08 07:26:49,247] {scheduler_job.py:182} INFO - Started process (PID=1991) to work on /home/airflow/.local/lib/python3.6/site-packages/airflow/example_dags/example_xcom.py
[2021-05-08 07:26:49,249] {scheduler_job.py:629} INFO - Processing file /home/airflow/.local/lib/python3.6/site-packages/airflow/example_dags/example_xcom.py for tasks to queue
[2021-05-08 07:26:49,250] {logging_mixin.py:104} INFO - [2021-05-08 07:26:49,250] {dagbag.py:451} INFO - Filling up the DagBag from /home/airflow/.local/lib/python3.6/site-packages/airflow/example_dags/example_xcom.py
[2021-05-08 07:26:49,266] {scheduler_job.py:639} INFO - DAG(s) dict_keys(['example_xcom']) retrieved from /home/airflow/.local/lib/python3.6/site-packages/airflow/example_dags/example_xcom.py
[2021-05-08 07:26:49,297] {logging_mixin.py:104} INFO - [2021-05-08 07:26:49,296] {dag.py:1824} INFO - Sync 1 DAGs
[2021-05-08 07:26:49,316] {logging_mixin.py:104} INFO - [2021-05-08 07:26:49,316] {dag.py:2280} INFO - Setting next_dagrun for example_xcom to 2021-05-06 00:00:00+00:00
[2021-05-08 07:26:49,329] {scheduler_job.py:190} INFO - Processing /home/airflow/.local/lib/python3.6/site-packages/airflow/example_dags/example_xcom.py took 0.085 seconds
