[2021-05-08 06:49:56,331] {scheduler_job.py:182} INFO - Started process (PID=31) to work on /home/airflow/.local/lib/python3.6/site-packages/airflow/example_dags/example_trigger_controller_dag.py
[2021-05-08 06:49:56,336] {scheduler_job.py:629} INFO - Processing file /home/airflow/.local/lib/python3.6/site-packages/airflow/example_dags/example_trigger_controller_dag.py for tasks to queue
[2021-05-08 06:49:56,340] {logging_mixin.py:104} INFO - [2021-05-08 06:49:56,340] {dagbag.py:451} INFO - Filling up the DagBag from /home/airflow/.local/lib/python3.6/site-packages/airflow/example_dags/example_trigger_controller_dag.py
[2021-05-08 06:49:56,382] {scheduler_job.py:639} INFO - DAG(s) dict_keys(['example_trigger_controller_dag']) retrieved from /home/airflow/.local/lib/python3.6/site-packages/airflow/example_dags/example_trigger_controller_dag.py
[2021-05-08 06:49:56,444] {logging_mixin.py:104} INFO - [2021-05-08 06:49:56,444] {dag.py:1824} INFO - Sync 1 DAGs
[2021-05-08 06:49:56,494] {logging_mixin.py:104} INFO - [2021-05-08 06:49:56,494] {dag.py:2280} INFO - Setting next_dagrun for example_trigger_controller_dag to 2021-05-06 00:00:00+00:00
[2021-05-08 06:49:56,528] {scheduler_job.py:190} INFO - Processing /home/airflow/.local/lib/python3.6/site-packages/airflow/example_dags/example_trigger_controller_dag.py took 0.213 seconds
[2021-05-08 06:50:27,107] {scheduler_job.py:182} INFO - Started process (PID=60) to work on /home/airflow/.local/lib/python3.6/site-packages/airflow/example_dags/example_trigger_controller_dag.py
[2021-05-08 06:50:27,109] {scheduler_job.py:629} INFO - Processing file /home/airflow/.local/lib/python3.6/site-packages/airflow/example_dags/example_trigger_controller_dag.py for tasks to queue
[2021-05-08 06:50:27,112] {logging_mixin.py:104} INFO - [2021-05-08 06:50:27,111] {dagbag.py:451} INFO - Filling up the DagBag from /home/airflow/.local/lib/python3.6/site-packages/airflow/example_dags/example_trigger_controller_dag.py
[2021-05-08 06:50:27,130] {scheduler_job.py:639} INFO - DAG(s) dict_keys(['example_trigger_controller_dag']) retrieved from /home/airflow/.local/lib/python3.6/site-packages/airflow/example_dags/example_trigger_controller_dag.py
[2021-05-08 06:50:27,186] {logging_mixin.py:104} INFO - [2021-05-08 06:50:27,186] {dag.py:1824} INFO - Sync 1 DAGs
[2021-05-08 06:50:27,227] {logging_mixin.py:104} INFO - [2021-05-08 06:50:27,227] {dag.py:2280} INFO - Setting next_dagrun for example_trigger_controller_dag to 2021-05-06 00:00:00+00:00
[2021-05-08 06:50:27,253] {scheduler_job.py:190} INFO - Processing /home/airflow/.local/lib/python3.6/site-packages/airflow/example_dags/example_trigger_controller_dag.py took 0.153 seconds
[2021-05-08 06:50:57,407] {scheduler_job.py:182} INFO - Started process (PID=86) to work on /home/airflow/.local/lib/python3.6/site-packages/airflow/example_dags/example_trigger_controller_dag.py
[2021-05-08 06:50:57,410] {scheduler_job.py:629} INFO - Processing file /home/airflow/.local/lib/python3.6/site-packages/airflow/example_dags/example_trigger_controller_dag.py for tasks to queue
[2021-05-08 06:50:57,413] {logging_mixin.py:104} INFO - [2021-05-08 06:50:57,412] {dagbag.py:451} INFO - Filling up the DagBag from /home/airflow/.local/lib/python3.6/site-packages/airflow/example_dags/example_trigger_controller_dag.py
[2021-05-08 06:50:57,430] {scheduler_job.py:639} INFO - DAG(s) dict_keys(['example_trigger_controller_dag']) retrieved from /home/airflow/.local/lib/python3.6/site-packages/airflow/example_dags/example_trigger_controller_dag.py
[2021-05-08 06:50:57,465] {logging_mixin.py:104} INFO - [2021-05-08 06:50:57,465] {dag.py:1824} INFO - Sync 1 DAGs
[2021-05-08 06:50:57,487] {logging_mixin.py:104} INFO - [2021-05-08 06:50:57,487] {dag.py:2280} INFO - Setting next_dagrun for example_trigger_controller_dag to 2021-05-06 00:00:00+00:00
[2021-05-08 06:50:57,502] {scheduler_job.py:190} INFO - Processing /home/airflow/.local/lib/python3.6/site-packages/airflow/example_dags/example_trigger_controller_dag.py took 0.103 seconds
[2021-05-08 06:51:28,196] {scheduler_job.py:182} INFO - Started process (PID=113) to work on /home/airflow/.local/lib/python3.6/site-packages/airflow/example_dags/example_trigger_controller_dag.py
[2021-05-08 06:51:28,199] {scheduler_job.py:629} INFO - Processing file /home/airflow/.local/lib/python3.6/site-packages/airflow/example_dags/example_trigger_controller_dag.py for tasks to queue
[2021-05-08 06:51:28,201] {logging_mixin.py:104} INFO - [2021-05-08 06:51:28,201] {dagbag.py:451} INFO - Filling up the DagBag from /home/airflow/.local/lib/python3.6/site-packages/airflow/example_dags/example_trigger_controller_dag.py
[2021-05-08 06:51:28,215] {scheduler_job.py:639} INFO - DAG(s) dict_keys(['example_trigger_controller_dag']) retrieved from /home/airflow/.local/lib/python3.6/site-packages/airflow/example_dags/example_trigger_controller_dag.py
[2021-05-08 06:51:28,244] {logging_mixin.py:104} INFO - [2021-05-08 06:51:28,243] {dag.py:1824} INFO - Sync 1 DAGs
[2021-05-08 06:51:28,263] {logging_mixin.py:104} INFO - [2021-05-08 06:51:28,263] {dag.py:2280} INFO - Setting next_dagrun for example_trigger_controller_dag to 2021-05-06 00:00:00+00:00
[2021-05-08 06:51:28,276] {scheduler_job.py:190} INFO - Processing /home/airflow/.local/lib/python3.6/site-packages/airflow/example_dags/example_trigger_controller_dag.py took 0.085 seconds
[2021-05-08 06:51:58,865] {scheduler_job.py:182} INFO - Started process (PID=140) to work on /home/airflow/.local/lib/python3.6/site-packages/airflow/example_dags/example_trigger_controller_dag.py
[2021-05-08 06:51:58,867] {scheduler_job.py:629} INFO - Processing file /home/airflow/.local/lib/python3.6/site-packages/airflow/example_dags/example_trigger_controller_dag.py for tasks to queue
[2021-05-08 06:51:58,869] {logging_mixin.py:104} INFO - [2021-05-08 06:51:58,869] {dagbag.py:451} INFO - Filling up the DagBag from /home/airflow/.local/lib/python3.6/site-packages/airflow/example_dags/example_trigger_controller_dag.py
[2021-05-08 06:51:58,882] {scheduler_job.py:639} INFO - DAG(s) dict_keys(['example_trigger_controller_dag']) retrieved from /home/airflow/.local/lib/python3.6/site-packages/airflow/example_dags/example_trigger_controller_dag.py
[2021-05-08 06:51:58,913] {logging_mixin.py:104} INFO - [2021-05-08 06:51:58,913] {dag.py:1824} INFO - Sync 1 DAGs
[2021-05-08 06:51:58,935] {logging_mixin.py:104} INFO - [2021-05-08 06:51:58,934] {dag.py:2280} INFO - Setting next_dagrun for example_trigger_controller_dag to 2021-05-06 00:00:00+00:00
[2021-05-08 06:51:58,948] {scheduler_job.py:190} INFO - Processing /home/airflow/.local/lib/python3.6/site-packages/airflow/example_dags/example_trigger_controller_dag.py took 0.088 seconds
[2021-05-08 06:52:29,343] {scheduler_job.py:182} INFO - Started process (PID=167) to work on /home/airflow/.local/lib/python3.6/site-packages/airflow/example_dags/example_trigger_controller_dag.py
[2021-05-08 06:52:29,348] {scheduler_job.py:629} INFO - Processing file /home/airflow/.local/lib/python3.6/site-packages/airflow/example_dags/example_trigger_controller_dag.py for tasks to queue
[2021-05-08 06:52:29,351] {logging_mixin.py:104} INFO - [2021-05-08 06:52:29,350] {dagbag.py:451} INFO - Filling up the DagBag from /home/airflow/.local/lib/python3.6/site-packages/airflow/example_dags/example_trigger_controller_dag.py
[2021-05-08 06:52:29,366] {scheduler_job.py:639} INFO - DAG(s) dict_keys(['example_trigger_controller_dag']) retrieved from /home/airflow/.local/lib/python3.6/site-packages/airflow/example_dags/example_trigger_controller_dag.py
[2021-05-08 06:52:29,398] {logging_mixin.py:104} INFO - [2021-05-08 06:52:29,398] {dag.py:1824} INFO - Sync 1 DAGs
[2021-05-08 06:52:29,421] {logging_mixin.py:104} INFO - [2021-05-08 06:52:29,421] {dag.py:2280} INFO - Setting next_dagrun for example_trigger_controller_dag to 2021-05-06 00:00:00+00:00
[2021-05-08 06:52:29,437] {scheduler_job.py:190} INFO - Processing /home/airflow/.local/lib/python3.6/site-packages/airflow/example_dags/example_trigger_controller_dag.py took 0.105 seconds
[2021-05-08 06:53:00,040] {scheduler_job.py:182} INFO - Started process (PID=194) to work on /home/airflow/.local/lib/python3.6/site-packages/airflow/example_dags/example_trigger_controller_dag.py
[2021-05-08 06:53:00,042] {scheduler_job.py:629} INFO - Processing file /home/airflow/.local/lib/python3.6/site-packages/airflow/example_dags/example_trigger_controller_dag.py for tasks to queue
[2021-05-08 06:53:00,044] {logging_mixin.py:104} INFO - [2021-05-08 06:53:00,044] {dagbag.py:451} INFO - Filling up the DagBag from /home/airflow/.local/lib/python3.6/site-packages/airflow/example_dags/example_trigger_controller_dag.py
[2021-05-08 06:53:00,058] {scheduler_job.py:639} INFO - DAG(s) dict_keys(['example_trigger_controller_dag']) retrieved from /home/airflow/.local/lib/python3.6/site-packages/airflow/example_dags/example_trigger_controller_dag.py
[2021-05-08 06:53:00,090] {logging_mixin.py:104} INFO - [2021-05-08 06:53:00,090] {dag.py:1824} INFO - Sync 1 DAGs
[2021-05-08 06:53:00,122] {logging_mixin.py:104} INFO - [2021-05-08 06:53:00,122] {dag.py:2280} INFO - Setting next_dagrun for example_trigger_controller_dag to 2021-05-06 00:00:00+00:00
[2021-05-08 06:53:00,145] {scheduler_job.py:190} INFO - Processing /home/airflow/.local/lib/python3.6/site-packages/airflow/example_dags/example_trigger_controller_dag.py took 0.109 seconds
[2021-05-08 06:53:30,798] {scheduler_job.py:182} INFO - Started process (PID=221) to work on /home/airflow/.local/lib/python3.6/site-packages/airflow/example_dags/example_trigger_controller_dag.py
[2021-05-08 06:53:30,800] {scheduler_job.py:629} INFO - Processing file /home/airflow/.local/lib/python3.6/site-packages/airflow/example_dags/example_trigger_controller_dag.py for tasks to queue
[2021-05-08 06:53:30,802] {logging_mixin.py:104} INFO - [2021-05-08 06:53:30,801] {dagbag.py:451} INFO - Filling up the DagBag from /home/airflow/.local/lib/python3.6/site-packages/airflow/example_dags/example_trigger_controller_dag.py
[2021-05-08 06:53:30,815] {scheduler_job.py:639} INFO - DAG(s) dict_keys(['example_trigger_controller_dag']) retrieved from /home/airflow/.local/lib/python3.6/site-packages/airflow/example_dags/example_trigger_controller_dag.py
[2021-05-08 06:53:30,842] {logging_mixin.py:104} INFO - [2021-05-08 06:53:30,842] {dag.py:1824} INFO - Sync 1 DAGs
[2021-05-08 06:53:30,860] {logging_mixin.py:104} INFO - [2021-05-08 06:53:30,860] {dag.py:2280} INFO - Setting next_dagrun for example_trigger_controller_dag to 2021-05-06 00:00:00+00:00
[2021-05-08 06:53:30,872] {scheduler_job.py:190} INFO - Processing /home/airflow/.local/lib/python3.6/site-packages/airflow/example_dags/example_trigger_controller_dag.py took 0.079 seconds
[2021-05-08 06:54:01,399] {scheduler_job.py:182} INFO - Started process (PID=248) to work on /home/airflow/.local/lib/python3.6/site-packages/airflow/example_dags/example_trigger_controller_dag.py
[2021-05-08 06:54:01,402] {scheduler_job.py:629} INFO - Processing file /home/airflow/.local/lib/python3.6/site-packages/airflow/example_dags/example_trigger_controller_dag.py for tasks to queue
[2021-05-08 06:54:01,404] {logging_mixin.py:104} INFO - [2021-05-08 06:54:01,404] {dagbag.py:451} INFO - Filling up the DagBag from /home/airflow/.local/lib/python3.6/site-packages/airflow/example_dags/example_trigger_controller_dag.py
[2021-05-08 06:54:01,418] {scheduler_job.py:639} INFO - DAG(s) dict_keys(['example_trigger_controller_dag']) retrieved from /home/airflow/.local/lib/python3.6/site-packages/airflow/example_dags/example_trigger_controller_dag.py
[2021-05-08 06:54:01,452] {logging_mixin.py:104} INFO - [2021-05-08 06:54:01,452] {dag.py:1824} INFO - Sync 1 DAGs
[2021-05-08 06:54:01,472] {logging_mixin.py:104} INFO - [2021-05-08 06:54:01,472] {dag.py:2280} INFO - Setting next_dagrun for example_trigger_controller_dag to 2021-05-06 00:00:00+00:00
[2021-05-08 06:54:01,486] {scheduler_job.py:190} INFO - Processing /home/airflow/.local/lib/python3.6/site-packages/airflow/example_dags/example_trigger_controller_dag.py took 0.091 seconds
[2021-05-08 06:54:32,061] {scheduler_job.py:182} INFO - Started process (PID=275) to work on /home/airflow/.local/lib/python3.6/site-packages/airflow/example_dags/example_trigger_controller_dag.py
[2021-05-08 06:54:32,063] {scheduler_job.py:629} INFO - Processing file /home/airflow/.local/lib/python3.6/site-packages/airflow/example_dags/example_trigger_controller_dag.py for tasks to queue
[2021-05-08 06:54:32,065] {logging_mixin.py:104} INFO - [2021-05-08 06:54:32,065] {dagbag.py:451} INFO - Filling up the DagBag from /home/airflow/.local/lib/python3.6/site-packages/airflow/example_dags/example_trigger_controller_dag.py
[2021-05-08 06:54:32,078] {scheduler_job.py:639} INFO - DAG(s) dict_keys(['example_trigger_controller_dag']) retrieved from /home/airflow/.local/lib/python3.6/site-packages/airflow/example_dags/example_trigger_controller_dag.py
[2021-05-08 06:54:32,107] {logging_mixin.py:104} INFO - [2021-05-08 06:54:32,107] {dag.py:1824} INFO - Sync 1 DAGs
[2021-05-08 06:54:32,126] {logging_mixin.py:104} INFO - [2021-05-08 06:54:32,126] {dag.py:2280} INFO - Setting next_dagrun for example_trigger_controller_dag to 2021-05-06 00:00:00+00:00
[2021-05-08 06:54:32,139] {scheduler_job.py:190} INFO - Processing /home/airflow/.local/lib/python3.6/site-packages/airflow/example_dags/example_trigger_controller_dag.py took 0.082 seconds
[2021-05-08 06:55:02,983] {scheduler_job.py:182} INFO - Started process (PID=302) to work on /home/airflow/.local/lib/python3.6/site-packages/airflow/example_dags/example_trigger_controller_dag.py
[2021-05-08 06:55:02,985] {scheduler_job.py:629} INFO - Processing file /home/airflow/.local/lib/python3.6/site-packages/airflow/example_dags/example_trigger_controller_dag.py for tasks to queue
[2021-05-08 06:55:02,987] {logging_mixin.py:104} INFO - [2021-05-08 06:55:02,987] {dagbag.py:451} INFO - Filling up the DagBag from /home/airflow/.local/lib/python3.6/site-packages/airflow/example_dags/example_trigger_controller_dag.py
[2021-05-08 06:55:03,000] {scheduler_job.py:639} INFO - DAG(s) dict_keys(['example_trigger_controller_dag']) retrieved from /home/airflow/.local/lib/python3.6/site-packages/airflow/example_dags/example_trigger_controller_dag.py
[2021-05-08 06:55:03,029] {logging_mixin.py:104} INFO - [2021-05-08 06:55:03,029] {dag.py:1824} INFO - Sync 1 DAGs
[2021-05-08 06:55:03,048] {logging_mixin.py:104} INFO - [2021-05-08 06:55:03,048] {dag.py:2280} INFO - Setting next_dagrun for example_trigger_controller_dag to 2021-05-06 00:00:00+00:00
[2021-05-08 06:55:03,061] {scheduler_job.py:190} INFO - Processing /home/airflow/.local/lib/python3.6/site-packages/airflow/example_dags/example_trigger_controller_dag.py took 0.083 seconds
[2021-05-08 06:55:33,396] {scheduler_job.py:182} INFO - Started process (PID=329) to work on /home/airflow/.local/lib/python3.6/site-packages/airflow/example_dags/example_trigger_controller_dag.py
[2021-05-08 06:55:33,398] {scheduler_job.py:629} INFO - Processing file /home/airflow/.local/lib/python3.6/site-packages/airflow/example_dags/example_trigger_controller_dag.py for tasks to queue
[2021-05-08 06:55:33,399] {logging_mixin.py:104} INFO - [2021-05-08 06:55:33,399] {dagbag.py:451} INFO - Filling up the DagBag from /home/airflow/.local/lib/python3.6/site-packages/airflow/example_dags/example_trigger_controller_dag.py
[2021-05-08 06:55:33,414] {scheduler_job.py:639} INFO - DAG(s) dict_keys(['example_trigger_controller_dag']) retrieved from /home/airflow/.local/lib/python3.6/site-packages/airflow/example_dags/example_trigger_controller_dag.py
[2021-05-08 06:55:33,443] {logging_mixin.py:104} INFO - [2021-05-08 06:55:33,443] {dag.py:1824} INFO - Sync 1 DAGs
[2021-05-08 06:55:33,462] {logging_mixin.py:104} INFO - [2021-05-08 06:55:33,462] {dag.py:2280} INFO - Setting next_dagrun for example_trigger_controller_dag to 2021-05-06 00:00:00+00:00
[2021-05-08 06:55:33,476] {scheduler_job.py:190} INFO - Processing /home/airflow/.local/lib/python3.6/site-packages/airflow/example_dags/example_trigger_controller_dag.py took 0.085 seconds
[2021-05-08 06:56:04,056] {scheduler_job.py:182} INFO - Started process (PID=356) to work on /home/airflow/.local/lib/python3.6/site-packages/airflow/example_dags/example_trigger_controller_dag.py
[2021-05-08 06:56:04,058] {scheduler_job.py:629} INFO - Processing file /home/airflow/.local/lib/python3.6/site-packages/airflow/example_dags/example_trigger_controller_dag.py for tasks to queue
[2021-05-08 06:56:04,060] {logging_mixin.py:104} INFO - [2021-05-08 06:56:04,060] {dagbag.py:451} INFO - Filling up the DagBag from /home/airflow/.local/lib/python3.6/site-packages/airflow/example_dags/example_trigger_controller_dag.py
[2021-05-08 06:56:04,076] {scheduler_job.py:639} INFO - DAG(s) dict_keys(['example_trigger_controller_dag']) retrieved from /home/airflow/.local/lib/python3.6/site-packages/airflow/example_dags/example_trigger_controller_dag.py
[2021-05-08 06:56:04,109] {logging_mixin.py:104} INFO - [2021-05-08 06:56:04,108] {dag.py:1824} INFO - Sync 1 DAGs
[2021-05-08 06:56:04,128] {logging_mixin.py:104} INFO - [2021-05-08 06:56:04,128] {dag.py:2280} INFO - Setting next_dagrun for example_trigger_controller_dag to 2021-05-06 00:00:00+00:00
[2021-05-08 06:56:04,139] {scheduler_job.py:190} INFO - Processing /home/airflow/.local/lib/python3.6/site-packages/airflow/example_dags/example_trigger_controller_dag.py took 0.089 seconds
[2021-05-08 06:56:34,716] {scheduler_job.py:182} INFO - Started process (PID=383) to work on /home/airflow/.local/lib/python3.6/site-packages/airflow/example_dags/example_trigger_controller_dag.py
[2021-05-08 06:56:34,718] {scheduler_job.py:629} INFO - Processing file /home/airflow/.local/lib/python3.6/site-packages/airflow/example_dags/example_trigger_controller_dag.py for tasks to queue
[2021-05-08 06:56:34,720] {logging_mixin.py:104} INFO - [2021-05-08 06:56:34,720] {dagbag.py:451} INFO - Filling up the DagBag from /home/airflow/.local/lib/python3.6/site-packages/airflow/example_dags/example_trigger_controller_dag.py
[2021-05-08 06:56:34,735] {scheduler_job.py:639} INFO - DAG(s) dict_keys(['example_trigger_controller_dag']) retrieved from /home/airflow/.local/lib/python3.6/site-packages/airflow/example_dags/example_trigger_controller_dag.py
[2021-05-08 06:56:34,770] {logging_mixin.py:104} INFO - [2021-05-08 06:56:34,769] {dag.py:1824} INFO - Sync 1 DAGs
[2021-05-08 06:56:34,794] {logging_mixin.py:104} INFO - [2021-05-08 06:56:34,794] {dag.py:2280} INFO - Setting next_dagrun for example_trigger_controller_dag to 2021-05-06 00:00:00+00:00
[2021-05-08 06:56:34,810] {scheduler_job.py:190} INFO - Processing /home/airflow/.local/lib/python3.6/site-packages/airflow/example_dags/example_trigger_controller_dag.py took 0.101 seconds
[2021-05-08 06:57:05,352] {scheduler_job.py:182} INFO - Started process (PID=410) to work on /home/airflow/.local/lib/python3.6/site-packages/airflow/example_dags/example_trigger_controller_dag.py
[2021-05-08 06:57:05,354] {scheduler_job.py:629} INFO - Processing file /home/airflow/.local/lib/python3.6/site-packages/airflow/example_dags/example_trigger_controller_dag.py for tasks to queue
[2021-05-08 06:57:05,356] {logging_mixin.py:104} INFO - [2021-05-08 06:57:05,356] {dagbag.py:451} INFO - Filling up the DagBag from /home/airflow/.local/lib/python3.6/site-packages/airflow/example_dags/example_trigger_controller_dag.py
[2021-05-08 06:57:05,369] {scheduler_job.py:639} INFO - DAG(s) dict_keys(['example_trigger_controller_dag']) retrieved from /home/airflow/.local/lib/python3.6/site-packages/airflow/example_dags/example_trigger_controller_dag.py
[2021-05-08 06:57:05,399] {logging_mixin.py:104} INFO - [2021-05-08 06:57:05,399] {dag.py:1824} INFO - Sync 1 DAGs
[2021-05-08 06:57:05,418] {logging_mixin.py:104} INFO - [2021-05-08 06:57:05,418] {dag.py:2280} INFO - Setting next_dagrun for example_trigger_controller_dag to 2021-05-06 00:00:00+00:00
[2021-05-08 06:57:05,432] {scheduler_job.py:190} INFO - Processing /home/airflow/.local/lib/python3.6/site-packages/airflow/example_dags/example_trigger_controller_dag.py took 0.085 seconds
[2021-05-08 06:57:36,057] {scheduler_job.py:182} INFO - Started process (PID=437) to work on /home/airflow/.local/lib/python3.6/site-packages/airflow/example_dags/example_trigger_controller_dag.py
[2021-05-08 06:57:36,060] {scheduler_job.py:629} INFO - Processing file /home/airflow/.local/lib/python3.6/site-packages/airflow/example_dags/example_trigger_controller_dag.py for tasks to queue
[2021-05-08 06:57:36,062] {logging_mixin.py:104} INFO - [2021-05-08 06:57:36,061] {dagbag.py:451} INFO - Filling up the DagBag from /home/airflow/.local/lib/python3.6/site-packages/airflow/example_dags/example_trigger_controller_dag.py
[2021-05-08 06:57:36,075] {scheduler_job.py:639} INFO - DAG(s) dict_keys(['example_trigger_controller_dag']) retrieved from /home/airflow/.local/lib/python3.6/site-packages/airflow/example_dags/example_trigger_controller_dag.py
[2021-05-08 06:57:36,114] {logging_mixin.py:104} INFO - [2021-05-08 06:57:36,113] {dag.py:1824} INFO - Sync 1 DAGs
[2021-05-08 06:57:36,140] {logging_mixin.py:104} INFO - [2021-05-08 06:57:36,140] {dag.py:2280} INFO - Setting next_dagrun for example_trigger_controller_dag to 2021-05-06 00:00:00+00:00
[2021-05-08 06:57:36,154] {scheduler_job.py:190} INFO - Processing /home/airflow/.local/lib/python3.6/site-packages/airflow/example_dags/example_trigger_controller_dag.py took 0.102 seconds
[2021-05-08 06:58:06,988] {scheduler_job.py:182} INFO - Started process (PID=464) to work on /home/airflow/.local/lib/python3.6/site-packages/airflow/example_dags/example_trigger_controller_dag.py
[2021-05-08 06:58:06,991] {scheduler_job.py:629} INFO - Processing file /home/airflow/.local/lib/python3.6/site-packages/airflow/example_dags/example_trigger_controller_dag.py for tasks to queue
[2021-05-08 06:58:06,993] {logging_mixin.py:104} INFO - [2021-05-08 06:58:06,993] {dagbag.py:451} INFO - Filling up the DagBag from /home/airflow/.local/lib/python3.6/site-packages/airflow/example_dags/example_trigger_controller_dag.py
[2021-05-08 06:58:07,010] {scheduler_job.py:639} INFO - DAG(s) dict_keys(['example_trigger_controller_dag']) retrieved from /home/airflow/.local/lib/python3.6/site-packages/airflow/example_dags/example_trigger_controller_dag.py
[2021-05-08 06:58:07,044] {logging_mixin.py:104} INFO - [2021-05-08 06:58:07,044] {dag.py:1824} INFO - Sync 1 DAGs
[2021-05-08 06:58:07,067] {logging_mixin.py:104} INFO - [2021-05-08 06:58:07,066] {dag.py:2280} INFO - Setting next_dagrun for example_trigger_controller_dag to 2021-05-06 00:00:00+00:00
[2021-05-08 06:58:07,083] {scheduler_job.py:190} INFO - Processing /home/airflow/.local/lib/python3.6/site-packages/airflow/example_dags/example_trigger_controller_dag.py took 0.100 seconds
[2021-05-08 06:58:37,815] {scheduler_job.py:182} INFO - Started process (PID=491) to work on /home/airflow/.local/lib/python3.6/site-packages/airflow/example_dags/example_trigger_controller_dag.py
[2021-05-08 06:58:37,819] {scheduler_job.py:629} INFO - Processing file /home/airflow/.local/lib/python3.6/site-packages/airflow/example_dags/example_trigger_controller_dag.py for tasks to queue
[2021-05-08 06:58:37,821] {logging_mixin.py:104} INFO - [2021-05-08 06:58:37,821] {dagbag.py:451} INFO - Filling up the DagBag from /home/airflow/.local/lib/python3.6/site-packages/airflow/example_dags/example_trigger_controller_dag.py
[2021-05-08 06:58:37,841] {scheduler_job.py:639} INFO - DAG(s) dict_keys(['example_trigger_controller_dag']) retrieved from /home/airflow/.local/lib/python3.6/site-packages/airflow/example_dags/example_trigger_controller_dag.py
[2021-05-08 06:58:37,880] {logging_mixin.py:104} INFO - [2021-05-08 06:58:37,880] {dag.py:1824} INFO - Sync 1 DAGs
[2021-05-08 06:58:37,902] {logging_mixin.py:104} INFO - [2021-05-08 06:58:37,902] {dag.py:2280} INFO - Setting next_dagrun for example_trigger_controller_dag to 2021-05-06 00:00:00+00:00
[2021-05-08 06:58:37,917] {scheduler_job.py:190} INFO - Processing /home/airflow/.local/lib/python3.6/site-packages/airflow/example_dags/example_trigger_controller_dag.py took 0.107 seconds
[2021-05-08 06:59:08,573] {scheduler_job.py:182} INFO - Started process (PID=518) to work on /home/airflow/.local/lib/python3.6/site-packages/airflow/example_dags/example_trigger_controller_dag.py
[2021-05-08 06:59:08,576] {scheduler_job.py:629} INFO - Processing file /home/airflow/.local/lib/python3.6/site-packages/airflow/example_dags/example_trigger_controller_dag.py for tasks to queue
[2021-05-08 06:59:08,578] {logging_mixin.py:104} INFO - [2021-05-08 06:59:08,578] {dagbag.py:451} INFO - Filling up the DagBag from /home/airflow/.local/lib/python3.6/site-packages/airflow/example_dags/example_trigger_controller_dag.py
[2021-05-08 06:59:08,593] {scheduler_job.py:639} INFO - DAG(s) dict_keys(['example_trigger_controller_dag']) retrieved from /home/airflow/.local/lib/python3.6/site-packages/airflow/example_dags/example_trigger_controller_dag.py
[2021-05-08 06:59:08,628] {logging_mixin.py:104} INFO - [2021-05-08 06:59:08,628] {dag.py:1824} INFO - Sync 1 DAGs
[2021-05-08 06:59:08,651] {logging_mixin.py:104} INFO - [2021-05-08 06:59:08,650] {dag.py:2280} INFO - Setting next_dagrun for example_trigger_controller_dag to 2021-05-06 00:00:00+00:00
[2021-05-08 06:59:08,667] {scheduler_job.py:190} INFO - Processing /home/airflow/.local/lib/python3.6/site-packages/airflow/example_dags/example_trigger_controller_dag.py took 0.100 seconds
[2021-05-08 06:59:39,348] {scheduler_job.py:182} INFO - Started process (PID=545) to work on /home/airflow/.local/lib/python3.6/site-packages/airflow/example_dags/example_trigger_controller_dag.py
[2021-05-08 06:59:39,351] {scheduler_job.py:629} INFO - Processing file /home/airflow/.local/lib/python3.6/site-packages/airflow/example_dags/example_trigger_controller_dag.py for tasks to queue
[2021-05-08 06:59:39,353] {logging_mixin.py:104} INFO - [2021-05-08 06:59:39,353] {dagbag.py:451} INFO - Filling up the DagBag from /home/airflow/.local/lib/python3.6/site-packages/airflow/example_dags/example_trigger_controller_dag.py
[2021-05-08 06:59:39,368] {scheduler_job.py:639} INFO - DAG(s) dict_keys(['example_trigger_controller_dag']) retrieved from /home/airflow/.local/lib/python3.6/site-packages/airflow/example_dags/example_trigger_controller_dag.py
[2021-05-08 06:59:39,402] {logging_mixin.py:104} INFO - [2021-05-08 06:59:39,402] {dag.py:1824} INFO - Sync 1 DAGs
[2021-05-08 06:59:39,431] {logging_mixin.py:104} INFO - [2021-05-08 06:59:39,431] {dag.py:2280} INFO - Setting next_dagrun for example_trigger_controller_dag to 2021-05-06 00:00:00+00:00
[2021-05-08 06:59:39,453] {scheduler_job.py:190} INFO - Processing /home/airflow/.local/lib/python3.6/site-packages/airflow/example_dags/example_trigger_controller_dag.py took 0.113 seconds
[2021-05-08 07:00:09,527] {scheduler_job.py:182} INFO - Started process (PID=572) to work on /home/airflow/.local/lib/python3.6/site-packages/airflow/example_dags/example_trigger_controller_dag.py
[2021-05-08 07:00:09,530] {scheduler_job.py:629} INFO - Processing file /home/airflow/.local/lib/python3.6/site-packages/airflow/example_dags/example_trigger_controller_dag.py for tasks to queue
[2021-05-08 07:00:09,533] {logging_mixin.py:104} INFO - [2021-05-08 07:00:09,532] {dagbag.py:451} INFO - Filling up the DagBag from /home/airflow/.local/lib/python3.6/site-packages/airflow/example_dags/example_trigger_controller_dag.py
[2021-05-08 07:00:09,553] {scheduler_job.py:639} INFO - DAG(s) dict_keys(['example_trigger_controller_dag']) retrieved from /home/airflow/.local/lib/python3.6/site-packages/airflow/example_dags/example_trigger_controller_dag.py
[2021-05-08 07:00:09,589] {logging_mixin.py:104} INFO - [2021-05-08 07:00:09,589] {dag.py:1824} INFO - Sync 1 DAGs
[2021-05-08 07:00:09,613] {logging_mixin.py:104} INFO - [2021-05-08 07:00:09,613] {dag.py:2280} INFO - Setting next_dagrun for example_trigger_controller_dag to 2021-05-06 00:00:00+00:00
[2021-05-08 07:00:09,630] {scheduler_job.py:190} INFO - Processing /home/airflow/.local/lib/python3.6/site-packages/airflow/example_dags/example_trigger_controller_dag.py took 0.110 seconds
[2021-05-08 07:00:39,694] {scheduler_job.py:182} INFO - Started process (PID=599) to work on /home/airflow/.local/lib/python3.6/site-packages/airflow/example_dags/example_trigger_controller_dag.py
[2021-05-08 07:00:39,697] {scheduler_job.py:629} INFO - Processing file /home/airflow/.local/lib/python3.6/site-packages/airflow/example_dags/example_trigger_controller_dag.py for tasks to queue
[2021-05-08 07:00:39,701] {logging_mixin.py:104} INFO - [2021-05-08 07:00:39,701] {dagbag.py:451} INFO - Filling up the DagBag from /home/airflow/.local/lib/python3.6/site-packages/airflow/example_dags/example_trigger_controller_dag.py
[2021-05-08 07:00:39,717] {scheduler_job.py:639} INFO - DAG(s) dict_keys(['example_trigger_controller_dag']) retrieved from /home/airflow/.local/lib/python3.6/site-packages/airflow/example_dags/example_trigger_controller_dag.py
[2021-05-08 07:00:39,752] {logging_mixin.py:104} INFO - [2021-05-08 07:00:39,752] {dag.py:1824} INFO - Sync 1 DAGs
[2021-05-08 07:00:39,778] {logging_mixin.py:104} INFO - [2021-05-08 07:00:39,777] {dag.py:2280} INFO - Setting next_dagrun for example_trigger_controller_dag to 2021-05-06 00:00:00+00:00
[2021-05-08 07:00:39,793] {scheduler_job.py:190} INFO - Processing /home/airflow/.local/lib/python3.6/site-packages/airflow/example_dags/example_trigger_controller_dag.py took 0.111 seconds
[2021-05-08 07:01:09,926] {scheduler_job.py:182} INFO - Started process (PID=626) to work on /home/airflow/.local/lib/python3.6/site-packages/airflow/example_dags/example_trigger_controller_dag.py
[2021-05-08 07:01:09,928] {scheduler_job.py:629} INFO - Processing file /home/airflow/.local/lib/python3.6/site-packages/airflow/example_dags/example_trigger_controller_dag.py for tasks to queue
[2021-05-08 07:01:09,931] {logging_mixin.py:104} INFO - [2021-05-08 07:01:09,931] {dagbag.py:451} INFO - Filling up the DagBag from /home/airflow/.local/lib/python3.6/site-packages/airflow/example_dags/example_trigger_controller_dag.py
[2021-05-08 07:01:09,949] {scheduler_job.py:639} INFO - DAG(s) dict_keys(['example_trigger_controller_dag']) retrieved from /home/airflow/.local/lib/python3.6/site-packages/airflow/example_dags/example_trigger_controller_dag.py
[2021-05-08 07:01:09,983] {logging_mixin.py:104} INFO - [2021-05-08 07:01:09,983] {dag.py:1824} INFO - Sync 1 DAGs
[2021-05-08 07:01:10,007] {logging_mixin.py:104} INFO - [2021-05-08 07:01:10,007] {dag.py:2280} INFO - Setting next_dagrun for example_trigger_controller_dag to 2021-05-06 00:00:00+00:00
[2021-05-08 07:01:10,024] {scheduler_job.py:190} INFO - Processing /home/airflow/.local/lib/python3.6/site-packages/airflow/example_dags/example_trigger_controller_dag.py took 0.104 seconds
[2021-05-08 07:01:40,903] {scheduler_job.py:182} INFO - Started process (PID=653) to work on /home/airflow/.local/lib/python3.6/site-packages/airflow/example_dags/example_trigger_controller_dag.py
[2021-05-08 07:01:40,905] {scheduler_job.py:629} INFO - Processing file /home/airflow/.local/lib/python3.6/site-packages/airflow/example_dags/example_trigger_controller_dag.py for tasks to queue
[2021-05-08 07:01:40,907] {logging_mixin.py:104} INFO - [2021-05-08 07:01:40,906] {dagbag.py:451} INFO - Filling up the DagBag from /home/airflow/.local/lib/python3.6/site-packages/airflow/example_dags/example_trigger_controller_dag.py
[2021-05-08 07:01:40,922] {scheduler_job.py:639} INFO - DAG(s) dict_keys(['example_trigger_controller_dag']) retrieved from /home/airflow/.local/lib/python3.6/site-packages/airflow/example_dags/example_trigger_controller_dag.py
[2021-05-08 07:01:40,955] {logging_mixin.py:104} INFO - [2021-05-08 07:01:40,955] {dag.py:1824} INFO - Sync 1 DAGs
[2021-05-08 07:01:40,976] {logging_mixin.py:104} INFO - [2021-05-08 07:01:40,976] {dag.py:2280} INFO - Setting next_dagrun for example_trigger_controller_dag to 2021-05-06 00:00:00+00:00
[2021-05-08 07:01:40,992] {scheduler_job.py:190} INFO - Processing /home/airflow/.local/lib/python3.6/site-packages/airflow/example_dags/example_trigger_controller_dag.py took 0.095 seconds
[2021-05-08 07:02:11,693] {scheduler_job.py:182} INFO - Started process (PID=680) to work on /home/airflow/.local/lib/python3.6/site-packages/airflow/example_dags/example_trigger_controller_dag.py
[2021-05-08 07:02:11,696] {scheduler_job.py:629} INFO - Processing file /home/airflow/.local/lib/python3.6/site-packages/airflow/example_dags/example_trigger_controller_dag.py for tasks to queue
[2021-05-08 07:02:11,698] {logging_mixin.py:104} INFO - [2021-05-08 07:02:11,698] {dagbag.py:451} INFO - Filling up the DagBag from /home/airflow/.local/lib/python3.6/site-packages/airflow/example_dags/example_trigger_controller_dag.py
[2021-05-08 07:02:11,712] {scheduler_job.py:639} INFO - DAG(s) dict_keys(['example_trigger_controller_dag']) retrieved from /home/airflow/.local/lib/python3.6/site-packages/airflow/example_dags/example_trigger_controller_dag.py
[2021-05-08 07:02:11,744] {logging_mixin.py:104} INFO - [2021-05-08 07:02:11,743] {dag.py:1824} INFO - Sync 1 DAGs
[2021-05-08 07:02:11,771] {logging_mixin.py:104} INFO - [2021-05-08 07:02:11,771] {dag.py:2280} INFO - Setting next_dagrun for example_trigger_controller_dag to 2021-05-06 00:00:00+00:00
[2021-05-08 07:02:11,790] {scheduler_job.py:190} INFO - Processing /home/airflow/.local/lib/python3.6/site-packages/airflow/example_dags/example_trigger_controller_dag.py took 0.101 seconds
[2021-05-08 07:02:42,329] {scheduler_job.py:182} INFO - Started process (PID=707) to work on /home/airflow/.local/lib/python3.6/site-packages/airflow/example_dags/example_trigger_controller_dag.py
[2021-05-08 07:02:42,333] {scheduler_job.py:629} INFO - Processing file /home/airflow/.local/lib/python3.6/site-packages/airflow/example_dags/example_trigger_controller_dag.py for tasks to queue
[2021-05-08 07:02:42,335] {logging_mixin.py:104} INFO - [2021-05-08 07:02:42,335] {dagbag.py:451} INFO - Filling up the DagBag from /home/airflow/.local/lib/python3.6/site-packages/airflow/example_dags/example_trigger_controller_dag.py
[2021-05-08 07:02:42,357] {scheduler_job.py:639} INFO - DAG(s) dict_keys(['example_trigger_controller_dag']) retrieved from /home/airflow/.local/lib/python3.6/site-packages/airflow/example_dags/example_trigger_controller_dag.py
[2021-05-08 07:02:42,398] {logging_mixin.py:104} INFO - [2021-05-08 07:02:42,398] {dag.py:1824} INFO - Sync 1 DAGs
[2021-05-08 07:02:42,427] {logging_mixin.py:104} INFO - [2021-05-08 07:02:42,427] {dag.py:2280} INFO - Setting next_dagrun for example_trigger_controller_dag to 2021-05-06 00:00:00+00:00
[2021-05-08 07:02:42,447] {scheduler_job.py:190} INFO - Processing /home/airflow/.local/lib/python3.6/site-packages/airflow/example_dags/example_trigger_controller_dag.py took 0.127 seconds
[2021-05-08 07:03:13,057] {scheduler_job.py:182} INFO - Started process (PID=734) to work on /home/airflow/.local/lib/python3.6/site-packages/airflow/example_dags/example_trigger_controller_dag.py
[2021-05-08 07:03:13,059] {scheduler_job.py:629} INFO - Processing file /home/airflow/.local/lib/python3.6/site-packages/airflow/example_dags/example_trigger_controller_dag.py for tasks to queue
[2021-05-08 07:03:13,061] {logging_mixin.py:104} INFO - [2021-05-08 07:03:13,061] {dagbag.py:451} INFO - Filling up the DagBag from /home/airflow/.local/lib/python3.6/site-packages/airflow/example_dags/example_trigger_controller_dag.py
[2021-05-08 07:03:13,077] {scheduler_job.py:639} INFO - DAG(s) dict_keys(['example_trigger_controller_dag']) retrieved from /home/airflow/.local/lib/python3.6/site-packages/airflow/example_dags/example_trigger_controller_dag.py
[2021-05-08 07:03:13,112] {logging_mixin.py:104} INFO - [2021-05-08 07:03:13,112] {dag.py:1824} INFO - Sync 1 DAGs
[2021-05-08 07:03:13,134] {logging_mixin.py:104} INFO - [2021-05-08 07:03:13,134] {dag.py:2280} INFO - Setting next_dagrun for example_trigger_controller_dag to 2021-05-06 00:00:00+00:00
[2021-05-08 07:03:13,148] {scheduler_job.py:190} INFO - Processing /home/airflow/.local/lib/python3.6/site-packages/airflow/example_dags/example_trigger_controller_dag.py took 0.097 seconds
[2021-05-08 07:03:44,131] {scheduler_job.py:182} INFO - Started process (PID=761) to work on /home/airflow/.local/lib/python3.6/site-packages/airflow/example_dags/example_trigger_controller_dag.py
[2021-05-08 07:03:44,134] {scheduler_job.py:629} INFO - Processing file /home/airflow/.local/lib/python3.6/site-packages/airflow/example_dags/example_trigger_controller_dag.py for tasks to queue
[2021-05-08 07:03:44,136] {logging_mixin.py:104} INFO - [2021-05-08 07:03:44,136] {dagbag.py:451} INFO - Filling up the DagBag from /home/airflow/.local/lib/python3.6/site-packages/airflow/example_dags/example_trigger_controller_dag.py
[2021-05-08 07:03:44,151] {scheduler_job.py:639} INFO - DAG(s) dict_keys(['example_trigger_controller_dag']) retrieved from /home/airflow/.local/lib/python3.6/site-packages/airflow/example_dags/example_trigger_controller_dag.py
[2021-05-08 07:03:44,190] {logging_mixin.py:104} INFO - [2021-05-08 07:03:44,190] {dag.py:1824} INFO - Sync 1 DAGs
[2021-05-08 07:03:44,211] {logging_mixin.py:104} INFO - [2021-05-08 07:03:44,211] {dag.py:2280} INFO - Setting next_dagrun for example_trigger_controller_dag to 2021-05-06 00:00:00+00:00
[2021-05-08 07:03:44,225] {scheduler_job.py:190} INFO - Processing /home/airflow/.local/lib/python3.6/site-packages/airflow/example_dags/example_trigger_controller_dag.py took 0.100 seconds
[2021-05-08 07:04:14,954] {scheduler_job.py:182} INFO - Started process (PID=788) to work on /home/airflow/.local/lib/python3.6/site-packages/airflow/example_dags/example_trigger_controller_dag.py
[2021-05-08 07:04:14,956] {scheduler_job.py:629} INFO - Processing file /home/airflow/.local/lib/python3.6/site-packages/airflow/example_dags/example_trigger_controller_dag.py for tasks to queue
[2021-05-08 07:04:14,958] {logging_mixin.py:104} INFO - [2021-05-08 07:04:14,958] {dagbag.py:451} INFO - Filling up the DagBag from /home/airflow/.local/lib/python3.6/site-packages/airflow/example_dags/example_trigger_controller_dag.py
[2021-05-08 07:04:14,972] {scheduler_job.py:639} INFO - DAG(s) dict_keys(['example_trigger_controller_dag']) retrieved from /home/airflow/.local/lib/python3.6/site-packages/airflow/example_dags/example_trigger_controller_dag.py
[2021-05-08 07:04:15,009] {logging_mixin.py:104} INFO - [2021-05-08 07:04:15,009] {dag.py:1824} INFO - Sync 1 DAGs
[2021-05-08 07:04:15,031] {logging_mixin.py:104} INFO - [2021-05-08 07:04:15,031] {dag.py:2280} INFO - Setting next_dagrun for example_trigger_controller_dag to 2021-05-06 00:00:00+00:00
[2021-05-08 07:04:15,046] {scheduler_job.py:190} INFO - Processing /home/airflow/.local/lib/python3.6/site-packages/airflow/example_dags/example_trigger_controller_dag.py took 0.096 seconds
[2021-05-08 07:04:45,639] {scheduler_job.py:182} INFO - Started process (PID=815) to work on /home/airflow/.local/lib/python3.6/site-packages/airflow/example_dags/example_trigger_controller_dag.py
[2021-05-08 07:04:45,642] {scheduler_job.py:629} INFO - Processing file /home/airflow/.local/lib/python3.6/site-packages/airflow/example_dags/example_trigger_controller_dag.py for tasks to queue
[2021-05-08 07:04:45,643] {logging_mixin.py:104} INFO - [2021-05-08 07:04:45,643] {dagbag.py:451} INFO - Filling up the DagBag from /home/airflow/.local/lib/python3.6/site-packages/airflow/example_dags/example_trigger_controller_dag.py
[2021-05-08 07:04:45,657] {scheduler_job.py:639} INFO - DAG(s) dict_keys(['example_trigger_controller_dag']) retrieved from /home/airflow/.local/lib/python3.6/site-packages/airflow/example_dags/example_trigger_controller_dag.py
[2021-05-08 07:04:45,693] {logging_mixin.py:104} INFO - [2021-05-08 07:04:45,693] {dag.py:1824} INFO - Sync 1 DAGs
[2021-05-08 07:04:45,714] {logging_mixin.py:104} INFO - [2021-05-08 07:04:45,714] {dag.py:2280} INFO - Setting next_dagrun for example_trigger_controller_dag to 2021-05-06 00:00:00+00:00
[2021-05-08 07:04:45,728] {scheduler_job.py:190} INFO - Processing /home/airflow/.local/lib/python3.6/site-packages/airflow/example_dags/example_trigger_controller_dag.py took 0.100 seconds
[2021-05-08 07:05:16,256] {scheduler_job.py:182} INFO - Started process (PID=842) to work on /home/airflow/.local/lib/python3.6/site-packages/airflow/example_dags/example_trigger_controller_dag.py
[2021-05-08 07:05:16,259] {scheduler_job.py:629} INFO - Processing file /home/airflow/.local/lib/python3.6/site-packages/airflow/example_dags/example_trigger_controller_dag.py for tasks to queue
[2021-05-08 07:05:16,260] {logging_mixin.py:104} INFO - [2021-05-08 07:05:16,260] {dagbag.py:451} INFO - Filling up the DagBag from /home/airflow/.local/lib/python3.6/site-packages/airflow/example_dags/example_trigger_controller_dag.py
[2021-05-08 07:05:16,277] {scheduler_job.py:639} INFO - DAG(s) dict_keys(['example_trigger_controller_dag']) retrieved from /home/airflow/.local/lib/python3.6/site-packages/airflow/example_dags/example_trigger_controller_dag.py
[2021-05-08 07:05:16,307] {logging_mixin.py:104} INFO - [2021-05-08 07:05:16,307] {dag.py:1824} INFO - Sync 1 DAGs
[2021-05-08 07:05:16,328] {logging_mixin.py:104} INFO - [2021-05-08 07:05:16,327] {dag.py:2280} INFO - Setting next_dagrun for example_trigger_controller_dag to 2021-05-06 00:00:00+00:00
[2021-05-08 07:05:16,340] {scheduler_job.py:190} INFO - Processing /home/airflow/.local/lib/python3.6/site-packages/airflow/example_dags/example_trigger_controller_dag.py took 0.089 seconds
[2021-05-08 07:05:47,128] {scheduler_job.py:182} INFO - Started process (PID=869) to work on /home/airflow/.local/lib/python3.6/site-packages/airflow/example_dags/example_trigger_controller_dag.py
[2021-05-08 07:05:47,130] {scheduler_job.py:629} INFO - Processing file /home/airflow/.local/lib/python3.6/site-packages/airflow/example_dags/example_trigger_controller_dag.py for tasks to queue
[2021-05-08 07:05:47,132] {logging_mixin.py:104} INFO - [2021-05-08 07:05:47,132] {dagbag.py:451} INFO - Filling up the DagBag from /home/airflow/.local/lib/python3.6/site-packages/airflow/example_dags/example_trigger_controller_dag.py
[2021-05-08 07:05:47,150] {scheduler_job.py:639} INFO - DAG(s) dict_keys(['example_trigger_controller_dag']) retrieved from /home/airflow/.local/lib/python3.6/site-packages/airflow/example_dags/example_trigger_controller_dag.py
[2021-05-08 07:05:47,185] {logging_mixin.py:104} INFO - [2021-05-08 07:05:47,185] {dag.py:1824} INFO - Sync 1 DAGs
[2021-05-08 07:05:47,218] {logging_mixin.py:104} INFO - [2021-05-08 07:05:47,217] {dag.py:2280} INFO - Setting next_dagrun for example_trigger_controller_dag to 2021-05-06 00:00:00+00:00
[2021-05-08 07:05:47,230] {scheduler_job.py:190} INFO - Processing /home/airflow/.local/lib/python3.6/site-packages/airflow/example_dags/example_trigger_controller_dag.py took 0.108 seconds
[2021-05-08 07:06:17,495] {scheduler_job.py:182} INFO - Started process (PID=896) to work on /home/airflow/.local/lib/python3.6/site-packages/airflow/example_dags/example_trigger_controller_dag.py
[2021-05-08 07:06:17,498] {scheduler_job.py:629} INFO - Processing file /home/airflow/.local/lib/python3.6/site-packages/airflow/example_dags/example_trigger_controller_dag.py for tasks to queue
[2021-05-08 07:06:17,500] {logging_mixin.py:104} INFO - [2021-05-08 07:06:17,500] {dagbag.py:451} INFO - Filling up the DagBag from /home/airflow/.local/lib/python3.6/site-packages/airflow/example_dags/example_trigger_controller_dag.py
[2021-05-08 07:06:17,517] {scheduler_job.py:639} INFO - DAG(s) dict_keys(['example_trigger_controller_dag']) retrieved from /home/airflow/.local/lib/python3.6/site-packages/airflow/example_dags/example_trigger_controller_dag.py
[2021-05-08 07:06:17,550] {logging_mixin.py:104} INFO - [2021-05-08 07:06:17,550] {dag.py:1824} INFO - Sync 1 DAGs
[2021-05-08 07:06:17,573] {logging_mixin.py:104} INFO - [2021-05-08 07:06:17,573] {dag.py:2280} INFO - Setting next_dagrun for example_trigger_controller_dag to 2021-05-06 00:00:00+00:00
[2021-05-08 07:06:17,587] {scheduler_job.py:190} INFO - Processing /home/airflow/.local/lib/python3.6/site-packages/airflow/example_dags/example_trigger_controller_dag.py took 0.100 seconds
[2021-05-08 07:06:47,786] {scheduler_job.py:182} INFO - Started process (PID=923) to work on /home/airflow/.local/lib/python3.6/site-packages/airflow/example_dags/example_trigger_controller_dag.py
[2021-05-08 07:06:47,789] {scheduler_job.py:629} INFO - Processing file /home/airflow/.local/lib/python3.6/site-packages/airflow/example_dags/example_trigger_controller_dag.py for tasks to queue
[2021-05-08 07:06:47,791] {logging_mixin.py:104} INFO - [2021-05-08 07:06:47,791] {dagbag.py:451} INFO - Filling up the DagBag from /home/airflow/.local/lib/python3.6/site-packages/airflow/example_dags/example_trigger_controller_dag.py
[2021-05-08 07:06:47,807] {scheduler_job.py:639} INFO - DAG(s) dict_keys(['example_trigger_controller_dag']) retrieved from /home/airflow/.local/lib/python3.6/site-packages/airflow/example_dags/example_trigger_controller_dag.py
[2021-05-08 07:06:47,841] {logging_mixin.py:104} INFO - [2021-05-08 07:06:47,840] {dag.py:1824} INFO - Sync 1 DAGs
[2021-05-08 07:06:47,863] {logging_mixin.py:104} INFO - [2021-05-08 07:06:47,863] {dag.py:2280} INFO - Setting next_dagrun for example_trigger_controller_dag to 2021-05-06 00:00:00+00:00
[2021-05-08 07:06:47,886] {scheduler_job.py:190} INFO - Processing /home/airflow/.local/lib/python3.6/site-packages/airflow/example_dags/example_trigger_controller_dag.py took 0.106 seconds
[2021-05-08 07:07:18,645] {scheduler_job.py:182} INFO - Started process (PID=950) to work on /home/airflow/.local/lib/python3.6/site-packages/airflow/example_dags/example_trigger_controller_dag.py
[2021-05-08 07:07:18,650] {scheduler_job.py:629} INFO - Processing file /home/airflow/.local/lib/python3.6/site-packages/airflow/example_dags/example_trigger_controller_dag.py for tasks to queue
[2021-05-08 07:07:18,652] {logging_mixin.py:104} INFO - [2021-05-08 07:07:18,652] {dagbag.py:451} INFO - Filling up the DagBag from /home/airflow/.local/lib/python3.6/site-packages/airflow/example_dags/example_trigger_controller_dag.py
[2021-05-08 07:07:18,666] {scheduler_job.py:639} INFO - DAG(s) dict_keys(['example_trigger_controller_dag']) retrieved from /home/airflow/.local/lib/python3.6/site-packages/airflow/example_dags/example_trigger_controller_dag.py
[2021-05-08 07:07:18,696] {logging_mixin.py:104} INFO - [2021-05-08 07:07:18,696] {dag.py:1824} INFO - Sync 1 DAGs
[2021-05-08 07:07:18,717] {logging_mixin.py:104} INFO - [2021-05-08 07:07:18,717] {dag.py:2280} INFO - Setting next_dagrun for example_trigger_controller_dag to 2021-05-06 00:00:00+00:00
[2021-05-08 07:07:18,730] {scheduler_job.py:190} INFO - Processing /home/airflow/.local/lib/python3.6/site-packages/airflow/example_dags/example_trigger_controller_dag.py took 0.090 seconds
[2021-05-08 07:07:49,584] {scheduler_job.py:182} INFO - Started process (PID=977) to work on /home/airflow/.local/lib/python3.6/site-packages/airflow/example_dags/example_trigger_controller_dag.py
[2021-05-08 07:07:49,586] {scheduler_job.py:629} INFO - Processing file /home/airflow/.local/lib/python3.6/site-packages/airflow/example_dags/example_trigger_controller_dag.py for tasks to queue
[2021-05-08 07:07:49,590] {logging_mixin.py:104} INFO - [2021-05-08 07:07:49,589] {dagbag.py:451} INFO - Filling up the DagBag from /home/airflow/.local/lib/python3.6/site-packages/airflow/example_dags/example_trigger_controller_dag.py
[2021-05-08 07:07:49,609] {scheduler_job.py:639} INFO - DAG(s) dict_keys(['example_trigger_controller_dag']) retrieved from /home/airflow/.local/lib/python3.6/site-packages/airflow/example_dags/example_trigger_controller_dag.py
[2021-05-08 07:07:49,645] {logging_mixin.py:104} INFO - [2021-05-08 07:07:49,645] {dag.py:1824} INFO - Sync 1 DAGs
[2021-05-08 07:07:49,671] {logging_mixin.py:104} INFO - [2021-05-08 07:07:49,671] {dag.py:2280} INFO - Setting next_dagrun for example_trigger_controller_dag to 2021-05-06 00:00:00+00:00
[2021-05-08 07:07:49,689] {scheduler_job.py:190} INFO - Processing /home/airflow/.local/lib/python3.6/site-packages/airflow/example_dags/example_trigger_controller_dag.py took 0.113 seconds
[2021-05-08 07:08:20,507] {scheduler_job.py:182} INFO - Started process (PID=1004) to work on /home/airflow/.local/lib/python3.6/site-packages/airflow/example_dags/example_trigger_controller_dag.py
[2021-05-08 07:08:20,512] {scheduler_job.py:629} INFO - Processing file /home/airflow/.local/lib/python3.6/site-packages/airflow/example_dags/example_trigger_controller_dag.py for tasks to queue
[2021-05-08 07:08:20,515] {logging_mixin.py:104} INFO - [2021-05-08 07:08:20,514] {dagbag.py:451} INFO - Filling up the DagBag from /home/airflow/.local/lib/python3.6/site-packages/airflow/example_dags/example_trigger_controller_dag.py
[2021-05-08 07:08:20,535] {scheduler_job.py:639} INFO - DAG(s) dict_keys(['example_trigger_controller_dag']) retrieved from /home/airflow/.local/lib/python3.6/site-packages/airflow/example_dags/example_trigger_controller_dag.py
[2021-05-08 07:08:20,582] {logging_mixin.py:104} INFO - [2021-05-08 07:08:20,582] {dag.py:1824} INFO - Sync 1 DAGs
[2021-05-08 07:08:20,611] {logging_mixin.py:104} INFO - [2021-05-08 07:08:20,611] {dag.py:2280} INFO - Setting next_dagrun for example_trigger_controller_dag to 2021-05-06 00:00:00+00:00
[2021-05-08 07:08:20,631] {scheduler_job.py:190} INFO - Processing /home/airflow/.local/lib/python3.6/site-packages/airflow/example_dags/example_trigger_controller_dag.py took 0.131 seconds
[2021-05-08 07:08:51,534] {scheduler_job.py:182} INFO - Started process (PID=1031) to work on /home/airflow/.local/lib/python3.6/site-packages/airflow/example_dags/example_trigger_controller_dag.py
[2021-05-08 07:08:51,540] {scheduler_job.py:629} INFO - Processing file /home/airflow/.local/lib/python3.6/site-packages/airflow/example_dags/example_trigger_controller_dag.py for tasks to queue
[2021-05-08 07:08:51,545] {logging_mixin.py:104} INFO - [2021-05-08 07:08:51,544] {dagbag.py:451} INFO - Filling up the DagBag from /home/airflow/.local/lib/python3.6/site-packages/airflow/example_dags/example_trigger_controller_dag.py
[2021-05-08 07:08:51,589] {scheduler_job.py:639} INFO - DAG(s) dict_keys(['example_trigger_controller_dag']) retrieved from /home/airflow/.local/lib/python3.6/site-packages/airflow/example_dags/example_trigger_controller_dag.py
[2021-05-08 07:08:51,680] {logging_mixin.py:104} INFO - [2021-05-08 07:08:51,680] {dag.py:1824} INFO - Sync 1 DAGs
[2021-05-08 07:08:51,740] {logging_mixin.py:104} INFO - [2021-05-08 07:08:51,739] {dag.py:2280} INFO - Setting next_dagrun for example_trigger_controller_dag to 2021-05-06 00:00:00+00:00
[2021-05-08 07:08:51,784] {scheduler_job.py:190} INFO - Processing /home/airflow/.local/lib/python3.6/site-packages/airflow/example_dags/example_trigger_controller_dag.py took 0.265 seconds
[2021-05-08 07:09:22,164] {scheduler_job.py:182} INFO - Started process (PID=1058) to work on /home/airflow/.local/lib/python3.6/site-packages/airflow/example_dags/example_trigger_controller_dag.py
[2021-05-08 07:09:22,173] {scheduler_job.py:629} INFO - Processing file /home/airflow/.local/lib/python3.6/site-packages/airflow/example_dags/example_trigger_controller_dag.py for tasks to queue
[2021-05-08 07:09:22,179] {logging_mixin.py:104} INFO - [2021-05-08 07:09:22,177] {dagbag.py:451} INFO - Filling up the DagBag from /home/airflow/.local/lib/python3.6/site-packages/airflow/example_dags/example_trigger_controller_dag.py
[2021-05-08 07:09:22,240] {scheduler_job.py:639} INFO - DAG(s) dict_keys(['example_trigger_controller_dag']) retrieved from /home/airflow/.local/lib/python3.6/site-packages/airflow/example_dags/example_trigger_controller_dag.py
[2021-05-08 07:09:22,362] {logging_mixin.py:104} INFO - [2021-05-08 07:09:22,361] {dag.py:1824} INFO - Sync 1 DAGs
[2021-05-08 07:09:22,452] {logging_mixin.py:104} INFO - [2021-05-08 07:09:22,451] {dag.py:2280} INFO - Setting next_dagrun for example_trigger_controller_dag to 2021-05-06 00:00:00+00:00
[2021-05-08 07:09:22,503] {scheduler_job.py:190} INFO - Processing /home/airflow/.local/lib/python3.6/site-packages/airflow/example_dags/example_trigger_controller_dag.py took 0.361 seconds
[2021-05-08 07:09:52,769] {scheduler_job.py:182} INFO - Started process (PID=1085) to work on /home/airflow/.local/lib/python3.6/site-packages/airflow/example_dags/example_trigger_controller_dag.py
[2021-05-08 07:09:52,775] {scheduler_job.py:629} INFO - Processing file /home/airflow/.local/lib/python3.6/site-packages/airflow/example_dags/example_trigger_controller_dag.py for tasks to queue
[2021-05-08 07:09:52,778] {logging_mixin.py:104} INFO - [2021-05-08 07:09:52,778] {dagbag.py:451} INFO - Filling up the DagBag from /home/airflow/.local/lib/python3.6/site-packages/airflow/example_dags/example_trigger_controller_dag.py
[2021-05-08 07:09:52,822] {scheduler_job.py:639} INFO - DAG(s) dict_keys(['example_trigger_controller_dag']) retrieved from /home/airflow/.local/lib/python3.6/site-packages/airflow/example_dags/example_trigger_controller_dag.py
[2021-05-08 07:09:52,896] {logging_mixin.py:104} INFO - [2021-05-08 07:09:52,896] {dag.py:1824} INFO - Sync 1 DAGs
[2021-05-08 07:09:52,943] {logging_mixin.py:104} INFO - [2021-05-08 07:09:52,943] {dag.py:2280} INFO - Setting next_dagrun for example_trigger_controller_dag to 2021-05-06 00:00:00+00:00
[2021-05-08 07:09:52,973] {scheduler_job.py:190} INFO - Processing /home/airflow/.local/lib/python3.6/site-packages/airflow/example_dags/example_trigger_controller_dag.py took 0.244 seconds
[2021-05-08 07:10:23,714] {scheduler_job.py:182} INFO - Started process (PID=1112) to work on /home/airflow/.local/lib/python3.6/site-packages/airflow/example_dags/example_trigger_controller_dag.py
[2021-05-08 07:10:23,719] {scheduler_job.py:629} INFO - Processing file /home/airflow/.local/lib/python3.6/site-packages/airflow/example_dags/example_trigger_controller_dag.py for tasks to queue
[2021-05-08 07:10:23,723] {logging_mixin.py:104} INFO - [2021-05-08 07:10:23,723] {dagbag.py:451} INFO - Filling up the DagBag from /home/airflow/.local/lib/python3.6/site-packages/airflow/example_dags/example_trigger_controller_dag.py
[2021-05-08 07:10:23,748] {scheduler_job.py:639} INFO - DAG(s) dict_keys(['example_trigger_controller_dag']) retrieved from /home/airflow/.local/lib/python3.6/site-packages/airflow/example_dags/example_trigger_controller_dag.py
[2021-05-08 07:10:23,803] {logging_mixin.py:104} INFO - [2021-05-08 07:10:23,803] {dag.py:1824} INFO - Sync 1 DAGs
[2021-05-08 07:10:23,836] {logging_mixin.py:104} INFO - [2021-05-08 07:10:23,835] {dag.py:2280} INFO - Setting next_dagrun for example_trigger_controller_dag to 2021-05-06 00:00:00+00:00
[2021-05-08 07:10:23,858] {scheduler_job.py:190} INFO - Processing /home/airflow/.local/lib/python3.6/site-packages/airflow/example_dags/example_trigger_controller_dag.py took 0.152 seconds
[2021-05-08 07:10:54,022] {scheduler_job.py:182} INFO - Started process (PID=1139) to work on /home/airflow/.local/lib/python3.6/site-packages/airflow/example_dags/example_trigger_controller_dag.py
[2021-05-08 07:10:54,028] {scheduler_job.py:629} INFO - Processing file /home/airflow/.local/lib/python3.6/site-packages/airflow/example_dags/example_trigger_controller_dag.py for tasks to queue
[2021-05-08 07:10:54,032] {logging_mixin.py:104} INFO - [2021-05-08 07:10:54,031] {dagbag.py:451} INFO - Filling up the DagBag from /home/airflow/.local/lib/python3.6/site-packages/airflow/example_dags/example_trigger_controller_dag.py
[2021-05-08 07:10:54,061] {scheduler_job.py:639} INFO - DAG(s) dict_keys(['example_trigger_controller_dag']) retrieved from /home/airflow/.local/lib/python3.6/site-packages/airflow/example_dags/example_trigger_controller_dag.py
[2021-05-08 07:10:54,117] {logging_mixin.py:104} INFO - [2021-05-08 07:10:54,117] {dag.py:1824} INFO - Sync 1 DAGs
[2021-05-08 07:10:54,152] {logging_mixin.py:104} INFO - [2021-05-08 07:10:54,152] {dag.py:2280} INFO - Setting next_dagrun for example_trigger_controller_dag to 2021-05-06 00:00:00+00:00
[2021-05-08 07:10:54,175] {scheduler_job.py:190} INFO - Processing /home/airflow/.local/lib/python3.6/site-packages/airflow/example_dags/example_trigger_controller_dag.py took 0.161 seconds
[2021-05-08 07:11:24,489] {scheduler_job.py:182} INFO - Started process (PID=1166) to work on /home/airflow/.local/lib/python3.6/site-packages/airflow/example_dags/example_trigger_controller_dag.py
[2021-05-08 07:11:24,493] {scheduler_job.py:629} INFO - Processing file /home/airflow/.local/lib/python3.6/site-packages/airflow/example_dags/example_trigger_controller_dag.py for tasks to queue
[2021-05-08 07:11:24,496] {logging_mixin.py:104} INFO - [2021-05-08 07:11:24,495] {dagbag.py:451} INFO - Filling up the DagBag from /home/airflow/.local/lib/python3.6/site-packages/airflow/example_dags/example_trigger_controller_dag.py
[2021-05-08 07:11:24,519] {scheduler_job.py:639} INFO - DAG(s) dict_keys(['example_trigger_controller_dag']) retrieved from /home/airflow/.local/lib/python3.6/site-packages/airflow/example_dags/example_trigger_controller_dag.py
[2021-05-08 07:11:24,573] {logging_mixin.py:104} INFO - [2021-05-08 07:11:24,573] {dag.py:1824} INFO - Sync 1 DAGs
[2021-05-08 07:11:24,614] {logging_mixin.py:104} INFO - [2021-05-08 07:11:24,614] {dag.py:2280} INFO - Setting next_dagrun for example_trigger_controller_dag to 2021-05-06 00:00:00+00:00
[2021-05-08 07:11:24,645] {scheduler_job.py:190} INFO - Processing /home/airflow/.local/lib/python3.6/site-packages/airflow/example_dags/example_trigger_controller_dag.py took 0.165 seconds
[2021-05-08 07:11:54,746] {scheduler_job.py:182} INFO - Started process (PID=1193) to work on /home/airflow/.local/lib/python3.6/site-packages/airflow/example_dags/example_trigger_controller_dag.py
[2021-05-08 07:11:54,750] {scheduler_job.py:629} INFO - Processing file /home/airflow/.local/lib/python3.6/site-packages/airflow/example_dags/example_trigger_controller_dag.py for tasks to queue
[2021-05-08 07:11:54,753] {logging_mixin.py:104} INFO - [2021-05-08 07:11:54,753] {dagbag.py:451} INFO - Filling up the DagBag from /home/airflow/.local/lib/python3.6/site-packages/airflow/example_dags/example_trigger_controller_dag.py
[2021-05-08 07:11:54,780] {scheduler_job.py:639} INFO - DAG(s) dict_keys(['example_trigger_controller_dag']) retrieved from /home/airflow/.local/lib/python3.6/site-packages/airflow/example_dags/example_trigger_controller_dag.py
[2021-05-08 07:11:54,839] {logging_mixin.py:104} INFO - [2021-05-08 07:11:54,839] {dag.py:1824} INFO - Sync 1 DAGs
[2021-05-08 07:11:54,875] {logging_mixin.py:104} INFO - [2021-05-08 07:11:54,875] {dag.py:2280} INFO - Setting next_dagrun for example_trigger_controller_dag to 2021-05-06 00:00:00+00:00
[2021-05-08 07:11:54,902] {scheduler_job.py:190} INFO - Processing /home/airflow/.local/lib/python3.6/site-packages/airflow/example_dags/example_trigger_controller_dag.py took 0.166 seconds
[2021-05-08 07:12:25,170] {scheduler_job.py:182} INFO - Started process (PID=1220) to work on /home/airflow/.local/lib/python3.6/site-packages/airflow/example_dags/example_trigger_controller_dag.py
[2021-05-08 07:12:25,182] {scheduler_job.py:629} INFO - Processing file /home/airflow/.local/lib/python3.6/site-packages/airflow/example_dags/example_trigger_controller_dag.py for tasks to queue
[2021-05-08 07:12:25,186] {logging_mixin.py:104} INFO - [2021-05-08 07:12:25,185] {dagbag.py:451} INFO - Filling up the DagBag from /home/airflow/.local/lib/python3.6/site-packages/airflow/example_dags/example_trigger_controller_dag.py
[2021-05-08 07:12:25,224] {scheduler_job.py:639} INFO - DAG(s) dict_keys(['example_trigger_controller_dag']) retrieved from /home/airflow/.local/lib/python3.6/site-packages/airflow/example_dags/example_trigger_controller_dag.py
[2021-05-08 07:12:25,299] {logging_mixin.py:104} INFO - [2021-05-08 07:12:25,299] {dag.py:1824} INFO - Sync 1 DAGs
[2021-05-08 07:12:25,361] {logging_mixin.py:104} INFO - [2021-05-08 07:12:25,360] {dag.py:2280} INFO - Setting next_dagrun for example_trigger_controller_dag to 2021-05-06 00:00:00+00:00
[2021-05-08 07:12:25,399] {scheduler_job.py:190} INFO - Processing /home/airflow/.local/lib/python3.6/site-packages/airflow/example_dags/example_trigger_controller_dag.py took 0.243 seconds
[2021-05-08 07:12:55,926] {scheduler_job.py:182} INFO - Started process (PID=1247) to work on /home/airflow/.local/lib/python3.6/site-packages/airflow/example_dags/example_trigger_controller_dag.py
[2021-05-08 07:12:55,931] {scheduler_job.py:629} INFO - Processing file /home/airflow/.local/lib/python3.6/site-packages/airflow/example_dags/example_trigger_controller_dag.py for tasks to queue
[2021-05-08 07:12:55,936] {logging_mixin.py:104} INFO - [2021-05-08 07:12:55,936] {dagbag.py:451} INFO - Filling up the DagBag from /home/airflow/.local/lib/python3.6/site-packages/airflow/example_dags/example_trigger_controller_dag.py
[2021-05-08 07:12:56,000] {scheduler_job.py:639} INFO - DAG(s) dict_keys(['example_trigger_controller_dag']) retrieved from /home/airflow/.local/lib/python3.6/site-packages/airflow/example_dags/example_trigger_controller_dag.py
[2021-05-08 07:12:56,112] {logging_mixin.py:104} INFO - [2021-05-08 07:12:56,112] {dag.py:1824} INFO - Sync 1 DAGs
[2021-05-08 07:12:56,170] {logging_mixin.py:104} INFO - [2021-05-08 07:12:56,169] {dag.py:2280} INFO - Setting next_dagrun for example_trigger_controller_dag to 2021-05-06 00:00:00+00:00
[2021-05-08 07:12:56,212] {scheduler_job.py:190} INFO - Processing /home/airflow/.local/lib/python3.6/site-packages/airflow/example_dags/example_trigger_controller_dag.py took 0.298 seconds
[2021-05-08 07:13:26,494] {scheduler_job.py:182} INFO - Started process (PID=1274) to work on /home/airflow/.local/lib/python3.6/site-packages/airflow/example_dags/example_trigger_controller_dag.py
[2021-05-08 07:13:26,502] {scheduler_job.py:629} INFO - Processing file /home/airflow/.local/lib/python3.6/site-packages/airflow/example_dags/example_trigger_controller_dag.py for tasks to queue
[2021-05-08 07:13:26,508] {logging_mixin.py:104} INFO - [2021-05-08 07:13:26,508] {dagbag.py:451} INFO - Filling up the DagBag from /home/airflow/.local/lib/python3.6/site-packages/airflow/example_dags/example_trigger_controller_dag.py
[2021-05-08 07:13:26,584] {scheduler_job.py:639} INFO - DAG(s) dict_keys(['example_trigger_controller_dag']) retrieved from /home/airflow/.local/lib/python3.6/site-packages/airflow/example_dags/example_trigger_controller_dag.py
[2021-05-08 07:13:26,696] {logging_mixin.py:104} INFO - [2021-05-08 07:13:26,695] {dag.py:1824} INFO - Sync 1 DAGs
[2021-05-08 07:13:26,785] {logging_mixin.py:104} INFO - [2021-05-08 07:13:26,785] {dag.py:2280} INFO - Setting next_dagrun for example_trigger_controller_dag to 2021-05-06 00:00:00+00:00
[2021-05-08 07:13:26,840] {scheduler_job.py:190} INFO - Processing /home/airflow/.local/lib/python3.6/site-packages/airflow/example_dags/example_trigger_controller_dag.py took 0.365 seconds
[2021-05-08 07:13:57,055] {scheduler_job.py:182} INFO - Started process (PID=1301) to work on /home/airflow/.local/lib/python3.6/site-packages/airflow/example_dags/example_trigger_controller_dag.py
[2021-05-08 07:13:57,066] {scheduler_job.py:629} INFO - Processing file /home/airflow/.local/lib/python3.6/site-packages/airflow/example_dags/example_trigger_controller_dag.py for tasks to queue
[2021-05-08 07:13:57,072] {logging_mixin.py:104} INFO - [2021-05-08 07:13:57,071] {dagbag.py:451} INFO - Filling up the DagBag from /home/airflow/.local/lib/python3.6/site-packages/airflow/example_dags/example_trigger_controller_dag.py
[2021-05-08 07:13:57,130] {scheduler_job.py:639} INFO - DAG(s) dict_keys(['example_trigger_controller_dag']) retrieved from /home/airflow/.local/lib/python3.6/site-packages/airflow/example_dags/example_trigger_controller_dag.py
[2021-05-08 07:13:57,257] {logging_mixin.py:104} INFO - [2021-05-08 07:13:57,253] {dag.py:1824} INFO - Sync 1 DAGs
[2021-05-08 07:13:57,357] {logging_mixin.py:104} INFO - [2021-05-08 07:13:57,357] {dag.py:2280} INFO - Setting next_dagrun for example_trigger_controller_dag to 2021-05-06 00:00:00+00:00
[2021-05-08 07:13:57,414] {scheduler_job.py:190} INFO - Processing /home/airflow/.local/lib/python3.6/site-packages/airflow/example_dags/example_trigger_controller_dag.py took 0.379 seconds
[2021-05-08 07:14:27,762] {scheduler_job.py:182} INFO - Started process (PID=1328) to work on /home/airflow/.local/lib/python3.6/site-packages/airflow/example_dags/example_trigger_controller_dag.py
[2021-05-08 07:14:27,767] {scheduler_job.py:629} INFO - Processing file /home/airflow/.local/lib/python3.6/site-packages/airflow/example_dags/example_trigger_controller_dag.py for tasks to queue
[2021-05-08 07:14:27,771] {logging_mixin.py:104} INFO - [2021-05-08 07:14:27,771] {dagbag.py:451} INFO - Filling up the DagBag from /home/airflow/.local/lib/python3.6/site-packages/airflow/example_dags/example_trigger_controller_dag.py
[2021-05-08 07:14:27,806] {scheduler_job.py:639} INFO - DAG(s) dict_keys(['example_trigger_controller_dag']) retrieved from /home/airflow/.local/lib/python3.6/site-packages/airflow/example_dags/example_trigger_controller_dag.py
[2021-05-08 07:14:27,874] {logging_mixin.py:104} INFO - [2021-05-08 07:14:27,873] {dag.py:1824} INFO - Sync 1 DAGs
[2021-05-08 07:14:27,916] {logging_mixin.py:104} INFO - [2021-05-08 07:14:27,915] {dag.py:2280} INFO - Setting next_dagrun for example_trigger_controller_dag to 2021-05-06 00:00:00+00:00
[2021-05-08 07:14:27,943] {scheduler_job.py:190} INFO - Processing /home/airflow/.local/lib/python3.6/site-packages/airflow/example_dags/example_trigger_controller_dag.py took 0.192 seconds
[2021-05-08 07:14:58,184] {scheduler_job.py:182} INFO - Started process (PID=1355) to work on /home/airflow/.local/lib/python3.6/site-packages/airflow/example_dags/example_trigger_controller_dag.py
[2021-05-08 07:14:58,188] {scheduler_job.py:629} INFO - Processing file /home/airflow/.local/lib/python3.6/site-packages/airflow/example_dags/example_trigger_controller_dag.py for tasks to queue
[2021-05-08 07:14:58,190] {logging_mixin.py:104} INFO - [2021-05-08 07:14:58,190] {dagbag.py:451} INFO - Filling up the DagBag from /home/airflow/.local/lib/python3.6/site-packages/airflow/example_dags/example_trigger_controller_dag.py
[2021-05-08 07:14:58,218] {scheduler_job.py:639} INFO - DAG(s) dict_keys(['example_trigger_controller_dag']) retrieved from /home/airflow/.local/lib/python3.6/site-packages/airflow/example_dags/example_trigger_controller_dag.py
[2021-05-08 07:14:58,275] {logging_mixin.py:104} INFO - [2021-05-08 07:14:58,274] {dag.py:1824} INFO - Sync 1 DAGs
[2021-05-08 07:14:58,315] {logging_mixin.py:104} INFO - [2021-05-08 07:14:58,315] {dag.py:2280} INFO - Setting next_dagrun for example_trigger_controller_dag to 2021-05-06 00:00:00+00:00
[2021-05-08 07:14:58,342] {scheduler_job.py:190} INFO - Processing /home/airflow/.local/lib/python3.6/site-packages/airflow/example_dags/example_trigger_controller_dag.py took 0.167 seconds
[2021-05-08 07:15:28,459] {scheduler_job.py:182} INFO - Started process (PID=1382) to work on /home/airflow/.local/lib/python3.6/site-packages/airflow/example_dags/example_trigger_controller_dag.py
[2021-05-08 07:15:28,462] {scheduler_job.py:629} INFO - Processing file /home/airflow/.local/lib/python3.6/site-packages/airflow/example_dags/example_trigger_controller_dag.py for tasks to queue
[2021-05-08 07:15:28,465] {logging_mixin.py:104} INFO - [2021-05-08 07:15:28,465] {dagbag.py:451} INFO - Filling up the DagBag from /home/airflow/.local/lib/python3.6/site-packages/airflow/example_dags/example_trigger_controller_dag.py
[2021-05-08 07:15:28,483] {scheduler_job.py:639} INFO - DAG(s) dict_keys(['example_trigger_controller_dag']) retrieved from /home/airflow/.local/lib/python3.6/site-packages/airflow/example_dags/example_trigger_controller_dag.py
[2021-05-08 07:15:28,522] {logging_mixin.py:104} INFO - [2021-05-08 07:15:28,522] {dag.py:1824} INFO - Sync 1 DAGs
[2021-05-08 07:15:28,549] {logging_mixin.py:104} INFO - [2021-05-08 07:15:28,549] {dag.py:2280} INFO - Setting next_dagrun for example_trigger_controller_dag to 2021-05-06 00:00:00+00:00
[2021-05-08 07:15:28,566] {scheduler_job.py:190} INFO - Processing /home/airflow/.local/lib/python3.6/site-packages/airflow/example_dags/example_trigger_controller_dag.py took 0.112 seconds
[2021-05-08 07:15:59,283] {scheduler_job.py:182} INFO - Started process (PID=1409) to work on /home/airflow/.local/lib/python3.6/site-packages/airflow/example_dags/example_trigger_controller_dag.py
[2021-05-08 07:15:59,285] {scheduler_job.py:629} INFO - Processing file /home/airflow/.local/lib/python3.6/site-packages/airflow/example_dags/example_trigger_controller_dag.py for tasks to queue
[2021-05-08 07:15:59,287] {logging_mixin.py:104} INFO - [2021-05-08 07:15:59,287] {dagbag.py:451} INFO - Filling up the DagBag from /home/airflow/.local/lib/python3.6/site-packages/airflow/example_dags/example_trigger_controller_dag.py
[2021-05-08 07:15:59,302] {scheduler_job.py:639} INFO - DAG(s) dict_keys(['example_trigger_controller_dag']) retrieved from /home/airflow/.local/lib/python3.6/site-packages/airflow/example_dags/example_trigger_controller_dag.py
[2021-05-08 07:15:59,334] {logging_mixin.py:104} INFO - [2021-05-08 07:15:59,334] {dag.py:1824} INFO - Sync 1 DAGs
[2021-05-08 07:15:59,356] {logging_mixin.py:104} INFO - [2021-05-08 07:15:59,355] {dag.py:2280} INFO - Setting next_dagrun for example_trigger_controller_dag to 2021-05-06 00:00:00+00:00
[2021-05-08 07:15:59,370] {scheduler_job.py:190} INFO - Processing /home/airflow/.local/lib/python3.6/site-packages/airflow/example_dags/example_trigger_controller_dag.py took 0.093 seconds
[2021-05-08 07:16:29,906] {scheduler_job.py:182} INFO - Started process (PID=1436) to work on /home/airflow/.local/lib/python3.6/site-packages/airflow/example_dags/example_trigger_controller_dag.py
[2021-05-08 07:16:29,909] {scheduler_job.py:629} INFO - Processing file /home/airflow/.local/lib/python3.6/site-packages/airflow/example_dags/example_trigger_controller_dag.py for tasks to queue
[2021-05-08 07:16:29,910] {logging_mixin.py:104} INFO - [2021-05-08 07:16:29,910] {dagbag.py:451} INFO - Filling up the DagBag from /home/airflow/.local/lib/python3.6/site-packages/airflow/example_dags/example_trigger_controller_dag.py
[2021-05-08 07:16:29,924] {scheduler_job.py:639} INFO - DAG(s) dict_keys(['example_trigger_controller_dag']) retrieved from /home/airflow/.local/lib/python3.6/site-packages/airflow/example_dags/example_trigger_controller_dag.py
[2021-05-08 07:16:29,957] {logging_mixin.py:104} INFO - [2021-05-08 07:16:29,957] {dag.py:1824} INFO - Sync 1 DAGs
[2021-05-08 07:16:29,977] {logging_mixin.py:104} INFO - [2021-05-08 07:16:29,977] {dag.py:2280} INFO - Setting next_dagrun for example_trigger_controller_dag to 2021-05-06 00:00:00+00:00
[2021-05-08 07:16:29,992] {scheduler_job.py:190} INFO - Processing /home/airflow/.local/lib/python3.6/site-packages/airflow/example_dags/example_trigger_controller_dag.py took 0.090 seconds
[2021-05-08 07:17:00,595] {scheduler_job.py:182} INFO - Started process (PID=1463) to work on /home/airflow/.local/lib/python3.6/site-packages/airflow/example_dags/example_trigger_controller_dag.py
[2021-05-08 07:17:00,597] {scheduler_job.py:629} INFO - Processing file /home/airflow/.local/lib/python3.6/site-packages/airflow/example_dags/example_trigger_controller_dag.py for tasks to queue
[2021-05-08 07:17:00,599] {logging_mixin.py:104} INFO - [2021-05-08 07:17:00,599] {dagbag.py:451} INFO - Filling up the DagBag from /home/airflow/.local/lib/python3.6/site-packages/airflow/example_dags/example_trigger_controller_dag.py
[2021-05-08 07:17:00,613] {scheduler_job.py:639} INFO - DAG(s) dict_keys(['example_trigger_controller_dag']) retrieved from /home/airflow/.local/lib/python3.6/site-packages/airflow/example_dags/example_trigger_controller_dag.py
[2021-05-08 07:17:00,649] {logging_mixin.py:104} INFO - [2021-05-08 07:17:00,649] {dag.py:1824} INFO - Sync 1 DAGs
[2021-05-08 07:17:00,669] {logging_mixin.py:104} INFO - [2021-05-08 07:17:00,669] {dag.py:2280} INFO - Setting next_dagrun for example_trigger_controller_dag to 2021-05-06 00:00:00+00:00
[2021-05-08 07:17:00,684] {scheduler_job.py:190} INFO - Processing /home/airflow/.local/lib/python3.6/site-packages/airflow/example_dags/example_trigger_controller_dag.py took 0.094 seconds
[2021-05-08 07:17:31,193] {scheduler_job.py:182} INFO - Started process (PID=1490) to work on /home/airflow/.local/lib/python3.6/site-packages/airflow/example_dags/example_trigger_controller_dag.py
[2021-05-08 07:17:31,196] {scheduler_job.py:629} INFO - Processing file /home/airflow/.local/lib/python3.6/site-packages/airflow/example_dags/example_trigger_controller_dag.py for tasks to queue
[2021-05-08 07:17:31,198] {logging_mixin.py:104} INFO - [2021-05-08 07:17:31,197] {dagbag.py:451} INFO - Filling up the DagBag from /home/airflow/.local/lib/python3.6/site-packages/airflow/example_dags/example_trigger_controller_dag.py
[2021-05-08 07:17:31,219] {scheduler_job.py:639} INFO - DAG(s) dict_keys(['example_trigger_controller_dag']) retrieved from /home/airflow/.local/lib/python3.6/site-packages/airflow/example_dags/example_trigger_controller_dag.py
[2021-05-08 07:17:31,252] {logging_mixin.py:104} INFO - [2021-05-08 07:17:31,252] {dag.py:1824} INFO - Sync 1 DAGs
[2021-05-08 07:17:31,274] {logging_mixin.py:104} INFO - [2021-05-08 07:17:31,273] {dag.py:2280} INFO - Setting next_dagrun for example_trigger_controller_dag to 2021-05-06 00:00:00+00:00
[2021-05-08 07:17:31,286] {scheduler_job.py:190} INFO - Processing /home/airflow/.local/lib/python3.6/site-packages/airflow/example_dags/example_trigger_controller_dag.py took 0.098 seconds
[2021-05-08 07:18:01,796] {scheduler_job.py:182} INFO - Started process (PID=1517) to work on /home/airflow/.local/lib/python3.6/site-packages/airflow/example_dags/example_trigger_controller_dag.py
[2021-05-08 07:18:01,799] {scheduler_job.py:629} INFO - Processing file /home/airflow/.local/lib/python3.6/site-packages/airflow/example_dags/example_trigger_controller_dag.py for tasks to queue
[2021-05-08 07:18:01,801] {logging_mixin.py:104} INFO - [2021-05-08 07:18:01,801] {dagbag.py:451} INFO - Filling up the DagBag from /home/airflow/.local/lib/python3.6/site-packages/airflow/example_dags/example_trigger_controller_dag.py
[2021-05-08 07:18:01,815] {scheduler_job.py:639} INFO - DAG(s) dict_keys(['example_trigger_controller_dag']) retrieved from /home/airflow/.local/lib/python3.6/site-packages/airflow/example_dags/example_trigger_controller_dag.py
[2021-05-08 07:18:01,847] {logging_mixin.py:104} INFO - [2021-05-08 07:18:01,847] {dag.py:1824} INFO - Sync 1 DAGs
[2021-05-08 07:18:01,868] {logging_mixin.py:104} INFO - [2021-05-08 07:18:01,868] {dag.py:2280} INFO - Setting next_dagrun for example_trigger_controller_dag to 2021-05-06 00:00:00+00:00
[2021-05-08 07:18:01,883] {scheduler_job.py:190} INFO - Processing /home/airflow/.local/lib/python3.6/site-packages/airflow/example_dags/example_trigger_controller_dag.py took 0.091 seconds
[2021-05-08 07:18:32,560] {scheduler_job.py:182} INFO - Started process (PID=1544) to work on /home/airflow/.local/lib/python3.6/site-packages/airflow/example_dags/example_trigger_controller_dag.py
[2021-05-08 07:18:32,563] {scheduler_job.py:629} INFO - Processing file /home/airflow/.local/lib/python3.6/site-packages/airflow/example_dags/example_trigger_controller_dag.py for tasks to queue
[2021-05-08 07:18:32,564] {logging_mixin.py:104} INFO - [2021-05-08 07:18:32,564] {dagbag.py:451} INFO - Filling up the DagBag from /home/airflow/.local/lib/python3.6/site-packages/airflow/example_dags/example_trigger_controller_dag.py
[2021-05-08 07:18:32,579] {scheduler_job.py:639} INFO - DAG(s) dict_keys(['example_trigger_controller_dag']) retrieved from /home/airflow/.local/lib/python3.6/site-packages/airflow/example_dags/example_trigger_controller_dag.py
[2021-05-08 07:18:32,613] {logging_mixin.py:104} INFO - [2021-05-08 07:18:32,613] {dag.py:1824} INFO - Sync 1 DAGs
[2021-05-08 07:18:32,640] {logging_mixin.py:104} INFO - [2021-05-08 07:18:32,639] {dag.py:2280} INFO - Setting next_dagrun for example_trigger_controller_dag to 2021-05-06 00:00:00+00:00
[2021-05-08 07:18:32,653] {scheduler_job.py:190} INFO - Processing /home/airflow/.local/lib/python3.6/site-packages/airflow/example_dags/example_trigger_controller_dag.py took 0.098 seconds
[2021-05-08 07:19:03,321] {scheduler_job.py:182} INFO - Started process (PID=1571) to work on /home/airflow/.local/lib/python3.6/site-packages/airflow/example_dags/example_trigger_controller_dag.py
[2021-05-08 07:19:03,324] {scheduler_job.py:629} INFO - Processing file /home/airflow/.local/lib/python3.6/site-packages/airflow/example_dags/example_trigger_controller_dag.py for tasks to queue
[2021-05-08 07:19:03,327] {logging_mixin.py:104} INFO - [2021-05-08 07:19:03,326] {dagbag.py:451} INFO - Filling up the DagBag from /home/airflow/.local/lib/python3.6/site-packages/airflow/example_dags/example_trigger_controller_dag.py
[2021-05-08 07:19:03,343] {scheduler_job.py:639} INFO - DAG(s) dict_keys(['example_trigger_controller_dag']) retrieved from /home/airflow/.local/lib/python3.6/site-packages/airflow/example_dags/example_trigger_controller_dag.py
[2021-05-08 07:19:03,377] {logging_mixin.py:104} INFO - [2021-05-08 07:19:03,376] {dag.py:1824} INFO - Sync 1 DAGs
[2021-05-08 07:19:03,399] {logging_mixin.py:104} INFO - [2021-05-08 07:19:03,399] {dag.py:2280} INFO - Setting next_dagrun for example_trigger_controller_dag to 2021-05-06 00:00:00+00:00
[2021-05-08 07:19:03,413] {scheduler_job.py:190} INFO - Processing /home/airflow/.local/lib/python3.6/site-packages/airflow/example_dags/example_trigger_controller_dag.py took 0.097 seconds
[2021-05-08 07:19:34,065] {scheduler_job.py:182} INFO - Started process (PID=1598) to work on /home/airflow/.local/lib/python3.6/site-packages/airflow/example_dags/example_trigger_controller_dag.py
[2021-05-08 07:19:34,067] {scheduler_job.py:629} INFO - Processing file /home/airflow/.local/lib/python3.6/site-packages/airflow/example_dags/example_trigger_controller_dag.py for tasks to queue
[2021-05-08 07:19:34,069] {logging_mixin.py:104} INFO - [2021-05-08 07:19:34,069] {dagbag.py:451} INFO - Filling up the DagBag from /home/airflow/.local/lib/python3.6/site-packages/airflow/example_dags/example_trigger_controller_dag.py
[2021-05-08 07:19:34,085] {scheduler_job.py:639} INFO - DAG(s) dict_keys(['example_trigger_controller_dag']) retrieved from /home/airflow/.local/lib/python3.6/site-packages/airflow/example_dags/example_trigger_controller_dag.py
[2021-05-08 07:19:34,117] {logging_mixin.py:104} INFO - [2021-05-08 07:19:34,117] {dag.py:1824} INFO - Sync 1 DAGs
[2021-05-08 07:19:34,139] {logging_mixin.py:104} INFO - [2021-05-08 07:19:34,139] {dag.py:2280} INFO - Setting next_dagrun for example_trigger_controller_dag to 2021-05-06 00:00:00+00:00
[2021-05-08 07:19:34,152] {scheduler_job.py:190} INFO - Processing /home/airflow/.local/lib/python3.6/site-packages/airflow/example_dags/example_trigger_controller_dag.py took 0.092 seconds
[2021-05-08 07:20:04,842] {scheduler_job.py:182} INFO - Started process (PID=1625) to work on /home/airflow/.local/lib/python3.6/site-packages/airflow/example_dags/example_trigger_controller_dag.py
[2021-05-08 07:20:04,844] {scheduler_job.py:629} INFO - Processing file /home/airflow/.local/lib/python3.6/site-packages/airflow/example_dags/example_trigger_controller_dag.py for tasks to queue
[2021-05-08 07:20:04,846] {logging_mixin.py:104} INFO - [2021-05-08 07:20:04,846] {dagbag.py:451} INFO - Filling up the DagBag from /home/airflow/.local/lib/python3.6/site-packages/airflow/example_dags/example_trigger_controller_dag.py
[2021-05-08 07:20:04,861] {scheduler_job.py:639} INFO - DAG(s) dict_keys(['example_trigger_controller_dag']) retrieved from /home/airflow/.local/lib/python3.6/site-packages/airflow/example_dags/example_trigger_controller_dag.py
[2021-05-08 07:20:04,893] {logging_mixin.py:104} INFO - [2021-05-08 07:20:04,892] {dag.py:1824} INFO - Sync 1 DAGs
[2021-05-08 07:20:04,913] {logging_mixin.py:104} INFO - [2021-05-08 07:20:04,913] {dag.py:2280} INFO - Setting next_dagrun for example_trigger_controller_dag to 2021-05-06 00:00:00+00:00
[2021-05-08 07:20:04,927] {scheduler_job.py:190} INFO - Processing /home/airflow/.local/lib/python3.6/site-packages/airflow/example_dags/example_trigger_controller_dag.py took 0.091 seconds
[2021-05-08 07:20:35,616] {scheduler_job.py:182} INFO - Started process (PID=1652) to work on /home/airflow/.local/lib/python3.6/site-packages/airflow/example_dags/example_trigger_controller_dag.py
[2021-05-08 07:20:35,618] {scheduler_job.py:629} INFO - Processing file /home/airflow/.local/lib/python3.6/site-packages/airflow/example_dags/example_trigger_controller_dag.py for tasks to queue
[2021-05-08 07:20:35,620] {logging_mixin.py:104} INFO - [2021-05-08 07:20:35,620] {dagbag.py:451} INFO - Filling up the DagBag from /home/airflow/.local/lib/python3.6/site-packages/airflow/example_dags/example_trigger_controller_dag.py
[2021-05-08 07:20:35,635] {scheduler_job.py:639} INFO - DAG(s) dict_keys(['example_trigger_controller_dag']) retrieved from /home/airflow/.local/lib/python3.6/site-packages/airflow/example_dags/example_trigger_controller_dag.py
[2021-05-08 07:20:35,668] {logging_mixin.py:104} INFO - [2021-05-08 07:20:35,668] {dag.py:1824} INFO - Sync 1 DAGs
[2021-05-08 07:20:35,689] {logging_mixin.py:104} INFO - [2021-05-08 07:20:35,689] {dag.py:2280} INFO - Setting next_dagrun for example_trigger_controller_dag to 2021-05-06 00:00:00+00:00
[2021-05-08 07:20:35,703] {scheduler_job.py:190} INFO - Processing /home/airflow/.local/lib/python3.6/site-packages/airflow/example_dags/example_trigger_controller_dag.py took 0.092 seconds
[2021-05-08 07:21:06,347] {scheduler_job.py:182} INFO - Started process (PID=1679) to work on /home/airflow/.local/lib/python3.6/site-packages/airflow/example_dags/example_trigger_controller_dag.py
[2021-05-08 07:21:06,349] {scheduler_job.py:629} INFO - Processing file /home/airflow/.local/lib/python3.6/site-packages/airflow/example_dags/example_trigger_controller_dag.py for tasks to queue
[2021-05-08 07:21:06,351] {logging_mixin.py:104} INFO - [2021-05-08 07:21:06,351] {dagbag.py:451} INFO - Filling up the DagBag from /home/airflow/.local/lib/python3.6/site-packages/airflow/example_dags/example_trigger_controller_dag.py
[2021-05-08 07:21:06,370] {scheduler_job.py:639} INFO - DAG(s) dict_keys(['example_trigger_controller_dag']) retrieved from /home/airflow/.local/lib/python3.6/site-packages/airflow/example_dags/example_trigger_controller_dag.py
[2021-05-08 07:21:06,411] {logging_mixin.py:104} INFO - [2021-05-08 07:21:06,410] {dag.py:1824} INFO - Sync 1 DAGs
[2021-05-08 07:21:06,435] {logging_mixin.py:104} INFO - [2021-05-08 07:21:06,435] {dag.py:2280} INFO - Setting next_dagrun for example_trigger_controller_dag to 2021-05-06 00:00:00+00:00
[2021-05-08 07:21:06,457] {scheduler_job.py:190} INFO - Processing /home/airflow/.local/lib/python3.6/site-packages/airflow/example_dags/example_trigger_controller_dag.py took 0.114 seconds
[2021-05-08 07:21:37,048] {scheduler_job.py:182} INFO - Started process (PID=1706) to work on /home/airflow/.local/lib/python3.6/site-packages/airflow/example_dags/example_trigger_controller_dag.py
[2021-05-08 07:21:37,051] {scheduler_job.py:629} INFO - Processing file /home/airflow/.local/lib/python3.6/site-packages/airflow/example_dags/example_trigger_controller_dag.py for tasks to queue
[2021-05-08 07:21:37,052] {logging_mixin.py:104} INFO - [2021-05-08 07:21:37,052] {dagbag.py:451} INFO - Filling up the DagBag from /home/airflow/.local/lib/python3.6/site-packages/airflow/example_dags/example_trigger_controller_dag.py
[2021-05-08 07:21:37,067] {scheduler_job.py:639} INFO - DAG(s) dict_keys(['example_trigger_controller_dag']) retrieved from /home/airflow/.local/lib/python3.6/site-packages/airflow/example_dags/example_trigger_controller_dag.py
[2021-05-08 07:21:37,102] {logging_mixin.py:104} INFO - [2021-05-08 07:21:37,102] {dag.py:1824} INFO - Sync 1 DAGs
[2021-05-08 07:21:37,123] {logging_mixin.py:104} INFO - [2021-05-08 07:21:37,123] {dag.py:2280} INFO - Setting next_dagrun for example_trigger_controller_dag to 2021-05-06 00:00:00+00:00
[2021-05-08 07:21:37,144] {scheduler_job.py:190} INFO - Processing /home/airflow/.local/lib/python3.6/site-packages/airflow/example_dags/example_trigger_controller_dag.py took 0.102 seconds
[2021-05-08 07:22:07,710] {scheduler_job.py:182} INFO - Started process (PID=1733) to work on /home/airflow/.local/lib/python3.6/site-packages/airflow/example_dags/example_trigger_controller_dag.py
[2021-05-08 07:22:07,714] {scheduler_job.py:629} INFO - Processing file /home/airflow/.local/lib/python3.6/site-packages/airflow/example_dags/example_trigger_controller_dag.py for tasks to queue
[2021-05-08 07:22:07,716] {logging_mixin.py:104} INFO - [2021-05-08 07:22:07,716] {dagbag.py:451} INFO - Filling up the DagBag from /home/airflow/.local/lib/python3.6/site-packages/airflow/example_dags/example_trigger_controller_dag.py
[2021-05-08 07:22:07,730] {scheduler_job.py:639} INFO - DAG(s) dict_keys(['example_trigger_controller_dag']) retrieved from /home/airflow/.local/lib/python3.6/site-packages/airflow/example_dags/example_trigger_controller_dag.py
[2021-05-08 07:22:07,763] {logging_mixin.py:104} INFO - [2021-05-08 07:22:07,763] {dag.py:1824} INFO - Sync 1 DAGs
[2021-05-08 07:22:07,785] {logging_mixin.py:104} INFO - [2021-05-08 07:22:07,785] {dag.py:2280} INFO - Setting next_dagrun for example_trigger_controller_dag to 2021-05-06 00:00:00+00:00
[2021-05-08 07:22:07,802] {scheduler_job.py:190} INFO - Processing /home/airflow/.local/lib/python3.6/site-packages/airflow/example_dags/example_trigger_controller_dag.py took 0.096 seconds
[2021-05-08 07:22:38,490] {scheduler_job.py:182} INFO - Started process (PID=1760) to work on /home/airflow/.local/lib/python3.6/site-packages/airflow/example_dags/example_trigger_controller_dag.py
[2021-05-08 07:22:38,493] {scheduler_job.py:629} INFO - Processing file /home/airflow/.local/lib/python3.6/site-packages/airflow/example_dags/example_trigger_controller_dag.py for tasks to queue
[2021-05-08 07:22:38,494] {logging_mixin.py:104} INFO - [2021-05-08 07:22:38,494] {dagbag.py:451} INFO - Filling up the DagBag from /home/airflow/.local/lib/python3.6/site-packages/airflow/example_dags/example_trigger_controller_dag.py
[2021-05-08 07:22:38,509] {scheduler_job.py:639} INFO - DAG(s) dict_keys(['example_trigger_controller_dag']) retrieved from /home/airflow/.local/lib/python3.6/site-packages/airflow/example_dags/example_trigger_controller_dag.py
[2021-05-08 07:22:38,545] {logging_mixin.py:104} INFO - [2021-05-08 07:22:38,545] {dag.py:1824} INFO - Sync 1 DAGs
[2021-05-08 07:22:38,565] {logging_mixin.py:104} INFO - [2021-05-08 07:22:38,564] {dag.py:2280} INFO - Setting next_dagrun for example_trigger_controller_dag to 2021-05-06 00:00:00+00:00
[2021-05-08 07:22:38,579] {scheduler_job.py:190} INFO - Processing /home/airflow/.local/lib/python3.6/site-packages/airflow/example_dags/example_trigger_controller_dag.py took 0.094 seconds
[2021-05-08 07:23:09,093] {scheduler_job.py:182} INFO - Started process (PID=1787) to work on /home/airflow/.local/lib/python3.6/site-packages/airflow/example_dags/example_trigger_controller_dag.py
[2021-05-08 07:23:09,095] {scheduler_job.py:629} INFO - Processing file /home/airflow/.local/lib/python3.6/site-packages/airflow/example_dags/example_trigger_controller_dag.py for tasks to queue
[2021-05-08 07:23:09,097] {logging_mixin.py:104} INFO - [2021-05-08 07:23:09,096] {dagbag.py:451} INFO - Filling up the DagBag from /home/airflow/.local/lib/python3.6/site-packages/airflow/example_dags/example_trigger_controller_dag.py
[2021-05-08 07:23:09,111] {scheduler_job.py:639} INFO - DAG(s) dict_keys(['example_trigger_controller_dag']) retrieved from /home/airflow/.local/lib/python3.6/site-packages/airflow/example_dags/example_trigger_controller_dag.py
[2021-05-08 07:23:09,142] {logging_mixin.py:104} INFO - [2021-05-08 07:23:09,141] {dag.py:1824} INFO - Sync 1 DAGs
[2021-05-08 07:23:09,163] {logging_mixin.py:104} INFO - [2021-05-08 07:23:09,163] {dag.py:2280} INFO - Setting next_dagrun for example_trigger_controller_dag to 2021-05-06 00:00:00+00:00
[2021-05-08 07:23:09,176] {scheduler_job.py:190} INFO - Processing /home/airflow/.local/lib/python3.6/site-packages/airflow/example_dags/example_trigger_controller_dag.py took 0.089 seconds
[2021-05-08 07:23:39,655] {scheduler_job.py:182} INFO - Started process (PID=1814) to work on /home/airflow/.local/lib/python3.6/site-packages/airflow/example_dags/example_trigger_controller_dag.py
[2021-05-08 07:23:39,657] {scheduler_job.py:629} INFO - Processing file /home/airflow/.local/lib/python3.6/site-packages/airflow/example_dags/example_trigger_controller_dag.py for tasks to queue
[2021-05-08 07:23:39,659] {logging_mixin.py:104} INFO - [2021-05-08 07:23:39,659] {dagbag.py:451} INFO - Filling up the DagBag from /home/airflow/.local/lib/python3.6/site-packages/airflow/example_dags/example_trigger_controller_dag.py
[2021-05-08 07:23:39,673] {scheduler_job.py:639} INFO - DAG(s) dict_keys(['example_trigger_controller_dag']) retrieved from /home/airflow/.local/lib/python3.6/site-packages/airflow/example_dags/example_trigger_controller_dag.py
[2021-05-08 07:23:39,704] {logging_mixin.py:104} INFO - [2021-05-08 07:23:39,704] {dag.py:1824} INFO - Sync 1 DAGs
[2021-05-08 07:23:39,724] {logging_mixin.py:104} INFO - [2021-05-08 07:23:39,724] {dag.py:2280} INFO - Setting next_dagrun for example_trigger_controller_dag to 2021-05-06 00:00:00+00:00
[2021-05-08 07:23:39,737] {scheduler_job.py:190} INFO - Processing /home/airflow/.local/lib/python3.6/site-packages/airflow/example_dags/example_trigger_controller_dag.py took 0.087 seconds
[2021-05-08 07:24:10,149] {scheduler_job.py:182} INFO - Started process (PID=1841) to work on /home/airflow/.local/lib/python3.6/site-packages/airflow/example_dags/example_trigger_controller_dag.py
[2021-05-08 07:24:10,151] {scheduler_job.py:629} INFO - Processing file /home/airflow/.local/lib/python3.6/site-packages/airflow/example_dags/example_trigger_controller_dag.py for tasks to queue
[2021-05-08 07:24:10,153] {logging_mixin.py:104} INFO - [2021-05-08 07:24:10,153] {dagbag.py:451} INFO - Filling up the DagBag from /home/airflow/.local/lib/python3.6/site-packages/airflow/example_dags/example_trigger_controller_dag.py
[2021-05-08 07:24:10,167] {scheduler_job.py:639} INFO - DAG(s) dict_keys(['example_trigger_controller_dag']) retrieved from /home/airflow/.local/lib/python3.6/site-packages/airflow/example_dags/example_trigger_controller_dag.py
[2021-05-08 07:24:10,202] {logging_mixin.py:104} INFO - [2021-05-08 07:24:10,202] {dag.py:1824} INFO - Sync 1 DAGs
[2021-05-08 07:24:10,223] {logging_mixin.py:104} INFO - [2021-05-08 07:24:10,223] {dag.py:2280} INFO - Setting next_dagrun for example_trigger_controller_dag to 2021-05-06 00:00:00+00:00
[2021-05-08 07:24:10,237] {scheduler_job.py:190} INFO - Processing /home/airflow/.local/lib/python3.6/site-packages/airflow/example_dags/example_trigger_controller_dag.py took 0.093 seconds
[2021-05-08 07:24:40,735] {scheduler_job.py:182} INFO - Started process (PID=1868) to work on /home/airflow/.local/lib/python3.6/site-packages/airflow/example_dags/example_trigger_controller_dag.py
[2021-05-08 07:24:40,737] {scheduler_job.py:629} INFO - Processing file /home/airflow/.local/lib/python3.6/site-packages/airflow/example_dags/example_trigger_controller_dag.py for tasks to queue
[2021-05-08 07:24:40,739] {logging_mixin.py:104} INFO - [2021-05-08 07:24:40,739] {dagbag.py:451} INFO - Filling up the DagBag from /home/airflow/.local/lib/python3.6/site-packages/airflow/example_dags/example_trigger_controller_dag.py
[2021-05-08 07:24:40,754] {scheduler_job.py:639} INFO - DAG(s) dict_keys(['example_trigger_controller_dag']) retrieved from /home/airflow/.local/lib/python3.6/site-packages/airflow/example_dags/example_trigger_controller_dag.py
[2021-05-08 07:24:40,794] {logging_mixin.py:104} INFO - [2021-05-08 07:24:40,793] {dag.py:1824} INFO - Sync 1 DAGs
[2021-05-08 07:24:40,815] {logging_mixin.py:104} INFO - [2021-05-08 07:24:40,815] {dag.py:2280} INFO - Setting next_dagrun for example_trigger_controller_dag to 2021-05-06 00:00:00+00:00
[2021-05-08 07:24:40,831] {scheduler_job.py:190} INFO - Processing /home/airflow/.local/lib/python3.6/site-packages/airflow/example_dags/example_trigger_controller_dag.py took 0.099 seconds
[2021-05-08 07:25:11,417] {scheduler_job.py:182} INFO - Started process (PID=1895) to work on /home/airflow/.local/lib/python3.6/site-packages/airflow/example_dags/example_trigger_controller_dag.py
[2021-05-08 07:25:11,419] {scheduler_job.py:629} INFO - Processing file /home/airflow/.local/lib/python3.6/site-packages/airflow/example_dags/example_trigger_controller_dag.py for tasks to queue
[2021-05-08 07:25:11,421] {logging_mixin.py:104} INFO - [2021-05-08 07:25:11,421] {dagbag.py:451} INFO - Filling up the DagBag from /home/airflow/.local/lib/python3.6/site-packages/airflow/example_dags/example_trigger_controller_dag.py
[2021-05-08 07:25:11,436] {scheduler_job.py:639} INFO - DAG(s) dict_keys(['example_trigger_controller_dag']) retrieved from /home/airflow/.local/lib/python3.6/site-packages/airflow/example_dags/example_trigger_controller_dag.py
[2021-05-08 07:25:11,465] {logging_mixin.py:104} INFO - [2021-05-08 07:25:11,465] {dag.py:1824} INFO - Sync 1 DAGs
[2021-05-08 07:25:11,485] {logging_mixin.py:104} INFO - [2021-05-08 07:25:11,485] {dag.py:2280} INFO - Setting next_dagrun for example_trigger_controller_dag to 2021-05-06 00:00:00+00:00
[2021-05-08 07:25:11,497] {scheduler_job.py:190} INFO - Processing /home/airflow/.local/lib/python3.6/site-packages/airflow/example_dags/example_trigger_controller_dag.py took 0.086 seconds
[2021-05-08 07:25:42,096] {scheduler_job.py:182} INFO - Started process (PID=1922) to work on /home/airflow/.local/lib/python3.6/site-packages/airflow/example_dags/example_trigger_controller_dag.py
[2021-05-08 07:25:42,099] {scheduler_job.py:629} INFO - Processing file /home/airflow/.local/lib/python3.6/site-packages/airflow/example_dags/example_trigger_controller_dag.py for tasks to queue
[2021-05-08 07:25:42,101] {logging_mixin.py:104} INFO - [2021-05-08 07:25:42,101] {dagbag.py:451} INFO - Filling up the DagBag from /home/airflow/.local/lib/python3.6/site-packages/airflow/example_dags/example_trigger_controller_dag.py
[2021-05-08 07:25:42,116] {scheduler_job.py:639} INFO - DAG(s) dict_keys(['example_trigger_controller_dag']) retrieved from /home/airflow/.local/lib/python3.6/site-packages/airflow/example_dags/example_trigger_controller_dag.py
[2021-05-08 07:25:42,146] {logging_mixin.py:104} INFO - [2021-05-08 07:25:42,146] {dag.py:1824} INFO - Sync 1 DAGs
[2021-05-08 07:25:42,167] {logging_mixin.py:104} INFO - [2021-05-08 07:25:42,167] {dag.py:2280} INFO - Setting next_dagrun for example_trigger_controller_dag to 2021-05-06 00:00:00+00:00
[2021-05-08 07:25:42,181] {scheduler_job.py:190} INFO - Processing /home/airflow/.local/lib/python3.6/site-packages/airflow/example_dags/example_trigger_controller_dag.py took 0.089 seconds
[2021-05-08 07:26:12,750] {scheduler_job.py:182} INFO - Started process (PID=1949) to work on /home/airflow/.local/lib/python3.6/site-packages/airflow/example_dags/example_trigger_controller_dag.py
[2021-05-08 07:26:12,752] {scheduler_job.py:629} INFO - Processing file /home/airflow/.local/lib/python3.6/site-packages/airflow/example_dags/example_trigger_controller_dag.py for tasks to queue
[2021-05-08 07:26:12,754] {logging_mixin.py:104} INFO - [2021-05-08 07:26:12,754] {dagbag.py:451} INFO - Filling up the DagBag from /home/airflow/.local/lib/python3.6/site-packages/airflow/example_dags/example_trigger_controller_dag.py
[2021-05-08 07:26:12,768] {scheduler_job.py:639} INFO - DAG(s) dict_keys(['example_trigger_controller_dag']) retrieved from /home/airflow/.local/lib/python3.6/site-packages/airflow/example_dags/example_trigger_controller_dag.py
[2021-05-08 07:26:12,799] {logging_mixin.py:104} INFO - [2021-05-08 07:26:12,798] {dag.py:1824} INFO - Sync 1 DAGs
[2021-05-08 07:26:12,819] {logging_mixin.py:104} INFO - [2021-05-08 07:26:12,819] {dag.py:2280} INFO - Setting next_dagrun for example_trigger_controller_dag to 2021-05-06 00:00:00+00:00
[2021-05-08 07:26:12,836] {scheduler_job.py:190} INFO - Processing /home/airflow/.local/lib/python3.6/site-packages/airflow/example_dags/example_trigger_controller_dag.py took 0.091 seconds
[2021-05-08 07:26:43,450] {scheduler_job.py:182} INFO - Started process (PID=1976) to work on /home/airflow/.local/lib/python3.6/site-packages/airflow/example_dags/example_trigger_controller_dag.py
[2021-05-08 07:26:43,452] {scheduler_job.py:629} INFO - Processing file /home/airflow/.local/lib/python3.6/site-packages/airflow/example_dags/example_trigger_controller_dag.py for tasks to queue
[2021-05-08 07:26:43,454] {logging_mixin.py:104} INFO - [2021-05-08 07:26:43,453] {dagbag.py:451} INFO - Filling up the DagBag from /home/airflow/.local/lib/python3.6/site-packages/airflow/example_dags/example_trigger_controller_dag.py
[2021-05-08 07:26:43,468] {scheduler_job.py:639} INFO - DAG(s) dict_keys(['example_trigger_controller_dag']) retrieved from /home/airflow/.local/lib/python3.6/site-packages/airflow/example_dags/example_trigger_controller_dag.py
[2021-05-08 07:26:43,499] {logging_mixin.py:104} INFO - [2021-05-08 07:26:43,499] {dag.py:1824} INFO - Sync 1 DAGs
[2021-05-08 07:26:43,521] {logging_mixin.py:104} INFO - [2021-05-08 07:26:43,521] {dag.py:2280} INFO - Setting next_dagrun for example_trigger_controller_dag to 2021-05-06 00:00:00+00:00
[2021-05-08 07:26:43,534] {scheduler_job.py:190} INFO - Processing /home/airflow/.local/lib/python3.6/site-packages/airflow/example_dags/example_trigger_controller_dag.py took 0.089 seconds
