[2021-05-08 06:49:58,281] {scheduler_job.py:182} INFO - Started process (PID=43) to work on /home/airflow/.local/lib/python3.6/site-packages/airflow/example_dags/example_python_operator.py
[2021-05-08 06:49:58,284] {scheduler_job.py:629} INFO - Processing file /home/airflow/.local/lib/python3.6/site-packages/airflow/example_dags/example_python_operator.py for tasks to queue
[2021-05-08 06:49:58,287] {logging_mixin.py:104} INFO - [2021-05-08 06:49:58,287] {dagbag.py:451} INFO - Filling up the DagBag from /home/airflow/.local/lib/python3.6/site-packages/airflow/example_dags/example_python_operator.py
[2021-05-08 06:49:58,352] {scheduler_job.py:639} INFO - DAG(s) dict_keys(['example_python_operator']) retrieved from /home/airflow/.local/lib/python3.6/site-packages/airflow/example_dags/example_python_operator.py
[2021-05-08 06:49:58,414] {logging_mixin.py:104} INFO - [2021-05-08 06:49:58,413] {dag.py:1824} INFO - Sync 1 DAGs
[2021-05-08 06:49:58,488] {logging_mixin.py:104} INFO - [2021-05-08 06:49:58,488] {dag.py:2280} INFO - Setting next_dagrun for example_python_operator to None
[2021-05-08 06:49:58,556] {scheduler_job.py:190} INFO - Processing /home/airflow/.local/lib/python3.6/site-packages/airflow/example_dags/example_python_operator.py took 0.282 seconds
[2021-05-08 06:50:29,329] {scheduler_job.py:182} INFO - Started process (PID=73) to work on /home/airflow/.local/lib/python3.6/site-packages/airflow/example_dags/example_python_operator.py
[2021-05-08 06:50:29,332] {scheduler_job.py:629} INFO - Processing file /home/airflow/.local/lib/python3.6/site-packages/airflow/example_dags/example_python_operator.py for tasks to queue
[2021-05-08 06:50:29,334] {logging_mixin.py:104} INFO - [2021-05-08 06:50:29,334] {dagbag.py:451} INFO - Filling up the DagBag from /home/airflow/.local/lib/python3.6/site-packages/airflow/example_dags/example_python_operator.py
[2021-05-08 06:50:29,360] {scheduler_job.py:639} INFO - DAG(s) dict_keys(['example_python_operator']) retrieved from /home/airflow/.local/lib/python3.6/site-packages/airflow/example_dags/example_python_operator.py
[2021-05-08 06:50:29,391] {logging_mixin.py:104} INFO - [2021-05-08 06:50:29,391] {dag.py:1824} INFO - Sync 1 DAGs
[2021-05-08 06:50:29,412] {logging_mixin.py:104} INFO - [2021-05-08 06:50:29,412] {dag.py:2280} INFO - Setting next_dagrun for example_python_operator to None
[2021-05-08 06:50:29,427] {scheduler_job.py:190} INFO - Processing /home/airflow/.local/lib/python3.6/site-packages/airflow/example_dags/example_python_operator.py took 0.103 seconds
[2021-05-08 06:51:00,388] {scheduler_job.py:182} INFO - Started process (PID=102) to work on /home/airflow/.local/lib/python3.6/site-packages/airflow/example_dags/example_python_operator.py
[2021-05-08 06:51:00,393] {scheduler_job.py:629} INFO - Processing file /home/airflow/.local/lib/python3.6/site-packages/airflow/example_dags/example_python_operator.py for tasks to queue
[2021-05-08 06:51:00,396] {logging_mixin.py:104} INFO - [2021-05-08 06:51:00,395] {dagbag.py:451} INFO - Filling up the DagBag from /home/airflow/.local/lib/python3.6/site-packages/airflow/example_dags/example_python_operator.py
[2021-05-08 06:51:00,415] {scheduler_job.py:639} INFO - DAG(s) dict_keys(['example_python_operator']) retrieved from /home/airflow/.local/lib/python3.6/site-packages/airflow/example_dags/example_python_operator.py
[2021-05-08 06:51:00,449] {logging_mixin.py:104} INFO - [2021-05-08 06:51:00,448] {dag.py:1824} INFO - Sync 1 DAGs
[2021-05-08 06:51:00,475] {logging_mixin.py:104} INFO - [2021-05-08 06:51:00,475] {dag.py:2280} INFO - Setting next_dagrun for example_python_operator to None
[2021-05-08 06:51:00,493] {scheduler_job.py:190} INFO - Processing /home/airflow/.local/lib/python3.6/site-packages/airflow/example_dags/example_python_operator.py took 0.111 seconds
[2021-05-08 06:51:31,138] {scheduler_job.py:182} INFO - Started process (PID=129) to work on /home/airflow/.local/lib/python3.6/site-packages/airflow/example_dags/example_python_operator.py
[2021-05-08 06:51:31,140] {scheduler_job.py:629} INFO - Processing file /home/airflow/.local/lib/python3.6/site-packages/airflow/example_dags/example_python_operator.py for tasks to queue
[2021-05-08 06:51:31,143] {logging_mixin.py:104} INFO - [2021-05-08 06:51:31,143] {dagbag.py:451} INFO - Filling up the DagBag from /home/airflow/.local/lib/python3.6/site-packages/airflow/example_dags/example_python_operator.py
[2021-05-08 06:51:31,163] {scheduler_job.py:639} INFO - DAG(s) dict_keys(['example_python_operator']) retrieved from /home/airflow/.local/lib/python3.6/site-packages/airflow/example_dags/example_python_operator.py
[2021-05-08 06:51:31,200] {logging_mixin.py:104} INFO - [2021-05-08 06:51:31,200] {dag.py:1824} INFO - Sync 1 DAGs
[2021-05-08 06:51:31,222] {logging_mixin.py:104} INFO - [2021-05-08 06:51:31,222] {dag.py:2280} INFO - Setting next_dagrun for example_python_operator to None
[2021-05-08 06:51:31,237] {scheduler_job.py:190} INFO - Processing /home/airflow/.local/lib/python3.6/site-packages/airflow/example_dags/example_python_operator.py took 0.109 seconds
[2021-05-08 06:52:01,853] {scheduler_job.py:182} INFO - Started process (PID=156) to work on /home/airflow/.local/lib/python3.6/site-packages/airflow/example_dags/example_python_operator.py
[2021-05-08 06:52:01,855] {scheduler_job.py:629} INFO - Processing file /home/airflow/.local/lib/python3.6/site-packages/airflow/example_dags/example_python_operator.py for tasks to queue
[2021-05-08 06:52:01,857] {logging_mixin.py:104} INFO - [2021-05-08 06:52:01,857] {dagbag.py:451} INFO - Filling up the DagBag from /home/airflow/.local/lib/python3.6/site-packages/airflow/example_dags/example_python_operator.py
[2021-05-08 06:52:01,873] {scheduler_job.py:639} INFO - DAG(s) dict_keys(['example_python_operator']) retrieved from /home/airflow/.local/lib/python3.6/site-packages/airflow/example_dags/example_python_operator.py
[2021-05-08 06:52:01,902] {logging_mixin.py:104} INFO - [2021-05-08 06:52:01,902] {dag.py:1824} INFO - Sync 1 DAGs
[2021-05-08 06:52:01,924] {logging_mixin.py:104} INFO - [2021-05-08 06:52:01,924] {dag.py:2280} INFO - Setting next_dagrun for example_python_operator to None
[2021-05-08 06:52:01,937] {scheduler_job.py:190} INFO - Processing /home/airflow/.local/lib/python3.6/site-packages/airflow/example_dags/example_python_operator.py took 0.089 seconds
[2021-05-08 06:52:32,349] {scheduler_job.py:182} INFO - Started process (PID=183) to work on /home/airflow/.local/lib/python3.6/site-packages/airflow/example_dags/example_python_operator.py
[2021-05-08 06:52:32,352] {scheduler_job.py:629} INFO - Processing file /home/airflow/.local/lib/python3.6/site-packages/airflow/example_dags/example_python_operator.py for tasks to queue
[2021-05-08 06:52:32,354] {logging_mixin.py:104} INFO - [2021-05-08 06:52:32,354] {dagbag.py:451} INFO - Filling up the DagBag from /home/airflow/.local/lib/python3.6/site-packages/airflow/example_dags/example_python_operator.py
[2021-05-08 06:52:32,370] {scheduler_job.py:639} INFO - DAG(s) dict_keys(['example_python_operator']) retrieved from /home/airflow/.local/lib/python3.6/site-packages/airflow/example_dags/example_python_operator.py
[2021-05-08 06:52:32,398] {logging_mixin.py:104} INFO - [2021-05-08 06:52:32,397] {dag.py:1824} INFO - Sync 1 DAGs
[2021-05-08 06:52:32,419] {logging_mixin.py:104} INFO - [2021-05-08 06:52:32,418] {dag.py:2280} INFO - Setting next_dagrun for example_python_operator to None
[2021-05-08 06:52:32,431] {scheduler_job.py:190} INFO - Processing /home/airflow/.local/lib/python3.6/site-packages/airflow/example_dags/example_python_operator.py took 0.085 seconds
[2021-05-08 06:53:03,068] {scheduler_job.py:182} INFO - Started process (PID=210) to work on /home/airflow/.local/lib/python3.6/site-packages/airflow/example_dags/example_python_operator.py
[2021-05-08 06:53:03,070] {scheduler_job.py:629} INFO - Processing file /home/airflow/.local/lib/python3.6/site-packages/airflow/example_dags/example_python_operator.py for tasks to queue
[2021-05-08 06:53:03,073] {logging_mixin.py:104} INFO - [2021-05-08 06:53:03,072] {dagbag.py:451} INFO - Filling up the DagBag from /home/airflow/.local/lib/python3.6/site-packages/airflow/example_dags/example_python_operator.py
[2021-05-08 06:53:03,096] {scheduler_job.py:639} INFO - DAG(s) dict_keys(['example_python_operator']) retrieved from /home/airflow/.local/lib/python3.6/site-packages/airflow/example_dags/example_python_operator.py
[2021-05-08 06:53:03,151] {logging_mixin.py:104} INFO - [2021-05-08 06:53:03,150] {dag.py:1824} INFO - Sync 1 DAGs
[2021-05-08 06:53:03,173] {logging_mixin.py:104} INFO - [2021-05-08 06:53:03,173] {dag.py:2280} INFO - Setting next_dagrun for example_python_operator to None
[2021-05-08 06:53:03,186] {scheduler_job.py:190} INFO - Processing /home/airflow/.local/lib/python3.6/site-packages/airflow/example_dags/example_python_operator.py took 0.124 seconds
[2021-05-08 06:53:33,719] {scheduler_job.py:182} INFO - Started process (PID=237) to work on /home/airflow/.local/lib/python3.6/site-packages/airflow/example_dags/example_python_operator.py
[2021-05-08 06:53:33,722] {scheduler_job.py:629} INFO - Processing file /home/airflow/.local/lib/python3.6/site-packages/airflow/example_dags/example_python_operator.py for tasks to queue
[2021-05-08 06:53:33,723] {logging_mixin.py:104} INFO - [2021-05-08 06:53:33,723] {dagbag.py:451} INFO - Filling up the DagBag from /home/airflow/.local/lib/python3.6/site-packages/airflow/example_dags/example_python_operator.py
[2021-05-08 06:53:33,740] {scheduler_job.py:639} INFO - DAG(s) dict_keys(['example_python_operator']) retrieved from /home/airflow/.local/lib/python3.6/site-packages/airflow/example_dags/example_python_operator.py
[2021-05-08 06:53:33,772] {logging_mixin.py:104} INFO - [2021-05-08 06:53:33,772] {dag.py:1824} INFO - Sync 1 DAGs
[2021-05-08 06:53:33,790] {logging_mixin.py:104} INFO - [2021-05-08 06:53:33,790] {dag.py:2280} INFO - Setting next_dagrun for example_python_operator to None
[2021-05-08 06:53:33,802] {scheduler_job.py:190} INFO - Processing /home/airflow/.local/lib/python3.6/site-packages/airflow/example_dags/example_python_operator.py took 0.087 seconds
[2021-05-08 06:54:04,276] {scheduler_job.py:182} INFO - Started process (PID=264) to work on /home/airflow/.local/lib/python3.6/site-packages/airflow/example_dags/example_python_operator.py
[2021-05-08 06:54:04,278] {scheduler_job.py:629} INFO - Processing file /home/airflow/.local/lib/python3.6/site-packages/airflow/example_dags/example_python_operator.py for tasks to queue
[2021-05-08 06:54:04,279] {logging_mixin.py:104} INFO - [2021-05-08 06:54:04,279] {dagbag.py:451} INFO - Filling up the DagBag from /home/airflow/.local/lib/python3.6/site-packages/airflow/example_dags/example_python_operator.py
[2021-05-08 06:54:04,295] {scheduler_job.py:639} INFO - DAG(s) dict_keys(['example_python_operator']) retrieved from /home/airflow/.local/lib/python3.6/site-packages/airflow/example_dags/example_python_operator.py
[2021-05-08 06:54:04,323] {logging_mixin.py:104} INFO - [2021-05-08 06:54:04,323] {dag.py:1824} INFO - Sync 1 DAGs
[2021-05-08 06:54:04,342] {logging_mixin.py:104} INFO - [2021-05-08 06:54:04,342] {dag.py:2280} INFO - Setting next_dagrun for example_python_operator to None
[2021-05-08 06:54:04,354] {scheduler_job.py:190} INFO - Processing /home/airflow/.local/lib/python3.6/site-packages/airflow/example_dags/example_python_operator.py took 0.082 seconds
[2021-05-08 06:54:35,113] {scheduler_job.py:182} INFO - Started process (PID=291) to work on /home/airflow/.local/lib/python3.6/site-packages/airflow/example_dags/example_python_operator.py
[2021-05-08 06:54:35,116] {scheduler_job.py:629} INFO - Processing file /home/airflow/.local/lib/python3.6/site-packages/airflow/example_dags/example_python_operator.py for tasks to queue
[2021-05-08 06:54:35,118] {logging_mixin.py:104} INFO - [2021-05-08 06:54:35,117] {dagbag.py:451} INFO - Filling up the DagBag from /home/airflow/.local/lib/python3.6/site-packages/airflow/example_dags/example_python_operator.py
[2021-05-08 06:54:35,135] {scheduler_job.py:639} INFO - DAG(s) dict_keys(['example_python_operator']) retrieved from /home/airflow/.local/lib/python3.6/site-packages/airflow/example_dags/example_python_operator.py
[2021-05-08 06:54:35,164] {logging_mixin.py:104} INFO - [2021-05-08 06:54:35,164] {dag.py:1824} INFO - Sync 1 DAGs
[2021-05-08 06:54:35,188] {logging_mixin.py:104} INFO - [2021-05-08 06:54:35,188] {dag.py:2280} INFO - Setting next_dagrun for example_python_operator to None
[2021-05-08 06:54:35,201] {scheduler_job.py:190} INFO - Processing /home/airflow/.local/lib/python3.6/site-packages/airflow/example_dags/example_python_operator.py took 0.093 seconds
[2021-05-08 06:55:05,981] {scheduler_job.py:182} INFO - Started process (PID=318) to work on /home/airflow/.local/lib/python3.6/site-packages/airflow/example_dags/example_python_operator.py
[2021-05-08 06:55:05,983] {scheduler_job.py:629} INFO - Processing file /home/airflow/.local/lib/python3.6/site-packages/airflow/example_dags/example_python_operator.py for tasks to queue
[2021-05-08 06:55:05,985] {logging_mixin.py:104} INFO - [2021-05-08 06:55:05,985] {dagbag.py:451} INFO - Filling up the DagBag from /home/airflow/.local/lib/python3.6/site-packages/airflow/example_dags/example_python_operator.py
[2021-05-08 06:55:06,002] {scheduler_job.py:639} INFO - DAG(s) dict_keys(['example_python_operator']) retrieved from /home/airflow/.local/lib/python3.6/site-packages/airflow/example_dags/example_python_operator.py
[2021-05-08 06:55:06,031] {logging_mixin.py:104} INFO - [2021-05-08 06:55:06,030] {dag.py:1824} INFO - Sync 1 DAGs
[2021-05-08 06:55:06,049] {logging_mixin.py:104} INFO - [2021-05-08 06:55:06,049] {dag.py:2280} INFO - Setting next_dagrun for example_python_operator to None
[2021-05-08 06:55:06,064] {scheduler_job.py:190} INFO - Processing /home/airflow/.local/lib/python3.6/site-packages/airflow/example_dags/example_python_operator.py took 0.087 seconds
[2021-05-08 06:55:36,436] {scheduler_job.py:182} INFO - Started process (PID=345) to work on /home/airflow/.local/lib/python3.6/site-packages/airflow/example_dags/example_python_operator.py
[2021-05-08 06:55:36,438] {scheduler_job.py:629} INFO - Processing file /home/airflow/.local/lib/python3.6/site-packages/airflow/example_dags/example_python_operator.py for tasks to queue
[2021-05-08 06:55:36,440] {logging_mixin.py:104} INFO - [2021-05-08 06:55:36,440] {dagbag.py:451} INFO - Filling up the DagBag from /home/airflow/.local/lib/python3.6/site-packages/airflow/example_dags/example_python_operator.py
[2021-05-08 06:55:36,457] {scheduler_job.py:639} INFO - DAG(s) dict_keys(['example_python_operator']) retrieved from /home/airflow/.local/lib/python3.6/site-packages/airflow/example_dags/example_python_operator.py
[2021-05-08 06:55:36,488] {logging_mixin.py:104} INFO - [2021-05-08 06:55:36,488] {dag.py:1824} INFO - Sync 1 DAGs
[2021-05-08 06:55:36,507] {logging_mixin.py:104} INFO - [2021-05-08 06:55:36,507] {dag.py:2280} INFO - Setting next_dagrun for example_python_operator to None
[2021-05-08 06:55:36,520] {scheduler_job.py:190} INFO - Processing /home/airflow/.local/lib/python3.6/site-packages/airflow/example_dags/example_python_operator.py took 0.088 seconds
[2021-05-08 06:56:07,041] {scheduler_job.py:182} INFO - Started process (PID=372) to work on /home/airflow/.local/lib/python3.6/site-packages/airflow/example_dags/example_python_operator.py
[2021-05-08 06:56:07,043] {scheduler_job.py:629} INFO - Processing file /home/airflow/.local/lib/python3.6/site-packages/airflow/example_dags/example_python_operator.py for tasks to queue
[2021-05-08 06:56:07,045] {logging_mixin.py:104} INFO - [2021-05-08 06:56:07,045] {dagbag.py:451} INFO - Filling up the DagBag from /home/airflow/.local/lib/python3.6/site-packages/airflow/example_dags/example_python_operator.py
[2021-05-08 06:56:07,064] {scheduler_job.py:639} INFO - DAG(s) dict_keys(['example_python_operator']) retrieved from /home/airflow/.local/lib/python3.6/site-packages/airflow/example_dags/example_python_operator.py
[2021-05-08 06:56:07,098] {logging_mixin.py:104} INFO - [2021-05-08 06:56:07,098] {dag.py:1824} INFO - Sync 1 DAGs
[2021-05-08 06:56:07,119] {logging_mixin.py:104} INFO - [2021-05-08 06:56:07,118] {dag.py:2280} INFO - Setting next_dagrun for example_python_operator to None
[2021-05-08 06:56:07,133] {scheduler_job.py:190} INFO - Processing /home/airflow/.local/lib/python3.6/site-packages/airflow/example_dags/example_python_operator.py took 0.103 seconds
[2021-05-08 06:56:37,603] {scheduler_job.py:182} INFO - Started process (PID=399) to work on /home/airflow/.local/lib/python3.6/site-packages/airflow/example_dags/example_python_operator.py
[2021-05-08 06:56:37,605] {scheduler_job.py:629} INFO - Processing file /home/airflow/.local/lib/python3.6/site-packages/airflow/example_dags/example_python_operator.py for tasks to queue
[2021-05-08 06:56:37,607] {logging_mixin.py:104} INFO - [2021-05-08 06:56:37,607] {dagbag.py:451} INFO - Filling up the DagBag from /home/airflow/.local/lib/python3.6/site-packages/airflow/example_dags/example_python_operator.py
[2021-05-08 06:56:37,623] {scheduler_job.py:639} INFO - DAG(s) dict_keys(['example_python_operator']) retrieved from /home/airflow/.local/lib/python3.6/site-packages/airflow/example_dags/example_python_operator.py
[2021-05-08 06:56:37,652] {logging_mixin.py:104} INFO - [2021-05-08 06:56:37,652] {dag.py:1824} INFO - Sync 1 DAGs
[2021-05-08 06:56:37,675] {logging_mixin.py:104} INFO - [2021-05-08 06:56:37,675] {dag.py:2280} INFO - Setting next_dagrun for example_python_operator to None
[2021-05-08 06:56:37,688] {scheduler_job.py:190} INFO - Processing /home/airflow/.local/lib/python3.6/site-packages/airflow/example_dags/example_python_operator.py took 0.089 seconds
[2021-05-08 06:57:08,403] {scheduler_job.py:182} INFO - Started process (PID=426) to work on /home/airflow/.local/lib/python3.6/site-packages/airflow/example_dags/example_python_operator.py
[2021-05-08 06:57:08,406] {scheduler_job.py:629} INFO - Processing file /home/airflow/.local/lib/python3.6/site-packages/airflow/example_dags/example_python_operator.py for tasks to queue
[2021-05-08 06:57:08,408] {logging_mixin.py:104} INFO - [2021-05-08 06:57:08,408] {dagbag.py:451} INFO - Filling up the DagBag from /home/airflow/.local/lib/python3.6/site-packages/airflow/example_dags/example_python_operator.py
[2021-05-08 06:57:08,431] {scheduler_job.py:639} INFO - DAG(s) dict_keys(['example_python_operator']) retrieved from /home/airflow/.local/lib/python3.6/site-packages/airflow/example_dags/example_python_operator.py
[2021-05-08 06:57:08,457] {logging_mixin.py:104} INFO - [2021-05-08 06:57:08,457] {dag.py:1824} INFO - Sync 1 DAGs
[2021-05-08 06:57:08,474] {logging_mixin.py:104} INFO - [2021-05-08 06:57:08,474] {dag.py:2280} INFO - Setting next_dagrun for example_python_operator to None
[2021-05-08 06:57:08,486] {scheduler_job.py:190} INFO - Processing /home/airflow/.local/lib/python3.6/site-packages/airflow/example_dags/example_python_operator.py took 0.087 seconds
[2021-05-08 06:57:39,200] {scheduler_job.py:182} INFO - Started process (PID=453) to work on /home/airflow/.local/lib/python3.6/site-packages/airflow/example_dags/example_python_operator.py
[2021-05-08 06:57:39,203] {scheduler_job.py:629} INFO - Processing file /home/airflow/.local/lib/python3.6/site-packages/airflow/example_dags/example_python_operator.py for tasks to queue
[2021-05-08 06:57:39,205] {logging_mixin.py:104} INFO - [2021-05-08 06:57:39,204] {dagbag.py:451} INFO - Filling up the DagBag from /home/airflow/.local/lib/python3.6/site-packages/airflow/example_dags/example_python_operator.py
[2021-05-08 06:57:39,224] {scheduler_job.py:639} INFO - DAG(s) dict_keys(['example_python_operator']) retrieved from /home/airflow/.local/lib/python3.6/site-packages/airflow/example_dags/example_python_operator.py
[2021-05-08 06:57:39,264] {logging_mixin.py:104} INFO - [2021-05-08 06:57:39,264] {dag.py:1824} INFO - Sync 1 DAGs
[2021-05-08 06:57:39,285] {logging_mixin.py:104} INFO - [2021-05-08 06:57:39,285] {dag.py:2280} INFO - Setting next_dagrun for example_python_operator to None
[2021-05-08 06:57:39,301] {scheduler_job.py:190} INFO - Processing /home/airflow/.local/lib/python3.6/site-packages/airflow/example_dags/example_python_operator.py took 0.105 seconds
[2021-05-08 06:58:10,001] {scheduler_job.py:182} INFO - Started process (PID=480) to work on /home/airflow/.local/lib/python3.6/site-packages/airflow/example_dags/example_python_operator.py
[2021-05-08 06:58:10,004] {scheduler_job.py:629} INFO - Processing file /home/airflow/.local/lib/python3.6/site-packages/airflow/example_dags/example_python_operator.py for tasks to queue
[2021-05-08 06:58:10,005] {logging_mixin.py:104} INFO - [2021-05-08 06:58:10,005] {dagbag.py:451} INFO - Filling up the DagBag from /home/airflow/.local/lib/python3.6/site-packages/airflow/example_dags/example_python_operator.py
[2021-05-08 06:58:10,025] {scheduler_job.py:639} INFO - DAG(s) dict_keys(['example_python_operator']) retrieved from /home/airflow/.local/lib/python3.6/site-packages/airflow/example_dags/example_python_operator.py
[2021-05-08 06:58:10,068] {logging_mixin.py:104} INFO - [2021-05-08 06:58:10,067] {dag.py:1824} INFO - Sync 1 DAGs
[2021-05-08 06:58:10,090] {logging_mixin.py:104} INFO - [2021-05-08 06:58:10,090] {dag.py:2280} INFO - Setting next_dagrun for example_python_operator to None
[2021-05-08 06:58:10,105] {scheduler_job.py:190} INFO - Processing /home/airflow/.local/lib/python3.6/site-packages/airflow/example_dags/example_python_operator.py took 0.109 seconds
[2021-05-08 06:58:40,939] {scheduler_job.py:182} INFO - Started process (PID=507) to work on /home/airflow/.local/lib/python3.6/site-packages/airflow/example_dags/example_python_operator.py
[2021-05-08 06:58:40,941] {scheduler_job.py:629} INFO - Processing file /home/airflow/.local/lib/python3.6/site-packages/airflow/example_dags/example_python_operator.py for tasks to queue
[2021-05-08 06:58:40,943] {logging_mixin.py:104} INFO - [2021-05-08 06:58:40,943] {dagbag.py:451} INFO - Filling up the DagBag from /home/airflow/.local/lib/python3.6/site-packages/airflow/example_dags/example_python_operator.py
[2021-05-08 06:58:40,960] {scheduler_job.py:639} INFO - DAG(s) dict_keys(['example_python_operator']) retrieved from /home/airflow/.local/lib/python3.6/site-packages/airflow/example_dags/example_python_operator.py
[2021-05-08 06:58:40,997] {logging_mixin.py:104} INFO - [2021-05-08 06:58:40,997] {dag.py:1824} INFO - Sync 1 DAGs
[2021-05-08 06:58:41,016] {logging_mixin.py:104} INFO - [2021-05-08 06:58:41,016] {dag.py:2280} INFO - Setting next_dagrun for example_python_operator to None
[2021-05-08 06:58:41,031] {scheduler_job.py:190} INFO - Processing /home/airflow/.local/lib/python3.6/site-packages/airflow/example_dags/example_python_operator.py took 0.095 seconds
[2021-05-08 06:59:11,576] {scheduler_job.py:182} INFO - Started process (PID=534) to work on /home/airflow/.local/lib/python3.6/site-packages/airflow/example_dags/example_python_operator.py
[2021-05-08 06:59:11,579] {scheduler_job.py:629} INFO - Processing file /home/airflow/.local/lib/python3.6/site-packages/airflow/example_dags/example_python_operator.py for tasks to queue
[2021-05-08 06:59:11,581] {logging_mixin.py:104} INFO - [2021-05-08 06:59:11,580] {dagbag.py:451} INFO - Filling up the DagBag from /home/airflow/.local/lib/python3.6/site-packages/airflow/example_dags/example_python_operator.py
[2021-05-08 06:59:11,607] {scheduler_job.py:639} INFO - DAG(s) dict_keys(['example_python_operator']) retrieved from /home/airflow/.local/lib/python3.6/site-packages/airflow/example_dags/example_python_operator.py
[2021-05-08 06:59:11,658] {logging_mixin.py:104} INFO - [2021-05-08 06:59:11,658] {dag.py:1824} INFO - Sync 1 DAGs
[2021-05-08 06:59:11,690] {logging_mixin.py:104} INFO - [2021-05-08 06:59:11,690] {dag.py:2280} INFO - Setting next_dagrun for example_python_operator to None
[2021-05-08 06:59:11,703] {scheduler_job.py:190} INFO - Processing /home/airflow/.local/lib/python3.6/site-packages/airflow/example_dags/example_python_operator.py took 0.133 seconds
[2021-05-08 06:59:42,628] {scheduler_job.py:182} INFO - Started process (PID=561) to work on /home/airflow/.local/lib/python3.6/site-packages/airflow/example_dags/example_python_operator.py
[2021-05-08 06:59:42,630] {scheduler_job.py:629} INFO - Processing file /home/airflow/.local/lib/python3.6/site-packages/airflow/example_dags/example_python_operator.py for tasks to queue
[2021-05-08 06:59:42,632] {logging_mixin.py:104} INFO - [2021-05-08 06:59:42,632] {dagbag.py:451} INFO - Filling up the DagBag from /home/airflow/.local/lib/python3.6/site-packages/airflow/example_dags/example_python_operator.py
[2021-05-08 06:59:42,650] {scheduler_job.py:639} INFO - DAG(s) dict_keys(['example_python_operator']) retrieved from /home/airflow/.local/lib/python3.6/site-packages/airflow/example_dags/example_python_operator.py
[2021-05-08 06:59:42,679] {logging_mixin.py:104} INFO - [2021-05-08 06:59:42,679] {dag.py:1824} INFO - Sync 1 DAGs
[2021-05-08 06:59:42,702] {logging_mixin.py:104} INFO - [2021-05-08 06:59:42,702] {dag.py:2280} INFO - Setting next_dagrun for example_python_operator to None
[2021-05-08 06:59:42,717] {scheduler_job.py:190} INFO - Processing /home/airflow/.local/lib/python3.6/site-packages/airflow/example_dags/example_python_operator.py took 0.094 seconds
[2021-05-08 07:00:12,854] {scheduler_job.py:182} INFO - Started process (PID=588) to work on /home/airflow/.local/lib/python3.6/site-packages/airflow/example_dags/example_python_operator.py
[2021-05-08 07:00:12,857] {scheduler_job.py:629} INFO - Processing file /home/airflow/.local/lib/python3.6/site-packages/airflow/example_dags/example_python_operator.py for tasks to queue
[2021-05-08 07:00:12,858] {logging_mixin.py:104} INFO - [2021-05-08 07:00:12,858] {dagbag.py:451} INFO - Filling up the DagBag from /home/airflow/.local/lib/python3.6/site-packages/airflow/example_dags/example_python_operator.py
[2021-05-08 07:00:12,879] {scheduler_job.py:639} INFO - DAG(s) dict_keys(['example_python_operator']) retrieved from /home/airflow/.local/lib/python3.6/site-packages/airflow/example_dags/example_python_operator.py
[2021-05-08 07:00:12,927] {logging_mixin.py:104} INFO - [2021-05-08 07:00:12,927] {dag.py:1824} INFO - Sync 1 DAGs
[2021-05-08 07:00:12,950] {logging_mixin.py:104} INFO - [2021-05-08 07:00:12,950] {dag.py:2280} INFO - Setting next_dagrun for example_python_operator to None
[2021-05-08 07:00:12,965] {scheduler_job.py:190} INFO - Processing /home/airflow/.local/lib/python3.6/site-packages/airflow/example_dags/example_python_operator.py took 0.117 seconds
[2021-05-08 07:00:43,007] {scheduler_job.py:182} INFO - Started process (PID=615) to work on /home/airflow/.local/lib/python3.6/site-packages/airflow/example_dags/example_python_operator.py
[2021-05-08 07:00:43,009] {scheduler_job.py:629} INFO - Processing file /home/airflow/.local/lib/python3.6/site-packages/airflow/example_dags/example_python_operator.py for tasks to queue
[2021-05-08 07:00:43,011] {logging_mixin.py:104} INFO - [2021-05-08 07:00:43,010] {dagbag.py:451} INFO - Filling up the DagBag from /home/airflow/.local/lib/python3.6/site-packages/airflow/example_dags/example_python_operator.py
[2021-05-08 07:00:43,027] {scheduler_job.py:639} INFO - DAG(s) dict_keys(['example_python_operator']) retrieved from /home/airflow/.local/lib/python3.6/site-packages/airflow/example_dags/example_python_operator.py
[2021-05-08 07:00:43,056] {logging_mixin.py:104} INFO - [2021-05-08 07:00:43,056] {dag.py:1824} INFO - Sync 1 DAGs
[2021-05-08 07:00:43,077] {logging_mixin.py:104} INFO - [2021-05-08 07:00:43,077] {dag.py:2280} INFO - Setting next_dagrun for example_python_operator to None
[2021-05-08 07:00:43,092] {scheduler_job.py:190} INFO - Processing /home/airflow/.local/lib/python3.6/site-packages/airflow/example_dags/example_python_operator.py took 0.089 seconds
[2021-05-08 07:01:13,135] {scheduler_job.py:182} INFO - Started process (PID=642) to work on /home/airflow/.local/lib/python3.6/site-packages/airflow/example_dags/example_python_operator.py
[2021-05-08 07:01:13,138] {scheduler_job.py:629} INFO - Processing file /home/airflow/.local/lib/python3.6/site-packages/airflow/example_dags/example_python_operator.py for tasks to queue
[2021-05-08 07:01:13,139] {logging_mixin.py:104} INFO - [2021-05-08 07:01:13,139] {dagbag.py:451} INFO - Filling up the DagBag from /home/airflow/.local/lib/python3.6/site-packages/airflow/example_dags/example_python_operator.py
[2021-05-08 07:01:13,158] {scheduler_job.py:639} INFO - DAG(s) dict_keys(['example_python_operator']) retrieved from /home/airflow/.local/lib/python3.6/site-packages/airflow/example_dags/example_python_operator.py
[2021-05-08 07:01:13,190] {logging_mixin.py:104} INFO - [2021-05-08 07:01:13,190] {dag.py:1824} INFO - Sync 1 DAGs
[2021-05-08 07:01:13,211] {logging_mixin.py:104} INFO - [2021-05-08 07:01:13,211] {dag.py:2280} INFO - Setting next_dagrun for example_python_operator to None
[2021-05-08 07:01:13,225] {scheduler_job.py:190} INFO - Processing /home/airflow/.local/lib/python3.6/site-packages/airflow/example_dags/example_python_operator.py took 0.095 seconds
[2021-05-08 07:01:43,959] {scheduler_job.py:182} INFO - Started process (PID=669) to work on /home/airflow/.local/lib/python3.6/site-packages/airflow/example_dags/example_python_operator.py
[2021-05-08 07:01:43,961] {scheduler_job.py:629} INFO - Processing file /home/airflow/.local/lib/python3.6/site-packages/airflow/example_dags/example_python_operator.py for tasks to queue
[2021-05-08 07:01:43,963] {logging_mixin.py:104} INFO - [2021-05-08 07:01:43,963] {dagbag.py:451} INFO - Filling up the DagBag from /home/airflow/.local/lib/python3.6/site-packages/airflow/example_dags/example_python_operator.py
[2021-05-08 07:01:43,981] {scheduler_job.py:639} INFO - DAG(s) dict_keys(['example_python_operator']) retrieved from /home/airflow/.local/lib/python3.6/site-packages/airflow/example_dags/example_python_operator.py
[2021-05-08 07:01:44,011] {logging_mixin.py:104} INFO - [2021-05-08 07:01:44,011] {dag.py:1824} INFO - Sync 1 DAGs
[2021-05-08 07:01:44,033] {logging_mixin.py:104} INFO - [2021-05-08 07:01:44,033] {dag.py:2280} INFO - Setting next_dagrun for example_python_operator to None
[2021-05-08 07:01:44,046] {scheduler_job.py:190} INFO - Processing /home/airflow/.local/lib/python3.6/site-packages/airflow/example_dags/example_python_operator.py took 0.092 seconds
[2021-05-08 07:02:14,755] {scheduler_job.py:182} INFO - Started process (PID=696) to work on /home/airflow/.local/lib/python3.6/site-packages/airflow/example_dags/example_python_operator.py
[2021-05-08 07:02:14,758] {scheduler_job.py:629} INFO - Processing file /home/airflow/.local/lib/python3.6/site-packages/airflow/example_dags/example_python_operator.py for tasks to queue
[2021-05-08 07:02:14,760] {logging_mixin.py:104} INFO - [2021-05-08 07:02:14,760] {dagbag.py:451} INFO - Filling up the DagBag from /home/airflow/.local/lib/python3.6/site-packages/airflow/example_dags/example_python_operator.py
[2021-05-08 07:02:14,778] {scheduler_job.py:639} INFO - DAG(s) dict_keys(['example_python_operator']) retrieved from /home/airflow/.local/lib/python3.6/site-packages/airflow/example_dags/example_python_operator.py
[2021-05-08 07:02:14,809] {logging_mixin.py:104} INFO - [2021-05-08 07:02:14,809] {dag.py:1824} INFO - Sync 1 DAGs
[2021-05-08 07:02:14,829] {logging_mixin.py:104} INFO - [2021-05-08 07:02:14,829] {dag.py:2280} INFO - Setting next_dagrun for example_python_operator to None
[2021-05-08 07:02:14,843] {scheduler_job.py:190} INFO - Processing /home/airflow/.local/lib/python3.6/site-packages/airflow/example_dags/example_python_operator.py took 0.092 seconds
[2021-05-08 07:02:45,919] {scheduler_job.py:182} INFO - Started process (PID=723) to work on /home/airflow/.local/lib/python3.6/site-packages/airflow/example_dags/example_python_operator.py
[2021-05-08 07:02:45,923] {scheduler_job.py:629} INFO - Processing file /home/airflow/.local/lib/python3.6/site-packages/airflow/example_dags/example_python_operator.py for tasks to queue
[2021-05-08 07:02:45,927] {logging_mixin.py:104} INFO - [2021-05-08 07:02:45,926] {dagbag.py:451} INFO - Filling up the DagBag from /home/airflow/.local/lib/python3.6/site-packages/airflow/example_dags/example_python_operator.py
[2021-05-08 07:02:45,957] {scheduler_job.py:639} INFO - DAG(s) dict_keys(['example_python_operator']) retrieved from /home/airflow/.local/lib/python3.6/site-packages/airflow/example_dags/example_python_operator.py
[2021-05-08 07:02:46,036] {logging_mixin.py:104} INFO - [2021-05-08 07:02:46,036] {dag.py:1824} INFO - Sync 1 DAGs
[2021-05-08 07:02:46,082] {logging_mixin.py:104} INFO - [2021-05-08 07:02:46,082] {dag.py:2280} INFO - Setting next_dagrun for example_python_operator to None
[2021-05-08 07:02:46,108] {scheduler_job.py:190} INFO - Processing /home/airflow/.local/lib/python3.6/site-packages/airflow/example_dags/example_python_operator.py took 0.197 seconds
[2021-05-08 07:03:16,310] {scheduler_job.py:182} INFO - Started process (PID=750) to work on /home/airflow/.local/lib/python3.6/site-packages/airflow/example_dags/example_python_operator.py
[2021-05-08 07:03:16,312] {scheduler_job.py:629} INFO - Processing file /home/airflow/.local/lib/python3.6/site-packages/airflow/example_dags/example_python_operator.py for tasks to queue
[2021-05-08 07:03:16,314] {logging_mixin.py:104} INFO - [2021-05-08 07:03:16,314] {dagbag.py:451} INFO - Filling up the DagBag from /home/airflow/.local/lib/python3.6/site-packages/airflow/example_dags/example_python_operator.py
[2021-05-08 07:03:16,339] {scheduler_job.py:639} INFO - DAG(s) dict_keys(['example_python_operator']) retrieved from /home/airflow/.local/lib/python3.6/site-packages/airflow/example_dags/example_python_operator.py
[2021-05-08 07:03:16,386] {logging_mixin.py:104} INFO - [2021-05-08 07:03:16,386] {dag.py:1824} INFO - Sync 1 DAGs
[2021-05-08 07:03:16,412] {logging_mixin.py:104} INFO - [2021-05-08 07:03:16,411] {dag.py:2280} INFO - Setting next_dagrun for example_python_operator to None
[2021-05-08 07:03:16,429] {scheduler_job.py:190} INFO - Processing /home/airflow/.local/lib/python3.6/site-packages/airflow/example_dags/example_python_operator.py took 0.123 seconds
[2021-05-08 07:03:47,403] {scheduler_job.py:182} INFO - Started process (PID=779) to work on /home/airflow/.local/lib/python3.6/site-packages/airflow/example_dags/example_python_operator.py
[2021-05-08 07:03:47,407] {scheduler_job.py:629} INFO - Processing file /home/airflow/.local/lib/python3.6/site-packages/airflow/example_dags/example_python_operator.py for tasks to queue
[2021-05-08 07:03:47,409] {logging_mixin.py:104} INFO - [2021-05-08 07:03:47,409] {dagbag.py:451} INFO - Filling up the DagBag from /home/airflow/.local/lib/python3.6/site-packages/airflow/example_dags/example_python_operator.py
[2021-05-08 07:03:47,428] {scheduler_job.py:639} INFO - DAG(s) dict_keys(['example_python_operator']) retrieved from /home/airflow/.local/lib/python3.6/site-packages/airflow/example_dags/example_python_operator.py
[2021-05-08 07:03:47,479] {logging_mixin.py:104} INFO - [2021-05-08 07:03:47,479] {dag.py:1824} INFO - Sync 1 DAGs
[2021-05-08 07:03:47,502] {logging_mixin.py:104} INFO - [2021-05-08 07:03:47,502] {dag.py:2280} INFO - Setting next_dagrun for example_python_operator to None
[2021-05-08 07:03:47,519] {scheduler_job.py:190} INFO - Processing /home/airflow/.local/lib/python3.6/site-packages/airflow/example_dags/example_python_operator.py took 0.121 seconds
[2021-05-08 07:04:18,058] {scheduler_job.py:182} INFO - Started process (PID=806) to work on /home/airflow/.local/lib/python3.6/site-packages/airflow/example_dags/example_python_operator.py
[2021-05-08 07:04:18,060] {scheduler_job.py:629} INFO - Processing file /home/airflow/.local/lib/python3.6/site-packages/airflow/example_dags/example_python_operator.py for tasks to queue
[2021-05-08 07:04:18,062] {logging_mixin.py:104} INFO - [2021-05-08 07:04:18,062] {dagbag.py:451} INFO - Filling up the DagBag from /home/airflow/.local/lib/python3.6/site-packages/airflow/example_dags/example_python_operator.py
[2021-05-08 07:04:18,088] {scheduler_job.py:639} INFO - DAG(s) dict_keys(['example_python_operator']) retrieved from /home/airflow/.local/lib/python3.6/site-packages/airflow/example_dags/example_python_operator.py
[2021-05-08 07:04:18,115] {logging_mixin.py:104} INFO - [2021-05-08 07:04:18,115] {dag.py:1824} INFO - Sync 1 DAGs
[2021-05-08 07:04:18,134] {logging_mixin.py:104} INFO - [2021-05-08 07:04:18,134] {dag.py:2280} INFO - Setting next_dagrun for example_python_operator to None
[2021-05-08 07:04:18,146] {scheduler_job.py:190} INFO - Processing /home/airflow/.local/lib/python3.6/site-packages/airflow/example_dags/example_python_operator.py took 0.092 seconds
[2021-05-08 07:04:48,723] {scheduler_job.py:182} INFO - Started process (PID=833) to work on /home/airflow/.local/lib/python3.6/site-packages/airflow/example_dags/example_python_operator.py
[2021-05-08 07:04:48,726] {scheduler_job.py:629} INFO - Processing file /home/airflow/.local/lib/python3.6/site-packages/airflow/example_dags/example_python_operator.py for tasks to queue
[2021-05-08 07:04:48,728] {logging_mixin.py:104} INFO - [2021-05-08 07:04:48,728] {dagbag.py:451} INFO - Filling up the DagBag from /home/airflow/.local/lib/python3.6/site-packages/airflow/example_dags/example_python_operator.py
[2021-05-08 07:04:48,757] {scheduler_job.py:639} INFO - DAG(s) dict_keys(['example_python_operator']) retrieved from /home/airflow/.local/lib/python3.6/site-packages/airflow/example_dags/example_python_operator.py
[2021-05-08 07:04:48,790] {logging_mixin.py:104} INFO - [2021-05-08 07:04:48,790] {dag.py:1824} INFO - Sync 1 DAGs
[2021-05-08 07:04:48,810] {logging_mixin.py:104} INFO - [2021-05-08 07:04:48,810] {dag.py:2280} INFO - Setting next_dagrun for example_python_operator to None
[2021-05-08 07:04:48,822] {scheduler_job.py:190} INFO - Processing /home/airflow/.local/lib/python3.6/site-packages/airflow/example_dags/example_python_operator.py took 0.103 seconds
[2021-05-08 07:05:19,460] {scheduler_job.py:182} INFO - Started process (PID=860) to work on /home/airflow/.local/lib/python3.6/site-packages/airflow/example_dags/example_python_operator.py
[2021-05-08 07:05:19,462] {scheduler_job.py:629} INFO - Processing file /home/airflow/.local/lib/python3.6/site-packages/airflow/example_dags/example_python_operator.py for tasks to queue
[2021-05-08 07:05:19,464] {logging_mixin.py:104} INFO - [2021-05-08 07:05:19,464] {dagbag.py:451} INFO - Filling up the DagBag from /home/airflow/.local/lib/python3.6/site-packages/airflow/example_dags/example_python_operator.py
[2021-05-08 07:05:19,488] {scheduler_job.py:639} INFO - DAG(s) dict_keys(['example_python_operator']) retrieved from /home/airflow/.local/lib/python3.6/site-packages/airflow/example_dags/example_python_operator.py
[2021-05-08 07:05:19,524] {logging_mixin.py:104} INFO - [2021-05-08 07:05:19,524] {dag.py:1824} INFO - Sync 1 DAGs
[2021-05-08 07:05:19,561] {logging_mixin.py:104} INFO - [2021-05-08 07:05:19,561] {dag.py:2280} INFO - Setting next_dagrun for example_python_operator to None
[2021-05-08 07:05:19,576] {scheduler_job.py:190} INFO - Processing /home/airflow/.local/lib/python3.6/site-packages/airflow/example_dags/example_python_operator.py took 0.122 seconds
[2021-05-08 07:05:50,528] {scheduler_job.py:182} INFO - Started process (PID=887) to work on /home/airflow/.local/lib/python3.6/site-packages/airflow/example_dags/example_python_operator.py
[2021-05-08 07:05:50,530] {scheduler_job.py:629} INFO - Processing file /home/airflow/.local/lib/python3.6/site-packages/airflow/example_dags/example_python_operator.py for tasks to queue
[2021-05-08 07:05:50,532] {logging_mixin.py:104} INFO - [2021-05-08 07:05:50,532] {dagbag.py:451} INFO - Filling up the DagBag from /home/airflow/.local/lib/python3.6/site-packages/airflow/example_dags/example_python_operator.py
[2021-05-08 07:05:50,553] {scheduler_job.py:639} INFO - DAG(s) dict_keys(['example_python_operator']) retrieved from /home/airflow/.local/lib/python3.6/site-packages/airflow/example_dags/example_python_operator.py
[2021-05-08 07:05:50,586] {logging_mixin.py:104} INFO - [2021-05-08 07:05:50,586] {dag.py:1824} INFO - Sync 1 DAGs
[2021-05-08 07:05:50,609] {logging_mixin.py:104} INFO - [2021-05-08 07:05:50,609] {dag.py:2280} INFO - Setting next_dagrun for example_python_operator to None
[2021-05-08 07:05:50,627] {scheduler_job.py:190} INFO - Processing /home/airflow/.local/lib/python3.6/site-packages/airflow/example_dags/example_python_operator.py took 0.103 seconds
[2021-05-08 07:06:20,838] {scheduler_job.py:182} INFO - Started process (PID=914) to work on /home/airflow/.local/lib/python3.6/site-packages/airflow/example_dags/example_python_operator.py
[2021-05-08 07:06:20,841] {scheduler_job.py:629} INFO - Processing file /home/airflow/.local/lib/python3.6/site-packages/airflow/example_dags/example_python_operator.py for tasks to queue
[2021-05-08 07:06:20,844] {logging_mixin.py:104} INFO - [2021-05-08 07:06:20,843] {dagbag.py:451} INFO - Filling up the DagBag from /home/airflow/.local/lib/python3.6/site-packages/airflow/example_dags/example_python_operator.py
[2021-05-08 07:06:20,883] {scheduler_job.py:639} INFO - DAG(s) dict_keys(['example_python_operator']) retrieved from /home/airflow/.local/lib/python3.6/site-packages/airflow/example_dags/example_python_operator.py
[2021-05-08 07:06:20,915] {logging_mixin.py:104} INFO - [2021-05-08 07:06:20,915] {dag.py:1824} INFO - Sync 1 DAGs
[2021-05-08 07:06:20,944] {logging_mixin.py:104} INFO - [2021-05-08 07:06:20,943] {dag.py:2280} INFO - Setting next_dagrun for example_python_operator to None
[2021-05-08 07:06:20,964] {scheduler_job.py:190} INFO - Processing /home/airflow/.local/lib/python3.6/site-packages/airflow/example_dags/example_python_operator.py took 0.132 seconds
[2021-05-08 07:06:51,013] {scheduler_job.py:182} INFO - Started process (PID=941) to work on /home/airflow/.local/lib/python3.6/site-packages/airflow/example_dags/example_python_operator.py
[2021-05-08 07:06:51,016] {scheduler_job.py:629} INFO - Processing file /home/airflow/.local/lib/python3.6/site-packages/airflow/example_dags/example_python_operator.py for tasks to queue
[2021-05-08 07:06:51,017] {logging_mixin.py:104} INFO - [2021-05-08 07:06:51,017] {dagbag.py:451} INFO - Filling up the DagBag from /home/airflow/.local/lib/python3.6/site-packages/airflow/example_dags/example_python_operator.py
[2021-05-08 07:06:51,043] {scheduler_job.py:639} INFO - DAG(s) dict_keys(['example_python_operator']) retrieved from /home/airflow/.local/lib/python3.6/site-packages/airflow/example_dags/example_python_operator.py
[2021-05-08 07:06:51,082] {logging_mixin.py:104} INFO - [2021-05-08 07:06:51,081] {dag.py:1824} INFO - Sync 1 DAGs
[2021-05-08 07:06:51,103] {logging_mixin.py:104} INFO - [2021-05-08 07:06:51,103] {dag.py:2280} INFO - Setting next_dagrun for example_python_operator to None
[2021-05-08 07:06:51,120] {scheduler_job.py:190} INFO - Processing /home/airflow/.local/lib/python3.6/site-packages/airflow/example_dags/example_python_operator.py took 0.113 seconds
[2021-05-08 07:07:22,023] {scheduler_job.py:182} INFO - Started process (PID=969) to work on /home/airflow/.local/lib/python3.6/site-packages/airflow/example_dags/example_python_operator.py
[2021-05-08 07:07:22,028] {scheduler_job.py:629} INFO - Processing file /home/airflow/.local/lib/python3.6/site-packages/airflow/example_dags/example_python_operator.py for tasks to queue
[2021-05-08 07:07:22,030] {logging_mixin.py:104} INFO - [2021-05-08 07:07:22,030] {dagbag.py:451} INFO - Filling up the DagBag from /home/airflow/.local/lib/python3.6/site-packages/airflow/example_dags/example_python_operator.py
[2021-05-08 07:07:22,046] {scheduler_job.py:639} INFO - DAG(s) dict_keys(['example_python_operator']) retrieved from /home/airflow/.local/lib/python3.6/site-packages/airflow/example_dags/example_python_operator.py
[2021-05-08 07:07:22,076] {logging_mixin.py:104} INFO - [2021-05-08 07:07:22,076] {dag.py:1824} INFO - Sync 1 DAGs
[2021-05-08 07:07:22,099] {logging_mixin.py:104} INFO - [2021-05-08 07:07:22,099] {dag.py:2280} INFO - Setting next_dagrun for example_python_operator to None
[2021-05-08 07:07:22,120] {scheduler_job.py:190} INFO - Processing /home/airflow/.local/lib/python3.6/site-packages/airflow/example_dags/example_python_operator.py took 0.101 seconds
[2021-05-08 07:07:53,019] {scheduler_job.py:182} INFO - Started process (PID=996) to work on /home/airflow/.local/lib/python3.6/site-packages/airflow/example_dags/example_python_operator.py
[2021-05-08 07:07:53,022] {scheduler_job.py:629} INFO - Processing file /home/airflow/.local/lib/python3.6/site-packages/airflow/example_dags/example_python_operator.py for tasks to queue
[2021-05-08 07:07:53,024] {logging_mixin.py:104} INFO - [2021-05-08 07:07:53,024] {dagbag.py:451} INFO - Filling up the DagBag from /home/airflow/.local/lib/python3.6/site-packages/airflow/example_dags/example_python_operator.py
[2021-05-08 07:07:53,045] {scheduler_job.py:639} INFO - DAG(s) dict_keys(['example_python_operator']) retrieved from /home/airflow/.local/lib/python3.6/site-packages/airflow/example_dags/example_python_operator.py
[2021-05-08 07:07:53,081] {logging_mixin.py:104} INFO - [2021-05-08 07:07:53,080] {dag.py:1824} INFO - Sync 1 DAGs
[2021-05-08 07:07:53,104] {logging_mixin.py:104} INFO - [2021-05-08 07:07:53,103] {dag.py:2280} INFO - Setting next_dagrun for example_python_operator to None
[2021-05-08 07:07:53,119] {scheduler_job.py:190} INFO - Processing /home/airflow/.local/lib/python3.6/site-packages/airflow/example_dags/example_python_operator.py took 0.104 seconds
[2021-05-08 07:08:25,677] {scheduler_job.py:182} INFO - Started process (PID=1026) to work on /home/airflow/.local/lib/python3.6/site-packages/airflow/example_dags/example_python_operator.py
[2021-05-08 07:08:25,682] {scheduler_job.py:629} INFO - Processing file /home/airflow/.local/lib/python3.6/site-packages/airflow/example_dags/example_python_operator.py for tasks to queue
[2021-05-08 07:08:25,687] {logging_mixin.py:104} INFO - [2021-05-08 07:08:25,686] {dagbag.py:451} INFO - Filling up the DagBag from /home/airflow/.local/lib/python3.6/site-packages/airflow/example_dags/example_python_operator.py
[2021-05-08 07:08:25,732] {scheduler_job.py:639} INFO - DAG(s) dict_keys(['example_python_operator']) retrieved from /home/airflow/.local/lib/python3.6/site-packages/airflow/example_dags/example_python_operator.py
[2021-05-08 07:08:25,815] {logging_mixin.py:104} INFO - [2021-05-08 07:08:25,815] {dag.py:1824} INFO - Sync 1 DAGs
[2021-05-08 07:08:25,872] {logging_mixin.py:104} INFO - [2021-05-08 07:08:25,871] {dag.py:2280} INFO - Setting next_dagrun for example_python_operator to None
[2021-05-08 07:08:25,916] {scheduler_job.py:190} INFO - Processing /home/airflow/.local/lib/python3.6/site-packages/airflow/example_dags/example_python_operator.py took 0.249 seconds
[2021-05-08 07:08:58,265] {scheduler_job.py:182} INFO - Started process (PID=1056) to work on /home/airflow/.local/lib/python3.6/site-packages/airflow/example_dags/example_python_operator.py
[2021-05-08 07:08:58,272] {scheduler_job.py:629} INFO - Processing file /home/airflow/.local/lib/python3.6/site-packages/airflow/example_dags/example_python_operator.py for tasks to queue
[2021-05-08 07:08:58,277] {logging_mixin.py:104} INFO - [2021-05-08 07:08:58,276] {dagbag.py:451} INFO - Filling up the DagBag from /home/airflow/.local/lib/python3.6/site-packages/airflow/example_dags/example_python_operator.py
[2021-05-08 07:08:58,342] {scheduler_job.py:639} INFO - DAG(s) dict_keys(['example_python_operator']) retrieved from /home/airflow/.local/lib/python3.6/site-packages/airflow/example_dags/example_python_operator.py
[2021-05-08 07:08:58,464] {logging_mixin.py:104} INFO - [2021-05-08 07:08:58,463] {dag.py:1824} INFO - Sync 1 DAGs
[2021-05-08 07:08:58,554] {logging_mixin.py:104} INFO - [2021-05-08 07:08:58,554] {dag.py:2280} INFO - Setting next_dagrun for example_python_operator to None
[2021-05-08 07:08:58,606] {scheduler_job.py:190} INFO - Processing /home/airflow/.local/lib/python3.6/site-packages/airflow/example_dags/example_python_operator.py took 0.358 seconds
[2021-05-08 07:09:29,760] {scheduler_job.py:182} INFO - Started process (PID=1083) to work on /home/airflow/.local/lib/python3.6/site-packages/airflow/example_dags/example_python_operator.py
[2021-05-08 07:09:29,768] {scheduler_job.py:629} INFO - Processing file /home/airflow/.local/lib/python3.6/site-packages/airflow/example_dags/example_python_operator.py for tasks to queue
[2021-05-08 07:09:29,776] {logging_mixin.py:104} INFO - [2021-05-08 07:09:29,775] {dagbag.py:451} INFO - Filling up the DagBag from /home/airflow/.local/lib/python3.6/site-packages/airflow/example_dags/example_python_operator.py
[2021-05-08 07:09:29,860] {scheduler_job.py:639} INFO - DAG(s) dict_keys(['example_python_operator']) retrieved from /home/airflow/.local/lib/python3.6/site-packages/airflow/example_dags/example_python_operator.py
[2021-05-08 07:09:29,985] {logging_mixin.py:104} INFO - [2021-05-08 07:09:29,984] {dag.py:1824} INFO - Sync 1 DAGs
[2021-05-08 07:09:30,068] {logging_mixin.py:104} INFO - [2021-05-08 07:09:30,066] {dag.py:2280} INFO - Setting next_dagrun for example_python_operator to None
[2021-05-08 07:09:30,117] {scheduler_job.py:190} INFO - Processing /home/airflow/.local/lib/python3.6/site-packages/airflow/example_dags/example_python_operator.py took 0.375 seconds
[2021-05-08 07:10:00,380] {scheduler_job.py:182} INFO - Started process (PID=1110) to work on /home/airflow/.local/lib/python3.6/site-packages/airflow/example_dags/example_python_operator.py
[2021-05-08 07:10:00,384] {scheduler_job.py:629} INFO - Processing file /home/airflow/.local/lib/python3.6/site-packages/airflow/example_dags/example_python_operator.py for tasks to queue
[2021-05-08 07:10:00,392] {logging_mixin.py:104} INFO - [2021-05-08 07:10:00,391] {dagbag.py:451} INFO - Filling up the DagBag from /home/airflow/.local/lib/python3.6/site-packages/airflow/example_dags/example_python_operator.py
[2021-05-08 07:10:00,438] {scheduler_job.py:639} INFO - DAG(s) dict_keys(['example_python_operator']) retrieved from /home/airflow/.local/lib/python3.6/site-packages/airflow/example_dags/example_python_operator.py
[2021-05-08 07:10:00,498] {logging_mixin.py:104} INFO - [2021-05-08 07:10:00,498] {dag.py:1824} INFO - Sync 1 DAGs
[2021-05-08 07:10:00,538] {logging_mixin.py:104} INFO - [2021-05-08 07:10:00,538] {dag.py:2280} INFO - Setting next_dagrun for example_python_operator to None
[2021-05-08 07:10:00,568] {scheduler_job.py:190} INFO - Processing /home/airflow/.local/lib/python3.6/site-packages/airflow/example_dags/example_python_operator.py took 0.200 seconds
[2021-05-08 07:10:30,730] {scheduler_job.py:182} INFO - Started process (PID=1137) to work on /home/airflow/.local/lib/python3.6/site-packages/airflow/example_dags/example_python_operator.py
[2021-05-08 07:10:30,734] {scheduler_job.py:629} INFO - Processing file /home/airflow/.local/lib/python3.6/site-packages/airflow/example_dags/example_python_operator.py for tasks to queue
[2021-05-08 07:10:30,737] {logging_mixin.py:104} INFO - [2021-05-08 07:10:30,737] {dagbag.py:451} INFO - Filling up the DagBag from /home/airflow/.local/lib/python3.6/site-packages/airflow/example_dags/example_python_operator.py
[2021-05-08 07:10:30,772] {scheduler_job.py:639} INFO - DAG(s) dict_keys(['example_python_operator']) retrieved from /home/airflow/.local/lib/python3.6/site-packages/airflow/example_dags/example_python_operator.py
[2021-05-08 07:10:30,832] {logging_mixin.py:104} INFO - [2021-05-08 07:10:30,831] {dag.py:1824} INFO - Sync 1 DAGs
[2021-05-08 07:10:30,867] {logging_mixin.py:104} INFO - [2021-05-08 07:10:30,867] {dag.py:2280} INFO - Setting next_dagrun for example_python_operator to None
[2021-05-08 07:10:30,892] {scheduler_job.py:190} INFO - Processing /home/airflow/.local/lib/python3.6/site-packages/airflow/example_dags/example_python_operator.py took 0.171 seconds
[2021-05-08 07:11:01,180] {scheduler_job.py:182} INFO - Started process (PID=1164) to work on /home/airflow/.local/lib/python3.6/site-packages/airflow/example_dags/example_python_operator.py
[2021-05-08 07:11:01,185] {scheduler_job.py:629} INFO - Processing file /home/airflow/.local/lib/python3.6/site-packages/airflow/example_dags/example_python_operator.py for tasks to queue
[2021-05-08 07:11:01,188] {logging_mixin.py:104} INFO - [2021-05-08 07:11:01,187] {dagbag.py:451} INFO - Filling up the DagBag from /home/airflow/.local/lib/python3.6/site-packages/airflow/example_dags/example_python_operator.py
[2021-05-08 07:11:01,215] {scheduler_job.py:639} INFO - DAG(s) dict_keys(['example_python_operator']) retrieved from /home/airflow/.local/lib/python3.6/site-packages/airflow/example_dags/example_python_operator.py
[2021-05-08 07:11:01,280] {logging_mixin.py:104} INFO - [2021-05-08 07:11:01,280] {dag.py:1824} INFO - Sync 1 DAGs
[2021-05-08 07:11:01,331] {logging_mixin.py:104} INFO - [2021-05-08 07:11:01,331] {dag.py:2280} INFO - Setting next_dagrun for example_python_operator to None
[2021-05-08 07:11:01,368] {scheduler_job.py:190} INFO - Processing /home/airflow/.local/lib/python3.6/site-packages/airflow/example_dags/example_python_operator.py took 0.198 seconds
[2021-05-08 07:11:31,438] {scheduler_job.py:182} INFO - Started process (PID=1191) to work on /home/airflow/.local/lib/python3.6/site-packages/airflow/example_dags/example_python_operator.py
[2021-05-08 07:11:31,445] {scheduler_job.py:629} INFO - Processing file /home/airflow/.local/lib/python3.6/site-packages/airflow/example_dags/example_python_operator.py for tasks to queue
[2021-05-08 07:11:31,449] {logging_mixin.py:104} INFO - [2021-05-08 07:11:31,449] {dagbag.py:451} INFO - Filling up the DagBag from /home/airflow/.local/lib/python3.6/site-packages/airflow/example_dags/example_python_operator.py
[2021-05-08 07:11:31,484] {scheduler_job.py:639} INFO - DAG(s) dict_keys(['example_python_operator']) retrieved from /home/airflow/.local/lib/python3.6/site-packages/airflow/example_dags/example_python_operator.py
[2021-05-08 07:11:31,541] {logging_mixin.py:104} INFO - [2021-05-08 07:11:31,541] {dag.py:1824} INFO - Sync 1 DAGs
[2021-05-08 07:11:31,576] {logging_mixin.py:104} INFO - [2021-05-08 07:11:31,576] {dag.py:2280} INFO - Setting next_dagrun for example_python_operator to None
[2021-05-08 07:11:31,606] {scheduler_job.py:190} INFO - Processing /home/airflow/.local/lib/python3.6/site-packages/airflow/example_dags/example_python_operator.py took 0.176 seconds
[2021-05-08 07:12:01,877] {scheduler_job.py:182} INFO - Started process (PID=1218) to work on /home/airflow/.local/lib/python3.6/site-packages/airflow/example_dags/example_python_operator.py
[2021-05-08 07:12:01,884] {scheduler_job.py:629} INFO - Processing file /home/airflow/.local/lib/python3.6/site-packages/airflow/example_dags/example_python_operator.py for tasks to queue
[2021-05-08 07:12:01,888] {logging_mixin.py:104} INFO - [2021-05-08 07:12:01,887] {dagbag.py:451} INFO - Filling up the DagBag from /home/airflow/.local/lib/python3.6/site-packages/airflow/example_dags/example_python_operator.py
[2021-05-08 07:12:01,922] {scheduler_job.py:639} INFO - DAG(s) dict_keys(['example_python_operator']) retrieved from /home/airflow/.local/lib/python3.6/site-packages/airflow/example_dags/example_python_operator.py
[2021-05-08 07:12:01,980] {logging_mixin.py:104} INFO - [2021-05-08 07:12:01,980] {dag.py:1824} INFO - Sync 1 DAGs
[2021-05-08 07:12:02,016] {logging_mixin.py:104} INFO - [2021-05-08 07:12:02,015] {dag.py:2280} INFO - Setting next_dagrun for example_python_operator to None
[2021-05-08 07:12:02,038] {scheduler_job.py:190} INFO - Processing /home/airflow/.local/lib/python3.6/site-packages/airflow/example_dags/example_python_operator.py took 0.171 seconds
[2021-05-08 07:12:32,488] {scheduler_job.py:182} INFO - Started process (PID=1245) to work on /home/airflow/.local/lib/python3.6/site-packages/airflow/example_dags/example_python_operator.py
[2021-05-08 07:12:32,494] {scheduler_job.py:629} INFO - Processing file /home/airflow/.local/lib/python3.6/site-packages/airflow/example_dags/example_python_operator.py for tasks to queue
[2021-05-08 07:12:32,498] {logging_mixin.py:104} INFO - [2021-05-08 07:12:32,498] {dagbag.py:451} INFO - Filling up the DagBag from /home/airflow/.local/lib/python3.6/site-packages/airflow/example_dags/example_python_operator.py
[2021-05-08 07:12:32,545] {scheduler_job.py:639} INFO - DAG(s) dict_keys(['example_python_operator']) retrieved from /home/airflow/.local/lib/python3.6/site-packages/airflow/example_dags/example_python_operator.py
[2021-05-08 07:12:32,634] {logging_mixin.py:104} INFO - [2021-05-08 07:12:32,634] {dag.py:1824} INFO - Sync 1 DAGs
[2021-05-08 07:12:32,694] {logging_mixin.py:104} INFO - [2021-05-08 07:12:32,694] {dag.py:2280} INFO - Setting next_dagrun for example_python_operator to None
[2021-05-08 07:12:32,734] {scheduler_job.py:190} INFO - Processing /home/airflow/.local/lib/python3.6/site-packages/airflow/example_dags/example_python_operator.py took 0.257 seconds
[2021-05-08 07:13:03,672] {scheduler_job.py:182} INFO - Started process (PID=1271) to work on /home/airflow/.local/lib/python3.6/site-packages/airflow/example_dags/example_python_operator.py
[2021-05-08 07:13:03,679] {scheduler_job.py:629} INFO - Processing file /home/airflow/.local/lib/python3.6/site-packages/airflow/example_dags/example_python_operator.py for tasks to queue
[2021-05-08 07:13:03,685] {logging_mixin.py:104} INFO - [2021-05-08 07:13:03,684] {dagbag.py:451} INFO - Filling up the DagBag from /home/airflow/.local/lib/python3.6/site-packages/airflow/example_dags/example_python_operator.py
[2021-05-08 07:13:03,736] {scheduler_job.py:639} INFO - DAG(s) dict_keys(['example_python_operator']) retrieved from /home/airflow/.local/lib/python3.6/site-packages/airflow/example_dags/example_python_operator.py
[2021-05-08 07:13:03,814] {logging_mixin.py:104} INFO - [2021-05-08 07:13:03,814] {dag.py:1824} INFO - Sync 1 DAGs
[2021-05-08 07:13:03,866] {logging_mixin.py:104} INFO - [2021-05-08 07:13:03,865] {dag.py:2280} INFO - Setting next_dagrun for example_python_operator to None
[2021-05-08 07:13:03,900] {scheduler_job.py:190} INFO - Processing /home/airflow/.local/lib/python3.6/site-packages/airflow/example_dags/example_python_operator.py took 0.245 seconds
[2021-05-08 07:13:34,178] {scheduler_job.py:182} INFO - Started process (PID=1298) to work on /home/airflow/.local/lib/python3.6/site-packages/airflow/example_dags/example_python_operator.py
[2021-05-08 07:13:34,184] {scheduler_job.py:629} INFO - Processing file /home/airflow/.local/lib/python3.6/site-packages/airflow/example_dags/example_python_operator.py for tasks to queue
[2021-05-08 07:13:34,188] {logging_mixin.py:104} INFO - [2021-05-08 07:13:34,188] {dagbag.py:451} INFO - Filling up the DagBag from /home/airflow/.local/lib/python3.6/site-packages/airflow/example_dags/example_python_operator.py
[2021-05-08 07:13:34,229] {scheduler_job.py:639} INFO - DAG(s) dict_keys(['example_python_operator']) retrieved from /home/airflow/.local/lib/python3.6/site-packages/airflow/example_dags/example_python_operator.py
[2021-05-08 07:13:34,323] {logging_mixin.py:104} INFO - [2021-05-08 07:13:34,322] {dag.py:1824} INFO - Sync 1 DAGs
[2021-05-08 07:13:34,379] {logging_mixin.py:104} INFO - [2021-05-08 07:13:34,379] {dag.py:2280} INFO - Setting next_dagrun for example_python_operator to None
[2021-05-08 07:13:34,419] {scheduler_job.py:190} INFO - Processing /home/airflow/.local/lib/python3.6/site-packages/airflow/example_dags/example_python_operator.py took 0.254 seconds
[2021-05-08 07:14:05,050] {scheduler_job.py:182} INFO - Started process (PID=1325) to work on /home/airflow/.local/lib/python3.6/site-packages/airflow/example_dags/example_python_operator.py
[2021-05-08 07:14:05,060] {scheduler_job.py:629} INFO - Processing file /home/airflow/.local/lib/python3.6/site-packages/airflow/example_dags/example_python_operator.py for tasks to queue
[2021-05-08 07:14:05,066] {logging_mixin.py:104} INFO - [2021-05-08 07:14:05,066] {dagbag.py:451} INFO - Filling up the DagBag from /home/airflow/.local/lib/python3.6/site-packages/airflow/example_dags/example_python_operator.py
[2021-05-08 07:14:05,135] {scheduler_job.py:639} INFO - DAG(s) dict_keys(['example_python_operator']) retrieved from /home/airflow/.local/lib/python3.6/site-packages/airflow/example_dags/example_python_operator.py
[2021-05-08 07:14:05,254] {logging_mixin.py:104} INFO - [2021-05-08 07:14:05,253] {dag.py:1824} INFO - Sync 1 DAGs
[2021-05-08 07:14:05,391] {logging_mixin.py:104} INFO - [2021-05-08 07:14:05,390] {dag.py:2280} INFO - Setting next_dagrun for example_python_operator to None
[2021-05-08 07:14:05,437] {scheduler_job.py:190} INFO - Processing /home/airflow/.local/lib/python3.6/site-packages/airflow/example_dags/example_python_operator.py took 0.403 seconds
[2021-05-08 07:14:35,672] {scheduler_job.py:182} INFO - Started process (PID=1352) to work on /home/airflow/.local/lib/python3.6/site-packages/airflow/example_dags/example_python_operator.py
[2021-05-08 07:14:35,678] {scheduler_job.py:629} INFO - Processing file /home/airflow/.local/lib/python3.6/site-packages/airflow/example_dags/example_python_operator.py for tasks to queue
[2021-05-08 07:14:35,683] {logging_mixin.py:104} INFO - [2021-05-08 07:14:35,683] {dagbag.py:451} INFO - Filling up the DagBag from /home/airflow/.local/lib/python3.6/site-packages/airflow/example_dags/example_python_operator.py
[2021-05-08 07:14:35,725] {scheduler_job.py:639} INFO - DAG(s) dict_keys(['example_python_operator']) retrieved from /home/airflow/.local/lib/python3.6/site-packages/airflow/example_dags/example_python_operator.py
[2021-05-08 07:14:35,810] {logging_mixin.py:104} INFO - [2021-05-08 07:14:35,809] {dag.py:1824} INFO - Sync 1 DAGs
[2021-05-08 07:14:35,855] {logging_mixin.py:104} INFO - [2021-05-08 07:14:35,854] {dag.py:2280} INFO - Setting next_dagrun for example_python_operator to None
[2021-05-08 07:14:35,886] {scheduler_job.py:190} INFO - Processing /home/airflow/.local/lib/python3.6/site-packages/airflow/example_dags/example_python_operator.py took 0.225 seconds
[2021-05-08 07:15:06,159] {scheduler_job.py:182} INFO - Started process (PID=1380) to work on /home/airflow/.local/lib/python3.6/site-packages/airflow/example_dags/example_python_operator.py
[2021-05-08 07:15:06,163] {scheduler_job.py:629} INFO - Processing file /home/airflow/.local/lib/python3.6/site-packages/airflow/example_dags/example_python_operator.py for tasks to queue
[2021-05-08 07:15:06,166] {logging_mixin.py:104} INFO - [2021-05-08 07:15:06,166] {dagbag.py:451} INFO - Filling up the DagBag from /home/airflow/.local/lib/python3.6/site-packages/airflow/example_dags/example_python_operator.py
[2021-05-08 07:15:06,209] {scheduler_job.py:639} INFO - DAG(s) dict_keys(['example_python_operator']) retrieved from /home/airflow/.local/lib/python3.6/site-packages/airflow/example_dags/example_python_operator.py
[2021-05-08 07:15:06,273] {logging_mixin.py:104} INFO - [2021-05-08 07:15:06,273] {dag.py:1824} INFO - Sync 1 DAGs
[2021-05-08 07:15:06,316] {logging_mixin.py:104} INFO - [2021-05-08 07:15:06,316] {dag.py:2280} INFO - Setting next_dagrun for example_python_operator to None
[2021-05-08 07:15:06,343] {scheduler_job.py:190} INFO - Processing /home/airflow/.local/lib/python3.6/site-packages/airflow/example_dags/example_python_operator.py took 0.192 seconds
[2021-05-08 07:15:36,919] {scheduler_job.py:182} INFO - Started process (PID=1405) to work on /home/airflow/.local/lib/python3.6/site-packages/airflow/example_dags/example_python_operator.py
[2021-05-08 07:15:36,889] {scheduler_job.py:629} INFO - Processing file /home/airflow/.local/lib/python3.6/site-packages/airflow/example_dags/example_python_operator.py for tasks to queue
[2021-05-08 07:15:36,893] {logging_mixin.py:104} INFO - [2021-05-08 07:15:36,893] {dagbag.py:451} INFO - Filling up the DagBag from /home/airflow/.local/lib/python3.6/site-packages/airflow/example_dags/example_python_operator.py
[2021-05-08 07:15:36,913] {scheduler_job.py:639} INFO - DAG(s) dict_keys(['example_python_operator']) retrieved from /home/airflow/.local/lib/python3.6/site-packages/airflow/example_dags/example_python_operator.py
[2021-05-08 07:15:36,945] {logging_mixin.py:104} INFO - [2021-05-08 07:15:36,945] {dag.py:1824} INFO - Sync 1 DAGs
[2021-05-08 07:15:36,973] {logging_mixin.py:104} INFO - [2021-05-08 07:15:36,973] {dag.py:2280} INFO - Setting next_dagrun for example_python_operator to None
[2021-05-08 07:15:36,988] {scheduler_job.py:190} INFO - Processing /home/airflow/.local/lib/python3.6/site-packages/airflow/example_dags/example_python_operator.py took 0.110 seconds
[2021-05-08 07:16:07,534] {scheduler_job.py:182} INFO - Started process (PID=1432) to work on /home/airflow/.local/lib/python3.6/site-packages/airflow/example_dags/example_python_operator.py
[2021-05-08 07:16:07,536] {scheduler_job.py:629} INFO - Processing file /home/airflow/.local/lib/python3.6/site-packages/airflow/example_dags/example_python_operator.py for tasks to queue
[2021-05-08 07:16:07,537] {logging_mixin.py:104} INFO - [2021-05-08 07:16:07,537] {dagbag.py:451} INFO - Filling up the DagBag from /home/airflow/.local/lib/python3.6/site-packages/airflow/example_dags/example_python_operator.py
[2021-05-08 07:16:07,554] {scheduler_job.py:639} INFO - DAG(s) dict_keys(['example_python_operator']) retrieved from /home/airflow/.local/lib/python3.6/site-packages/airflow/example_dags/example_python_operator.py
[2021-05-08 07:16:07,585] {logging_mixin.py:104} INFO - [2021-05-08 07:16:07,585] {dag.py:1824} INFO - Sync 1 DAGs
[2021-05-08 07:16:07,606] {logging_mixin.py:104} INFO - [2021-05-08 07:16:07,606] {dag.py:2280} INFO - Setting next_dagrun for example_python_operator to None
[2021-05-08 07:16:07,619] {scheduler_job.py:190} INFO - Processing /home/airflow/.local/lib/python3.6/site-packages/airflow/example_dags/example_python_operator.py took 0.089 seconds
[2021-05-08 07:16:38,264] {scheduler_job.py:182} INFO - Started process (PID=1459) to work on /home/airflow/.local/lib/python3.6/site-packages/airflow/example_dags/example_python_operator.py
[2021-05-08 07:16:38,267] {scheduler_job.py:629} INFO - Processing file /home/airflow/.local/lib/python3.6/site-packages/airflow/example_dags/example_python_operator.py for tasks to queue
[2021-05-08 07:16:38,268] {logging_mixin.py:104} INFO - [2021-05-08 07:16:38,268] {dagbag.py:451} INFO - Filling up the DagBag from /home/airflow/.local/lib/python3.6/site-packages/airflow/example_dags/example_python_operator.py
[2021-05-08 07:16:38,286] {scheduler_job.py:639} INFO - DAG(s) dict_keys(['example_python_operator']) retrieved from /home/airflow/.local/lib/python3.6/site-packages/airflow/example_dags/example_python_operator.py
[2021-05-08 07:16:38,316] {logging_mixin.py:104} INFO - [2021-05-08 07:16:38,316] {dag.py:1824} INFO - Sync 1 DAGs
[2021-05-08 07:16:38,336] {logging_mixin.py:104} INFO - [2021-05-08 07:16:38,336] {dag.py:2280} INFO - Setting next_dagrun for example_python_operator to None
[2021-05-08 07:16:38,350] {scheduler_job.py:190} INFO - Processing /home/airflow/.local/lib/python3.6/site-packages/airflow/example_dags/example_python_operator.py took 0.090 seconds
[2021-05-08 07:17:08,833] {scheduler_job.py:182} INFO - Started process (PID=1486) to work on /home/airflow/.local/lib/python3.6/site-packages/airflow/example_dags/example_python_operator.py
[2021-05-08 07:17:08,835] {scheduler_job.py:629} INFO - Processing file /home/airflow/.local/lib/python3.6/site-packages/airflow/example_dags/example_python_operator.py for tasks to queue
[2021-05-08 07:17:08,837] {logging_mixin.py:104} INFO - [2021-05-08 07:17:08,837] {dagbag.py:451} INFO - Filling up the DagBag from /home/airflow/.local/lib/python3.6/site-packages/airflow/example_dags/example_python_operator.py
[2021-05-08 07:17:08,853] {scheduler_job.py:639} INFO - DAG(s) dict_keys(['example_python_operator']) retrieved from /home/airflow/.local/lib/python3.6/site-packages/airflow/example_dags/example_python_operator.py
[2021-05-08 07:17:08,889] {logging_mixin.py:104} INFO - [2021-05-08 07:17:08,889] {dag.py:1824} INFO - Sync 1 DAGs
[2021-05-08 07:17:08,910] {logging_mixin.py:104} INFO - [2021-05-08 07:17:08,910] {dag.py:2280} INFO - Setting next_dagrun for example_python_operator to None
[2021-05-08 07:17:08,924] {scheduler_job.py:190} INFO - Processing /home/airflow/.local/lib/python3.6/site-packages/airflow/example_dags/example_python_operator.py took 0.096 seconds
[2021-05-08 07:17:39,432] {scheduler_job.py:182} INFO - Started process (PID=1513) to work on /home/airflow/.local/lib/python3.6/site-packages/airflow/example_dags/example_python_operator.py
[2021-05-08 07:17:39,434] {scheduler_job.py:629} INFO - Processing file /home/airflow/.local/lib/python3.6/site-packages/airflow/example_dags/example_python_operator.py for tasks to queue
[2021-05-08 07:17:39,436] {logging_mixin.py:104} INFO - [2021-05-08 07:17:39,436] {dagbag.py:451} INFO - Filling up the DagBag from /home/airflow/.local/lib/python3.6/site-packages/airflow/example_dags/example_python_operator.py
[2021-05-08 07:17:39,454] {scheduler_job.py:639} INFO - DAG(s) dict_keys(['example_python_operator']) retrieved from /home/airflow/.local/lib/python3.6/site-packages/airflow/example_dags/example_python_operator.py
[2021-05-08 07:17:39,491] {logging_mixin.py:104} INFO - [2021-05-08 07:17:39,491] {dag.py:1824} INFO - Sync 1 DAGs
[2021-05-08 07:17:39,517] {logging_mixin.py:104} INFO - [2021-05-08 07:17:39,517] {dag.py:2280} INFO - Setting next_dagrun for example_python_operator to None
[2021-05-08 07:17:39,531] {scheduler_job.py:190} INFO - Processing /home/airflow/.local/lib/python3.6/site-packages/airflow/example_dags/example_python_operator.py took 0.104 seconds
[2021-05-08 07:18:10,185] {scheduler_job.py:182} INFO - Started process (PID=1540) to work on /home/airflow/.local/lib/python3.6/site-packages/airflow/example_dags/example_python_operator.py
[2021-05-08 07:18:10,187] {scheduler_job.py:629} INFO - Processing file /home/airflow/.local/lib/python3.6/site-packages/airflow/example_dags/example_python_operator.py for tasks to queue
[2021-05-08 07:18:10,189] {logging_mixin.py:104} INFO - [2021-05-08 07:18:10,189] {dagbag.py:451} INFO - Filling up the DagBag from /home/airflow/.local/lib/python3.6/site-packages/airflow/example_dags/example_python_operator.py
[2021-05-08 07:18:10,205] {scheduler_job.py:639} INFO - DAG(s) dict_keys(['example_python_operator']) retrieved from /home/airflow/.local/lib/python3.6/site-packages/airflow/example_dags/example_python_operator.py
[2021-05-08 07:18:10,237] {logging_mixin.py:104} INFO - [2021-05-08 07:18:10,237] {dag.py:1824} INFO - Sync 1 DAGs
[2021-05-08 07:18:10,256] {logging_mixin.py:104} INFO - [2021-05-08 07:18:10,256] {dag.py:2280} INFO - Setting next_dagrun for example_python_operator to None
[2021-05-08 07:18:10,270] {scheduler_job.py:190} INFO - Processing /home/airflow/.local/lib/python3.6/site-packages/airflow/example_dags/example_python_operator.py took 0.090 seconds
[2021-05-08 07:18:40,980] {scheduler_job.py:182} INFO - Started process (PID=1567) to work on /home/airflow/.local/lib/python3.6/site-packages/airflow/example_dags/example_python_operator.py
[2021-05-08 07:18:40,983] {scheduler_job.py:629} INFO - Processing file /home/airflow/.local/lib/python3.6/site-packages/airflow/example_dags/example_python_operator.py for tasks to queue
[2021-05-08 07:18:40,984] {logging_mixin.py:104} INFO - [2021-05-08 07:18:40,984] {dagbag.py:451} INFO - Filling up the DagBag from /home/airflow/.local/lib/python3.6/site-packages/airflow/example_dags/example_python_operator.py
[2021-05-08 07:18:41,000] {scheduler_job.py:639} INFO - DAG(s) dict_keys(['example_python_operator']) retrieved from /home/airflow/.local/lib/python3.6/site-packages/airflow/example_dags/example_python_operator.py
[2021-05-08 07:18:41,033] {logging_mixin.py:104} INFO - [2021-05-08 07:18:41,032] {dag.py:1824} INFO - Sync 1 DAGs
[2021-05-08 07:18:41,053] {logging_mixin.py:104} INFO - [2021-05-08 07:18:41,053] {dag.py:2280} INFO - Setting next_dagrun for example_python_operator to None
[2021-05-08 07:18:41,067] {scheduler_job.py:190} INFO - Processing /home/airflow/.local/lib/python3.6/site-packages/airflow/example_dags/example_python_operator.py took 0.092 seconds
[2021-05-08 07:19:11,707] {scheduler_job.py:182} INFO - Started process (PID=1594) to work on /home/airflow/.local/lib/python3.6/site-packages/airflow/example_dags/example_python_operator.py
[2021-05-08 07:19:11,709] {scheduler_job.py:629} INFO - Processing file /home/airflow/.local/lib/python3.6/site-packages/airflow/example_dags/example_python_operator.py for tasks to queue
[2021-05-08 07:19:11,711] {logging_mixin.py:104} INFO - [2021-05-08 07:19:11,711] {dagbag.py:451} INFO - Filling up the DagBag from /home/airflow/.local/lib/python3.6/site-packages/airflow/example_dags/example_python_operator.py
[2021-05-08 07:19:11,727] {scheduler_job.py:639} INFO - DAG(s) dict_keys(['example_python_operator']) retrieved from /home/airflow/.local/lib/python3.6/site-packages/airflow/example_dags/example_python_operator.py
[2021-05-08 07:19:11,757] {logging_mixin.py:104} INFO - [2021-05-08 07:19:11,757] {dag.py:1824} INFO - Sync 1 DAGs
[2021-05-08 07:19:11,784] {logging_mixin.py:104} INFO - [2021-05-08 07:19:11,784] {dag.py:2280} INFO - Setting next_dagrun for example_python_operator to None
[2021-05-08 07:19:11,805] {scheduler_job.py:190} INFO - Processing /home/airflow/.local/lib/python3.6/site-packages/airflow/example_dags/example_python_operator.py took 0.102 seconds
[2021-05-08 07:19:42,439] {scheduler_job.py:182} INFO - Started process (PID=1621) to work on /home/airflow/.local/lib/python3.6/site-packages/airflow/example_dags/example_python_operator.py
[2021-05-08 07:19:42,442] {scheduler_job.py:629} INFO - Processing file /home/airflow/.local/lib/python3.6/site-packages/airflow/example_dags/example_python_operator.py for tasks to queue
[2021-05-08 07:19:42,443] {logging_mixin.py:104} INFO - [2021-05-08 07:19:42,443] {dagbag.py:451} INFO - Filling up the DagBag from /home/airflow/.local/lib/python3.6/site-packages/airflow/example_dags/example_python_operator.py
[2021-05-08 07:19:42,459] {scheduler_job.py:639} INFO - DAG(s) dict_keys(['example_python_operator']) retrieved from /home/airflow/.local/lib/python3.6/site-packages/airflow/example_dags/example_python_operator.py
[2021-05-08 07:19:42,491] {logging_mixin.py:104} INFO - [2021-05-08 07:19:42,491] {dag.py:1824} INFO - Sync 1 DAGs
[2021-05-08 07:19:42,510] {logging_mixin.py:104} INFO - [2021-05-08 07:19:42,509] {dag.py:2280} INFO - Setting next_dagrun for example_python_operator to None
[2021-05-08 07:19:42,525] {scheduler_job.py:190} INFO - Processing /home/airflow/.local/lib/python3.6/site-packages/airflow/example_dags/example_python_operator.py took 0.090 seconds
[2021-05-08 07:20:13,239] {scheduler_job.py:182} INFO - Started process (PID=1648) to work on /home/airflow/.local/lib/python3.6/site-packages/airflow/example_dags/example_python_operator.py
[2021-05-08 07:20:13,241] {scheduler_job.py:629} INFO - Processing file /home/airflow/.local/lib/python3.6/site-packages/airflow/example_dags/example_python_operator.py for tasks to queue
[2021-05-08 07:20:13,243] {logging_mixin.py:104} INFO - [2021-05-08 07:20:13,242] {dagbag.py:451} INFO - Filling up the DagBag from /home/airflow/.local/lib/python3.6/site-packages/airflow/example_dags/example_python_operator.py
[2021-05-08 07:20:13,260] {scheduler_job.py:639} INFO - DAG(s) dict_keys(['example_python_operator']) retrieved from /home/airflow/.local/lib/python3.6/site-packages/airflow/example_dags/example_python_operator.py
[2021-05-08 07:20:13,290] {logging_mixin.py:104} INFO - [2021-05-08 07:20:13,290] {dag.py:1824} INFO - Sync 1 DAGs
[2021-05-08 07:20:13,310] {logging_mixin.py:104} INFO - [2021-05-08 07:20:13,310] {dag.py:2280} INFO - Setting next_dagrun for example_python_operator to None
[2021-05-08 07:20:13,326] {scheduler_job.py:190} INFO - Processing /home/airflow/.local/lib/python3.6/site-packages/airflow/example_dags/example_python_operator.py took 0.092 seconds
[2021-05-08 07:20:44,009] {scheduler_job.py:182} INFO - Started process (PID=1675) to work on /home/airflow/.local/lib/python3.6/site-packages/airflow/example_dags/example_python_operator.py
[2021-05-08 07:20:44,011] {scheduler_job.py:629} INFO - Processing file /home/airflow/.local/lib/python3.6/site-packages/airflow/example_dags/example_python_operator.py for tasks to queue
[2021-05-08 07:20:44,013] {logging_mixin.py:104} INFO - [2021-05-08 07:20:44,012] {dagbag.py:451} INFO - Filling up the DagBag from /home/airflow/.local/lib/python3.6/site-packages/airflow/example_dags/example_python_operator.py
[2021-05-08 07:20:44,030] {scheduler_job.py:639} INFO - DAG(s) dict_keys(['example_python_operator']) retrieved from /home/airflow/.local/lib/python3.6/site-packages/airflow/example_dags/example_python_operator.py
[2021-05-08 07:20:44,063] {logging_mixin.py:104} INFO - [2021-05-08 07:20:44,062] {dag.py:1824} INFO - Sync 1 DAGs
[2021-05-08 07:20:44,082] {logging_mixin.py:104} INFO - [2021-05-08 07:20:44,082] {dag.py:2280} INFO - Setting next_dagrun for example_python_operator to None
[2021-05-08 07:20:44,096] {scheduler_job.py:190} INFO - Processing /home/airflow/.local/lib/python3.6/site-packages/airflow/example_dags/example_python_operator.py took 0.092 seconds
[2021-05-08 07:21:14,723] {scheduler_job.py:182} INFO - Started process (PID=1702) to work on /home/airflow/.local/lib/python3.6/site-packages/airflow/example_dags/example_python_operator.py
[2021-05-08 07:21:14,726] {scheduler_job.py:629} INFO - Processing file /home/airflow/.local/lib/python3.6/site-packages/airflow/example_dags/example_python_operator.py for tasks to queue
[2021-05-08 07:21:14,727] {logging_mixin.py:104} INFO - [2021-05-08 07:21:14,727] {dagbag.py:451} INFO - Filling up the DagBag from /home/airflow/.local/lib/python3.6/site-packages/airflow/example_dags/example_python_operator.py
[2021-05-08 07:21:14,746] {scheduler_job.py:639} INFO - DAG(s) dict_keys(['example_python_operator']) retrieved from /home/airflow/.local/lib/python3.6/site-packages/airflow/example_dags/example_python_operator.py
[2021-05-08 07:21:14,780] {logging_mixin.py:104} INFO - [2021-05-08 07:21:14,780] {dag.py:1824} INFO - Sync 1 DAGs
[2021-05-08 07:21:14,800] {logging_mixin.py:104} INFO - [2021-05-08 07:21:14,800] {dag.py:2280} INFO - Setting next_dagrun for example_python_operator to None
[2021-05-08 07:21:14,813] {scheduler_job.py:190} INFO - Processing /home/airflow/.local/lib/python3.6/site-packages/airflow/example_dags/example_python_operator.py took 0.095 seconds
[2021-05-08 07:21:45,411] {scheduler_job.py:182} INFO - Started process (PID=1729) to work on /home/airflow/.local/lib/python3.6/site-packages/airflow/example_dags/example_python_operator.py
[2021-05-08 07:21:45,413] {scheduler_job.py:629} INFO - Processing file /home/airflow/.local/lib/python3.6/site-packages/airflow/example_dags/example_python_operator.py for tasks to queue
[2021-05-08 07:21:45,415] {logging_mixin.py:104} INFO - [2021-05-08 07:21:45,415] {dagbag.py:451} INFO - Filling up the DagBag from /home/airflow/.local/lib/python3.6/site-packages/airflow/example_dags/example_python_operator.py
[2021-05-08 07:21:45,432] {scheduler_job.py:639} INFO - DAG(s) dict_keys(['example_python_operator']) retrieved from /home/airflow/.local/lib/python3.6/site-packages/airflow/example_dags/example_python_operator.py
[2021-05-08 07:21:45,463] {logging_mixin.py:104} INFO - [2021-05-08 07:21:45,463] {dag.py:1824} INFO - Sync 1 DAGs
[2021-05-08 07:21:45,483] {logging_mixin.py:104} INFO - [2021-05-08 07:21:45,483] {dag.py:2280} INFO - Setting next_dagrun for example_python_operator to None
[2021-05-08 07:21:45,497] {scheduler_job.py:190} INFO - Processing /home/airflow/.local/lib/python3.6/site-packages/airflow/example_dags/example_python_operator.py took 0.090 seconds
[2021-05-08 07:22:16,158] {scheduler_job.py:182} INFO - Started process (PID=1756) to work on /home/airflow/.local/lib/python3.6/site-packages/airflow/example_dags/example_python_operator.py
[2021-05-08 07:22:16,161] {scheduler_job.py:629} INFO - Processing file /home/airflow/.local/lib/python3.6/site-packages/airflow/example_dags/example_python_operator.py for tasks to queue
[2021-05-08 07:22:16,163] {logging_mixin.py:104} INFO - [2021-05-08 07:22:16,163] {dagbag.py:451} INFO - Filling up the DagBag from /home/airflow/.local/lib/python3.6/site-packages/airflow/example_dags/example_python_operator.py
[2021-05-08 07:22:16,180] {scheduler_job.py:639} INFO - DAG(s) dict_keys(['example_python_operator']) retrieved from /home/airflow/.local/lib/python3.6/site-packages/airflow/example_dags/example_python_operator.py
[2021-05-08 07:22:16,214] {logging_mixin.py:104} INFO - [2021-05-08 07:22:16,214] {dag.py:1824} INFO - Sync 1 DAGs
[2021-05-08 07:22:16,235] {logging_mixin.py:104} INFO - [2021-05-08 07:22:16,235] {dag.py:2280} INFO - Setting next_dagrun for example_python_operator to None
[2021-05-08 07:22:16,250] {scheduler_job.py:190} INFO - Processing /home/airflow/.local/lib/python3.6/site-packages/airflow/example_dags/example_python_operator.py took 0.097 seconds
[2021-05-08 07:22:46,778] {scheduler_job.py:182} INFO - Started process (PID=1783) to work on /home/airflow/.local/lib/python3.6/site-packages/airflow/example_dags/example_python_operator.py
[2021-05-08 07:22:46,781] {scheduler_job.py:629} INFO - Processing file /home/airflow/.local/lib/python3.6/site-packages/airflow/example_dags/example_python_operator.py for tasks to queue
[2021-05-08 07:22:46,782] {logging_mixin.py:104} INFO - [2021-05-08 07:22:46,782] {dagbag.py:451} INFO - Filling up the DagBag from /home/airflow/.local/lib/python3.6/site-packages/airflow/example_dags/example_python_operator.py
[2021-05-08 07:22:46,799] {scheduler_job.py:639} INFO - DAG(s) dict_keys(['example_python_operator']) retrieved from /home/airflow/.local/lib/python3.6/site-packages/airflow/example_dags/example_python_operator.py
[2021-05-08 07:22:46,833] {logging_mixin.py:104} INFO - [2021-05-08 07:22:46,833] {dag.py:1824} INFO - Sync 1 DAGs
[2021-05-08 07:22:46,853] {logging_mixin.py:104} INFO - [2021-05-08 07:22:46,853] {dag.py:2280} INFO - Setting next_dagrun for example_python_operator to None
[2021-05-08 07:22:46,867] {scheduler_job.py:190} INFO - Processing /home/airflow/.local/lib/python3.6/site-packages/airflow/example_dags/example_python_operator.py took 0.093 seconds
[2021-05-08 07:23:17,359] {scheduler_job.py:182} INFO - Started process (PID=1810) to work on /home/airflow/.local/lib/python3.6/site-packages/airflow/example_dags/example_python_operator.py
[2021-05-08 07:23:17,361] {scheduler_job.py:629} INFO - Processing file /home/airflow/.local/lib/python3.6/site-packages/airflow/example_dags/example_python_operator.py for tasks to queue
[2021-05-08 07:23:17,363] {logging_mixin.py:104} INFO - [2021-05-08 07:23:17,363] {dagbag.py:451} INFO - Filling up the DagBag from /home/airflow/.local/lib/python3.6/site-packages/airflow/example_dags/example_python_operator.py
[2021-05-08 07:23:17,379] {scheduler_job.py:639} INFO - DAG(s) dict_keys(['example_python_operator']) retrieved from /home/airflow/.local/lib/python3.6/site-packages/airflow/example_dags/example_python_operator.py
[2021-05-08 07:23:17,412] {logging_mixin.py:104} INFO - [2021-05-08 07:23:17,411] {dag.py:1824} INFO - Sync 1 DAGs
[2021-05-08 07:23:17,430] {logging_mixin.py:104} INFO - [2021-05-08 07:23:17,430] {dag.py:2280} INFO - Setting next_dagrun for example_python_operator to None
[2021-05-08 07:23:17,446] {scheduler_job.py:190} INFO - Processing /home/airflow/.local/lib/python3.6/site-packages/airflow/example_dags/example_python_operator.py took 0.092 seconds
[2021-05-08 07:23:47,813] {scheduler_job.py:182} INFO - Started process (PID=1837) to work on /home/airflow/.local/lib/python3.6/site-packages/airflow/example_dags/example_python_operator.py
[2021-05-08 07:23:47,815] {scheduler_job.py:629} INFO - Processing file /home/airflow/.local/lib/python3.6/site-packages/airflow/example_dags/example_python_operator.py for tasks to queue
[2021-05-08 07:23:47,817] {logging_mixin.py:104} INFO - [2021-05-08 07:23:47,816] {dagbag.py:451} INFO - Filling up the DagBag from /home/airflow/.local/lib/python3.6/site-packages/airflow/example_dags/example_python_operator.py
[2021-05-08 07:23:47,834] {scheduler_job.py:639} INFO - DAG(s) dict_keys(['example_python_operator']) retrieved from /home/airflow/.local/lib/python3.6/site-packages/airflow/example_dags/example_python_operator.py
[2021-05-08 07:23:47,865] {logging_mixin.py:104} INFO - [2021-05-08 07:23:47,864] {dag.py:1824} INFO - Sync 1 DAGs
[2021-05-08 07:23:47,886] {logging_mixin.py:104} INFO - [2021-05-08 07:23:47,885] {dag.py:2280} INFO - Setting next_dagrun for example_python_operator to None
[2021-05-08 07:23:47,902] {scheduler_job.py:190} INFO - Processing /home/airflow/.local/lib/python3.6/site-packages/airflow/example_dags/example_python_operator.py took 0.093 seconds
[2021-05-08 07:24:18,429] {scheduler_job.py:182} INFO - Started process (PID=1864) to work on /home/airflow/.local/lib/python3.6/site-packages/airflow/example_dags/example_python_operator.py
[2021-05-08 07:24:18,431] {scheduler_job.py:629} INFO - Processing file /home/airflow/.local/lib/python3.6/site-packages/airflow/example_dags/example_python_operator.py for tasks to queue
[2021-05-08 07:24:18,433] {logging_mixin.py:104} INFO - [2021-05-08 07:24:18,433] {dagbag.py:451} INFO - Filling up the DagBag from /home/airflow/.local/lib/python3.6/site-packages/airflow/example_dags/example_python_operator.py
[2021-05-08 07:24:18,449] {scheduler_job.py:639} INFO - DAG(s) dict_keys(['example_python_operator']) retrieved from /home/airflow/.local/lib/python3.6/site-packages/airflow/example_dags/example_python_operator.py
[2021-05-08 07:24:18,482] {logging_mixin.py:104} INFO - [2021-05-08 07:24:18,481] {dag.py:1824} INFO - Sync 1 DAGs
[2021-05-08 07:24:18,501] {logging_mixin.py:104} INFO - [2021-05-08 07:24:18,501] {dag.py:2280} INFO - Setting next_dagrun for example_python_operator to None
[2021-05-08 07:24:18,512] {scheduler_job.py:190} INFO - Processing /home/airflow/.local/lib/python3.6/site-packages/airflow/example_dags/example_python_operator.py took 0.088 seconds
[2021-05-08 07:24:49,026] {scheduler_job.py:182} INFO - Started process (PID=1891) to work on /home/airflow/.local/lib/python3.6/site-packages/airflow/example_dags/example_python_operator.py
[2021-05-08 07:24:49,029] {scheduler_job.py:629} INFO - Processing file /home/airflow/.local/lib/python3.6/site-packages/airflow/example_dags/example_python_operator.py for tasks to queue
[2021-05-08 07:24:49,030] {logging_mixin.py:104} INFO - [2021-05-08 07:24:49,030] {dagbag.py:451} INFO - Filling up the DagBag from /home/airflow/.local/lib/python3.6/site-packages/airflow/example_dags/example_python_operator.py
[2021-05-08 07:24:49,049] {scheduler_job.py:639} INFO - DAG(s) dict_keys(['example_python_operator']) retrieved from /home/airflow/.local/lib/python3.6/site-packages/airflow/example_dags/example_python_operator.py
[2021-05-08 07:24:49,092] {logging_mixin.py:104} INFO - [2021-05-08 07:24:49,091] {dag.py:1824} INFO - Sync 1 DAGs
[2021-05-08 07:24:49,117] {logging_mixin.py:104} INFO - [2021-05-08 07:24:49,117] {dag.py:2280} INFO - Setting next_dagrun for example_python_operator to None
[2021-05-08 07:24:49,135] {scheduler_job.py:190} INFO - Processing /home/airflow/.local/lib/python3.6/site-packages/airflow/example_dags/example_python_operator.py took 0.113 seconds
[2021-05-08 07:25:19,772] {scheduler_job.py:182} INFO - Started process (PID=1918) to work on /home/airflow/.local/lib/python3.6/site-packages/airflow/example_dags/example_python_operator.py
[2021-05-08 07:25:19,774] {scheduler_job.py:629} INFO - Processing file /home/airflow/.local/lib/python3.6/site-packages/airflow/example_dags/example_python_operator.py for tasks to queue
[2021-05-08 07:25:19,775] {logging_mixin.py:104} INFO - [2021-05-08 07:25:19,775] {dagbag.py:451} INFO - Filling up the DagBag from /home/airflow/.local/lib/python3.6/site-packages/airflow/example_dags/example_python_operator.py
[2021-05-08 07:25:19,792] {scheduler_job.py:639} INFO - DAG(s) dict_keys(['example_python_operator']) retrieved from /home/airflow/.local/lib/python3.6/site-packages/airflow/example_dags/example_python_operator.py
[2021-05-08 07:25:19,827] {logging_mixin.py:104} INFO - [2021-05-08 07:25:19,827] {dag.py:1824} INFO - Sync 1 DAGs
[2021-05-08 07:25:19,849] {logging_mixin.py:104} INFO - [2021-05-08 07:25:19,849] {dag.py:2280} INFO - Setting next_dagrun for example_python_operator to None
[2021-05-08 07:25:19,863] {scheduler_job.py:190} INFO - Processing /home/airflow/.local/lib/python3.6/site-packages/airflow/example_dags/example_python_operator.py took 0.097 seconds
[2021-05-08 07:25:50,417] {scheduler_job.py:182} INFO - Started process (PID=1945) to work on /home/airflow/.local/lib/python3.6/site-packages/airflow/example_dags/example_python_operator.py
[2021-05-08 07:25:50,419] {scheduler_job.py:629} INFO - Processing file /home/airflow/.local/lib/python3.6/site-packages/airflow/example_dags/example_python_operator.py for tasks to queue
[2021-05-08 07:25:50,421] {logging_mixin.py:104} INFO - [2021-05-08 07:25:50,421] {dagbag.py:451} INFO - Filling up the DagBag from /home/airflow/.local/lib/python3.6/site-packages/airflow/example_dags/example_python_operator.py
[2021-05-08 07:25:50,438] {scheduler_job.py:639} INFO - DAG(s) dict_keys(['example_python_operator']) retrieved from /home/airflow/.local/lib/python3.6/site-packages/airflow/example_dags/example_python_operator.py
[2021-05-08 07:25:50,466] {logging_mixin.py:104} INFO - [2021-05-08 07:25:50,466] {dag.py:1824} INFO - Sync 1 DAGs
[2021-05-08 07:25:50,485] {logging_mixin.py:104} INFO - [2021-05-08 07:25:50,485] {dag.py:2280} INFO - Setting next_dagrun for example_python_operator to None
[2021-05-08 07:25:50,500] {scheduler_job.py:190} INFO - Processing /home/airflow/.local/lib/python3.6/site-packages/airflow/example_dags/example_python_operator.py took 0.087 seconds
[2021-05-08 07:26:21,096] {scheduler_job.py:182} INFO - Started process (PID=1972) to work on /home/airflow/.local/lib/python3.6/site-packages/airflow/example_dags/example_python_operator.py
[2021-05-08 07:26:21,098] {scheduler_job.py:629} INFO - Processing file /home/airflow/.local/lib/python3.6/site-packages/airflow/example_dags/example_python_operator.py for tasks to queue
[2021-05-08 07:26:21,100] {logging_mixin.py:104} INFO - [2021-05-08 07:26:21,099] {dagbag.py:451} INFO - Filling up the DagBag from /home/airflow/.local/lib/python3.6/site-packages/airflow/example_dags/example_python_operator.py
[2021-05-08 07:26:21,116] {scheduler_job.py:639} INFO - DAG(s) dict_keys(['example_python_operator']) retrieved from /home/airflow/.local/lib/python3.6/site-packages/airflow/example_dags/example_python_operator.py
[2021-05-08 07:26:21,145] {logging_mixin.py:104} INFO - [2021-05-08 07:26:21,145] {dag.py:1824} INFO - Sync 1 DAGs
[2021-05-08 07:26:21,166] {logging_mixin.py:104} INFO - [2021-05-08 07:26:21,166] {dag.py:2280} INFO - Setting next_dagrun for example_python_operator to None
[2021-05-08 07:26:21,179] {scheduler_job.py:190} INFO - Processing /home/airflow/.local/lib/python3.6/site-packages/airflow/example_dags/example_python_operator.py took 0.088 seconds
[2021-05-08 07:26:51,740] {scheduler_job.py:182} INFO - Started process (PID=1999) to work on /home/airflow/.local/lib/python3.6/site-packages/airflow/example_dags/example_python_operator.py
[2021-05-08 07:26:51,743] {scheduler_job.py:629} INFO - Processing file /home/airflow/.local/lib/python3.6/site-packages/airflow/example_dags/example_python_operator.py for tasks to queue
[2021-05-08 07:26:51,745] {logging_mixin.py:104} INFO - [2021-05-08 07:26:51,745] {dagbag.py:451} INFO - Filling up the DagBag from /home/airflow/.local/lib/python3.6/site-packages/airflow/example_dags/example_python_operator.py
[2021-05-08 07:26:51,768] {scheduler_job.py:639} INFO - DAG(s) dict_keys(['example_python_operator']) retrieved from /home/airflow/.local/lib/python3.6/site-packages/airflow/example_dags/example_python_operator.py
[2021-05-08 07:26:51,807] {logging_mixin.py:104} INFO - [2021-05-08 07:26:51,807] {dag.py:1824} INFO - Sync 1 DAGs
[2021-05-08 07:26:51,837] {logging_mixin.py:104} INFO - [2021-05-08 07:26:51,837] {dag.py:2280} INFO - Setting next_dagrun for example_python_operator to None
[2021-05-08 07:26:51,854] {scheduler_job.py:190} INFO - Processing /home/airflow/.local/lib/python3.6/site-packages/airflow/example_dags/example_python_operator.py took 0.119 seconds
