[2021-05-08 06:49:58,884] {scheduler_job.py:182} INFO - Started process (PID=46) to work on /home/airflow/.local/lib/python3.6/site-packages/airflow/example_dags/example_skip_dag.py
[2021-05-08 06:49:58,889] {scheduler_job.py:629} INFO - Processing file /home/airflow/.local/lib/python3.6/site-packages/airflow/example_dags/example_skip_dag.py for tasks to queue
[2021-05-08 06:49:58,892] {logging_mixin.py:104} INFO - [2021-05-08 06:49:58,892] {dagbag.py:451} INFO - Filling up the DagBag from /home/airflow/.local/lib/python3.6/site-packages/airflow/example_dags/example_skip_dag.py
[2021-05-08 06:49:58,924] {scheduler_job.py:639} INFO - DAG(s) dict_keys(['example_skip_dag']) retrieved from /home/airflow/.local/lib/python3.6/site-packages/airflow/example_dags/example_skip_dag.py
[2021-05-08 06:49:59,013] {logging_mixin.py:104} INFO - [2021-05-08 06:49:59,012] {dag.py:1824} INFO - Sync 1 DAGs
[2021-05-08 06:49:59,103] {logging_mixin.py:104} INFO - [2021-05-08 06:49:59,103] {dag.py:2280} INFO - Setting next_dagrun for example_skip_dag to 2021-05-06 00:00:00+00:00
[2021-05-08 06:49:59,156] {scheduler_job.py:190} INFO - Processing /home/airflow/.local/lib/python3.6/site-packages/airflow/example_dags/example_skip_dag.py took 0.272 seconds
[2021-05-08 06:50:29,443] {scheduler_job.py:182} INFO - Started process (PID=74) to work on /home/airflow/.local/lib/python3.6/site-packages/airflow/example_dags/example_skip_dag.py
[2021-05-08 06:50:29,446] {scheduler_job.py:629} INFO - Processing file /home/airflow/.local/lib/python3.6/site-packages/airflow/example_dags/example_skip_dag.py for tasks to queue
[2021-05-08 06:50:29,448] {logging_mixin.py:104} INFO - [2021-05-08 06:50:29,447] {dagbag.py:451} INFO - Filling up the DagBag from /home/airflow/.local/lib/python3.6/site-packages/airflow/example_dags/example_skip_dag.py
[2021-05-08 06:50:29,461] {scheduler_job.py:639} INFO - DAG(s) dict_keys(['example_skip_dag']) retrieved from /home/airflow/.local/lib/python3.6/site-packages/airflow/example_dags/example_skip_dag.py
[2021-05-08 06:50:29,491] {logging_mixin.py:104} INFO - [2021-05-08 06:50:29,490] {dag.py:1824} INFO - Sync 1 DAGs
[2021-05-08 06:50:29,511] {logging_mixin.py:104} INFO - [2021-05-08 06:50:29,510] {dag.py:2280} INFO - Setting next_dagrun for example_skip_dag to 2021-05-06 00:00:00+00:00
[2021-05-08 06:50:29,524] {scheduler_job.py:190} INFO - Processing /home/airflow/.local/lib/python3.6/site-packages/airflow/example_dags/example_skip_dag.py took 0.086 seconds
[2021-05-08 06:51:00,093] {scheduler_job.py:182} INFO - Started process (PID=97) to work on /home/airflow/.local/lib/python3.6/site-packages/airflow/example_dags/example_skip_dag.py
[2021-05-08 06:51:00,096] {scheduler_job.py:629} INFO - Processing file /home/airflow/.local/lib/python3.6/site-packages/airflow/example_dags/example_skip_dag.py for tasks to queue
[2021-05-08 06:51:00,098] {logging_mixin.py:104} INFO - [2021-05-08 06:51:00,098] {dagbag.py:451} INFO - Filling up the DagBag from /home/airflow/.local/lib/python3.6/site-packages/airflow/example_dags/example_skip_dag.py
[2021-05-08 06:51:00,115] {scheduler_job.py:639} INFO - DAG(s) dict_keys(['example_skip_dag']) retrieved from /home/airflow/.local/lib/python3.6/site-packages/airflow/example_dags/example_skip_dag.py
[2021-05-08 06:51:00,147] {logging_mixin.py:104} INFO - [2021-05-08 06:51:00,146] {dag.py:1824} INFO - Sync 1 DAGs
[2021-05-08 06:51:00,169] {logging_mixin.py:104} INFO - [2021-05-08 06:51:00,169] {dag.py:2280} INFO - Setting next_dagrun for example_skip_dag to 2021-05-06 00:00:00+00:00
[2021-05-08 06:51:00,193] {scheduler_job.py:190} INFO - Processing /home/airflow/.local/lib/python3.6/site-packages/airflow/example_dags/example_skip_dag.py took 0.105 seconds
[2021-05-08 06:51:30,839] {scheduler_job.py:182} INFO - Started process (PID=124) to work on /home/airflow/.local/lib/python3.6/site-packages/airflow/example_dags/example_skip_dag.py
[2021-05-08 06:51:30,841] {scheduler_job.py:629} INFO - Processing file /home/airflow/.local/lib/python3.6/site-packages/airflow/example_dags/example_skip_dag.py for tasks to queue
[2021-05-08 06:51:30,844] {logging_mixin.py:104} INFO - [2021-05-08 06:51:30,844] {dagbag.py:451} INFO - Filling up the DagBag from /home/airflow/.local/lib/python3.6/site-packages/airflow/example_dags/example_skip_dag.py
[2021-05-08 06:51:30,861] {scheduler_job.py:639} INFO - DAG(s) dict_keys(['example_skip_dag']) retrieved from /home/airflow/.local/lib/python3.6/site-packages/airflow/example_dags/example_skip_dag.py
[2021-05-08 06:51:30,896] {logging_mixin.py:104} INFO - [2021-05-08 06:51:30,896] {dag.py:1824} INFO - Sync 1 DAGs
[2021-05-08 06:51:30,919] {logging_mixin.py:104} INFO - [2021-05-08 06:51:30,918] {dag.py:2280} INFO - Setting next_dagrun for example_skip_dag to 2021-05-06 00:00:00+00:00
[2021-05-08 06:51:30,933] {scheduler_job.py:190} INFO - Processing /home/airflow/.local/lib/python3.6/site-packages/airflow/example_dags/example_skip_dag.py took 0.100 seconds
[2021-05-08 06:52:01,590] {scheduler_job.py:182} INFO - Started process (PID=151) to work on /home/airflow/.local/lib/python3.6/site-packages/airflow/example_dags/example_skip_dag.py
[2021-05-08 06:52:01,593] {scheduler_job.py:629} INFO - Processing file /home/airflow/.local/lib/python3.6/site-packages/airflow/example_dags/example_skip_dag.py for tasks to queue
[2021-05-08 06:52:01,594] {logging_mixin.py:104} INFO - [2021-05-08 06:52:01,594] {dagbag.py:451} INFO - Filling up the DagBag from /home/airflow/.local/lib/python3.6/site-packages/airflow/example_dags/example_skip_dag.py
[2021-05-08 06:52:01,610] {scheduler_job.py:639} INFO - DAG(s) dict_keys(['example_skip_dag']) retrieved from /home/airflow/.local/lib/python3.6/site-packages/airflow/example_dags/example_skip_dag.py
[2021-05-08 06:52:01,639] {logging_mixin.py:104} INFO - [2021-05-08 06:52:01,639] {dag.py:1824} INFO - Sync 1 DAGs
[2021-05-08 06:52:01,660] {logging_mixin.py:104} INFO - [2021-05-08 06:52:01,660] {dag.py:2280} INFO - Setting next_dagrun for example_skip_dag to 2021-05-06 00:00:00+00:00
[2021-05-08 06:52:01,675] {scheduler_job.py:190} INFO - Processing /home/airflow/.local/lib/python3.6/site-packages/airflow/example_dags/example_skip_dag.py took 0.089 seconds
[2021-05-08 06:52:32,096] {scheduler_job.py:182} INFO - Started process (PID=178) to work on /home/airflow/.local/lib/python3.6/site-packages/airflow/example_dags/example_skip_dag.py
[2021-05-08 06:52:32,099] {scheduler_job.py:629} INFO - Processing file /home/airflow/.local/lib/python3.6/site-packages/airflow/example_dags/example_skip_dag.py for tasks to queue
[2021-05-08 06:52:32,101] {logging_mixin.py:104} INFO - [2021-05-08 06:52:32,101] {dagbag.py:451} INFO - Filling up the DagBag from /home/airflow/.local/lib/python3.6/site-packages/airflow/example_dags/example_skip_dag.py
[2021-05-08 06:52:32,114] {scheduler_job.py:639} INFO - DAG(s) dict_keys(['example_skip_dag']) retrieved from /home/airflow/.local/lib/python3.6/site-packages/airflow/example_dags/example_skip_dag.py
[2021-05-08 06:52:32,142] {logging_mixin.py:104} INFO - [2021-05-08 06:52:32,142] {dag.py:1824} INFO - Sync 1 DAGs
[2021-05-08 06:52:32,161] {logging_mixin.py:104} INFO - [2021-05-08 06:52:32,161] {dag.py:2280} INFO - Setting next_dagrun for example_skip_dag to 2021-05-06 00:00:00+00:00
[2021-05-08 06:52:32,174] {scheduler_job.py:190} INFO - Processing /home/airflow/.local/lib/python3.6/site-packages/airflow/example_dags/example_skip_dag.py took 0.081 seconds
[2021-05-08 06:53:02,761] {scheduler_job.py:182} INFO - Started process (PID=205) to work on /home/airflow/.local/lib/python3.6/site-packages/airflow/example_dags/example_skip_dag.py
[2021-05-08 06:53:02,764] {scheduler_job.py:629} INFO - Processing file /home/airflow/.local/lib/python3.6/site-packages/airflow/example_dags/example_skip_dag.py for tasks to queue
[2021-05-08 06:53:02,765] {logging_mixin.py:104} INFO - [2021-05-08 06:53:02,765] {dagbag.py:451} INFO - Filling up the DagBag from /home/airflow/.local/lib/python3.6/site-packages/airflow/example_dags/example_skip_dag.py
[2021-05-08 06:53:02,782] {scheduler_job.py:639} INFO - DAG(s) dict_keys(['example_skip_dag']) retrieved from /home/airflow/.local/lib/python3.6/site-packages/airflow/example_dags/example_skip_dag.py
[2021-05-08 06:53:02,813] {logging_mixin.py:104} INFO - [2021-05-08 06:53:02,812] {dag.py:1824} INFO - Sync 1 DAGs
[2021-05-08 06:53:02,839] {logging_mixin.py:104} INFO - [2021-05-08 06:53:02,839] {dag.py:2280} INFO - Setting next_dagrun for example_skip_dag to 2021-05-06 00:00:00+00:00
[2021-05-08 06:53:02,853] {scheduler_job.py:190} INFO - Processing /home/airflow/.local/lib/python3.6/site-packages/airflow/example_dags/example_skip_dag.py took 0.095 seconds
[2021-05-08 06:53:33,416] {scheduler_job.py:182} INFO - Started process (PID=232) to work on /home/airflow/.local/lib/python3.6/site-packages/airflow/example_dags/example_skip_dag.py
[2021-05-08 06:53:33,418] {scheduler_job.py:629} INFO - Processing file /home/airflow/.local/lib/python3.6/site-packages/airflow/example_dags/example_skip_dag.py for tasks to queue
[2021-05-08 06:53:33,420] {logging_mixin.py:104} INFO - [2021-05-08 06:53:33,420] {dagbag.py:451} INFO - Filling up the DagBag from /home/airflow/.local/lib/python3.6/site-packages/airflow/example_dags/example_skip_dag.py
[2021-05-08 06:53:33,436] {scheduler_job.py:639} INFO - DAG(s) dict_keys(['example_skip_dag']) retrieved from /home/airflow/.local/lib/python3.6/site-packages/airflow/example_dags/example_skip_dag.py
[2021-05-08 06:53:33,470] {logging_mixin.py:104} INFO - [2021-05-08 06:53:33,470] {dag.py:1824} INFO - Sync 1 DAGs
[2021-05-08 06:53:33,491] {logging_mixin.py:104} INFO - [2021-05-08 06:53:33,490] {dag.py:2280} INFO - Setting next_dagrun for example_skip_dag to 2021-05-06 00:00:00+00:00
[2021-05-08 06:53:33,510] {scheduler_job.py:190} INFO - Processing /home/airflow/.local/lib/python3.6/site-packages/airflow/example_dags/example_skip_dag.py took 0.100 seconds
[2021-05-08 06:54:04,034] {scheduler_job.py:182} INFO - Started process (PID=259) to work on /home/airflow/.local/lib/python3.6/site-packages/airflow/example_dags/example_skip_dag.py
[2021-05-08 06:54:04,036] {scheduler_job.py:629} INFO - Processing file /home/airflow/.local/lib/python3.6/site-packages/airflow/example_dags/example_skip_dag.py for tasks to queue
[2021-05-08 06:54:04,038] {logging_mixin.py:104} INFO - [2021-05-08 06:54:04,038] {dagbag.py:451} INFO - Filling up the DagBag from /home/airflow/.local/lib/python3.6/site-packages/airflow/example_dags/example_skip_dag.py
[2021-05-08 06:54:04,053] {scheduler_job.py:639} INFO - DAG(s) dict_keys(['example_skip_dag']) retrieved from /home/airflow/.local/lib/python3.6/site-packages/airflow/example_dags/example_skip_dag.py
[2021-05-08 06:54:04,082] {logging_mixin.py:104} INFO - [2021-05-08 06:54:04,082] {dag.py:1824} INFO - Sync 1 DAGs
[2021-05-08 06:54:04,100] {logging_mixin.py:104} INFO - [2021-05-08 06:54:04,100] {dag.py:2280} INFO - Setting next_dagrun for example_skip_dag to 2021-05-06 00:00:00+00:00
[2021-05-08 06:54:04,112] {scheduler_job.py:190} INFO - Processing /home/airflow/.local/lib/python3.6/site-packages/airflow/example_dags/example_skip_dag.py took 0.082 seconds
[2021-05-08 06:54:34,853] {scheduler_job.py:182} INFO - Started process (PID=286) to work on /home/airflow/.local/lib/python3.6/site-packages/airflow/example_dags/example_skip_dag.py
[2021-05-08 06:54:34,855] {scheduler_job.py:629} INFO - Processing file /home/airflow/.local/lib/python3.6/site-packages/airflow/example_dags/example_skip_dag.py for tasks to queue
[2021-05-08 06:54:34,857] {logging_mixin.py:104} INFO - [2021-05-08 06:54:34,857] {dagbag.py:451} INFO - Filling up the DagBag from /home/airflow/.local/lib/python3.6/site-packages/airflow/example_dags/example_skip_dag.py
[2021-05-08 06:54:34,873] {scheduler_job.py:639} INFO - DAG(s) dict_keys(['example_skip_dag']) retrieved from /home/airflow/.local/lib/python3.6/site-packages/airflow/example_dags/example_skip_dag.py
[2021-05-08 06:54:34,899] {logging_mixin.py:104} INFO - [2021-05-08 06:54:34,899] {dag.py:1824} INFO - Sync 1 DAGs
[2021-05-08 06:54:34,919] {logging_mixin.py:104} INFO - [2021-05-08 06:54:34,918] {dag.py:2280} INFO - Setting next_dagrun for example_skip_dag to 2021-05-06 00:00:00+00:00
[2021-05-08 06:54:34,931] {scheduler_job.py:190} INFO - Processing /home/airflow/.local/lib/python3.6/site-packages/airflow/example_dags/example_skip_dag.py took 0.083 seconds
[2021-05-08 06:55:05,717] {scheduler_job.py:182} INFO - Started process (PID=313) to work on /home/airflow/.local/lib/python3.6/site-packages/airflow/example_dags/example_skip_dag.py
[2021-05-08 06:55:05,719] {scheduler_job.py:629} INFO - Processing file /home/airflow/.local/lib/python3.6/site-packages/airflow/example_dags/example_skip_dag.py for tasks to queue
[2021-05-08 06:55:05,721] {logging_mixin.py:104} INFO - [2021-05-08 06:55:05,721] {dagbag.py:451} INFO - Filling up the DagBag from /home/airflow/.local/lib/python3.6/site-packages/airflow/example_dags/example_skip_dag.py
[2021-05-08 06:55:05,738] {scheduler_job.py:639} INFO - DAG(s) dict_keys(['example_skip_dag']) retrieved from /home/airflow/.local/lib/python3.6/site-packages/airflow/example_dags/example_skip_dag.py
[2021-05-08 06:55:05,778] {logging_mixin.py:104} INFO - [2021-05-08 06:55:05,778] {dag.py:1824} INFO - Sync 1 DAGs
[2021-05-08 06:55:05,798] {logging_mixin.py:104} INFO - [2021-05-08 06:55:05,798] {dag.py:2280} INFO - Setting next_dagrun for example_skip_dag to 2021-05-06 00:00:00+00:00
[2021-05-08 06:55:05,811] {scheduler_job.py:190} INFO - Processing /home/airflow/.local/lib/python3.6/site-packages/airflow/example_dags/example_skip_dag.py took 0.099 seconds
[2021-05-08 06:55:36,151] {scheduler_job.py:182} INFO - Started process (PID=340) to work on /home/airflow/.local/lib/python3.6/site-packages/airflow/example_dags/example_skip_dag.py
[2021-05-08 06:55:36,153] {scheduler_job.py:629} INFO - Processing file /home/airflow/.local/lib/python3.6/site-packages/airflow/example_dags/example_skip_dag.py for tasks to queue
[2021-05-08 06:55:36,156] {logging_mixin.py:104} INFO - [2021-05-08 06:55:36,155] {dagbag.py:451} INFO - Filling up the DagBag from /home/airflow/.local/lib/python3.6/site-packages/airflow/example_dags/example_skip_dag.py
[2021-05-08 06:55:36,171] {scheduler_job.py:639} INFO - DAG(s) dict_keys(['example_skip_dag']) retrieved from /home/airflow/.local/lib/python3.6/site-packages/airflow/example_dags/example_skip_dag.py
[2021-05-08 06:55:36,205] {logging_mixin.py:104} INFO - [2021-05-08 06:55:36,205] {dag.py:1824} INFO - Sync 1 DAGs
[2021-05-08 06:55:36,227] {logging_mixin.py:104} INFO - [2021-05-08 06:55:36,227] {dag.py:2280} INFO - Setting next_dagrun for example_skip_dag to 2021-05-06 00:00:00+00:00
[2021-05-08 06:55:36,240] {scheduler_job.py:190} INFO - Processing /home/airflow/.local/lib/python3.6/site-packages/airflow/example_dags/example_skip_dag.py took 0.094 seconds
[2021-05-08 06:56:06,758] {scheduler_job.py:182} INFO - Started process (PID=367) to work on /home/airflow/.local/lib/python3.6/site-packages/airflow/example_dags/example_skip_dag.py
[2021-05-08 06:56:06,760] {scheduler_job.py:629} INFO - Processing file /home/airflow/.local/lib/python3.6/site-packages/airflow/example_dags/example_skip_dag.py for tasks to queue
[2021-05-08 06:56:06,761] {logging_mixin.py:104} INFO - [2021-05-08 06:56:06,761] {dagbag.py:451} INFO - Filling up the DagBag from /home/airflow/.local/lib/python3.6/site-packages/airflow/example_dags/example_skip_dag.py
[2021-05-08 06:56:06,776] {scheduler_job.py:639} INFO - DAG(s) dict_keys(['example_skip_dag']) retrieved from /home/airflow/.local/lib/python3.6/site-packages/airflow/example_dags/example_skip_dag.py
[2021-05-08 06:56:06,804] {logging_mixin.py:104} INFO - [2021-05-08 06:56:06,804] {dag.py:1824} INFO - Sync 1 DAGs
[2021-05-08 06:56:06,824] {logging_mixin.py:104} INFO - [2021-05-08 06:56:06,824] {dag.py:2280} INFO - Setting next_dagrun for example_skip_dag to 2021-05-06 00:00:00+00:00
[2021-05-08 06:56:06,836] {scheduler_job.py:190} INFO - Processing /home/airflow/.local/lib/python3.6/site-packages/airflow/example_dags/example_skip_dag.py took 0.083 seconds
[2021-05-08 06:56:37,353] {scheduler_job.py:182} INFO - Started process (PID=394) to work on /home/airflow/.local/lib/python3.6/site-packages/airflow/example_dags/example_skip_dag.py
[2021-05-08 06:56:37,356] {scheduler_job.py:629} INFO - Processing file /home/airflow/.local/lib/python3.6/site-packages/airflow/example_dags/example_skip_dag.py for tasks to queue
[2021-05-08 06:56:37,358] {logging_mixin.py:104} INFO - [2021-05-08 06:56:37,358] {dagbag.py:451} INFO - Filling up the DagBag from /home/airflow/.local/lib/python3.6/site-packages/airflow/example_dags/example_skip_dag.py
[2021-05-08 06:56:37,373] {scheduler_job.py:639} INFO - DAG(s) dict_keys(['example_skip_dag']) retrieved from /home/airflow/.local/lib/python3.6/site-packages/airflow/example_dags/example_skip_dag.py
[2021-05-08 06:56:37,401] {logging_mixin.py:104} INFO - [2021-05-08 06:56:37,401] {dag.py:1824} INFO - Sync 1 DAGs
[2021-05-08 06:56:37,419] {logging_mixin.py:104} INFO - [2021-05-08 06:56:37,419] {dag.py:2280} INFO - Setting next_dagrun for example_skip_dag to 2021-05-06 00:00:00+00:00
[2021-05-08 06:56:37,432] {scheduler_job.py:190} INFO - Processing /home/airflow/.local/lib/python3.6/site-packages/airflow/example_dags/example_skip_dag.py took 0.084 seconds
[2021-05-08 06:57:08,060] {scheduler_job.py:182} INFO - Started process (PID=421) to work on /home/airflow/.local/lib/python3.6/site-packages/airflow/example_dags/example_skip_dag.py
[2021-05-08 06:57:08,064] {scheduler_job.py:629} INFO - Processing file /home/airflow/.local/lib/python3.6/site-packages/airflow/example_dags/example_skip_dag.py for tasks to queue
[2021-05-08 06:57:08,069] {logging_mixin.py:104} INFO - [2021-05-08 06:57:08,069] {dagbag.py:451} INFO - Filling up the DagBag from /home/airflow/.local/lib/python3.6/site-packages/airflow/example_dags/example_skip_dag.py
[2021-05-08 06:57:08,085] {scheduler_job.py:639} INFO - DAG(s) dict_keys(['example_skip_dag']) retrieved from /home/airflow/.local/lib/python3.6/site-packages/airflow/example_dags/example_skip_dag.py
[2021-05-08 06:57:08,116] {logging_mixin.py:104} INFO - [2021-05-08 06:57:08,116] {dag.py:1824} INFO - Sync 1 DAGs
[2021-05-08 06:57:08,145] {logging_mixin.py:104} INFO - [2021-05-08 06:57:08,144] {dag.py:2280} INFO - Setting next_dagrun for example_skip_dag to 2021-05-06 00:00:00+00:00
[2021-05-08 06:57:08,161] {scheduler_job.py:190} INFO - Processing /home/airflow/.local/lib/python3.6/site-packages/airflow/example_dags/example_skip_dag.py took 0.107 seconds
[2021-05-08 06:57:38,813] {scheduler_job.py:182} INFO - Started process (PID=448) to work on /home/airflow/.local/lib/python3.6/site-packages/airflow/example_dags/example_skip_dag.py
[2021-05-08 06:57:38,816] {scheduler_job.py:629} INFO - Processing file /home/airflow/.local/lib/python3.6/site-packages/airflow/example_dags/example_skip_dag.py for tasks to queue
[2021-05-08 06:57:38,819] {logging_mixin.py:104} INFO - [2021-05-08 06:57:38,818] {dagbag.py:451} INFO - Filling up the DagBag from /home/airflow/.local/lib/python3.6/site-packages/airflow/example_dags/example_skip_dag.py
[2021-05-08 06:57:38,849] {scheduler_job.py:639} INFO - DAG(s) dict_keys(['example_skip_dag']) retrieved from /home/airflow/.local/lib/python3.6/site-packages/airflow/example_dags/example_skip_dag.py
[2021-05-08 06:57:38,895] {logging_mixin.py:104} INFO - [2021-05-08 06:57:38,895] {dag.py:1824} INFO - Sync 1 DAGs
[2021-05-08 06:57:38,922] {logging_mixin.py:104} INFO - [2021-05-08 06:57:38,922] {dag.py:2280} INFO - Setting next_dagrun for example_skip_dag to 2021-05-06 00:00:00+00:00
[2021-05-08 06:57:38,951] {scheduler_job.py:190} INFO - Processing /home/airflow/.local/lib/python3.6/site-packages/airflow/example_dags/example_skip_dag.py took 0.144 seconds
[2021-05-08 06:58:09,665] {scheduler_job.py:182} INFO - Started process (PID=475) to work on /home/airflow/.local/lib/python3.6/site-packages/airflow/example_dags/example_skip_dag.py
[2021-05-08 06:58:09,667] {scheduler_job.py:629} INFO - Processing file /home/airflow/.local/lib/python3.6/site-packages/airflow/example_dags/example_skip_dag.py for tasks to queue
[2021-05-08 06:58:09,669] {logging_mixin.py:104} INFO - [2021-05-08 06:58:09,669] {dagbag.py:451} INFO - Filling up the DagBag from /home/airflow/.local/lib/python3.6/site-packages/airflow/example_dags/example_skip_dag.py
[2021-05-08 06:58:09,685] {scheduler_job.py:639} INFO - DAG(s) dict_keys(['example_skip_dag']) retrieved from /home/airflow/.local/lib/python3.6/site-packages/airflow/example_dags/example_skip_dag.py
[2021-05-08 06:58:09,726] {logging_mixin.py:104} INFO - [2021-05-08 06:58:09,725] {dag.py:1824} INFO - Sync 1 DAGs
[2021-05-08 06:58:09,752] {logging_mixin.py:104} INFO - [2021-05-08 06:58:09,752] {dag.py:2280} INFO - Setting next_dagrun for example_skip_dag to 2021-05-06 00:00:00+00:00
[2021-05-08 06:58:09,768] {scheduler_job.py:190} INFO - Processing /home/airflow/.local/lib/python3.6/site-packages/airflow/example_dags/example_skip_dag.py took 0.108 seconds
[2021-05-08 06:58:40,526] {scheduler_job.py:182} INFO - Started process (PID=502) to work on /home/airflow/.local/lib/python3.6/site-packages/airflow/example_dags/example_skip_dag.py
[2021-05-08 06:58:40,528] {scheduler_job.py:629} INFO - Processing file /home/airflow/.local/lib/python3.6/site-packages/airflow/example_dags/example_skip_dag.py for tasks to queue
[2021-05-08 06:58:40,531] {logging_mixin.py:104} INFO - [2021-05-08 06:58:40,530] {dagbag.py:451} INFO - Filling up the DagBag from /home/airflow/.local/lib/python3.6/site-packages/airflow/example_dags/example_skip_dag.py
[2021-05-08 06:58:40,548] {scheduler_job.py:639} INFO - DAG(s) dict_keys(['example_skip_dag']) retrieved from /home/airflow/.local/lib/python3.6/site-packages/airflow/example_dags/example_skip_dag.py
[2021-05-08 06:58:40,586] {logging_mixin.py:104} INFO - [2021-05-08 06:58:40,586] {dag.py:1824} INFO - Sync 1 DAGs
[2021-05-08 06:58:40,615] {logging_mixin.py:104} INFO - [2021-05-08 06:58:40,615] {dag.py:2280} INFO - Setting next_dagrun for example_skip_dag to 2021-05-06 00:00:00+00:00
[2021-05-08 06:58:40,634] {scheduler_job.py:190} INFO - Processing /home/airflow/.local/lib/python3.6/site-packages/airflow/example_dags/example_skip_dag.py took 0.112 seconds
[2021-05-08 06:59:11,238] {scheduler_job.py:182} INFO - Started process (PID=529) to work on /home/airflow/.local/lib/python3.6/site-packages/airflow/example_dags/example_skip_dag.py
[2021-05-08 06:59:11,241] {scheduler_job.py:629} INFO - Processing file /home/airflow/.local/lib/python3.6/site-packages/airflow/example_dags/example_skip_dag.py for tasks to queue
[2021-05-08 06:59:11,243] {logging_mixin.py:104} INFO - [2021-05-08 06:59:11,243] {dagbag.py:451} INFO - Filling up the DagBag from /home/airflow/.local/lib/python3.6/site-packages/airflow/example_dags/example_skip_dag.py
[2021-05-08 06:59:11,261] {scheduler_job.py:639} INFO - DAG(s) dict_keys(['example_skip_dag']) retrieved from /home/airflow/.local/lib/python3.6/site-packages/airflow/example_dags/example_skip_dag.py
[2021-05-08 06:59:11,295] {logging_mixin.py:104} INFO - [2021-05-08 06:59:11,295] {dag.py:1824} INFO - Sync 1 DAGs
[2021-05-08 06:59:11,318] {logging_mixin.py:104} INFO - [2021-05-08 06:59:11,318] {dag.py:2280} INFO - Setting next_dagrun for example_skip_dag to 2021-05-06 00:00:00+00:00
[2021-05-08 06:59:11,333] {scheduler_job.py:190} INFO - Processing /home/airflow/.local/lib/python3.6/site-packages/airflow/example_dags/example_skip_dag.py took 0.099 seconds
[2021-05-08 06:59:42,193] {scheduler_job.py:182} INFO - Started process (PID=556) to work on /home/airflow/.local/lib/python3.6/site-packages/airflow/example_dags/example_skip_dag.py
[2021-05-08 06:59:42,196] {scheduler_job.py:629} INFO - Processing file /home/airflow/.local/lib/python3.6/site-packages/airflow/example_dags/example_skip_dag.py for tasks to queue
[2021-05-08 06:59:42,198] {logging_mixin.py:104} INFO - [2021-05-08 06:59:42,198] {dagbag.py:451} INFO - Filling up the DagBag from /home/airflow/.local/lib/python3.6/site-packages/airflow/example_dags/example_skip_dag.py
[2021-05-08 06:59:42,214] {scheduler_job.py:639} INFO - DAG(s) dict_keys(['example_skip_dag']) retrieved from /home/airflow/.local/lib/python3.6/site-packages/airflow/example_dags/example_skip_dag.py
[2021-05-08 06:59:42,247] {logging_mixin.py:104} INFO - [2021-05-08 06:59:42,246] {dag.py:1824} INFO - Sync 1 DAGs
[2021-05-08 06:59:42,283] {logging_mixin.py:104} INFO - [2021-05-08 06:59:42,283] {dag.py:2280} INFO - Setting next_dagrun for example_skip_dag to 2021-05-06 00:00:00+00:00
[2021-05-08 06:59:42,298] {scheduler_job.py:190} INFO - Processing /home/airflow/.local/lib/python3.6/site-packages/airflow/example_dags/example_skip_dag.py took 0.109 seconds
[2021-05-08 07:00:12,358] {scheduler_job.py:182} INFO - Started process (PID=583) to work on /home/airflow/.local/lib/python3.6/site-packages/airflow/example_dags/example_skip_dag.py
[2021-05-08 07:00:12,359] {scheduler_job.py:629} INFO - Processing file /home/airflow/.local/lib/python3.6/site-packages/airflow/example_dags/example_skip_dag.py for tasks to queue
[2021-05-08 07:00:12,361] {logging_mixin.py:104} INFO - [2021-05-08 07:00:12,361] {dagbag.py:451} INFO - Filling up the DagBag from /home/airflow/.local/lib/python3.6/site-packages/airflow/example_dags/example_skip_dag.py
[2021-05-08 07:00:12,377] {scheduler_job.py:639} INFO - DAG(s) dict_keys(['example_skip_dag']) retrieved from /home/airflow/.local/lib/python3.6/site-packages/airflow/example_dags/example_skip_dag.py
[2021-05-08 07:00:12,407] {logging_mixin.py:104} INFO - [2021-05-08 07:00:12,407] {dag.py:1824} INFO - Sync 1 DAGs
[2021-05-08 07:00:12,429] {logging_mixin.py:104} INFO - [2021-05-08 07:00:12,429] {dag.py:2280} INFO - Setting next_dagrun for example_skip_dag to 2021-05-06 00:00:00+00:00
[2021-05-08 07:00:12,442] {scheduler_job.py:190} INFO - Processing /home/airflow/.local/lib/python3.6/site-packages/airflow/example_dags/example_skip_dag.py took 0.089 seconds
[2021-05-08 07:00:42,638] {scheduler_job.py:182} INFO - Started process (PID=611) to work on /home/airflow/.local/lib/python3.6/site-packages/airflow/example_dags/example_skip_dag.py
[2021-05-08 07:00:42,640] {scheduler_job.py:629} INFO - Processing file /home/airflow/.local/lib/python3.6/site-packages/airflow/example_dags/example_skip_dag.py for tasks to queue
[2021-05-08 07:00:42,642] {logging_mixin.py:104} INFO - [2021-05-08 07:00:42,642] {dagbag.py:451} INFO - Filling up the DagBag from /home/airflow/.local/lib/python3.6/site-packages/airflow/example_dags/example_skip_dag.py
[2021-05-08 07:00:42,657] {scheduler_job.py:639} INFO - DAG(s) dict_keys(['example_skip_dag']) retrieved from /home/airflow/.local/lib/python3.6/site-packages/airflow/example_dags/example_skip_dag.py
[2021-05-08 07:00:42,691] {logging_mixin.py:104} INFO - [2021-05-08 07:00:42,691] {dag.py:1824} INFO - Sync 1 DAGs
[2021-05-08 07:00:42,715] {logging_mixin.py:104} INFO - [2021-05-08 07:00:42,714] {dag.py:2280} INFO - Setting next_dagrun for example_skip_dag to 2021-05-06 00:00:00+00:00
[2021-05-08 07:00:42,729] {scheduler_job.py:190} INFO - Processing /home/airflow/.local/lib/python3.6/site-packages/airflow/example_dags/example_skip_dag.py took 0.097 seconds
[2021-05-08 07:01:12,895] {scheduler_job.py:182} INFO - Started process (PID=638) to work on /home/airflow/.local/lib/python3.6/site-packages/airflow/example_dags/example_skip_dag.py
[2021-05-08 07:01:12,897] {scheduler_job.py:629} INFO - Processing file /home/airflow/.local/lib/python3.6/site-packages/airflow/example_dags/example_skip_dag.py for tasks to queue
[2021-05-08 07:01:12,899] {logging_mixin.py:104} INFO - [2021-05-08 07:01:12,899] {dagbag.py:451} INFO - Filling up the DagBag from /home/airflow/.local/lib/python3.6/site-packages/airflow/example_dags/example_skip_dag.py
[2021-05-08 07:01:12,914] {scheduler_job.py:639} INFO - DAG(s) dict_keys(['example_skip_dag']) retrieved from /home/airflow/.local/lib/python3.6/site-packages/airflow/example_dags/example_skip_dag.py
[2021-05-08 07:01:12,951] {logging_mixin.py:104} INFO - [2021-05-08 07:01:12,951] {dag.py:1824} INFO - Sync 1 DAGs
[2021-05-08 07:01:12,973] {logging_mixin.py:104} INFO - [2021-05-08 07:01:12,973] {dag.py:2280} INFO - Setting next_dagrun for example_skip_dag to 2021-05-06 00:00:00+00:00
[2021-05-08 07:01:12,988] {scheduler_job.py:190} INFO - Processing /home/airflow/.local/lib/python3.6/site-packages/airflow/example_dags/example_skip_dag.py took 0.097 seconds
[2021-05-08 07:01:43,296] {scheduler_job.py:182} INFO - Started process (PID=659) to work on /home/airflow/.local/lib/python3.6/site-packages/airflow/example_dags/example_skip_dag.py
[2021-05-08 07:01:43,298] {scheduler_job.py:629} INFO - Processing file /home/airflow/.local/lib/python3.6/site-packages/airflow/example_dags/example_skip_dag.py for tasks to queue
[2021-05-08 07:01:43,300] {logging_mixin.py:104} INFO - [2021-05-08 07:01:43,300] {dagbag.py:451} INFO - Filling up the DagBag from /home/airflow/.local/lib/python3.6/site-packages/airflow/example_dags/example_skip_dag.py
[2021-05-08 07:01:43,317] {scheduler_job.py:639} INFO - DAG(s) dict_keys(['example_skip_dag']) retrieved from /home/airflow/.local/lib/python3.6/site-packages/airflow/example_dags/example_skip_dag.py
[2021-05-08 07:01:43,351] {logging_mixin.py:104} INFO - [2021-05-08 07:01:43,350] {dag.py:1824} INFO - Sync 1 DAGs
[2021-05-08 07:01:43,377] {logging_mixin.py:104} INFO - [2021-05-08 07:01:43,377] {dag.py:2280} INFO - Setting next_dagrun for example_skip_dag to 2021-05-06 00:00:00+00:00
[2021-05-08 07:01:43,392] {scheduler_job.py:190} INFO - Processing /home/airflow/.local/lib/python3.6/site-packages/airflow/example_dags/example_skip_dag.py took 0.101 seconds
[2021-05-08 07:02:14,093] {scheduler_job.py:182} INFO - Started process (PID=686) to work on /home/airflow/.local/lib/python3.6/site-packages/airflow/example_dags/example_skip_dag.py
[2021-05-08 07:02:14,095] {scheduler_job.py:629} INFO - Processing file /home/airflow/.local/lib/python3.6/site-packages/airflow/example_dags/example_skip_dag.py for tasks to queue
[2021-05-08 07:02:14,097] {logging_mixin.py:104} INFO - [2021-05-08 07:02:14,097] {dagbag.py:451} INFO - Filling up the DagBag from /home/airflow/.local/lib/python3.6/site-packages/airflow/example_dags/example_skip_dag.py
[2021-05-08 07:02:14,114] {scheduler_job.py:639} INFO - DAG(s) dict_keys(['example_skip_dag']) retrieved from /home/airflow/.local/lib/python3.6/site-packages/airflow/example_dags/example_skip_dag.py
[2021-05-08 07:02:14,145] {logging_mixin.py:104} INFO - [2021-05-08 07:02:14,145] {dag.py:1824} INFO - Sync 1 DAGs
[2021-05-08 07:02:14,169] {logging_mixin.py:104} INFO - [2021-05-08 07:02:14,169] {dag.py:2280} INFO - Setting next_dagrun for example_skip_dag to 2021-05-06 00:00:00+00:00
[2021-05-08 07:02:14,185] {scheduler_job.py:190} INFO - Processing /home/airflow/.local/lib/python3.6/site-packages/airflow/example_dags/example_skip_dag.py took 0.097 seconds
[2021-05-08 07:02:44,826] {scheduler_job.py:182} INFO - Started process (PID=713) to work on /home/airflow/.local/lib/python3.6/site-packages/airflow/example_dags/example_skip_dag.py
[2021-05-08 07:02:44,833] {scheduler_job.py:629} INFO - Processing file /home/airflow/.local/lib/python3.6/site-packages/airflow/example_dags/example_skip_dag.py for tasks to queue
[2021-05-08 07:02:44,837] {logging_mixin.py:104} INFO - [2021-05-08 07:02:44,837] {dagbag.py:451} INFO - Filling up the DagBag from /home/airflow/.local/lib/python3.6/site-packages/airflow/example_dags/example_skip_dag.py
[2021-05-08 07:02:44,867] {scheduler_job.py:639} INFO - DAG(s) dict_keys(['example_skip_dag']) retrieved from /home/airflow/.local/lib/python3.6/site-packages/airflow/example_dags/example_skip_dag.py
[2021-05-08 07:02:44,920] {logging_mixin.py:104} INFO - [2021-05-08 07:02:44,919] {dag.py:1824} INFO - Sync 1 DAGs
[2021-05-08 07:02:44,953] {logging_mixin.py:104} INFO - [2021-05-08 07:02:44,953] {dag.py:2280} INFO - Setting next_dagrun for example_skip_dag to 2021-05-06 00:00:00+00:00
[2021-05-08 07:02:44,979] {scheduler_job.py:190} INFO - Processing /home/airflow/.local/lib/python3.6/site-packages/airflow/example_dags/example_skip_dag.py took 0.160 seconds
[2021-05-08 07:03:15,533] {scheduler_job.py:182} INFO - Started process (PID=740) to work on /home/airflow/.local/lib/python3.6/site-packages/airflow/example_dags/example_skip_dag.py
[2021-05-08 07:03:15,536] {scheduler_job.py:629} INFO - Processing file /home/airflow/.local/lib/python3.6/site-packages/airflow/example_dags/example_skip_dag.py for tasks to queue
[2021-05-08 07:03:15,539] {logging_mixin.py:104} INFO - [2021-05-08 07:03:15,539] {dagbag.py:451} INFO - Filling up the DagBag from /home/airflow/.local/lib/python3.6/site-packages/airflow/example_dags/example_skip_dag.py
[2021-05-08 07:03:15,562] {scheduler_job.py:639} INFO - DAG(s) dict_keys(['example_skip_dag']) retrieved from /home/airflow/.local/lib/python3.6/site-packages/airflow/example_dags/example_skip_dag.py
[2021-05-08 07:03:15,620] {logging_mixin.py:104} INFO - [2021-05-08 07:03:15,620] {dag.py:1824} INFO - Sync 1 DAGs
[2021-05-08 07:03:15,650] {logging_mixin.py:104} INFO - [2021-05-08 07:03:15,650] {dag.py:2280} INFO - Setting next_dagrun for example_skip_dag to 2021-05-06 00:00:00+00:00
[2021-05-08 07:03:15,671] {scheduler_job.py:190} INFO - Processing /home/airflow/.local/lib/python3.6/site-packages/airflow/example_dags/example_skip_dag.py took 0.148 seconds
[2021-05-08 07:03:46,534] {scheduler_job.py:182} INFO - Started process (PID=767) to work on /home/airflow/.local/lib/python3.6/site-packages/airflow/example_dags/example_skip_dag.py
[2021-05-08 07:03:46,538] {scheduler_job.py:629} INFO - Processing file /home/airflow/.local/lib/python3.6/site-packages/airflow/example_dags/example_skip_dag.py for tasks to queue
[2021-05-08 07:03:46,540] {logging_mixin.py:104} INFO - [2021-05-08 07:03:46,540] {dagbag.py:451} INFO - Filling up the DagBag from /home/airflow/.local/lib/python3.6/site-packages/airflow/example_dags/example_skip_dag.py
[2021-05-08 07:03:46,561] {scheduler_job.py:639} INFO - DAG(s) dict_keys(['example_skip_dag']) retrieved from /home/airflow/.local/lib/python3.6/site-packages/airflow/example_dags/example_skip_dag.py
[2021-05-08 07:03:46,594] {logging_mixin.py:104} INFO - [2021-05-08 07:03:46,594] {dag.py:1824} INFO - Sync 1 DAGs
[2021-05-08 07:03:46,617] {logging_mixin.py:104} INFO - [2021-05-08 07:03:46,617] {dag.py:2280} INFO - Setting next_dagrun for example_skip_dag to 2021-05-06 00:00:00+00:00
[2021-05-08 07:03:46,630] {scheduler_job.py:190} INFO - Processing /home/airflow/.local/lib/python3.6/site-packages/airflow/example_dags/example_skip_dag.py took 0.103 seconds
[2021-05-08 07:04:17,354] {scheduler_job.py:182} INFO - Started process (PID=794) to work on /home/airflow/.local/lib/python3.6/site-packages/airflow/example_dags/example_skip_dag.py
[2021-05-08 07:04:17,357] {scheduler_job.py:629} INFO - Processing file /home/airflow/.local/lib/python3.6/site-packages/airflow/example_dags/example_skip_dag.py for tasks to queue
[2021-05-08 07:04:17,359] {logging_mixin.py:104} INFO - [2021-05-08 07:04:17,359] {dagbag.py:451} INFO - Filling up the DagBag from /home/airflow/.local/lib/python3.6/site-packages/airflow/example_dags/example_skip_dag.py
[2021-05-08 07:04:17,374] {scheduler_job.py:639} INFO - DAG(s) dict_keys(['example_skip_dag']) retrieved from /home/airflow/.local/lib/python3.6/site-packages/airflow/example_dags/example_skip_dag.py
[2021-05-08 07:04:17,404] {logging_mixin.py:104} INFO - [2021-05-08 07:04:17,404] {dag.py:1824} INFO - Sync 1 DAGs
[2021-05-08 07:04:17,423] {logging_mixin.py:104} INFO - [2021-05-08 07:04:17,423] {dag.py:2280} INFO - Setting next_dagrun for example_skip_dag to 2021-05-06 00:00:00+00:00
[2021-05-08 07:04:17,436] {scheduler_job.py:190} INFO - Processing /home/airflow/.local/lib/python3.6/site-packages/airflow/example_dags/example_skip_dag.py took 0.086 seconds
[2021-05-08 07:04:47,905] {scheduler_job.py:182} INFO - Started process (PID=821) to work on /home/airflow/.local/lib/python3.6/site-packages/airflow/example_dags/example_skip_dag.py
[2021-05-08 07:04:47,908] {scheduler_job.py:629} INFO - Processing file /home/airflow/.local/lib/python3.6/site-packages/airflow/example_dags/example_skip_dag.py for tasks to queue
[2021-05-08 07:04:47,910] {logging_mixin.py:104} INFO - [2021-05-08 07:04:47,910] {dagbag.py:451} INFO - Filling up the DagBag from /home/airflow/.local/lib/python3.6/site-packages/airflow/example_dags/example_skip_dag.py
[2021-05-08 07:04:47,927] {scheduler_job.py:639} INFO - DAG(s) dict_keys(['example_skip_dag']) retrieved from /home/airflow/.local/lib/python3.6/site-packages/airflow/example_dags/example_skip_dag.py
[2021-05-08 07:04:47,961] {logging_mixin.py:104} INFO - [2021-05-08 07:04:47,961] {dag.py:1824} INFO - Sync 1 DAGs
[2021-05-08 07:04:47,982] {logging_mixin.py:104} INFO - [2021-05-08 07:04:47,982] {dag.py:2280} INFO - Setting next_dagrun for example_skip_dag to 2021-05-06 00:00:00+00:00
[2021-05-08 07:04:47,999] {scheduler_job.py:190} INFO - Processing /home/airflow/.local/lib/python3.6/site-packages/airflow/example_dags/example_skip_dag.py took 0.099 seconds
[2021-05-08 07:05:18,632] {scheduler_job.py:182} INFO - Started process (PID=848) to work on /home/airflow/.local/lib/python3.6/site-packages/airflow/example_dags/example_skip_dag.py
[2021-05-08 07:05:18,635] {scheduler_job.py:629} INFO - Processing file /home/airflow/.local/lib/python3.6/site-packages/airflow/example_dags/example_skip_dag.py for tasks to queue
[2021-05-08 07:05:18,637] {logging_mixin.py:104} INFO - [2021-05-08 07:05:18,636] {dagbag.py:451} INFO - Filling up the DagBag from /home/airflow/.local/lib/python3.6/site-packages/airflow/example_dags/example_skip_dag.py
[2021-05-08 07:05:18,657] {scheduler_job.py:639} INFO - DAG(s) dict_keys(['example_skip_dag']) retrieved from /home/airflow/.local/lib/python3.6/site-packages/airflow/example_dags/example_skip_dag.py
[2021-05-08 07:05:18,701] {logging_mixin.py:104} INFO - [2021-05-08 07:05:18,700] {dag.py:1824} INFO - Sync 1 DAGs
[2021-05-08 07:05:18,728] {logging_mixin.py:104} INFO - [2021-05-08 07:05:18,728] {dag.py:2280} INFO - Setting next_dagrun for example_skip_dag to 2021-05-06 00:00:00+00:00
[2021-05-08 07:05:18,747] {scheduler_job.py:190} INFO - Processing /home/airflow/.local/lib/python3.6/site-packages/airflow/example_dags/example_skip_dag.py took 0.119 seconds
[2021-05-08 07:05:49,558] {scheduler_job.py:182} INFO - Started process (PID=875) to work on /home/airflow/.local/lib/python3.6/site-packages/airflow/example_dags/example_skip_dag.py
[2021-05-08 07:05:49,560] {scheduler_job.py:629} INFO - Processing file /home/airflow/.local/lib/python3.6/site-packages/airflow/example_dags/example_skip_dag.py for tasks to queue
[2021-05-08 07:05:49,562] {logging_mixin.py:104} INFO - [2021-05-08 07:05:49,562] {dagbag.py:451} INFO - Filling up the DagBag from /home/airflow/.local/lib/python3.6/site-packages/airflow/example_dags/example_skip_dag.py
[2021-05-08 07:05:49,581] {scheduler_job.py:639} INFO - DAG(s) dict_keys(['example_skip_dag']) retrieved from /home/airflow/.local/lib/python3.6/site-packages/airflow/example_dags/example_skip_dag.py
[2021-05-08 07:05:49,615] {logging_mixin.py:104} INFO - [2021-05-08 07:05:49,615] {dag.py:1824} INFO - Sync 1 DAGs
[2021-05-08 07:05:49,638] {logging_mixin.py:104} INFO - [2021-05-08 07:05:49,638] {dag.py:2280} INFO - Setting next_dagrun for example_skip_dag to 2021-05-06 00:00:00+00:00
[2021-05-08 07:05:49,654] {scheduler_job.py:190} INFO - Processing /home/airflow/.local/lib/python3.6/site-packages/airflow/example_dags/example_skip_dag.py took 0.100 seconds
[2021-05-08 07:06:19,897] {scheduler_job.py:182} INFO - Started process (PID=902) to work on /home/airflow/.local/lib/python3.6/site-packages/airflow/example_dags/example_skip_dag.py
[2021-05-08 07:06:19,901] {scheduler_job.py:629} INFO - Processing file /home/airflow/.local/lib/python3.6/site-packages/airflow/example_dags/example_skip_dag.py for tasks to queue
[2021-05-08 07:06:19,903] {logging_mixin.py:104} INFO - [2021-05-08 07:06:19,903] {dagbag.py:451} INFO - Filling up the DagBag from /home/airflow/.local/lib/python3.6/site-packages/airflow/example_dags/example_skip_dag.py
[2021-05-08 07:06:19,920] {scheduler_job.py:639} INFO - DAG(s) dict_keys(['example_skip_dag']) retrieved from /home/airflow/.local/lib/python3.6/site-packages/airflow/example_dags/example_skip_dag.py
[2021-05-08 07:06:19,947] {logging_mixin.py:104} INFO - [2021-05-08 07:06:19,947] {dag.py:1824} INFO - Sync 1 DAGs
[2021-05-08 07:06:19,968] {logging_mixin.py:104} INFO - [2021-05-08 07:06:19,968] {dag.py:2280} INFO - Setting next_dagrun for example_skip_dag to 2021-05-06 00:00:00+00:00
[2021-05-08 07:06:19,982] {scheduler_job.py:190} INFO - Processing /home/airflow/.local/lib/python3.6/site-packages/airflow/example_dags/example_skip_dag.py took 0.091 seconds
[2021-05-08 07:06:50,194] {scheduler_job.py:182} INFO - Started process (PID=929) to work on /home/airflow/.local/lib/python3.6/site-packages/airflow/example_dags/example_skip_dag.py
[2021-05-08 07:06:50,197] {scheduler_job.py:629} INFO - Processing file /home/airflow/.local/lib/python3.6/site-packages/airflow/example_dags/example_skip_dag.py for tasks to queue
[2021-05-08 07:06:50,198] {logging_mixin.py:104} INFO - [2021-05-08 07:06:50,198] {dagbag.py:451} INFO - Filling up the DagBag from /home/airflow/.local/lib/python3.6/site-packages/airflow/example_dags/example_skip_dag.py
[2021-05-08 07:06:50,217] {scheduler_job.py:639} INFO - DAG(s) dict_keys(['example_skip_dag']) retrieved from /home/airflow/.local/lib/python3.6/site-packages/airflow/example_dags/example_skip_dag.py
[2021-05-08 07:06:50,253] {logging_mixin.py:104} INFO - [2021-05-08 07:06:50,253] {dag.py:1824} INFO - Sync 1 DAGs
[2021-05-08 07:06:50,284] {logging_mixin.py:104} INFO - [2021-05-08 07:06:50,284] {dag.py:2280} INFO - Setting next_dagrun for example_skip_dag to 2021-05-06 00:00:00+00:00
[2021-05-08 07:06:50,298] {scheduler_job.py:190} INFO - Processing /home/airflow/.local/lib/python3.6/site-packages/airflow/example_dags/example_skip_dag.py took 0.109 seconds
[2021-05-08 07:07:21,038] {scheduler_job.py:182} INFO - Started process (PID=956) to work on /home/airflow/.local/lib/python3.6/site-packages/airflow/example_dags/example_skip_dag.py
[2021-05-08 07:07:21,043] {scheduler_job.py:629} INFO - Processing file /home/airflow/.local/lib/python3.6/site-packages/airflow/example_dags/example_skip_dag.py for tasks to queue
[2021-05-08 07:07:21,046] {logging_mixin.py:104} INFO - [2021-05-08 07:07:21,046] {dagbag.py:451} INFO - Filling up the DagBag from /home/airflow/.local/lib/python3.6/site-packages/airflow/example_dags/example_skip_dag.py
[2021-05-08 07:07:21,061] {scheduler_job.py:639} INFO - DAG(s) dict_keys(['example_skip_dag']) retrieved from /home/airflow/.local/lib/python3.6/site-packages/airflow/example_dags/example_skip_dag.py
[2021-05-08 07:07:21,094] {logging_mixin.py:104} INFO - [2021-05-08 07:07:21,094] {dag.py:1824} INFO - Sync 1 DAGs
[2021-05-08 07:07:21,117] {logging_mixin.py:104} INFO - [2021-05-08 07:07:21,117] {dag.py:2280} INFO - Setting next_dagrun for example_skip_dag to 2021-05-06 00:00:00+00:00
[2021-05-08 07:07:21,135] {scheduler_job.py:190} INFO - Processing /home/airflow/.local/lib/python3.6/site-packages/airflow/example_dags/example_skip_dag.py took 0.103 seconds
[2021-05-08 07:07:51,986] {scheduler_job.py:182} INFO - Started process (PID=983) to work on /home/airflow/.local/lib/python3.6/site-packages/airflow/example_dags/example_skip_dag.py
[2021-05-08 07:07:51,988] {scheduler_job.py:629} INFO - Processing file /home/airflow/.local/lib/python3.6/site-packages/airflow/example_dags/example_skip_dag.py for tasks to queue
[2021-05-08 07:07:51,990] {logging_mixin.py:104} INFO - [2021-05-08 07:07:51,990] {dagbag.py:451} INFO - Filling up the DagBag from /home/airflow/.local/lib/python3.6/site-packages/airflow/example_dags/example_skip_dag.py
[2021-05-08 07:07:52,008] {scheduler_job.py:639} INFO - DAG(s) dict_keys(['example_skip_dag']) retrieved from /home/airflow/.local/lib/python3.6/site-packages/airflow/example_dags/example_skip_dag.py
[2021-05-08 07:07:52,042] {logging_mixin.py:104} INFO - [2021-05-08 07:07:52,042] {dag.py:1824} INFO - Sync 1 DAGs
[2021-05-08 07:07:52,064] {logging_mixin.py:104} INFO - [2021-05-08 07:07:52,064] {dag.py:2280} INFO - Setting next_dagrun for example_skip_dag to 2021-05-06 00:00:00+00:00
[2021-05-08 07:07:52,078] {scheduler_job.py:190} INFO - Processing /home/airflow/.local/lib/python3.6/site-packages/airflow/example_dags/example_skip_dag.py took 0.097 seconds
[2021-05-08 07:08:23,122] {scheduler_job.py:182} INFO - Started process (PID=1010) to work on /home/airflow/.local/lib/python3.6/site-packages/airflow/example_dags/example_skip_dag.py
[2021-05-08 07:08:23,127] {scheduler_job.py:629} INFO - Processing file /home/airflow/.local/lib/python3.6/site-packages/airflow/example_dags/example_skip_dag.py for tasks to queue
[2021-05-08 07:08:23,132] {logging_mixin.py:104} INFO - [2021-05-08 07:08:23,131] {dagbag.py:451} INFO - Filling up the DagBag from /home/airflow/.local/lib/python3.6/site-packages/airflow/example_dags/example_skip_dag.py
[2021-05-08 07:08:23,171] {scheduler_job.py:639} INFO - DAG(s) dict_keys(['example_skip_dag']) retrieved from /home/airflow/.local/lib/python3.6/site-packages/airflow/example_dags/example_skip_dag.py
[2021-05-08 07:08:23,230] {logging_mixin.py:104} INFO - [2021-05-08 07:08:23,230] {dag.py:1824} INFO - Sync 1 DAGs
[2021-05-08 07:08:23,276] {logging_mixin.py:104} INFO - [2021-05-08 07:08:23,275] {dag.py:2280} INFO - Setting next_dagrun for example_skip_dag to 2021-05-06 00:00:00+00:00
[2021-05-08 07:08:23,304] {scheduler_job.py:190} INFO - Processing /home/airflow/.local/lib/python3.6/site-packages/airflow/example_dags/example_skip_dag.py took 0.193 seconds
[2021-05-08 07:08:53,945] {scheduler_job.py:182} INFO - Started process (PID=1038) to work on /home/airflow/.local/lib/python3.6/site-packages/airflow/example_dags/example_skip_dag.py
[2021-05-08 07:08:53,953] {scheduler_job.py:629} INFO - Processing file /home/airflow/.local/lib/python3.6/site-packages/airflow/example_dags/example_skip_dag.py for tasks to queue
[2021-05-08 07:08:53,958] {logging_mixin.py:104} INFO - [2021-05-08 07:08:53,958] {dagbag.py:451} INFO - Filling up the DagBag from /home/airflow/.local/lib/python3.6/site-packages/airflow/example_dags/example_skip_dag.py
[2021-05-08 07:08:54,012] {scheduler_job.py:639} INFO - DAG(s) dict_keys(['example_skip_dag']) retrieved from /home/airflow/.local/lib/python3.6/site-packages/airflow/example_dags/example_skip_dag.py
[2021-05-08 07:08:54,100] {logging_mixin.py:104} INFO - [2021-05-08 07:08:54,100] {dag.py:1824} INFO - Sync 1 DAGs
[2021-05-08 07:08:54,159] {logging_mixin.py:104} INFO - [2021-05-08 07:08:54,159] {dag.py:2280} INFO - Setting next_dagrun for example_skip_dag to 2021-05-06 00:00:00+00:00
[2021-05-08 07:08:54,201] {scheduler_job.py:190} INFO - Processing /home/airflow/.local/lib/python3.6/site-packages/airflow/example_dags/example_skip_dag.py took 0.269 seconds
[2021-05-08 07:09:24,757] {scheduler_job.py:182} INFO - Started process (PID=1065) to work on /home/airflow/.local/lib/python3.6/site-packages/airflow/example_dags/example_skip_dag.py
[2021-05-08 07:09:24,767] {scheduler_job.py:629} INFO - Processing file /home/airflow/.local/lib/python3.6/site-packages/airflow/example_dags/example_skip_dag.py for tasks to queue
[2021-05-08 07:09:24,774] {logging_mixin.py:104} INFO - [2021-05-08 07:09:24,773] {dagbag.py:451} INFO - Filling up the DagBag from /home/airflow/.local/lib/python3.6/site-packages/airflow/example_dags/example_skip_dag.py
[2021-05-08 07:09:24,827] {scheduler_job.py:639} INFO - DAG(s) dict_keys(['example_skip_dag']) retrieved from /home/airflow/.local/lib/python3.6/site-packages/airflow/example_dags/example_skip_dag.py
[2021-05-08 07:09:24,945] {logging_mixin.py:104} INFO - [2021-05-08 07:09:24,944] {dag.py:1824} INFO - Sync 1 DAGs
[2021-05-08 07:09:25,034] {logging_mixin.py:104} INFO - [2021-05-08 07:09:25,034] {dag.py:2280} INFO - Setting next_dagrun for example_skip_dag to 2021-05-06 00:00:00+00:00
[2021-05-08 07:09:25,088] {scheduler_job.py:190} INFO - Processing /home/airflow/.local/lib/python3.6/site-packages/airflow/example_dags/example_skip_dag.py took 0.347 seconds
[2021-05-08 07:09:55,922] {scheduler_job.py:182} INFO - Started process (PID=1092) to work on /home/airflow/.local/lib/python3.6/site-packages/airflow/example_dags/example_skip_dag.py
[2021-05-08 07:09:55,928] {scheduler_job.py:629} INFO - Processing file /home/airflow/.local/lib/python3.6/site-packages/airflow/example_dags/example_skip_dag.py for tasks to queue
[2021-05-08 07:09:55,932] {logging_mixin.py:104} INFO - [2021-05-08 07:09:55,932] {dagbag.py:451} INFO - Filling up the DagBag from /home/airflow/.local/lib/python3.6/site-packages/airflow/example_dags/example_skip_dag.py
[2021-05-08 07:09:55,981] {scheduler_job.py:639} INFO - DAG(s) dict_keys(['example_skip_dag']) retrieved from /home/airflow/.local/lib/python3.6/site-packages/airflow/example_dags/example_skip_dag.py
[2021-05-08 07:09:56,082] {logging_mixin.py:104} INFO - [2021-05-08 07:09:56,082] {dag.py:1824} INFO - Sync 1 DAGs
[2021-05-08 07:09:56,139] {logging_mixin.py:104} INFO - [2021-05-08 07:09:56,138] {dag.py:2280} INFO - Setting next_dagrun for example_skip_dag to 2021-05-06 00:00:00+00:00
[2021-05-08 07:09:56,182] {scheduler_job.py:190} INFO - Processing /home/airflow/.local/lib/python3.6/site-packages/airflow/example_dags/example_skip_dag.py took 0.273 seconds
[2021-05-08 07:10:26,522] {scheduler_job.py:182} INFO - Started process (PID=1119) to work on /home/airflow/.local/lib/python3.6/site-packages/airflow/example_dags/example_skip_dag.py
[2021-05-08 07:10:26,526] {scheduler_job.py:629} INFO - Processing file /home/airflow/.local/lib/python3.6/site-packages/airflow/example_dags/example_skip_dag.py for tasks to queue
[2021-05-08 07:10:26,529] {logging_mixin.py:104} INFO - [2021-05-08 07:10:26,529] {dagbag.py:451} INFO - Filling up the DagBag from /home/airflow/.local/lib/python3.6/site-packages/airflow/example_dags/example_skip_dag.py
[2021-05-08 07:10:26,559] {scheduler_job.py:639} INFO - DAG(s) dict_keys(['example_skip_dag']) retrieved from /home/airflow/.local/lib/python3.6/site-packages/airflow/example_dags/example_skip_dag.py
[2021-05-08 07:10:26,615] {logging_mixin.py:104} INFO - [2021-05-08 07:10:26,615] {dag.py:1824} INFO - Sync 1 DAGs
[2021-05-08 07:10:26,656] {logging_mixin.py:104} INFO - [2021-05-08 07:10:26,655] {dag.py:2280} INFO - Setting next_dagrun for example_skip_dag to 2021-05-06 00:00:00+00:00
[2021-05-08 07:10:26,677] {scheduler_job.py:190} INFO - Processing /home/airflow/.local/lib/python3.6/site-packages/airflow/example_dags/example_skip_dag.py took 0.163 seconds
[2021-05-08 07:10:56,905] {scheduler_job.py:182} INFO - Started process (PID=1146) to work on /home/airflow/.local/lib/python3.6/site-packages/airflow/example_dags/example_skip_dag.py
[2021-05-08 07:10:56,909] {scheduler_job.py:629} INFO - Processing file /home/airflow/.local/lib/python3.6/site-packages/airflow/example_dags/example_skip_dag.py for tasks to queue
[2021-05-08 07:10:56,914] {logging_mixin.py:104} INFO - [2021-05-08 07:10:56,913] {dagbag.py:451} INFO - Filling up the DagBag from /home/airflow/.local/lib/python3.6/site-packages/airflow/example_dags/example_skip_dag.py
[2021-05-08 07:10:56,946] {scheduler_job.py:639} INFO - DAG(s) dict_keys(['example_skip_dag']) retrieved from /home/airflow/.local/lib/python3.6/site-packages/airflow/example_dags/example_skip_dag.py
[2021-05-08 07:10:57,007] {logging_mixin.py:104} INFO - [2021-05-08 07:10:57,006] {dag.py:1824} INFO - Sync 1 DAGs
[2021-05-08 07:10:57,039] {logging_mixin.py:104} INFO - [2021-05-08 07:10:57,039] {dag.py:2280} INFO - Setting next_dagrun for example_skip_dag to 2021-05-06 00:00:00+00:00
[2021-05-08 07:10:57,061] {scheduler_job.py:190} INFO - Processing /home/airflow/.local/lib/python3.6/site-packages/airflow/example_dags/example_skip_dag.py took 0.167 seconds
[2021-05-08 07:11:27,227] {scheduler_job.py:182} INFO - Started process (PID=1173) to work on /home/airflow/.local/lib/python3.6/site-packages/airflow/example_dags/example_skip_dag.py
[2021-05-08 07:11:27,230] {scheduler_job.py:629} INFO - Processing file /home/airflow/.local/lib/python3.6/site-packages/airflow/example_dags/example_skip_dag.py for tasks to queue
[2021-05-08 07:11:27,233] {logging_mixin.py:104} INFO - [2021-05-08 07:11:27,233] {dagbag.py:451} INFO - Filling up the DagBag from /home/airflow/.local/lib/python3.6/site-packages/airflow/example_dags/example_skip_dag.py
[2021-05-08 07:11:27,269] {scheduler_job.py:639} INFO - DAG(s) dict_keys(['example_skip_dag']) retrieved from /home/airflow/.local/lib/python3.6/site-packages/airflow/example_dags/example_skip_dag.py
[2021-05-08 07:11:27,332] {logging_mixin.py:104} INFO - [2021-05-08 07:11:27,332] {dag.py:1824} INFO - Sync 1 DAGs
[2021-05-08 07:11:27,374] {logging_mixin.py:104} INFO - [2021-05-08 07:11:27,374] {dag.py:2280} INFO - Setting next_dagrun for example_skip_dag to 2021-05-06 00:00:00+00:00
[2021-05-08 07:11:27,404] {scheduler_job.py:190} INFO - Processing /home/airflow/.local/lib/python3.6/site-packages/airflow/example_dags/example_skip_dag.py took 0.187 seconds
[2021-05-08 07:11:57,504] {scheduler_job.py:182} INFO - Started process (PID=1199) to work on /home/airflow/.local/lib/python3.6/site-packages/airflow/example_dags/example_skip_dag.py
[2021-05-08 07:11:57,508] {scheduler_job.py:629} INFO - Processing file /home/airflow/.local/lib/python3.6/site-packages/airflow/example_dags/example_skip_dag.py for tasks to queue
[2021-05-08 07:11:57,513] {logging_mixin.py:104} INFO - [2021-05-08 07:11:57,513] {dagbag.py:451} INFO - Filling up the DagBag from /home/airflow/.local/lib/python3.6/site-packages/airflow/example_dags/example_skip_dag.py
[2021-05-08 07:11:57,560] {scheduler_job.py:639} INFO - DAG(s) dict_keys(['example_skip_dag']) retrieved from /home/airflow/.local/lib/python3.6/site-packages/airflow/example_dags/example_skip_dag.py
[2021-05-08 07:11:57,643] {logging_mixin.py:104} INFO - [2021-05-08 07:11:57,642] {dag.py:1824} INFO - Sync 1 DAGs
[2021-05-08 07:11:57,716] {logging_mixin.py:104} INFO - [2021-05-08 07:11:57,715] {dag.py:2280} INFO - Setting next_dagrun for example_skip_dag to 2021-05-06 00:00:00+00:00
[2021-05-08 07:11:57,740] {scheduler_job.py:190} INFO - Processing /home/airflow/.local/lib/python3.6/site-packages/airflow/example_dags/example_skip_dag.py took 0.250 seconds
[2021-05-08 07:12:28,039] {scheduler_job.py:182} INFO - Started process (PID=1226) to work on /home/airflow/.local/lib/python3.6/site-packages/airflow/example_dags/example_skip_dag.py
[2021-05-08 07:12:28,048] {scheduler_job.py:629} INFO - Processing file /home/airflow/.local/lib/python3.6/site-packages/airflow/example_dags/example_skip_dag.py for tasks to queue
[2021-05-08 07:12:28,052] {logging_mixin.py:104} INFO - [2021-05-08 07:12:28,052] {dagbag.py:451} INFO - Filling up the DagBag from /home/airflow/.local/lib/python3.6/site-packages/airflow/example_dags/example_skip_dag.py
[2021-05-08 07:12:28,094] {scheduler_job.py:639} INFO - DAG(s) dict_keys(['example_skip_dag']) retrieved from /home/airflow/.local/lib/python3.6/site-packages/airflow/example_dags/example_skip_dag.py
[2021-05-08 07:12:28,172] {logging_mixin.py:104} INFO - [2021-05-08 07:12:28,172] {dag.py:1824} INFO - Sync 1 DAGs
[2021-05-08 07:12:28,224] {logging_mixin.py:104} INFO - [2021-05-08 07:12:28,223] {dag.py:2280} INFO - Setting next_dagrun for example_skip_dag to 2021-05-06 00:00:00+00:00
[2021-05-08 07:12:28,251] {scheduler_job.py:190} INFO - Processing /home/airflow/.local/lib/python3.6/site-packages/airflow/example_dags/example_skip_dag.py took 0.224 seconds
[2021-05-08 07:12:58,758] {scheduler_job.py:182} INFO - Started process (PID=1252) to work on /home/airflow/.local/lib/python3.6/site-packages/airflow/example_dags/example_skip_dag.py
[2021-05-08 07:12:58,766] {scheduler_job.py:629} INFO - Processing file /home/airflow/.local/lib/python3.6/site-packages/airflow/example_dags/example_skip_dag.py for tasks to queue
[2021-05-08 07:12:58,771] {logging_mixin.py:104} INFO - [2021-05-08 07:12:58,770] {dagbag.py:451} INFO - Filling up the DagBag from /home/airflow/.local/lib/python3.6/site-packages/airflow/example_dags/example_skip_dag.py
[2021-05-08 07:12:58,817] {scheduler_job.py:639} INFO - DAG(s) dict_keys(['example_skip_dag']) retrieved from /home/airflow/.local/lib/python3.6/site-packages/airflow/example_dags/example_skip_dag.py
[2021-05-08 07:12:58,898] {logging_mixin.py:104} INFO - [2021-05-08 07:12:58,897] {dag.py:1824} INFO - Sync 1 DAGs
[2021-05-08 07:12:58,949] {logging_mixin.py:104} INFO - [2021-05-08 07:12:58,949] {dag.py:2280} INFO - Setting next_dagrun for example_skip_dag to 2021-05-06 00:00:00+00:00
[2021-05-08 07:12:58,989] {scheduler_job.py:190} INFO - Processing /home/airflow/.local/lib/python3.6/site-packages/airflow/example_dags/example_skip_dag.py took 0.244 seconds
[2021-05-08 07:13:29,567] {scheduler_job.py:182} INFO - Started process (PID=1280) to work on /home/airflow/.local/lib/python3.6/site-packages/airflow/example_dags/example_skip_dag.py
[2021-05-08 07:13:29,575] {scheduler_job.py:629} INFO - Processing file /home/airflow/.local/lib/python3.6/site-packages/airflow/example_dags/example_skip_dag.py for tasks to queue
[2021-05-08 07:13:29,581] {logging_mixin.py:104} INFO - [2021-05-08 07:13:29,580] {dagbag.py:451} INFO - Filling up the DagBag from /home/airflow/.local/lib/python3.6/site-packages/airflow/example_dags/example_skip_dag.py
[2021-05-08 07:13:29,627] {scheduler_job.py:639} INFO - DAG(s) dict_keys(['example_skip_dag']) retrieved from /home/airflow/.local/lib/python3.6/site-packages/airflow/example_dags/example_skip_dag.py
[2021-05-08 07:13:29,716] {logging_mixin.py:104} INFO - [2021-05-08 07:13:29,715] {dag.py:1824} INFO - Sync 1 DAGs
[2021-05-08 07:13:29,772] {logging_mixin.py:104} INFO - [2021-05-08 07:13:29,771] {dag.py:2280} INFO - Setting next_dagrun for example_skip_dag to 2021-05-06 00:00:00+00:00
[2021-05-08 07:13:29,815] {scheduler_job.py:190} INFO - Processing /home/airflow/.local/lib/python3.6/site-packages/airflow/example_dags/example_skip_dag.py took 0.264 seconds
[2021-05-08 07:14:00,683] {scheduler_job.py:182} INFO - Started process (PID=1308) to work on /home/airflow/.local/lib/python3.6/site-packages/airflow/example_dags/example_skip_dag.py
[2021-05-08 07:14:00,692] {scheduler_job.py:629} INFO - Processing file /home/airflow/.local/lib/python3.6/site-packages/airflow/example_dags/example_skip_dag.py for tasks to queue
[2021-05-08 07:14:00,698] {logging_mixin.py:104} INFO - [2021-05-08 07:14:00,697] {dagbag.py:451} INFO - Filling up the DagBag from /home/airflow/.local/lib/python3.6/site-packages/airflow/example_dags/example_skip_dag.py
[2021-05-08 07:14:00,761] {scheduler_job.py:639} INFO - DAG(s) dict_keys(['example_skip_dag']) retrieved from /home/airflow/.local/lib/python3.6/site-packages/airflow/example_dags/example_skip_dag.py
[2021-05-08 07:14:00,860] {logging_mixin.py:104} INFO - [2021-05-08 07:14:00,859] {dag.py:1824} INFO - Sync 1 DAGs
[2021-05-08 07:14:00,920] {logging_mixin.py:104} INFO - [2021-05-08 07:14:00,920] {dag.py:2280} INFO - Setting next_dagrun for example_skip_dag to 2021-05-06 00:00:00+00:00
[2021-05-08 07:14:00,959] {scheduler_job.py:190} INFO - Processing /home/airflow/.local/lib/python3.6/site-packages/airflow/example_dags/example_skip_dag.py took 0.296 seconds
[2021-05-08 07:14:31,778] {scheduler_job.py:182} INFO - Started process (PID=1335) to work on /home/airflow/.local/lib/python3.6/site-packages/airflow/example_dags/example_skip_dag.py
[2021-05-08 07:14:31,782] {scheduler_job.py:629} INFO - Processing file /home/airflow/.local/lib/python3.6/site-packages/airflow/example_dags/example_skip_dag.py for tasks to queue
[2021-05-08 07:14:31,785] {logging_mixin.py:104} INFO - [2021-05-08 07:14:31,784] {dagbag.py:451} INFO - Filling up the DagBag from /home/airflow/.local/lib/python3.6/site-packages/airflow/example_dags/example_skip_dag.py
[2021-05-08 07:14:31,814] {scheduler_job.py:639} INFO - DAG(s) dict_keys(['example_skip_dag']) retrieved from /home/airflow/.local/lib/python3.6/site-packages/airflow/example_dags/example_skip_dag.py
[2021-05-08 07:14:31,880] {logging_mixin.py:104} INFO - [2021-05-08 07:14:31,879] {dag.py:1824} INFO - Sync 1 DAGs
[2021-05-08 07:14:31,921] {logging_mixin.py:104} INFO - [2021-05-08 07:14:31,921] {dag.py:2280} INFO - Setting next_dagrun for example_skip_dag to 2021-05-06 00:00:00+00:00
[2021-05-08 07:14:31,947] {scheduler_job.py:190} INFO - Processing /home/airflow/.local/lib/python3.6/site-packages/airflow/example_dags/example_skip_dag.py took 0.179 seconds
[2021-05-08 07:15:02,087] {scheduler_job.py:182} INFO - Started process (PID=1362) to work on /home/airflow/.local/lib/python3.6/site-packages/airflow/example_dags/example_skip_dag.py
[2021-05-08 07:15:02,092] {scheduler_job.py:629} INFO - Processing file /home/airflow/.local/lib/python3.6/site-packages/airflow/example_dags/example_skip_dag.py for tasks to queue
[2021-05-08 07:15:02,095] {logging_mixin.py:104} INFO - [2021-05-08 07:15:02,095] {dagbag.py:451} INFO - Filling up the DagBag from /home/airflow/.local/lib/python3.6/site-packages/airflow/example_dags/example_skip_dag.py
[2021-05-08 07:15:02,125] {scheduler_job.py:639} INFO - DAG(s) dict_keys(['example_skip_dag']) retrieved from /home/airflow/.local/lib/python3.6/site-packages/airflow/example_dags/example_skip_dag.py
[2021-05-08 07:15:02,203] {logging_mixin.py:104} INFO - [2021-05-08 07:15:02,203] {dag.py:1824} INFO - Sync 1 DAGs
[2021-05-08 07:15:02,265] {logging_mixin.py:104} INFO - [2021-05-08 07:15:02,265] {dag.py:2280} INFO - Setting next_dagrun for example_skip_dag to 2021-05-06 00:00:00+00:00
[2021-05-08 07:15:02,303] {scheduler_job.py:190} INFO - Processing /home/airflow/.local/lib/python3.6/site-packages/airflow/example_dags/example_skip_dag.py took 0.225 seconds
[2021-05-08 07:15:32,717] {scheduler_job.py:182} INFO - Started process (PID=1388) to work on /home/airflow/.local/lib/python3.6/site-packages/airflow/example_dags/example_skip_dag.py
[2021-05-08 07:15:32,720] {scheduler_job.py:629} INFO - Processing file /home/airflow/.local/lib/python3.6/site-packages/airflow/example_dags/example_skip_dag.py for tasks to queue
[2021-05-08 07:15:32,721] {logging_mixin.py:104} INFO - [2021-05-08 07:15:32,721] {dagbag.py:451} INFO - Filling up the DagBag from /home/airflow/.local/lib/python3.6/site-packages/airflow/example_dags/example_skip_dag.py
[2021-05-08 07:15:32,736] {scheduler_job.py:639} INFO - DAG(s) dict_keys(['example_skip_dag']) retrieved from /home/airflow/.local/lib/python3.6/site-packages/airflow/example_dags/example_skip_dag.py
[2021-05-08 07:15:32,774] {logging_mixin.py:104} INFO - [2021-05-08 07:15:32,773] {dag.py:1824} INFO - Sync 1 DAGs
[2021-05-08 07:15:32,797] {logging_mixin.py:104} INFO - [2021-05-08 07:15:32,796] {dag.py:2280} INFO - Setting next_dagrun for example_skip_dag to 2021-05-06 00:00:00+00:00
[2021-05-08 07:15:32,815] {scheduler_job.py:190} INFO - Processing /home/airflow/.local/lib/python3.6/site-packages/airflow/example_dags/example_skip_dag.py took 0.103 seconds
[2021-05-08 07:16:03,496] {scheduler_job.py:182} INFO - Started process (PID=1415) to work on /home/airflow/.local/lib/python3.6/site-packages/airflow/example_dags/example_skip_dag.py
[2021-05-08 07:16:03,498] {scheduler_job.py:629} INFO - Processing file /home/airflow/.local/lib/python3.6/site-packages/airflow/example_dags/example_skip_dag.py for tasks to queue
[2021-05-08 07:16:03,500] {logging_mixin.py:104} INFO - [2021-05-08 07:16:03,500] {dagbag.py:451} INFO - Filling up the DagBag from /home/airflow/.local/lib/python3.6/site-packages/airflow/example_dags/example_skip_dag.py
[2021-05-08 07:16:03,515] {scheduler_job.py:639} INFO - DAG(s) dict_keys(['example_skip_dag']) retrieved from /home/airflow/.local/lib/python3.6/site-packages/airflow/example_dags/example_skip_dag.py
[2021-05-08 07:16:03,547] {logging_mixin.py:104} INFO - [2021-05-08 07:16:03,547] {dag.py:1824} INFO - Sync 1 DAGs
[2021-05-08 07:16:03,575] {logging_mixin.py:104} INFO - [2021-05-08 07:16:03,574] {dag.py:2280} INFO - Setting next_dagrun for example_skip_dag to 2021-05-06 00:00:00+00:00
[2021-05-08 07:16:03,600] {scheduler_job.py:190} INFO - Processing /home/airflow/.local/lib/python3.6/site-packages/airflow/example_dags/example_skip_dag.py took 0.108 seconds
[2021-05-08 07:16:34,135] {scheduler_job.py:182} INFO - Started process (PID=1442) to work on /home/airflow/.local/lib/python3.6/site-packages/airflow/example_dags/example_skip_dag.py
[2021-05-08 07:16:34,137] {scheduler_job.py:629} INFO - Processing file /home/airflow/.local/lib/python3.6/site-packages/airflow/example_dags/example_skip_dag.py for tasks to queue
[2021-05-08 07:16:34,139] {logging_mixin.py:104} INFO - [2021-05-08 07:16:34,139] {dagbag.py:451} INFO - Filling up the DagBag from /home/airflow/.local/lib/python3.6/site-packages/airflow/example_dags/example_skip_dag.py
[2021-05-08 07:16:34,152] {scheduler_job.py:639} INFO - DAG(s) dict_keys(['example_skip_dag']) retrieved from /home/airflow/.local/lib/python3.6/site-packages/airflow/example_dags/example_skip_dag.py
[2021-05-08 07:16:34,186] {logging_mixin.py:104} INFO - [2021-05-08 07:16:34,186] {dag.py:1824} INFO - Sync 1 DAGs
[2021-05-08 07:16:34,206] {logging_mixin.py:104} INFO - [2021-05-08 07:16:34,206] {dag.py:2280} INFO - Setting next_dagrun for example_skip_dag to 2021-05-06 00:00:00+00:00
[2021-05-08 07:16:34,220] {scheduler_job.py:190} INFO - Processing /home/airflow/.local/lib/python3.6/site-packages/airflow/example_dags/example_skip_dag.py took 0.090 seconds
[2021-05-08 07:17:04,812] {scheduler_job.py:182} INFO - Started process (PID=1469) to work on /home/airflow/.local/lib/python3.6/site-packages/airflow/example_dags/example_skip_dag.py
[2021-05-08 07:17:04,815] {scheduler_job.py:629} INFO - Processing file /home/airflow/.local/lib/python3.6/site-packages/airflow/example_dags/example_skip_dag.py for tasks to queue
[2021-05-08 07:17:04,817] {logging_mixin.py:104} INFO - [2021-05-08 07:17:04,817] {dagbag.py:451} INFO - Filling up the DagBag from /home/airflow/.local/lib/python3.6/site-packages/airflow/example_dags/example_skip_dag.py
[2021-05-08 07:17:04,831] {scheduler_job.py:639} INFO - DAG(s) dict_keys(['example_skip_dag']) retrieved from /home/airflow/.local/lib/python3.6/site-packages/airflow/example_dags/example_skip_dag.py
[2021-05-08 07:17:04,862] {logging_mixin.py:104} INFO - [2021-05-08 07:17:04,861] {dag.py:1824} INFO - Sync 1 DAGs
[2021-05-08 07:17:04,882] {logging_mixin.py:104} INFO - [2021-05-08 07:17:04,882] {dag.py:2280} INFO - Setting next_dagrun for example_skip_dag to 2021-05-06 00:00:00+00:00
[2021-05-08 07:17:04,898] {scheduler_job.py:190} INFO - Processing /home/airflow/.local/lib/python3.6/site-packages/airflow/example_dags/example_skip_dag.py took 0.090 seconds
[2021-05-08 07:17:35,416] {scheduler_job.py:182} INFO - Started process (PID=1496) to work on /home/airflow/.local/lib/python3.6/site-packages/airflow/example_dags/example_skip_dag.py
[2021-05-08 07:17:35,418] {scheduler_job.py:629} INFO - Processing file /home/airflow/.local/lib/python3.6/site-packages/airflow/example_dags/example_skip_dag.py for tasks to queue
[2021-05-08 07:17:35,420] {logging_mixin.py:104} INFO - [2021-05-08 07:17:35,420] {dagbag.py:451} INFO - Filling up the DagBag from /home/airflow/.local/lib/python3.6/site-packages/airflow/example_dags/example_skip_dag.py
[2021-05-08 07:17:35,434] {scheduler_job.py:639} INFO - DAG(s) dict_keys(['example_skip_dag']) retrieved from /home/airflow/.local/lib/python3.6/site-packages/airflow/example_dags/example_skip_dag.py
[2021-05-08 07:17:35,466] {logging_mixin.py:104} INFO - [2021-05-08 07:17:35,466] {dag.py:1824} INFO - Sync 1 DAGs
[2021-05-08 07:17:35,486] {logging_mixin.py:104} INFO - [2021-05-08 07:17:35,486] {dag.py:2280} INFO - Setting next_dagrun for example_skip_dag to 2021-05-06 00:00:00+00:00
[2021-05-08 07:17:35,501] {scheduler_job.py:190} INFO - Processing /home/airflow/.local/lib/python3.6/site-packages/airflow/example_dags/example_skip_dag.py took 0.089 seconds
[2021-05-08 07:18:06,014] {scheduler_job.py:182} INFO - Started process (PID=1523) to work on /home/airflow/.local/lib/python3.6/site-packages/airflow/example_dags/example_skip_dag.py
[2021-05-08 07:18:06,017] {scheduler_job.py:629} INFO - Processing file /home/airflow/.local/lib/python3.6/site-packages/airflow/example_dags/example_skip_dag.py for tasks to queue
[2021-05-08 07:18:06,018] {logging_mixin.py:104} INFO - [2021-05-08 07:18:06,018] {dagbag.py:451} INFO - Filling up the DagBag from /home/airflow/.local/lib/python3.6/site-packages/airflow/example_dags/example_skip_dag.py
[2021-05-08 07:18:06,034] {scheduler_job.py:639} INFO - DAG(s) dict_keys(['example_skip_dag']) retrieved from /home/airflow/.local/lib/python3.6/site-packages/airflow/example_dags/example_skip_dag.py
[2021-05-08 07:18:06,075] {logging_mixin.py:104} INFO - [2021-05-08 07:18:06,075] {dag.py:1824} INFO - Sync 1 DAGs
[2021-05-08 07:18:06,100] {logging_mixin.py:104} INFO - [2021-05-08 07:18:06,100] {dag.py:2280} INFO - Setting next_dagrun for example_skip_dag to 2021-05-06 00:00:00+00:00
[2021-05-08 07:18:06,118] {scheduler_job.py:190} INFO - Processing /home/airflow/.local/lib/python3.6/site-packages/airflow/example_dags/example_skip_dag.py took 0.109 seconds
[2021-05-08 07:18:36,737] {scheduler_job.py:182} INFO - Started process (PID=1550) to work on /home/airflow/.local/lib/python3.6/site-packages/airflow/example_dags/example_skip_dag.py
[2021-05-08 07:18:36,739] {scheduler_job.py:629} INFO - Processing file /home/airflow/.local/lib/python3.6/site-packages/airflow/example_dags/example_skip_dag.py for tasks to queue
[2021-05-08 07:18:36,741] {logging_mixin.py:104} INFO - [2021-05-08 07:18:36,741] {dagbag.py:451} INFO - Filling up the DagBag from /home/airflow/.local/lib/python3.6/site-packages/airflow/example_dags/example_skip_dag.py
[2021-05-08 07:18:36,756] {scheduler_job.py:639} INFO - DAG(s) dict_keys(['example_skip_dag']) retrieved from /home/airflow/.local/lib/python3.6/site-packages/airflow/example_dags/example_skip_dag.py
[2021-05-08 07:18:36,798] {logging_mixin.py:104} INFO - [2021-05-08 07:18:36,798] {dag.py:1824} INFO - Sync 1 DAGs
[2021-05-08 07:18:36,819] {logging_mixin.py:104} INFO - [2021-05-08 07:18:36,819] {dag.py:2280} INFO - Setting next_dagrun for example_skip_dag to 2021-05-06 00:00:00+00:00
[2021-05-08 07:18:36,836] {scheduler_job.py:190} INFO - Processing /home/airflow/.local/lib/python3.6/site-packages/airflow/example_dags/example_skip_dag.py took 0.103 seconds
[2021-05-08 07:19:07,507] {scheduler_job.py:182} INFO - Started process (PID=1577) to work on /home/airflow/.local/lib/python3.6/site-packages/airflow/example_dags/example_skip_dag.py
[2021-05-08 07:19:07,509] {scheduler_job.py:629} INFO - Processing file /home/airflow/.local/lib/python3.6/site-packages/airflow/example_dags/example_skip_dag.py for tasks to queue
[2021-05-08 07:19:07,511] {logging_mixin.py:104} INFO - [2021-05-08 07:19:07,511] {dagbag.py:451} INFO - Filling up the DagBag from /home/airflow/.local/lib/python3.6/site-packages/airflow/example_dags/example_skip_dag.py
[2021-05-08 07:19:07,525] {scheduler_job.py:639} INFO - DAG(s) dict_keys(['example_skip_dag']) retrieved from /home/airflow/.local/lib/python3.6/site-packages/airflow/example_dags/example_skip_dag.py
[2021-05-08 07:19:07,555] {logging_mixin.py:104} INFO - [2021-05-08 07:19:07,554] {dag.py:1824} INFO - Sync 1 DAGs
[2021-05-08 07:19:07,579] {logging_mixin.py:104} INFO - [2021-05-08 07:19:07,579] {dag.py:2280} INFO - Setting next_dagrun for example_skip_dag to 2021-05-06 00:00:00+00:00
[2021-05-08 07:19:07,593] {scheduler_job.py:190} INFO - Processing /home/airflow/.local/lib/python3.6/site-packages/airflow/example_dags/example_skip_dag.py took 0.091 seconds
[2021-05-08 07:19:38,250] {scheduler_job.py:182} INFO - Started process (PID=1604) to work on /home/airflow/.local/lib/python3.6/site-packages/airflow/example_dags/example_skip_dag.py
[2021-05-08 07:19:38,253] {scheduler_job.py:629} INFO - Processing file /home/airflow/.local/lib/python3.6/site-packages/airflow/example_dags/example_skip_dag.py for tasks to queue
[2021-05-08 07:19:38,254] {logging_mixin.py:104} INFO - [2021-05-08 07:19:38,254] {dagbag.py:451} INFO - Filling up the DagBag from /home/airflow/.local/lib/python3.6/site-packages/airflow/example_dags/example_skip_dag.py
[2021-05-08 07:19:38,269] {scheduler_job.py:639} INFO - DAG(s) dict_keys(['example_skip_dag']) retrieved from /home/airflow/.local/lib/python3.6/site-packages/airflow/example_dags/example_skip_dag.py
[2021-05-08 07:19:38,302] {logging_mixin.py:104} INFO - [2021-05-08 07:19:38,301] {dag.py:1824} INFO - Sync 1 DAGs
[2021-05-08 07:19:38,332] {logging_mixin.py:104} INFO - [2021-05-08 07:19:38,332] {dag.py:2280} INFO - Setting next_dagrun for example_skip_dag to 2021-05-06 00:00:00+00:00
[2021-05-08 07:19:38,345] {scheduler_job.py:190} INFO - Processing /home/airflow/.local/lib/python3.6/site-packages/airflow/example_dags/example_skip_dag.py took 0.105 seconds
[2021-05-08 07:20:09,033] {scheduler_job.py:182} INFO - Started process (PID=1631) to work on /home/airflow/.local/lib/python3.6/site-packages/airflow/example_dags/example_skip_dag.py
[2021-05-08 07:20:09,035] {scheduler_job.py:629} INFO - Processing file /home/airflow/.local/lib/python3.6/site-packages/airflow/example_dags/example_skip_dag.py for tasks to queue
[2021-05-08 07:20:09,037] {logging_mixin.py:104} INFO - [2021-05-08 07:20:09,037] {dagbag.py:451} INFO - Filling up the DagBag from /home/airflow/.local/lib/python3.6/site-packages/airflow/example_dags/example_skip_dag.py
[2021-05-08 07:20:09,053] {scheduler_job.py:639} INFO - DAG(s) dict_keys(['example_skip_dag']) retrieved from /home/airflow/.local/lib/python3.6/site-packages/airflow/example_dags/example_skip_dag.py
[2021-05-08 07:20:09,088] {logging_mixin.py:104} INFO - [2021-05-08 07:20:09,088] {dag.py:1824} INFO - Sync 1 DAGs
[2021-05-08 07:20:09,109] {logging_mixin.py:104} INFO - [2021-05-08 07:20:09,109] {dag.py:2280} INFO - Setting next_dagrun for example_skip_dag to 2021-05-06 00:00:00+00:00
[2021-05-08 07:20:09,122] {scheduler_job.py:190} INFO - Processing /home/airflow/.local/lib/python3.6/site-packages/airflow/example_dags/example_skip_dag.py took 0.094 seconds
[2021-05-08 07:20:39,815] {scheduler_job.py:182} INFO - Started process (PID=1658) to work on /home/airflow/.local/lib/python3.6/site-packages/airflow/example_dags/example_skip_dag.py
[2021-05-08 07:20:39,819] {scheduler_job.py:629} INFO - Processing file /home/airflow/.local/lib/python3.6/site-packages/airflow/example_dags/example_skip_dag.py for tasks to queue
[2021-05-08 07:20:39,823] {logging_mixin.py:104} INFO - [2021-05-08 07:20:39,823] {dagbag.py:451} INFO - Filling up the DagBag from /home/airflow/.local/lib/python3.6/site-packages/airflow/example_dags/example_skip_dag.py
[2021-05-08 07:20:39,839] {scheduler_job.py:639} INFO - DAG(s) dict_keys(['example_skip_dag']) retrieved from /home/airflow/.local/lib/python3.6/site-packages/airflow/example_dags/example_skip_dag.py
[2021-05-08 07:20:39,872] {logging_mixin.py:104} INFO - [2021-05-08 07:20:39,872] {dag.py:1824} INFO - Sync 1 DAGs
[2021-05-08 07:20:39,899] {logging_mixin.py:104} INFO - [2021-05-08 07:20:39,899] {dag.py:2280} INFO - Setting next_dagrun for example_skip_dag to 2021-05-06 00:00:00+00:00
[2021-05-08 07:20:39,915] {scheduler_job.py:190} INFO - Processing /home/airflow/.local/lib/python3.6/site-packages/airflow/example_dags/example_skip_dag.py took 0.111 seconds
[2021-05-08 07:21:10,565] {scheduler_job.py:182} INFO - Started process (PID=1685) to work on /home/airflow/.local/lib/python3.6/site-packages/airflow/example_dags/example_skip_dag.py
[2021-05-08 07:21:10,568] {scheduler_job.py:629} INFO - Processing file /home/airflow/.local/lib/python3.6/site-packages/airflow/example_dags/example_skip_dag.py for tasks to queue
[2021-05-08 07:21:10,569] {logging_mixin.py:104} INFO - [2021-05-08 07:21:10,569] {dagbag.py:451} INFO - Filling up the DagBag from /home/airflow/.local/lib/python3.6/site-packages/airflow/example_dags/example_skip_dag.py
[2021-05-08 07:21:10,585] {scheduler_job.py:639} INFO - DAG(s) dict_keys(['example_skip_dag']) retrieved from /home/airflow/.local/lib/python3.6/site-packages/airflow/example_dags/example_skip_dag.py
[2021-05-08 07:21:10,616] {logging_mixin.py:104} INFO - [2021-05-08 07:21:10,616] {dag.py:1824} INFO - Sync 1 DAGs
[2021-05-08 07:21:10,638] {logging_mixin.py:104} INFO - [2021-05-08 07:21:10,637] {dag.py:2280} INFO - Setting next_dagrun for example_skip_dag to 2021-05-06 00:00:00+00:00
[2021-05-08 07:21:10,652] {scheduler_job.py:190} INFO - Processing /home/airflow/.local/lib/python3.6/site-packages/airflow/example_dags/example_skip_dag.py took 0.091 seconds
[2021-05-08 07:21:41,275] {scheduler_job.py:182} INFO - Started process (PID=1712) to work on /home/airflow/.local/lib/python3.6/site-packages/airflow/example_dags/example_skip_dag.py
[2021-05-08 07:21:41,277] {scheduler_job.py:629} INFO - Processing file /home/airflow/.local/lib/python3.6/site-packages/airflow/example_dags/example_skip_dag.py for tasks to queue
[2021-05-08 07:21:41,280] {logging_mixin.py:104} INFO - [2021-05-08 07:21:41,279] {dagbag.py:451} INFO - Filling up the DagBag from /home/airflow/.local/lib/python3.6/site-packages/airflow/example_dags/example_skip_dag.py
[2021-05-08 07:21:41,296] {scheduler_job.py:639} INFO - DAG(s) dict_keys(['example_skip_dag']) retrieved from /home/airflow/.local/lib/python3.6/site-packages/airflow/example_dags/example_skip_dag.py
[2021-05-08 07:21:41,331] {logging_mixin.py:104} INFO - [2021-05-08 07:21:41,330] {dag.py:1824} INFO - Sync 1 DAGs
[2021-05-08 07:21:41,351] {logging_mixin.py:104} INFO - [2021-05-08 07:21:41,351] {dag.py:2280} INFO - Setting next_dagrun for example_skip_dag to 2021-05-06 00:00:00+00:00
[2021-05-08 07:21:41,367] {scheduler_job.py:190} INFO - Processing /home/airflow/.local/lib/python3.6/site-packages/airflow/example_dags/example_skip_dag.py took 0.096 seconds
[2021-05-08 07:22:11,962] {scheduler_job.py:182} INFO - Started process (PID=1739) to work on /home/airflow/.local/lib/python3.6/site-packages/airflow/example_dags/example_skip_dag.py
[2021-05-08 07:22:11,965] {scheduler_job.py:629} INFO - Processing file /home/airflow/.local/lib/python3.6/site-packages/airflow/example_dags/example_skip_dag.py for tasks to queue
[2021-05-08 07:22:11,967] {logging_mixin.py:104} INFO - [2021-05-08 07:22:11,967] {dagbag.py:451} INFO - Filling up the DagBag from /home/airflow/.local/lib/python3.6/site-packages/airflow/example_dags/example_skip_dag.py
[2021-05-08 07:22:11,981] {scheduler_job.py:639} INFO - DAG(s) dict_keys(['example_skip_dag']) retrieved from /home/airflow/.local/lib/python3.6/site-packages/airflow/example_dags/example_skip_dag.py
[2021-05-08 07:22:12,020] {logging_mixin.py:104} INFO - [2021-05-08 07:22:12,020] {dag.py:1824} INFO - Sync 1 DAGs
[2021-05-08 07:22:12,049] {logging_mixin.py:104} INFO - [2021-05-08 07:22:12,048] {dag.py:2280} INFO - Setting next_dagrun for example_skip_dag to 2021-05-06 00:00:00+00:00
[2021-05-08 07:22:12,077] {scheduler_job.py:190} INFO - Processing /home/airflow/.local/lib/python3.6/site-packages/airflow/example_dags/example_skip_dag.py took 0.120 seconds
[2021-05-08 07:22:42,712] {scheduler_job.py:182} INFO - Started process (PID=1766) to work on /home/airflow/.local/lib/python3.6/site-packages/airflow/example_dags/example_skip_dag.py
[2021-05-08 07:22:42,715] {scheduler_job.py:629} INFO - Processing file /home/airflow/.local/lib/python3.6/site-packages/airflow/example_dags/example_skip_dag.py for tasks to queue
[2021-05-08 07:22:42,717] {logging_mixin.py:104} INFO - [2021-05-08 07:22:42,717] {dagbag.py:451} INFO - Filling up the DagBag from /home/airflow/.local/lib/python3.6/site-packages/airflow/example_dags/example_skip_dag.py
[2021-05-08 07:22:42,732] {scheduler_job.py:639} INFO - DAG(s) dict_keys(['example_skip_dag']) retrieved from /home/airflow/.local/lib/python3.6/site-packages/airflow/example_dags/example_skip_dag.py
[2021-05-08 07:22:42,764] {logging_mixin.py:104} INFO - [2021-05-08 07:22:42,764] {dag.py:1824} INFO - Sync 1 DAGs
[2021-05-08 07:22:42,785] {logging_mixin.py:104} INFO - [2021-05-08 07:22:42,785] {dag.py:2280} INFO - Setting next_dagrun for example_skip_dag to 2021-05-06 00:00:00+00:00
[2021-05-08 07:22:42,799] {scheduler_job.py:190} INFO - Processing /home/airflow/.local/lib/python3.6/site-packages/airflow/example_dags/example_skip_dag.py took 0.091 seconds
[2021-05-08 07:23:13,303] {scheduler_job.py:182} INFO - Started process (PID=1793) to work on /home/airflow/.local/lib/python3.6/site-packages/airflow/example_dags/example_skip_dag.py
[2021-05-08 07:23:13,306] {scheduler_job.py:629} INFO - Processing file /home/airflow/.local/lib/python3.6/site-packages/airflow/example_dags/example_skip_dag.py for tasks to queue
[2021-05-08 07:23:13,307] {logging_mixin.py:104} INFO - [2021-05-08 07:23:13,307] {dagbag.py:451} INFO - Filling up the DagBag from /home/airflow/.local/lib/python3.6/site-packages/airflow/example_dags/example_skip_dag.py
[2021-05-08 07:23:13,322] {scheduler_job.py:639} INFO - DAG(s) dict_keys(['example_skip_dag']) retrieved from /home/airflow/.local/lib/python3.6/site-packages/airflow/example_dags/example_skip_dag.py
[2021-05-08 07:23:13,352] {logging_mixin.py:104} INFO - [2021-05-08 07:23:13,352] {dag.py:1824} INFO - Sync 1 DAGs
[2021-05-08 07:23:13,373] {logging_mixin.py:104} INFO - [2021-05-08 07:23:13,373] {dag.py:2280} INFO - Setting next_dagrun for example_skip_dag to 2021-05-06 00:00:00+00:00
[2021-05-08 07:23:13,387] {scheduler_job.py:190} INFO - Processing /home/airflow/.local/lib/python3.6/site-packages/airflow/example_dags/example_skip_dag.py took 0.088 seconds
[2021-05-08 07:23:43,872] {scheduler_job.py:182} INFO - Started process (PID=1820) to work on /home/airflow/.local/lib/python3.6/site-packages/airflow/example_dags/example_skip_dag.py
[2021-05-08 07:23:43,875] {scheduler_job.py:629} INFO - Processing file /home/airflow/.local/lib/python3.6/site-packages/airflow/example_dags/example_skip_dag.py for tasks to queue
[2021-05-08 07:23:43,877] {logging_mixin.py:104} INFO - [2021-05-08 07:23:43,877] {dagbag.py:451} INFO - Filling up the DagBag from /home/airflow/.local/lib/python3.6/site-packages/airflow/example_dags/example_skip_dag.py
[2021-05-08 07:23:43,895] {scheduler_job.py:639} INFO - DAG(s) dict_keys(['example_skip_dag']) retrieved from /home/airflow/.local/lib/python3.6/site-packages/airflow/example_dags/example_skip_dag.py
[2021-05-08 07:23:43,929] {logging_mixin.py:104} INFO - [2021-05-08 07:23:43,929] {dag.py:1824} INFO - Sync 1 DAGs
[2021-05-08 07:23:43,954] {logging_mixin.py:104} INFO - [2021-05-08 07:23:43,953] {dag.py:2280} INFO - Setting next_dagrun for example_skip_dag to 2021-05-06 00:00:00+00:00
[2021-05-08 07:23:43,987] {scheduler_job.py:190} INFO - Processing /home/airflow/.local/lib/python3.6/site-packages/airflow/example_dags/example_skip_dag.py took 0.120 seconds
[2021-05-08 07:24:14,369] {scheduler_job.py:182} INFO - Started process (PID=1847) to work on /home/airflow/.local/lib/python3.6/site-packages/airflow/example_dags/example_skip_dag.py
[2021-05-08 07:24:14,371] {scheduler_job.py:629} INFO - Processing file /home/airflow/.local/lib/python3.6/site-packages/airflow/example_dags/example_skip_dag.py for tasks to queue
[2021-05-08 07:24:14,373] {logging_mixin.py:104} INFO - [2021-05-08 07:24:14,373] {dagbag.py:451} INFO - Filling up the DagBag from /home/airflow/.local/lib/python3.6/site-packages/airflow/example_dags/example_skip_dag.py
[2021-05-08 07:24:14,398] {scheduler_job.py:639} INFO - DAG(s) dict_keys(['example_skip_dag']) retrieved from /home/airflow/.local/lib/python3.6/site-packages/airflow/example_dags/example_skip_dag.py
[2021-05-08 07:24:14,440] {logging_mixin.py:104} INFO - [2021-05-08 07:24:14,440] {dag.py:1824} INFO - Sync 1 DAGs
[2021-05-08 07:24:14,461] {logging_mixin.py:104} INFO - [2021-05-08 07:24:14,461] {dag.py:2280} INFO - Setting next_dagrun for example_skip_dag to 2021-05-06 00:00:00+00:00
[2021-05-08 07:24:14,476] {scheduler_job.py:190} INFO - Processing /home/airflow/.local/lib/python3.6/site-packages/airflow/example_dags/example_skip_dag.py took 0.112 seconds
[2021-05-08 07:24:44,964] {scheduler_job.py:182} INFO - Started process (PID=1874) to work on /home/airflow/.local/lib/python3.6/site-packages/airflow/example_dags/example_skip_dag.py
[2021-05-08 07:24:44,967] {scheduler_job.py:629} INFO - Processing file /home/airflow/.local/lib/python3.6/site-packages/airflow/example_dags/example_skip_dag.py for tasks to queue
[2021-05-08 07:24:44,969] {logging_mixin.py:104} INFO - [2021-05-08 07:24:44,968] {dagbag.py:451} INFO - Filling up the DagBag from /home/airflow/.local/lib/python3.6/site-packages/airflow/example_dags/example_skip_dag.py
[2021-05-08 07:24:44,983] {scheduler_job.py:639} INFO - DAG(s) dict_keys(['example_skip_dag']) retrieved from /home/airflow/.local/lib/python3.6/site-packages/airflow/example_dags/example_skip_dag.py
[2021-05-08 07:24:45,020] {logging_mixin.py:104} INFO - [2021-05-08 07:24:45,020] {dag.py:1824} INFO - Sync 1 DAGs
[2021-05-08 07:24:45,053] {logging_mixin.py:104} INFO - [2021-05-08 07:24:45,053] {dag.py:2280} INFO - Setting next_dagrun for example_skip_dag to 2021-05-06 00:00:00+00:00
[2021-05-08 07:24:45,068] {scheduler_job.py:190} INFO - Processing /home/airflow/.local/lib/python3.6/site-packages/airflow/example_dags/example_skip_dag.py took 0.109 seconds
[2021-05-08 07:25:15,630] {scheduler_job.py:182} INFO - Started process (PID=1901) to work on /home/airflow/.local/lib/python3.6/site-packages/airflow/example_dags/example_skip_dag.py
[2021-05-08 07:25:15,633] {scheduler_job.py:629} INFO - Processing file /home/airflow/.local/lib/python3.6/site-packages/airflow/example_dags/example_skip_dag.py for tasks to queue
[2021-05-08 07:25:15,635] {logging_mixin.py:104} INFO - [2021-05-08 07:25:15,635] {dagbag.py:451} INFO - Filling up the DagBag from /home/airflow/.local/lib/python3.6/site-packages/airflow/example_dags/example_skip_dag.py
[2021-05-08 07:25:15,649] {scheduler_job.py:639} INFO - DAG(s) dict_keys(['example_skip_dag']) retrieved from /home/airflow/.local/lib/python3.6/site-packages/airflow/example_dags/example_skip_dag.py
[2021-05-08 07:25:15,678] {logging_mixin.py:104} INFO - [2021-05-08 07:25:15,678] {dag.py:1824} INFO - Sync 1 DAGs
[2021-05-08 07:25:15,698] {logging_mixin.py:104} INFO - [2021-05-08 07:25:15,697] {dag.py:2280} INFO - Setting next_dagrun for example_skip_dag to 2021-05-06 00:00:00+00:00
[2021-05-08 07:25:15,712] {scheduler_job.py:190} INFO - Processing /home/airflow/.local/lib/python3.6/site-packages/airflow/example_dags/example_skip_dag.py took 0.087 seconds
[2021-05-08 07:25:46,315] {scheduler_job.py:182} INFO - Started process (PID=1928) to work on /home/airflow/.local/lib/python3.6/site-packages/airflow/example_dags/example_skip_dag.py
[2021-05-08 07:25:46,320] {scheduler_job.py:629} INFO - Processing file /home/airflow/.local/lib/python3.6/site-packages/airflow/example_dags/example_skip_dag.py for tasks to queue
[2021-05-08 07:25:46,322] {logging_mixin.py:104} INFO - [2021-05-08 07:25:46,322] {dagbag.py:451} INFO - Filling up the DagBag from /home/airflow/.local/lib/python3.6/site-packages/airflow/example_dags/example_skip_dag.py
[2021-05-08 07:25:46,338] {scheduler_job.py:639} INFO - DAG(s) dict_keys(['example_skip_dag']) retrieved from /home/airflow/.local/lib/python3.6/site-packages/airflow/example_dags/example_skip_dag.py
[2021-05-08 07:25:46,368] {logging_mixin.py:104} INFO - [2021-05-08 07:25:46,368] {dag.py:1824} INFO - Sync 1 DAGs
[2021-05-08 07:25:46,388] {logging_mixin.py:104} INFO - [2021-05-08 07:25:46,388] {dag.py:2280} INFO - Setting next_dagrun for example_skip_dag to 2021-05-06 00:00:00+00:00
[2021-05-08 07:25:46,401] {scheduler_job.py:190} INFO - Processing /home/airflow/.local/lib/python3.6/site-packages/airflow/example_dags/example_skip_dag.py took 0.094 seconds
[2021-05-08 07:26:16,964] {scheduler_job.py:182} INFO - Started process (PID=1955) to work on /home/airflow/.local/lib/python3.6/site-packages/airflow/example_dags/example_skip_dag.py
[2021-05-08 07:26:16,967] {scheduler_job.py:629} INFO - Processing file /home/airflow/.local/lib/python3.6/site-packages/airflow/example_dags/example_skip_dag.py for tasks to queue
[2021-05-08 07:26:16,969] {logging_mixin.py:104} INFO - [2021-05-08 07:26:16,968] {dagbag.py:451} INFO - Filling up the DagBag from /home/airflow/.local/lib/python3.6/site-packages/airflow/example_dags/example_skip_dag.py
[2021-05-08 07:26:16,983] {scheduler_job.py:639} INFO - DAG(s) dict_keys(['example_skip_dag']) retrieved from /home/airflow/.local/lib/python3.6/site-packages/airflow/example_dags/example_skip_dag.py
[2021-05-08 07:26:17,016] {logging_mixin.py:104} INFO - [2021-05-08 07:26:17,016] {dag.py:1824} INFO - Sync 1 DAGs
[2021-05-08 07:26:17,037] {logging_mixin.py:104} INFO - [2021-05-08 07:26:17,037] {dag.py:2280} INFO - Setting next_dagrun for example_skip_dag to 2021-05-06 00:00:00+00:00
[2021-05-08 07:26:17,050] {scheduler_job.py:190} INFO - Processing /home/airflow/.local/lib/python3.6/site-packages/airflow/example_dags/example_skip_dag.py took 0.090 seconds
[2021-05-08 07:26:47,684] {scheduler_job.py:182} INFO - Started process (PID=1982) to work on /home/airflow/.local/lib/python3.6/site-packages/airflow/example_dags/example_skip_dag.py
[2021-05-08 07:26:47,686] {scheduler_job.py:629} INFO - Processing file /home/airflow/.local/lib/python3.6/site-packages/airflow/example_dags/example_skip_dag.py for tasks to queue
[2021-05-08 07:26:47,689] {logging_mixin.py:104} INFO - [2021-05-08 07:26:47,689] {dagbag.py:451} INFO - Filling up the DagBag from /home/airflow/.local/lib/python3.6/site-packages/airflow/example_dags/example_skip_dag.py
[2021-05-08 07:26:47,704] {scheduler_job.py:639} INFO - DAG(s) dict_keys(['example_skip_dag']) retrieved from /home/airflow/.local/lib/python3.6/site-packages/airflow/example_dags/example_skip_dag.py
[2021-05-08 07:26:47,748] {logging_mixin.py:104} INFO - [2021-05-08 07:26:47,747] {dag.py:1824} INFO - Sync 1 DAGs
[2021-05-08 07:26:47,780] {logging_mixin.py:104} INFO - [2021-05-08 07:26:47,780] {dag.py:2280} INFO - Setting next_dagrun for example_skip_dag to 2021-05-06 00:00:00+00:00
[2021-05-08 07:26:47,797] {scheduler_job.py:190} INFO - Processing /home/airflow/.local/lib/python3.6/site-packages/airflow/example_dags/example_skip_dag.py took 0.119 seconds
