[2021-05-08 06:50:00,237] {scheduler_job.py:182} INFO - Started process (PID=54) to work on /home/airflow/.local/lib/python3.6/site-packages/airflow/example_dags/example_trigger_target_dag.py
[2021-05-08 06:50:00,240] {scheduler_job.py:629} INFO - Processing file /home/airflow/.local/lib/python3.6/site-packages/airflow/example_dags/example_trigger_target_dag.py for tasks to queue
[2021-05-08 06:50:00,242] {logging_mixin.py:104} INFO - [2021-05-08 06:50:00,242] {dagbag.py:451} INFO - Filling up the DagBag from /home/airflow/.local/lib/python3.6/site-packages/airflow/example_dags/example_trigger_target_dag.py
[2021-05-08 06:50:00,264] {scheduler_job.py:639} INFO - DAG(s) dict_keys(['example_trigger_target_dag']) retrieved from /home/airflow/.local/lib/python3.6/site-packages/airflow/example_dags/example_trigger_target_dag.py
[2021-05-08 06:50:00,324] {logging_mixin.py:104} INFO - [2021-05-08 06:50:00,323] {dag.py:1824} INFO - Sync 1 DAGs
[2021-05-08 06:50:00,365] {logging_mixin.py:104} INFO - [2021-05-08 06:50:00,364] {dag.py:2280} INFO - Setting next_dagrun for example_trigger_target_dag to None
[2021-05-08 06:50:00,392] {scheduler_job.py:190} INFO - Processing /home/airflow/.local/lib/python3.6/site-packages/airflow/example_dags/example_trigger_target_dag.py took 0.161 seconds
[2021-05-08 06:50:30,600] {scheduler_job.py:182} INFO - Started process (PID=77) to work on /home/airflow/.local/lib/python3.6/site-packages/airflow/example_dags/example_trigger_target_dag.py
[2021-05-08 06:50:30,605] {scheduler_job.py:629} INFO - Processing file /home/airflow/.local/lib/python3.6/site-packages/airflow/example_dags/example_trigger_target_dag.py for tasks to queue
[2021-05-08 06:50:30,609] {logging_mixin.py:104} INFO - [2021-05-08 06:50:30,609] {dagbag.py:451} INFO - Filling up the DagBag from /home/airflow/.local/lib/python3.6/site-packages/airflow/example_dags/example_trigger_target_dag.py
[2021-05-08 06:50:30,644] {scheduler_job.py:639} INFO - DAG(s) dict_keys(['example_trigger_target_dag']) retrieved from /home/airflow/.local/lib/python3.6/site-packages/airflow/example_dags/example_trigger_target_dag.py
[2021-05-08 06:50:30,712] {logging_mixin.py:104} INFO - [2021-05-08 06:50:30,712] {dag.py:1824} INFO - Sync 1 DAGs
[2021-05-08 06:50:30,744] {logging_mixin.py:104} INFO - [2021-05-08 06:50:30,744] {dag.py:2280} INFO - Setting next_dagrun for example_trigger_target_dag to None
[2021-05-08 06:50:30,765] {scheduler_job.py:190} INFO - Processing /home/airflow/.local/lib/python3.6/site-packages/airflow/example_dags/example_trigger_target_dag.py took 0.176 seconds
[2021-05-08 06:51:01,787] {scheduler_job.py:182} INFO - Started process (PID=108) to work on /home/airflow/.local/lib/python3.6/site-packages/airflow/example_dags/example_trigger_target_dag.py
[2021-05-08 06:51:01,790] {scheduler_job.py:629} INFO - Processing file /home/airflow/.local/lib/python3.6/site-packages/airflow/example_dags/example_trigger_target_dag.py for tasks to queue
[2021-05-08 06:51:01,794] {logging_mixin.py:104} INFO - [2021-05-08 06:51:01,794] {dagbag.py:451} INFO - Filling up the DagBag from /home/airflow/.local/lib/python3.6/site-packages/airflow/example_dags/example_trigger_target_dag.py
[2021-05-08 06:51:01,827] {scheduler_job.py:639} INFO - DAG(s) dict_keys(['example_trigger_target_dag']) retrieved from /home/airflow/.local/lib/python3.6/site-packages/airflow/example_dags/example_trigger_target_dag.py
[2021-05-08 06:51:01,885] {logging_mixin.py:104} INFO - [2021-05-08 06:51:01,884] {dag.py:1824} INFO - Sync 1 DAGs
[2021-05-08 06:51:01,909] {logging_mixin.py:104} INFO - [2021-05-08 06:51:01,909] {dag.py:2280} INFO - Setting next_dagrun for example_trigger_target_dag to None
[2021-05-08 06:51:01,924] {scheduler_job.py:190} INFO - Processing /home/airflow/.local/lib/python3.6/site-packages/airflow/example_dags/example_trigger_target_dag.py took 0.145 seconds
[2021-05-08 06:51:32,509] {scheduler_job.py:182} INFO - Started process (PID=135) to work on /home/airflow/.local/lib/python3.6/site-packages/airflow/example_dags/example_trigger_target_dag.py
[2021-05-08 06:51:32,511] {scheduler_job.py:629} INFO - Processing file /home/airflow/.local/lib/python3.6/site-packages/airflow/example_dags/example_trigger_target_dag.py for tasks to queue
[2021-05-08 06:51:32,513] {logging_mixin.py:104} INFO - [2021-05-08 06:51:32,513] {dagbag.py:451} INFO - Filling up the DagBag from /home/airflow/.local/lib/python3.6/site-packages/airflow/example_dags/example_trigger_target_dag.py
[2021-05-08 06:51:32,535] {scheduler_job.py:639} INFO - DAG(s) dict_keys(['example_trigger_target_dag']) retrieved from /home/airflow/.local/lib/python3.6/site-packages/airflow/example_dags/example_trigger_target_dag.py
[2021-05-08 06:51:32,572] {logging_mixin.py:104} INFO - [2021-05-08 06:51:32,572] {dag.py:1824} INFO - Sync 1 DAGs
[2021-05-08 06:51:32,596] {logging_mixin.py:104} INFO - [2021-05-08 06:51:32,595] {dag.py:2280} INFO - Setting next_dagrun for example_trigger_target_dag to None
[2021-05-08 06:51:32,612] {scheduler_job.py:190} INFO - Processing /home/airflow/.local/lib/python3.6/site-packages/airflow/example_dags/example_trigger_target_dag.py took 0.107 seconds
[2021-05-08 06:52:03,212] {scheduler_job.py:182} INFO - Started process (PID=162) to work on /home/airflow/.local/lib/python3.6/site-packages/airflow/example_dags/example_trigger_target_dag.py
[2021-05-08 06:52:03,214] {scheduler_job.py:629} INFO - Processing file /home/airflow/.local/lib/python3.6/site-packages/airflow/example_dags/example_trigger_target_dag.py for tasks to queue
[2021-05-08 06:52:03,217] {logging_mixin.py:104} INFO - [2021-05-08 06:52:03,217] {dagbag.py:451} INFO - Filling up the DagBag from /home/airflow/.local/lib/python3.6/site-packages/airflow/example_dags/example_trigger_target_dag.py
[2021-05-08 06:52:03,233] {scheduler_job.py:639} INFO - DAG(s) dict_keys(['example_trigger_target_dag']) retrieved from /home/airflow/.local/lib/python3.6/site-packages/airflow/example_dags/example_trigger_target_dag.py
[2021-05-08 06:52:03,280] {logging_mixin.py:104} INFO - [2021-05-08 06:52:03,280] {dag.py:1824} INFO - Sync 1 DAGs
[2021-05-08 06:52:03,305] {logging_mixin.py:104} INFO - [2021-05-08 06:52:03,305] {dag.py:2280} INFO - Setting next_dagrun for example_trigger_target_dag to None
[2021-05-08 06:52:03,320] {scheduler_job.py:190} INFO - Processing /home/airflow/.local/lib/python3.6/site-packages/airflow/example_dags/example_trigger_target_dag.py took 0.115 seconds
[2021-05-08 06:52:33,434] {scheduler_job.py:182} INFO - Started process (PID=185) to work on /home/airflow/.local/lib/python3.6/site-packages/airflow/example_dags/example_trigger_target_dag.py
[2021-05-08 06:52:33,437] {scheduler_job.py:629} INFO - Processing file /home/airflow/.local/lib/python3.6/site-packages/airflow/example_dags/example_trigger_target_dag.py for tasks to queue
[2021-05-08 06:52:33,439] {logging_mixin.py:104} INFO - [2021-05-08 06:52:33,439] {dagbag.py:451} INFO - Filling up the DagBag from /home/airflow/.local/lib/python3.6/site-packages/airflow/example_dags/example_trigger_target_dag.py
[2021-05-08 06:52:33,459] {scheduler_job.py:639} INFO - DAG(s) dict_keys(['example_trigger_target_dag']) retrieved from /home/airflow/.local/lib/python3.6/site-packages/airflow/example_dags/example_trigger_target_dag.py
[2021-05-08 06:52:33,491] {logging_mixin.py:104} INFO - [2021-05-08 06:52:33,491] {dag.py:1824} INFO - Sync 1 DAGs
[2021-05-08 06:52:33,510] {logging_mixin.py:104} INFO - [2021-05-08 06:52:33,510] {dag.py:2280} INFO - Setting next_dagrun for example_trigger_target_dag to None
[2021-05-08 06:52:33,525] {scheduler_job.py:190} INFO - Processing /home/airflow/.local/lib/python3.6/site-packages/airflow/example_dags/example_trigger_target_dag.py took 0.095 seconds
[2021-05-08 06:53:04,473] {scheduler_job.py:182} INFO - Started process (PID=216) to work on /home/airflow/.local/lib/python3.6/site-packages/airflow/example_dags/example_trigger_target_dag.py
[2021-05-08 06:53:04,476] {scheduler_job.py:629} INFO - Processing file /home/airflow/.local/lib/python3.6/site-packages/airflow/example_dags/example_trigger_target_dag.py for tasks to queue
[2021-05-08 06:53:04,478] {logging_mixin.py:104} INFO - [2021-05-08 06:53:04,477] {dagbag.py:451} INFO - Filling up the DagBag from /home/airflow/.local/lib/python3.6/site-packages/airflow/example_dags/example_trigger_target_dag.py
[2021-05-08 06:53:04,495] {scheduler_job.py:639} INFO - DAG(s) dict_keys(['example_trigger_target_dag']) retrieved from /home/airflow/.local/lib/python3.6/site-packages/airflow/example_dags/example_trigger_target_dag.py
[2021-05-08 06:53:04,523] {logging_mixin.py:104} INFO - [2021-05-08 06:53:04,523] {dag.py:1824} INFO - Sync 1 DAGs
[2021-05-08 06:53:04,543] {logging_mixin.py:104} INFO - [2021-05-08 06:53:04,543] {dag.py:2280} INFO - Setting next_dagrun for example_trigger_target_dag to None
[2021-05-08 06:53:04,557] {scheduler_job.py:190} INFO - Processing /home/airflow/.local/lib/python3.6/site-packages/airflow/example_dags/example_trigger_target_dag.py took 0.089 seconds
[2021-05-08 06:53:35,075] {scheduler_job.py:182} INFO - Started process (PID=243) to work on /home/airflow/.local/lib/python3.6/site-packages/airflow/example_dags/example_trigger_target_dag.py
[2021-05-08 06:53:35,077] {scheduler_job.py:629} INFO - Processing file /home/airflow/.local/lib/python3.6/site-packages/airflow/example_dags/example_trigger_target_dag.py for tasks to queue
[2021-05-08 06:53:35,079] {logging_mixin.py:104} INFO - [2021-05-08 06:53:35,079] {dagbag.py:451} INFO - Filling up the DagBag from /home/airflow/.local/lib/python3.6/site-packages/airflow/example_dags/example_trigger_target_dag.py
[2021-05-08 06:53:35,095] {scheduler_job.py:639} INFO - DAG(s) dict_keys(['example_trigger_target_dag']) retrieved from /home/airflow/.local/lib/python3.6/site-packages/airflow/example_dags/example_trigger_target_dag.py
[2021-05-08 06:53:35,125] {logging_mixin.py:104} INFO - [2021-05-08 06:53:35,125] {dag.py:1824} INFO - Sync 1 DAGs
[2021-05-08 06:53:35,145] {logging_mixin.py:104} INFO - [2021-05-08 06:53:35,144] {dag.py:2280} INFO - Setting next_dagrun for example_trigger_target_dag to None
[2021-05-08 06:53:35,157] {scheduler_job.py:190} INFO - Processing /home/airflow/.local/lib/python3.6/site-packages/airflow/example_dags/example_trigger_target_dag.py took 0.091 seconds
[2021-05-08 06:54:05,682] {scheduler_job.py:182} INFO - Started process (PID=270) to work on /home/airflow/.local/lib/python3.6/site-packages/airflow/example_dags/example_trigger_target_dag.py
[2021-05-08 06:54:05,684] {scheduler_job.py:629} INFO - Processing file /home/airflow/.local/lib/python3.6/site-packages/airflow/example_dags/example_trigger_target_dag.py for tasks to queue
[2021-05-08 06:54:05,686] {logging_mixin.py:104} INFO - [2021-05-08 06:54:05,686] {dagbag.py:451} INFO - Filling up the DagBag from /home/airflow/.local/lib/python3.6/site-packages/airflow/example_dags/example_trigger_target_dag.py
[2021-05-08 06:54:05,704] {scheduler_job.py:639} INFO - DAG(s) dict_keys(['example_trigger_target_dag']) retrieved from /home/airflow/.local/lib/python3.6/site-packages/airflow/example_dags/example_trigger_target_dag.py
[2021-05-08 06:54:05,742] {logging_mixin.py:104} INFO - [2021-05-08 06:54:05,742] {dag.py:1824} INFO - Sync 1 DAGs
[2021-05-08 06:54:05,765] {logging_mixin.py:104} INFO - [2021-05-08 06:54:05,765] {dag.py:2280} INFO - Setting next_dagrun for example_trigger_target_dag to None
[2021-05-08 06:54:05,780] {scheduler_job.py:190} INFO - Processing /home/airflow/.local/lib/python3.6/site-packages/airflow/example_dags/example_trigger_target_dag.py took 0.106 seconds
[2021-05-08 06:54:36,565] {scheduler_job.py:182} INFO - Started process (PID=297) to work on /home/airflow/.local/lib/python3.6/site-packages/airflow/example_dags/example_trigger_target_dag.py
[2021-05-08 06:54:36,567] {scheduler_job.py:629} INFO - Processing file /home/airflow/.local/lib/python3.6/site-packages/airflow/example_dags/example_trigger_target_dag.py for tasks to queue
[2021-05-08 06:54:36,570] {logging_mixin.py:104} INFO - [2021-05-08 06:54:36,570] {dagbag.py:451} INFO - Filling up the DagBag from /home/airflow/.local/lib/python3.6/site-packages/airflow/example_dags/example_trigger_target_dag.py
[2021-05-08 06:54:36,591] {scheduler_job.py:639} INFO - DAG(s) dict_keys(['example_trigger_target_dag']) retrieved from /home/airflow/.local/lib/python3.6/site-packages/airflow/example_dags/example_trigger_target_dag.py
[2021-05-08 06:54:36,624] {logging_mixin.py:104} INFO - [2021-05-08 06:54:36,623] {dag.py:1824} INFO - Sync 1 DAGs
[2021-05-08 06:54:36,644] {logging_mixin.py:104} INFO - [2021-05-08 06:54:36,644] {dag.py:2280} INFO - Setting next_dagrun for example_trigger_target_dag to None
[2021-05-08 06:54:36,659] {scheduler_job.py:190} INFO - Processing /home/airflow/.local/lib/python3.6/site-packages/airflow/example_dags/example_trigger_target_dag.py took 0.101 seconds
[2021-05-08 06:55:07,352] {scheduler_job.py:182} INFO - Started process (PID=324) to work on /home/airflow/.local/lib/python3.6/site-packages/airflow/example_dags/example_trigger_target_dag.py
[2021-05-08 06:55:07,355] {scheduler_job.py:629} INFO - Processing file /home/airflow/.local/lib/python3.6/site-packages/airflow/example_dags/example_trigger_target_dag.py for tasks to queue
[2021-05-08 06:55:07,356] {logging_mixin.py:104} INFO - [2021-05-08 06:55:07,356] {dagbag.py:451} INFO - Filling up the DagBag from /home/airflow/.local/lib/python3.6/site-packages/airflow/example_dags/example_trigger_target_dag.py
[2021-05-08 06:55:07,373] {scheduler_job.py:639} INFO - DAG(s) dict_keys(['example_trigger_target_dag']) retrieved from /home/airflow/.local/lib/python3.6/site-packages/airflow/example_dags/example_trigger_target_dag.py
[2021-05-08 06:55:07,402] {logging_mixin.py:104} INFO - [2021-05-08 06:55:07,402] {dag.py:1824} INFO - Sync 1 DAGs
[2021-05-08 06:55:07,422] {logging_mixin.py:104} INFO - [2021-05-08 06:55:07,422] {dag.py:2280} INFO - Setting next_dagrun for example_trigger_target_dag to None
[2021-05-08 06:55:07,436] {scheduler_job.py:190} INFO - Processing /home/airflow/.local/lib/python3.6/site-packages/airflow/example_dags/example_trigger_target_dag.py took 0.088 seconds
[2021-05-08 06:55:37,513] {scheduler_job.py:182} INFO - Started process (PID=347) to work on /home/airflow/.local/lib/python3.6/site-packages/airflow/example_dags/example_trigger_target_dag.py
[2021-05-08 06:55:37,515] {scheduler_job.py:629} INFO - Processing file /home/airflow/.local/lib/python3.6/site-packages/airflow/example_dags/example_trigger_target_dag.py for tasks to queue
[2021-05-08 06:55:37,519] {logging_mixin.py:104} INFO - [2021-05-08 06:55:37,519] {dagbag.py:451} INFO - Filling up the DagBag from /home/airflow/.local/lib/python3.6/site-packages/airflow/example_dags/example_trigger_target_dag.py
[2021-05-08 06:55:37,534] {scheduler_job.py:639} INFO - DAG(s) dict_keys(['example_trigger_target_dag']) retrieved from /home/airflow/.local/lib/python3.6/site-packages/airflow/example_dags/example_trigger_target_dag.py
[2021-05-08 06:55:37,570] {logging_mixin.py:104} INFO - [2021-05-08 06:55:37,570] {dag.py:1824} INFO - Sync 1 DAGs
[2021-05-08 06:55:37,590] {logging_mixin.py:104} INFO - [2021-05-08 06:55:37,590] {dag.py:2280} INFO - Setting next_dagrun for example_trigger_target_dag to None
[2021-05-08 06:55:37,605] {scheduler_job.py:190} INFO - Processing /home/airflow/.local/lib/python3.6/site-packages/airflow/example_dags/example_trigger_target_dag.py took 0.097 seconds
[2021-05-08 06:56:08,338] {scheduler_job.py:182} INFO - Started process (PID=378) to work on /home/airflow/.local/lib/python3.6/site-packages/airflow/example_dags/example_trigger_target_dag.py
[2021-05-08 06:56:08,341] {scheduler_job.py:629} INFO - Processing file /home/airflow/.local/lib/python3.6/site-packages/airflow/example_dags/example_trigger_target_dag.py for tasks to queue
[2021-05-08 06:56:08,342] {logging_mixin.py:104} INFO - [2021-05-08 06:56:08,342] {dagbag.py:451} INFO - Filling up the DagBag from /home/airflow/.local/lib/python3.6/site-packages/airflow/example_dags/example_trigger_target_dag.py
[2021-05-08 06:56:08,359] {scheduler_job.py:639} INFO - DAG(s) dict_keys(['example_trigger_target_dag']) retrieved from /home/airflow/.local/lib/python3.6/site-packages/airflow/example_dags/example_trigger_target_dag.py
[2021-05-08 06:56:08,393] {logging_mixin.py:104} INFO - [2021-05-08 06:56:08,393] {dag.py:1824} INFO - Sync 1 DAGs
[2021-05-08 06:56:08,419] {logging_mixin.py:104} INFO - [2021-05-08 06:56:08,419] {dag.py:2280} INFO - Setting next_dagrun for example_trigger_target_dag to None
[2021-05-08 06:56:08,435] {scheduler_job.py:190} INFO - Processing /home/airflow/.local/lib/python3.6/site-packages/airflow/example_dags/example_trigger_target_dag.py took 0.103 seconds
[2021-05-08 06:56:38,989] {scheduler_job.py:182} INFO - Started process (PID=405) to work on /home/airflow/.local/lib/python3.6/site-packages/airflow/example_dags/example_trigger_target_dag.py
[2021-05-08 06:56:38,992] {scheduler_job.py:629} INFO - Processing file /home/airflow/.local/lib/python3.6/site-packages/airflow/example_dags/example_trigger_target_dag.py for tasks to queue
[2021-05-08 06:56:38,994] {logging_mixin.py:104} INFO - [2021-05-08 06:56:38,993] {dagbag.py:451} INFO - Filling up the DagBag from /home/airflow/.local/lib/python3.6/site-packages/airflow/example_dags/example_trigger_target_dag.py
[2021-05-08 06:56:39,010] {scheduler_job.py:639} INFO - DAG(s) dict_keys(['example_trigger_target_dag']) retrieved from /home/airflow/.local/lib/python3.6/site-packages/airflow/example_dags/example_trigger_target_dag.py
[2021-05-08 06:56:39,043] {logging_mixin.py:104} INFO - [2021-05-08 06:56:39,043] {dag.py:1824} INFO - Sync 1 DAGs
[2021-05-08 06:56:39,071] {logging_mixin.py:104} INFO - [2021-05-08 06:56:39,070] {dag.py:2280} INFO - Setting next_dagrun for example_trigger_target_dag to None
[2021-05-08 06:56:39,091] {scheduler_job.py:190} INFO - Processing /home/airflow/.local/lib/python3.6/site-packages/airflow/example_dags/example_trigger_target_dag.py took 0.107 seconds
[2021-05-08 06:57:09,712] {scheduler_job.py:182} INFO - Started process (PID=432) to work on /home/airflow/.local/lib/python3.6/site-packages/airflow/example_dags/example_trigger_target_dag.py
[2021-05-08 06:57:09,715] {scheduler_job.py:629} INFO - Processing file /home/airflow/.local/lib/python3.6/site-packages/airflow/example_dags/example_trigger_target_dag.py for tasks to queue
[2021-05-08 06:57:09,716] {logging_mixin.py:104} INFO - [2021-05-08 06:57:09,716] {dagbag.py:451} INFO - Filling up the DagBag from /home/airflow/.local/lib/python3.6/site-packages/airflow/example_dags/example_trigger_target_dag.py
[2021-05-08 06:57:09,732] {scheduler_job.py:639} INFO - DAG(s) dict_keys(['example_trigger_target_dag']) retrieved from /home/airflow/.local/lib/python3.6/site-packages/airflow/example_dags/example_trigger_target_dag.py
[2021-05-08 06:57:09,760] {logging_mixin.py:104} INFO - [2021-05-08 06:57:09,760] {dag.py:1824} INFO - Sync 1 DAGs
[2021-05-08 06:57:09,780] {logging_mixin.py:104} INFO - [2021-05-08 06:57:09,780] {dag.py:2280} INFO - Setting next_dagrun for example_trigger_target_dag to None
[2021-05-08 06:57:09,792] {scheduler_job.py:190} INFO - Processing /home/airflow/.local/lib/python3.6/site-packages/airflow/example_dags/example_trigger_target_dag.py took 0.086 seconds
[2021-05-08 06:57:40,557] {scheduler_job.py:182} INFO - Started process (PID=459) to work on /home/airflow/.local/lib/python3.6/site-packages/airflow/example_dags/example_trigger_target_dag.py
[2021-05-08 06:57:40,560] {scheduler_job.py:629} INFO - Processing file /home/airflow/.local/lib/python3.6/site-packages/airflow/example_dags/example_trigger_target_dag.py for tasks to queue
[2021-05-08 06:57:40,563] {logging_mixin.py:104} INFO - [2021-05-08 06:57:40,563] {dagbag.py:451} INFO - Filling up the DagBag from /home/airflow/.local/lib/python3.6/site-packages/airflow/example_dags/example_trigger_target_dag.py
[2021-05-08 06:57:40,580] {scheduler_job.py:639} INFO - DAG(s) dict_keys(['example_trigger_target_dag']) retrieved from /home/airflow/.local/lib/python3.6/site-packages/airflow/example_dags/example_trigger_target_dag.py
[2021-05-08 06:57:40,616] {logging_mixin.py:104} INFO - [2021-05-08 06:57:40,616] {dag.py:1824} INFO - Sync 1 DAGs
[2021-05-08 06:57:40,639] {logging_mixin.py:104} INFO - [2021-05-08 06:57:40,639] {dag.py:2280} INFO - Setting next_dagrun for example_trigger_target_dag to None
[2021-05-08 06:57:40,657] {scheduler_job.py:190} INFO - Processing /home/airflow/.local/lib/python3.6/site-packages/airflow/example_dags/example_trigger_target_dag.py took 0.105 seconds
[2021-05-08 06:58:11,392] {scheduler_job.py:182} INFO - Started process (PID=486) to work on /home/airflow/.local/lib/python3.6/site-packages/airflow/example_dags/example_trigger_target_dag.py
[2021-05-08 06:58:11,395] {scheduler_job.py:629} INFO - Processing file /home/airflow/.local/lib/python3.6/site-packages/airflow/example_dags/example_trigger_target_dag.py for tasks to queue
[2021-05-08 06:58:11,397] {logging_mixin.py:104} INFO - [2021-05-08 06:58:11,397] {dagbag.py:451} INFO - Filling up the DagBag from /home/airflow/.local/lib/python3.6/site-packages/airflow/example_dags/example_trigger_target_dag.py
[2021-05-08 06:58:11,417] {scheduler_job.py:639} INFO - DAG(s) dict_keys(['example_trigger_target_dag']) retrieved from /home/airflow/.local/lib/python3.6/site-packages/airflow/example_dags/example_trigger_target_dag.py
[2021-05-08 06:58:11,454] {logging_mixin.py:104} INFO - [2021-05-08 06:58:11,453] {dag.py:1824} INFO - Sync 1 DAGs
[2021-05-08 06:58:11,476] {logging_mixin.py:104} INFO - [2021-05-08 06:58:11,475] {dag.py:2280} INFO - Setting next_dagrun for example_trigger_target_dag to None
[2021-05-08 06:58:11,493] {scheduler_job.py:190} INFO - Processing /home/airflow/.local/lib/python3.6/site-packages/airflow/example_dags/example_trigger_target_dag.py took 0.105 seconds
[2021-05-08 06:58:42,241] {scheduler_job.py:182} INFO - Started process (PID=513) to work on /home/airflow/.local/lib/python3.6/site-packages/airflow/example_dags/example_trigger_target_dag.py
[2021-05-08 06:58:42,243] {scheduler_job.py:629} INFO - Processing file /home/airflow/.local/lib/python3.6/site-packages/airflow/example_dags/example_trigger_target_dag.py for tasks to queue
[2021-05-08 06:58:42,245] {logging_mixin.py:104} INFO - [2021-05-08 06:58:42,245] {dagbag.py:451} INFO - Filling up the DagBag from /home/airflow/.local/lib/python3.6/site-packages/airflow/example_dags/example_trigger_target_dag.py
[2021-05-08 06:58:42,263] {scheduler_job.py:639} INFO - DAG(s) dict_keys(['example_trigger_target_dag']) retrieved from /home/airflow/.local/lib/python3.6/site-packages/airflow/example_dags/example_trigger_target_dag.py
[2021-05-08 06:58:42,296] {logging_mixin.py:104} INFO - [2021-05-08 06:58:42,296] {dag.py:1824} INFO - Sync 1 DAGs
[2021-05-08 06:58:42,321] {logging_mixin.py:104} INFO - [2021-05-08 06:58:42,321] {dag.py:2280} INFO - Setting next_dagrun for example_trigger_target_dag to None
[2021-05-08 06:58:42,334] {scheduler_job.py:190} INFO - Processing /home/airflow/.local/lib/python3.6/site-packages/airflow/example_dags/example_trigger_target_dag.py took 0.097 seconds
[2021-05-08 06:59:12,981] {scheduler_job.py:182} INFO - Started process (PID=540) to work on /home/airflow/.local/lib/python3.6/site-packages/airflow/example_dags/example_trigger_target_dag.py
[2021-05-08 06:59:12,984] {scheduler_job.py:629} INFO - Processing file /home/airflow/.local/lib/python3.6/site-packages/airflow/example_dags/example_trigger_target_dag.py for tasks to queue
[2021-05-08 06:59:12,986] {logging_mixin.py:104} INFO - [2021-05-08 06:59:12,986] {dagbag.py:451} INFO - Filling up the DagBag from /home/airflow/.local/lib/python3.6/site-packages/airflow/example_dags/example_trigger_target_dag.py
[2021-05-08 06:59:13,004] {scheduler_job.py:639} INFO - DAG(s) dict_keys(['example_trigger_target_dag']) retrieved from /home/airflow/.local/lib/python3.6/site-packages/airflow/example_dags/example_trigger_target_dag.py
[2021-05-08 06:59:13,036] {logging_mixin.py:104} INFO - [2021-05-08 06:59:13,036] {dag.py:1824} INFO - Sync 1 DAGs
[2021-05-08 06:59:13,057] {logging_mixin.py:104} INFO - [2021-05-08 06:59:13,057] {dag.py:2280} INFO - Setting next_dagrun for example_trigger_target_dag to None
[2021-05-08 06:59:13,071] {scheduler_job.py:190} INFO - Processing /home/airflow/.local/lib/python3.6/site-packages/airflow/example_dags/example_trigger_target_dag.py took 0.097 seconds
[2021-05-08 06:59:43,946] {scheduler_job.py:182} INFO - Started process (PID=567) to work on /home/airflow/.local/lib/python3.6/site-packages/airflow/example_dags/example_trigger_target_dag.py
[2021-05-08 06:59:43,949] {scheduler_job.py:629} INFO - Processing file /home/airflow/.local/lib/python3.6/site-packages/airflow/example_dags/example_trigger_target_dag.py for tasks to queue
[2021-05-08 06:59:43,953] {logging_mixin.py:104} INFO - [2021-05-08 06:59:43,952] {dagbag.py:451} INFO - Filling up the DagBag from /home/airflow/.local/lib/python3.6/site-packages/airflow/example_dags/example_trigger_target_dag.py
[2021-05-08 06:59:43,975] {scheduler_job.py:639} INFO - DAG(s) dict_keys(['example_trigger_target_dag']) retrieved from /home/airflow/.local/lib/python3.6/site-packages/airflow/example_dags/example_trigger_target_dag.py
[2021-05-08 06:59:44,015] {logging_mixin.py:104} INFO - [2021-05-08 06:59:44,015] {dag.py:1824} INFO - Sync 1 DAGs
[2021-05-08 06:59:44,052] {logging_mixin.py:104} INFO - [2021-05-08 06:59:44,052] {dag.py:2280} INFO - Setting next_dagrun for example_trigger_target_dag to None
[2021-05-08 06:59:44,074] {scheduler_job.py:190} INFO - Processing /home/airflow/.local/lib/python3.6/site-packages/airflow/example_dags/example_trigger_target_dag.py took 0.132 seconds
[2021-05-08 07:00:14,196] {scheduler_job.py:182} INFO - Started process (PID=594) to work on /home/airflow/.local/lib/python3.6/site-packages/airflow/example_dags/example_trigger_target_dag.py
[2021-05-08 07:00:14,198] {scheduler_job.py:629} INFO - Processing file /home/airflow/.local/lib/python3.6/site-packages/airflow/example_dags/example_trigger_target_dag.py for tasks to queue
[2021-05-08 07:00:14,200] {logging_mixin.py:104} INFO - [2021-05-08 07:00:14,200] {dagbag.py:451} INFO - Filling up the DagBag from /home/airflow/.local/lib/python3.6/site-packages/airflow/example_dags/example_trigger_target_dag.py
[2021-05-08 07:00:14,217] {scheduler_job.py:639} INFO - DAG(s) dict_keys(['example_trigger_target_dag']) retrieved from /home/airflow/.local/lib/python3.6/site-packages/airflow/example_dags/example_trigger_target_dag.py
[2021-05-08 07:00:14,248] {logging_mixin.py:104} INFO - [2021-05-08 07:00:14,248] {dag.py:1824} INFO - Sync 1 DAGs
[2021-05-08 07:00:14,270] {logging_mixin.py:104} INFO - [2021-05-08 07:00:14,270] {dag.py:2280} INFO - Setting next_dagrun for example_trigger_target_dag to None
[2021-05-08 07:00:14,285] {scheduler_job.py:190} INFO - Processing /home/airflow/.local/lib/python3.6/site-packages/airflow/example_dags/example_trigger_target_dag.py took 0.093 seconds
[2021-05-08 07:00:44,423] {scheduler_job.py:182} INFO - Started process (PID=621) to work on /home/airflow/.local/lib/python3.6/site-packages/airflow/example_dags/example_trigger_target_dag.py
[2021-05-08 07:00:44,425] {scheduler_job.py:629} INFO - Processing file /home/airflow/.local/lib/python3.6/site-packages/airflow/example_dags/example_trigger_target_dag.py for tasks to queue
[2021-05-08 07:00:44,426] {logging_mixin.py:104} INFO - [2021-05-08 07:00:44,426] {dagbag.py:451} INFO - Filling up the DagBag from /home/airflow/.local/lib/python3.6/site-packages/airflow/example_dags/example_trigger_target_dag.py
[2021-05-08 07:00:44,446] {scheduler_job.py:639} INFO - DAG(s) dict_keys(['example_trigger_target_dag']) retrieved from /home/airflow/.local/lib/python3.6/site-packages/airflow/example_dags/example_trigger_target_dag.py
[2021-05-08 07:00:44,482] {logging_mixin.py:104} INFO - [2021-05-08 07:00:44,481] {dag.py:1824} INFO - Sync 1 DAGs
[2021-05-08 07:00:44,504] {logging_mixin.py:104} INFO - [2021-05-08 07:00:44,504] {dag.py:2280} INFO - Setting next_dagrun for example_trigger_target_dag to None
[2021-05-08 07:00:44,520] {scheduler_job.py:190} INFO - Processing /home/airflow/.local/lib/python3.6/site-packages/airflow/example_dags/example_trigger_target_dag.py took 0.109 seconds
[2021-05-08 07:01:14,568] {scheduler_job.py:182} INFO - Started process (PID=648) to work on /home/airflow/.local/lib/python3.6/site-packages/airflow/example_dags/example_trigger_target_dag.py
[2021-05-08 07:01:14,571] {scheduler_job.py:629} INFO - Processing file /home/airflow/.local/lib/python3.6/site-packages/airflow/example_dags/example_trigger_target_dag.py for tasks to queue
[2021-05-08 07:01:14,572] {logging_mixin.py:104} INFO - [2021-05-08 07:01:14,572] {dagbag.py:451} INFO - Filling up the DagBag from /home/airflow/.local/lib/python3.6/site-packages/airflow/example_dags/example_trigger_target_dag.py
[2021-05-08 07:01:14,588] {scheduler_job.py:639} INFO - DAG(s) dict_keys(['example_trigger_target_dag']) retrieved from /home/airflow/.local/lib/python3.6/site-packages/airflow/example_dags/example_trigger_target_dag.py
[2021-05-08 07:01:14,619] {logging_mixin.py:104} INFO - [2021-05-08 07:01:14,618] {dag.py:1824} INFO - Sync 1 DAGs
[2021-05-08 07:01:14,646] {logging_mixin.py:104} INFO - [2021-05-08 07:01:14,645] {dag.py:2280} INFO - Setting next_dagrun for example_trigger_target_dag to None
[2021-05-08 07:01:14,666] {scheduler_job.py:190} INFO - Processing /home/airflow/.local/lib/python3.6/site-packages/airflow/example_dags/example_trigger_target_dag.py took 0.101 seconds
[2021-05-08 07:01:45,010] {scheduler_job.py:182} INFO - Started process (PID=671) to work on /home/airflow/.local/lib/python3.6/site-packages/airflow/example_dags/example_trigger_target_dag.py
[2021-05-08 07:01:45,012] {scheduler_job.py:629} INFO - Processing file /home/airflow/.local/lib/python3.6/site-packages/airflow/example_dags/example_trigger_target_dag.py for tasks to queue
[2021-05-08 07:01:45,014] {logging_mixin.py:104} INFO - [2021-05-08 07:01:45,014] {dagbag.py:451} INFO - Filling up the DagBag from /home/airflow/.local/lib/python3.6/site-packages/airflow/example_dags/example_trigger_target_dag.py
[2021-05-08 07:01:45,031] {scheduler_job.py:639} INFO - DAG(s) dict_keys(['example_trigger_target_dag']) retrieved from /home/airflow/.local/lib/python3.6/site-packages/airflow/example_dags/example_trigger_target_dag.py
[2021-05-08 07:01:45,063] {logging_mixin.py:104} INFO - [2021-05-08 07:01:45,063] {dag.py:1824} INFO - Sync 1 DAGs
[2021-05-08 07:01:45,097] {logging_mixin.py:104} INFO - [2021-05-08 07:01:45,097] {dag.py:2280} INFO - Setting next_dagrun for example_trigger_target_dag to None
[2021-05-08 07:01:45,109] {scheduler_job.py:190} INFO - Processing /home/airflow/.local/lib/python3.6/site-packages/airflow/example_dags/example_trigger_target_dag.py took 0.104 seconds
[2021-05-08 07:02:15,799] {scheduler_job.py:182} INFO - Started process (PID=698) to work on /home/airflow/.local/lib/python3.6/site-packages/airflow/example_dags/example_trigger_target_dag.py
[2021-05-08 07:02:15,802] {scheduler_job.py:629} INFO - Processing file /home/airflow/.local/lib/python3.6/site-packages/airflow/example_dags/example_trigger_target_dag.py for tasks to queue
[2021-05-08 07:02:15,804] {logging_mixin.py:104} INFO - [2021-05-08 07:02:15,804] {dagbag.py:451} INFO - Filling up the DagBag from /home/airflow/.local/lib/python3.6/site-packages/airflow/example_dags/example_trigger_target_dag.py
[2021-05-08 07:02:15,820] {scheduler_job.py:639} INFO - DAG(s) dict_keys(['example_trigger_target_dag']) retrieved from /home/airflow/.local/lib/python3.6/site-packages/airflow/example_dags/example_trigger_target_dag.py
[2021-05-08 07:02:15,862] {logging_mixin.py:104} INFO - [2021-05-08 07:02:15,862] {dag.py:1824} INFO - Sync 1 DAGs
[2021-05-08 07:02:15,887] {logging_mixin.py:104} INFO - [2021-05-08 07:02:15,887] {dag.py:2280} INFO - Setting next_dagrun for example_trigger_target_dag to None
[2021-05-08 07:02:15,901] {scheduler_job.py:190} INFO - Processing /home/airflow/.local/lib/python3.6/site-packages/airflow/example_dags/example_trigger_target_dag.py took 0.107 seconds
[2021-05-08 07:02:46,185] {scheduler_job.py:182} INFO - Started process (PID=725) to work on /home/airflow/.local/lib/python3.6/site-packages/airflow/example_dags/example_trigger_target_dag.py
[2021-05-08 07:02:46,197] {scheduler_job.py:629} INFO - Processing file /home/airflow/.local/lib/python3.6/site-packages/airflow/example_dags/example_trigger_target_dag.py for tasks to queue
[2021-05-08 07:02:46,200] {logging_mixin.py:104} INFO - [2021-05-08 07:02:46,199] {dagbag.py:451} INFO - Filling up the DagBag from /home/airflow/.local/lib/python3.6/site-packages/airflow/example_dags/example_trigger_target_dag.py
[2021-05-08 07:02:46,230] {scheduler_job.py:639} INFO - DAG(s) dict_keys(['example_trigger_target_dag']) retrieved from /home/airflow/.local/lib/python3.6/site-packages/airflow/example_dags/example_trigger_target_dag.py
[2021-05-08 07:02:46,294] {logging_mixin.py:104} INFO - [2021-05-08 07:02:46,293] {dag.py:1824} INFO - Sync 1 DAGs
[2021-05-08 07:02:46,352] {logging_mixin.py:104} INFO - [2021-05-08 07:02:46,351] {dag.py:2280} INFO - Setting next_dagrun for example_trigger_target_dag to None
[2021-05-08 07:02:46,382] {scheduler_job.py:190} INFO - Processing /home/airflow/.local/lib/python3.6/site-packages/airflow/example_dags/example_trigger_target_dag.py took 0.206 seconds
[2021-05-08 07:03:16,462] {scheduler_job.py:182} INFO - Started process (PID=752) to work on /home/airflow/.local/lib/python3.6/site-packages/airflow/example_dags/example_trigger_target_dag.py
[2021-05-08 07:03:16,464] {scheduler_job.py:629} INFO - Processing file /home/airflow/.local/lib/python3.6/site-packages/airflow/example_dags/example_trigger_target_dag.py for tasks to queue
[2021-05-08 07:03:16,466] {logging_mixin.py:104} INFO - [2021-05-08 07:03:16,466] {dagbag.py:451} INFO - Filling up the DagBag from /home/airflow/.local/lib/python3.6/site-packages/airflow/example_dags/example_trigger_target_dag.py
[2021-05-08 07:03:16,484] {scheduler_job.py:639} INFO - DAG(s) dict_keys(['example_trigger_target_dag']) retrieved from /home/airflow/.local/lib/python3.6/site-packages/airflow/example_dags/example_trigger_target_dag.py
[2021-05-08 07:03:16,519] {logging_mixin.py:104} INFO - [2021-05-08 07:03:16,519] {dag.py:1824} INFO - Sync 1 DAGs
[2021-05-08 07:03:16,541] {logging_mixin.py:104} INFO - [2021-05-08 07:03:16,541] {dag.py:2280} INFO - Setting next_dagrun for example_trigger_target_dag to None
[2021-05-08 07:03:16,555] {scheduler_job.py:190} INFO - Processing /home/airflow/.local/lib/python3.6/site-packages/airflow/example_dags/example_trigger_target_dag.py took 0.098 seconds
[2021-05-08 07:03:47,273] {scheduler_job.py:182} INFO - Started process (PID=778) to work on /home/airflow/.local/lib/python3.6/site-packages/airflow/example_dags/example_trigger_target_dag.py
[2021-05-08 07:03:47,276] {scheduler_job.py:629} INFO - Processing file /home/airflow/.local/lib/python3.6/site-packages/airflow/example_dags/example_trigger_target_dag.py for tasks to queue
[2021-05-08 07:03:47,278] {logging_mixin.py:104} INFO - [2021-05-08 07:03:47,278] {dagbag.py:451} INFO - Filling up the DagBag from /home/airflow/.local/lib/python3.6/site-packages/airflow/example_dags/example_trigger_target_dag.py
[2021-05-08 07:03:47,296] {scheduler_job.py:639} INFO - DAG(s) dict_keys(['example_trigger_target_dag']) retrieved from /home/airflow/.local/lib/python3.6/site-packages/airflow/example_dags/example_trigger_target_dag.py
[2021-05-08 07:03:47,333] {logging_mixin.py:104} INFO - [2021-05-08 07:03:47,333] {dag.py:1824} INFO - Sync 1 DAGs
[2021-05-08 07:03:47,360] {logging_mixin.py:104} INFO - [2021-05-08 07:03:47,359] {dag.py:2280} INFO - Setting next_dagrun for example_trigger_target_dag to None
[2021-05-08 07:03:47,378] {scheduler_job.py:190} INFO - Processing /home/airflow/.local/lib/python3.6/site-packages/airflow/example_dags/example_trigger_target_dag.py took 0.111 seconds
[2021-05-08 07:04:17,826] {scheduler_job.py:182} INFO - Started process (PID=802) to work on /home/airflow/.local/lib/python3.6/site-packages/airflow/example_dags/example_trigger_target_dag.py
[2021-05-08 07:04:17,828] {scheduler_job.py:629} INFO - Processing file /home/airflow/.local/lib/python3.6/site-packages/airflow/example_dags/example_trigger_target_dag.py for tasks to queue
[2021-05-08 07:04:17,830] {logging_mixin.py:104} INFO - [2021-05-08 07:04:17,829] {dagbag.py:451} INFO - Filling up the DagBag from /home/airflow/.local/lib/python3.6/site-packages/airflow/example_dags/example_trigger_target_dag.py
[2021-05-08 07:04:17,848] {scheduler_job.py:639} INFO - DAG(s) dict_keys(['example_trigger_target_dag']) retrieved from /home/airflow/.local/lib/python3.6/site-packages/airflow/example_dags/example_trigger_target_dag.py
[2021-05-08 07:04:17,884] {logging_mixin.py:104} INFO - [2021-05-08 07:04:17,884] {dag.py:1824} INFO - Sync 1 DAGs
[2021-05-08 07:04:17,905] {logging_mixin.py:104} INFO - [2021-05-08 07:04:17,905] {dag.py:2280} INFO - Setting next_dagrun for example_trigger_target_dag to None
[2021-05-08 07:04:17,917] {scheduler_job.py:190} INFO - Processing /home/airflow/.local/lib/python3.6/site-packages/airflow/example_dags/example_trigger_target_dag.py took 0.096 seconds
[2021-05-08 07:04:48,325] {scheduler_job.py:182} INFO - Started process (PID=828) to work on /home/airflow/.local/lib/python3.6/site-packages/airflow/example_dags/example_trigger_target_dag.py
[2021-05-08 07:04:48,327] {scheduler_job.py:629} INFO - Processing file /home/airflow/.local/lib/python3.6/site-packages/airflow/example_dags/example_trigger_target_dag.py for tasks to queue
[2021-05-08 07:04:48,329] {logging_mixin.py:104} INFO - [2021-05-08 07:04:48,329] {dagbag.py:451} INFO - Filling up the DagBag from /home/airflow/.local/lib/python3.6/site-packages/airflow/example_dags/example_trigger_target_dag.py
[2021-05-08 07:04:48,347] {scheduler_job.py:639} INFO - DAG(s) dict_keys(['example_trigger_target_dag']) retrieved from /home/airflow/.local/lib/python3.6/site-packages/airflow/example_dags/example_trigger_target_dag.py
[2021-05-08 07:04:48,380] {logging_mixin.py:104} INFO - [2021-05-08 07:04:48,379] {dag.py:1824} INFO - Sync 1 DAGs
[2021-05-08 07:04:48,402] {logging_mixin.py:104} INFO - [2021-05-08 07:04:48,401] {dag.py:2280} INFO - Setting next_dagrun for example_trigger_target_dag to None
[2021-05-08 07:04:48,416] {scheduler_job.py:190} INFO - Processing /home/airflow/.local/lib/python3.6/site-packages/airflow/example_dags/example_trigger_target_dag.py took 0.095 seconds
[2021-05-08 07:05:19,066] {scheduler_job.py:182} INFO - Started process (PID=855) to work on /home/airflow/.local/lib/python3.6/site-packages/airflow/example_dags/example_trigger_target_dag.py
[2021-05-08 07:05:19,068] {scheduler_job.py:629} INFO - Processing file /home/airflow/.local/lib/python3.6/site-packages/airflow/example_dags/example_trigger_target_dag.py for tasks to queue
[2021-05-08 07:05:19,071] {logging_mixin.py:104} INFO - [2021-05-08 07:05:19,070] {dagbag.py:451} INFO - Filling up the DagBag from /home/airflow/.local/lib/python3.6/site-packages/airflow/example_dags/example_trigger_target_dag.py
[2021-05-08 07:05:19,089] {scheduler_job.py:639} INFO - DAG(s) dict_keys(['example_trigger_target_dag']) retrieved from /home/airflow/.local/lib/python3.6/site-packages/airflow/example_dags/example_trigger_target_dag.py
[2021-05-08 07:05:19,120] {logging_mixin.py:104} INFO - [2021-05-08 07:05:19,120] {dag.py:1824} INFO - Sync 1 DAGs
[2021-05-08 07:05:19,142] {logging_mixin.py:104} INFO - [2021-05-08 07:05:19,142] {dag.py:2280} INFO - Setting next_dagrun for example_trigger_target_dag to None
[2021-05-08 07:05:19,160] {scheduler_job.py:190} INFO - Processing /home/airflow/.local/lib/python3.6/site-packages/airflow/example_dags/example_trigger_target_dag.py took 0.099 seconds
[2021-05-08 07:05:50,027] {scheduler_job.py:182} INFO - Started process (PID=882) to work on /home/airflow/.local/lib/python3.6/site-packages/airflow/example_dags/example_trigger_target_dag.py
[2021-05-08 07:05:50,030] {scheduler_job.py:629} INFO - Processing file /home/airflow/.local/lib/python3.6/site-packages/airflow/example_dags/example_trigger_target_dag.py for tasks to queue
[2021-05-08 07:05:50,033] {logging_mixin.py:104} INFO - [2021-05-08 07:05:50,032] {dagbag.py:451} INFO - Filling up the DagBag from /home/airflow/.local/lib/python3.6/site-packages/airflow/example_dags/example_trigger_target_dag.py
[2021-05-08 07:05:50,056] {scheduler_job.py:639} INFO - DAG(s) dict_keys(['example_trigger_target_dag']) retrieved from /home/airflow/.local/lib/python3.6/site-packages/airflow/example_dags/example_trigger_target_dag.py
[2021-05-08 07:05:50,095] {logging_mixin.py:104} INFO - [2021-05-08 07:05:50,094] {dag.py:1824} INFO - Sync 1 DAGs
[2021-05-08 07:05:50,129] {logging_mixin.py:104} INFO - [2021-05-08 07:05:50,129] {dag.py:2280} INFO - Setting next_dagrun for example_trigger_target_dag to None
[2021-05-08 07:05:50,152] {scheduler_job.py:190} INFO - Processing /home/airflow/.local/lib/python3.6/site-packages/airflow/example_dags/example_trigger_target_dag.py took 0.130 seconds
[2021-05-08 07:06:20,451] {scheduler_job.py:182} INFO - Started process (PID=909) to work on /home/airflow/.local/lib/python3.6/site-packages/airflow/example_dags/example_trigger_target_dag.py
[2021-05-08 07:06:20,453] {scheduler_job.py:629} INFO - Processing file /home/airflow/.local/lib/python3.6/site-packages/airflow/example_dags/example_trigger_target_dag.py for tasks to queue
[2021-05-08 07:06:20,455] {logging_mixin.py:104} INFO - [2021-05-08 07:06:20,455] {dagbag.py:451} INFO - Filling up the DagBag from /home/airflow/.local/lib/python3.6/site-packages/airflow/example_dags/example_trigger_target_dag.py
[2021-05-08 07:06:20,472] {scheduler_job.py:639} INFO - DAG(s) dict_keys(['example_trigger_target_dag']) retrieved from /home/airflow/.local/lib/python3.6/site-packages/airflow/example_dags/example_trigger_target_dag.py
[2021-05-08 07:06:20,504] {logging_mixin.py:104} INFO - [2021-05-08 07:06:20,504] {dag.py:1824} INFO - Sync 1 DAGs
[2021-05-08 07:06:20,524] {logging_mixin.py:104} INFO - [2021-05-08 07:06:20,524] {dag.py:2280} INFO - Setting next_dagrun for example_trigger_target_dag to None
[2021-05-08 07:06:20,537] {scheduler_job.py:190} INFO - Processing /home/airflow/.local/lib/python3.6/site-packages/airflow/example_dags/example_trigger_target_dag.py took 0.091 seconds
[2021-05-08 07:06:50,647] {scheduler_job.py:182} INFO - Started process (PID=936) to work on /home/airflow/.local/lib/python3.6/site-packages/airflow/example_dags/example_trigger_target_dag.py
[2021-05-08 07:06:50,649] {scheduler_job.py:629} INFO - Processing file /home/airflow/.local/lib/python3.6/site-packages/airflow/example_dags/example_trigger_target_dag.py for tasks to queue
[2021-05-08 07:06:50,651] {logging_mixin.py:104} INFO - [2021-05-08 07:06:50,650] {dagbag.py:451} INFO - Filling up the DagBag from /home/airflow/.local/lib/python3.6/site-packages/airflow/example_dags/example_trigger_target_dag.py
[2021-05-08 07:06:50,669] {scheduler_job.py:639} INFO - DAG(s) dict_keys(['example_trigger_target_dag']) retrieved from /home/airflow/.local/lib/python3.6/site-packages/airflow/example_dags/example_trigger_target_dag.py
[2021-05-08 07:06:50,708] {logging_mixin.py:104} INFO - [2021-05-08 07:06:50,708] {dag.py:1824} INFO - Sync 1 DAGs
[2021-05-08 07:06:50,731] {logging_mixin.py:104} INFO - [2021-05-08 07:06:50,731] {dag.py:2280} INFO - Setting next_dagrun for example_trigger_target_dag to None
[2021-05-08 07:06:50,758] {scheduler_job.py:190} INFO - Processing /home/airflow/.local/lib/python3.6/site-packages/airflow/example_dags/example_trigger_target_dag.py took 0.116 seconds
[2021-05-08 07:07:21,461] {scheduler_job.py:182} INFO - Started process (PID=963) to work on /home/airflow/.local/lib/python3.6/site-packages/airflow/example_dags/example_trigger_target_dag.py
[2021-05-08 07:07:21,466] {scheduler_job.py:629} INFO - Processing file /home/airflow/.local/lib/python3.6/site-packages/airflow/example_dags/example_trigger_target_dag.py for tasks to queue
[2021-05-08 07:07:21,468] {logging_mixin.py:104} INFO - [2021-05-08 07:07:21,468] {dagbag.py:451} INFO - Filling up the DagBag from /home/airflow/.local/lib/python3.6/site-packages/airflow/example_dags/example_trigger_target_dag.py
[2021-05-08 07:07:21,484] {scheduler_job.py:639} INFO - DAG(s) dict_keys(['example_trigger_target_dag']) retrieved from /home/airflow/.local/lib/python3.6/site-packages/airflow/example_dags/example_trigger_target_dag.py
[2021-05-08 07:07:21,518] {logging_mixin.py:104} INFO - [2021-05-08 07:07:21,518] {dag.py:1824} INFO - Sync 1 DAGs
[2021-05-08 07:07:21,540] {logging_mixin.py:104} INFO - [2021-05-08 07:07:21,540] {dag.py:2280} INFO - Setting next_dagrun for example_trigger_target_dag to None
[2021-05-08 07:07:21,556] {scheduler_job.py:190} INFO - Processing /home/airflow/.local/lib/python3.6/site-packages/airflow/example_dags/example_trigger_target_dag.py took 0.099 seconds
[2021-05-08 07:07:52,386] {scheduler_job.py:182} INFO - Started process (PID=990) to work on /home/airflow/.local/lib/python3.6/site-packages/airflow/example_dags/example_trigger_target_dag.py
[2021-05-08 07:07:52,388] {scheduler_job.py:629} INFO - Processing file /home/airflow/.local/lib/python3.6/site-packages/airflow/example_dags/example_trigger_target_dag.py for tasks to queue
[2021-05-08 07:07:52,390] {logging_mixin.py:104} INFO - [2021-05-08 07:07:52,390] {dagbag.py:451} INFO - Filling up the DagBag from /home/airflow/.local/lib/python3.6/site-packages/airflow/example_dags/example_trigger_target_dag.py
[2021-05-08 07:07:52,407] {scheduler_job.py:639} INFO - DAG(s) dict_keys(['example_trigger_target_dag']) retrieved from /home/airflow/.local/lib/python3.6/site-packages/airflow/example_dags/example_trigger_target_dag.py
[2021-05-08 07:07:52,439] {logging_mixin.py:104} INFO - [2021-05-08 07:07:52,439] {dag.py:1824} INFO - Sync 1 DAGs
[2021-05-08 07:07:52,461] {logging_mixin.py:104} INFO - [2021-05-08 07:07:52,461] {dag.py:2280} INFO - Setting next_dagrun for example_trigger_target_dag to None
[2021-05-08 07:07:52,477] {scheduler_job.py:190} INFO - Processing /home/airflow/.local/lib/python3.6/site-packages/airflow/example_dags/example_trigger_target_dag.py took 0.096 seconds
[2021-05-08 07:08:24,148] {scheduler_job.py:182} INFO - Started process (PID=1018) to work on /home/airflow/.local/lib/python3.6/site-packages/airflow/example_dags/example_trigger_target_dag.py
[2021-05-08 07:08:24,153] {scheduler_job.py:629} INFO - Processing file /home/airflow/.local/lib/python3.6/site-packages/airflow/example_dags/example_trigger_target_dag.py for tasks to queue
[2021-05-08 07:08:24,156] {logging_mixin.py:104} INFO - [2021-05-08 07:08:24,156] {dagbag.py:451} INFO - Filling up the DagBag from /home/airflow/.local/lib/python3.6/site-packages/airflow/example_dags/example_trigger_target_dag.py
[2021-05-08 07:08:24,208] {scheduler_job.py:639} INFO - DAG(s) dict_keys(['example_trigger_target_dag']) retrieved from /home/airflow/.local/lib/python3.6/site-packages/airflow/example_dags/example_trigger_target_dag.py
[2021-05-08 07:08:24,346] {logging_mixin.py:104} INFO - [2021-05-08 07:08:24,345] {dag.py:1824} INFO - Sync 1 DAGs
[2021-05-08 07:08:24,419] {logging_mixin.py:104} INFO - [2021-05-08 07:08:24,419] {dag.py:2280} INFO - Setting next_dagrun for example_trigger_target_dag to None
[2021-05-08 07:08:24,454] {scheduler_job.py:190} INFO - Processing /home/airflow/.local/lib/python3.6/site-packages/airflow/example_dags/example_trigger_target_dag.py took 0.318 seconds
[2021-05-08 07:08:54,815] {scheduler_job.py:182} INFO - Started process (PID=1043) to work on /home/airflow/.local/lib/python3.6/site-packages/airflow/example_dags/example_trigger_target_dag.py
[2021-05-08 07:08:54,821] {scheduler_job.py:629} INFO - Processing file /home/airflow/.local/lib/python3.6/site-packages/airflow/example_dags/example_trigger_target_dag.py for tasks to queue
[2021-05-08 07:08:54,826] {logging_mixin.py:104} INFO - [2021-05-08 07:08:54,825] {dagbag.py:451} INFO - Filling up the DagBag from /home/airflow/.local/lib/python3.6/site-packages/airflow/example_dags/example_trigger_target_dag.py
[2021-05-08 07:08:54,896] {scheduler_job.py:639} INFO - DAG(s) dict_keys(['example_trigger_target_dag']) retrieved from /home/airflow/.local/lib/python3.6/site-packages/airflow/example_dags/example_trigger_target_dag.py
[2021-05-08 07:08:55,015] {logging_mixin.py:104} INFO - [2021-05-08 07:08:55,014] {dag.py:1824} INFO - Sync 1 DAGs
[2021-05-08 07:08:55,098] {logging_mixin.py:104} INFO - [2021-05-08 07:08:55,098] {dag.py:2280} INFO - Setting next_dagrun for example_trigger_target_dag to None
[2021-05-08 07:08:55,175] {scheduler_job.py:190} INFO - Processing /home/airflow/.local/lib/python3.6/site-packages/airflow/example_dags/example_trigger_target_dag.py took 0.374 seconds
[2021-05-08 07:09:25,837] {scheduler_job.py:182} INFO - Started process (PID=1070) to work on /home/airflow/.local/lib/python3.6/site-packages/airflow/example_dags/example_trigger_target_dag.py
[2021-05-08 07:09:25,846] {scheduler_job.py:629} INFO - Processing file /home/airflow/.local/lib/python3.6/site-packages/airflow/example_dags/example_trigger_target_dag.py for tasks to queue
[2021-05-08 07:09:25,853] {logging_mixin.py:104} INFO - [2021-05-08 07:09:25,852] {dagbag.py:451} INFO - Filling up the DagBag from /home/airflow/.local/lib/python3.6/site-packages/airflow/example_dags/example_trigger_target_dag.py
[2021-05-08 07:09:25,914] {scheduler_job.py:639} INFO - DAG(s) dict_keys(['example_trigger_target_dag']) retrieved from /home/airflow/.local/lib/python3.6/site-packages/airflow/example_dags/example_trigger_target_dag.py
[2021-05-08 07:09:26,032] {logging_mixin.py:104} INFO - [2021-05-08 07:09:26,031] {dag.py:1824} INFO - Sync 1 DAGs
[2021-05-08 07:09:26,106] {logging_mixin.py:104} INFO - [2021-05-08 07:09:26,105] {dag.py:2280} INFO - Setting next_dagrun for example_trigger_target_dag to None
[2021-05-08 07:09:26,151] {scheduler_job.py:190} INFO - Processing /home/airflow/.local/lib/python3.6/site-packages/airflow/example_dags/example_trigger_target_dag.py took 0.330 seconds
[2021-05-08 07:09:56,961] {scheduler_job.py:182} INFO - Started process (PID=1098) to work on /home/airflow/.local/lib/python3.6/site-packages/airflow/example_dags/example_trigger_target_dag.py
[2021-05-08 07:09:56,965] {scheduler_job.py:629} INFO - Processing file /home/airflow/.local/lib/python3.6/site-packages/airflow/example_dags/example_trigger_target_dag.py for tasks to queue
[2021-05-08 07:09:56,970] {logging_mixin.py:104} INFO - [2021-05-08 07:09:56,970] {dagbag.py:451} INFO - Filling up the DagBag from /home/airflow/.local/lib/python3.6/site-packages/airflow/example_dags/example_trigger_target_dag.py
[2021-05-08 07:09:57,008] {scheduler_job.py:639} INFO - DAG(s) dict_keys(['example_trigger_target_dag']) retrieved from /home/airflow/.local/lib/python3.6/site-packages/airflow/example_dags/example_trigger_target_dag.py
[2021-05-08 07:09:57,077] {logging_mixin.py:104} INFO - [2021-05-08 07:09:57,077] {dag.py:1824} INFO - Sync 1 DAGs
[2021-05-08 07:09:57,127] {logging_mixin.py:104} INFO - [2021-05-08 07:09:57,127] {dag.py:2280} INFO - Setting next_dagrun for example_trigger_target_dag to None
[2021-05-08 07:09:57,161] {scheduler_job.py:190} INFO - Processing /home/airflow/.local/lib/python3.6/site-packages/airflow/example_dags/example_trigger_target_dag.py took 0.210 seconds
[2021-05-08 07:10:27,283] {scheduler_job.py:182} INFO - Started process (PID=1125) to work on /home/airflow/.local/lib/python3.6/site-packages/airflow/example_dags/example_trigger_target_dag.py
[2021-05-08 07:10:27,289] {scheduler_job.py:629} INFO - Processing file /home/airflow/.local/lib/python3.6/site-packages/airflow/example_dags/example_trigger_target_dag.py for tasks to queue
[2021-05-08 07:10:27,292] {logging_mixin.py:104} INFO - [2021-05-08 07:10:27,292] {dagbag.py:451} INFO - Filling up the DagBag from /home/airflow/.local/lib/python3.6/site-packages/airflow/example_dags/example_trigger_target_dag.py
[2021-05-08 07:10:27,327] {scheduler_job.py:639} INFO - DAG(s) dict_keys(['example_trigger_target_dag']) retrieved from /home/airflow/.local/lib/python3.6/site-packages/airflow/example_dags/example_trigger_target_dag.py
[2021-05-08 07:10:27,390] {logging_mixin.py:104} INFO - [2021-05-08 07:10:27,390] {dag.py:1824} INFO - Sync 1 DAGs
[2021-05-08 07:10:27,424] {logging_mixin.py:104} INFO - [2021-05-08 07:10:27,424] {dag.py:2280} INFO - Setting next_dagrun for example_trigger_target_dag to None
[2021-05-08 07:10:27,448] {scheduler_job.py:190} INFO - Processing /home/airflow/.local/lib/python3.6/site-packages/airflow/example_dags/example_trigger_target_dag.py took 0.174 seconds
[2021-05-08 07:10:57,569] {scheduler_job.py:182} INFO - Started process (PID=1152) to work on /home/airflow/.local/lib/python3.6/site-packages/airflow/example_dags/example_trigger_target_dag.py
[2021-05-08 07:10:57,573] {scheduler_job.py:629} INFO - Processing file /home/airflow/.local/lib/python3.6/site-packages/airflow/example_dags/example_trigger_target_dag.py for tasks to queue
[2021-05-08 07:10:57,577] {logging_mixin.py:104} INFO - [2021-05-08 07:10:57,577] {dagbag.py:451} INFO - Filling up the DagBag from /home/airflow/.local/lib/python3.6/site-packages/airflow/example_dags/example_trigger_target_dag.py
[2021-05-08 07:10:57,608] {scheduler_job.py:639} INFO - DAG(s) dict_keys(['example_trigger_target_dag']) retrieved from /home/airflow/.local/lib/python3.6/site-packages/airflow/example_dags/example_trigger_target_dag.py
[2021-05-08 07:10:57,660] {logging_mixin.py:104} INFO - [2021-05-08 07:10:57,660] {dag.py:1824} INFO - Sync 1 DAGs
[2021-05-08 07:10:57,701] {logging_mixin.py:104} INFO - [2021-05-08 07:10:57,701] {dag.py:2280} INFO - Setting next_dagrun for example_trigger_target_dag to None
[2021-05-08 07:10:57,728] {scheduler_job.py:190} INFO - Processing /home/airflow/.local/lib/python3.6/site-packages/airflow/example_dags/example_trigger_target_dag.py took 0.168 seconds
[2021-05-08 07:11:27,946] {scheduler_job.py:182} INFO - Started process (PID=1179) to work on /home/airflow/.local/lib/python3.6/site-packages/airflow/example_dags/example_trigger_target_dag.py
[2021-05-08 07:11:27,950] {scheduler_job.py:629} INFO - Processing file /home/airflow/.local/lib/python3.6/site-packages/airflow/example_dags/example_trigger_target_dag.py for tasks to queue
[2021-05-08 07:11:27,954] {logging_mixin.py:104} INFO - [2021-05-08 07:11:27,953] {dagbag.py:451} INFO - Filling up the DagBag from /home/airflow/.local/lib/python3.6/site-packages/airflow/example_dags/example_trigger_target_dag.py
[2021-05-08 07:11:27,977] {scheduler_job.py:639} INFO - DAG(s) dict_keys(['example_trigger_target_dag']) retrieved from /home/airflow/.local/lib/python3.6/site-packages/airflow/example_dags/example_trigger_target_dag.py
[2021-05-08 07:11:28,027] {logging_mixin.py:104} INFO - [2021-05-08 07:11:28,027] {dag.py:1824} INFO - Sync 1 DAGs
[2021-05-08 07:11:28,064] {logging_mixin.py:104} INFO - [2021-05-08 07:11:28,064] {dag.py:2280} INFO - Setting next_dagrun for example_trigger_target_dag to None
[2021-05-08 07:11:28,087] {scheduler_job.py:190} INFO - Processing /home/airflow/.local/lib/python3.6/site-packages/airflow/example_dags/example_trigger_target_dag.py took 0.149 seconds
[2021-05-08 07:11:58,353] {scheduler_job.py:182} INFO - Started process (PID=1206) to work on /home/airflow/.local/lib/python3.6/site-packages/airflow/example_dags/example_trigger_target_dag.py
[2021-05-08 07:11:58,360] {scheduler_job.py:629} INFO - Processing file /home/airflow/.local/lib/python3.6/site-packages/airflow/example_dags/example_trigger_target_dag.py for tasks to queue
[2021-05-08 07:11:58,364] {logging_mixin.py:104} INFO - [2021-05-08 07:11:58,363] {dagbag.py:451} INFO - Filling up the DagBag from /home/airflow/.local/lib/python3.6/site-packages/airflow/example_dags/example_trigger_target_dag.py
[2021-05-08 07:11:58,399] {scheduler_job.py:639} INFO - DAG(s) dict_keys(['example_trigger_target_dag']) retrieved from /home/airflow/.local/lib/python3.6/site-packages/airflow/example_dags/example_trigger_target_dag.py
[2021-05-08 07:11:58,494] {logging_mixin.py:104} INFO - [2021-05-08 07:11:58,494] {dag.py:1824} INFO - Sync 1 DAGs
[2021-05-08 07:11:58,538] {logging_mixin.py:104} INFO - [2021-05-08 07:11:58,538] {dag.py:2280} INFO - Setting next_dagrun for example_trigger_target_dag to None
[2021-05-08 07:11:58,562] {scheduler_job.py:190} INFO - Processing /home/airflow/.local/lib/python3.6/site-packages/airflow/example_dags/example_trigger_target_dag.py took 0.219 seconds
[2021-05-08 07:12:29,199] {scheduler_job.py:182} INFO - Started process (PID=1233) to work on /home/airflow/.local/lib/python3.6/site-packages/airflow/example_dags/example_trigger_target_dag.py
[2021-05-08 07:12:29,206] {scheduler_job.py:629} INFO - Processing file /home/airflow/.local/lib/python3.6/site-packages/airflow/example_dags/example_trigger_target_dag.py for tasks to queue
[2021-05-08 07:12:29,211] {logging_mixin.py:104} INFO - [2021-05-08 07:12:29,211] {dagbag.py:451} INFO - Filling up the DagBag from /home/airflow/.local/lib/python3.6/site-packages/airflow/example_dags/example_trigger_target_dag.py
[2021-05-08 07:12:29,281] {scheduler_job.py:639} INFO - DAG(s) dict_keys(['example_trigger_target_dag']) retrieved from /home/airflow/.local/lib/python3.6/site-packages/airflow/example_dags/example_trigger_target_dag.py
[2021-05-08 07:12:29,383] {logging_mixin.py:104} INFO - [2021-05-08 07:12:29,382] {dag.py:1824} INFO - Sync 1 DAGs
[2021-05-08 07:12:29,453] {logging_mixin.py:104} INFO - [2021-05-08 07:12:29,452] {dag.py:2280} INFO - Setting next_dagrun for example_trigger_target_dag to None
[2021-05-08 07:12:29,492] {scheduler_job.py:190} INFO - Processing /home/airflow/.local/lib/python3.6/site-packages/airflow/example_dags/example_trigger_target_dag.py took 0.311 seconds
[2021-05-08 07:13:00,251] {scheduler_job.py:182} INFO - Started process (PID=1260) to work on /home/airflow/.local/lib/python3.6/site-packages/airflow/example_dags/example_trigger_target_dag.py
[2021-05-08 07:13:00,259] {scheduler_job.py:629} INFO - Processing file /home/airflow/.local/lib/python3.6/site-packages/airflow/example_dags/example_trigger_target_dag.py for tasks to queue
[2021-05-08 07:13:00,265] {logging_mixin.py:104} INFO - [2021-05-08 07:13:00,264] {dagbag.py:451} INFO - Filling up the DagBag from /home/airflow/.local/lib/python3.6/site-packages/airflow/example_dags/example_trigger_target_dag.py
[2021-05-08 07:13:00,323] {scheduler_job.py:639} INFO - DAG(s) dict_keys(['example_trigger_target_dag']) retrieved from /home/airflow/.local/lib/python3.6/site-packages/airflow/example_dags/example_trigger_target_dag.py
[2021-05-08 07:13:00,431] {logging_mixin.py:104} INFO - [2021-05-08 07:13:00,430] {dag.py:1824} INFO - Sync 1 DAGs
[2021-05-08 07:13:00,540] {logging_mixin.py:104} INFO - [2021-05-08 07:13:00,540] {dag.py:2280} INFO - Setting next_dagrun for example_trigger_target_dag to None
[2021-05-08 07:13:00,577] {scheduler_job.py:190} INFO - Processing /home/airflow/.local/lib/python3.6/site-packages/airflow/example_dags/example_trigger_target_dag.py took 0.339 seconds
[2021-05-08 07:13:31,960] {scheduler_job.py:182} INFO - Started process (PID=1290) to work on /home/airflow/.local/lib/python3.6/site-packages/airflow/example_dags/example_trigger_target_dag.py
[2021-05-08 07:13:31,970] {scheduler_job.py:629} INFO - Processing file /home/airflow/.local/lib/python3.6/site-packages/airflow/example_dags/example_trigger_target_dag.py for tasks to queue
[2021-05-08 07:13:31,976] {logging_mixin.py:104} INFO - [2021-05-08 07:13:31,975] {dagbag.py:451} INFO - Filling up the DagBag from /home/airflow/.local/lib/python3.6/site-packages/airflow/example_dags/example_trigger_target_dag.py
[2021-05-08 07:13:32,049] {scheduler_job.py:639} INFO - DAG(s) dict_keys(['example_trigger_target_dag']) retrieved from /home/airflow/.local/lib/python3.6/site-packages/airflow/example_dags/example_trigger_target_dag.py
[2021-05-08 07:13:32,184] {logging_mixin.py:104} INFO - [2021-05-08 07:13:32,183] {dag.py:1824} INFO - Sync 1 DAGs
[2021-05-08 07:13:32,273] {logging_mixin.py:104} INFO - [2021-05-08 07:13:32,272] {dag.py:2280} INFO - Setting next_dagrun for example_trigger_target_dag to None
[2021-05-08 07:13:32,315] {scheduler_job.py:190} INFO - Processing /home/airflow/.local/lib/python3.6/site-packages/airflow/example_dags/example_trigger_target_dag.py took 0.376 seconds
[2021-05-08 07:14:03,200] {scheduler_job.py:182} INFO - Started process (PID=1318) to work on /home/airflow/.local/lib/python3.6/site-packages/airflow/example_dags/example_trigger_target_dag.py
[2021-05-08 07:14:03,206] {scheduler_job.py:629} INFO - Processing file /home/airflow/.local/lib/python3.6/site-packages/airflow/example_dags/example_trigger_target_dag.py for tasks to queue
[2021-05-08 07:14:03,215] {logging_mixin.py:104} INFO - [2021-05-08 07:14:03,215] {dagbag.py:451} INFO - Filling up the DagBag from /home/airflow/.local/lib/python3.6/site-packages/airflow/example_dags/example_trigger_target_dag.py
[2021-05-08 07:14:03,269] {scheduler_job.py:639} INFO - DAG(s) dict_keys(['example_trigger_target_dag']) retrieved from /home/airflow/.local/lib/python3.6/site-packages/airflow/example_dags/example_trigger_target_dag.py
[2021-05-08 07:14:03,401] {logging_mixin.py:104} INFO - [2021-05-08 07:14:03,401] {dag.py:1824} INFO - Sync 1 DAGs
[2021-05-08 07:14:03,480] {logging_mixin.py:104} INFO - [2021-05-08 07:14:03,480] {dag.py:2280} INFO - Setting next_dagrun for example_trigger_target_dag to None
[2021-05-08 07:14:03,524] {scheduler_job.py:190} INFO - Processing /home/airflow/.local/lib/python3.6/site-packages/airflow/example_dags/example_trigger_target_dag.py took 0.338 seconds
[2021-05-08 07:14:33,706] {scheduler_job.py:182} INFO - Started process (PID=1345) to work on /home/airflow/.local/lib/python3.6/site-packages/airflow/example_dags/example_trigger_target_dag.py
[2021-05-08 07:14:33,711] {scheduler_job.py:629} INFO - Processing file /home/airflow/.local/lib/python3.6/site-packages/airflow/example_dags/example_trigger_target_dag.py for tasks to queue
[2021-05-08 07:14:33,714] {logging_mixin.py:104} INFO - [2021-05-08 07:14:33,714] {dagbag.py:451} INFO - Filling up the DagBag from /home/airflow/.local/lib/python3.6/site-packages/airflow/example_dags/example_trigger_target_dag.py
[2021-05-08 07:14:33,746] {scheduler_job.py:639} INFO - DAG(s) dict_keys(['example_trigger_target_dag']) retrieved from /home/airflow/.local/lib/python3.6/site-packages/airflow/example_dags/example_trigger_target_dag.py
[2021-05-08 07:14:33,804] {logging_mixin.py:104} INFO - [2021-05-08 07:14:33,804] {dag.py:1824} INFO - Sync 1 DAGs
[2021-05-08 07:14:33,842] {logging_mixin.py:104} INFO - [2021-05-08 07:14:33,841] {dag.py:2280} INFO - Setting next_dagrun for example_trigger_target_dag to None
[2021-05-08 07:14:33,868] {scheduler_job.py:190} INFO - Processing /home/airflow/.local/lib/python3.6/site-packages/airflow/example_dags/example_trigger_target_dag.py took 0.169 seconds
[2021-05-08 07:15:03,975] {scheduler_job.py:182} INFO - Started process (PID=1372) to work on /home/airflow/.local/lib/python3.6/site-packages/airflow/example_dags/example_trigger_target_dag.py
[2021-05-08 07:15:03,979] {scheduler_job.py:629} INFO - Processing file /home/airflow/.local/lib/python3.6/site-packages/airflow/example_dags/example_trigger_target_dag.py for tasks to queue
[2021-05-08 07:15:03,982] {logging_mixin.py:104} INFO - [2021-05-08 07:15:03,981] {dagbag.py:451} INFO - Filling up the DagBag from /home/airflow/.local/lib/python3.6/site-packages/airflow/example_dags/example_trigger_target_dag.py
[2021-05-08 07:15:04,011] {scheduler_job.py:639} INFO - DAG(s) dict_keys(['example_trigger_target_dag']) retrieved from /home/airflow/.local/lib/python3.6/site-packages/airflow/example_dags/example_trigger_target_dag.py
[2021-05-08 07:15:04,063] {logging_mixin.py:104} INFO - [2021-05-08 07:15:04,062] {dag.py:1824} INFO - Sync 1 DAGs
[2021-05-08 07:15:04,097] {logging_mixin.py:104} INFO - [2021-05-08 07:15:04,097] {dag.py:2280} INFO - Setting next_dagrun for example_trigger_target_dag to None
[2021-05-08 07:15:04,125] {scheduler_job.py:190} INFO - Processing /home/airflow/.local/lib/python3.6/site-packages/airflow/example_dags/example_trigger_target_dag.py took 0.158 seconds
[2021-05-08 07:15:34,388] {scheduler_job.py:182} INFO - Started process (PID=1396) to work on /home/airflow/.local/lib/python3.6/site-packages/airflow/example_dags/example_trigger_target_dag.py
[2021-05-08 07:15:34,390] {scheduler_job.py:629} INFO - Processing file /home/airflow/.local/lib/python3.6/site-packages/airflow/example_dags/example_trigger_target_dag.py for tasks to queue
[2021-05-08 07:15:34,392] {logging_mixin.py:104} INFO - [2021-05-08 07:15:34,392] {dagbag.py:451} INFO - Filling up the DagBag from /home/airflow/.local/lib/python3.6/site-packages/airflow/example_dags/example_trigger_target_dag.py
[2021-05-08 07:15:34,408] {scheduler_job.py:639} INFO - DAG(s) dict_keys(['example_trigger_target_dag']) retrieved from /home/airflow/.local/lib/python3.6/site-packages/airflow/example_dags/example_trigger_target_dag.py
[2021-05-08 07:15:34,444] {logging_mixin.py:104} INFO - [2021-05-08 07:15:34,444] {dag.py:1824} INFO - Sync 1 DAGs
[2021-05-08 07:15:34,464] {logging_mixin.py:104} INFO - [2021-05-08 07:15:34,464] {dag.py:2280} INFO - Setting next_dagrun for example_trigger_target_dag to None
[2021-05-08 07:15:34,479] {scheduler_job.py:190} INFO - Processing /home/airflow/.local/lib/python3.6/site-packages/airflow/example_dags/example_trigger_target_dag.py took 0.096 seconds
[2021-05-08 07:16:05,066] {scheduler_job.py:182} INFO - Started process (PID=1423) to work on /home/airflow/.local/lib/python3.6/site-packages/airflow/example_dags/example_trigger_target_dag.py
[2021-05-08 07:16:05,068] {scheduler_job.py:629} INFO - Processing file /home/airflow/.local/lib/python3.6/site-packages/airflow/example_dags/example_trigger_target_dag.py for tasks to queue
[2021-05-08 07:16:05,070] {logging_mixin.py:104} INFO - [2021-05-08 07:16:05,070] {dagbag.py:451} INFO - Filling up the DagBag from /home/airflow/.local/lib/python3.6/site-packages/airflow/example_dags/example_trigger_target_dag.py
[2021-05-08 07:16:05,088] {scheduler_job.py:639} INFO - DAG(s) dict_keys(['example_trigger_target_dag']) retrieved from /home/airflow/.local/lib/python3.6/site-packages/airflow/example_dags/example_trigger_target_dag.py
[2021-05-08 07:16:05,117] {logging_mixin.py:104} INFO - [2021-05-08 07:16:05,117] {dag.py:1824} INFO - Sync 1 DAGs
[2021-05-08 07:16:05,137] {logging_mixin.py:104} INFO - [2021-05-08 07:16:05,137] {dag.py:2280} INFO - Setting next_dagrun for example_trigger_target_dag to None
[2021-05-08 07:16:05,152] {scheduler_job.py:190} INFO - Processing /home/airflow/.local/lib/python3.6/site-packages/airflow/example_dags/example_trigger_target_dag.py took 0.091 seconds
[2021-05-08 07:16:35,743] {scheduler_job.py:182} INFO - Started process (PID=1450) to work on /home/airflow/.local/lib/python3.6/site-packages/airflow/example_dags/example_trigger_target_dag.py
[2021-05-08 07:16:35,745] {scheduler_job.py:629} INFO - Processing file /home/airflow/.local/lib/python3.6/site-packages/airflow/example_dags/example_trigger_target_dag.py for tasks to queue
[2021-05-08 07:16:35,746] {logging_mixin.py:104} INFO - [2021-05-08 07:16:35,746] {dagbag.py:451} INFO - Filling up the DagBag from /home/airflow/.local/lib/python3.6/site-packages/airflow/example_dags/example_trigger_target_dag.py
[2021-05-08 07:16:35,763] {scheduler_job.py:639} INFO - DAG(s) dict_keys(['example_trigger_target_dag']) retrieved from /home/airflow/.local/lib/python3.6/site-packages/airflow/example_dags/example_trigger_target_dag.py
[2021-05-08 07:16:35,796] {logging_mixin.py:104} INFO - [2021-05-08 07:16:35,796] {dag.py:1824} INFO - Sync 1 DAGs
[2021-05-08 07:16:35,816] {logging_mixin.py:104} INFO - [2021-05-08 07:16:35,816] {dag.py:2280} INFO - Setting next_dagrun for example_trigger_target_dag to None
[2021-05-08 07:16:35,831] {scheduler_job.py:190} INFO - Processing /home/airflow/.local/lib/python3.6/site-packages/airflow/example_dags/example_trigger_target_dag.py took 0.094 seconds
[2021-05-08 07:17:06,360] {scheduler_job.py:182} INFO - Started process (PID=1477) to work on /home/airflow/.local/lib/python3.6/site-packages/airflow/example_dags/example_trigger_target_dag.py
[2021-05-08 07:17:06,362] {scheduler_job.py:629} INFO - Processing file /home/airflow/.local/lib/python3.6/site-packages/airflow/example_dags/example_trigger_target_dag.py for tasks to queue
[2021-05-08 07:17:06,364] {logging_mixin.py:104} INFO - [2021-05-08 07:17:06,364] {dagbag.py:451} INFO - Filling up the DagBag from /home/airflow/.local/lib/python3.6/site-packages/airflow/example_dags/example_trigger_target_dag.py
[2021-05-08 07:17:06,380] {scheduler_job.py:639} INFO - DAG(s) dict_keys(['example_trigger_target_dag']) retrieved from /home/airflow/.local/lib/python3.6/site-packages/airflow/example_dags/example_trigger_target_dag.py
[2021-05-08 07:17:06,411] {logging_mixin.py:104} INFO - [2021-05-08 07:17:06,411] {dag.py:1824} INFO - Sync 1 DAGs
[2021-05-08 07:17:06,432] {logging_mixin.py:104} INFO - [2021-05-08 07:17:06,432] {dag.py:2280} INFO - Setting next_dagrun for example_trigger_target_dag to None
[2021-05-08 07:17:06,447] {scheduler_job.py:190} INFO - Processing /home/airflow/.local/lib/python3.6/site-packages/airflow/example_dags/example_trigger_target_dag.py took 0.093 seconds
[2021-05-08 07:17:36,905] {scheduler_job.py:182} INFO - Started process (PID=1504) to work on /home/airflow/.local/lib/python3.6/site-packages/airflow/example_dags/example_trigger_target_dag.py
[2021-05-08 07:17:36,908] {scheduler_job.py:629} INFO - Processing file /home/airflow/.local/lib/python3.6/site-packages/airflow/example_dags/example_trigger_target_dag.py for tasks to queue
[2021-05-08 07:17:36,910] {logging_mixin.py:104} INFO - [2021-05-08 07:17:36,910] {dagbag.py:451} INFO - Filling up the DagBag from /home/airflow/.local/lib/python3.6/site-packages/airflow/example_dags/example_trigger_target_dag.py
[2021-05-08 07:17:36,932] {scheduler_job.py:639} INFO - DAG(s) dict_keys(['example_trigger_target_dag']) retrieved from /home/airflow/.local/lib/python3.6/site-packages/airflow/example_dags/example_trigger_target_dag.py
[2021-05-08 07:17:36,967] {logging_mixin.py:104} INFO - [2021-05-08 07:17:36,967] {dag.py:1824} INFO - Sync 1 DAGs
[2021-05-08 07:17:36,986] {logging_mixin.py:104} INFO - [2021-05-08 07:17:36,986] {dag.py:2280} INFO - Setting next_dagrun for example_trigger_target_dag to None
[2021-05-08 07:17:37,006] {scheduler_job.py:190} INFO - Processing /home/airflow/.local/lib/python3.6/site-packages/airflow/example_dags/example_trigger_target_dag.py took 0.108 seconds
[2021-05-08 07:18:07,661] {scheduler_job.py:182} INFO - Started process (PID=1531) to work on /home/airflow/.local/lib/python3.6/site-packages/airflow/example_dags/example_trigger_target_dag.py
[2021-05-08 07:18:07,664] {scheduler_job.py:629} INFO - Processing file /home/airflow/.local/lib/python3.6/site-packages/airflow/example_dags/example_trigger_target_dag.py for tasks to queue
[2021-05-08 07:18:07,666] {logging_mixin.py:104} INFO - [2021-05-08 07:18:07,666] {dagbag.py:451} INFO - Filling up the DagBag from /home/airflow/.local/lib/python3.6/site-packages/airflow/example_dags/example_trigger_target_dag.py
[2021-05-08 07:18:07,684] {scheduler_job.py:639} INFO - DAG(s) dict_keys(['example_trigger_target_dag']) retrieved from /home/airflow/.local/lib/python3.6/site-packages/airflow/example_dags/example_trigger_target_dag.py
[2021-05-08 07:18:07,719] {logging_mixin.py:104} INFO - [2021-05-08 07:18:07,718] {dag.py:1824} INFO - Sync 1 DAGs
[2021-05-08 07:18:07,742] {logging_mixin.py:104} INFO - [2021-05-08 07:18:07,741] {dag.py:2280} INFO - Setting next_dagrun for example_trigger_target_dag to None
[2021-05-08 07:18:07,757] {scheduler_job.py:190} INFO - Processing /home/airflow/.local/lib/python3.6/site-packages/airflow/example_dags/example_trigger_target_dag.py took 0.100 seconds
[2021-05-08 07:18:38,420] {scheduler_job.py:182} INFO - Started process (PID=1558) to work on /home/airflow/.local/lib/python3.6/site-packages/airflow/example_dags/example_trigger_target_dag.py
[2021-05-08 07:18:38,422] {scheduler_job.py:629} INFO - Processing file /home/airflow/.local/lib/python3.6/site-packages/airflow/example_dags/example_trigger_target_dag.py for tasks to queue
[2021-05-08 07:18:38,424] {logging_mixin.py:104} INFO - [2021-05-08 07:18:38,424] {dagbag.py:451} INFO - Filling up the DagBag from /home/airflow/.local/lib/python3.6/site-packages/airflow/example_dags/example_trigger_target_dag.py
[2021-05-08 07:18:38,442] {scheduler_job.py:639} INFO - DAG(s) dict_keys(['example_trigger_target_dag']) retrieved from /home/airflow/.local/lib/python3.6/site-packages/airflow/example_dags/example_trigger_target_dag.py
[2021-05-08 07:18:38,481] {logging_mixin.py:104} INFO - [2021-05-08 07:18:38,481] {dag.py:1824} INFO - Sync 1 DAGs
[2021-05-08 07:18:38,526] {logging_mixin.py:104} INFO - [2021-05-08 07:18:38,526] {dag.py:2280} INFO - Setting next_dagrun for example_trigger_target_dag to None
[2021-05-08 07:18:38,545] {scheduler_job.py:190} INFO - Processing /home/airflow/.local/lib/python3.6/site-packages/airflow/example_dags/example_trigger_target_dag.py took 0.130 seconds
[2021-05-08 07:19:09,186] {scheduler_job.py:182} INFO - Started process (PID=1585) to work on /home/airflow/.local/lib/python3.6/site-packages/airflow/example_dags/example_trigger_target_dag.py
[2021-05-08 07:19:09,188] {scheduler_job.py:629} INFO - Processing file /home/airflow/.local/lib/python3.6/site-packages/airflow/example_dags/example_trigger_target_dag.py for tasks to queue
[2021-05-08 07:19:09,190] {logging_mixin.py:104} INFO - [2021-05-08 07:19:09,190] {dagbag.py:451} INFO - Filling up the DagBag from /home/airflow/.local/lib/python3.6/site-packages/airflow/example_dags/example_trigger_target_dag.py
[2021-05-08 07:19:09,207] {scheduler_job.py:639} INFO - DAG(s) dict_keys(['example_trigger_target_dag']) retrieved from /home/airflow/.local/lib/python3.6/site-packages/airflow/example_dags/example_trigger_target_dag.py
[2021-05-08 07:19:09,241] {logging_mixin.py:104} INFO - [2021-05-08 07:19:09,241] {dag.py:1824} INFO - Sync 1 DAGs
[2021-05-08 07:19:09,263] {logging_mixin.py:104} INFO - [2021-05-08 07:19:09,263] {dag.py:2280} INFO - Setting next_dagrun for example_trigger_target_dag to None
[2021-05-08 07:19:09,277] {scheduler_job.py:190} INFO - Processing /home/airflow/.local/lib/python3.6/site-packages/airflow/example_dags/example_trigger_target_dag.py took 0.095 seconds
[2021-05-08 07:19:39,927] {scheduler_job.py:182} INFO - Started process (PID=1612) to work on /home/airflow/.local/lib/python3.6/site-packages/airflow/example_dags/example_trigger_target_dag.py
[2021-05-08 07:19:39,930] {scheduler_job.py:629} INFO - Processing file /home/airflow/.local/lib/python3.6/site-packages/airflow/example_dags/example_trigger_target_dag.py for tasks to queue
[2021-05-08 07:19:39,932] {logging_mixin.py:104} INFO - [2021-05-08 07:19:39,931] {dagbag.py:451} INFO - Filling up the DagBag from /home/airflow/.local/lib/python3.6/site-packages/airflow/example_dags/example_trigger_target_dag.py
[2021-05-08 07:19:39,956] {scheduler_job.py:639} INFO - DAG(s) dict_keys(['example_trigger_target_dag']) retrieved from /home/airflow/.local/lib/python3.6/site-packages/airflow/example_dags/example_trigger_target_dag.py
[2021-05-08 07:19:39,992] {logging_mixin.py:104} INFO - [2021-05-08 07:19:39,992] {dag.py:1824} INFO - Sync 1 DAGs
[2021-05-08 07:19:40,012] {logging_mixin.py:104} INFO - [2021-05-08 07:19:40,011] {dag.py:2280} INFO - Setting next_dagrun for example_trigger_target_dag to None
[2021-05-08 07:19:40,024] {scheduler_job.py:190} INFO - Processing /home/airflow/.local/lib/python3.6/site-packages/airflow/example_dags/example_trigger_target_dag.py took 0.103 seconds
[2021-05-08 07:20:10,710] {scheduler_job.py:182} INFO - Started process (PID=1639) to work on /home/airflow/.local/lib/python3.6/site-packages/airflow/example_dags/example_trigger_target_dag.py
[2021-05-08 07:20:10,712] {scheduler_job.py:629} INFO - Processing file /home/airflow/.local/lib/python3.6/site-packages/airflow/example_dags/example_trigger_target_dag.py for tasks to queue
[2021-05-08 07:20:10,714] {logging_mixin.py:104} INFO - [2021-05-08 07:20:10,714] {dagbag.py:451} INFO - Filling up the DagBag from /home/airflow/.local/lib/python3.6/site-packages/airflow/example_dags/example_trigger_target_dag.py
[2021-05-08 07:20:10,730] {scheduler_job.py:639} INFO - DAG(s) dict_keys(['example_trigger_target_dag']) retrieved from /home/airflow/.local/lib/python3.6/site-packages/airflow/example_dags/example_trigger_target_dag.py
[2021-05-08 07:20:10,762] {logging_mixin.py:104} INFO - [2021-05-08 07:20:10,762] {dag.py:1824} INFO - Sync 1 DAGs
[2021-05-08 07:20:10,784] {logging_mixin.py:104} INFO - [2021-05-08 07:20:10,784] {dag.py:2280} INFO - Setting next_dagrun for example_trigger_target_dag to None
[2021-05-08 07:20:10,797] {scheduler_job.py:190} INFO - Processing /home/airflow/.local/lib/python3.6/site-packages/airflow/example_dags/example_trigger_target_dag.py took 0.092 seconds
[2021-05-08 07:20:41,455] {scheduler_job.py:182} INFO - Started process (PID=1666) to work on /home/airflow/.local/lib/python3.6/site-packages/airflow/example_dags/example_trigger_target_dag.py
[2021-05-08 07:20:41,457] {scheduler_job.py:629} INFO - Processing file /home/airflow/.local/lib/python3.6/site-packages/airflow/example_dags/example_trigger_target_dag.py for tasks to queue
[2021-05-08 07:20:41,459] {logging_mixin.py:104} INFO - [2021-05-08 07:20:41,459] {dagbag.py:451} INFO - Filling up the DagBag from /home/airflow/.local/lib/python3.6/site-packages/airflow/example_dags/example_trigger_target_dag.py
[2021-05-08 07:20:41,477] {scheduler_job.py:639} INFO - DAG(s) dict_keys(['example_trigger_target_dag']) retrieved from /home/airflow/.local/lib/python3.6/site-packages/airflow/example_dags/example_trigger_target_dag.py
[2021-05-08 07:20:41,509] {logging_mixin.py:104} INFO - [2021-05-08 07:20:41,509] {dag.py:1824} INFO - Sync 1 DAGs
[2021-05-08 07:20:41,530] {logging_mixin.py:104} INFO - [2021-05-08 07:20:41,530] {dag.py:2280} INFO - Setting next_dagrun for example_trigger_target_dag to None
[2021-05-08 07:20:41,546] {scheduler_job.py:190} INFO - Processing /home/airflow/.local/lib/python3.6/site-packages/airflow/example_dags/example_trigger_target_dag.py took 0.096 seconds
[2021-05-08 07:21:12,182] {scheduler_job.py:182} INFO - Started process (PID=1693) to work on /home/airflow/.local/lib/python3.6/site-packages/airflow/example_dags/example_trigger_target_dag.py
[2021-05-08 07:21:12,184] {scheduler_job.py:629} INFO - Processing file /home/airflow/.local/lib/python3.6/site-packages/airflow/example_dags/example_trigger_target_dag.py for tasks to queue
[2021-05-08 07:21:12,186] {logging_mixin.py:104} INFO - [2021-05-08 07:21:12,186] {dagbag.py:451} INFO - Filling up the DagBag from /home/airflow/.local/lib/python3.6/site-packages/airflow/example_dags/example_trigger_target_dag.py
[2021-05-08 07:21:12,212] {scheduler_job.py:639} INFO - DAG(s) dict_keys(['example_trigger_target_dag']) retrieved from /home/airflow/.local/lib/python3.6/site-packages/airflow/example_dags/example_trigger_target_dag.py
[2021-05-08 07:21:12,240] {logging_mixin.py:104} INFO - [2021-05-08 07:21:12,240] {dag.py:1824} INFO - Sync 1 DAGs
[2021-05-08 07:21:12,262] {logging_mixin.py:104} INFO - [2021-05-08 07:21:12,262] {dag.py:2280} INFO - Setting next_dagrun for example_trigger_target_dag to None
[2021-05-08 07:21:12,276] {scheduler_job.py:190} INFO - Processing /home/airflow/.local/lib/python3.6/site-packages/airflow/example_dags/example_trigger_target_dag.py took 0.099 seconds
[2021-05-08 07:21:42,898] {scheduler_job.py:182} INFO - Started process (PID=1720) to work on /home/airflow/.local/lib/python3.6/site-packages/airflow/example_dags/example_trigger_target_dag.py
[2021-05-08 07:21:42,900] {scheduler_job.py:629} INFO - Processing file /home/airflow/.local/lib/python3.6/site-packages/airflow/example_dags/example_trigger_target_dag.py for tasks to queue
[2021-05-08 07:21:42,902] {logging_mixin.py:104} INFO - [2021-05-08 07:21:42,902] {dagbag.py:451} INFO - Filling up the DagBag from /home/airflow/.local/lib/python3.6/site-packages/airflow/example_dags/example_trigger_target_dag.py
[2021-05-08 07:21:42,918] {scheduler_job.py:639} INFO - DAG(s) dict_keys(['example_trigger_target_dag']) retrieved from /home/airflow/.local/lib/python3.6/site-packages/airflow/example_dags/example_trigger_target_dag.py
[2021-05-08 07:21:42,951] {logging_mixin.py:104} INFO - [2021-05-08 07:21:42,951] {dag.py:1824} INFO - Sync 1 DAGs
[2021-05-08 07:21:42,972] {logging_mixin.py:104} INFO - [2021-05-08 07:21:42,972] {dag.py:2280} INFO - Setting next_dagrun for example_trigger_target_dag to None
[2021-05-08 07:21:42,987] {scheduler_job.py:190} INFO - Processing /home/airflow/.local/lib/python3.6/site-packages/airflow/example_dags/example_trigger_target_dag.py took 0.095 seconds
[2021-05-08 07:22:13,610] {scheduler_job.py:182} INFO - Started process (PID=1747) to work on /home/airflow/.local/lib/python3.6/site-packages/airflow/example_dags/example_trigger_target_dag.py
[2021-05-08 07:22:13,614] {scheduler_job.py:629} INFO - Processing file /home/airflow/.local/lib/python3.6/site-packages/airflow/example_dags/example_trigger_target_dag.py for tasks to queue
[2021-05-08 07:22:13,616] {logging_mixin.py:104} INFO - [2021-05-08 07:22:13,616] {dagbag.py:451} INFO - Filling up the DagBag from /home/airflow/.local/lib/python3.6/site-packages/airflow/example_dags/example_trigger_target_dag.py
[2021-05-08 07:22:13,632] {scheduler_job.py:639} INFO - DAG(s) dict_keys(['example_trigger_target_dag']) retrieved from /home/airflow/.local/lib/python3.6/site-packages/airflow/example_dags/example_trigger_target_dag.py
[2021-05-08 07:22:13,665] {logging_mixin.py:104} INFO - [2021-05-08 07:22:13,665] {dag.py:1824} INFO - Sync 1 DAGs
[2021-05-08 07:22:13,689] {logging_mixin.py:104} INFO - [2021-05-08 07:22:13,689] {dag.py:2280} INFO - Setting next_dagrun for example_trigger_target_dag to None
[2021-05-08 07:22:13,707] {scheduler_job.py:190} INFO - Processing /home/airflow/.local/lib/python3.6/site-packages/airflow/example_dags/example_trigger_target_dag.py took 0.102 seconds
[2021-05-08 07:22:44,263] {scheduler_job.py:182} INFO - Started process (PID=1774) to work on /home/airflow/.local/lib/python3.6/site-packages/airflow/example_dags/example_trigger_target_dag.py
[2021-05-08 07:22:44,266] {scheduler_job.py:629} INFO - Processing file /home/airflow/.local/lib/python3.6/site-packages/airflow/example_dags/example_trigger_target_dag.py for tasks to queue
[2021-05-08 07:22:44,268] {logging_mixin.py:104} INFO - [2021-05-08 07:22:44,268] {dagbag.py:451} INFO - Filling up the DagBag from /home/airflow/.local/lib/python3.6/site-packages/airflow/example_dags/example_trigger_target_dag.py
[2021-05-08 07:22:44,284] {scheduler_job.py:639} INFO - DAG(s) dict_keys(['example_trigger_target_dag']) retrieved from /home/airflow/.local/lib/python3.6/site-packages/airflow/example_dags/example_trigger_target_dag.py
[2021-05-08 07:22:44,314] {logging_mixin.py:104} INFO - [2021-05-08 07:22:44,314] {dag.py:1824} INFO - Sync 1 DAGs
[2021-05-08 07:22:44,335] {logging_mixin.py:104} INFO - [2021-05-08 07:22:44,335] {dag.py:2280} INFO - Setting next_dagrun for example_trigger_target_dag to None
[2021-05-08 07:22:44,350] {scheduler_job.py:190} INFO - Processing /home/airflow/.local/lib/python3.6/site-packages/airflow/example_dags/example_trigger_target_dag.py took 0.093 seconds
[2021-05-08 07:23:14,952] {scheduler_job.py:182} INFO - Started process (PID=1801) to work on /home/airflow/.local/lib/python3.6/site-packages/airflow/example_dags/example_trigger_target_dag.py
[2021-05-08 07:23:14,956] {scheduler_job.py:629} INFO - Processing file /home/airflow/.local/lib/python3.6/site-packages/airflow/example_dags/example_trigger_target_dag.py for tasks to queue
[2021-05-08 07:23:14,958] {logging_mixin.py:104} INFO - [2021-05-08 07:23:14,958] {dagbag.py:451} INFO - Filling up the DagBag from /home/airflow/.local/lib/python3.6/site-packages/airflow/example_dags/example_trigger_target_dag.py
[2021-05-08 07:23:14,974] {scheduler_job.py:639} INFO - DAG(s) dict_keys(['example_trigger_target_dag']) retrieved from /home/airflow/.local/lib/python3.6/site-packages/airflow/example_dags/example_trigger_target_dag.py
[2021-05-08 07:23:15,012] {logging_mixin.py:104} INFO - [2021-05-08 07:23:15,011] {dag.py:1824} INFO - Sync 1 DAGs
[2021-05-08 07:23:15,037] {logging_mixin.py:104} INFO - [2021-05-08 07:23:15,036] {dag.py:2280} INFO - Setting next_dagrun for example_trigger_target_dag to None
[2021-05-08 07:23:15,050] {scheduler_job.py:190} INFO - Processing /home/airflow/.local/lib/python3.6/site-packages/airflow/example_dags/example_trigger_target_dag.py took 0.104 seconds
[2021-05-08 07:23:45,410] {scheduler_job.py:182} INFO - Started process (PID=1828) to work on /home/airflow/.local/lib/python3.6/site-packages/airflow/example_dags/example_trigger_target_dag.py
[2021-05-08 07:23:45,412] {scheduler_job.py:629} INFO - Processing file /home/airflow/.local/lib/python3.6/site-packages/airflow/example_dags/example_trigger_target_dag.py for tasks to queue
[2021-05-08 07:23:45,413] {logging_mixin.py:104} INFO - [2021-05-08 07:23:45,413] {dagbag.py:451} INFO - Filling up the DagBag from /home/airflow/.local/lib/python3.6/site-packages/airflow/example_dags/example_trigger_target_dag.py
[2021-05-08 07:23:45,429] {scheduler_job.py:639} INFO - DAG(s) dict_keys(['example_trigger_target_dag']) retrieved from /home/airflow/.local/lib/python3.6/site-packages/airflow/example_dags/example_trigger_target_dag.py
[2021-05-08 07:23:45,460] {logging_mixin.py:104} INFO - [2021-05-08 07:23:45,460] {dag.py:1824} INFO - Sync 1 DAGs
[2021-05-08 07:23:45,481] {logging_mixin.py:104} INFO - [2021-05-08 07:23:45,481] {dag.py:2280} INFO - Setting next_dagrun for example_trigger_target_dag to None
[2021-05-08 07:23:45,494] {scheduler_job.py:190} INFO - Processing /home/airflow/.local/lib/python3.6/site-packages/airflow/example_dags/example_trigger_target_dag.py took 0.090 seconds
[2021-05-08 07:24:15,913] {scheduler_job.py:182} INFO - Started process (PID=1855) to work on /home/airflow/.local/lib/python3.6/site-packages/airflow/example_dags/example_trigger_target_dag.py
[2021-05-08 07:24:15,915] {scheduler_job.py:629} INFO - Processing file /home/airflow/.local/lib/python3.6/site-packages/airflow/example_dags/example_trigger_target_dag.py for tasks to queue
[2021-05-08 07:24:15,917] {logging_mixin.py:104} INFO - [2021-05-08 07:24:15,917] {dagbag.py:451} INFO - Filling up the DagBag from /home/airflow/.local/lib/python3.6/site-packages/airflow/example_dags/example_trigger_target_dag.py
[2021-05-08 07:24:15,935] {scheduler_job.py:639} INFO - DAG(s) dict_keys(['example_trigger_target_dag']) retrieved from /home/airflow/.local/lib/python3.6/site-packages/airflow/example_dags/example_trigger_target_dag.py
[2021-05-08 07:24:15,965] {logging_mixin.py:104} INFO - [2021-05-08 07:24:15,965] {dag.py:1824} INFO - Sync 1 DAGs
[2021-05-08 07:24:15,986] {logging_mixin.py:104} INFO - [2021-05-08 07:24:15,985] {dag.py:2280} INFO - Setting next_dagrun for example_trigger_target_dag to None
[2021-05-08 07:24:16,002] {scheduler_job.py:190} INFO - Processing /home/airflow/.local/lib/python3.6/site-packages/airflow/example_dags/example_trigger_target_dag.py took 0.094 seconds
[2021-05-08 07:24:46,493] {scheduler_job.py:182} INFO - Started process (PID=1882) to work on /home/airflow/.local/lib/python3.6/site-packages/airflow/example_dags/example_trigger_target_dag.py
[2021-05-08 07:24:46,495] {scheduler_job.py:629} INFO - Processing file /home/airflow/.local/lib/python3.6/site-packages/airflow/example_dags/example_trigger_target_dag.py for tasks to queue
[2021-05-08 07:24:46,496] {logging_mixin.py:104} INFO - [2021-05-08 07:24:46,496] {dagbag.py:451} INFO - Filling up the DagBag from /home/airflow/.local/lib/python3.6/site-packages/airflow/example_dags/example_trigger_target_dag.py
[2021-05-08 07:24:46,513] {scheduler_job.py:639} INFO - DAG(s) dict_keys(['example_trigger_target_dag']) retrieved from /home/airflow/.local/lib/python3.6/site-packages/airflow/example_dags/example_trigger_target_dag.py
[2021-05-08 07:24:46,542] {logging_mixin.py:104} INFO - [2021-05-08 07:24:46,542] {dag.py:1824} INFO - Sync 1 DAGs
[2021-05-08 07:24:46,563] {logging_mixin.py:104} INFO - [2021-05-08 07:24:46,563] {dag.py:2280} INFO - Setting next_dagrun for example_trigger_target_dag to None
[2021-05-08 07:24:46,577] {scheduler_job.py:190} INFO - Processing /home/airflow/.local/lib/python3.6/site-packages/airflow/example_dags/example_trigger_target_dag.py took 0.089 seconds
[2021-05-08 07:25:17,240] {scheduler_job.py:182} INFO - Started process (PID=1909) to work on /home/airflow/.local/lib/python3.6/site-packages/airflow/example_dags/example_trigger_target_dag.py
[2021-05-08 07:25:17,243] {scheduler_job.py:629} INFO - Processing file /home/airflow/.local/lib/python3.6/site-packages/airflow/example_dags/example_trigger_target_dag.py for tasks to queue
[2021-05-08 07:25:17,244] {logging_mixin.py:104} INFO - [2021-05-08 07:25:17,244] {dagbag.py:451} INFO - Filling up the DagBag from /home/airflow/.local/lib/python3.6/site-packages/airflow/example_dags/example_trigger_target_dag.py
[2021-05-08 07:25:17,260] {scheduler_job.py:639} INFO - DAG(s) dict_keys(['example_trigger_target_dag']) retrieved from /home/airflow/.local/lib/python3.6/site-packages/airflow/example_dags/example_trigger_target_dag.py
[2021-05-08 07:25:17,290] {logging_mixin.py:104} INFO - [2021-05-08 07:25:17,290] {dag.py:1824} INFO - Sync 1 DAGs
[2021-05-08 07:25:17,311] {logging_mixin.py:104} INFO - [2021-05-08 07:25:17,311] {dag.py:2280} INFO - Setting next_dagrun for example_trigger_target_dag to None
[2021-05-08 07:25:17,324] {scheduler_job.py:190} INFO - Processing /home/airflow/.local/lib/python3.6/site-packages/airflow/example_dags/example_trigger_target_dag.py took 0.089 seconds
[2021-05-08 07:25:47,820] {scheduler_job.py:182} INFO - Started process (PID=1936) to work on /home/airflow/.local/lib/python3.6/site-packages/airflow/example_dags/example_trigger_target_dag.py
[2021-05-08 07:25:47,822] {scheduler_job.py:629} INFO - Processing file /home/airflow/.local/lib/python3.6/site-packages/airflow/example_dags/example_trigger_target_dag.py for tasks to queue
[2021-05-08 07:25:47,824] {logging_mixin.py:104} INFO - [2021-05-08 07:25:47,824] {dagbag.py:451} INFO - Filling up the DagBag from /home/airflow/.local/lib/python3.6/site-packages/airflow/example_dags/example_trigger_target_dag.py
[2021-05-08 07:25:47,840] {scheduler_job.py:639} INFO - DAG(s) dict_keys(['example_trigger_target_dag']) retrieved from /home/airflow/.local/lib/python3.6/site-packages/airflow/example_dags/example_trigger_target_dag.py
[2021-05-08 07:25:47,871] {logging_mixin.py:104} INFO - [2021-05-08 07:25:47,870] {dag.py:1824} INFO - Sync 1 DAGs
[2021-05-08 07:25:47,892] {logging_mixin.py:104} INFO - [2021-05-08 07:25:47,892] {dag.py:2280} INFO - Setting next_dagrun for example_trigger_target_dag to None
[2021-05-08 07:25:47,905] {scheduler_job.py:190} INFO - Processing /home/airflow/.local/lib/python3.6/site-packages/airflow/example_dags/example_trigger_target_dag.py took 0.090 seconds
[2021-05-08 07:26:18,561] {scheduler_job.py:182} INFO - Started process (PID=1963) to work on /home/airflow/.local/lib/python3.6/site-packages/airflow/example_dags/example_trigger_target_dag.py
[2021-05-08 07:26:18,563] {scheduler_job.py:629} INFO - Processing file /home/airflow/.local/lib/python3.6/site-packages/airflow/example_dags/example_trigger_target_dag.py for tasks to queue
[2021-05-08 07:26:18,565] {logging_mixin.py:104} INFO - [2021-05-08 07:26:18,565] {dagbag.py:451} INFO - Filling up the DagBag from /home/airflow/.local/lib/python3.6/site-packages/airflow/example_dags/example_trigger_target_dag.py
[2021-05-08 07:26:18,581] {scheduler_job.py:639} INFO - DAG(s) dict_keys(['example_trigger_target_dag']) retrieved from /home/airflow/.local/lib/python3.6/site-packages/airflow/example_dags/example_trigger_target_dag.py
[2021-05-08 07:26:18,614] {logging_mixin.py:104} INFO - [2021-05-08 07:26:18,614] {dag.py:1824} INFO - Sync 1 DAGs
[2021-05-08 07:26:18,634] {logging_mixin.py:104} INFO - [2021-05-08 07:26:18,633] {dag.py:2280} INFO - Setting next_dagrun for example_trigger_target_dag to None
[2021-05-08 07:26:18,648] {scheduler_job.py:190} INFO - Processing /home/airflow/.local/lib/python3.6/site-packages/airflow/example_dags/example_trigger_target_dag.py took 0.092 seconds
[2021-05-08 07:26:49,243] {scheduler_job.py:182} INFO - Started process (PID=1990) to work on /home/airflow/.local/lib/python3.6/site-packages/airflow/example_dags/example_trigger_target_dag.py
[2021-05-08 07:26:49,245] {scheduler_job.py:629} INFO - Processing file /home/airflow/.local/lib/python3.6/site-packages/airflow/example_dags/example_trigger_target_dag.py for tasks to queue
[2021-05-08 07:26:49,247] {logging_mixin.py:104} INFO - [2021-05-08 07:26:49,247] {dagbag.py:451} INFO - Filling up the DagBag from /home/airflow/.local/lib/python3.6/site-packages/airflow/example_dags/example_trigger_target_dag.py
[2021-05-08 07:26:49,262] {scheduler_job.py:639} INFO - DAG(s) dict_keys(['example_trigger_target_dag']) retrieved from /home/airflow/.local/lib/python3.6/site-packages/airflow/example_dags/example_trigger_target_dag.py
[2021-05-08 07:26:49,292] {logging_mixin.py:104} INFO - [2021-05-08 07:26:49,291] {dag.py:1824} INFO - Sync 1 DAGs
[2021-05-08 07:26:49,321] {logging_mixin.py:104} INFO - [2021-05-08 07:26:49,321] {dag.py:2280} INFO - Setting next_dagrun for example_trigger_target_dag to None
[2021-05-08 07:26:49,338] {scheduler_job.py:190} INFO - Processing /home/airflow/.local/lib/python3.6/site-packages/airflow/example_dags/example_trigger_target_dag.py took 0.100 seconds
