[2021-05-08 06:49:59,599] {scheduler_job.py:182} INFO - Started process (PID=50) to work on /home/airflow/.local/lib/python3.6/site-packages/airflow/example_dags/example_task_group.py
[2021-05-08 06:49:59,616] {scheduler_job.py:629} INFO - Processing file /home/airflow/.local/lib/python3.6/site-packages/airflow/example_dags/example_task_group.py for tasks to queue
[2021-05-08 06:49:59,619] {logging_mixin.py:104} INFO - [2021-05-08 06:49:59,619] {dagbag.py:451} INFO - Filling up the DagBag from /home/airflow/.local/lib/python3.6/site-packages/airflow/example_dags/example_task_group.py
[2021-05-08 06:49:59,669] {scheduler_job.py:639} INFO - DAG(s) dict_keys(['example_task_group']) retrieved from /home/airflow/.local/lib/python3.6/site-packages/airflow/example_dags/example_task_group.py
[2021-05-08 06:49:59,752] {logging_mixin.py:104} INFO - [2021-05-08 06:49:59,751] {dag.py:1824} INFO - Sync 1 DAGs
[2021-05-08 06:49:59,844] {logging_mixin.py:104} INFO - [2021-05-08 06:49:59,844] {dag.py:2280} INFO - Setting next_dagrun for example_task_group to 2021-05-06 00:00:00+00:00
[2021-05-08 06:49:59,897] {scheduler_job.py:190} INFO - Processing /home/airflow/.local/lib/python3.6/site-packages/airflow/example_dags/example_task_group.py took 0.304 seconds
[2021-05-08 06:50:30,688] {scheduler_job.py:182} INFO - Started process (PID=78) to work on /home/airflow/.local/lib/python3.6/site-packages/airflow/example_dags/example_task_group.py
[2021-05-08 06:50:30,692] {scheduler_job.py:629} INFO - Processing file /home/airflow/.local/lib/python3.6/site-packages/airflow/example_dags/example_task_group.py for tasks to queue
[2021-05-08 06:50:30,695] {logging_mixin.py:104} INFO - [2021-05-08 06:50:30,695] {dagbag.py:451} INFO - Filling up the DagBag from /home/airflow/.local/lib/python3.6/site-packages/airflow/example_dags/example_task_group.py
[2021-05-08 06:50:30,725] {scheduler_job.py:639} INFO - DAG(s) dict_keys(['example_task_group']) retrieved from /home/airflow/.local/lib/python3.6/site-packages/airflow/example_dags/example_task_group.py
[2021-05-08 06:50:30,778] {logging_mixin.py:104} INFO - [2021-05-08 06:50:30,777] {dag.py:1824} INFO - Sync 1 DAGs
[2021-05-08 06:50:30,815] {logging_mixin.py:104} INFO - [2021-05-08 06:50:30,815] {dag.py:2280} INFO - Setting next_dagrun for example_task_group to 2021-05-06 00:00:00+00:00
[2021-05-08 06:50:30,829] {scheduler_job.py:190} INFO - Processing /home/airflow/.local/lib/python3.6/site-packages/airflow/example_dags/example_task_group.py took 0.147 seconds
[2021-05-08 06:51:01,620] {scheduler_job.py:182} INFO - Started process (PID=105) to work on /home/airflow/.local/lib/python3.6/site-packages/airflow/example_dags/example_task_group.py
[2021-05-08 06:51:01,623] {scheduler_job.py:629} INFO - Processing file /home/airflow/.local/lib/python3.6/site-packages/airflow/example_dags/example_task_group.py for tasks to queue
[2021-05-08 06:51:01,625] {logging_mixin.py:104} INFO - [2021-05-08 06:51:01,624] {dagbag.py:451} INFO - Filling up the DagBag from /home/airflow/.local/lib/python3.6/site-packages/airflow/example_dags/example_task_group.py
[2021-05-08 06:51:01,643] {scheduler_job.py:639} INFO - DAG(s) dict_keys(['example_task_group']) retrieved from /home/airflow/.local/lib/python3.6/site-packages/airflow/example_dags/example_task_group.py
[2021-05-08 06:51:01,674] {logging_mixin.py:104} INFO - [2021-05-08 06:51:01,674] {dag.py:1824} INFO - Sync 1 DAGs
[2021-05-08 06:51:01,708] {logging_mixin.py:104} INFO - [2021-05-08 06:51:01,708] {dag.py:2280} INFO - Setting next_dagrun for example_task_group to 2021-05-06 00:00:00+00:00
[2021-05-08 06:51:01,724] {scheduler_job.py:190} INFO - Processing /home/airflow/.local/lib/python3.6/site-packages/airflow/example_dags/example_task_group.py took 0.109 seconds
[2021-05-08 06:51:32,364] {scheduler_job.py:182} INFO - Started process (PID=132) to work on /home/airflow/.local/lib/python3.6/site-packages/airflow/example_dags/example_task_group.py
[2021-05-08 06:51:32,366] {scheduler_job.py:629} INFO - Processing file /home/airflow/.local/lib/python3.6/site-packages/airflow/example_dags/example_task_group.py for tasks to queue
[2021-05-08 06:51:32,369] {logging_mixin.py:104} INFO - [2021-05-08 06:51:32,369] {dagbag.py:451} INFO - Filling up the DagBag from /home/airflow/.local/lib/python3.6/site-packages/airflow/example_dags/example_task_group.py
[2021-05-08 06:51:32,388] {scheduler_job.py:639} INFO - DAG(s) dict_keys(['example_task_group']) retrieved from /home/airflow/.local/lib/python3.6/site-packages/airflow/example_dags/example_task_group.py
[2021-05-08 06:51:32,420] {logging_mixin.py:104} INFO - [2021-05-08 06:51:32,420] {dag.py:1824} INFO - Sync 1 DAGs
[2021-05-08 06:51:32,439] {logging_mixin.py:104} INFO - [2021-05-08 06:51:32,439] {dag.py:2280} INFO - Setting next_dagrun for example_task_group to 2021-05-06 00:00:00+00:00
[2021-05-08 06:51:32,453] {scheduler_job.py:190} INFO - Processing /home/airflow/.local/lib/python3.6/site-packages/airflow/example_dags/example_task_group.py took 0.095 seconds
[2021-05-08 06:52:03,057] {scheduler_job.py:182} INFO - Started process (PID=159) to work on /home/airflow/.local/lib/python3.6/site-packages/airflow/example_dags/example_task_group.py
[2021-05-08 06:52:03,059] {scheduler_job.py:629} INFO - Processing file /home/airflow/.local/lib/python3.6/site-packages/airflow/example_dags/example_task_group.py for tasks to queue
[2021-05-08 06:52:03,062] {logging_mixin.py:104} INFO - [2021-05-08 06:52:03,062] {dagbag.py:451} INFO - Filling up the DagBag from /home/airflow/.local/lib/python3.6/site-packages/airflow/example_dags/example_task_group.py
[2021-05-08 06:52:03,081] {scheduler_job.py:639} INFO - DAG(s) dict_keys(['example_task_group']) retrieved from /home/airflow/.local/lib/python3.6/site-packages/airflow/example_dags/example_task_group.py
[2021-05-08 06:52:03,114] {logging_mixin.py:104} INFO - [2021-05-08 06:52:03,114] {dag.py:1824} INFO - Sync 1 DAGs
[2021-05-08 06:52:03,133] {logging_mixin.py:104} INFO - [2021-05-08 06:52:03,133] {dag.py:2280} INFO - Setting next_dagrun for example_task_group to 2021-05-06 00:00:00+00:00
[2021-05-08 06:52:03,156] {scheduler_job.py:190} INFO - Processing /home/airflow/.local/lib/python3.6/site-packages/airflow/example_dags/example_task_group.py took 0.103 seconds
[2021-05-08 06:52:33,490] {scheduler_job.py:182} INFO - Started process (PID=186) to work on /home/airflow/.local/lib/python3.6/site-packages/airflow/example_dags/example_task_group.py
[2021-05-08 06:52:33,493] {scheduler_job.py:629} INFO - Processing file /home/airflow/.local/lib/python3.6/site-packages/airflow/example_dags/example_task_group.py for tasks to queue
[2021-05-08 06:52:33,495] {logging_mixin.py:104} INFO - [2021-05-08 06:52:33,495] {dagbag.py:451} INFO - Filling up the DagBag from /home/airflow/.local/lib/python3.6/site-packages/airflow/example_dags/example_task_group.py
[2021-05-08 06:52:33,510] {scheduler_job.py:639} INFO - DAG(s) dict_keys(['example_task_group']) retrieved from /home/airflow/.local/lib/python3.6/site-packages/airflow/example_dags/example_task_group.py
[2021-05-08 06:52:33,542] {logging_mixin.py:104} INFO - [2021-05-08 06:52:33,542] {dag.py:1824} INFO - Sync 1 DAGs
[2021-05-08 06:52:33,562] {logging_mixin.py:104} INFO - [2021-05-08 06:52:33,562] {dag.py:2280} INFO - Setting next_dagrun for example_task_group to 2021-05-06 00:00:00+00:00
[2021-05-08 06:52:33,576] {scheduler_job.py:190} INFO - Processing /home/airflow/.local/lib/python3.6/site-packages/airflow/example_dags/example_task_group.py took 0.090 seconds
[2021-05-08 06:53:04,279] {scheduler_job.py:182} INFO - Started process (PID=213) to work on /home/airflow/.local/lib/python3.6/site-packages/airflow/example_dags/example_task_group.py
[2021-05-08 06:53:04,282] {scheduler_job.py:629} INFO - Processing file /home/airflow/.local/lib/python3.6/site-packages/airflow/example_dags/example_task_group.py for tasks to queue
[2021-05-08 06:53:04,283] {logging_mixin.py:104} INFO - [2021-05-08 06:53:04,283] {dagbag.py:451} INFO - Filling up the DagBag from /home/airflow/.local/lib/python3.6/site-packages/airflow/example_dags/example_task_group.py
[2021-05-08 06:53:04,300] {scheduler_job.py:639} INFO - DAG(s) dict_keys(['example_task_group']) retrieved from /home/airflow/.local/lib/python3.6/site-packages/airflow/example_dags/example_task_group.py
[2021-05-08 06:53:04,362] {logging_mixin.py:104} INFO - [2021-05-08 06:53:04,361] {dag.py:1824} INFO - Sync 1 DAGs
[2021-05-08 06:53:04,385] {logging_mixin.py:104} INFO - [2021-05-08 06:53:04,385] {dag.py:2280} INFO - Setting next_dagrun for example_task_group to 2021-05-06 00:00:00+00:00
[2021-05-08 06:53:04,398] {scheduler_job.py:190} INFO - Processing /home/airflow/.local/lib/python3.6/site-packages/airflow/example_dags/example_task_group.py took 0.124 seconds
[2021-05-08 06:53:34,913] {scheduler_job.py:182} INFO - Started process (PID=240) to work on /home/airflow/.local/lib/python3.6/site-packages/airflow/example_dags/example_task_group.py
[2021-05-08 06:53:34,915] {scheduler_job.py:629} INFO - Processing file /home/airflow/.local/lib/python3.6/site-packages/airflow/example_dags/example_task_group.py for tasks to queue
[2021-05-08 06:53:34,916] {logging_mixin.py:104} INFO - [2021-05-08 06:53:34,916] {dagbag.py:451} INFO - Filling up the DagBag from /home/airflow/.local/lib/python3.6/site-packages/airflow/example_dags/example_task_group.py
[2021-05-08 06:53:34,931] {scheduler_job.py:639} INFO - DAG(s) dict_keys(['example_task_group']) retrieved from /home/airflow/.local/lib/python3.6/site-packages/airflow/example_dags/example_task_group.py
[2021-05-08 06:53:34,975] {logging_mixin.py:104} INFO - [2021-05-08 06:53:34,975] {dag.py:1824} INFO - Sync 1 DAGs
[2021-05-08 06:53:34,998] {logging_mixin.py:104} INFO - [2021-05-08 06:53:34,998] {dag.py:2280} INFO - Setting next_dagrun for example_task_group to 2021-05-06 00:00:00+00:00
[2021-05-08 06:53:35,013] {scheduler_job.py:190} INFO - Processing /home/airflow/.local/lib/python3.6/site-packages/airflow/example_dags/example_task_group.py took 0.104 seconds
[2021-05-08 06:54:05,487] {scheduler_job.py:182} INFO - Started process (PID=267) to work on /home/airflow/.local/lib/python3.6/site-packages/airflow/example_dags/example_task_group.py
[2021-05-08 06:54:05,490] {scheduler_job.py:629} INFO - Processing file /home/airflow/.local/lib/python3.6/site-packages/airflow/example_dags/example_task_group.py for tasks to queue
[2021-05-08 06:54:05,493] {logging_mixin.py:104} INFO - [2021-05-08 06:54:05,493] {dagbag.py:451} INFO - Filling up the DagBag from /home/airflow/.local/lib/python3.6/site-packages/airflow/example_dags/example_task_group.py
[2021-05-08 06:54:05,529] {scheduler_job.py:639} INFO - DAG(s) dict_keys(['example_task_group']) retrieved from /home/airflow/.local/lib/python3.6/site-packages/airflow/example_dags/example_task_group.py
[2021-05-08 06:54:05,579] {logging_mixin.py:104} INFO - [2021-05-08 06:54:05,579] {dag.py:1824} INFO - Sync 1 DAGs
[2021-05-08 06:54:05,615] {logging_mixin.py:104} INFO - [2021-05-08 06:54:05,615] {dag.py:2280} INFO - Setting next_dagrun for example_task_group to 2021-05-06 00:00:00+00:00
[2021-05-08 06:54:05,630] {scheduler_job.py:190} INFO - Processing /home/airflow/.local/lib/python3.6/site-packages/airflow/example_dags/example_task_group.py took 0.148 seconds
[2021-05-08 06:54:36,387] {scheduler_job.py:182} INFO - Started process (PID=294) to work on /home/airflow/.local/lib/python3.6/site-packages/airflow/example_dags/example_task_group.py
[2021-05-08 06:54:36,393] {scheduler_job.py:629} INFO - Processing file /home/airflow/.local/lib/python3.6/site-packages/airflow/example_dags/example_task_group.py for tasks to queue
[2021-05-08 06:54:36,395] {logging_mixin.py:104} INFO - [2021-05-08 06:54:36,395] {dagbag.py:451} INFO - Filling up the DagBag from /home/airflow/.local/lib/python3.6/site-packages/airflow/example_dags/example_task_group.py
[2021-05-08 06:54:36,426] {scheduler_job.py:639} INFO - DAG(s) dict_keys(['example_task_group']) retrieved from /home/airflow/.local/lib/python3.6/site-packages/airflow/example_dags/example_task_group.py
[2021-05-08 06:54:36,455] {logging_mixin.py:104} INFO - [2021-05-08 06:54:36,455] {dag.py:1824} INFO - Sync 1 DAGs
[2021-05-08 06:54:36,476] {logging_mixin.py:104} INFO - [2021-05-08 06:54:36,476] {dag.py:2280} INFO - Setting next_dagrun for example_task_group to 2021-05-06 00:00:00+00:00
[2021-05-08 06:54:36,494] {scheduler_job.py:190} INFO - Processing /home/airflow/.local/lib/python3.6/site-packages/airflow/example_dags/example_task_group.py took 0.117 seconds
[2021-05-08 06:55:07,195] {scheduler_job.py:182} INFO - Started process (PID=321) to work on /home/airflow/.local/lib/python3.6/site-packages/airflow/example_dags/example_task_group.py
[2021-05-08 06:55:07,198] {scheduler_job.py:629} INFO - Processing file /home/airflow/.local/lib/python3.6/site-packages/airflow/example_dags/example_task_group.py for tasks to queue
[2021-05-08 06:55:07,200] {logging_mixin.py:104} INFO - [2021-05-08 06:55:07,200] {dagbag.py:451} INFO - Filling up the DagBag from /home/airflow/.local/lib/python3.6/site-packages/airflow/example_dags/example_task_group.py
[2021-05-08 06:55:07,217] {scheduler_job.py:639} INFO - DAG(s) dict_keys(['example_task_group']) retrieved from /home/airflow/.local/lib/python3.6/site-packages/airflow/example_dags/example_task_group.py
[2021-05-08 06:55:07,249] {logging_mixin.py:104} INFO - [2021-05-08 06:55:07,249] {dag.py:1824} INFO - Sync 1 DAGs
[2021-05-08 06:55:07,269] {logging_mixin.py:104} INFO - [2021-05-08 06:55:07,269] {dag.py:2280} INFO - Setting next_dagrun for example_task_group to 2021-05-06 00:00:00+00:00
[2021-05-08 06:55:07,284] {scheduler_job.py:190} INFO - Processing /home/airflow/.local/lib/python3.6/site-packages/airflow/example_dags/example_task_group.py took 0.092 seconds
[2021-05-08 06:55:37,568] {scheduler_job.py:182} INFO - Started process (PID=348) to work on /home/airflow/.local/lib/python3.6/site-packages/airflow/example_dags/example_task_group.py
[2021-05-08 06:55:37,571] {scheduler_job.py:629} INFO - Processing file /home/airflow/.local/lib/python3.6/site-packages/airflow/example_dags/example_task_group.py for tasks to queue
[2021-05-08 06:55:37,573] {logging_mixin.py:104} INFO - [2021-05-08 06:55:37,573] {dagbag.py:451} INFO - Filling up the DagBag from /home/airflow/.local/lib/python3.6/site-packages/airflow/example_dags/example_task_group.py
[2021-05-08 06:55:37,588] {scheduler_job.py:639} INFO - DAG(s) dict_keys(['example_task_group']) retrieved from /home/airflow/.local/lib/python3.6/site-packages/airflow/example_dags/example_task_group.py
[2021-05-08 06:55:37,633] {logging_mixin.py:104} INFO - [2021-05-08 06:55:37,633] {dag.py:1824} INFO - Sync 1 DAGs
[2021-05-08 06:55:37,665] {logging_mixin.py:104} INFO - [2021-05-08 06:55:37,665] {dag.py:2280} INFO - Setting next_dagrun for example_task_group to 2021-05-06 00:00:00+00:00
[2021-05-08 06:55:37,683] {scheduler_job.py:190} INFO - Processing /home/airflow/.local/lib/python3.6/site-packages/airflow/example_dags/example_task_group.py took 0.119 seconds
[2021-05-08 06:56:08,201] {scheduler_job.py:182} INFO - Started process (PID=375) to work on /home/airflow/.local/lib/python3.6/site-packages/airflow/example_dags/example_task_group.py
[2021-05-08 06:56:08,203] {scheduler_job.py:629} INFO - Processing file /home/airflow/.local/lib/python3.6/site-packages/airflow/example_dags/example_task_group.py for tasks to queue
[2021-05-08 06:56:08,205] {logging_mixin.py:104} INFO - [2021-05-08 06:56:08,205] {dagbag.py:451} INFO - Filling up the DagBag from /home/airflow/.local/lib/python3.6/site-packages/airflow/example_dags/example_task_group.py
[2021-05-08 06:56:08,222] {scheduler_job.py:639} INFO - DAG(s) dict_keys(['example_task_group']) retrieved from /home/airflow/.local/lib/python3.6/site-packages/airflow/example_dags/example_task_group.py
[2021-05-08 06:56:08,254] {logging_mixin.py:104} INFO - [2021-05-08 06:56:08,254] {dag.py:1824} INFO - Sync 1 DAGs
[2021-05-08 06:56:08,272] {logging_mixin.py:104} INFO - [2021-05-08 06:56:08,272] {dag.py:2280} INFO - Setting next_dagrun for example_task_group to 2021-05-06 00:00:00+00:00
[2021-05-08 06:56:08,285] {scheduler_job.py:190} INFO - Processing /home/airflow/.local/lib/python3.6/site-packages/airflow/example_dags/example_task_group.py took 0.088 seconds
[2021-05-08 06:56:38,798] {scheduler_job.py:182} INFO - Started process (PID=402) to work on /home/airflow/.local/lib/python3.6/site-packages/airflow/example_dags/example_task_group.py
[2021-05-08 06:56:38,801] {scheduler_job.py:629} INFO - Processing file /home/airflow/.local/lib/python3.6/site-packages/airflow/example_dags/example_task_group.py for tasks to queue
[2021-05-08 06:56:38,803] {logging_mixin.py:104} INFO - [2021-05-08 06:56:38,803] {dagbag.py:451} INFO - Filling up the DagBag from /home/airflow/.local/lib/python3.6/site-packages/airflow/example_dags/example_task_group.py
[2021-05-08 06:56:38,821] {scheduler_job.py:639} INFO - DAG(s) dict_keys(['example_task_group']) retrieved from /home/airflow/.local/lib/python3.6/site-packages/airflow/example_dags/example_task_group.py
[2021-05-08 06:56:38,859] {logging_mixin.py:104} INFO - [2021-05-08 06:56:38,859] {dag.py:1824} INFO - Sync 1 DAGs
[2021-05-08 06:56:38,879] {logging_mixin.py:104} INFO - [2021-05-08 06:56:38,879] {dag.py:2280} INFO - Setting next_dagrun for example_task_group to 2021-05-06 00:00:00+00:00
[2021-05-08 06:56:38,893] {scheduler_job.py:190} INFO - Processing /home/airflow/.local/lib/python3.6/site-packages/airflow/example_dags/example_task_group.py took 0.100 seconds
[2021-05-08 06:57:09,563] {scheduler_job.py:182} INFO - Started process (PID=429) to work on /home/airflow/.local/lib/python3.6/site-packages/airflow/example_dags/example_task_group.py
[2021-05-08 06:57:09,566] {scheduler_job.py:629} INFO - Processing file /home/airflow/.local/lib/python3.6/site-packages/airflow/example_dags/example_task_group.py for tasks to queue
[2021-05-08 06:57:09,567] {logging_mixin.py:104} INFO - [2021-05-08 06:57:09,567] {dagbag.py:451} INFO - Filling up the DagBag from /home/airflow/.local/lib/python3.6/site-packages/airflow/example_dags/example_task_group.py
[2021-05-08 06:57:09,583] {scheduler_job.py:639} INFO - DAG(s) dict_keys(['example_task_group']) retrieved from /home/airflow/.local/lib/python3.6/site-packages/airflow/example_dags/example_task_group.py
[2021-05-08 06:57:09,613] {logging_mixin.py:104} INFO - [2021-05-08 06:57:09,613] {dag.py:1824} INFO - Sync 1 DAGs
[2021-05-08 06:57:09,634] {logging_mixin.py:104} INFO - [2021-05-08 06:57:09,634] {dag.py:2280} INFO - Setting next_dagrun for example_task_group to 2021-05-06 00:00:00+00:00
[2021-05-08 06:57:09,647] {scheduler_job.py:190} INFO - Processing /home/airflow/.local/lib/python3.6/site-packages/airflow/example_dags/example_task_group.py took 0.088 seconds
[2021-05-08 06:57:40,407] {scheduler_job.py:182} INFO - Started process (PID=456) to work on /home/airflow/.local/lib/python3.6/site-packages/airflow/example_dags/example_task_group.py
[2021-05-08 06:57:40,410] {scheduler_job.py:629} INFO - Processing file /home/airflow/.local/lib/python3.6/site-packages/airflow/example_dags/example_task_group.py for tasks to queue
[2021-05-08 06:57:40,414] {logging_mixin.py:104} INFO - [2021-05-08 06:57:40,414] {dagbag.py:451} INFO - Filling up the DagBag from /home/airflow/.local/lib/python3.6/site-packages/airflow/example_dags/example_task_group.py
[2021-05-08 06:57:40,443] {scheduler_job.py:639} INFO - DAG(s) dict_keys(['example_task_group']) retrieved from /home/airflow/.local/lib/python3.6/site-packages/airflow/example_dags/example_task_group.py
[2021-05-08 06:57:40,480] {logging_mixin.py:104} INFO - [2021-05-08 06:57:40,479] {dag.py:1824} INFO - Sync 1 DAGs
[2021-05-08 06:57:40,502] {logging_mixin.py:104} INFO - [2021-05-08 06:57:40,502] {dag.py:2280} INFO - Setting next_dagrun for example_task_group to 2021-05-06 00:00:00+00:00
[2021-05-08 06:57:40,518] {scheduler_job.py:190} INFO - Processing /home/airflow/.local/lib/python3.6/site-packages/airflow/example_dags/example_task_group.py took 0.115 seconds
[2021-05-08 06:58:11,240] {scheduler_job.py:182} INFO - Started process (PID=483) to work on /home/airflow/.local/lib/python3.6/site-packages/airflow/example_dags/example_task_group.py
[2021-05-08 06:58:11,243] {scheduler_job.py:629} INFO - Processing file /home/airflow/.local/lib/python3.6/site-packages/airflow/example_dags/example_task_group.py for tasks to queue
[2021-05-08 06:58:11,245] {logging_mixin.py:104} INFO - [2021-05-08 06:58:11,245] {dagbag.py:451} INFO - Filling up the DagBag from /home/airflow/.local/lib/python3.6/site-packages/airflow/example_dags/example_task_group.py
[2021-05-08 06:58:11,264] {scheduler_job.py:639} INFO - DAG(s) dict_keys(['example_task_group']) retrieved from /home/airflow/.local/lib/python3.6/site-packages/airflow/example_dags/example_task_group.py
[2021-05-08 06:58:11,298] {logging_mixin.py:104} INFO - [2021-05-08 06:58:11,298] {dag.py:1824} INFO - Sync 1 DAGs
[2021-05-08 06:58:11,320] {logging_mixin.py:104} INFO - [2021-05-08 06:58:11,320] {dag.py:2280} INFO - Setting next_dagrun for example_task_group to 2021-05-06 00:00:00+00:00
[2021-05-08 06:58:11,335] {scheduler_job.py:190} INFO - Processing /home/airflow/.local/lib/python3.6/site-packages/airflow/example_dags/example_task_group.py took 0.100 seconds
[2021-05-08 06:58:42,080] {scheduler_job.py:182} INFO - Started process (PID=510) to work on /home/airflow/.local/lib/python3.6/site-packages/airflow/example_dags/example_task_group.py
[2021-05-08 06:58:42,082] {scheduler_job.py:629} INFO - Processing file /home/airflow/.local/lib/python3.6/site-packages/airflow/example_dags/example_task_group.py for tasks to queue
[2021-05-08 06:58:42,084] {logging_mixin.py:104} INFO - [2021-05-08 06:58:42,084] {dagbag.py:451} INFO - Filling up the DagBag from /home/airflow/.local/lib/python3.6/site-packages/airflow/example_dags/example_task_group.py
[2021-05-08 06:58:42,102] {scheduler_job.py:639} INFO - DAG(s) dict_keys(['example_task_group']) retrieved from /home/airflow/.local/lib/python3.6/site-packages/airflow/example_dags/example_task_group.py
[2021-05-08 06:58:42,135] {logging_mixin.py:104} INFO - [2021-05-08 06:58:42,135] {dag.py:1824} INFO - Sync 1 DAGs
[2021-05-08 06:58:42,159] {logging_mixin.py:104} INFO - [2021-05-08 06:58:42,159] {dag.py:2280} INFO - Setting next_dagrun for example_task_group to 2021-05-06 00:00:00+00:00
[2021-05-08 06:58:42,175] {scheduler_job.py:190} INFO - Processing /home/airflow/.local/lib/python3.6/site-packages/airflow/example_dags/example_task_group.py took 0.100 seconds
[2021-05-08 06:59:12,817] {scheduler_job.py:182} INFO - Started process (PID=537) to work on /home/airflow/.local/lib/python3.6/site-packages/airflow/example_dags/example_task_group.py
[2021-05-08 06:59:12,820] {scheduler_job.py:629} INFO - Processing file /home/airflow/.local/lib/python3.6/site-packages/airflow/example_dags/example_task_group.py for tasks to queue
[2021-05-08 06:59:12,822] {logging_mixin.py:104} INFO - [2021-05-08 06:59:12,822] {dagbag.py:451} INFO - Filling up the DagBag from /home/airflow/.local/lib/python3.6/site-packages/airflow/example_dags/example_task_group.py
[2021-05-08 06:59:12,843] {scheduler_job.py:639} INFO - DAG(s) dict_keys(['example_task_group']) retrieved from /home/airflow/.local/lib/python3.6/site-packages/airflow/example_dags/example_task_group.py
[2021-05-08 06:59:12,877] {logging_mixin.py:104} INFO - [2021-05-08 06:59:12,877] {dag.py:1824} INFO - Sync 1 DAGs
[2021-05-08 06:59:12,899] {logging_mixin.py:104} INFO - [2021-05-08 06:59:12,899] {dag.py:2280} INFO - Setting next_dagrun for example_task_group to 2021-05-06 00:00:00+00:00
[2021-05-08 06:59:12,917] {scheduler_job.py:190} INFO - Processing /home/airflow/.local/lib/python3.6/site-packages/airflow/example_dags/example_task_group.py took 0.105 seconds
[2021-05-08 06:59:43,789] {scheduler_job.py:182} INFO - Started process (PID=564) to work on /home/airflow/.local/lib/python3.6/site-packages/airflow/example_dags/example_task_group.py
[2021-05-08 06:59:43,792] {scheduler_job.py:629} INFO - Processing file /home/airflow/.local/lib/python3.6/site-packages/airflow/example_dags/example_task_group.py for tasks to queue
[2021-05-08 06:59:43,794] {logging_mixin.py:104} INFO - [2021-05-08 06:59:43,794] {dagbag.py:451} INFO - Filling up the DagBag from /home/airflow/.local/lib/python3.6/site-packages/airflow/example_dags/example_task_group.py
[2021-05-08 06:59:43,814] {scheduler_job.py:639} INFO - DAG(s) dict_keys(['example_task_group']) retrieved from /home/airflow/.local/lib/python3.6/site-packages/airflow/example_dags/example_task_group.py
[2021-05-08 06:59:43,857] {logging_mixin.py:104} INFO - [2021-05-08 06:59:43,857] {dag.py:1824} INFO - Sync 1 DAGs
[2021-05-08 06:59:43,885] {logging_mixin.py:104} INFO - [2021-05-08 06:59:43,885] {dag.py:2280} INFO - Setting next_dagrun for example_task_group to 2021-05-06 00:00:00+00:00
[2021-05-08 06:59:43,901] {scheduler_job.py:190} INFO - Processing /home/airflow/.local/lib/python3.6/site-packages/airflow/example_dags/example_task_group.py took 0.117 seconds
[2021-05-08 07:00:14,051] {scheduler_job.py:182} INFO - Started process (PID=592) to work on /home/airflow/.local/lib/python3.6/site-packages/airflow/example_dags/example_task_group.py
[2021-05-08 07:00:14,054] {scheduler_job.py:629} INFO - Processing file /home/airflow/.local/lib/python3.6/site-packages/airflow/example_dags/example_task_group.py for tasks to queue
[2021-05-08 07:00:14,056] {logging_mixin.py:104} INFO - [2021-05-08 07:00:14,056] {dagbag.py:451} INFO - Filling up the DagBag from /home/airflow/.local/lib/python3.6/site-packages/airflow/example_dags/example_task_group.py
[2021-05-08 07:00:14,077] {scheduler_job.py:639} INFO - DAG(s) dict_keys(['example_task_group']) retrieved from /home/airflow/.local/lib/python3.6/site-packages/airflow/example_dags/example_task_group.py
[2021-05-08 07:00:14,112] {logging_mixin.py:104} INFO - [2021-05-08 07:00:14,112] {dag.py:1824} INFO - Sync 1 DAGs
[2021-05-08 07:00:14,147] {logging_mixin.py:104} INFO - [2021-05-08 07:00:14,147] {dag.py:2280} INFO - Setting next_dagrun for example_task_group to 2021-05-06 00:00:00+00:00
[2021-05-08 07:00:14,161] {scheduler_job.py:190} INFO - Processing /home/airflow/.local/lib/python3.6/site-packages/airflow/example_dags/example_task_group.py took 0.115 seconds
[2021-05-08 07:00:44,284] {scheduler_job.py:182} INFO - Started process (PID=619) to work on /home/airflow/.local/lib/python3.6/site-packages/airflow/example_dags/example_task_group.py
[2021-05-08 07:00:44,286] {scheduler_job.py:629} INFO - Processing file /home/airflow/.local/lib/python3.6/site-packages/airflow/example_dags/example_task_group.py for tasks to queue
[2021-05-08 07:00:44,288] {logging_mixin.py:104} INFO - [2021-05-08 07:00:44,288] {dagbag.py:451} INFO - Filling up the DagBag from /home/airflow/.local/lib/python3.6/site-packages/airflow/example_dags/example_task_group.py
[2021-05-08 07:00:44,306] {scheduler_job.py:639} INFO - DAG(s) dict_keys(['example_task_group']) retrieved from /home/airflow/.local/lib/python3.6/site-packages/airflow/example_dags/example_task_group.py
[2021-05-08 07:00:44,341] {logging_mixin.py:104} INFO - [2021-05-08 07:00:44,340] {dag.py:1824} INFO - Sync 1 DAGs
[2021-05-08 07:00:44,365] {logging_mixin.py:104} INFO - [2021-05-08 07:00:44,365] {dag.py:2280} INFO - Setting next_dagrun for example_task_group to 2021-05-06 00:00:00+00:00
[2021-05-08 07:00:44,382] {scheduler_job.py:190} INFO - Processing /home/airflow/.local/lib/python3.6/site-packages/airflow/example_dags/example_task_group.py took 0.104 seconds
[2021-05-08 07:01:14,423] {scheduler_job.py:182} INFO - Started process (PID=646) to work on /home/airflow/.local/lib/python3.6/site-packages/airflow/example_dags/example_task_group.py
[2021-05-08 07:01:14,425] {scheduler_job.py:629} INFO - Processing file /home/airflow/.local/lib/python3.6/site-packages/airflow/example_dags/example_task_group.py for tasks to queue
[2021-05-08 07:01:14,427] {logging_mixin.py:104} INFO - [2021-05-08 07:01:14,426] {dagbag.py:451} INFO - Filling up the DagBag from /home/airflow/.local/lib/python3.6/site-packages/airflow/example_dags/example_task_group.py
[2021-05-08 07:01:14,443] {scheduler_job.py:639} INFO - DAG(s) dict_keys(['example_task_group']) retrieved from /home/airflow/.local/lib/python3.6/site-packages/airflow/example_dags/example_task_group.py
[2021-05-08 07:01:14,473] {logging_mixin.py:104} INFO - [2021-05-08 07:01:14,473] {dag.py:1824} INFO - Sync 1 DAGs
[2021-05-08 07:01:14,495] {logging_mixin.py:104} INFO - [2021-05-08 07:01:14,494] {dag.py:2280} INFO - Setting next_dagrun for example_task_group to 2021-05-06 00:00:00+00:00
[2021-05-08 07:01:14,508] {scheduler_job.py:190} INFO - Processing /home/airflow/.local/lib/python3.6/site-packages/airflow/example_dags/example_task_group.py took 0.090 seconds
[2021-05-08 07:01:45,063] {scheduler_job.py:182} INFO - Started process (PID=672) to work on /home/airflow/.local/lib/python3.6/site-packages/airflow/example_dags/example_task_group.py
[2021-05-08 07:01:45,065] {scheduler_job.py:629} INFO - Processing file /home/airflow/.local/lib/python3.6/site-packages/airflow/example_dags/example_task_group.py for tasks to queue
[2021-05-08 07:01:45,067] {logging_mixin.py:104} INFO - [2021-05-08 07:01:45,067] {dagbag.py:451} INFO - Filling up the DagBag from /home/airflow/.local/lib/python3.6/site-packages/airflow/example_dags/example_task_group.py
[2021-05-08 07:01:45,084] {scheduler_job.py:639} INFO - DAG(s) dict_keys(['example_task_group']) retrieved from /home/airflow/.local/lib/python3.6/site-packages/airflow/example_dags/example_task_group.py
[2021-05-08 07:01:45,117] {logging_mixin.py:104} INFO - [2021-05-08 07:01:45,117] {dag.py:1824} INFO - Sync 1 DAGs
[2021-05-08 07:01:45,141] {logging_mixin.py:104} INFO - [2021-05-08 07:01:45,141] {dag.py:2280} INFO - Setting next_dagrun for example_task_group to 2021-05-06 00:00:00+00:00
[2021-05-08 07:01:45,156] {scheduler_job.py:190} INFO - Processing /home/airflow/.local/lib/python3.6/site-packages/airflow/example_dags/example_task_group.py took 0.097 seconds
[2021-05-08 07:02:15,849] {scheduler_job.py:182} INFO - Started process (PID=699) to work on /home/airflow/.local/lib/python3.6/site-packages/airflow/example_dags/example_task_group.py
[2021-05-08 07:02:15,852] {scheduler_job.py:629} INFO - Processing file /home/airflow/.local/lib/python3.6/site-packages/airflow/example_dags/example_task_group.py for tasks to queue
[2021-05-08 07:02:15,854] {logging_mixin.py:104} INFO - [2021-05-08 07:02:15,854] {dagbag.py:451} INFO - Filling up the DagBag from /home/airflow/.local/lib/python3.6/site-packages/airflow/example_dags/example_task_group.py
[2021-05-08 07:02:15,872] {scheduler_job.py:639} INFO - DAG(s) dict_keys(['example_task_group']) retrieved from /home/airflow/.local/lib/python3.6/site-packages/airflow/example_dags/example_task_group.py
[2021-05-08 07:02:15,903] {logging_mixin.py:104} INFO - [2021-05-08 07:02:15,903] {dag.py:1824} INFO - Sync 1 DAGs
[2021-05-08 07:02:15,930] {logging_mixin.py:104} INFO - [2021-05-08 07:02:15,930] {dag.py:2280} INFO - Setting next_dagrun for example_task_group to 2021-05-06 00:00:00+00:00
[2021-05-08 07:02:15,945] {scheduler_job.py:190} INFO - Processing /home/airflow/.local/lib/python3.6/site-packages/airflow/example_dags/example_task_group.py took 0.100 seconds
[2021-05-08 07:02:46,428] {scheduler_job.py:182} INFO - Started process (PID=726) to work on /home/airflow/.local/lib/python3.6/site-packages/airflow/example_dags/example_task_group.py
[2021-05-08 07:02:46,431] {scheduler_job.py:629} INFO - Processing file /home/airflow/.local/lib/python3.6/site-packages/airflow/example_dags/example_task_group.py for tasks to queue
[2021-05-08 07:02:46,433] {logging_mixin.py:104} INFO - [2021-05-08 07:02:46,433] {dagbag.py:451} INFO - Filling up the DagBag from /home/airflow/.local/lib/python3.6/site-packages/airflow/example_dags/example_task_group.py
[2021-05-08 07:02:46,456] {scheduler_job.py:639} INFO - DAG(s) dict_keys(['example_task_group']) retrieved from /home/airflow/.local/lib/python3.6/site-packages/airflow/example_dags/example_task_group.py
[2021-05-08 07:02:46,512] {logging_mixin.py:104} INFO - [2021-05-08 07:02:46,512] {dag.py:1824} INFO - Sync 1 DAGs
[2021-05-08 07:02:46,543] {logging_mixin.py:104} INFO - [2021-05-08 07:02:46,543] {dag.py:2280} INFO - Setting next_dagrun for example_task_group to 2021-05-06 00:00:00+00:00
[2021-05-08 07:02:46,567] {scheduler_job.py:190} INFO - Processing /home/airflow/.local/lib/python3.6/site-packages/airflow/example_dags/example_task_group.py took 0.147 seconds
[2021-05-08 07:03:17,635] {scheduler_job.py:182} INFO - Started process (PID=755) to work on /home/airflow/.local/lib/python3.6/site-packages/airflow/example_dags/example_task_group.py
[2021-05-08 07:03:17,639] {scheduler_job.py:629} INFO - Processing file /home/airflow/.local/lib/python3.6/site-packages/airflow/example_dags/example_task_group.py for tasks to queue
[2021-05-08 07:03:17,642] {logging_mixin.py:104} INFO - [2021-05-08 07:03:17,642] {dagbag.py:451} INFO - Filling up the DagBag from /home/airflow/.local/lib/python3.6/site-packages/airflow/example_dags/example_task_group.py
[2021-05-08 07:03:17,663] {scheduler_job.py:639} INFO - DAG(s) dict_keys(['example_task_group']) retrieved from /home/airflow/.local/lib/python3.6/site-packages/airflow/example_dags/example_task_group.py
[2021-05-08 07:03:17,699] {logging_mixin.py:104} INFO - [2021-05-08 07:03:17,699] {dag.py:1824} INFO - Sync 1 DAGs
[2021-05-08 07:03:17,724] {logging_mixin.py:104} INFO - [2021-05-08 07:03:17,724] {dag.py:2280} INFO - Setting next_dagrun for example_task_group to 2021-05-06 00:00:00+00:00
[2021-05-08 07:03:17,740] {scheduler_job.py:190} INFO - Processing /home/airflow/.local/lib/python3.6/site-packages/airflow/example_dags/example_task_group.py took 0.116 seconds
[2021-05-08 07:03:48,554] {scheduler_job.py:182} INFO - Started process (PID=782) to work on /home/airflow/.local/lib/python3.6/site-packages/airflow/example_dags/example_task_group.py
[2021-05-08 07:03:48,557] {scheduler_job.py:629} INFO - Processing file /home/airflow/.local/lib/python3.6/site-packages/airflow/example_dags/example_task_group.py for tasks to queue
[2021-05-08 07:03:48,559] {logging_mixin.py:104} INFO - [2021-05-08 07:03:48,559] {dagbag.py:451} INFO - Filling up the DagBag from /home/airflow/.local/lib/python3.6/site-packages/airflow/example_dags/example_task_group.py
[2021-05-08 07:03:48,578] {scheduler_job.py:639} INFO - DAG(s) dict_keys(['example_task_group']) retrieved from /home/airflow/.local/lib/python3.6/site-packages/airflow/example_dags/example_task_group.py
[2021-05-08 07:03:48,613] {logging_mixin.py:104} INFO - [2021-05-08 07:03:48,613] {dag.py:1824} INFO - Sync 1 DAGs
[2021-05-08 07:03:48,640] {logging_mixin.py:104} INFO - [2021-05-08 07:03:48,640] {dag.py:2280} INFO - Setting next_dagrun for example_task_group to 2021-05-06 00:00:00+00:00
[2021-05-08 07:03:48,659] {scheduler_job.py:190} INFO - Processing /home/airflow/.local/lib/python3.6/site-packages/airflow/example_dags/example_task_group.py took 0.109 seconds
[2021-05-08 07:04:19,214] {scheduler_job.py:182} INFO - Started process (PID=809) to work on /home/airflow/.local/lib/python3.6/site-packages/airflow/example_dags/example_task_group.py
[2021-05-08 07:04:19,216] {scheduler_job.py:629} INFO - Processing file /home/airflow/.local/lib/python3.6/site-packages/airflow/example_dags/example_task_group.py for tasks to queue
[2021-05-08 07:04:19,218] {logging_mixin.py:104} INFO - [2021-05-08 07:04:19,217] {dagbag.py:451} INFO - Filling up the DagBag from /home/airflow/.local/lib/python3.6/site-packages/airflow/example_dags/example_task_group.py
[2021-05-08 07:04:19,234] {scheduler_job.py:639} INFO - DAG(s) dict_keys(['example_task_group']) retrieved from /home/airflow/.local/lib/python3.6/site-packages/airflow/example_dags/example_task_group.py
[2021-05-08 07:04:19,269] {logging_mixin.py:104} INFO - [2021-05-08 07:04:19,269] {dag.py:1824} INFO - Sync 1 DAGs
[2021-05-08 07:04:19,289] {logging_mixin.py:104} INFO - [2021-05-08 07:04:19,289] {dag.py:2280} INFO - Setting next_dagrun for example_task_group to 2021-05-06 00:00:00+00:00
[2021-05-08 07:04:19,301] {scheduler_job.py:190} INFO - Processing /home/airflow/.local/lib/python3.6/site-packages/airflow/example_dags/example_task_group.py took 0.091 seconds
[2021-05-08 07:04:49,881] {scheduler_job.py:182} INFO - Started process (PID=836) to work on /home/airflow/.local/lib/python3.6/site-packages/airflow/example_dags/example_task_group.py
[2021-05-08 07:04:49,884] {scheduler_job.py:629} INFO - Processing file /home/airflow/.local/lib/python3.6/site-packages/airflow/example_dags/example_task_group.py for tasks to queue
[2021-05-08 07:04:49,887] {logging_mixin.py:104} INFO - [2021-05-08 07:04:49,887] {dagbag.py:451} INFO - Filling up the DagBag from /home/airflow/.local/lib/python3.6/site-packages/airflow/example_dags/example_task_group.py
[2021-05-08 07:04:49,916] {scheduler_job.py:639} INFO - DAG(s) dict_keys(['example_task_group']) retrieved from /home/airflow/.local/lib/python3.6/site-packages/airflow/example_dags/example_task_group.py
[2021-05-08 07:04:49,963] {logging_mixin.py:104} INFO - [2021-05-08 07:04:49,963] {dag.py:1824} INFO - Sync 1 DAGs
[2021-05-08 07:04:49,989] {logging_mixin.py:104} INFO - [2021-05-08 07:04:49,989] {dag.py:2280} INFO - Setting next_dagrun for example_task_group to 2021-05-06 00:00:00+00:00
[2021-05-08 07:04:50,005] {scheduler_job.py:190} INFO - Processing /home/airflow/.local/lib/python3.6/site-packages/airflow/example_dags/example_task_group.py took 0.135 seconds
[2021-05-08 07:05:20,619] {scheduler_job.py:182} INFO - Started process (PID=863) to work on /home/airflow/.local/lib/python3.6/site-packages/airflow/example_dags/example_task_group.py
[2021-05-08 07:05:20,622] {scheduler_job.py:629} INFO - Processing file /home/airflow/.local/lib/python3.6/site-packages/airflow/example_dags/example_task_group.py for tasks to queue
[2021-05-08 07:05:20,624] {logging_mixin.py:104} INFO - [2021-05-08 07:05:20,624] {dagbag.py:451} INFO - Filling up the DagBag from /home/airflow/.local/lib/python3.6/site-packages/airflow/example_dags/example_task_group.py
[2021-05-08 07:05:20,649] {scheduler_job.py:639} INFO - DAG(s) dict_keys(['example_task_group']) retrieved from /home/airflow/.local/lib/python3.6/site-packages/airflow/example_dags/example_task_group.py
[2021-05-08 07:05:20,695] {logging_mixin.py:104} INFO - [2021-05-08 07:05:20,695] {dag.py:1824} INFO - Sync 1 DAGs
[2021-05-08 07:05:20,729] {logging_mixin.py:104} INFO - [2021-05-08 07:05:20,729] {dag.py:2280} INFO - Setting next_dagrun for example_task_group to 2021-05-06 00:00:00+00:00
[2021-05-08 07:05:20,746] {scheduler_job.py:190} INFO - Processing /home/airflow/.local/lib/python3.6/site-packages/airflow/example_dags/example_task_group.py took 0.134 seconds
[2021-05-08 07:05:51,040] {scheduler_job.py:182} INFO - Started process (PID=890) to work on /home/airflow/.local/lib/python3.6/site-packages/airflow/example_dags/example_task_group.py
[2021-05-08 07:05:51,043] {scheduler_job.py:629} INFO - Processing file /home/airflow/.local/lib/python3.6/site-packages/airflow/example_dags/example_task_group.py for tasks to queue
[2021-05-08 07:05:51,046] {logging_mixin.py:104} INFO - [2021-05-08 07:05:51,045] {dagbag.py:451} INFO - Filling up the DagBag from /home/airflow/.local/lib/python3.6/site-packages/airflow/example_dags/example_task_group.py
[2021-05-08 07:05:51,070] {scheduler_job.py:639} INFO - DAG(s) dict_keys(['example_task_group']) retrieved from /home/airflow/.local/lib/python3.6/site-packages/airflow/example_dags/example_task_group.py
[2021-05-08 07:05:51,107] {logging_mixin.py:104} INFO - [2021-05-08 07:05:51,107] {dag.py:1824} INFO - Sync 1 DAGs
[2021-05-08 07:05:51,133] {logging_mixin.py:104} INFO - [2021-05-08 07:05:51,133] {dag.py:2280} INFO - Setting next_dagrun for example_task_group to 2021-05-06 00:00:00+00:00
[2021-05-08 07:05:51,150] {scheduler_job.py:190} INFO - Processing /home/airflow/.local/lib/python3.6/site-packages/airflow/example_dags/example_task_group.py took 0.118 seconds
[2021-05-08 07:06:21,339] {scheduler_job.py:182} INFO - Started process (PID=917) to work on /home/airflow/.local/lib/python3.6/site-packages/airflow/example_dags/example_task_group.py
[2021-05-08 07:06:21,344] {scheduler_job.py:629} INFO - Processing file /home/airflow/.local/lib/python3.6/site-packages/airflow/example_dags/example_task_group.py for tasks to queue
[2021-05-08 07:06:21,347] {logging_mixin.py:104} INFO - [2021-05-08 07:06:21,346] {dagbag.py:451} INFO - Filling up the DagBag from /home/airflow/.local/lib/python3.6/site-packages/airflow/example_dags/example_task_group.py
[2021-05-08 07:06:21,378] {scheduler_job.py:639} INFO - DAG(s) dict_keys(['example_task_group']) retrieved from /home/airflow/.local/lib/python3.6/site-packages/airflow/example_dags/example_task_group.py
[2021-05-08 07:06:21,441] {logging_mixin.py:104} INFO - [2021-05-08 07:06:21,441] {dag.py:1824} INFO - Sync 1 DAGs
[2021-05-08 07:06:21,483] {logging_mixin.py:104} INFO - [2021-05-08 07:06:21,483] {dag.py:2280} INFO - Setting next_dagrun for example_task_group to 2021-05-06 00:00:00+00:00
[2021-05-08 07:06:21,518] {scheduler_job.py:190} INFO - Processing /home/airflow/.local/lib/python3.6/site-packages/airflow/example_dags/example_task_group.py took 0.187 seconds
[2021-05-08 07:06:52,288] {scheduler_job.py:182} INFO - Started process (PID=945) to work on /home/airflow/.local/lib/python3.6/site-packages/airflow/example_dags/example_task_group.py
[2021-05-08 07:06:52,291] {scheduler_job.py:629} INFO - Processing file /home/airflow/.local/lib/python3.6/site-packages/airflow/example_dags/example_task_group.py for tasks to queue
[2021-05-08 07:06:52,294] {logging_mixin.py:104} INFO - [2021-05-08 07:06:52,294] {dagbag.py:451} INFO - Filling up the DagBag from /home/airflow/.local/lib/python3.6/site-packages/airflow/example_dags/example_task_group.py
[2021-05-08 07:06:52,311] {scheduler_job.py:639} INFO - DAG(s) dict_keys(['example_task_group']) retrieved from /home/airflow/.local/lib/python3.6/site-packages/airflow/example_dags/example_task_group.py
[2021-05-08 07:06:52,341] {logging_mixin.py:104} INFO - [2021-05-08 07:06:52,340] {dag.py:1824} INFO - Sync 1 DAGs
[2021-05-08 07:06:52,361] {logging_mixin.py:104} INFO - [2021-05-08 07:06:52,361] {dag.py:2280} INFO - Setting next_dagrun for example_task_group to 2021-05-06 00:00:00+00:00
[2021-05-08 07:06:52,374] {scheduler_job.py:190} INFO - Processing /home/airflow/.local/lib/python3.6/site-packages/airflow/example_dags/example_task_group.py took 0.090 seconds
[2021-05-08 07:07:23,209] {scheduler_job.py:182} INFO - Started process (PID=972) to work on /home/airflow/.local/lib/python3.6/site-packages/airflow/example_dags/example_task_group.py
[2021-05-08 07:07:23,216] {scheduler_job.py:629} INFO - Processing file /home/airflow/.local/lib/python3.6/site-packages/airflow/example_dags/example_task_group.py for tasks to queue
[2021-05-08 07:07:23,218] {logging_mixin.py:104} INFO - [2021-05-08 07:07:23,218] {dagbag.py:451} INFO - Filling up the DagBag from /home/airflow/.local/lib/python3.6/site-packages/airflow/example_dags/example_task_group.py
[2021-05-08 07:07:23,239] {scheduler_job.py:639} INFO - DAG(s) dict_keys(['example_task_group']) retrieved from /home/airflow/.local/lib/python3.6/site-packages/airflow/example_dags/example_task_group.py
[2021-05-08 07:07:23,298] {logging_mixin.py:104} INFO - [2021-05-08 07:07:23,298] {dag.py:1824} INFO - Sync 1 DAGs
[2021-05-08 07:07:23,326] {logging_mixin.py:104} INFO - [2021-05-08 07:07:23,326] {dag.py:2280} INFO - Setting next_dagrun for example_task_group to 2021-05-06 00:00:00+00:00
[2021-05-08 07:07:23,344] {scheduler_job.py:190} INFO - Processing /home/airflow/.local/lib/python3.6/site-packages/airflow/example_dags/example_task_group.py took 0.143 seconds
[2021-05-08 07:07:54,152] {scheduler_job.py:182} INFO - Started process (PID=999) to work on /home/airflow/.local/lib/python3.6/site-packages/airflow/example_dags/example_task_group.py
[2021-05-08 07:07:54,155] {scheduler_job.py:629} INFO - Processing file /home/airflow/.local/lib/python3.6/site-packages/airflow/example_dags/example_task_group.py for tasks to queue
[2021-05-08 07:07:54,156] {logging_mixin.py:104} INFO - [2021-05-08 07:07:54,156] {dagbag.py:451} INFO - Filling up the DagBag from /home/airflow/.local/lib/python3.6/site-packages/airflow/example_dags/example_task_group.py
[2021-05-08 07:07:54,172] {scheduler_job.py:639} INFO - DAG(s) dict_keys(['example_task_group']) retrieved from /home/airflow/.local/lib/python3.6/site-packages/airflow/example_dags/example_task_group.py
[2021-05-08 07:07:54,206] {logging_mixin.py:104} INFO - [2021-05-08 07:07:54,206] {dag.py:1824} INFO - Sync 1 DAGs
[2021-05-08 07:07:54,226] {logging_mixin.py:104} INFO - [2021-05-08 07:07:54,226] {dag.py:2280} INFO - Setting next_dagrun for example_task_group to 2021-05-06 00:00:00+00:00
[2021-05-08 07:07:54,242] {scheduler_job.py:190} INFO - Processing /home/airflow/.local/lib/python3.6/site-packages/airflow/example_dags/example_task_group.py took 0.095 seconds
[2021-05-08 07:08:25,011] {scheduler_job.py:182} INFO - Started process (PID=1022) to work on /home/airflow/.local/lib/python3.6/site-packages/airflow/example_dags/example_task_group.py
[2021-05-08 07:08:25,017] {scheduler_job.py:629} INFO - Processing file /home/airflow/.local/lib/python3.6/site-packages/airflow/example_dags/example_task_group.py for tasks to queue
[2021-05-08 07:08:25,021] {logging_mixin.py:104} INFO - [2021-05-08 07:08:25,021] {dagbag.py:451} INFO - Filling up the DagBag from /home/airflow/.local/lib/python3.6/site-packages/airflow/example_dags/example_task_group.py
[2021-05-08 07:08:25,054] {scheduler_job.py:639} INFO - DAG(s) dict_keys(['example_task_group']) retrieved from /home/airflow/.local/lib/python3.6/site-packages/airflow/example_dags/example_task_group.py
[2021-05-08 07:08:25,114] {logging_mixin.py:104} INFO - [2021-05-08 07:08:25,114] {dag.py:1824} INFO - Sync 1 DAGs
[2021-05-08 07:08:25,156] {logging_mixin.py:104} INFO - [2021-05-08 07:08:25,156] {dag.py:2280} INFO - Setting next_dagrun for example_task_group to 2021-05-06 00:00:00+00:00
[2021-05-08 07:08:25,191] {scheduler_job.py:190} INFO - Processing /home/airflow/.local/lib/python3.6/site-packages/airflow/example_dags/example_task_group.py took 0.190 seconds
[2021-05-08 07:08:56,977] {scheduler_job.py:182} INFO - Started process (PID=1051) to work on /home/airflow/.local/lib/python3.6/site-packages/airflow/example_dags/example_task_group.py
[2021-05-08 07:08:56,983] {scheduler_job.py:629} INFO - Processing file /home/airflow/.local/lib/python3.6/site-packages/airflow/example_dags/example_task_group.py for tasks to queue
[2021-05-08 07:08:56,989] {logging_mixin.py:104} INFO - [2021-05-08 07:08:56,988] {dagbag.py:451} INFO - Filling up the DagBag from /home/airflow/.local/lib/python3.6/site-packages/airflow/example_dags/example_task_group.py
[2021-05-08 07:08:57,031] {scheduler_job.py:639} INFO - DAG(s) dict_keys(['example_task_group']) retrieved from /home/airflow/.local/lib/python3.6/site-packages/airflow/example_dags/example_task_group.py
[2021-05-08 07:08:57,125] {logging_mixin.py:104} INFO - [2021-05-08 07:08:57,124] {dag.py:1824} INFO - Sync 1 DAGs
[2021-05-08 07:08:57,184] {logging_mixin.py:104} INFO - [2021-05-08 07:08:57,183] {dag.py:2280} INFO - Setting next_dagrun for example_task_group to 2021-05-06 00:00:00+00:00
[2021-05-08 07:08:57,231] {scheduler_job.py:190} INFO - Processing /home/airflow/.local/lib/python3.6/site-packages/airflow/example_dags/example_task_group.py took 0.268 seconds
[2021-05-08 07:09:28,022] {scheduler_job.py:182} INFO - Started process (PID=1077) to work on /home/airflow/.local/lib/python3.6/site-packages/airflow/example_dags/example_task_group.py
[2021-05-08 07:09:28,033] {scheduler_job.py:629} INFO - Processing file /home/airflow/.local/lib/python3.6/site-packages/airflow/example_dags/example_task_group.py for tasks to queue
[2021-05-08 07:09:28,038] {logging_mixin.py:104} INFO - [2021-05-08 07:09:28,037] {dagbag.py:451} INFO - Filling up the DagBag from /home/airflow/.local/lib/python3.6/site-packages/airflow/example_dags/example_task_group.py
[2021-05-08 07:09:28,113] {scheduler_job.py:639} INFO - DAG(s) dict_keys(['example_task_group']) retrieved from /home/airflow/.local/lib/python3.6/site-packages/airflow/example_dags/example_task_group.py
[2021-05-08 07:09:28,236] {logging_mixin.py:104} INFO - [2021-05-08 07:09:28,235] {dag.py:1824} INFO - Sync 1 DAGs
[2021-05-08 07:09:28,337] {logging_mixin.py:104} INFO - [2021-05-08 07:09:28,337] {dag.py:2280} INFO - Setting next_dagrun for example_task_group to 2021-05-06 00:00:00+00:00
[2021-05-08 07:09:28,395] {scheduler_job.py:190} INFO - Processing /home/airflow/.local/lib/python3.6/site-packages/airflow/example_dags/example_task_group.py took 0.390 seconds
[2021-05-08 07:09:58,566] {scheduler_job.py:182} INFO - Started process (PID=1104) to work on /home/airflow/.local/lib/python3.6/site-packages/airflow/example_dags/example_task_group.py
[2021-05-08 07:09:58,571] {scheduler_job.py:629} INFO - Processing file /home/airflow/.local/lib/python3.6/site-packages/airflow/example_dags/example_task_group.py for tasks to queue
[2021-05-08 07:09:58,576] {logging_mixin.py:104} INFO - [2021-05-08 07:09:58,575] {dagbag.py:451} INFO - Filling up the DagBag from /home/airflow/.local/lib/python3.6/site-packages/airflow/example_dags/example_task_group.py
[2021-05-08 07:09:58,614] {scheduler_job.py:639} INFO - DAG(s) dict_keys(['example_task_group']) retrieved from /home/airflow/.local/lib/python3.6/site-packages/airflow/example_dags/example_task_group.py
[2021-05-08 07:09:58,689] {logging_mixin.py:104} INFO - [2021-05-08 07:09:58,689] {dag.py:1824} INFO - Sync 1 DAGs
[2021-05-08 07:09:58,737] {logging_mixin.py:104} INFO - [2021-05-08 07:09:58,737] {dag.py:2280} INFO - Setting next_dagrun for example_task_group to 2021-05-06 00:00:00+00:00
[2021-05-08 07:09:58,763] {scheduler_job.py:190} INFO - Processing /home/airflow/.local/lib/python3.6/site-packages/airflow/example_dags/example_task_group.py took 0.207 seconds
[2021-05-08 07:10:28,987] {scheduler_job.py:182} INFO - Started process (PID=1131) to work on /home/airflow/.local/lib/python3.6/site-packages/airflow/example_dags/example_task_group.py
[2021-05-08 07:10:28,992] {scheduler_job.py:629} INFO - Processing file /home/airflow/.local/lib/python3.6/site-packages/airflow/example_dags/example_task_group.py for tasks to queue
[2021-05-08 07:10:28,995] {logging_mixin.py:104} INFO - [2021-05-08 07:10:28,995] {dagbag.py:451} INFO - Filling up the DagBag from /home/airflow/.local/lib/python3.6/site-packages/airflow/example_dags/example_task_group.py
[2021-05-08 07:10:29,025] {scheduler_job.py:639} INFO - DAG(s) dict_keys(['example_task_group']) retrieved from /home/airflow/.local/lib/python3.6/site-packages/airflow/example_dags/example_task_group.py
[2021-05-08 07:10:29,078] {logging_mixin.py:104} INFO - [2021-05-08 07:10:29,078] {dag.py:1824} INFO - Sync 1 DAGs
[2021-05-08 07:10:29,111] {logging_mixin.py:104} INFO - [2021-05-08 07:10:29,110] {dag.py:2280} INFO - Setting next_dagrun for example_task_group to 2021-05-06 00:00:00+00:00
[2021-05-08 07:10:29,139] {scheduler_job.py:190} INFO - Processing /home/airflow/.local/lib/python3.6/site-packages/airflow/example_dags/example_task_group.py took 0.161 seconds
[2021-05-08 07:10:59,497] {scheduler_job.py:182} INFO - Started process (PID=1158) to work on /home/airflow/.local/lib/python3.6/site-packages/airflow/example_dags/example_task_group.py
[2021-05-08 07:10:59,501] {scheduler_job.py:629} INFO - Processing file /home/airflow/.local/lib/python3.6/site-packages/airflow/example_dags/example_task_group.py for tasks to queue
[2021-05-08 07:10:59,504] {logging_mixin.py:104} INFO - [2021-05-08 07:10:59,504] {dagbag.py:451} INFO - Filling up the DagBag from /home/airflow/.local/lib/python3.6/site-packages/airflow/example_dags/example_task_group.py
[2021-05-08 07:10:59,531] {scheduler_job.py:639} INFO - DAG(s) dict_keys(['example_task_group']) retrieved from /home/airflow/.local/lib/python3.6/site-packages/airflow/example_dags/example_task_group.py
[2021-05-08 07:10:59,595] {logging_mixin.py:104} INFO - [2021-05-08 07:10:59,595] {dag.py:1824} INFO - Sync 1 DAGs
[2021-05-08 07:10:59,633] {logging_mixin.py:104} INFO - [2021-05-08 07:10:59,632] {dag.py:2280} INFO - Setting next_dagrun for example_task_group to 2021-05-06 00:00:00+00:00
[2021-05-08 07:10:59,656] {scheduler_job.py:190} INFO - Processing /home/airflow/.local/lib/python3.6/site-packages/airflow/example_dags/example_task_group.py took 0.166 seconds
[2021-05-08 07:11:29,764] {scheduler_job.py:182} INFO - Started process (PID=1185) to work on /home/airflow/.local/lib/python3.6/site-packages/airflow/example_dags/example_task_group.py
[2021-05-08 07:11:29,767] {scheduler_job.py:629} INFO - Processing file /home/airflow/.local/lib/python3.6/site-packages/airflow/example_dags/example_task_group.py for tasks to queue
[2021-05-08 07:11:29,770] {logging_mixin.py:104} INFO - [2021-05-08 07:11:29,770] {dagbag.py:451} INFO - Filling up the DagBag from /home/airflow/.local/lib/python3.6/site-packages/airflow/example_dags/example_task_group.py
[2021-05-08 07:11:29,794] {scheduler_job.py:639} INFO - DAG(s) dict_keys(['example_task_group']) retrieved from /home/airflow/.local/lib/python3.6/site-packages/airflow/example_dags/example_task_group.py
[2021-05-08 07:11:29,839] {logging_mixin.py:104} INFO - [2021-05-08 07:11:29,839] {dag.py:1824} INFO - Sync 1 DAGs
[2021-05-08 07:11:29,871] {logging_mixin.py:104} INFO - [2021-05-08 07:11:29,871] {dag.py:2280} INFO - Setting next_dagrun for example_task_group to 2021-05-06 00:00:00+00:00
[2021-05-08 07:11:29,894] {scheduler_job.py:190} INFO - Processing /home/airflow/.local/lib/python3.6/site-packages/airflow/example_dags/example_task_group.py took 0.137 seconds
[2021-05-08 07:11:59,984] {scheduler_job.py:182} INFO - Started process (PID=1212) to work on /home/airflow/.local/lib/python3.6/site-packages/airflow/example_dags/example_task_group.py
[2021-05-08 07:11:59,993] {scheduler_job.py:629} INFO - Processing file /home/airflow/.local/lib/python3.6/site-packages/airflow/example_dags/example_task_group.py for tasks to queue
[2021-05-08 07:11:59,997] {logging_mixin.py:104} INFO - [2021-05-08 07:11:59,996] {dagbag.py:451} INFO - Filling up the DagBag from /home/airflow/.local/lib/python3.6/site-packages/airflow/example_dags/example_task_group.py
[2021-05-08 07:12:00,026] {scheduler_job.py:639} INFO - DAG(s) dict_keys(['example_task_group']) retrieved from /home/airflow/.local/lib/python3.6/site-packages/airflow/example_dags/example_task_group.py
[2021-05-08 07:12:00,084] {logging_mixin.py:104} INFO - [2021-05-08 07:12:00,084] {dag.py:1824} INFO - Sync 1 DAGs
[2021-05-08 07:12:00,120] {logging_mixin.py:104} INFO - [2021-05-08 07:12:00,120] {dag.py:2280} INFO - Setting next_dagrun for example_task_group to 2021-05-06 00:00:00+00:00
[2021-05-08 07:12:00,158] {scheduler_job.py:190} INFO - Processing /home/airflow/.local/lib/python3.6/site-packages/airflow/example_dags/example_task_group.py took 0.182 seconds
[2021-05-08 07:12:30,421] {scheduler_job.py:182} INFO - Started process (PID=1239) to work on /home/airflow/.local/lib/python3.6/site-packages/airflow/example_dags/example_task_group.py
[2021-05-08 07:12:30,429] {scheduler_job.py:629} INFO - Processing file /home/airflow/.local/lib/python3.6/site-packages/airflow/example_dags/example_task_group.py for tasks to queue
[2021-05-08 07:12:30,433] {logging_mixin.py:104} INFO - [2021-05-08 07:12:30,433] {dagbag.py:451} INFO - Filling up the DagBag from /home/airflow/.local/lib/python3.6/site-packages/airflow/example_dags/example_task_group.py
[2021-05-08 07:12:30,498] {scheduler_job.py:639} INFO - DAG(s) dict_keys(['example_task_group']) retrieved from /home/airflow/.local/lib/python3.6/site-packages/airflow/example_dags/example_task_group.py
[2021-05-08 07:12:30,593] {logging_mixin.py:104} INFO - [2021-05-08 07:12:30,593] {dag.py:1824} INFO - Sync 1 DAGs
[2021-05-08 07:12:30,683] {logging_mixin.py:104} INFO - [2021-05-08 07:12:30,682] {dag.py:2280} INFO - Setting next_dagrun for example_task_group to 2021-05-06 00:00:00+00:00
[2021-05-08 07:12:30,732] {scheduler_job.py:190} INFO - Processing /home/airflow/.local/lib/python3.6/site-packages/airflow/example_dags/example_task_group.py took 0.331 seconds
[2021-05-08 07:13:01,341] {scheduler_job.py:182} INFO - Started process (PID=1266) to work on /home/airflow/.local/lib/python3.6/site-packages/airflow/example_dags/example_task_group.py
[2021-05-08 07:13:01,347] {scheduler_job.py:629} INFO - Processing file /home/airflow/.local/lib/python3.6/site-packages/airflow/example_dags/example_task_group.py for tasks to queue
[2021-05-08 07:13:01,351] {logging_mixin.py:104} INFO - [2021-05-08 07:13:01,350] {dagbag.py:451} INFO - Filling up the DagBag from /home/airflow/.local/lib/python3.6/site-packages/airflow/example_dags/example_task_group.py
[2021-05-08 07:13:01,415] {scheduler_job.py:639} INFO - DAG(s) dict_keys(['example_task_group']) retrieved from /home/airflow/.local/lib/python3.6/site-packages/airflow/example_dags/example_task_group.py
[2021-05-08 07:13:01,552] {logging_mixin.py:104} INFO - [2021-05-08 07:13:01,552] {dag.py:1824} INFO - Sync 1 DAGs
[2021-05-08 07:13:01,666] {logging_mixin.py:104} INFO - [2021-05-08 07:13:01,666] {dag.py:2280} INFO - Setting next_dagrun for example_task_group to 2021-05-06 00:00:00+00:00
[2021-05-08 07:13:01,737] {scheduler_job.py:190} INFO - Processing /home/airflow/.local/lib/python3.6/site-packages/airflow/example_dags/example_task_group.py took 0.411 seconds
[2021-05-08 07:13:32,709] {scheduler_job.py:182} INFO - Started process (PID=1293) to work on /home/airflow/.local/lib/python3.6/site-packages/airflow/example_dags/example_task_group.py
[2021-05-08 07:13:32,720] {scheduler_job.py:629} INFO - Processing file /home/airflow/.local/lib/python3.6/site-packages/airflow/example_dags/example_task_group.py for tasks to queue
[2021-05-08 07:13:32,728] {logging_mixin.py:104} INFO - [2021-05-08 07:13:32,728] {dagbag.py:451} INFO - Filling up the DagBag from /home/airflow/.local/lib/python3.6/site-packages/airflow/example_dags/example_task_group.py
[2021-05-08 07:13:32,815] {scheduler_job.py:639} INFO - DAG(s) dict_keys(['example_task_group']) retrieved from /home/airflow/.local/lib/python3.6/site-packages/airflow/example_dags/example_task_group.py
[2021-05-08 07:13:32,940] {logging_mixin.py:104} INFO - [2021-05-08 07:13:32,940] {dag.py:1824} INFO - Sync 1 DAGs
[2021-05-08 07:13:33,049] {logging_mixin.py:104} INFO - [2021-05-08 07:13:33,049] {dag.py:2280} INFO - Setting next_dagrun for example_task_group to 2021-05-06 00:00:00+00:00
[2021-05-08 07:13:33,140] {scheduler_job.py:190} INFO - Processing /home/airflow/.local/lib/python3.6/site-packages/airflow/example_dags/example_task_group.py took 0.457 seconds
[2021-05-08 07:14:03,624] {scheduler_job.py:182} INFO - Started process (PID=1320) to work on /home/airflow/.local/lib/python3.6/site-packages/airflow/example_dags/example_task_group.py
[2021-05-08 07:14:03,635] {scheduler_job.py:629} INFO - Processing file /home/airflow/.local/lib/python3.6/site-packages/airflow/example_dags/example_task_group.py for tasks to queue
[2021-05-08 07:14:03,643] {logging_mixin.py:104} INFO - [2021-05-08 07:14:03,642] {dagbag.py:451} INFO - Filling up the DagBag from /home/airflow/.local/lib/python3.6/site-packages/airflow/example_dags/example_task_group.py
[2021-05-08 07:14:03,732] {scheduler_job.py:639} INFO - DAG(s) dict_keys(['example_task_group']) retrieved from /home/airflow/.local/lib/python3.6/site-packages/airflow/example_dags/example_task_group.py
[2021-05-08 07:14:03,953] {logging_mixin.py:104} INFO - [2021-05-08 07:14:03,952] {dag.py:1824} INFO - Sync 1 DAGs
[2021-05-08 07:14:04,060] {logging_mixin.py:104} INFO - [2021-05-08 07:14:04,059] {dag.py:2280} INFO - Setting next_dagrun for example_task_group to 2021-05-06 00:00:00+00:00
[2021-05-08 07:14:04,131] {scheduler_job.py:190} INFO - Processing /home/airflow/.local/lib/python3.6/site-packages/airflow/example_dags/example_task_group.py took 0.527 seconds
[2021-05-08 07:14:35,040] {scheduler_job.py:182} INFO - Started process (PID=1348) to work on /home/airflow/.local/lib/python3.6/site-packages/airflow/example_dags/example_task_group.py
[2021-05-08 07:14:35,047] {scheduler_job.py:629} INFO - Processing file /home/airflow/.local/lib/python3.6/site-packages/airflow/example_dags/example_task_group.py for tasks to queue
[2021-05-08 07:14:35,052] {logging_mixin.py:104} INFO - [2021-05-08 07:14:35,052] {dagbag.py:451} INFO - Filling up the DagBag from /home/airflow/.local/lib/python3.6/site-packages/airflow/example_dags/example_task_group.py
[2021-05-08 07:14:35,099] {scheduler_job.py:639} INFO - DAG(s) dict_keys(['example_task_group']) retrieved from /home/airflow/.local/lib/python3.6/site-packages/airflow/example_dags/example_task_group.py
[2021-05-08 07:14:35,182] {logging_mixin.py:104} INFO - [2021-05-08 07:14:35,182] {dag.py:1824} INFO - Sync 1 DAGs
[2021-05-08 07:14:35,275] {logging_mixin.py:104} INFO - [2021-05-08 07:14:35,274] {dag.py:2280} INFO - Setting next_dagrun for example_task_group to 2021-05-06 00:00:00+00:00
[2021-05-08 07:14:35,305] {scheduler_job.py:190} INFO - Processing /home/airflow/.local/lib/python3.6/site-packages/airflow/example_dags/example_task_group.py took 0.276 seconds
[2021-05-08 07:15:05,423] {scheduler_job.py:182} INFO - Started process (PID=1375) to work on /home/airflow/.local/lib/python3.6/site-packages/airflow/example_dags/example_task_group.py
[2021-05-08 07:15:05,426] {scheduler_job.py:629} INFO - Processing file /home/airflow/.local/lib/python3.6/site-packages/airflow/example_dags/example_task_group.py for tasks to queue
[2021-05-08 07:15:05,430] {logging_mixin.py:104} INFO - [2021-05-08 07:15:05,429] {dagbag.py:451} INFO - Filling up the DagBag from /home/airflow/.local/lib/python3.6/site-packages/airflow/example_dags/example_task_group.py
[2021-05-08 07:15:05,454] {scheduler_job.py:639} INFO - DAG(s) dict_keys(['example_task_group']) retrieved from /home/airflow/.local/lib/python3.6/site-packages/airflow/example_dags/example_task_group.py
[2021-05-08 07:15:05,504] {logging_mixin.py:104} INFO - [2021-05-08 07:15:05,504] {dag.py:1824} INFO - Sync 1 DAGs
[2021-05-08 07:15:05,536] {logging_mixin.py:104} INFO - [2021-05-08 07:15:05,536] {dag.py:2280} INFO - Setting next_dagrun for example_task_group to 2021-05-06 00:00:00+00:00
[2021-05-08 07:15:05,562] {scheduler_job.py:190} INFO - Processing /home/airflow/.local/lib/python3.6/site-packages/airflow/example_dags/example_task_group.py took 0.146 seconds
[2021-05-08 07:15:35,783] {scheduler_job.py:182} INFO - Started process (PID=1402) to work on /home/airflow/.local/lib/python3.6/site-packages/airflow/example_dags/example_task_group.py
[2021-05-08 07:15:35,786] {scheduler_job.py:629} INFO - Processing file /home/airflow/.local/lib/python3.6/site-packages/airflow/example_dags/example_task_group.py for tasks to queue
[2021-05-08 07:15:35,787] {logging_mixin.py:104} INFO - [2021-05-08 07:15:35,787] {dagbag.py:451} INFO - Filling up the DagBag from /home/airflow/.local/lib/python3.6/site-packages/airflow/example_dags/example_task_group.py
[2021-05-08 07:15:35,805] {scheduler_job.py:639} INFO - DAG(s) dict_keys(['example_task_group']) retrieved from /home/airflow/.local/lib/python3.6/site-packages/airflow/example_dags/example_task_group.py
[2021-05-08 07:15:35,840] {logging_mixin.py:104} INFO - [2021-05-08 07:15:35,840] {dag.py:1824} INFO - Sync 1 DAGs
[2021-05-08 07:15:35,865] {logging_mixin.py:104} INFO - [2021-05-08 07:15:35,865] {dag.py:2280} INFO - Setting next_dagrun for example_task_group to 2021-05-06 00:00:00+00:00
[2021-05-08 07:15:35,880] {scheduler_job.py:190} INFO - Processing /home/airflow/.local/lib/python3.6/site-packages/airflow/example_dags/example_task_group.py took 0.102 seconds
[2021-05-08 07:16:06,469] {scheduler_job.py:182} INFO - Started process (PID=1430) to work on /home/airflow/.local/lib/python3.6/site-packages/airflow/example_dags/example_task_group.py
[2021-05-08 07:16:06,472] {scheduler_job.py:629} INFO - Processing file /home/airflow/.local/lib/python3.6/site-packages/airflow/example_dags/example_task_group.py for tasks to queue
[2021-05-08 07:16:06,474] {logging_mixin.py:104} INFO - [2021-05-08 07:16:06,474] {dagbag.py:451} INFO - Filling up the DagBag from /home/airflow/.local/lib/python3.6/site-packages/airflow/example_dags/example_task_group.py
[2021-05-08 07:16:06,491] {scheduler_job.py:639} INFO - DAG(s) dict_keys(['example_task_group']) retrieved from /home/airflow/.local/lib/python3.6/site-packages/airflow/example_dags/example_task_group.py
[2021-05-08 07:16:06,522] {logging_mixin.py:104} INFO - [2021-05-08 07:16:06,522] {dag.py:1824} INFO - Sync 1 DAGs
[2021-05-08 07:16:06,544] {logging_mixin.py:104} INFO - [2021-05-08 07:16:06,544] {dag.py:2280} INFO - Setting next_dagrun for example_task_group to 2021-05-06 00:00:00+00:00
[2021-05-08 07:16:06,556] {scheduler_job.py:190} INFO - Processing /home/airflow/.local/lib/python3.6/site-packages/airflow/example_dags/example_task_group.py took 0.093 seconds
[2021-05-08 07:16:37,167] {scheduler_job.py:182} INFO - Started process (PID=1457) to work on /home/airflow/.local/lib/python3.6/site-packages/airflow/example_dags/example_task_group.py
[2021-05-08 07:16:37,169] {scheduler_job.py:629} INFO - Processing file /home/airflow/.local/lib/python3.6/site-packages/airflow/example_dags/example_task_group.py for tasks to queue
[2021-05-08 07:16:37,171] {logging_mixin.py:104} INFO - [2021-05-08 07:16:37,171] {dagbag.py:451} INFO - Filling up the DagBag from /home/airflow/.local/lib/python3.6/site-packages/airflow/example_dags/example_task_group.py
[2021-05-08 07:16:37,194] {scheduler_job.py:639} INFO - DAG(s) dict_keys(['example_task_group']) retrieved from /home/airflow/.local/lib/python3.6/site-packages/airflow/example_dags/example_task_group.py
[2021-05-08 07:16:37,243] {logging_mixin.py:104} INFO - [2021-05-08 07:16:37,243] {dag.py:1824} INFO - Sync 1 DAGs
[2021-05-08 07:16:37,263] {logging_mixin.py:104} INFO - [2021-05-08 07:16:37,263] {dag.py:2280} INFO - Setting next_dagrun for example_task_group to 2021-05-06 00:00:00+00:00
[2021-05-08 07:16:37,278] {scheduler_job.py:190} INFO - Processing /home/airflow/.local/lib/python3.6/site-packages/airflow/example_dags/example_task_group.py took 0.115 seconds
[2021-05-08 07:17:07,751] {scheduler_job.py:182} INFO - Started process (PID=1484) to work on /home/airflow/.local/lib/python3.6/site-packages/airflow/example_dags/example_task_group.py
[2021-05-08 07:17:07,753] {scheduler_job.py:629} INFO - Processing file /home/airflow/.local/lib/python3.6/site-packages/airflow/example_dags/example_task_group.py for tasks to queue
[2021-05-08 07:17:07,755] {logging_mixin.py:104} INFO - [2021-05-08 07:17:07,755] {dagbag.py:451} INFO - Filling up the DagBag from /home/airflow/.local/lib/python3.6/site-packages/airflow/example_dags/example_task_group.py
[2021-05-08 07:17:07,770] {scheduler_job.py:639} INFO - DAG(s) dict_keys(['example_task_group']) retrieved from /home/airflow/.local/lib/python3.6/site-packages/airflow/example_dags/example_task_group.py
[2021-05-08 07:17:07,806] {logging_mixin.py:104} INFO - [2021-05-08 07:17:07,806] {dag.py:1824} INFO - Sync 1 DAGs
[2021-05-08 07:17:07,826] {logging_mixin.py:104} INFO - [2021-05-08 07:17:07,826] {dag.py:2280} INFO - Setting next_dagrun for example_task_group to 2021-05-06 00:00:00+00:00
[2021-05-08 07:17:07,839] {scheduler_job.py:190} INFO - Processing /home/airflow/.local/lib/python3.6/site-packages/airflow/example_dags/example_task_group.py took 0.093 seconds
[2021-05-08 07:17:38,332] {scheduler_job.py:182} INFO - Started process (PID=1511) to work on /home/airflow/.local/lib/python3.6/site-packages/airflow/example_dags/example_task_group.py
[2021-05-08 07:17:38,334] {scheduler_job.py:629} INFO - Processing file /home/airflow/.local/lib/python3.6/site-packages/airflow/example_dags/example_task_group.py for tasks to queue
[2021-05-08 07:17:38,336] {logging_mixin.py:104} INFO - [2021-05-08 07:17:38,336] {dagbag.py:451} INFO - Filling up the DagBag from /home/airflow/.local/lib/python3.6/site-packages/airflow/example_dags/example_task_group.py
[2021-05-08 07:17:38,358] {scheduler_job.py:639} INFO - DAG(s) dict_keys(['example_task_group']) retrieved from /home/airflow/.local/lib/python3.6/site-packages/airflow/example_dags/example_task_group.py
[2021-05-08 07:17:38,400] {logging_mixin.py:104} INFO - [2021-05-08 07:17:38,400] {dag.py:1824} INFO - Sync 1 DAGs
[2021-05-08 07:17:38,428] {logging_mixin.py:104} INFO - [2021-05-08 07:17:38,428] {dag.py:2280} INFO - Setting next_dagrun for example_task_group to 2021-05-06 00:00:00+00:00
[2021-05-08 07:17:38,440] {scheduler_job.py:190} INFO - Processing /home/airflow/.local/lib/python3.6/site-packages/airflow/example_dags/example_task_group.py took 0.112 seconds
[2021-05-08 07:18:09,097] {scheduler_job.py:182} INFO - Started process (PID=1538) to work on /home/airflow/.local/lib/python3.6/site-packages/airflow/example_dags/example_task_group.py
[2021-05-08 07:18:09,100] {scheduler_job.py:629} INFO - Processing file /home/airflow/.local/lib/python3.6/site-packages/airflow/example_dags/example_task_group.py for tasks to queue
[2021-05-08 07:18:09,101] {logging_mixin.py:104} INFO - [2021-05-08 07:18:09,101] {dagbag.py:451} INFO - Filling up the DagBag from /home/airflow/.local/lib/python3.6/site-packages/airflow/example_dags/example_task_group.py
[2021-05-08 07:18:09,117] {scheduler_job.py:639} INFO - DAG(s) dict_keys(['example_task_group']) retrieved from /home/airflow/.local/lib/python3.6/site-packages/airflow/example_dags/example_task_group.py
[2021-05-08 07:18:09,158] {logging_mixin.py:104} INFO - [2021-05-08 07:18:09,157] {dag.py:1824} INFO - Sync 1 DAGs
[2021-05-08 07:18:09,184] {logging_mixin.py:104} INFO - [2021-05-08 07:18:09,183] {dag.py:2280} INFO - Setting next_dagrun for example_task_group to 2021-05-06 00:00:00+00:00
[2021-05-08 07:18:09,198] {scheduler_job.py:190} INFO - Processing /home/airflow/.local/lib/python3.6/site-packages/airflow/example_dags/example_task_group.py took 0.104 seconds
[2021-05-08 07:18:39,877] {scheduler_job.py:182} INFO - Started process (PID=1565) to work on /home/airflow/.local/lib/python3.6/site-packages/airflow/example_dags/example_task_group.py
[2021-05-08 07:18:39,880] {scheduler_job.py:629} INFO - Processing file /home/airflow/.local/lib/python3.6/site-packages/airflow/example_dags/example_task_group.py for tasks to queue
[2021-05-08 07:18:39,884] {logging_mixin.py:104} INFO - [2021-05-08 07:18:39,884] {dagbag.py:451} INFO - Filling up the DagBag from /home/airflow/.local/lib/python3.6/site-packages/airflow/example_dags/example_task_group.py
[2021-05-08 07:18:39,901] {scheduler_job.py:639} INFO - DAG(s) dict_keys(['example_task_group']) retrieved from /home/airflow/.local/lib/python3.6/site-packages/airflow/example_dags/example_task_group.py
[2021-05-08 07:18:39,934] {logging_mixin.py:104} INFO - [2021-05-08 07:18:39,934] {dag.py:1824} INFO - Sync 1 DAGs
[2021-05-08 07:18:39,957] {logging_mixin.py:104} INFO - [2021-05-08 07:18:39,957] {dag.py:2280} INFO - Setting next_dagrun for example_task_group to 2021-05-06 00:00:00+00:00
[2021-05-08 07:18:39,971] {scheduler_job.py:190} INFO - Processing /home/airflow/.local/lib/python3.6/site-packages/airflow/example_dags/example_task_group.py took 0.098 seconds
[2021-05-08 07:19:10,596] {scheduler_job.py:182} INFO - Started process (PID=1592) to work on /home/airflow/.local/lib/python3.6/site-packages/airflow/example_dags/example_task_group.py
[2021-05-08 07:19:10,598] {scheduler_job.py:629} INFO - Processing file /home/airflow/.local/lib/python3.6/site-packages/airflow/example_dags/example_task_group.py for tasks to queue
[2021-05-08 07:19:10,600] {logging_mixin.py:104} INFO - [2021-05-08 07:19:10,600] {dagbag.py:451} INFO - Filling up the DagBag from /home/airflow/.local/lib/python3.6/site-packages/airflow/example_dags/example_task_group.py
[2021-05-08 07:19:10,616] {scheduler_job.py:639} INFO - DAG(s) dict_keys(['example_task_group']) retrieved from /home/airflow/.local/lib/python3.6/site-packages/airflow/example_dags/example_task_group.py
[2021-05-08 07:19:10,660] {logging_mixin.py:104} INFO - [2021-05-08 07:19:10,660] {dag.py:1824} INFO - Sync 1 DAGs
[2021-05-08 07:19:10,686] {logging_mixin.py:104} INFO - [2021-05-08 07:19:10,686] {dag.py:2280} INFO - Setting next_dagrun for example_task_group to 2021-05-06 00:00:00+00:00
[2021-05-08 07:19:10,701] {scheduler_job.py:190} INFO - Processing /home/airflow/.local/lib/python3.6/site-packages/airflow/example_dags/example_task_group.py took 0.111 seconds
[2021-05-08 07:19:41,345] {scheduler_job.py:182} INFO - Started process (PID=1619) to work on /home/airflow/.local/lib/python3.6/site-packages/airflow/example_dags/example_task_group.py
[2021-05-08 07:19:41,347] {scheduler_job.py:629} INFO - Processing file /home/airflow/.local/lib/python3.6/site-packages/airflow/example_dags/example_task_group.py for tasks to queue
[2021-05-08 07:19:41,349] {logging_mixin.py:104} INFO - [2021-05-08 07:19:41,348] {dagbag.py:451} INFO - Filling up the DagBag from /home/airflow/.local/lib/python3.6/site-packages/airflow/example_dags/example_task_group.py
[2021-05-08 07:19:41,364] {scheduler_job.py:639} INFO - DAG(s) dict_keys(['example_task_group']) retrieved from /home/airflow/.local/lib/python3.6/site-packages/airflow/example_dags/example_task_group.py
[2021-05-08 07:19:41,396] {logging_mixin.py:104} INFO - [2021-05-08 07:19:41,396] {dag.py:1824} INFO - Sync 1 DAGs
[2021-05-08 07:19:41,419] {logging_mixin.py:104} INFO - [2021-05-08 07:19:41,419] {dag.py:2280} INFO - Setting next_dagrun for example_task_group to 2021-05-06 00:00:00+00:00
[2021-05-08 07:19:41,432] {scheduler_job.py:190} INFO - Processing /home/airflow/.local/lib/python3.6/site-packages/airflow/example_dags/example_task_group.py took 0.092 seconds
[2021-05-08 07:20:12,144] {scheduler_job.py:182} INFO - Started process (PID=1646) to work on /home/airflow/.local/lib/python3.6/site-packages/airflow/example_dags/example_task_group.py
[2021-05-08 07:20:12,147] {scheduler_job.py:629} INFO - Processing file /home/airflow/.local/lib/python3.6/site-packages/airflow/example_dags/example_task_group.py for tasks to queue
[2021-05-08 07:20:12,149] {logging_mixin.py:104} INFO - [2021-05-08 07:20:12,149] {dagbag.py:451} INFO - Filling up the DagBag from /home/airflow/.local/lib/python3.6/site-packages/airflow/example_dags/example_task_group.py
[2021-05-08 07:20:12,166] {scheduler_job.py:639} INFO - DAG(s) dict_keys(['example_task_group']) retrieved from /home/airflow/.local/lib/python3.6/site-packages/airflow/example_dags/example_task_group.py
[2021-05-08 07:20:12,199] {logging_mixin.py:104} INFO - [2021-05-08 07:20:12,198] {dag.py:1824} INFO - Sync 1 DAGs
[2021-05-08 07:20:12,221] {logging_mixin.py:104} INFO - [2021-05-08 07:20:12,220] {dag.py:2280} INFO - Setting next_dagrun for example_task_group to 2021-05-06 00:00:00+00:00
[2021-05-08 07:20:12,234] {scheduler_job.py:190} INFO - Processing /home/airflow/.local/lib/python3.6/site-packages/airflow/example_dags/example_task_group.py took 0.094 seconds
[2021-05-08 07:20:42,905] {scheduler_job.py:182} INFO - Started process (PID=1673) to work on /home/airflow/.local/lib/python3.6/site-packages/airflow/example_dags/example_task_group.py
[2021-05-08 07:20:42,907] {scheduler_job.py:629} INFO - Processing file /home/airflow/.local/lib/python3.6/site-packages/airflow/example_dags/example_task_group.py for tasks to queue
[2021-05-08 07:20:42,908] {logging_mixin.py:104} INFO - [2021-05-08 07:20:42,908] {dagbag.py:451} INFO - Filling up the DagBag from /home/airflow/.local/lib/python3.6/site-packages/airflow/example_dags/example_task_group.py
[2021-05-08 07:20:42,924] {scheduler_job.py:639} INFO - DAG(s) dict_keys(['example_task_group']) retrieved from /home/airflow/.local/lib/python3.6/site-packages/airflow/example_dags/example_task_group.py
[2021-05-08 07:20:42,956] {logging_mixin.py:104} INFO - [2021-05-08 07:20:42,956] {dag.py:1824} INFO - Sync 1 DAGs
[2021-05-08 07:20:42,977] {logging_mixin.py:104} INFO - [2021-05-08 07:20:42,977] {dag.py:2280} INFO - Setting next_dagrun for example_task_group to 2021-05-06 00:00:00+00:00
[2021-05-08 07:20:42,991] {scheduler_job.py:190} INFO - Processing /home/airflow/.local/lib/python3.6/site-packages/airflow/example_dags/example_task_group.py took 0.092 seconds
[2021-05-08 07:21:13,614] {scheduler_job.py:182} INFO - Started process (PID=1700) to work on /home/airflow/.local/lib/python3.6/site-packages/airflow/example_dags/example_task_group.py
[2021-05-08 07:21:13,617] {scheduler_job.py:629} INFO - Processing file /home/airflow/.local/lib/python3.6/site-packages/airflow/example_dags/example_task_group.py for tasks to queue
[2021-05-08 07:21:13,619] {logging_mixin.py:104} INFO - [2021-05-08 07:21:13,619] {dagbag.py:451} INFO - Filling up the DagBag from /home/airflow/.local/lib/python3.6/site-packages/airflow/example_dags/example_task_group.py
[2021-05-08 07:21:13,639] {scheduler_job.py:639} INFO - DAG(s) dict_keys(['example_task_group']) retrieved from /home/airflow/.local/lib/python3.6/site-packages/airflow/example_dags/example_task_group.py
[2021-05-08 07:21:13,681] {logging_mixin.py:104} INFO - [2021-05-08 07:21:13,681] {dag.py:1824} INFO - Sync 1 DAGs
[2021-05-08 07:21:13,703] {logging_mixin.py:104} INFO - [2021-05-08 07:21:13,703] {dag.py:2280} INFO - Setting next_dagrun for example_task_group to 2021-05-06 00:00:00+00:00
[2021-05-08 07:21:13,716] {scheduler_job.py:190} INFO - Processing /home/airflow/.local/lib/python3.6/site-packages/airflow/example_dags/example_task_group.py took 0.107 seconds
[2021-05-08 07:21:44,325] {scheduler_job.py:182} INFO - Started process (PID=1727) to work on /home/airflow/.local/lib/python3.6/site-packages/airflow/example_dags/example_task_group.py
[2021-05-08 07:21:44,327] {scheduler_job.py:629} INFO - Processing file /home/airflow/.local/lib/python3.6/site-packages/airflow/example_dags/example_task_group.py for tasks to queue
[2021-05-08 07:21:44,329] {logging_mixin.py:104} INFO - [2021-05-08 07:21:44,328] {dagbag.py:451} INFO - Filling up the DagBag from /home/airflow/.local/lib/python3.6/site-packages/airflow/example_dags/example_task_group.py
[2021-05-08 07:21:44,345] {scheduler_job.py:639} INFO - DAG(s) dict_keys(['example_task_group']) retrieved from /home/airflow/.local/lib/python3.6/site-packages/airflow/example_dags/example_task_group.py
[2021-05-08 07:21:44,376] {logging_mixin.py:104} INFO - [2021-05-08 07:21:44,376] {dag.py:1824} INFO - Sync 1 DAGs
[2021-05-08 07:21:44,397] {logging_mixin.py:104} INFO - [2021-05-08 07:21:44,397] {dag.py:2280} INFO - Setting next_dagrun for example_task_group to 2021-05-06 00:00:00+00:00
[2021-05-08 07:21:44,415] {scheduler_job.py:190} INFO - Processing /home/airflow/.local/lib/python3.6/site-packages/airflow/example_dags/example_task_group.py took 0.095 seconds
[2021-05-08 07:22:15,058] {scheduler_job.py:182} INFO - Started process (PID=1754) to work on /home/airflow/.local/lib/python3.6/site-packages/airflow/example_dags/example_task_group.py
[2021-05-08 07:22:15,061] {scheduler_job.py:629} INFO - Processing file /home/airflow/.local/lib/python3.6/site-packages/airflow/example_dags/example_task_group.py for tasks to queue
[2021-05-08 07:22:15,063] {logging_mixin.py:104} INFO - [2021-05-08 07:22:15,062] {dagbag.py:451} INFO - Filling up the DagBag from /home/airflow/.local/lib/python3.6/site-packages/airflow/example_dags/example_task_group.py
[2021-05-08 07:22:15,082] {scheduler_job.py:639} INFO - DAG(s) dict_keys(['example_task_group']) retrieved from /home/airflow/.local/lib/python3.6/site-packages/airflow/example_dags/example_task_group.py
[2021-05-08 07:22:15,113] {logging_mixin.py:104} INFO - [2021-05-08 07:22:15,113] {dag.py:1824} INFO - Sync 1 DAGs
[2021-05-08 07:22:15,139] {logging_mixin.py:104} INFO - [2021-05-08 07:22:15,139] {dag.py:2280} INFO - Setting next_dagrun for example_task_group to 2021-05-06 00:00:00+00:00
[2021-05-08 07:22:15,153] {scheduler_job.py:190} INFO - Processing /home/airflow/.local/lib/python3.6/site-packages/airflow/example_dags/example_task_group.py took 0.100 seconds
[2021-05-08 07:22:45,681] {scheduler_job.py:182} INFO - Started process (PID=1781) to work on /home/airflow/.local/lib/python3.6/site-packages/airflow/example_dags/example_task_group.py
[2021-05-08 07:22:45,684] {scheduler_job.py:629} INFO - Processing file /home/airflow/.local/lib/python3.6/site-packages/airflow/example_dags/example_task_group.py for tasks to queue
[2021-05-08 07:22:45,686] {logging_mixin.py:104} INFO - [2021-05-08 07:22:45,685] {dagbag.py:451} INFO - Filling up the DagBag from /home/airflow/.local/lib/python3.6/site-packages/airflow/example_dags/example_task_group.py
[2021-05-08 07:22:45,703] {scheduler_job.py:639} INFO - DAG(s) dict_keys(['example_task_group']) retrieved from /home/airflow/.local/lib/python3.6/site-packages/airflow/example_dags/example_task_group.py
[2021-05-08 07:22:45,734] {logging_mixin.py:104} INFO - [2021-05-08 07:22:45,734] {dag.py:1824} INFO - Sync 1 DAGs
[2021-05-08 07:22:45,757] {logging_mixin.py:104} INFO - [2021-05-08 07:22:45,756] {dag.py:2280} INFO - Setting next_dagrun for example_task_group to 2021-05-06 00:00:00+00:00
[2021-05-08 07:22:45,770] {scheduler_job.py:190} INFO - Processing /home/airflow/.local/lib/python3.6/site-packages/airflow/example_dags/example_task_group.py took 0.093 seconds
[2021-05-08 07:23:16,267] {scheduler_job.py:182} INFO - Started process (PID=1808) to work on /home/airflow/.local/lib/python3.6/site-packages/airflow/example_dags/example_task_group.py
[2021-05-08 07:23:16,269] {scheduler_job.py:629} INFO - Processing file /home/airflow/.local/lib/python3.6/site-packages/airflow/example_dags/example_task_group.py for tasks to queue
[2021-05-08 07:23:16,271] {logging_mixin.py:104} INFO - [2021-05-08 07:23:16,271] {dagbag.py:451} INFO - Filling up the DagBag from /home/airflow/.local/lib/python3.6/site-packages/airflow/example_dags/example_task_group.py
[2021-05-08 07:23:16,287] {scheduler_job.py:639} INFO - DAG(s) dict_keys(['example_task_group']) retrieved from /home/airflow/.local/lib/python3.6/site-packages/airflow/example_dags/example_task_group.py
[2021-05-08 07:23:16,318] {logging_mixin.py:104} INFO - [2021-05-08 07:23:16,318] {dag.py:1824} INFO - Sync 1 DAGs
[2021-05-08 07:23:16,338] {logging_mixin.py:104} INFO - [2021-05-08 07:23:16,338] {dag.py:2280} INFO - Setting next_dagrun for example_task_group to 2021-05-06 00:00:00+00:00
[2021-05-08 07:23:16,351] {scheduler_job.py:190} INFO - Processing /home/airflow/.local/lib/python3.6/site-packages/airflow/example_dags/example_task_group.py took 0.089 seconds
[2021-05-08 07:23:46,719] {scheduler_job.py:182} INFO - Started process (PID=1835) to work on /home/airflow/.local/lib/python3.6/site-packages/airflow/example_dags/example_task_group.py
[2021-05-08 07:23:46,721] {scheduler_job.py:629} INFO - Processing file /home/airflow/.local/lib/python3.6/site-packages/airflow/example_dags/example_task_group.py for tasks to queue
[2021-05-08 07:23:46,723] {logging_mixin.py:104} INFO - [2021-05-08 07:23:46,723] {dagbag.py:451} INFO - Filling up the DagBag from /home/airflow/.local/lib/python3.6/site-packages/airflow/example_dags/example_task_group.py
[2021-05-08 07:23:46,740] {scheduler_job.py:639} INFO - DAG(s) dict_keys(['example_task_group']) retrieved from /home/airflow/.local/lib/python3.6/site-packages/airflow/example_dags/example_task_group.py
[2021-05-08 07:23:46,771] {logging_mixin.py:104} INFO - [2021-05-08 07:23:46,771] {dag.py:1824} INFO - Sync 1 DAGs
[2021-05-08 07:23:46,793] {logging_mixin.py:104} INFO - [2021-05-08 07:23:46,793] {dag.py:2280} INFO - Setting next_dagrun for example_task_group to 2021-05-06 00:00:00+00:00
[2021-05-08 07:23:46,806] {scheduler_job.py:190} INFO - Processing /home/airflow/.local/lib/python3.6/site-packages/airflow/example_dags/example_task_group.py took 0.093 seconds
[2021-05-08 07:24:17,332] {scheduler_job.py:182} INFO - Started process (PID=1862) to work on /home/airflow/.local/lib/python3.6/site-packages/airflow/example_dags/example_task_group.py
[2021-05-08 07:24:17,334] {scheduler_job.py:629} INFO - Processing file /home/airflow/.local/lib/python3.6/site-packages/airflow/example_dags/example_task_group.py for tasks to queue
[2021-05-08 07:24:17,336] {logging_mixin.py:104} INFO - [2021-05-08 07:24:17,336] {dagbag.py:451} INFO - Filling up the DagBag from /home/airflow/.local/lib/python3.6/site-packages/airflow/example_dags/example_task_group.py
[2021-05-08 07:24:17,352] {scheduler_job.py:639} INFO - DAG(s) dict_keys(['example_task_group']) retrieved from /home/airflow/.local/lib/python3.6/site-packages/airflow/example_dags/example_task_group.py
[2021-05-08 07:24:17,386] {logging_mixin.py:104} INFO - [2021-05-08 07:24:17,386] {dag.py:1824} INFO - Sync 1 DAGs
[2021-05-08 07:24:17,408] {logging_mixin.py:104} INFO - [2021-05-08 07:24:17,408] {dag.py:2280} INFO - Setting next_dagrun for example_task_group to 2021-05-06 00:00:00+00:00
[2021-05-08 07:24:17,421] {scheduler_job.py:190} INFO - Processing /home/airflow/.local/lib/python3.6/site-packages/airflow/example_dags/example_task_group.py took 0.094 seconds
[2021-05-08 07:24:47,917] {scheduler_job.py:182} INFO - Started process (PID=1889) to work on /home/airflow/.local/lib/python3.6/site-packages/airflow/example_dags/example_task_group.py
[2021-05-08 07:24:47,919] {scheduler_job.py:629} INFO - Processing file /home/airflow/.local/lib/python3.6/site-packages/airflow/example_dags/example_task_group.py for tasks to queue
[2021-05-08 07:24:47,921] {logging_mixin.py:104} INFO - [2021-05-08 07:24:47,921] {dagbag.py:451} INFO - Filling up the DagBag from /home/airflow/.local/lib/python3.6/site-packages/airflow/example_dags/example_task_group.py
[2021-05-08 07:24:47,937] {scheduler_job.py:639} INFO - DAG(s) dict_keys(['example_task_group']) retrieved from /home/airflow/.local/lib/python3.6/site-packages/airflow/example_dags/example_task_group.py
[2021-05-08 07:24:47,979] {logging_mixin.py:104} INFO - [2021-05-08 07:24:47,979] {dag.py:1824} INFO - Sync 1 DAGs
[2021-05-08 07:24:48,005] {logging_mixin.py:104} INFO - [2021-05-08 07:24:48,004] {dag.py:2280} INFO - Setting next_dagrun for example_task_group to 2021-05-06 00:00:00+00:00
[2021-05-08 07:24:48,021] {scheduler_job.py:190} INFO - Processing /home/airflow/.local/lib/python3.6/site-packages/airflow/example_dags/example_task_group.py took 0.111 seconds
[2021-05-08 07:25:18,670] {scheduler_job.py:182} INFO - Started process (PID=1916) to work on /home/airflow/.local/lib/python3.6/site-packages/airflow/example_dags/example_task_group.py
[2021-05-08 07:25:18,673] {scheduler_job.py:629} INFO - Processing file /home/airflow/.local/lib/python3.6/site-packages/airflow/example_dags/example_task_group.py for tasks to queue
[2021-05-08 07:25:18,674] {logging_mixin.py:104} INFO - [2021-05-08 07:25:18,674] {dagbag.py:451} INFO - Filling up the DagBag from /home/airflow/.local/lib/python3.6/site-packages/airflow/example_dags/example_task_group.py
[2021-05-08 07:25:18,691] {scheduler_job.py:639} INFO - DAG(s) dict_keys(['example_task_group']) retrieved from /home/airflow/.local/lib/python3.6/site-packages/airflow/example_dags/example_task_group.py
[2021-05-08 07:25:18,724] {logging_mixin.py:104} INFO - [2021-05-08 07:25:18,724] {dag.py:1824} INFO - Sync 1 DAGs
[2021-05-08 07:25:18,746] {logging_mixin.py:104} INFO - [2021-05-08 07:25:18,746] {dag.py:2280} INFO - Setting next_dagrun for example_task_group to 2021-05-06 00:00:00+00:00
[2021-05-08 07:25:18,765] {scheduler_job.py:190} INFO - Processing /home/airflow/.local/lib/python3.6/site-packages/airflow/example_dags/example_task_group.py took 0.100 seconds
[2021-05-08 07:25:49,276] {scheduler_job.py:182} INFO - Started process (PID=1943) to work on /home/airflow/.local/lib/python3.6/site-packages/airflow/example_dags/example_task_group.py
[2021-05-08 07:25:49,279] {scheduler_job.py:629} INFO - Processing file /home/airflow/.local/lib/python3.6/site-packages/airflow/example_dags/example_task_group.py for tasks to queue
[2021-05-08 07:25:49,281] {logging_mixin.py:104} INFO - [2021-05-08 07:25:49,281] {dagbag.py:451} INFO - Filling up the DagBag from /home/airflow/.local/lib/python3.6/site-packages/airflow/example_dags/example_task_group.py
[2021-05-08 07:25:49,312] {scheduler_job.py:639} INFO - DAG(s) dict_keys(['example_task_group']) retrieved from /home/airflow/.local/lib/python3.6/site-packages/airflow/example_dags/example_task_group.py
[2021-05-08 07:25:49,349] {logging_mixin.py:104} INFO - [2021-05-08 07:25:49,348] {dag.py:1824} INFO - Sync 1 DAGs
[2021-05-08 07:25:49,371] {logging_mixin.py:104} INFO - [2021-05-08 07:25:49,370] {dag.py:2280} INFO - Setting next_dagrun for example_task_group to 2021-05-06 00:00:00+00:00
[2021-05-08 07:25:49,384] {scheduler_job.py:190} INFO - Processing /home/airflow/.local/lib/python3.6/site-packages/airflow/example_dags/example_task_group.py took 0.114 seconds
[2021-05-08 07:26:19,973] {scheduler_job.py:182} INFO - Started process (PID=1970) to work on /home/airflow/.local/lib/python3.6/site-packages/airflow/example_dags/example_task_group.py
[2021-05-08 07:26:19,975] {scheduler_job.py:629} INFO - Processing file /home/airflow/.local/lib/python3.6/site-packages/airflow/example_dags/example_task_group.py for tasks to queue
[2021-05-08 07:26:19,977] {logging_mixin.py:104} INFO - [2021-05-08 07:26:19,977] {dagbag.py:451} INFO - Filling up the DagBag from /home/airflow/.local/lib/python3.6/site-packages/airflow/example_dags/example_task_group.py
[2021-05-08 07:26:19,994] {scheduler_job.py:639} INFO - DAG(s) dict_keys(['example_task_group']) retrieved from /home/airflow/.local/lib/python3.6/site-packages/airflow/example_dags/example_task_group.py
[2021-05-08 07:26:20,026] {logging_mixin.py:104} INFO - [2021-05-08 07:26:20,026] {dag.py:1824} INFO - Sync 1 DAGs
[2021-05-08 07:26:20,047] {logging_mixin.py:104} INFO - [2021-05-08 07:26:20,047] {dag.py:2280} INFO - Setting next_dagrun for example_task_group to 2021-05-06 00:00:00+00:00
[2021-05-08 07:26:20,073] {scheduler_job.py:190} INFO - Processing /home/airflow/.local/lib/python3.6/site-packages/airflow/example_dags/example_task_group.py took 0.105 seconds
[2021-05-08 07:26:50,634] {scheduler_job.py:182} INFO - Started process (PID=1997) to work on /home/airflow/.local/lib/python3.6/site-packages/airflow/example_dags/example_task_group.py
[2021-05-08 07:26:50,636] {scheduler_job.py:629} INFO - Processing file /home/airflow/.local/lib/python3.6/site-packages/airflow/example_dags/example_task_group.py for tasks to queue
[2021-05-08 07:26:50,638] {logging_mixin.py:104} INFO - [2021-05-08 07:26:50,638] {dagbag.py:451} INFO - Filling up the DagBag from /home/airflow/.local/lib/python3.6/site-packages/airflow/example_dags/example_task_group.py
[2021-05-08 07:26:50,653] {scheduler_job.py:639} INFO - DAG(s) dict_keys(['example_task_group']) retrieved from /home/airflow/.local/lib/python3.6/site-packages/airflow/example_dags/example_task_group.py
[2021-05-08 07:26:50,685] {logging_mixin.py:104} INFO - [2021-05-08 07:26:50,685] {dag.py:1824} INFO - Sync 1 DAGs
[2021-05-08 07:26:50,707] {logging_mixin.py:104} INFO - [2021-05-08 07:26:50,706] {dag.py:2280} INFO - Setting next_dagrun for example_task_group to 2021-05-06 00:00:00+00:00
[2021-05-08 07:26:50,719] {scheduler_job.py:190} INFO - Processing /home/airflow/.local/lib/python3.6/site-packages/airflow/example_dags/example_task_group.py took 0.090 seconds
