[2021-05-08 06:49:58,979] {scheduler_job.py:182} INFO - Started process (PID=47) to work on /home/airflow/.local/lib/python3.6/site-packages/airflow/example_dags/example_complex.py
[2021-05-08 06:49:58,984] {scheduler_job.py:629} INFO - Processing file /home/airflow/.local/lib/python3.6/site-packages/airflow/example_dags/example_complex.py for tasks to queue
[2021-05-08 06:49:58,988] {logging_mixin.py:104} INFO - [2021-05-08 06:49:58,987] {dagbag.py:451} INFO - Filling up the DagBag from /home/airflow/.local/lib/python3.6/site-packages/airflow/example_dags/example_complex.py
[2021-05-08 06:49:59,062] {scheduler_job.py:639} INFO - DAG(s) dict_keys(['example_complex']) retrieved from /home/airflow/.local/lib/python3.6/site-packages/airflow/example_dags/example_complex.py
[2021-05-08 06:49:59,219] {logging_mixin.py:104} INFO - [2021-05-08 06:49:59,219] {dag.py:1824} INFO - Sync 1 DAGs
[2021-05-08 06:49:59,421] {logging_mixin.py:104} INFO - [2021-05-08 06:49:59,420] {dag.py:2280} INFO - Setting next_dagrun for example_complex to None
[2021-05-08 06:49:59,461] {scheduler_job.py:190} INFO - Processing /home/airflow/.local/lib/python3.6/site-packages/airflow/example_dags/example_complex.py took 0.491 seconds
[2021-05-08 06:50:29,552] {scheduler_job.py:182} INFO - Started process (PID=75) to work on /home/airflow/.local/lib/python3.6/site-packages/airflow/example_dags/example_complex.py
[2021-05-08 06:50:29,554] {scheduler_job.py:629} INFO - Processing file /home/airflow/.local/lib/python3.6/site-packages/airflow/example_dags/example_complex.py for tasks to queue
[2021-05-08 06:50:29,556] {logging_mixin.py:104} INFO - [2021-05-08 06:50:29,556] {dagbag.py:451} INFO - Filling up the DagBag from /home/airflow/.local/lib/python3.6/site-packages/airflow/example_dags/example_complex.py
[2021-05-08 06:50:29,580] {scheduler_job.py:639} INFO - DAG(s) dict_keys(['example_complex']) retrieved from /home/airflow/.local/lib/python3.6/site-packages/airflow/example_dags/example_complex.py
[2021-05-08 06:50:29,616] {logging_mixin.py:104} INFO - [2021-05-08 06:50:29,616] {dag.py:1824} INFO - Sync 1 DAGs
[2021-05-08 06:50:29,636] {logging_mixin.py:104} INFO - [2021-05-08 06:50:29,636] {dag.py:2280} INFO - Setting next_dagrun for example_complex to None
[2021-05-08 06:50:29,651] {scheduler_job.py:190} INFO - Processing /home/airflow/.local/lib/python3.6/site-packages/airflow/example_dags/example_complex.py took 0.104 seconds
[2021-05-08 06:51:00,112] {scheduler_job.py:182} INFO - Started process (PID=98) to work on /home/airflow/.local/lib/python3.6/site-packages/airflow/example_dags/example_complex.py
[2021-05-08 06:51:00,115] {scheduler_job.py:629} INFO - Processing file /home/airflow/.local/lib/python3.6/site-packages/airflow/example_dags/example_complex.py for tasks to queue
[2021-05-08 06:51:00,117] {logging_mixin.py:104} INFO - [2021-05-08 06:51:00,117] {dagbag.py:451} INFO - Filling up the DagBag from /home/airflow/.local/lib/python3.6/site-packages/airflow/example_dags/example_complex.py
[2021-05-08 06:51:00,142] {scheduler_job.py:639} INFO - DAG(s) dict_keys(['example_complex']) retrieved from /home/airflow/.local/lib/python3.6/site-packages/airflow/example_dags/example_complex.py
[2021-05-08 06:51:00,180] {logging_mixin.py:104} INFO - [2021-05-08 06:51:00,180] {dag.py:1824} INFO - Sync 1 DAGs
[2021-05-08 06:51:00,202] {logging_mixin.py:104} INFO - [2021-05-08 06:51:00,202] {dag.py:2280} INFO - Setting next_dagrun for example_complex to None
[2021-05-08 06:51:00,219] {scheduler_job.py:190} INFO - Processing /home/airflow/.local/lib/python3.6/site-packages/airflow/example_dags/example_complex.py took 0.110 seconds
[2021-05-08 06:51:30,864] {scheduler_job.py:182} INFO - Started process (PID=125) to work on /home/airflow/.local/lib/python3.6/site-packages/airflow/example_dags/example_complex.py
[2021-05-08 06:51:30,867] {scheduler_job.py:629} INFO - Processing file /home/airflow/.local/lib/python3.6/site-packages/airflow/example_dags/example_complex.py for tasks to queue
[2021-05-08 06:51:30,869] {logging_mixin.py:104} INFO - [2021-05-08 06:51:30,869] {dagbag.py:451} INFO - Filling up the DagBag from /home/airflow/.local/lib/python3.6/site-packages/airflow/example_dags/example_complex.py
[2021-05-08 06:51:30,897] {scheduler_job.py:639} INFO - DAG(s) dict_keys(['example_complex']) retrieved from /home/airflow/.local/lib/python3.6/site-packages/airflow/example_dags/example_complex.py
[2021-05-08 06:51:30,941] {logging_mixin.py:104} INFO - [2021-05-08 06:51:30,941] {dag.py:1824} INFO - Sync 1 DAGs
[2021-05-08 06:51:30,963] {logging_mixin.py:104} INFO - [2021-05-08 06:51:30,963] {dag.py:2280} INFO - Setting next_dagrun for example_complex to None
[2021-05-08 06:51:30,979] {scheduler_job.py:190} INFO - Processing /home/airflow/.local/lib/python3.6/site-packages/airflow/example_dags/example_complex.py took 0.120 seconds
[2021-05-08 06:52:01,608] {scheduler_job.py:182} INFO - Started process (PID=152) to work on /home/airflow/.local/lib/python3.6/site-packages/airflow/example_dags/example_complex.py
[2021-05-08 06:52:01,611] {scheduler_job.py:629} INFO - Processing file /home/airflow/.local/lib/python3.6/site-packages/airflow/example_dags/example_complex.py for tasks to queue
[2021-05-08 06:52:01,612] {logging_mixin.py:104} INFO - [2021-05-08 06:52:01,612] {dagbag.py:451} INFO - Filling up the DagBag from /home/airflow/.local/lib/python3.6/site-packages/airflow/example_dags/example_complex.py
[2021-05-08 06:52:01,635] {scheduler_job.py:639} INFO - DAG(s) dict_keys(['example_complex']) retrieved from /home/airflow/.local/lib/python3.6/site-packages/airflow/example_dags/example_complex.py
[2021-05-08 06:52:01,672] {logging_mixin.py:104} INFO - [2021-05-08 06:52:01,671] {dag.py:1824} INFO - Sync 1 DAGs
[2021-05-08 06:52:01,694] {logging_mixin.py:104} INFO - [2021-05-08 06:52:01,693] {dag.py:2280} INFO - Setting next_dagrun for example_complex to None
[2021-05-08 06:52:01,708] {scheduler_job.py:190} INFO - Processing /home/airflow/.local/lib/python3.6/site-packages/airflow/example_dags/example_complex.py took 0.104 seconds
[2021-05-08 06:52:32,107] {scheduler_job.py:182} INFO - Started process (PID=179) to work on /home/airflow/.local/lib/python3.6/site-packages/airflow/example_dags/example_complex.py
[2021-05-08 06:52:32,110] {scheduler_job.py:629} INFO - Processing file /home/airflow/.local/lib/python3.6/site-packages/airflow/example_dags/example_complex.py for tasks to queue
[2021-05-08 06:52:32,111] {logging_mixin.py:104} INFO - [2021-05-08 06:52:32,111] {dagbag.py:451} INFO - Filling up the DagBag from /home/airflow/.local/lib/python3.6/site-packages/airflow/example_dags/example_complex.py
[2021-05-08 06:52:32,138] {scheduler_job.py:639} INFO - DAG(s) dict_keys(['example_complex']) retrieved from /home/airflow/.local/lib/python3.6/site-packages/airflow/example_dags/example_complex.py
[2021-05-08 06:52:32,173] {logging_mixin.py:104} INFO - [2021-05-08 06:52:32,173] {dag.py:1824} INFO - Sync 1 DAGs
[2021-05-08 06:52:32,195] {logging_mixin.py:104} INFO - [2021-05-08 06:52:32,194] {dag.py:2280} INFO - Setting next_dagrun for example_complex to None
[2021-05-08 06:52:32,209] {scheduler_job.py:190} INFO - Processing /home/airflow/.local/lib/python3.6/site-packages/airflow/example_dags/example_complex.py took 0.106 seconds
[2021-05-08 06:53:02,775] {scheduler_job.py:182} INFO - Started process (PID=206) to work on /home/airflow/.local/lib/python3.6/site-packages/airflow/example_dags/example_complex.py
[2021-05-08 06:53:02,778] {scheduler_job.py:629} INFO - Processing file /home/airflow/.local/lib/python3.6/site-packages/airflow/example_dags/example_complex.py for tasks to queue
[2021-05-08 06:53:02,780] {logging_mixin.py:104} INFO - [2021-05-08 06:53:02,779] {dagbag.py:451} INFO - Filling up the DagBag from /home/airflow/.local/lib/python3.6/site-packages/airflow/example_dags/example_complex.py
[2021-05-08 06:53:02,803] {scheduler_job.py:639} INFO - DAG(s) dict_keys(['example_complex']) retrieved from /home/airflow/.local/lib/python3.6/site-packages/airflow/example_dags/example_complex.py
[2021-05-08 06:53:02,847] {logging_mixin.py:104} INFO - [2021-05-08 06:53:02,847] {dag.py:1824} INFO - Sync 1 DAGs
[2021-05-08 06:53:02,870] {logging_mixin.py:104} INFO - [2021-05-08 06:53:02,870] {dag.py:2280} INFO - Setting next_dagrun for example_complex to None
[2021-05-08 06:53:02,887] {scheduler_job.py:190} INFO - Processing /home/airflow/.local/lib/python3.6/site-packages/airflow/example_dags/example_complex.py took 0.116 seconds
[2021-05-08 06:53:33,441] {scheduler_job.py:182} INFO - Started process (PID=233) to work on /home/airflow/.local/lib/python3.6/site-packages/airflow/example_dags/example_complex.py
[2021-05-08 06:53:33,445] {scheduler_job.py:629} INFO - Processing file /home/airflow/.local/lib/python3.6/site-packages/airflow/example_dags/example_complex.py for tasks to queue
[2021-05-08 06:53:33,446] {logging_mixin.py:104} INFO - [2021-05-08 06:53:33,446] {dagbag.py:451} INFO - Filling up the DagBag from /home/airflow/.local/lib/python3.6/site-packages/airflow/example_dags/example_complex.py
[2021-05-08 06:53:33,477] {scheduler_job.py:639} INFO - DAG(s) dict_keys(['example_complex']) retrieved from /home/airflow/.local/lib/python3.6/site-packages/airflow/example_dags/example_complex.py
[2021-05-08 06:53:33,522] {logging_mixin.py:104} INFO - [2021-05-08 06:53:33,521] {dag.py:1824} INFO - Sync 1 DAGs
[2021-05-08 06:53:33,563] {logging_mixin.py:104} INFO - [2021-05-08 06:53:33,563] {dag.py:2280} INFO - Setting next_dagrun for example_complex to None
[2021-05-08 06:53:33,577] {scheduler_job.py:190} INFO - Processing /home/airflow/.local/lib/python3.6/site-packages/airflow/example_dags/example_complex.py took 0.140 seconds
[2021-05-08 06:54:04,045] {scheduler_job.py:182} INFO - Started process (PID=260) to work on /home/airflow/.local/lib/python3.6/site-packages/airflow/example_dags/example_complex.py
[2021-05-08 06:54:04,047] {scheduler_job.py:629} INFO - Processing file /home/airflow/.local/lib/python3.6/site-packages/airflow/example_dags/example_complex.py for tasks to queue
[2021-05-08 06:54:04,049] {logging_mixin.py:104} INFO - [2021-05-08 06:54:04,048] {dagbag.py:451} INFO - Filling up the DagBag from /home/airflow/.local/lib/python3.6/site-packages/airflow/example_dags/example_complex.py
[2021-05-08 06:54:04,074] {scheduler_job.py:639} INFO - DAG(s) dict_keys(['example_complex']) retrieved from /home/airflow/.local/lib/python3.6/site-packages/airflow/example_dags/example_complex.py
[2021-05-08 06:54:04,108] {logging_mixin.py:104} INFO - [2021-05-08 06:54:04,107] {dag.py:1824} INFO - Sync 1 DAGs
[2021-05-08 06:54:04,127] {logging_mixin.py:104} INFO - [2021-05-08 06:54:04,127] {dag.py:2280} INFO - Setting next_dagrun for example_complex to None
[2021-05-08 06:54:04,143] {scheduler_job.py:190} INFO - Processing /home/airflow/.local/lib/python3.6/site-packages/airflow/example_dags/example_complex.py took 0.102 seconds
[2021-05-08 06:54:34,871] {scheduler_job.py:182} INFO - Started process (PID=287) to work on /home/airflow/.local/lib/python3.6/site-packages/airflow/example_dags/example_complex.py
[2021-05-08 06:54:34,873] {scheduler_job.py:629} INFO - Processing file /home/airflow/.local/lib/python3.6/site-packages/airflow/example_dags/example_complex.py for tasks to queue
[2021-05-08 06:54:34,876] {logging_mixin.py:104} INFO - [2021-05-08 06:54:34,876] {dagbag.py:451} INFO - Filling up the DagBag from /home/airflow/.local/lib/python3.6/site-packages/airflow/example_dags/example_complex.py
[2021-05-08 06:54:34,898] {scheduler_job.py:639} INFO - DAG(s) dict_keys(['example_complex']) retrieved from /home/airflow/.local/lib/python3.6/site-packages/airflow/example_dags/example_complex.py
[2021-05-08 06:54:34,932] {logging_mixin.py:104} INFO - [2021-05-08 06:54:34,931] {dag.py:1824} INFO - Sync 1 DAGs
[2021-05-08 06:54:34,952] {logging_mixin.py:104} INFO - [2021-05-08 06:54:34,952] {dag.py:2280} INFO - Setting next_dagrun for example_complex to None
[2021-05-08 06:54:34,967] {scheduler_job.py:190} INFO - Processing /home/airflow/.local/lib/python3.6/site-packages/airflow/example_dags/example_complex.py took 0.101 seconds
[2021-05-08 06:55:05,734] {scheduler_job.py:182} INFO - Started process (PID=314) to work on /home/airflow/.local/lib/python3.6/site-packages/airflow/example_dags/example_complex.py
[2021-05-08 06:55:05,736] {scheduler_job.py:629} INFO - Processing file /home/airflow/.local/lib/python3.6/site-packages/airflow/example_dags/example_complex.py for tasks to queue
[2021-05-08 06:55:05,737] {logging_mixin.py:104} INFO - [2021-05-08 06:55:05,737] {dagbag.py:451} INFO - Filling up the DagBag from /home/airflow/.local/lib/python3.6/site-packages/airflow/example_dags/example_complex.py
[2021-05-08 06:55:05,767] {scheduler_job.py:639} INFO - DAG(s) dict_keys(['example_complex']) retrieved from /home/airflow/.local/lib/python3.6/site-packages/airflow/example_dags/example_complex.py
[2021-05-08 06:55:05,805] {logging_mixin.py:104} INFO - [2021-05-08 06:55:05,805] {dag.py:1824} INFO - Sync 1 DAGs
[2021-05-08 06:55:05,827] {logging_mixin.py:104} INFO - [2021-05-08 06:55:05,827] {dag.py:2280} INFO - Setting next_dagrun for example_complex to None
[2021-05-08 06:55:05,845] {scheduler_job.py:190} INFO - Processing /home/airflow/.local/lib/python3.6/site-packages/airflow/example_dags/example_complex.py took 0.115 seconds
[2021-05-08 06:55:36,174] {scheduler_job.py:182} INFO - Started process (PID=341) to work on /home/airflow/.local/lib/python3.6/site-packages/airflow/example_dags/example_complex.py
[2021-05-08 06:55:36,177] {scheduler_job.py:629} INFO - Processing file /home/airflow/.local/lib/python3.6/site-packages/airflow/example_dags/example_complex.py for tasks to queue
[2021-05-08 06:55:36,180] {logging_mixin.py:104} INFO - [2021-05-08 06:55:36,180] {dagbag.py:451} INFO - Filling up the DagBag from /home/airflow/.local/lib/python3.6/site-packages/airflow/example_dags/example_complex.py
[2021-05-08 06:55:36,203] {scheduler_job.py:639} INFO - DAG(s) dict_keys(['example_complex']) retrieved from /home/airflow/.local/lib/python3.6/site-packages/airflow/example_dags/example_complex.py
[2021-05-08 06:55:36,242] {logging_mixin.py:104} INFO - [2021-05-08 06:55:36,241] {dag.py:1824} INFO - Sync 1 DAGs
[2021-05-08 06:55:36,263] {logging_mixin.py:104} INFO - [2021-05-08 06:55:36,263] {dag.py:2280} INFO - Setting next_dagrun for example_complex to None
[2021-05-08 06:55:36,278] {scheduler_job.py:190} INFO - Processing /home/airflow/.local/lib/python3.6/site-packages/airflow/example_dags/example_complex.py took 0.109 seconds
[2021-05-08 06:56:06,775] {scheduler_job.py:182} INFO - Started process (PID=368) to work on /home/airflow/.local/lib/python3.6/site-packages/airflow/example_dags/example_complex.py
[2021-05-08 06:56:06,778] {scheduler_job.py:629} INFO - Processing file /home/airflow/.local/lib/python3.6/site-packages/airflow/example_dags/example_complex.py for tasks to queue
[2021-05-08 06:56:06,780] {logging_mixin.py:104} INFO - [2021-05-08 06:56:06,780] {dagbag.py:451} INFO - Filling up the DagBag from /home/airflow/.local/lib/python3.6/site-packages/airflow/example_dags/example_complex.py
[2021-05-08 06:56:06,808] {scheduler_job.py:639} INFO - DAG(s) dict_keys(['example_complex']) retrieved from /home/airflow/.local/lib/python3.6/site-packages/airflow/example_dags/example_complex.py
[2021-05-08 06:56:06,844] {logging_mixin.py:104} INFO - [2021-05-08 06:56:06,844] {dag.py:1824} INFO - Sync 1 DAGs
[2021-05-08 06:56:06,867] {logging_mixin.py:104} INFO - [2021-05-08 06:56:06,867] {dag.py:2280} INFO - Setting next_dagrun for example_complex to None
[2021-05-08 06:56:06,884] {scheduler_job.py:190} INFO - Processing /home/airflow/.local/lib/python3.6/site-packages/airflow/example_dags/example_complex.py took 0.113 seconds
[2021-05-08 06:56:37,366] {scheduler_job.py:182} INFO - Started process (PID=395) to work on /home/airflow/.local/lib/python3.6/site-packages/airflow/example_dags/example_complex.py
[2021-05-08 06:56:37,368] {scheduler_job.py:629} INFO - Processing file /home/airflow/.local/lib/python3.6/site-packages/airflow/example_dags/example_complex.py for tasks to queue
[2021-05-08 06:56:37,370] {logging_mixin.py:104} INFO - [2021-05-08 06:56:37,370] {dagbag.py:451} INFO - Filling up the DagBag from /home/airflow/.local/lib/python3.6/site-packages/airflow/example_dags/example_complex.py
[2021-05-08 06:56:37,394] {scheduler_job.py:639} INFO - DAG(s) dict_keys(['example_complex']) retrieved from /home/airflow/.local/lib/python3.6/site-packages/airflow/example_dags/example_complex.py
[2021-05-08 06:56:37,428] {logging_mixin.py:104} INFO - [2021-05-08 06:56:37,428] {dag.py:1824} INFO - Sync 1 DAGs
[2021-05-08 06:56:37,448] {logging_mixin.py:104} INFO - [2021-05-08 06:56:37,448] {dag.py:2280} INFO - Setting next_dagrun for example_complex to None
[2021-05-08 06:56:37,465] {scheduler_job.py:190} INFO - Processing /home/airflow/.local/lib/python3.6/site-packages/airflow/example_dags/example_complex.py took 0.103 seconds
[2021-05-08 06:57:08,087] {scheduler_job.py:182} INFO - Started process (PID=422) to work on /home/airflow/.local/lib/python3.6/site-packages/airflow/example_dags/example_complex.py
[2021-05-08 06:57:08,091] {scheduler_job.py:629} INFO - Processing file /home/airflow/.local/lib/python3.6/site-packages/airflow/example_dags/example_complex.py for tasks to queue
[2021-05-08 06:57:08,093] {logging_mixin.py:104} INFO - [2021-05-08 06:57:08,093] {dagbag.py:451} INFO - Filling up the DagBag from /home/airflow/.local/lib/python3.6/site-packages/airflow/example_dags/example_complex.py
[2021-05-08 06:57:08,118] {scheduler_job.py:639} INFO - DAG(s) dict_keys(['example_complex']) retrieved from /home/airflow/.local/lib/python3.6/site-packages/airflow/example_dags/example_complex.py
[2021-05-08 06:57:08,219] {logging_mixin.py:104} INFO - [2021-05-08 06:57:08,219] {dag.py:1824} INFO - Sync 1 DAGs
[2021-05-08 06:57:08,249] {logging_mixin.py:104} INFO - [2021-05-08 06:57:08,249] {dag.py:2280} INFO - Setting next_dagrun for example_complex to None
[2021-05-08 06:57:08,267] {scheduler_job.py:190} INFO - Processing /home/airflow/.local/lib/python3.6/site-packages/airflow/example_dags/example_complex.py took 0.185 seconds
[2021-05-08 06:57:38,880] {scheduler_job.py:182} INFO - Started process (PID=449) to work on /home/airflow/.local/lib/python3.6/site-packages/airflow/example_dags/example_complex.py
[2021-05-08 06:57:38,883] {scheduler_job.py:629} INFO - Processing file /home/airflow/.local/lib/python3.6/site-packages/airflow/example_dags/example_complex.py for tasks to queue
[2021-05-08 06:57:38,885] {logging_mixin.py:104} INFO - [2021-05-08 06:57:38,885] {dagbag.py:451} INFO - Filling up the DagBag from /home/airflow/.local/lib/python3.6/site-packages/airflow/example_dags/example_complex.py
[2021-05-08 06:57:38,917] {scheduler_job.py:639} INFO - DAG(s) dict_keys(['example_complex']) retrieved from /home/airflow/.local/lib/python3.6/site-packages/airflow/example_dags/example_complex.py
[2021-05-08 06:57:38,969] {logging_mixin.py:104} INFO - [2021-05-08 06:57:38,969] {dag.py:1824} INFO - Sync 1 DAGs
[2021-05-08 06:57:39,012] {logging_mixin.py:104} INFO - [2021-05-08 06:57:39,012] {dag.py:2280} INFO - Setting next_dagrun for example_complex to None
[2021-05-08 06:57:39,030] {scheduler_job.py:190} INFO - Processing /home/airflow/.local/lib/python3.6/site-packages/airflow/example_dags/example_complex.py took 0.156 seconds
[2021-05-08 06:58:09,683] {scheduler_job.py:182} INFO - Started process (PID=476) to work on /home/airflow/.local/lib/python3.6/site-packages/airflow/example_dags/example_complex.py
[2021-05-08 06:58:09,686] {scheduler_job.py:629} INFO - Processing file /home/airflow/.local/lib/python3.6/site-packages/airflow/example_dags/example_complex.py for tasks to queue
[2021-05-08 06:58:09,687] {logging_mixin.py:104} INFO - [2021-05-08 06:58:09,687] {dagbag.py:451} INFO - Filling up the DagBag from /home/airflow/.local/lib/python3.6/site-packages/airflow/example_dags/example_complex.py
[2021-05-08 06:58:09,728] {scheduler_job.py:639} INFO - DAG(s) dict_keys(['example_complex']) retrieved from /home/airflow/.local/lib/python3.6/site-packages/airflow/example_dags/example_complex.py
[2021-05-08 06:58:09,773] {logging_mixin.py:104} INFO - [2021-05-08 06:58:09,773] {dag.py:1824} INFO - Sync 1 DAGs
[2021-05-08 06:58:09,802] {logging_mixin.py:104} INFO - [2021-05-08 06:58:09,802] {dag.py:2280} INFO - Setting next_dagrun for example_complex to None
[2021-05-08 06:58:09,827] {scheduler_job.py:190} INFO - Processing /home/airflow/.local/lib/python3.6/site-packages/airflow/example_dags/example_complex.py took 0.148 seconds
[2021-05-08 06:58:40,538] {scheduler_job.py:182} INFO - Started process (PID=503) to work on /home/airflow/.local/lib/python3.6/site-packages/airflow/example_dags/example_complex.py
[2021-05-08 06:58:40,540] {scheduler_job.py:629} INFO - Processing file /home/airflow/.local/lib/python3.6/site-packages/airflow/example_dags/example_complex.py for tasks to queue
[2021-05-08 06:58:40,542] {logging_mixin.py:104} INFO - [2021-05-08 06:58:40,542] {dagbag.py:451} INFO - Filling up the DagBag from /home/airflow/.local/lib/python3.6/site-packages/airflow/example_dags/example_complex.py
[2021-05-08 06:58:40,565] {scheduler_job.py:639} INFO - DAG(s) dict_keys(['example_complex']) retrieved from /home/airflow/.local/lib/python3.6/site-packages/airflow/example_dags/example_complex.py
[2021-05-08 06:58:40,611] {logging_mixin.py:104} INFO - [2021-05-08 06:58:40,611] {dag.py:1824} INFO - Sync 1 DAGs
[2021-05-08 06:58:40,636] {logging_mixin.py:104} INFO - [2021-05-08 06:58:40,636] {dag.py:2280} INFO - Setting next_dagrun for example_complex to None
[2021-05-08 06:58:40,648] {scheduler_job.py:190} INFO - Processing /home/airflow/.local/lib/python3.6/site-packages/airflow/example_dags/example_complex.py took 0.114 seconds
[2021-05-08 06:59:11,270] {scheduler_job.py:182} INFO - Started process (PID=530) to work on /home/airflow/.local/lib/python3.6/site-packages/airflow/example_dags/example_complex.py
[2021-05-08 06:59:11,273] {scheduler_job.py:629} INFO - Processing file /home/airflow/.local/lib/python3.6/site-packages/airflow/example_dags/example_complex.py for tasks to queue
[2021-05-08 06:59:11,275] {logging_mixin.py:104} INFO - [2021-05-08 06:59:11,275] {dagbag.py:451} INFO - Filling up the DagBag from /home/airflow/.local/lib/python3.6/site-packages/airflow/example_dags/example_complex.py
[2021-05-08 06:59:11,299] {scheduler_job.py:639} INFO - DAG(s) dict_keys(['example_complex']) retrieved from /home/airflow/.local/lib/python3.6/site-packages/airflow/example_dags/example_complex.py
[2021-05-08 06:59:11,343] {logging_mixin.py:104} INFO - [2021-05-08 06:59:11,342] {dag.py:1824} INFO - Sync 1 DAGs
[2021-05-08 06:59:11,366] {logging_mixin.py:104} INFO - [2021-05-08 06:59:11,366] {dag.py:2280} INFO - Setting next_dagrun for example_complex to None
[2021-05-08 06:59:11,381] {scheduler_job.py:190} INFO - Processing /home/airflow/.local/lib/python3.6/site-packages/airflow/example_dags/example_complex.py took 0.117 seconds
[2021-05-08 06:59:42,326] {scheduler_job.py:182} INFO - Started process (PID=557) to work on /home/airflow/.local/lib/python3.6/site-packages/airflow/example_dags/example_complex.py
[2021-05-08 06:59:42,328] {scheduler_job.py:629} INFO - Processing file /home/airflow/.local/lib/python3.6/site-packages/airflow/example_dags/example_complex.py for tasks to queue
[2021-05-08 06:59:42,330] {logging_mixin.py:104} INFO - [2021-05-08 06:59:42,330] {dagbag.py:451} INFO - Filling up the DagBag from /home/airflow/.local/lib/python3.6/site-packages/airflow/example_dags/example_complex.py
[2021-05-08 06:59:42,354] {scheduler_job.py:639} INFO - DAG(s) dict_keys(['example_complex']) retrieved from /home/airflow/.local/lib/python3.6/site-packages/airflow/example_dags/example_complex.py
[2021-05-08 06:59:42,390] {logging_mixin.py:104} INFO - [2021-05-08 06:59:42,390] {dag.py:1824} INFO - Sync 1 DAGs
[2021-05-08 06:59:42,415] {logging_mixin.py:104} INFO - [2021-05-08 06:59:42,415] {dag.py:2280} INFO - Setting next_dagrun for example_complex to None
[2021-05-08 06:59:42,447] {scheduler_job.py:190} INFO - Processing /home/airflow/.local/lib/python3.6/site-packages/airflow/example_dags/example_complex.py took 0.126 seconds
[2021-05-08 07:00:12,585] {scheduler_job.py:182} INFO - Started process (PID=585) to work on /home/airflow/.local/lib/python3.6/site-packages/airflow/example_dags/example_complex.py
[2021-05-08 07:00:12,587] {scheduler_job.py:629} INFO - Processing file /home/airflow/.local/lib/python3.6/site-packages/airflow/example_dags/example_complex.py for tasks to queue
[2021-05-08 07:00:12,588] {logging_mixin.py:104} INFO - [2021-05-08 07:00:12,588] {dagbag.py:451} INFO - Filling up the DagBag from /home/airflow/.local/lib/python3.6/site-packages/airflow/example_dags/example_complex.py
[2021-05-08 07:00:12,612] {scheduler_job.py:639} INFO - DAG(s) dict_keys(['example_complex']) retrieved from /home/airflow/.local/lib/python3.6/site-packages/airflow/example_dags/example_complex.py
[2021-05-08 07:00:12,650] {logging_mixin.py:104} INFO - [2021-05-08 07:00:12,650] {dag.py:1824} INFO - Sync 1 DAGs
[2021-05-08 07:00:12,671] {logging_mixin.py:104} INFO - [2021-05-08 07:00:12,671] {dag.py:2280} INFO - Setting next_dagrun for example_complex to None
[2021-05-08 07:00:12,685] {scheduler_job.py:190} INFO - Processing /home/airflow/.local/lib/python3.6/site-packages/airflow/example_dags/example_complex.py took 0.105 seconds
[2021-05-08 07:00:42,757] {scheduler_job.py:182} INFO - Started process (PID=612) to work on /home/airflow/.local/lib/python3.6/site-packages/airflow/example_dags/example_complex.py
[2021-05-08 07:00:42,759] {scheduler_job.py:629} INFO - Processing file /home/airflow/.local/lib/python3.6/site-packages/airflow/example_dags/example_complex.py for tasks to queue
[2021-05-08 07:00:42,760] {logging_mixin.py:104} INFO - [2021-05-08 07:00:42,760] {dagbag.py:451} INFO - Filling up the DagBag from /home/airflow/.local/lib/python3.6/site-packages/airflow/example_dags/example_complex.py
[2021-05-08 07:00:42,783] {scheduler_job.py:639} INFO - DAG(s) dict_keys(['example_complex']) retrieved from /home/airflow/.local/lib/python3.6/site-packages/airflow/example_dags/example_complex.py
[2021-05-08 07:00:42,822] {logging_mixin.py:104} INFO - [2021-05-08 07:00:42,822] {dag.py:1824} INFO - Sync 1 DAGs
[2021-05-08 07:00:42,842] {logging_mixin.py:104} INFO - [2021-05-08 07:00:42,842] {dag.py:2280} INFO - Setting next_dagrun for example_complex to None
[2021-05-08 07:00:42,857] {scheduler_job.py:190} INFO - Processing /home/airflow/.local/lib/python3.6/site-packages/airflow/example_dags/example_complex.py took 0.104 seconds
[2021-05-08 07:01:12,944] {scheduler_job.py:182} INFO - Started process (PID=639) to work on /home/airflow/.local/lib/python3.6/site-packages/airflow/example_dags/example_complex.py
[2021-05-08 07:01:12,946] {scheduler_job.py:629} INFO - Processing file /home/airflow/.local/lib/python3.6/site-packages/airflow/example_dags/example_complex.py for tasks to queue
[2021-05-08 07:01:12,948] {logging_mixin.py:104} INFO - [2021-05-08 07:01:12,948] {dagbag.py:451} INFO - Filling up the DagBag from /home/airflow/.local/lib/python3.6/site-packages/airflow/example_dags/example_complex.py
[2021-05-08 07:01:12,973] {scheduler_job.py:639} INFO - DAG(s) dict_keys(['example_complex']) retrieved from /home/airflow/.local/lib/python3.6/site-packages/airflow/example_dags/example_complex.py
[2021-05-08 07:01:13,015] {logging_mixin.py:104} INFO - [2021-05-08 07:01:13,015] {dag.py:1824} INFO - Sync 1 DAGs
[2021-05-08 07:01:13,037] {logging_mixin.py:104} INFO - [2021-05-08 07:01:13,037] {dag.py:2280} INFO - Setting next_dagrun for example_complex to None
[2021-05-08 07:01:13,052] {scheduler_job.py:190} INFO - Processing /home/airflow/.local/lib/python3.6/site-packages/airflow/example_dags/example_complex.py took 0.112 seconds
[2021-05-08 07:01:43,321] {scheduler_job.py:182} INFO - Started process (PID=660) to work on /home/airflow/.local/lib/python3.6/site-packages/airflow/example_dags/example_complex.py
[2021-05-08 07:01:43,324] {scheduler_job.py:629} INFO - Processing file /home/airflow/.local/lib/python3.6/site-packages/airflow/example_dags/example_complex.py for tasks to queue
[2021-05-08 07:01:43,326] {logging_mixin.py:104} INFO - [2021-05-08 07:01:43,325] {dagbag.py:451} INFO - Filling up the DagBag from /home/airflow/.local/lib/python3.6/site-packages/airflow/example_dags/example_complex.py
[2021-05-08 07:01:43,349] {scheduler_job.py:639} INFO - DAG(s) dict_keys(['example_complex']) retrieved from /home/airflow/.local/lib/python3.6/site-packages/airflow/example_dags/example_complex.py
[2021-05-08 07:01:43,387] {logging_mixin.py:104} INFO - [2021-05-08 07:01:43,387] {dag.py:1824} INFO - Sync 1 DAGs
[2021-05-08 07:01:43,408] {logging_mixin.py:104} INFO - [2021-05-08 07:01:43,408] {dag.py:2280} INFO - Setting next_dagrun for example_complex to None
[2021-05-08 07:01:43,425] {scheduler_job.py:190} INFO - Processing /home/airflow/.local/lib/python3.6/site-packages/airflow/example_dags/example_complex.py took 0.108 seconds
[2021-05-08 07:02:14,109] {scheduler_job.py:182} INFO - Started process (PID=687) to work on /home/airflow/.local/lib/python3.6/site-packages/airflow/example_dags/example_complex.py
[2021-05-08 07:02:14,113] {scheduler_job.py:629} INFO - Processing file /home/airflow/.local/lib/python3.6/site-packages/airflow/example_dags/example_complex.py for tasks to queue
[2021-05-08 07:02:14,115] {logging_mixin.py:104} INFO - [2021-05-08 07:02:14,115] {dagbag.py:451} INFO - Filling up the DagBag from /home/airflow/.local/lib/python3.6/site-packages/airflow/example_dags/example_complex.py
[2021-05-08 07:02:14,141] {scheduler_job.py:639} INFO - DAG(s) dict_keys(['example_complex']) retrieved from /home/airflow/.local/lib/python3.6/site-packages/airflow/example_dags/example_complex.py
[2021-05-08 07:02:14,180] {logging_mixin.py:104} INFO - [2021-05-08 07:02:14,180] {dag.py:1824} INFO - Sync 1 DAGs
[2021-05-08 07:02:14,203] {logging_mixin.py:104} INFO - [2021-05-08 07:02:14,203] {dag.py:2280} INFO - Setting next_dagrun for example_complex to None
[2021-05-08 07:02:14,220] {scheduler_job.py:190} INFO - Processing /home/airflow/.local/lib/python3.6/site-packages/airflow/example_dags/example_complex.py took 0.116 seconds
[2021-05-08 07:02:44,872] {scheduler_job.py:182} INFO - Started process (PID=714) to work on /home/airflow/.local/lib/python3.6/site-packages/airflow/example_dags/example_complex.py
[2021-05-08 07:02:44,876] {scheduler_job.py:629} INFO - Processing file /home/airflow/.local/lib/python3.6/site-packages/airflow/example_dags/example_complex.py for tasks to queue
[2021-05-08 07:02:44,883] {logging_mixin.py:104} INFO - [2021-05-08 07:02:44,882] {dagbag.py:451} INFO - Filling up the DagBag from /home/airflow/.local/lib/python3.6/site-packages/airflow/example_dags/example_complex.py
[2021-05-08 07:02:44,926] {scheduler_job.py:639} INFO - DAG(s) dict_keys(['example_complex']) retrieved from /home/airflow/.local/lib/python3.6/site-packages/airflow/example_dags/example_complex.py
[2021-05-08 07:02:44,993] {logging_mixin.py:104} INFO - [2021-05-08 07:02:44,992] {dag.py:1824} INFO - Sync 1 DAGs
[2021-05-08 07:02:45,026] {logging_mixin.py:104} INFO - [2021-05-08 07:02:45,025] {dag.py:2280} INFO - Setting next_dagrun for example_complex to None
[2021-05-08 07:02:45,052] {scheduler_job.py:190} INFO - Processing /home/airflow/.local/lib/python3.6/site-packages/airflow/example_dags/example_complex.py took 0.187 seconds
[2021-05-08 07:03:15,542] {scheduler_job.py:182} INFO - Started process (PID=741) to work on /home/airflow/.local/lib/python3.6/site-packages/airflow/example_dags/example_complex.py
[2021-05-08 07:03:15,545] {scheduler_job.py:629} INFO - Processing file /home/airflow/.local/lib/python3.6/site-packages/airflow/example_dags/example_complex.py for tasks to queue
[2021-05-08 07:03:15,548] {logging_mixin.py:104} INFO - [2021-05-08 07:03:15,548] {dagbag.py:451} INFO - Filling up the DagBag from /home/airflow/.local/lib/python3.6/site-packages/airflow/example_dags/example_complex.py
[2021-05-08 07:03:15,590] {scheduler_job.py:639} INFO - DAG(s) dict_keys(['example_complex']) retrieved from /home/airflow/.local/lib/python3.6/site-packages/airflow/example_dags/example_complex.py
[2021-05-08 07:03:15,648] {logging_mixin.py:104} INFO - [2021-05-08 07:03:15,647] {dag.py:1824} INFO - Sync 1 DAGs
[2021-05-08 07:03:15,681] {logging_mixin.py:104} INFO - [2021-05-08 07:03:15,681] {dag.py:2280} INFO - Setting next_dagrun for example_complex to None
[2021-05-08 07:03:15,708] {scheduler_job.py:190} INFO - Processing /home/airflow/.local/lib/python3.6/site-packages/airflow/example_dags/example_complex.py took 0.173 seconds
[2021-05-08 07:03:46,559] {scheduler_job.py:182} INFO - Started process (PID=768) to work on /home/airflow/.local/lib/python3.6/site-packages/airflow/example_dags/example_complex.py
[2021-05-08 07:03:46,561] {scheduler_job.py:629} INFO - Processing file /home/airflow/.local/lib/python3.6/site-packages/airflow/example_dags/example_complex.py for tasks to queue
[2021-05-08 07:03:46,563] {logging_mixin.py:104} INFO - [2021-05-08 07:03:46,563] {dagbag.py:451} INFO - Filling up the DagBag from /home/airflow/.local/lib/python3.6/site-packages/airflow/example_dags/example_complex.py
[2021-05-08 07:03:46,591] {scheduler_job.py:639} INFO - DAG(s) dict_keys(['example_complex']) retrieved from /home/airflow/.local/lib/python3.6/site-packages/airflow/example_dags/example_complex.py
[2021-05-08 07:03:46,629] {logging_mixin.py:104} INFO - [2021-05-08 07:03:46,629] {dag.py:1824} INFO - Sync 1 DAGs
[2021-05-08 07:03:46,656] {logging_mixin.py:104} INFO - [2021-05-08 07:03:46,656] {dag.py:2280} INFO - Setting next_dagrun for example_complex to None
[2021-05-08 07:03:46,673] {scheduler_job.py:190} INFO - Processing /home/airflow/.local/lib/python3.6/site-packages/airflow/example_dags/example_complex.py took 0.119 seconds
[2021-05-08 07:04:17,376] {scheduler_job.py:182} INFO - Started process (PID=795) to work on /home/airflow/.local/lib/python3.6/site-packages/airflow/example_dags/example_complex.py
[2021-05-08 07:04:17,378] {scheduler_job.py:629} INFO - Processing file /home/airflow/.local/lib/python3.6/site-packages/airflow/example_dags/example_complex.py for tasks to queue
[2021-05-08 07:04:17,381] {logging_mixin.py:104} INFO - [2021-05-08 07:04:17,381] {dagbag.py:451} INFO - Filling up the DagBag from /home/airflow/.local/lib/python3.6/site-packages/airflow/example_dags/example_complex.py
[2021-05-08 07:04:17,406] {scheduler_job.py:639} INFO - DAG(s) dict_keys(['example_complex']) retrieved from /home/airflow/.local/lib/python3.6/site-packages/airflow/example_dags/example_complex.py
[2021-05-08 07:04:17,439] {logging_mixin.py:104} INFO - [2021-05-08 07:04:17,439] {dag.py:1824} INFO - Sync 1 DAGs
[2021-05-08 07:04:17,460] {logging_mixin.py:104} INFO - [2021-05-08 07:04:17,460] {dag.py:2280} INFO - Setting next_dagrun for example_complex to None
[2021-05-08 07:04:17,475] {scheduler_job.py:190} INFO - Processing /home/airflow/.local/lib/python3.6/site-packages/airflow/example_dags/example_complex.py took 0.103 seconds
[2021-05-08 07:04:47,919] {scheduler_job.py:182} INFO - Started process (PID=822) to work on /home/airflow/.local/lib/python3.6/site-packages/airflow/example_dags/example_complex.py
[2021-05-08 07:04:47,921] {scheduler_job.py:629} INFO - Processing file /home/airflow/.local/lib/python3.6/site-packages/airflow/example_dags/example_complex.py for tasks to queue
[2021-05-08 07:04:47,923] {logging_mixin.py:104} INFO - [2021-05-08 07:04:47,923] {dagbag.py:451} INFO - Filling up the DagBag from /home/airflow/.local/lib/python3.6/site-packages/airflow/example_dags/example_complex.py
[2021-05-08 07:04:47,950] {scheduler_job.py:639} INFO - DAG(s) dict_keys(['example_complex']) retrieved from /home/airflow/.local/lib/python3.6/site-packages/airflow/example_dags/example_complex.py
[2021-05-08 07:04:47,991] {logging_mixin.py:104} INFO - [2021-05-08 07:04:47,991] {dag.py:1824} INFO - Sync 1 DAGs
[2021-05-08 07:04:48,027] {logging_mixin.py:104} INFO - [2021-05-08 07:04:48,026] {dag.py:2280} INFO - Setting next_dagrun for example_complex to None
[2021-05-08 07:04:48,048] {scheduler_job.py:190} INFO - Processing /home/airflow/.local/lib/python3.6/site-packages/airflow/example_dags/example_complex.py took 0.134 seconds
[2021-05-08 07:05:18,661] {scheduler_job.py:182} INFO - Started process (PID=849) to work on /home/airflow/.local/lib/python3.6/site-packages/airflow/example_dags/example_complex.py
[2021-05-08 07:05:18,665] {scheduler_job.py:629} INFO - Processing file /home/airflow/.local/lib/python3.6/site-packages/airflow/example_dags/example_complex.py for tasks to queue
[2021-05-08 07:05:18,668] {logging_mixin.py:104} INFO - [2021-05-08 07:05:18,667] {dagbag.py:451} INFO - Filling up the DagBag from /home/airflow/.local/lib/python3.6/site-packages/airflow/example_dags/example_complex.py
[2021-05-08 07:05:18,697] {scheduler_job.py:639} INFO - DAG(s) dict_keys(['example_complex']) retrieved from /home/airflow/.local/lib/python3.6/site-packages/airflow/example_dags/example_complex.py
[2021-05-08 07:05:18,742] {logging_mixin.py:104} INFO - [2021-05-08 07:05:18,742] {dag.py:1824} INFO - Sync 1 DAGs
[2021-05-08 07:05:18,770] {logging_mixin.py:104} INFO - [2021-05-08 07:05:18,770] {dag.py:2280} INFO - Setting next_dagrun for example_complex to None
[2021-05-08 07:05:18,785] {scheduler_job.py:190} INFO - Processing /home/airflow/.local/lib/python3.6/site-packages/airflow/example_dags/example_complex.py took 0.130 seconds
[2021-05-08 07:05:49,569] {scheduler_job.py:182} INFO - Started process (PID=876) to work on /home/airflow/.local/lib/python3.6/site-packages/airflow/example_dags/example_complex.py
[2021-05-08 07:05:49,572] {scheduler_job.py:629} INFO - Processing file /home/airflow/.local/lib/python3.6/site-packages/airflow/example_dags/example_complex.py for tasks to queue
[2021-05-08 07:05:49,574] {logging_mixin.py:104} INFO - [2021-05-08 07:05:49,574] {dagbag.py:451} INFO - Filling up the DagBag from /home/airflow/.local/lib/python3.6/site-packages/airflow/example_dags/example_complex.py
[2021-05-08 07:05:49,606] {scheduler_job.py:639} INFO - DAG(s) dict_keys(['example_complex']) retrieved from /home/airflow/.local/lib/python3.6/site-packages/airflow/example_dags/example_complex.py
[2021-05-08 07:05:49,646] {logging_mixin.py:104} INFO - [2021-05-08 07:05:49,645] {dag.py:1824} INFO - Sync 1 DAGs
[2021-05-08 07:05:49,669] {logging_mixin.py:104} INFO - [2021-05-08 07:05:49,669] {dag.py:2280} INFO - Setting next_dagrun for example_complex to None
[2021-05-08 07:05:49,689] {scheduler_job.py:190} INFO - Processing /home/airflow/.local/lib/python3.6/site-packages/airflow/example_dags/example_complex.py took 0.125 seconds
[2021-05-08 07:06:19,922] {scheduler_job.py:182} INFO - Started process (PID=903) to work on /home/airflow/.local/lib/python3.6/site-packages/airflow/example_dags/example_complex.py
[2021-05-08 07:06:19,924] {scheduler_job.py:629} INFO - Processing file /home/airflow/.local/lib/python3.6/site-packages/airflow/example_dags/example_complex.py for tasks to queue
[2021-05-08 07:06:19,927] {logging_mixin.py:104} INFO - [2021-05-08 07:06:19,927] {dagbag.py:451} INFO - Filling up the DagBag from /home/airflow/.local/lib/python3.6/site-packages/airflow/example_dags/example_complex.py
[2021-05-08 07:06:19,956] {scheduler_job.py:639} INFO - DAG(s) dict_keys(['example_complex']) retrieved from /home/airflow/.local/lib/python3.6/site-packages/airflow/example_dags/example_complex.py
[2021-05-08 07:06:19,989] {logging_mixin.py:104} INFO - [2021-05-08 07:06:19,989] {dag.py:1824} INFO - Sync 1 DAGs
[2021-05-08 07:06:20,011] {logging_mixin.py:104} INFO - [2021-05-08 07:06:20,011] {dag.py:2280} INFO - Setting next_dagrun for example_complex to None
[2021-05-08 07:06:20,026] {scheduler_job.py:190} INFO - Processing /home/airflow/.local/lib/python3.6/site-packages/airflow/example_dags/example_complex.py took 0.109 seconds
[2021-05-08 07:06:50,221] {scheduler_job.py:182} INFO - Started process (PID=930) to work on /home/airflow/.local/lib/python3.6/site-packages/airflow/example_dags/example_complex.py
[2021-05-08 07:06:50,226] {scheduler_job.py:629} INFO - Processing file /home/airflow/.local/lib/python3.6/site-packages/airflow/example_dags/example_complex.py for tasks to queue
[2021-05-08 07:06:50,229] {logging_mixin.py:104} INFO - [2021-05-08 07:06:50,229] {dagbag.py:451} INFO - Filling up the DagBag from /home/airflow/.local/lib/python3.6/site-packages/airflow/example_dags/example_complex.py
[2021-05-08 07:06:50,255] {scheduler_job.py:639} INFO - DAG(s) dict_keys(['example_complex']) retrieved from /home/airflow/.local/lib/python3.6/site-packages/airflow/example_dags/example_complex.py
[2021-05-08 07:06:50,299] {logging_mixin.py:104} INFO - [2021-05-08 07:06:50,299] {dag.py:1824} INFO - Sync 1 DAGs
[2021-05-08 07:06:50,322] {logging_mixin.py:104} INFO - [2021-05-08 07:06:50,321] {dag.py:2280} INFO - Setting next_dagrun for example_complex to None
[2021-05-08 07:06:50,339] {scheduler_job.py:190} INFO - Processing /home/airflow/.local/lib/python3.6/site-packages/airflow/example_dags/example_complex.py took 0.122 seconds
[2021-05-08 07:07:21,053] {scheduler_job.py:182} INFO - Started process (PID=957) to work on /home/airflow/.local/lib/python3.6/site-packages/airflow/example_dags/example_complex.py
[2021-05-08 07:07:21,058] {scheduler_job.py:629} INFO - Processing file /home/airflow/.local/lib/python3.6/site-packages/airflow/example_dags/example_complex.py for tasks to queue
[2021-05-08 07:07:21,060] {logging_mixin.py:104} INFO - [2021-05-08 07:07:21,060] {dagbag.py:451} INFO - Filling up the DagBag from /home/airflow/.local/lib/python3.6/site-packages/airflow/example_dags/example_complex.py
[2021-05-08 07:07:21,085] {scheduler_job.py:639} INFO - DAG(s) dict_keys(['example_complex']) retrieved from /home/airflow/.local/lib/python3.6/site-packages/airflow/example_dags/example_complex.py
[2021-05-08 07:07:21,129] {logging_mixin.py:104} INFO - [2021-05-08 07:07:21,128] {dag.py:1824} INFO - Sync 1 DAGs
[2021-05-08 07:07:21,153] {logging_mixin.py:104} INFO - [2021-05-08 07:07:21,153] {dag.py:2280} INFO - Setting next_dagrun for example_complex to None
[2021-05-08 07:07:21,172] {scheduler_job.py:190} INFO - Processing /home/airflow/.local/lib/python3.6/site-packages/airflow/example_dags/example_complex.py took 0.123 seconds
[2021-05-08 07:07:52,000] {scheduler_job.py:182} INFO - Started process (PID=984) to work on /home/airflow/.local/lib/python3.6/site-packages/airflow/example_dags/example_complex.py
[2021-05-08 07:07:52,002] {scheduler_job.py:629} INFO - Processing file /home/airflow/.local/lib/python3.6/site-packages/airflow/example_dags/example_complex.py for tasks to queue
[2021-05-08 07:07:52,004] {logging_mixin.py:104} INFO - [2021-05-08 07:07:52,004] {dagbag.py:451} INFO - Filling up the DagBag from /home/airflow/.local/lib/python3.6/site-packages/airflow/example_dags/example_complex.py
[2021-05-08 07:07:52,029] {scheduler_job.py:639} INFO - DAG(s) dict_keys(['example_complex']) retrieved from /home/airflow/.local/lib/python3.6/site-packages/airflow/example_dags/example_complex.py
[2021-05-08 07:07:52,068] {logging_mixin.py:104} INFO - [2021-05-08 07:07:52,068] {dag.py:1824} INFO - Sync 1 DAGs
[2021-05-08 07:07:52,093] {logging_mixin.py:104} INFO - [2021-05-08 07:07:52,093] {dag.py:2280} INFO - Setting next_dagrun for example_complex to None
[2021-05-08 07:07:52,111] {scheduler_job.py:190} INFO - Processing /home/airflow/.local/lib/python3.6/site-packages/airflow/example_dags/example_complex.py took 0.115 seconds
[2021-05-08 07:08:23,187] {scheduler_job.py:182} INFO - Started process (PID=1011) to work on /home/airflow/.local/lib/python3.6/site-packages/airflow/example_dags/example_complex.py
[2021-05-08 07:08:23,191] {scheduler_job.py:629} INFO - Processing file /home/airflow/.local/lib/python3.6/site-packages/airflow/example_dags/example_complex.py for tasks to queue
[2021-05-08 07:08:23,194] {logging_mixin.py:104} INFO - [2021-05-08 07:08:23,194] {dagbag.py:451} INFO - Filling up the DagBag from /home/airflow/.local/lib/python3.6/site-packages/airflow/example_dags/example_complex.py
[2021-05-08 07:08:23,241] {scheduler_job.py:639} INFO - DAG(s) dict_keys(['example_complex']) retrieved from /home/airflow/.local/lib/python3.6/site-packages/airflow/example_dags/example_complex.py
[2021-05-08 07:08:23,314] {logging_mixin.py:104} INFO - [2021-05-08 07:08:23,314] {dag.py:1824} INFO - Sync 1 DAGs
[2021-05-08 07:08:23,372] {logging_mixin.py:104} INFO - [2021-05-08 07:08:23,372] {dag.py:2280} INFO - Setting next_dagrun for example_complex to None
[2021-05-08 07:08:23,423] {scheduler_job.py:190} INFO - Processing /home/airflow/.local/lib/python3.6/site-packages/airflow/example_dags/example_complex.py took 0.247 seconds
[2021-05-08 07:08:54,261] {scheduler_job.py:182} INFO - Started process (PID=1039) to work on /home/airflow/.local/lib/python3.6/site-packages/airflow/example_dags/example_complex.py
[2021-05-08 07:08:54,270] {scheduler_job.py:629} INFO - Processing file /home/airflow/.local/lib/python3.6/site-packages/airflow/example_dags/example_complex.py for tasks to queue
[2021-05-08 07:08:54,274] {logging_mixin.py:104} INFO - [2021-05-08 07:08:54,274] {dagbag.py:451} INFO - Filling up the DagBag from /home/airflow/.local/lib/python3.6/site-packages/airflow/example_dags/example_complex.py
[2021-05-08 07:08:54,348] {scheduler_job.py:639} INFO - DAG(s) dict_keys(['example_complex']) retrieved from /home/airflow/.local/lib/python3.6/site-packages/airflow/example_dags/example_complex.py
[2021-05-08 07:08:54,464] {logging_mixin.py:104} INFO - [2021-05-08 07:08:54,464] {dag.py:1824} INFO - Sync 1 DAGs
[2021-05-08 07:08:54,526] {logging_mixin.py:104} INFO - [2021-05-08 07:08:54,526] {dag.py:2280} INFO - Setting next_dagrun for example_complex to None
[2021-05-08 07:08:54,570] {scheduler_job.py:190} INFO - Processing /home/airflow/.local/lib/python3.6/site-packages/airflow/example_dags/example_complex.py took 0.323 seconds
[2021-05-08 07:09:25,066] {scheduler_job.py:182} INFO - Started process (PID=1066) to work on /home/airflow/.local/lib/python3.6/site-packages/airflow/example_dags/example_complex.py
[2021-05-08 07:09:25,073] {scheduler_job.py:629} INFO - Processing file /home/airflow/.local/lib/python3.6/site-packages/airflow/example_dags/example_complex.py for tasks to queue
[2021-05-08 07:09:25,079] {logging_mixin.py:104} INFO - [2021-05-08 07:09:25,078] {dagbag.py:451} INFO - Filling up the DagBag from /home/airflow/.local/lib/python3.6/site-packages/airflow/example_dags/example_complex.py
[2021-05-08 07:09:25,175] {scheduler_job.py:639} INFO - DAG(s) dict_keys(['example_complex']) retrieved from /home/airflow/.local/lib/python3.6/site-packages/airflow/example_dags/example_complex.py
[2021-05-08 07:09:25,329] {logging_mixin.py:104} INFO - [2021-05-08 07:09:25,328] {dag.py:1824} INFO - Sync 1 DAGs
[2021-05-08 07:09:25,415] {logging_mixin.py:104} INFO - [2021-05-08 07:09:25,415] {dag.py:2280} INFO - Setting next_dagrun for example_complex to None
[2021-05-08 07:09:25,463] {scheduler_job.py:190} INFO - Processing /home/airflow/.local/lib/python3.6/site-packages/airflow/example_dags/example_complex.py took 0.411 seconds
[2021-05-08 07:09:56,049] {scheduler_job.py:182} INFO - Started process (PID=1093) to work on /home/airflow/.local/lib/python3.6/site-packages/airflow/example_dags/example_complex.py
[2021-05-08 07:09:56,055] {scheduler_job.py:629} INFO - Processing file /home/airflow/.local/lib/python3.6/site-packages/airflow/example_dags/example_complex.py for tasks to queue
[2021-05-08 07:09:56,060] {logging_mixin.py:104} INFO - [2021-05-08 07:09:56,059] {dagbag.py:451} INFO - Filling up the DagBag from /home/airflow/.local/lib/python3.6/site-packages/airflow/example_dags/example_complex.py
[2021-05-08 07:09:56,139] {scheduler_job.py:639} INFO - DAG(s) dict_keys(['example_complex']) retrieved from /home/airflow/.local/lib/python3.6/site-packages/airflow/example_dags/example_complex.py
[2021-05-08 07:09:56,255] {logging_mixin.py:104} INFO - [2021-05-08 07:09:56,255] {dag.py:1824} INFO - Sync 1 DAGs
[2021-05-08 07:09:56,324] {logging_mixin.py:104} INFO - [2021-05-08 07:09:56,323] {dag.py:2280} INFO - Setting next_dagrun for example_complex to None
[2021-05-08 07:09:56,373] {scheduler_job.py:190} INFO - Processing /home/airflow/.local/lib/python3.6/site-packages/airflow/example_dags/example_complex.py took 0.334 seconds
[2021-05-08 07:10:26,630] {scheduler_job.py:182} INFO - Started process (PID=1120) to work on /home/airflow/.local/lib/python3.6/site-packages/airflow/example_dags/example_complex.py
[2021-05-08 07:10:26,635] {scheduler_job.py:629} INFO - Processing file /home/airflow/.local/lib/python3.6/site-packages/airflow/example_dags/example_complex.py for tasks to queue
[2021-05-08 07:10:26,641] {logging_mixin.py:104} INFO - [2021-05-08 07:10:26,640] {dagbag.py:451} INFO - Filling up the DagBag from /home/airflow/.local/lib/python3.6/site-packages/airflow/example_dags/example_complex.py
[2021-05-08 07:10:26,682] {scheduler_job.py:639} INFO - DAG(s) dict_keys(['example_complex']) retrieved from /home/airflow/.local/lib/python3.6/site-packages/airflow/example_dags/example_complex.py
[2021-05-08 07:10:26,759] {logging_mixin.py:104} INFO - [2021-05-08 07:10:26,759] {dag.py:1824} INFO - Sync 1 DAGs
[2021-05-08 07:10:26,794] {logging_mixin.py:104} INFO - [2021-05-08 07:10:26,794] {dag.py:2280} INFO - Setting next_dagrun for example_complex to None
[2021-05-08 07:10:26,821] {scheduler_job.py:190} INFO - Processing /home/airflow/.local/lib/python3.6/site-packages/airflow/example_dags/example_complex.py took 0.198 seconds
[2021-05-08 07:10:57,108] {scheduler_job.py:182} INFO - Started process (PID=1147) to work on /home/airflow/.local/lib/python3.6/site-packages/airflow/example_dags/example_complex.py
[2021-05-08 07:10:57,112] {scheduler_job.py:629} INFO - Processing file /home/airflow/.local/lib/python3.6/site-packages/airflow/example_dags/example_complex.py for tasks to queue
[2021-05-08 07:10:57,115] {logging_mixin.py:104} INFO - [2021-05-08 07:10:57,114] {dagbag.py:451} INFO - Filling up the DagBag from /home/airflow/.local/lib/python3.6/site-packages/airflow/example_dags/example_complex.py
[2021-05-08 07:10:57,153] {scheduler_job.py:639} INFO - DAG(s) dict_keys(['example_complex']) retrieved from /home/airflow/.local/lib/python3.6/site-packages/airflow/example_dags/example_complex.py
[2021-05-08 07:10:57,218] {logging_mixin.py:104} INFO - [2021-05-08 07:10:57,217] {dag.py:1824} INFO - Sync 1 DAGs
[2021-05-08 07:10:57,256] {logging_mixin.py:104} INFO - [2021-05-08 07:10:57,256] {dag.py:2280} INFO - Setting next_dagrun for example_complex to None
[2021-05-08 07:10:57,283] {scheduler_job.py:190} INFO - Processing /home/airflow/.local/lib/python3.6/site-packages/airflow/example_dags/example_complex.py took 0.185 seconds
[2021-05-08 07:11:27,414] {scheduler_job.py:182} INFO - Started process (PID=1174) to work on /home/airflow/.local/lib/python3.6/site-packages/airflow/example_dags/example_complex.py
[2021-05-08 07:11:27,423] {scheduler_job.py:629} INFO - Processing file /home/airflow/.local/lib/python3.6/site-packages/airflow/example_dags/example_complex.py for tasks to queue
[2021-05-08 07:11:27,432] {logging_mixin.py:104} INFO - [2021-05-08 07:11:27,431] {dagbag.py:451} INFO - Filling up the DagBag from /home/airflow/.local/lib/python3.6/site-packages/airflow/example_dags/example_complex.py
[2021-05-08 07:11:27,489] {scheduler_job.py:639} INFO - DAG(s) dict_keys(['example_complex']) retrieved from /home/airflow/.local/lib/python3.6/site-packages/airflow/example_dags/example_complex.py
[2021-05-08 07:11:27,555] {logging_mixin.py:104} INFO - [2021-05-08 07:11:27,555] {dag.py:1824} INFO - Sync 1 DAGs
[2021-05-08 07:11:27,597] {logging_mixin.py:104} INFO - [2021-05-08 07:11:27,597] {dag.py:2280} INFO - Setting next_dagrun for example_complex to None
[2021-05-08 07:11:27,628] {scheduler_job.py:190} INFO - Processing /home/airflow/.local/lib/python3.6/site-packages/airflow/example_dags/example_complex.py took 0.224 seconds
[2021-05-08 07:11:57,794] {scheduler_job.py:182} INFO - Started process (PID=1201) to work on /home/airflow/.local/lib/python3.6/site-packages/airflow/example_dags/example_complex.py
[2021-05-08 07:11:57,799] {scheduler_job.py:629} INFO - Processing file /home/airflow/.local/lib/python3.6/site-packages/airflow/example_dags/example_complex.py for tasks to queue
[2021-05-08 07:11:57,802] {logging_mixin.py:104} INFO - [2021-05-08 07:11:57,801] {dagbag.py:451} INFO - Filling up the DagBag from /home/airflow/.local/lib/python3.6/site-packages/airflow/example_dags/example_complex.py
[2021-05-08 07:11:57,846] {scheduler_job.py:639} INFO - DAG(s) dict_keys(['example_complex']) retrieved from /home/airflow/.local/lib/python3.6/site-packages/airflow/example_dags/example_complex.py
[2021-05-08 07:11:57,924] {logging_mixin.py:104} INFO - [2021-05-08 07:11:57,924] {dag.py:1824} INFO - Sync 1 DAGs
[2021-05-08 07:11:57,962] {logging_mixin.py:104} INFO - [2021-05-08 07:11:57,962] {dag.py:2280} INFO - Setting next_dagrun for example_complex to None
[2021-05-08 07:11:57,986] {scheduler_job.py:190} INFO - Processing /home/airflow/.local/lib/python3.6/site-packages/airflow/example_dags/example_complex.py took 0.203 seconds
[2021-05-08 07:12:28,502] {scheduler_job.py:182} INFO - Started process (PID=1229) to work on /home/airflow/.local/lib/python3.6/site-packages/airflow/example_dags/example_complex.py
[2021-05-08 07:12:28,512] {scheduler_job.py:629} INFO - Processing file /home/airflow/.local/lib/python3.6/site-packages/airflow/example_dags/example_complex.py for tasks to queue
[2021-05-08 07:12:28,519] {logging_mixin.py:104} INFO - [2021-05-08 07:12:28,518] {dagbag.py:451} INFO - Filling up the DagBag from /home/airflow/.local/lib/python3.6/site-packages/airflow/example_dags/example_complex.py
[2021-05-08 07:12:28,574] {scheduler_job.py:639} INFO - DAG(s) dict_keys(['example_complex']) retrieved from /home/airflow/.local/lib/python3.6/site-packages/airflow/example_dags/example_complex.py
[2021-05-08 07:12:28,669] {logging_mixin.py:104} INFO - [2021-05-08 07:12:28,669] {dag.py:1824} INFO - Sync 1 DAGs
[2021-05-08 07:12:28,716] {logging_mixin.py:104} INFO - [2021-05-08 07:12:28,715] {dag.py:2280} INFO - Setting next_dagrun for example_complex to None
[2021-05-08 07:12:28,744] {scheduler_job.py:190} INFO - Processing /home/airflow/.local/lib/python3.6/site-packages/airflow/example_dags/example_complex.py took 0.251 seconds
[2021-05-08 07:12:59,411] {scheduler_job.py:182} INFO - Started process (PID=1256) to work on /home/airflow/.local/lib/python3.6/site-packages/airflow/example_dags/example_complex.py
[2021-05-08 07:12:59,417] {scheduler_job.py:629} INFO - Processing file /home/airflow/.local/lib/python3.6/site-packages/airflow/example_dags/example_complex.py for tasks to queue
[2021-05-08 07:12:59,422] {logging_mixin.py:104} INFO - [2021-05-08 07:12:59,421] {dagbag.py:451} INFO - Filling up the DagBag from /home/airflow/.local/lib/python3.6/site-packages/airflow/example_dags/example_complex.py
[2021-05-08 07:12:59,497] {scheduler_job.py:639} INFO - DAG(s) dict_keys(['example_complex']) retrieved from /home/airflow/.local/lib/python3.6/site-packages/airflow/example_dags/example_complex.py
[2021-05-08 07:12:59,622] {logging_mixin.py:104} INFO - [2021-05-08 07:12:59,622] {dag.py:1824} INFO - Sync 1 DAGs
[2021-05-08 07:12:59,697] {logging_mixin.py:104} INFO - [2021-05-08 07:12:59,696] {dag.py:2280} INFO - Setting next_dagrun for example_complex to None
[2021-05-08 07:12:59,740] {scheduler_job.py:190} INFO - Processing /home/airflow/.local/lib/python3.6/site-packages/airflow/example_dags/example_complex.py took 0.341 seconds
[2021-05-08 07:13:30,270] {scheduler_job.py:182} INFO - Started process (PID=1283) to work on /home/airflow/.local/lib/python3.6/site-packages/airflow/example_dags/example_complex.py
[2021-05-08 07:13:30,281] {scheduler_job.py:629} INFO - Processing file /home/airflow/.local/lib/python3.6/site-packages/airflow/example_dags/example_complex.py for tasks to queue
[2021-05-08 07:13:30,289] {logging_mixin.py:104} INFO - [2021-05-08 07:13:30,288] {dagbag.py:451} INFO - Filling up the DagBag from /home/airflow/.local/lib/python3.6/site-packages/airflow/example_dags/example_complex.py
[2021-05-08 07:13:30,415] {scheduler_job.py:639} INFO - DAG(s) dict_keys(['example_complex']) retrieved from /home/airflow/.local/lib/python3.6/site-packages/airflow/example_dags/example_complex.py
[2021-05-08 07:13:30,552] {logging_mixin.py:104} INFO - [2021-05-08 07:13:30,551] {dag.py:1824} INFO - Sync 1 DAGs
[2021-05-08 07:13:30,632] {logging_mixin.py:104} INFO - [2021-05-08 07:13:30,632] {dag.py:2280} INFO - Setting next_dagrun for example_complex to None
[2021-05-08 07:13:30,679] {scheduler_job.py:190} INFO - Processing /home/airflow/.local/lib/python3.6/site-packages/airflow/example_dags/example_complex.py took 0.433 seconds
[2021-05-08 07:14:01,072] {scheduler_job.py:182} INFO - Started process (PID=1310) to work on /home/airflow/.local/lib/python3.6/site-packages/airflow/example_dags/example_complex.py
[2021-05-08 07:14:01,080] {scheduler_job.py:629} INFO - Processing file /home/airflow/.local/lib/python3.6/site-packages/airflow/example_dags/example_complex.py for tasks to queue
[2021-05-08 07:14:01,087] {logging_mixin.py:104} INFO - [2021-05-08 07:14:01,086] {dagbag.py:451} INFO - Filling up the DagBag from /home/airflow/.local/lib/python3.6/site-packages/airflow/example_dags/example_complex.py
[2021-05-08 07:14:01,192] {scheduler_job.py:639} INFO - DAG(s) dict_keys(['example_complex']) retrieved from /home/airflow/.local/lib/python3.6/site-packages/airflow/example_dags/example_complex.py
[2021-05-08 07:14:01,373] {logging_mixin.py:104} INFO - [2021-05-08 07:14:01,372] {dag.py:1824} INFO - Sync 1 DAGs
[2021-05-08 07:14:01,479] {logging_mixin.py:104} INFO - [2021-05-08 07:14:01,478] {dag.py:2280} INFO - Setting next_dagrun for example_complex to None
[2021-05-08 07:14:01,590] {scheduler_job.py:190} INFO - Processing /home/airflow/.local/lib/python3.6/site-packages/airflow/example_dags/example_complex.py took 0.529 seconds
[2021-05-08 07:14:32,063] {scheduler_job.py:182} INFO - Started process (PID=1338) to work on /home/airflow/.local/lib/python3.6/site-packages/airflow/example_dags/example_complex.py
[2021-05-08 07:14:32,068] {scheduler_job.py:629} INFO - Processing file /home/airflow/.local/lib/python3.6/site-packages/airflow/example_dags/example_complex.py for tasks to queue
[2021-05-08 07:14:32,072] {logging_mixin.py:104} INFO - [2021-05-08 07:14:32,072] {dagbag.py:451} INFO - Filling up the DagBag from /home/airflow/.local/lib/python3.6/site-packages/airflow/example_dags/example_complex.py
[2021-05-08 07:14:32,118] {scheduler_job.py:639} INFO - DAG(s) dict_keys(['example_complex']) retrieved from /home/airflow/.local/lib/python3.6/site-packages/airflow/example_dags/example_complex.py
[2021-05-08 07:14:32,195] {logging_mixin.py:104} INFO - [2021-05-08 07:14:32,194] {dag.py:1824} INFO - Sync 1 DAGs
[2021-05-08 07:14:32,238] {logging_mixin.py:104} INFO - [2021-05-08 07:14:32,238] {dag.py:2280} INFO - Setting next_dagrun for example_complex to None
[2021-05-08 07:14:32,264] {scheduler_job.py:190} INFO - Processing /home/airflow/.local/lib/python3.6/site-packages/airflow/example_dags/example_complex.py took 0.213 seconds
[2021-05-08 07:15:02,444] {scheduler_job.py:182} INFO - Started process (PID=1365) to work on /home/airflow/.local/lib/python3.6/site-packages/airflow/example_dags/example_complex.py
[2021-05-08 07:15:02,451] {scheduler_job.py:629} INFO - Processing file /home/airflow/.local/lib/python3.6/site-packages/airflow/example_dags/example_complex.py for tasks to queue
[2021-05-08 07:15:02,459] {logging_mixin.py:104} INFO - [2021-05-08 07:15:02,458] {dagbag.py:451} INFO - Filling up the DagBag from /home/airflow/.local/lib/python3.6/site-packages/airflow/example_dags/example_complex.py
[2021-05-08 07:15:02,515] {scheduler_job.py:639} INFO - DAG(s) dict_keys(['example_complex']) retrieved from /home/airflow/.local/lib/python3.6/site-packages/airflow/example_dags/example_complex.py
[2021-05-08 07:15:02,592] {logging_mixin.py:104} INFO - [2021-05-08 07:15:02,591] {dag.py:1824} INFO - Sync 1 DAGs
[2021-05-08 07:15:02,638] {logging_mixin.py:104} INFO - [2021-05-08 07:15:02,638] {dag.py:2280} INFO - Setting next_dagrun for example_complex to None
[2021-05-08 07:15:02,699] {scheduler_job.py:190} INFO - Processing /home/airflow/.local/lib/python3.6/site-packages/airflow/example_dags/example_complex.py took 0.269 seconds
[2021-05-08 07:15:33,238] {scheduler_job.py:182} INFO - Started process (PID=1394) to work on /home/airflow/.local/lib/python3.6/site-packages/airflow/example_dags/example_complex.py
[2021-05-08 07:15:33,242] {scheduler_job.py:629} INFO - Processing file /home/airflow/.local/lib/python3.6/site-packages/airflow/example_dags/example_complex.py for tasks to queue
[2021-05-08 07:15:33,244] {logging_mixin.py:104} INFO - [2021-05-08 07:15:33,243] {dagbag.py:451} INFO - Filling up the DagBag from /home/airflow/.local/lib/python3.6/site-packages/airflow/example_dags/example_complex.py
[2021-05-08 07:15:33,268] {scheduler_job.py:639} INFO - DAG(s) dict_keys(['example_complex']) retrieved from /home/airflow/.local/lib/python3.6/site-packages/airflow/example_dags/example_complex.py
[2021-05-08 07:15:33,308] {logging_mixin.py:104} INFO - [2021-05-08 07:15:33,308] {dag.py:1824} INFO - Sync 1 DAGs
[2021-05-08 07:15:33,332] {logging_mixin.py:104} INFO - [2021-05-08 07:15:33,332] {dag.py:2280} INFO - Setting next_dagrun for example_complex to None
[2021-05-08 07:15:33,350] {scheduler_job.py:190} INFO - Processing /home/airflow/.local/lib/python3.6/site-packages/airflow/example_dags/example_complex.py took 0.117 seconds
[2021-05-08 07:16:03,632] {scheduler_job.py:182} INFO - Started process (PID=1417) to work on /home/airflow/.local/lib/python3.6/site-packages/airflow/example_dags/example_complex.py
[2021-05-08 07:16:03,634] {scheduler_job.py:629} INFO - Processing file /home/airflow/.local/lib/python3.6/site-packages/airflow/example_dags/example_complex.py for tasks to queue
[2021-05-08 07:16:03,636] {logging_mixin.py:104} INFO - [2021-05-08 07:16:03,636] {dagbag.py:451} INFO - Filling up the DagBag from /home/airflow/.local/lib/python3.6/site-packages/airflow/example_dags/example_complex.py
[2021-05-08 07:16:03,660] {scheduler_job.py:639} INFO - DAG(s) dict_keys(['example_complex']) retrieved from /home/airflow/.local/lib/python3.6/site-packages/airflow/example_dags/example_complex.py
[2021-05-08 07:16:03,697] {logging_mixin.py:104} INFO - [2021-05-08 07:16:03,697] {dag.py:1824} INFO - Sync 1 DAGs
[2021-05-08 07:16:03,718] {logging_mixin.py:104} INFO - [2021-05-08 07:16:03,717] {dag.py:2280} INFO - Setting next_dagrun for example_complex to None
[2021-05-08 07:16:03,734] {scheduler_job.py:190} INFO - Processing /home/airflow/.local/lib/python3.6/site-packages/airflow/example_dags/example_complex.py took 0.106 seconds
[2021-05-08 07:16:34,255] {scheduler_job.py:182} INFO - Started process (PID=1444) to work on /home/airflow/.local/lib/python3.6/site-packages/airflow/example_dags/example_complex.py
[2021-05-08 07:16:34,257] {scheduler_job.py:629} INFO - Processing file /home/airflow/.local/lib/python3.6/site-packages/airflow/example_dags/example_complex.py for tasks to queue
[2021-05-08 07:16:34,260] {logging_mixin.py:104} INFO - [2021-05-08 07:16:34,260] {dagbag.py:451} INFO - Filling up the DagBag from /home/airflow/.local/lib/python3.6/site-packages/airflow/example_dags/example_complex.py
[2021-05-08 07:16:34,285] {scheduler_job.py:639} INFO - DAG(s) dict_keys(['example_complex']) retrieved from /home/airflow/.local/lib/python3.6/site-packages/airflow/example_dags/example_complex.py
[2021-05-08 07:16:34,319] {logging_mixin.py:104} INFO - [2021-05-08 07:16:34,319] {dag.py:1824} INFO - Sync 1 DAGs
[2021-05-08 07:16:34,339] {logging_mixin.py:104} INFO - [2021-05-08 07:16:34,339] {dag.py:2280} INFO - Setting next_dagrun for example_complex to None
[2021-05-08 07:16:34,354] {scheduler_job.py:190} INFO - Processing /home/airflow/.local/lib/python3.6/site-packages/airflow/example_dags/example_complex.py took 0.103 seconds
[2021-05-08 07:17:04,939] {scheduler_job.py:182} INFO - Started process (PID=1471) to work on /home/airflow/.local/lib/python3.6/site-packages/airflow/example_dags/example_complex.py
[2021-05-08 07:17:04,943] {scheduler_job.py:629} INFO - Processing file /home/airflow/.local/lib/python3.6/site-packages/airflow/example_dags/example_complex.py for tasks to queue
[2021-05-08 07:17:04,945] {logging_mixin.py:104} INFO - [2021-05-08 07:17:04,945] {dagbag.py:451} INFO - Filling up the DagBag from /home/airflow/.local/lib/python3.6/site-packages/airflow/example_dags/example_complex.py
[2021-05-08 07:17:04,969] {scheduler_job.py:639} INFO - DAG(s) dict_keys(['example_complex']) retrieved from /home/airflow/.local/lib/python3.6/site-packages/airflow/example_dags/example_complex.py
[2021-05-08 07:17:05,007] {logging_mixin.py:104} INFO - [2021-05-08 07:17:05,006] {dag.py:1824} INFO - Sync 1 DAGs
[2021-05-08 07:17:05,027] {logging_mixin.py:104} INFO - [2021-05-08 07:17:05,026] {dag.py:2280} INFO - Setting next_dagrun for example_complex to None
[2021-05-08 07:17:05,041] {scheduler_job.py:190} INFO - Processing /home/airflow/.local/lib/python3.6/site-packages/airflow/example_dags/example_complex.py took 0.107 seconds
[2021-05-08 07:17:35,536] {scheduler_job.py:182} INFO - Started process (PID=1498) to work on /home/airflow/.local/lib/python3.6/site-packages/airflow/example_dags/example_complex.py
[2021-05-08 07:17:35,538] {scheduler_job.py:629} INFO - Processing file /home/airflow/.local/lib/python3.6/site-packages/airflow/example_dags/example_complex.py for tasks to queue
[2021-05-08 07:17:35,540] {logging_mixin.py:104} INFO - [2021-05-08 07:17:35,540] {dagbag.py:451} INFO - Filling up the DagBag from /home/airflow/.local/lib/python3.6/site-packages/airflow/example_dags/example_complex.py
[2021-05-08 07:17:35,566] {scheduler_job.py:639} INFO - DAG(s) dict_keys(['example_complex']) retrieved from /home/airflow/.local/lib/python3.6/site-packages/airflow/example_dags/example_complex.py
[2021-05-08 07:17:35,601] {logging_mixin.py:104} INFO - [2021-05-08 07:17:35,601] {dag.py:1824} INFO - Sync 1 DAGs
[2021-05-08 07:17:35,622] {logging_mixin.py:104} INFO - [2021-05-08 07:17:35,622] {dag.py:2280} INFO - Setting next_dagrun for example_complex to None
[2021-05-08 07:17:35,639] {scheduler_job.py:190} INFO - Processing /home/airflow/.local/lib/python3.6/site-packages/airflow/example_dags/example_complex.py took 0.108 seconds
[2021-05-08 07:18:06,298] {scheduler_job.py:182} INFO - Started process (PID=1525) to work on /home/airflow/.local/lib/python3.6/site-packages/airflow/example_dags/example_complex.py
[2021-05-08 07:18:06,300] {scheduler_job.py:629} INFO - Processing file /home/airflow/.local/lib/python3.6/site-packages/airflow/example_dags/example_complex.py for tasks to queue
[2021-05-08 07:18:06,302] {logging_mixin.py:104} INFO - [2021-05-08 07:18:06,302] {dagbag.py:451} INFO - Filling up the DagBag from /home/airflow/.local/lib/python3.6/site-packages/airflow/example_dags/example_complex.py
[2021-05-08 07:18:06,329] {scheduler_job.py:639} INFO - DAG(s) dict_keys(['example_complex']) retrieved from /home/airflow/.local/lib/python3.6/site-packages/airflow/example_dags/example_complex.py
[2021-05-08 07:18:06,368] {logging_mixin.py:104} INFO - [2021-05-08 07:18:06,368] {dag.py:1824} INFO - Sync 1 DAGs
[2021-05-08 07:18:06,387] {logging_mixin.py:104} INFO - [2021-05-08 07:18:06,387] {dag.py:2280} INFO - Setting next_dagrun for example_complex to None
[2021-05-08 07:18:06,402] {scheduler_job.py:190} INFO - Processing /home/airflow/.local/lib/python3.6/site-packages/airflow/example_dags/example_complex.py took 0.110 seconds
[2021-05-08 07:18:37,010] {scheduler_job.py:182} INFO - Started process (PID=1552) to work on /home/airflow/.local/lib/python3.6/site-packages/airflow/example_dags/example_complex.py
[2021-05-08 07:18:37,012] {scheduler_job.py:629} INFO - Processing file /home/airflow/.local/lib/python3.6/site-packages/airflow/example_dags/example_complex.py for tasks to queue
[2021-05-08 07:18:37,014] {logging_mixin.py:104} INFO - [2021-05-08 07:18:37,014] {dagbag.py:451} INFO - Filling up the DagBag from /home/airflow/.local/lib/python3.6/site-packages/airflow/example_dags/example_complex.py
[2021-05-08 07:18:37,037] {scheduler_job.py:639} INFO - DAG(s) dict_keys(['example_complex']) retrieved from /home/airflow/.local/lib/python3.6/site-packages/airflow/example_dags/example_complex.py
[2021-05-08 07:18:37,084] {logging_mixin.py:104} INFO - [2021-05-08 07:18:37,084] {dag.py:1824} INFO - Sync 1 DAGs
[2021-05-08 07:18:37,106] {logging_mixin.py:104} INFO - [2021-05-08 07:18:37,106] {dag.py:2280} INFO - Setting next_dagrun for example_complex to None
[2021-05-08 07:18:37,129] {scheduler_job.py:190} INFO - Processing /home/airflow/.local/lib/python3.6/site-packages/airflow/example_dags/example_complex.py took 0.124 seconds
[2021-05-08 07:19:07,793] {scheduler_job.py:182} INFO - Started process (PID=1579) to work on /home/airflow/.local/lib/python3.6/site-packages/airflow/example_dags/example_complex.py
[2021-05-08 07:19:07,803] {scheduler_job.py:629} INFO - Processing file /home/airflow/.local/lib/python3.6/site-packages/airflow/example_dags/example_complex.py for tasks to queue
[2021-05-08 07:19:07,808] {logging_mixin.py:104} INFO - [2021-05-08 07:19:07,808] {dagbag.py:451} INFO - Filling up the DagBag from /home/airflow/.local/lib/python3.6/site-packages/airflow/example_dags/example_complex.py
[2021-05-08 07:19:07,851] {scheduler_job.py:639} INFO - DAG(s) dict_keys(['example_complex']) retrieved from /home/airflow/.local/lib/python3.6/site-packages/airflow/example_dags/example_complex.py
[2021-05-08 07:19:07,887] {logging_mixin.py:104} INFO - [2021-05-08 07:19:07,887] {dag.py:1824} INFO - Sync 1 DAGs
[2021-05-08 07:19:07,908] {logging_mixin.py:104} INFO - [2021-05-08 07:19:07,907] {dag.py:2280} INFO - Setting next_dagrun for example_complex to None
[2021-05-08 07:19:07,925] {scheduler_job.py:190} INFO - Processing /home/airflow/.local/lib/python3.6/site-packages/airflow/example_dags/example_complex.py took 0.141 seconds
[2021-05-08 07:19:38,393] {scheduler_job.py:182} INFO - Started process (PID=1606) to work on /home/airflow/.local/lib/python3.6/site-packages/airflow/example_dags/example_complex.py
[2021-05-08 07:19:38,404] {scheduler_job.py:629} INFO - Processing file /home/airflow/.local/lib/python3.6/site-packages/airflow/example_dags/example_complex.py for tasks to queue
[2021-05-08 07:19:38,408] {logging_mixin.py:104} INFO - [2021-05-08 07:19:38,408] {dagbag.py:451} INFO - Filling up the DagBag from /home/airflow/.local/lib/python3.6/site-packages/airflow/example_dags/example_complex.py
[2021-05-08 07:19:38,437] {scheduler_job.py:639} INFO - DAG(s) dict_keys(['example_complex']) retrieved from /home/airflow/.local/lib/python3.6/site-packages/airflow/example_dags/example_complex.py
[2021-05-08 07:19:38,475] {logging_mixin.py:104} INFO - [2021-05-08 07:19:38,475] {dag.py:1824} INFO - Sync 1 DAGs
[2021-05-08 07:19:38,495] {logging_mixin.py:104} INFO - [2021-05-08 07:19:38,495] {dag.py:2280} INFO - Setting next_dagrun for example_complex to None
[2021-05-08 07:19:38,509] {scheduler_job.py:190} INFO - Processing /home/airflow/.local/lib/python3.6/site-packages/airflow/example_dags/example_complex.py took 0.121 seconds
[2021-05-08 07:20:09,281] {scheduler_job.py:182} INFO - Started process (PID=1633) to work on /home/airflow/.local/lib/python3.6/site-packages/airflow/example_dags/example_complex.py
[2021-05-08 07:20:09,283] {scheduler_job.py:629} INFO - Processing file /home/airflow/.local/lib/python3.6/site-packages/airflow/example_dags/example_complex.py for tasks to queue
[2021-05-08 07:20:09,284] {logging_mixin.py:104} INFO - [2021-05-08 07:20:09,284] {dagbag.py:451} INFO - Filling up the DagBag from /home/airflow/.local/lib/python3.6/site-packages/airflow/example_dags/example_complex.py
[2021-05-08 07:20:09,308] {scheduler_job.py:639} INFO - DAG(s) dict_keys(['example_complex']) retrieved from /home/airflow/.local/lib/python3.6/site-packages/airflow/example_dags/example_complex.py
[2021-05-08 07:20:09,349] {logging_mixin.py:104} INFO - [2021-05-08 07:20:09,349] {dag.py:1824} INFO - Sync 1 DAGs
[2021-05-08 07:20:09,371] {logging_mixin.py:104} INFO - [2021-05-08 07:20:09,371] {dag.py:2280} INFO - Setting next_dagrun for example_complex to None
[2021-05-08 07:20:09,387] {scheduler_job.py:190} INFO - Processing /home/airflow/.local/lib/python3.6/site-packages/airflow/example_dags/example_complex.py took 0.111 seconds
[2021-05-08 07:20:39,986] {scheduler_job.py:182} INFO - Started process (PID=1660) to work on /home/airflow/.local/lib/python3.6/site-packages/airflow/example_dags/example_complex.py
[2021-05-08 07:20:39,988] {scheduler_job.py:629} INFO - Processing file /home/airflow/.local/lib/python3.6/site-packages/airflow/example_dags/example_complex.py for tasks to queue
[2021-05-08 07:20:39,990] {logging_mixin.py:104} INFO - [2021-05-08 07:20:39,990] {dagbag.py:451} INFO - Filling up the DagBag from /home/airflow/.local/lib/python3.6/site-packages/airflow/example_dags/example_complex.py
[2021-05-08 07:20:40,015] {scheduler_job.py:639} INFO - DAG(s) dict_keys(['example_complex']) retrieved from /home/airflow/.local/lib/python3.6/site-packages/airflow/example_dags/example_complex.py
[2021-05-08 07:20:40,052] {logging_mixin.py:104} INFO - [2021-05-08 07:20:40,051] {dag.py:1824} INFO - Sync 1 DAGs
[2021-05-08 07:20:40,071] {logging_mixin.py:104} INFO - [2021-05-08 07:20:40,071] {dag.py:2280} INFO - Setting next_dagrun for example_complex to None
[2021-05-08 07:20:40,086] {scheduler_job.py:190} INFO - Processing /home/airflow/.local/lib/python3.6/site-packages/airflow/example_dags/example_complex.py took 0.104 seconds
[2021-05-08 07:21:10,690] {scheduler_job.py:182} INFO - Started process (PID=1687) to work on /home/airflow/.local/lib/python3.6/site-packages/airflow/example_dags/example_complex.py
[2021-05-08 07:21:10,692] {scheduler_job.py:629} INFO - Processing file /home/airflow/.local/lib/python3.6/site-packages/airflow/example_dags/example_complex.py for tasks to queue
[2021-05-08 07:21:10,694] {logging_mixin.py:104} INFO - [2021-05-08 07:21:10,694] {dagbag.py:451} INFO - Filling up the DagBag from /home/airflow/.local/lib/python3.6/site-packages/airflow/example_dags/example_complex.py
[2021-05-08 07:21:10,718] {scheduler_job.py:639} INFO - DAG(s) dict_keys(['example_complex']) retrieved from /home/airflow/.local/lib/python3.6/site-packages/airflow/example_dags/example_complex.py
[2021-05-08 07:21:10,756] {logging_mixin.py:104} INFO - [2021-05-08 07:21:10,756] {dag.py:1824} INFO - Sync 1 DAGs
[2021-05-08 07:21:10,776] {logging_mixin.py:104} INFO - [2021-05-08 07:21:10,776] {dag.py:2280} INFO - Setting next_dagrun for example_complex to None
[2021-05-08 07:21:10,791] {scheduler_job.py:190} INFO - Processing /home/airflow/.local/lib/python3.6/site-packages/airflow/example_dags/example_complex.py took 0.106 seconds
[2021-05-08 07:21:41,523] {scheduler_job.py:182} INFO - Started process (PID=1714) to work on /home/airflow/.local/lib/python3.6/site-packages/airflow/example_dags/example_complex.py
[2021-05-08 07:21:41,525] {scheduler_job.py:629} INFO - Processing file /home/airflow/.local/lib/python3.6/site-packages/airflow/example_dags/example_complex.py for tasks to queue
[2021-05-08 07:21:41,527] {logging_mixin.py:104} INFO - [2021-05-08 07:21:41,527] {dagbag.py:451} INFO - Filling up the DagBag from /home/airflow/.local/lib/python3.6/site-packages/airflow/example_dags/example_complex.py
[2021-05-08 07:21:41,551] {scheduler_job.py:639} INFO - DAG(s) dict_keys(['example_complex']) retrieved from /home/airflow/.local/lib/python3.6/site-packages/airflow/example_dags/example_complex.py
[2021-05-08 07:21:41,589] {logging_mixin.py:104} INFO - [2021-05-08 07:21:41,589] {dag.py:1824} INFO - Sync 1 DAGs
[2021-05-08 07:21:41,609] {logging_mixin.py:104} INFO - [2021-05-08 07:21:41,609] {dag.py:2280} INFO - Setting next_dagrun for example_complex to None
[2021-05-08 07:21:41,624] {scheduler_job.py:190} INFO - Processing /home/airflow/.local/lib/python3.6/site-packages/airflow/example_dags/example_complex.py took 0.105 seconds
[2021-05-08 07:22:12,105] {scheduler_job.py:182} INFO - Started process (PID=1741) to work on /home/airflow/.local/lib/python3.6/site-packages/airflow/example_dags/example_complex.py
[2021-05-08 07:22:12,108] {scheduler_job.py:629} INFO - Processing file /home/airflow/.local/lib/python3.6/site-packages/airflow/example_dags/example_complex.py for tasks to queue
[2021-05-08 07:22:12,110] {logging_mixin.py:104} INFO - [2021-05-08 07:22:12,110] {dagbag.py:451} INFO - Filling up the DagBag from /home/airflow/.local/lib/python3.6/site-packages/airflow/example_dags/example_complex.py
[2021-05-08 07:22:12,135] {scheduler_job.py:639} INFO - DAG(s) dict_keys(['example_complex']) retrieved from /home/airflow/.local/lib/python3.6/site-packages/airflow/example_dags/example_complex.py
[2021-05-08 07:22:12,173] {logging_mixin.py:104} INFO - [2021-05-08 07:22:12,173] {dag.py:1824} INFO - Sync 1 DAGs
[2021-05-08 07:22:12,194] {logging_mixin.py:104} INFO - [2021-05-08 07:22:12,194] {dag.py:2280} INFO - Setting next_dagrun for example_complex to None
[2021-05-08 07:22:12,212] {scheduler_job.py:190} INFO - Processing /home/airflow/.local/lib/python3.6/site-packages/airflow/example_dags/example_complex.py took 0.111 seconds
[2021-05-08 07:22:42,839] {scheduler_job.py:182} INFO - Started process (PID=1768) to work on /home/airflow/.local/lib/python3.6/site-packages/airflow/example_dags/example_complex.py
[2021-05-08 07:22:42,842] {scheduler_job.py:629} INFO - Processing file /home/airflow/.local/lib/python3.6/site-packages/airflow/example_dags/example_complex.py for tasks to queue
[2021-05-08 07:22:42,843] {logging_mixin.py:104} INFO - [2021-05-08 07:22:42,843] {dagbag.py:451} INFO - Filling up the DagBag from /home/airflow/.local/lib/python3.6/site-packages/airflow/example_dags/example_complex.py
[2021-05-08 07:22:42,868] {scheduler_job.py:639} INFO - DAG(s) dict_keys(['example_complex']) retrieved from /home/airflow/.local/lib/python3.6/site-packages/airflow/example_dags/example_complex.py
[2021-05-08 07:22:42,903] {logging_mixin.py:104} INFO - [2021-05-08 07:22:42,903] {dag.py:1824} INFO - Sync 1 DAGs
[2021-05-08 07:22:42,929] {logging_mixin.py:104} INFO - [2021-05-08 07:22:42,929] {dag.py:2280} INFO - Setting next_dagrun for example_complex to None
[2021-05-08 07:22:42,944] {scheduler_job.py:190} INFO - Processing /home/airflow/.local/lib/python3.6/site-packages/airflow/example_dags/example_complex.py took 0.109 seconds
[2021-05-08 07:23:13,559] {scheduler_job.py:182} INFO - Started process (PID=1795) to work on /home/airflow/.local/lib/python3.6/site-packages/airflow/example_dags/example_complex.py
[2021-05-08 07:23:13,563] {scheduler_job.py:629} INFO - Processing file /home/airflow/.local/lib/python3.6/site-packages/airflow/example_dags/example_complex.py for tasks to queue
[2021-05-08 07:23:13,565] {logging_mixin.py:104} INFO - [2021-05-08 07:23:13,565] {dagbag.py:451} INFO - Filling up the DagBag from /home/airflow/.local/lib/python3.6/site-packages/airflow/example_dags/example_complex.py
[2021-05-08 07:23:13,601] {scheduler_job.py:639} INFO - DAG(s) dict_keys(['example_complex']) retrieved from /home/airflow/.local/lib/python3.6/site-packages/airflow/example_dags/example_complex.py
[2021-05-08 07:23:13,649] {logging_mixin.py:104} INFO - [2021-05-08 07:23:13,649] {dag.py:1824} INFO - Sync 1 DAGs
[2021-05-08 07:23:13,670] {logging_mixin.py:104} INFO - [2021-05-08 07:23:13,669] {dag.py:2280} INFO - Setting next_dagrun for example_complex to None
[2021-05-08 07:23:13,685] {scheduler_job.py:190} INFO - Processing /home/airflow/.local/lib/python3.6/site-packages/airflow/example_dags/example_complex.py took 0.133 seconds
[2021-05-08 07:23:44,025] {scheduler_job.py:182} INFO - Started process (PID=1822) to work on /home/airflow/.local/lib/python3.6/site-packages/airflow/example_dags/example_complex.py
[2021-05-08 07:23:44,028] {scheduler_job.py:629} INFO - Processing file /home/airflow/.local/lib/python3.6/site-packages/airflow/example_dags/example_complex.py for tasks to queue
[2021-05-08 07:23:44,030] {logging_mixin.py:104} INFO - [2021-05-08 07:23:44,030] {dagbag.py:451} INFO - Filling up the DagBag from /home/airflow/.local/lib/python3.6/site-packages/airflow/example_dags/example_complex.py
[2021-05-08 07:23:44,058] {scheduler_job.py:639} INFO - DAG(s) dict_keys(['example_complex']) retrieved from /home/airflow/.local/lib/python3.6/site-packages/airflow/example_dags/example_complex.py
[2021-05-08 07:23:44,095] {logging_mixin.py:104} INFO - [2021-05-08 07:23:44,095] {dag.py:1824} INFO - Sync 1 DAGs
[2021-05-08 07:23:44,116] {logging_mixin.py:104} INFO - [2021-05-08 07:23:44,116] {dag.py:2280} INFO - Setting next_dagrun for example_complex to None
[2021-05-08 07:23:44,130] {scheduler_job.py:190} INFO - Processing /home/airflow/.local/lib/python3.6/site-packages/airflow/example_dags/example_complex.py took 0.108 seconds
[2021-05-08 07:24:14,518] {scheduler_job.py:182} INFO - Started process (PID=1849) to work on /home/airflow/.local/lib/python3.6/site-packages/airflow/example_dags/example_complex.py
[2021-05-08 07:24:14,520] {scheduler_job.py:629} INFO - Processing file /home/airflow/.local/lib/python3.6/site-packages/airflow/example_dags/example_complex.py for tasks to queue
[2021-05-08 07:24:14,522] {logging_mixin.py:104} INFO - [2021-05-08 07:24:14,522] {dagbag.py:451} INFO - Filling up the DagBag from /home/airflow/.local/lib/python3.6/site-packages/airflow/example_dags/example_complex.py
[2021-05-08 07:24:14,546] {scheduler_job.py:639} INFO - DAG(s) dict_keys(['example_complex']) retrieved from /home/airflow/.local/lib/python3.6/site-packages/airflow/example_dags/example_complex.py
[2021-05-08 07:24:14,585] {logging_mixin.py:104} INFO - [2021-05-08 07:24:14,585] {dag.py:1824} INFO - Sync 1 DAGs
[2021-05-08 07:24:14,606] {logging_mixin.py:104} INFO - [2021-05-08 07:24:14,606] {dag.py:2280} INFO - Setting next_dagrun for example_complex to None
[2021-05-08 07:24:14,626] {scheduler_job.py:190} INFO - Processing /home/airflow/.local/lib/python3.6/site-packages/airflow/example_dags/example_complex.py took 0.112 seconds
[2021-05-08 07:24:45,099] {scheduler_job.py:182} INFO - Started process (PID=1876) to work on /home/airflow/.local/lib/python3.6/site-packages/airflow/example_dags/example_complex.py
[2021-05-08 07:24:45,101] {scheduler_job.py:629} INFO - Processing file /home/airflow/.local/lib/python3.6/site-packages/airflow/example_dags/example_complex.py for tasks to queue
[2021-05-08 07:24:45,103] {logging_mixin.py:104} INFO - [2021-05-08 07:24:45,103] {dagbag.py:451} INFO - Filling up the DagBag from /home/airflow/.local/lib/python3.6/site-packages/airflow/example_dags/example_complex.py
[2021-05-08 07:24:45,126] {scheduler_job.py:639} INFO - DAG(s) dict_keys(['example_complex']) retrieved from /home/airflow/.local/lib/python3.6/site-packages/airflow/example_dags/example_complex.py
[2021-05-08 07:24:45,161] {logging_mixin.py:104} INFO - [2021-05-08 07:24:45,161] {dag.py:1824} INFO - Sync 1 DAGs
[2021-05-08 07:24:45,183] {logging_mixin.py:104} INFO - [2021-05-08 07:24:45,183] {dag.py:2280} INFO - Setting next_dagrun for example_complex to None
[2021-05-08 07:24:45,198] {scheduler_job.py:190} INFO - Processing /home/airflow/.local/lib/python3.6/site-packages/airflow/example_dags/example_complex.py took 0.103 seconds
[2021-05-08 07:25:15,871] {scheduler_job.py:182} INFO - Started process (PID=1903) to work on /home/airflow/.local/lib/python3.6/site-packages/airflow/example_dags/example_complex.py
[2021-05-08 07:25:15,873] {scheduler_job.py:629} INFO - Processing file /home/airflow/.local/lib/python3.6/site-packages/airflow/example_dags/example_complex.py for tasks to queue
[2021-05-08 07:25:15,875] {logging_mixin.py:104} INFO - [2021-05-08 07:25:15,875] {dagbag.py:451} INFO - Filling up the DagBag from /home/airflow/.local/lib/python3.6/site-packages/airflow/example_dags/example_complex.py
[2021-05-08 07:25:15,898] {scheduler_job.py:639} INFO - DAG(s) dict_keys(['example_complex']) retrieved from /home/airflow/.local/lib/python3.6/site-packages/airflow/example_dags/example_complex.py
[2021-05-08 07:25:15,938] {logging_mixin.py:104} INFO - [2021-05-08 07:25:15,938] {dag.py:1824} INFO - Sync 1 DAGs
[2021-05-08 07:25:15,957] {logging_mixin.py:104} INFO - [2021-05-08 07:25:15,957] {dag.py:2280} INFO - Setting next_dagrun for example_complex to None
[2021-05-08 07:25:15,973] {scheduler_job.py:190} INFO - Processing /home/airflow/.local/lib/python3.6/site-packages/airflow/example_dags/example_complex.py took 0.107 seconds
[2021-05-08 07:25:46,433] {scheduler_job.py:182} INFO - Started process (PID=1930) to work on /home/airflow/.local/lib/python3.6/site-packages/airflow/example_dags/example_complex.py
[2021-05-08 07:25:46,435] {scheduler_job.py:629} INFO - Processing file /home/airflow/.local/lib/python3.6/site-packages/airflow/example_dags/example_complex.py for tasks to queue
[2021-05-08 07:25:46,437] {logging_mixin.py:104} INFO - [2021-05-08 07:25:46,437] {dagbag.py:451} INFO - Filling up the DagBag from /home/airflow/.local/lib/python3.6/site-packages/airflow/example_dags/example_complex.py
[2021-05-08 07:25:46,460] {scheduler_job.py:639} INFO - DAG(s) dict_keys(['example_complex']) retrieved from /home/airflow/.local/lib/python3.6/site-packages/airflow/example_dags/example_complex.py
[2021-05-08 07:25:46,495] {logging_mixin.py:104} INFO - [2021-05-08 07:25:46,495] {dag.py:1824} INFO - Sync 1 DAGs
[2021-05-08 07:25:46,514] {logging_mixin.py:104} INFO - [2021-05-08 07:25:46,514] {dag.py:2280} INFO - Setting next_dagrun for example_complex to None
[2021-05-08 07:25:46,540] {scheduler_job.py:190} INFO - Processing /home/airflow/.local/lib/python3.6/site-packages/airflow/example_dags/example_complex.py took 0.111 seconds
[2021-05-08 07:26:17,085] {scheduler_job.py:182} INFO - Started process (PID=1957) to work on /home/airflow/.local/lib/python3.6/site-packages/airflow/example_dags/example_complex.py
[2021-05-08 07:26:17,088] {scheduler_job.py:629} INFO - Processing file /home/airflow/.local/lib/python3.6/site-packages/airflow/example_dags/example_complex.py for tasks to queue
[2021-05-08 07:26:17,089] {logging_mixin.py:104} INFO - [2021-05-08 07:26:17,089] {dagbag.py:451} INFO - Filling up the DagBag from /home/airflow/.local/lib/python3.6/site-packages/airflow/example_dags/example_complex.py
[2021-05-08 07:26:17,113] {scheduler_job.py:639} INFO - DAG(s) dict_keys(['example_complex']) retrieved from /home/airflow/.local/lib/python3.6/site-packages/airflow/example_dags/example_complex.py
[2021-05-08 07:26:17,150] {logging_mixin.py:104} INFO - [2021-05-08 07:26:17,150] {dag.py:1824} INFO - Sync 1 DAGs
[2021-05-08 07:26:17,170] {logging_mixin.py:104} INFO - [2021-05-08 07:26:17,170] {dag.py:2280} INFO - Setting next_dagrun for example_complex to None
[2021-05-08 07:26:17,187] {scheduler_job.py:190} INFO - Processing /home/airflow/.local/lib/python3.6/site-packages/airflow/example_dags/example_complex.py took 0.106 seconds
[2021-05-08 07:26:47,831] {scheduler_job.py:182} INFO - Started process (PID=1984) to work on /home/airflow/.local/lib/python3.6/site-packages/airflow/example_dags/example_complex.py
[2021-05-08 07:26:47,833] {scheduler_job.py:629} INFO - Processing file /home/airflow/.local/lib/python3.6/site-packages/airflow/example_dags/example_complex.py for tasks to queue
[2021-05-08 07:26:47,836] {logging_mixin.py:104} INFO - [2021-05-08 07:26:47,835] {dagbag.py:451} INFO - Filling up the DagBag from /home/airflow/.local/lib/python3.6/site-packages/airflow/example_dags/example_complex.py
[2021-05-08 07:26:47,860] {scheduler_job.py:639} INFO - DAG(s) dict_keys(['example_complex']) retrieved from /home/airflow/.local/lib/python3.6/site-packages/airflow/example_dags/example_complex.py
[2021-05-08 07:26:47,897] {logging_mixin.py:104} INFO - [2021-05-08 07:26:47,897] {dag.py:1824} INFO - Sync 1 DAGs
[2021-05-08 07:26:47,917] {logging_mixin.py:104} INFO - [2021-05-08 07:26:47,917] {dag.py:2280} INFO - Setting next_dagrun for example_complex to None
[2021-05-08 07:26:47,937] {scheduler_job.py:190} INFO - Processing /home/airflow/.local/lib/python3.6/site-packages/airflow/example_dags/example_complex.py took 0.111 seconds
