[2021-05-08 06:50:00,442] {scheduler_job.py:182} INFO - Started process (PID=56) to work on /home/airflow/.local/lib/python3.6/site-packages/airflow/example_dags/example_kubernetes_executor_config.py
[2021-05-08 06:50:00,446] {scheduler_job.py:629} INFO - Processing file /home/airflow/.local/lib/python3.6/site-packages/airflow/example_dags/example_kubernetes_executor_config.py for tasks to queue
[2021-05-08 06:50:00,449] {logging_mixin.py:104} INFO - [2021-05-08 06:50:00,449] {dagbag.py:451} INFO - Filling up the DagBag from /home/airflow/.local/lib/python3.6/site-packages/airflow/example_dags/example_kubernetes_executor_config.py
[2021-05-08 06:50:00,484] {scheduler_job.py:639} INFO - DAG(s) dict_keys(['example_kubernetes_executor_config']) retrieved from /home/airflow/.local/lib/python3.6/site-packages/airflow/example_dags/example_kubernetes_executor_config.py
[2021-05-08 06:50:00,583] {logging_mixin.py:104} INFO - [2021-05-08 06:50:00,583] {dag.py:1824} INFO - Sync 1 DAGs
[2021-05-08 06:50:00,623] {logging_mixin.py:104} INFO - [2021-05-08 06:50:00,623] {dag.py:2280} INFO - Setting next_dagrun for example_kubernetes_executor_config to None
[2021-05-08 06:50:00,668] {scheduler_job.py:190} INFO - Processing /home/airflow/.local/lib/python3.6/site-packages/airflow/example_dags/example_kubernetes_executor_config.py took 0.231 seconds
[2021-05-08 06:50:31,122] {scheduler_job.py:182} INFO - Started process (PID=82) to work on /home/airflow/.local/lib/python3.6/site-packages/airflow/example_dags/example_kubernetes_executor_config.py
[2021-05-08 06:50:31,126] {scheduler_job.py:629} INFO - Processing file /home/airflow/.local/lib/python3.6/site-packages/airflow/example_dags/example_kubernetes_executor_config.py for tasks to queue
[2021-05-08 06:50:31,129] {logging_mixin.py:104} INFO - [2021-05-08 06:50:31,129] {dagbag.py:451} INFO - Filling up the DagBag from /home/airflow/.local/lib/python3.6/site-packages/airflow/example_dags/example_kubernetes_executor_config.py
[2021-05-08 06:50:31,162] {scheduler_job.py:639} INFO - DAG(s) dict_keys(['example_kubernetes_executor_config']) retrieved from /home/airflow/.local/lib/python3.6/site-packages/airflow/example_dags/example_kubernetes_executor_config.py
[2021-05-08 06:50:31,236] {logging_mixin.py:104} INFO - [2021-05-08 06:50:31,236] {dag.py:1824} INFO - Sync 1 DAGs
[2021-05-08 06:50:31,262] {logging_mixin.py:104} INFO - [2021-05-08 06:50:31,262] {dag.py:2280} INFO - Setting next_dagrun for example_kubernetes_executor_config to None
[2021-05-08 06:50:31,290] {scheduler_job.py:190} INFO - Processing /home/airflow/.local/lib/python3.6/site-packages/airflow/example_dags/example_kubernetes_executor_config.py took 0.174 seconds
[2021-05-08 06:51:01,982] {scheduler_job.py:182} INFO - Started process (PID=110) to work on /home/airflow/.local/lib/python3.6/site-packages/airflow/example_dags/example_kubernetes_executor_config.py
[2021-05-08 06:51:01,985] {scheduler_job.py:629} INFO - Processing file /home/airflow/.local/lib/python3.6/site-packages/airflow/example_dags/example_kubernetes_executor_config.py for tasks to queue
[2021-05-08 06:51:01,987] {logging_mixin.py:104} INFO - [2021-05-08 06:51:01,987] {dagbag.py:451} INFO - Filling up the DagBag from /home/airflow/.local/lib/python3.6/site-packages/airflow/example_dags/example_kubernetes_executor_config.py
[2021-05-08 06:51:02,007] {scheduler_job.py:639} INFO - DAG(s) dict_keys(['example_kubernetes_executor_config']) retrieved from /home/airflow/.local/lib/python3.6/site-packages/airflow/example_dags/example_kubernetes_executor_config.py
[2021-05-08 06:51:02,042] {logging_mixin.py:104} INFO - [2021-05-08 06:51:02,042] {dag.py:1824} INFO - Sync 1 DAGs
[2021-05-08 06:51:02,073] {logging_mixin.py:104} INFO - [2021-05-08 06:51:02,073] {dag.py:2280} INFO - Setting next_dagrun for example_kubernetes_executor_config to None
[2021-05-08 06:51:02,087] {scheduler_job.py:190} INFO - Processing /home/airflow/.local/lib/python3.6/site-packages/airflow/example_dags/example_kubernetes_executor_config.py took 0.121 seconds
[2021-05-08 06:51:32,656] {scheduler_job.py:182} INFO - Started process (PID=137) to work on /home/airflow/.local/lib/python3.6/site-packages/airflow/example_dags/example_kubernetes_executor_config.py
[2021-05-08 06:51:32,659] {scheduler_job.py:629} INFO - Processing file /home/airflow/.local/lib/python3.6/site-packages/airflow/example_dags/example_kubernetes_executor_config.py for tasks to queue
[2021-05-08 06:51:32,661] {logging_mixin.py:104} INFO - [2021-05-08 06:51:32,661] {dagbag.py:451} INFO - Filling up the DagBag from /home/airflow/.local/lib/python3.6/site-packages/airflow/example_dags/example_kubernetes_executor_config.py
[2021-05-08 06:51:32,679] {scheduler_job.py:639} INFO - DAG(s) dict_keys(['example_kubernetes_executor_config']) retrieved from /home/airflow/.local/lib/python3.6/site-packages/airflow/example_dags/example_kubernetes_executor_config.py
[2021-05-08 06:51:32,711] {logging_mixin.py:104} INFO - [2021-05-08 06:51:32,711] {dag.py:1824} INFO - Sync 1 DAGs
[2021-05-08 06:51:32,732] {logging_mixin.py:104} INFO - [2021-05-08 06:51:32,732] {dag.py:2280} INFO - Setting next_dagrun for example_kubernetes_executor_config to None
[2021-05-08 06:51:32,745] {scheduler_job.py:190} INFO - Processing /home/airflow/.local/lib/python3.6/site-packages/airflow/example_dags/example_kubernetes_executor_config.py took 0.093 seconds
[2021-05-08 06:52:03,349] {scheduler_job.py:182} INFO - Started process (PID=164) to work on /home/airflow/.local/lib/python3.6/site-packages/airflow/example_dags/example_kubernetes_executor_config.py
[2021-05-08 06:52:03,352] {scheduler_job.py:629} INFO - Processing file /home/airflow/.local/lib/python3.6/site-packages/airflow/example_dags/example_kubernetes_executor_config.py for tasks to queue
[2021-05-08 06:52:03,354] {logging_mixin.py:104} INFO - [2021-05-08 06:52:03,353] {dagbag.py:451} INFO - Filling up the DagBag from /home/airflow/.local/lib/python3.6/site-packages/airflow/example_dags/example_kubernetes_executor_config.py
[2021-05-08 06:52:03,372] {scheduler_job.py:639} INFO - DAG(s) dict_keys(['example_kubernetes_executor_config']) retrieved from /home/airflow/.local/lib/python3.6/site-packages/airflow/example_dags/example_kubernetes_executor_config.py
[2021-05-08 06:52:03,402] {logging_mixin.py:104} INFO - [2021-05-08 06:52:03,402] {dag.py:1824} INFO - Sync 1 DAGs
[2021-05-08 06:52:03,423] {logging_mixin.py:104} INFO - [2021-05-08 06:52:03,423] {dag.py:2280} INFO - Setting next_dagrun for example_kubernetes_executor_config to None
[2021-05-08 06:52:03,437] {scheduler_job.py:190} INFO - Processing /home/airflow/.local/lib/python3.6/site-packages/airflow/example_dags/example_kubernetes_executor_config.py took 0.093 seconds
[2021-05-08 06:52:33,852] {scheduler_job.py:182} INFO - Started process (PID=191) to work on /home/airflow/.local/lib/python3.6/site-packages/airflow/example_dags/example_kubernetes_executor_config.py
[2021-05-08 06:52:33,856] {scheduler_job.py:629} INFO - Processing file /home/airflow/.local/lib/python3.6/site-packages/airflow/example_dags/example_kubernetes_executor_config.py for tasks to queue
[2021-05-08 06:52:33,857] {logging_mixin.py:104} INFO - [2021-05-08 06:52:33,857] {dagbag.py:451} INFO - Filling up the DagBag from /home/airflow/.local/lib/python3.6/site-packages/airflow/example_dags/example_kubernetes_executor_config.py
[2021-05-08 06:52:33,877] {scheduler_job.py:639} INFO - DAG(s) dict_keys(['example_kubernetes_executor_config']) retrieved from /home/airflow/.local/lib/python3.6/site-packages/airflow/example_dags/example_kubernetes_executor_config.py
[2021-05-08 06:52:33,905] {logging_mixin.py:104} INFO - [2021-05-08 06:52:33,905] {dag.py:1824} INFO - Sync 1 DAGs
[2021-05-08 06:52:33,924] {logging_mixin.py:104} INFO - [2021-05-08 06:52:33,924] {dag.py:2280} INFO - Setting next_dagrun for example_kubernetes_executor_config to None
[2021-05-08 06:52:33,937] {scheduler_job.py:190} INFO - Processing /home/airflow/.local/lib/python3.6/site-packages/airflow/example_dags/example_kubernetes_executor_config.py took 0.092 seconds
[2021-05-08 06:53:04,585] {scheduler_job.py:182} INFO - Started process (PID=218) to work on /home/airflow/.local/lib/python3.6/site-packages/airflow/example_dags/example_kubernetes_executor_config.py
[2021-05-08 06:53:04,587] {scheduler_job.py:629} INFO - Processing file /home/airflow/.local/lib/python3.6/site-packages/airflow/example_dags/example_kubernetes_executor_config.py for tasks to queue
[2021-05-08 06:53:04,589] {logging_mixin.py:104} INFO - [2021-05-08 06:53:04,588] {dagbag.py:451} INFO - Filling up the DagBag from /home/airflow/.local/lib/python3.6/site-packages/airflow/example_dags/example_kubernetes_executor_config.py
[2021-05-08 06:53:04,605] {scheduler_job.py:639} INFO - DAG(s) dict_keys(['example_kubernetes_executor_config']) retrieved from /home/airflow/.local/lib/python3.6/site-packages/airflow/example_dags/example_kubernetes_executor_config.py
[2021-05-08 06:53:04,636] {logging_mixin.py:104} INFO - [2021-05-08 06:53:04,636] {dag.py:1824} INFO - Sync 1 DAGs
[2021-05-08 06:53:04,654] {logging_mixin.py:104} INFO - [2021-05-08 06:53:04,654] {dag.py:2280} INFO - Setting next_dagrun for example_kubernetes_executor_config to None
[2021-05-08 06:53:04,667] {scheduler_job.py:190} INFO - Processing /home/airflow/.local/lib/python3.6/site-packages/airflow/example_dags/example_kubernetes_executor_config.py took 0.086 seconds
[2021-05-08 06:53:35,184] {scheduler_job.py:182} INFO - Started process (PID=245) to work on /home/airflow/.local/lib/python3.6/site-packages/airflow/example_dags/example_kubernetes_executor_config.py
[2021-05-08 06:53:35,186] {scheduler_job.py:629} INFO - Processing file /home/airflow/.local/lib/python3.6/site-packages/airflow/example_dags/example_kubernetes_executor_config.py for tasks to queue
[2021-05-08 06:53:35,188] {logging_mixin.py:104} INFO - [2021-05-08 06:53:35,188] {dagbag.py:451} INFO - Filling up the DagBag from /home/airflow/.local/lib/python3.6/site-packages/airflow/example_dags/example_kubernetes_executor_config.py
[2021-05-08 06:53:35,204] {scheduler_job.py:639} INFO - DAG(s) dict_keys(['example_kubernetes_executor_config']) retrieved from /home/airflow/.local/lib/python3.6/site-packages/airflow/example_dags/example_kubernetes_executor_config.py
[2021-05-08 06:53:35,236] {logging_mixin.py:104} INFO - [2021-05-08 06:53:35,236] {dag.py:1824} INFO - Sync 1 DAGs
[2021-05-08 06:53:35,255] {logging_mixin.py:104} INFO - [2021-05-08 06:53:35,255] {dag.py:2280} INFO - Setting next_dagrun for example_kubernetes_executor_config to None
[2021-05-08 06:53:35,268] {scheduler_job.py:190} INFO - Processing /home/airflow/.local/lib/python3.6/site-packages/airflow/example_dags/example_kubernetes_executor_config.py took 0.089 seconds
[2021-05-08 06:54:05,820] {scheduler_job.py:182} INFO - Started process (PID=272) to work on /home/airflow/.local/lib/python3.6/site-packages/airflow/example_dags/example_kubernetes_executor_config.py
[2021-05-08 06:54:05,823] {scheduler_job.py:629} INFO - Processing file /home/airflow/.local/lib/python3.6/site-packages/airflow/example_dags/example_kubernetes_executor_config.py for tasks to queue
[2021-05-08 06:54:05,826] {logging_mixin.py:104} INFO - [2021-05-08 06:54:05,826] {dagbag.py:451} INFO - Filling up the DagBag from /home/airflow/.local/lib/python3.6/site-packages/airflow/example_dags/example_kubernetes_executor_config.py
[2021-05-08 06:54:05,850] {scheduler_job.py:639} INFO - DAG(s) dict_keys(['example_kubernetes_executor_config']) retrieved from /home/airflow/.local/lib/python3.6/site-packages/airflow/example_dags/example_kubernetes_executor_config.py
[2021-05-08 06:54:05,895] {logging_mixin.py:104} INFO - [2021-05-08 06:54:05,895] {dag.py:1824} INFO - Sync 1 DAGs
[2021-05-08 06:54:05,929] {logging_mixin.py:104} INFO - [2021-05-08 06:54:05,929] {dag.py:2280} INFO - Setting next_dagrun for example_kubernetes_executor_config to None
[2021-05-08 06:54:05,945] {scheduler_job.py:190} INFO - Processing /home/airflow/.local/lib/python3.6/site-packages/airflow/example_dags/example_kubernetes_executor_config.py took 0.132 seconds
[2021-05-08 06:54:36,689] {scheduler_job.py:182} INFO - Started process (PID=299) to work on /home/airflow/.local/lib/python3.6/site-packages/airflow/example_dags/example_kubernetes_executor_config.py
[2021-05-08 06:54:36,691] {scheduler_job.py:629} INFO - Processing file /home/airflow/.local/lib/python3.6/site-packages/airflow/example_dags/example_kubernetes_executor_config.py for tasks to queue
[2021-05-08 06:54:36,693] {logging_mixin.py:104} INFO - [2021-05-08 06:54:36,693] {dagbag.py:451} INFO - Filling up the DagBag from /home/airflow/.local/lib/python3.6/site-packages/airflow/example_dags/example_kubernetes_executor_config.py
[2021-05-08 06:54:36,718] {scheduler_job.py:639} INFO - DAG(s) dict_keys(['example_kubernetes_executor_config']) retrieved from /home/airflow/.local/lib/python3.6/site-packages/airflow/example_dags/example_kubernetes_executor_config.py
[2021-05-08 06:54:36,757] {logging_mixin.py:104} INFO - [2021-05-08 06:54:36,756] {dag.py:1824} INFO - Sync 1 DAGs
[2021-05-08 06:54:36,791] {logging_mixin.py:104} INFO - [2021-05-08 06:54:36,791] {dag.py:2280} INFO - Setting next_dagrun for example_kubernetes_executor_config to None
[2021-05-08 06:54:36,804] {scheduler_job.py:190} INFO - Processing /home/airflow/.local/lib/python3.6/site-packages/airflow/example_dags/example_kubernetes_executor_config.py took 0.120 seconds
[2021-05-08 06:55:07,463] {scheduler_job.py:182} INFO - Started process (PID=326) to work on /home/airflow/.local/lib/python3.6/site-packages/airflow/example_dags/example_kubernetes_executor_config.py
[2021-05-08 06:55:07,465] {scheduler_job.py:629} INFO - Processing file /home/airflow/.local/lib/python3.6/site-packages/airflow/example_dags/example_kubernetes_executor_config.py for tasks to queue
[2021-05-08 06:55:07,467] {logging_mixin.py:104} INFO - [2021-05-08 06:55:07,467] {dagbag.py:451} INFO - Filling up the DagBag from /home/airflow/.local/lib/python3.6/site-packages/airflow/example_dags/example_kubernetes_executor_config.py
[2021-05-08 06:55:07,488] {scheduler_job.py:639} INFO - DAG(s) dict_keys(['example_kubernetes_executor_config']) retrieved from /home/airflow/.local/lib/python3.6/site-packages/airflow/example_dags/example_kubernetes_executor_config.py
[2021-05-08 06:55:07,528] {logging_mixin.py:104} INFO - [2021-05-08 06:55:07,528] {dag.py:1824} INFO - Sync 1 DAGs
[2021-05-08 06:55:07,550] {logging_mixin.py:104} INFO - [2021-05-08 06:55:07,550] {dag.py:2280} INFO - Setting next_dagrun for example_kubernetes_executor_config to None
[2021-05-08 06:55:07,563] {scheduler_job.py:190} INFO - Processing /home/airflow/.local/lib/python3.6/site-packages/airflow/example_dags/example_kubernetes_executor_config.py took 0.104 seconds
[2021-05-08 06:55:37,840] {scheduler_job.py:182} INFO - Started process (PID=352) to work on /home/airflow/.local/lib/python3.6/site-packages/airflow/example_dags/example_kubernetes_executor_config.py
[2021-05-08 06:55:37,843] {scheduler_job.py:629} INFO - Processing file /home/airflow/.local/lib/python3.6/site-packages/airflow/example_dags/example_kubernetes_executor_config.py for tasks to queue
[2021-05-08 06:55:37,845] {logging_mixin.py:104} INFO - [2021-05-08 06:55:37,845] {dagbag.py:451} INFO - Filling up the DagBag from /home/airflow/.local/lib/python3.6/site-packages/airflow/example_dags/example_kubernetes_executor_config.py
[2021-05-08 06:55:37,865] {scheduler_job.py:639} INFO - DAG(s) dict_keys(['example_kubernetes_executor_config']) retrieved from /home/airflow/.local/lib/python3.6/site-packages/airflow/example_dags/example_kubernetes_executor_config.py
[2021-05-08 06:55:37,897] {logging_mixin.py:104} INFO - [2021-05-08 06:55:37,897] {dag.py:1824} INFO - Sync 1 DAGs
[2021-05-08 06:55:37,917] {logging_mixin.py:104} INFO - [2021-05-08 06:55:37,917] {dag.py:2280} INFO - Setting next_dagrun for example_kubernetes_executor_config to None
[2021-05-08 06:55:37,930] {scheduler_job.py:190} INFO - Processing /home/airflow/.local/lib/python3.6/site-packages/airflow/example_dags/example_kubernetes_executor_config.py took 0.094 seconds
[2021-05-08 06:56:08,466] {scheduler_job.py:182} INFO - Started process (PID=380) to work on /home/airflow/.local/lib/python3.6/site-packages/airflow/example_dags/example_kubernetes_executor_config.py
[2021-05-08 06:56:08,469] {scheduler_job.py:629} INFO - Processing file /home/airflow/.local/lib/python3.6/site-packages/airflow/example_dags/example_kubernetes_executor_config.py for tasks to queue
[2021-05-08 06:56:08,471] {logging_mixin.py:104} INFO - [2021-05-08 06:56:08,471] {dagbag.py:451} INFO - Filling up the DagBag from /home/airflow/.local/lib/python3.6/site-packages/airflow/example_dags/example_kubernetes_executor_config.py
[2021-05-08 06:56:08,489] {scheduler_job.py:639} INFO - DAG(s) dict_keys(['example_kubernetes_executor_config']) retrieved from /home/airflow/.local/lib/python3.6/site-packages/airflow/example_dags/example_kubernetes_executor_config.py
[2021-05-08 06:56:08,525] {logging_mixin.py:104} INFO - [2021-05-08 06:56:08,525] {dag.py:1824} INFO - Sync 1 DAGs
[2021-05-08 06:56:08,547] {logging_mixin.py:104} INFO - [2021-05-08 06:56:08,547] {dag.py:2280} INFO - Setting next_dagrun for example_kubernetes_executor_config to None
[2021-05-08 06:56:08,563] {scheduler_job.py:190} INFO - Processing /home/airflow/.local/lib/python3.6/site-packages/airflow/example_dags/example_kubernetes_executor_config.py took 0.101 seconds
[2021-05-08 06:56:39,122] {scheduler_job.py:182} INFO - Started process (PID=407) to work on /home/airflow/.local/lib/python3.6/site-packages/airflow/example_dags/example_kubernetes_executor_config.py
[2021-05-08 06:56:39,125] {scheduler_job.py:629} INFO - Processing file /home/airflow/.local/lib/python3.6/site-packages/airflow/example_dags/example_kubernetes_executor_config.py for tasks to queue
[2021-05-08 06:56:39,127] {logging_mixin.py:104} INFO - [2021-05-08 06:56:39,127] {dagbag.py:451} INFO - Filling up the DagBag from /home/airflow/.local/lib/python3.6/site-packages/airflow/example_dags/example_kubernetes_executor_config.py
[2021-05-08 06:56:39,148] {scheduler_job.py:639} INFO - DAG(s) dict_keys(['example_kubernetes_executor_config']) retrieved from /home/airflow/.local/lib/python3.6/site-packages/airflow/example_dags/example_kubernetes_executor_config.py
[2021-05-08 06:56:39,183] {logging_mixin.py:104} INFO - [2021-05-08 06:56:39,183] {dag.py:1824} INFO - Sync 1 DAGs
[2021-05-08 06:56:39,204] {logging_mixin.py:104} INFO - [2021-05-08 06:56:39,204] {dag.py:2280} INFO - Setting next_dagrun for example_kubernetes_executor_config to None
[2021-05-08 06:56:39,217] {scheduler_job.py:190} INFO - Processing /home/airflow/.local/lib/python3.6/site-packages/airflow/example_dags/example_kubernetes_executor_config.py took 0.099 seconds
[2021-05-08 06:57:09,820] {scheduler_job.py:182} INFO - Started process (PID=434) to work on /home/airflow/.local/lib/python3.6/site-packages/airflow/example_dags/example_kubernetes_executor_config.py
[2021-05-08 06:57:09,824] {scheduler_job.py:629} INFO - Processing file /home/airflow/.local/lib/python3.6/site-packages/airflow/example_dags/example_kubernetes_executor_config.py for tasks to queue
[2021-05-08 06:57:09,825] {logging_mixin.py:104} INFO - [2021-05-08 06:57:09,825] {dagbag.py:451} INFO - Filling up the DagBag from /home/airflow/.local/lib/python3.6/site-packages/airflow/example_dags/example_kubernetes_executor_config.py
[2021-05-08 06:57:09,843] {scheduler_job.py:639} INFO - DAG(s) dict_keys(['example_kubernetes_executor_config']) retrieved from /home/airflow/.local/lib/python3.6/site-packages/airflow/example_dags/example_kubernetes_executor_config.py
[2021-05-08 06:57:09,873] {logging_mixin.py:104} INFO - [2021-05-08 06:57:09,873] {dag.py:1824} INFO - Sync 1 DAGs
[2021-05-08 06:57:09,894] {logging_mixin.py:104} INFO - [2021-05-08 06:57:09,894] {dag.py:2280} INFO - Setting next_dagrun for example_kubernetes_executor_config to None
[2021-05-08 06:57:09,908] {scheduler_job.py:190} INFO - Processing /home/airflow/.local/lib/python3.6/site-packages/airflow/example_dags/example_kubernetes_executor_config.py took 0.091 seconds
[2021-05-08 06:57:40,692] {scheduler_job.py:182} INFO - Started process (PID=461) to work on /home/airflow/.local/lib/python3.6/site-packages/airflow/example_dags/example_kubernetes_executor_config.py
[2021-05-08 06:57:40,696] {scheduler_job.py:629} INFO - Processing file /home/airflow/.local/lib/python3.6/site-packages/airflow/example_dags/example_kubernetes_executor_config.py for tasks to queue
[2021-05-08 06:57:40,698] {logging_mixin.py:104} INFO - [2021-05-08 06:57:40,698] {dagbag.py:451} INFO - Filling up the DagBag from /home/airflow/.local/lib/python3.6/site-packages/airflow/example_dags/example_kubernetes_executor_config.py
[2021-05-08 06:57:40,724] {scheduler_job.py:639} INFO - DAG(s) dict_keys(['example_kubernetes_executor_config']) retrieved from /home/airflow/.local/lib/python3.6/site-packages/airflow/example_dags/example_kubernetes_executor_config.py
[2021-05-08 06:57:40,768] {logging_mixin.py:104} INFO - [2021-05-08 06:57:40,767] {dag.py:1824} INFO - Sync 1 DAGs
[2021-05-08 06:57:40,795] {logging_mixin.py:104} INFO - [2021-05-08 06:57:40,795] {dag.py:2280} INFO - Setting next_dagrun for example_kubernetes_executor_config to None
[2021-05-08 06:57:40,812] {scheduler_job.py:190} INFO - Processing /home/airflow/.local/lib/python3.6/site-packages/airflow/example_dags/example_kubernetes_executor_config.py took 0.124 seconds
[2021-05-08 06:58:11,525] {scheduler_job.py:182} INFO - Started process (PID=488) to work on /home/airflow/.local/lib/python3.6/site-packages/airflow/example_dags/example_kubernetes_executor_config.py
[2021-05-08 06:58:11,528] {scheduler_job.py:629} INFO - Processing file /home/airflow/.local/lib/python3.6/site-packages/airflow/example_dags/example_kubernetes_executor_config.py for tasks to queue
[2021-05-08 06:58:11,530] {logging_mixin.py:104} INFO - [2021-05-08 06:58:11,530] {dagbag.py:451} INFO - Filling up the DagBag from /home/airflow/.local/lib/python3.6/site-packages/airflow/example_dags/example_kubernetes_executor_config.py
[2021-05-08 06:58:11,552] {scheduler_job.py:639} INFO - DAG(s) dict_keys(['example_kubernetes_executor_config']) retrieved from /home/airflow/.local/lib/python3.6/site-packages/airflow/example_dags/example_kubernetes_executor_config.py
[2021-05-08 06:58:11,587] {logging_mixin.py:104} INFO - [2021-05-08 06:58:11,587] {dag.py:1824} INFO - Sync 1 DAGs
[2021-05-08 06:58:11,614] {logging_mixin.py:104} INFO - [2021-05-08 06:58:11,614] {dag.py:2280} INFO - Setting next_dagrun for example_kubernetes_executor_config to None
[2021-05-08 06:58:11,630] {scheduler_job.py:190} INFO - Processing /home/airflow/.local/lib/python3.6/site-packages/airflow/example_dags/example_kubernetes_executor_config.py took 0.108 seconds
[2021-05-08 06:58:42,360] {scheduler_job.py:182} INFO - Started process (PID=515) to work on /home/airflow/.local/lib/python3.6/site-packages/airflow/example_dags/example_kubernetes_executor_config.py
[2021-05-08 06:58:42,363] {scheduler_job.py:629} INFO - Processing file /home/airflow/.local/lib/python3.6/site-packages/airflow/example_dags/example_kubernetes_executor_config.py for tasks to queue
[2021-05-08 06:58:42,365] {logging_mixin.py:104} INFO - [2021-05-08 06:58:42,364] {dagbag.py:451} INFO - Filling up the DagBag from /home/airflow/.local/lib/python3.6/site-packages/airflow/example_dags/example_kubernetes_executor_config.py
[2021-05-08 06:58:42,383] {scheduler_job.py:639} INFO - DAG(s) dict_keys(['example_kubernetes_executor_config']) retrieved from /home/airflow/.local/lib/python3.6/site-packages/airflow/example_dags/example_kubernetes_executor_config.py
[2021-05-08 06:58:42,416] {logging_mixin.py:104} INFO - [2021-05-08 06:58:42,415] {dag.py:1824} INFO - Sync 1 DAGs
[2021-05-08 06:58:42,436] {logging_mixin.py:104} INFO - [2021-05-08 06:58:42,436] {dag.py:2280} INFO - Setting next_dagrun for example_kubernetes_executor_config to None
[2021-05-08 06:58:42,450] {scheduler_job.py:190} INFO - Processing /home/airflow/.local/lib/python3.6/site-packages/airflow/example_dags/example_kubernetes_executor_config.py took 0.094 seconds
[2021-05-08 06:59:13,102] {scheduler_job.py:182} INFO - Started process (PID=542) to work on /home/airflow/.local/lib/python3.6/site-packages/airflow/example_dags/example_kubernetes_executor_config.py
[2021-05-08 06:59:13,105] {scheduler_job.py:629} INFO - Processing file /home/airflow/.local/lib/python3.6/site-packages/airflow/example_dags/example_kubernetes_executor_config.py for tasks to queue
[2021-05-08 06:59:13,106] {logging_mixin.py:104} INFO - [2021-05-08 06:59:13,106] {dagbag.py:451} INFO - Filling up the DagBag from /home/airflow/.local/lib/python3.6/site-packages/airflow/example_dags/example_kubernetes_executor_config.py
[2021-05-08 06:59:13,125] {scheduler_job.py:639} INFO - DAG(s) dict_keys(['example_kubernetes_executor_config']) retrieved from /home/airflow/.local/lib/python3.6/site-packages/airflow/example_dags/example_kubernetes_executor_config.py
[2021-05-08 06:59:13,159] {logging_mixin.py:104} INFO - [2021-05-08 06:59:13,159] {dag.py:1824} INFO - Sync 1 DAGs
[2021-05-08 06:59:13,184] {logging_mixin.py:104} INFO - [2021-05-08 06:59:13,183] {dag.py:2280} INFO - Setting next_dagrun for example_kubernetes_executor_config to None
[2021-05-08 06:59:13,205] {scheduler_job.py:190} INFO - Processing /home/airflow/.local/lib/python3.6/site-packages/airflow/example_dags/example_kubernetes_executor_config.py took 0.108 seconds
[2021-05-08 06:59:44,106] {scheduler_job.py:182} INFO - Started process (PID=569) to work on /home/airflow/.local/lib/python3.6/site-packages/airflow/example_dags/example_kubernetes_executor_config.py
[2021-05-08 06:59:44,108] {scheduler_job.py:629} INFO - Processing file /home/airflow/.local/lib/python3.6/site-packages/airflow/example_dags/example_kubernetes_executor_config.py for tasks to queue
[2021-05-08 06:59:44,110] {logging_mixin.py:104} INFO - [2021-05-08 06:59:44,110] {dagbag.py:451} INFO - Filling up the DagBag from /home/airflow/.local/lib/python3.6/site-packages/airflow/example_dags/example_kubernetes_executor_config.py
[2021-05-08 06:59:44,131] {scheduler_job.py:639} INFO - DAG(s) dict_keys(['example_kubernetes_executor_config']) retrieved from /home/airflow/.local/lib/python3.6/site-packages/airflow/example_dags/example_kubernetes_executor_config.py
[2021-05-08 06:59:44,176] {logging_mixin.py:104} INFO - [2021-05-08 06:59:44,175] {dag.py:1824} INFO - Sync 1 DAGs
[2021-05-08 06:59:44,199] {logging_mixin.py:104} INFO - [2021-05-08 06:59:44,199] {dag.py:2280} INFO - Setting next_dagrun for example_kubernetes_executor_config to None
[2021-05-08 06:59:44,216] {scheduler_job.py:190} INFO - Processing /home/airflow/.local/lib/python3.6/site-packages/airflow/example_dags/example_kubernetes_executor_config.py took 0.115 seconds
[2021-05-08 07:00:14,470] {scheduler_job.py:182} INFO - Started process (PID=596) to work on /home/airflow/.local/lib/python3.6/site-packages/airflow/example_dags/example_kubernetes_executor_config.py
[2021-05-08 07:00:14,473] {scheduler_job.py:629} INFO - Processing file /home/airflow/.local/lib/python3.6/site-packages/airflow/example_dags/example_kubernetes_executor_config.py for tasks to queue
[2021-05-08 07:00:14,475] {logging_mixin.py:104} INFO - [2021-05-08 07:00:14,475] {dagbag.py:451} INFO - Filling up the DagBag from /home/airflow/.local/lib/python3.6/site-packages/airflow/example_dags/example_kubernetes_executor_config.py
[2021-05-08 07:00:14,498] {scheduler_job.py:639} INFO - DAG(s) dict_keys(['example_kubernetes_executor_config']) retrieved from /home/airflow/.local/lib/python3.6/site-packages/airflow/example_dags/example_kubernetes_executor_config.py
[2021-05-08 07:00:14,540] {logging_mixin.py:104} INFO - [2021-05-08 07:00:14,540] {dag.py:1824} INFO - Sync 1 DAGs
[2021-05-08 07:00:14,564] {logging_mixin.py:104} INFO - [2021-05-08 07:00:14,564] {dag.py:2280} INFO - Setting next_dagrun for example_kubernetes_executor_config to None
[2021-05-08 07:00:14,581] {scheduler_job.py:190} INFO - Processing /home/airflow/.local/lib/python3.6/site-packages/airflow/example_dags/example_kubernetes_executor_config.py took 0.118 seconds
[2021-05-08 07:00:44,719] {scheduler_job.py:182} INFO - Started process (PID=623) to work on /home/airflow/.local/lib/python3.6/site-packages/airflow/example_dags/example_kubernetes_executor_config.py
[2021-05-08 07:00:44,722] {scheduler_job.py:629} INFO - Processing file /home/airflow/.local/lib/python3.6/site-packages/airflow/example_dags/example_kubernetes_executor_config.py for tasks to queue
[2021-05-08 07:00:44,725] {logging_mixin.py:104} INFO - [2021-05-08 07:00:44,724] {dagbag.py:451} INFO - Filling up the DagBag from /home/airflow/.local/lib/python3.6/site-packages/airflow/example_dags/example_kubernetes_executor_config.py
[2021-05-08 07:00:44,745] {scheduler_job.py:639} INFO - DAG(s) dict_keys(['example_kubernetes_executor_config']) retrieved from /home/airflow/.local/lib/python3.6/site-packages/airflow/example_dags/example_kubernetes_executor_config.py
[2021-05-08 07:00:44,781] {logging_mixin.py:104} INFO - [2021-05-08 07:00:44,781] {dag.py:1824} INFO - Sync 1 DAGs
[2021-05-08 07:00:44,802] {logging_mixin.py:104} INFO - [2021-05-08 07:00:44,802] {dag.py:2280} INFO - Setting next_dagrun for example_kubernetes_executor_config to None
[2021-05-08 07:00:44,817] {scheduler_job.py:190} INFO - Processing /home/airflow/.local/lib/python3.6/site-packages/airflow/example_dags/example_kubernetes_executor_config.py took 0.104 seconds
[2021-05-08 07:01:15,590] {scheduler_job.py:182} INFO - Started process (PID=649) to work on /home/airflow/.local/lib/python3.6/site-packages/airflow/example_dags/example_kubernetes_executor_config.py
[2021-05-08 07:01:15,592] {scheduler_job.py:629} INFO - Processing file /home/airflow/.local/lib/python3.6/site-packages/airflow/example_dags/example_kubernetes_executor_config.py for tasks to queue
[2021-05-08 07:01:15,594] {logging_mixin.py:104} INFO - [2021-05-08 07:01:15,594] {dagbag.py:451} INFO - Filling up the DagBag from /home/airflow/.local/lib/python3.6/site-packages/airflow/example_dags/example_kubernetes_executor_config.py
[2021-05-08 07:01:15,616] {scheduler_job.py:639} INFO - DAG(s) dict_keys(['example_kubernetes_executor_config']) retrieved from /home/airflow/.local/lib/python3.6/site-packages/airflow/example_dags/example_kubernetes_executor_config.py
[2021-05-08 07:01:15,650] {logging_mixin.py:104} INFO - [2021-05-08 07:01:15,650] {dag.py:1824} INFO - Sync 1 DAGs
[2021-05-08 07:01:15,671] {logging_mixin.py:104} INFO - [2021-05-08 07:01:15,671] {dag.py:2280} INFO - Setting next_dagrun for example_kubernetes_executor_config to None
[2021-05-08 07:01:15,686] {scheduler_job.py:190} INFO - Processing /home/airflow/.local/lib/python3.6/site-packages/airflow/example_dags/example_kubernetes_executor_config.py took 0.103 seconds
[2021-05-08 07:01:46,361] {scheduler_job.py:182} INFO - Started process (PID=676) to work on /home/airflow/.local/lib/python3.6/site-packages/airflow/example_dags/example_kubernetes_executor_config.py
[2021-05-08 07:01:46,363] {scheduler_job.py:629} INFO - Processing file /home/airflow/.local/lib/python3.6/site-packages/airflow/example_dags/example_kubernetes_executor_config.py for tasks to queue
[2021-05-08 07:01:46,365] {logging_mixin.py:104} INFO - [2021-05-08 07:01:46,365] {dagbag.py:451} INFO - Filling up the DagBag from /home/airflow/.local/lib/python3.6/site-packages/airflow/example_dags/example_kubernetes_executor_config.py
[2021-05-08 07:01:46,385] {scheduler_job.py:639} INFO - DAG(s) dict_keys(['example_kubernetes_executor_config']) retrieved from /home/airflow/.local/lib/python3.6/site-packages/airflow/example_dags/example_kubernetes_executor_config.py
[2021-05-08 07:01:46,424] {logging_mixin.py:104} INFO - [2021-05-08 07:01:46,423] {dag.py:1824} INFO - Sync 1 DAGs
[2021-05-08 07:01:46,449] {logging_mixin.py:104} INFO - [2021-05-08 07:01:46,449] {dag.py:2280} INFO - Setting next_dagrun for example_kubernetes_executor_config to None
[2021-05-08 07:01:46,464] {scheduler_job.py:190} INFO - Processing /home/airflow/.local/lib/python3.6/site-packages/airflow/example_dags/example_kubernetes_executor_config.py took 0.108 seconds
[2021-05-08 07:02:17,127] {scheduler_job.py:182} INFO - Started process (PID=703) to work on /home/airflow/.local/lib/python3.6/site-packages/airflow/example_dags/example_kubernetes_executor_config.py
[2021-05-08 07:02:17,130] {scheduler_job.py:629} INFO - Processing file /home/airflow/.local/lib/python3.6/site-packages/airflow/example_dags/example_kubernetes_executor_config.py for tasks to queue
[2021-05-08 07:02:17,132] {logging_mixin.py:104} INFO - [2021-05-08 07:02:17,131] {dagbag.py:451} INFO - Filling up the DagBag from /home/airflow/.local/lib/python3.6/site-packages/airflow/example_dags/example_kubernetes_executor_config.py
[2021-05-08 07:02:17,151] {scheduler_job.py:639} INFO - DAG(s) dict_keys(['example_kubernetes_executor_config']) retrieved from /home/airflow/.local/lib/python3.6/site-packages/airflow/example_dags/example_kubernetes_executor_config.py
[2021-05-08 07:02:17,190] {logging_mixin.py:104} INFO - [2021-05-08 07:02:17,189] {dag.py:1824} INFO - Sync 1 DAGs
[2021-05-08 07:02:17,212] {logging_mixin.py:104} INFO - [2021-05-08 07:02:17,212] {dag.py:2280} INFO - Setting next_dagrun for example_kubernetes_executor_config to None
[2021-05-08 07:02:17,227] {scheduler_job.py:190} INFO - Processing /home/airflow/.local/lib/python3.6/site-packages/airflow/example_dags/example_kubernetes_executor_config.py took 0.106 seconds
[2021-05-08 07:02:47,835] {scheduler_job.py:182} INFO - Started process (PID=730) to work on /home/airflow/.local/lib/python3.6/site-packages/airflow/example_dags/example_kubernetes_executor_config.py
[2021-05-08 07:02:47,838] {scheduler_job.py:629} INFO - Processing file /home/airflow/.local/lib/python3.6/site-packages/airflow/example_dags/example_kubernetes_executor_config.py for tasks to queue
[2021-05-08 07:02:47,841] {logging_mixin.py:104} INFO - [2021-05-08 07:02:47,840] {dagbag.py:451} INFO - Filling up the DagBag from /home/airflow/.local/lib/python3.6/site-packages/airflow/example_dags/example_kubernetes_executor_config.py
[2021-05-08 07:02:47,866] {scheduler_job.py:639} INFO - DAG(s) dict_keys(['example_kubernetes_executor_config']) retrieved from /home/airflow/.local/lib/python3.6/site-packages/airflow/example_dags/example_kubernetes_executor_config.py
[2021-05-08 07:02:47,914] {logging_mixin.py:104} INFO - [2021-05-08 07:02:47,914] {dag.py:1824} INFO - Sync 1 DAGs
[2021-05-08 07:02:47,940] {logging_mixin.py:104} INFO - [2021-05-08 07:02:47,940] {dag.py:2280} INFO - Setting next_dagrun for example_kubernetes_executor_config to None
[2021-05-08 07:02:47,962] {scheduler_job.py:190} INFO - Processing /home/airflow/.local/lib/python3.6/site-packages/airflow/example_dags/example_kubernetes_executor_config.py took 0.134 seconds
[2021-05-08 07:03:18,795] {scheduler_job.py:182} INFO - Started process (PID=757) to work on /home/airflow/.local/lib/python3.6/site-packages/airflow/example_dags/example_kubernetes_executor_config.py
[2021-05-08 07:03:18,797] {scheduler_job.py:629} INFO - Processing file /home/airflow/.local/lib/python3.6/site-packages/airflow/example_dags/example_kubernetes_executor_config.py for tasks to queue
[2021-05-08 07:03:18,799] {logging_mixin.py:104} INFO - [2021-05-08 07:03:18,798] {dagbag.py:451} INFO - Filling up the DagBag from /home/airflow/.local/lib/python3.6/site-packages/airflow/example_dags/example_kubernetes_executor_config.py
[2021-05-08 07:03:18,818] {scheduler_job.py:639} INFO - DAG(s) dict_keys(['example_kubernetes_executor_config']) retrieved from /home/airflow/.local/lib/python3.6/site-packages/airflow/example_dags/example_kubernetes_executor_config.py
[2021-05-08 07:03:18,859] {logging_mixin.py:104} INFO - [2021-05-08 07:03:18,859] {dag.py:1824} INFO - Sync 1 DAGs
[2021-05-08 07:03:18,880] {logging_mixin.py:104} INFO - [2021-05-08 07:03:18,880] {dag.py:2280} INFO - Setting next_dagrun for example_kubernetes_executor_config to None
[2021-05-08 07:03:18,895] {scheduler_job.py:190} INFO - Processing /home/airflow/.local/lib/python3.6/site-packages/airflow/example_dags/example_kubernetes_executor_config.py took 0.105 seconds
[2021-05-08 07:03:49,718] {scheduler_job.py:182} INFO - Started process (PID=784) to work on /home/airflow/.local/lib/python3.6/site-packages/airflow/example_dags/example_kubernetes_executor_config.py
[2021-05-08 07:03:49,722] {scheduler_job.py:629} INFO - Processing file /home/airflow/.local/lib/python3.6/site-packages/airflow/example_dags/example_kubernetes_executor_config.py for tasks to queue
[2021-05-08 07:03:49,724] {logging_mixin.py:104} INFO - [2021-05-08 07:03:49,724] {dagbag.py:451} INFO - Filling up the DagBag from /home/airflow/.local/lib/python3.6/site-packages/airflow/example_dags/example_kubernetes_executor_config.py
[2021-05-08 07:03:49,753] {scheduler_job.py:639} INFO - DAG(s) dict_keys(['example_kubernetes_executor_config']) retrieved from /home/airflow/.local/lib/python3.6/site-packages/airflow/example_dags/example_kubernetes_executor_config.py
[2021-05-08 07:03:49,790] {logging_mixin.py:104} INFO - [2021-05-08 07:03:49,790] {dag.py:1824} INFO - Sync 1 DAGs
[2021-05-08 07:03:49,814] {logging_mixin.py:104} INFO - [2021-05-08 07:03:49,814] {dag.py:2280} INFO - Setting next_dagrun for example_kubernetes_executor_config to None
[2021-05-08 07:03:49,830] {scheduler_job.py:190} INFO - Processing /home/airflow/.local/lib/python3.6/site-packages/airflow/example_dags/example_kubernetes_executor_config.py took 0.118 seconds
[2021-05-08 07:04:20,342] {scheduler_job.py:182} INFO - Started process (PID=811) to work on /home/airflow/.local/lib/python3.6/site-packages/airflow/example_dags/example_kubernetes_executor_config.py
[2021-05-08 07:04:20,344] {scheduler_job.py:629} INFO - Processing file /home/airflow/.local/lib/python3.6/site-packages/airflow/example_dags/example_kubernetes_executor_config.py for tasks to queue
[2021-05-08 07:04:20,346] {logging_mixin.py:104} INFO - [2021-05-08 07:04:20,345] {dagbag.py:451} INFO - Filling up the DagBag from /home/airflow/.local/lib/python3.6/site-packages/airflow/example_dags/example_kubernetes_executor_config.py
[2021-05-08 07:04:20,364] {scheduler_job.py:639} INFO - DAG(s) dict_keys(['example_kubernetes_executor_config']) retrieved from /home/airflow/.local/lib/python3.6/site-packages/airflow/example_dags/example_kubernetes_executor_config.py
[2021-05-08 07:04:20,396] {logging_mixin.py:104} INFO - [2021-05-08 07:04:20,396] {dag.py:1824} INFO - Sync 1 DAGs
[2021-05-08 07:04:20,416] {logging_mixin.py:104} INFO - [2021-05-08 07:04:20,415] {dag.py:2280} INFO - Setting next_dagrun for example_kubernetes_executor_config to None
[2021-05-08 07:04:20,430] {scheduler_job.py:190} INFO - Processing /home/airflow/.local/lib/python3.6/site-packages/airflow/example_dags/example_kubernetes_executor_config.py took 0.094 seconds
[2021-05-08 07:04:51,053] {scheduler_job.py:182} INFO - Started process (PID=838) to work on /home/airflow/.local/lib/python3.6/site-packages/airflow/example_dags/example_kubernetes_executor_config.py
[2021-05-08 07:04:51,057] {scheduler_job.py:629} INFO - Processing file /home/airflow/.local/lib/python3.6/site-packages/airflow/example_dags/example_kubernetes_executor_config.py for tasks to queue
[2021-05-08 07:04:51,059] {logging_mixin.py:104} INFO - [2021-05-08 07:04:51,059] {dagbag.py:451} INFO - Filling up the DagBag from /home/airflow/.local/lib/python3.6/site-packages/airflow/example_dags/example_kubernetes_executor_config.py
[2021-05-08 07:04:51,087] {scheduler_job.py:639} INFO - DAG(s) dict_keys(['example_kubernetes_executor_config']) retrieved from /home/airflow/.local/lib/python3.6/site-packages/airflow/example_dags/example_kubernetes_executor_config.py
[2021-05-08 07:04:51,124] {logging_mixin.py:104} INFO - [2021-05-08 07:04:51,124] {dag.py:1824} INFO - Sync 1 DAGs
[2021-05-08 07:04:51,149] {logging_mixin.py:104} INFO - [2021-05-08 07:04:51,148] {dag.py:2280} INFO - Setting next_dagrun for example_kubernetes_executor_config to None
[2021-05-08 07:04:51,166] {scheduler_job.py:190} INFO - Processing /home/airflow/.local/lib/python3.6/site-packages/airflow/example_dags/example_kubernetes_executor_config.py took 0.118 seconds
[2021-05-08 07:05:21,808] {scheduler_job.py:182} INFO - Started process (PID=865) to work on /home/airflow/.local/lib/python3.6/site-packages/airflow/example_dags/example_kubernetes_executor_config.py
[2021-05-08 07:05:21,810] {scheduler_job.py:629} INFO - Processing file /home/airflow/.local/lib/python3.6/site-packages/airflow/example_dags/example_kubernetes_executor_config.py for tasks to queue
[2021-05-08 07:05:21,812] {logging_mixin.py:104} INFO - [2021-05-08 07:05:21,812] {dagbag.py:451} INFO - Filling up the DagBag from /home/airflow/.local/lib/python3.6/site-packages/airflow/example_dags/example_kubernetes_executor_config.py
[2021-05-08 07:05:21,833] {scheduler_job.py:639} INFO - DAG(s) dict_keys(['example_kubernetes_executor_config']) retrieved from /home/airflow/.local/lib/python3.6/site-packages/airflow/example_dags/example_kubernetes_executor_config.py
[2021-05-08 07:05:21,867] {logging_mixin.py:104} INFO - [2021-05-08 07:05:21,867] {dag.py:1824} INFO - Sync 1 DAGs
[2021-05-08 07:05:21,888] {logging_mixin.py:104} INFO - [2021-05-08 07:05:21,888] {dag.py:2280} INFO - Setting next_dagrun for example_kubernetes_executor_config to None
[2021-05-08 07:05:21,902] {scheduler_job.py:190} INFO - Processing /home/airflow/.local/lib/python3.6/site-packages/airflow/example_dags/example_kubernetes_executor_config.py took 0.099 seconds
[2021-05-08 07:05:52,200] {scheduler_job.py:182} INFO - Started process (PID=892) to work on /home/airflow/.local/lib/python3.6/site-packages/airflow/example_dags/example_kubernetes_executor_config.py
[2021-05-08 07:05:52,203] {scheduler_job.py:629} INFO - Processing file /home/airflow/.local/lib/python3.6/site-packages/airflow/example_dags/example_kubernetes_executor_config.py for tasks to queue
[2021-05-08 07:05:52,205] {logging_mixin.py:104} INFO - [2021-05-08 07:05:52,205] {dagbag.py:451} INFO - Filling up the DagBag from /home/airflow/.local/lib/python3.6/site-packages/airflow/example_dags/example_kubernetes_executor_config.py
[2021-05-08 07:05:52,225] {scheduler_job.py:639} INFO - DAG(s) dict_keys(['example_kubernetes_executor_config']) retrieved from /home/airflow/.local/lib/python3.6/site-packages/airflow/example_dags/example_kubernetes_executor_config.py
[2021-05-08 07:05:52,260] {logging_mixin.py:104} INFO - [2021-05-08 07:05:52,260] {dag.py:1824} INFO - Sync 1 DAGs
[2021-05-08 07:05:52,280] {logging_mixin.py:104} INFO - [2021-05-08 07:05:52,280] {dag.py:2280} INFO - Setting next_dagrun for example_kubernetes_executor_config to None
[2021-05-08 07:05:52,293] {scheduler_job.py:190} INFO - Processing /home/airflow/.local/lib/python3.6/site-packages/airflow/example_dags/example_kubernetes_executor_config.py took 0.098 seconds
[2021-05-08 07:06:22,567] {scheduler_job.py:182} INFO - Started process (PID=919) to work on /home/airflow/.local/lib/python3.6/site-packages/airflow/example_dags/example_kubernetes_executor_config.py
[2021-05-08 07:06:22,570] {scheduler_job.py:629} INFO - Processing file /home/airflow/.local/lib/python3.6/site-packages/airflow/example_dags/example_kubernetes_executor_config.py for tasks to queue
[2021-05-08 07:06:22,572] {logging_mixin.py:104} INFO - [2021-05-08 07:06:22,572] {dagbag.py:451} INFO - Filling up the DagBag from /home/airflow/.local/lib/python3.6/site-packages/airflow/example_dags/example_kubernetes_executor_config.py
[2021-05-08 07:06:22,601] {scheduler_job.py:639} INFO - DAG(s) dict_keys(['example_kubernetes_executor_config']) retrieved from /home/airflow/.local/lib/python3.6/site-packages/airflow/example_dags/example_kubernetes_executor_config.py
[2021-05-08 07:06:22,639] {logging_mixin.py:104} INFO - [2021-05-08 07:06:22,639] {dag.py:1824} INFO - Sync 1 DAGs
[2021-05-08 07:06:22,667] {logging_mixin.py:104} INFO - [2021-05-08 07:06:22,667] {dag.py:2280} INFO - Setting next_dagrun for example_kubernetes_executor_config to None
[2021-05-08 07:06:22,683] {scheduler_job.py:190} INFO - Processing /home/airflow/.local/lib/python3.6/site-packages/airflow/example_dags/example_kubernetes_executor_config.py took 0.124 seconds
[2021-05-08 07:06:53,324] {scheduler_job.py:182} INFO - Started process (PID=946) to work on /home/airflow/.local/lib/python3.6/site-packages/airflow/example_dags/example_kubernetes_executor_config.py
[2021-05-08 07:06:53,327] {scheduler_job.py:629} INFO - Processing file /home/airflow/.local/lib/python3.6/site-packages/airflow/example_dags/example_kubernetes_executor_config.py for tasks to queue
[2021-05-08 07:06:53,330] {logging_mixin.py:104} INFO - [2021-05-08 07:06:53,329] {dagbag.py:451} INFO - Filling up the DagBag from /home/airflow/.local/lib/python3.6/site-packages/airflow/example_dags/example_kubernetes_executor_config.py
[2021-05-08 07:06:53,352] {scheduler_job.py:639} INFO - DAG(s) dict_keys(['example_kubernetes_executor_config']) retrieved from /home/airflow/.local/lib/python3.6/site-packages/airflow/example_dags/example_kubernetes_executor_config.py
[2021-05-08 07:06:53,387] {logging_mixin.py:104} INFO - [2021-05-08 07:06:53,387] {dag.py:1824} INFO - Sync 1 DAGs
[2021-05-08 07:06:53,409] {logging_mixin.py:104} INFO - [2021-05-08 07:06:53,409] {dag.py:2280} INFO - Setting next_dagrun for example_kubernetes_executor_config to None
[2021-05-08 07:06:53,430] {scheduler_job.py:190} INFO - Processing /home/airflow/.local/lib/python3.6/site-packages/airflow/example_dags/example_kubernetes_executor_config.py took 0.112 seconds
[2021-05-08 07:07:24,245] {scheduler_job.py:182} INFO - Started process (PID=973) to work on /home/airflow/.local/lib/python3.6/site-packages/airflow/example_dags/example_kubernetes_executor_config.py
[2021-05-08 07:07:24,248] {scheduler_job.py:629} INFO - Processing file /home/airflow/.local/lib/python3.6/site-packages/airflow/example_dags/example_kubernetes_executor_config.py for tasks to queue
[2021-05-08 07:07:24,250] {logging_mixin.py:104} INFO - [2021-05-08 07:07:24,250] {dagbag.py:451} INFO - Filling up the DagBag from /home/airflow/.local/lib/python3.6/site-packages/airflow/example_dags/example_kubernetes_executor_config.py
[2021-05-08 07:07:24,269] {scheduler_job.py:639} INFO - DAG(s) dict_keys(['example_kubernetes_executor_config']) retrieved from /home/airflow/.local/lib/python3.6/site-packages/airflow/example_dags/example_kubernetes_executor_config.py
[2021-05-08 07:07:24,307] {logging_mixin.py:104} INFO - [2021-05-08 07:07:24,307] {dag.py:1824} INFO - Sync 1 DAGs
[2021-05-08 07:07:24,329] {logging_mixin.py:104} INFO - [2021-05-08 07:07:24,328] {dag.py:2280} INFO - Setting next_dagrun for example_kubernetes_executor_config to None
[2021-05-08 07:07:24,344] {scheduler_job.py:190} INFO - Processing /home/airflow/.local/lib/python3.6/site-packages/airflow/example_dags/example_kubernetes_executor_config.py took 0.104 seconds
[2021-05-08 07:07:55,187] {scheduler_job.py:182} INFO - Started process (PID=1000) to work on /home/airflow/.local/lib/python3.6/site-packages/airflow/example_dags/example_kubernetes_executor_config.py
[2021-05-08 07:07:55,190] {scheduler_job.py:629} INFO - Processing file /home/airflow/.local/lib/python3.6/site-packages/airflow/example_dags/example_kubernetes_executor_config.py for tasks to queue
[2021-05-08 07:07:55,192] {logging_mixin.py:104} INFO - [2021-05-08 07:07:55,191] {dagbag.py:451} INFO - Filling up the DagBag from /home/airflow/.local/lib/python3.6/site-packages/airflow/example_dags/example_kubernetes_executor_config.py
[2021-05-08 07:07:55,212] {scheduler_job.py:639} INFO - DAG(s) dict_keys(['example_kubernetes_executor_config']) retrieved from /home/airflow/.local/lib/python3.6/site-packages/airflow/example_dags/example_kubernetes_executor_config.py
[2021-05-08 07:07:55,246] {logging_mixin.py:104} INFO - [2021-05-08 07:07:55,246] {dag.py:1824} INFO - Sync 1 DAGs
[2021-05-08 07:07:55,269] {logging_mixin.py:104} INFO - [2021-05-08 07:07:55,269] {dag.py:2280} INFO - Setting next_dagrun for example_kubernetes_executor_config to None
[2021-05-08 07:07:55,284] {scheduler_job.py:190} INFO - Processing /home/airflow/.local/lib/python3.6/site-packages/airflow/example_dags/example_kubernetes_executor_config.py took 0.103 seconds
[2021-05-08 07:08:25,921] {scheduler_job.py:182} INFO - Started process (PID=1027) to work on /home/airflow/.local/lib/python3.6/site-packages/airflow/example_dags/example_kubernetes_executor_config.py
[2021-05-08 07:08:25,925] {scheduler_job.py:629} INFO - Processing file /home/airflow/.local/lib/python3.6/site-packages/airflow/example_dags/example_kubernetes_executor_config.py for tasks to queue
[2021-05-08 07:08:25,929] {logging_mixin.py:104} INFO - [2021-05-08 07:08:25,928] {dagbag.py:451} INFO - Filling up the DagBag from /home/airflow/.local/lib/python3.6/site-packages/airflow/example_dags/example_kubernetes_executor_config.py
[2021-05-08 07:08:25,975] {scheduler_job.py:639} INFO - DAG(s) dict_keys(['example_kubernetes_executor_config']) retrieved from /home/airflow/.local/lib/python3.6/site-packages/airflow/example_dags/example_kubernetes_executor_config.py
[2021-05-08 07:08:26,050] {logging_mixin.py:104} INFO - [2021-05-08 07:08:26,050] {dag.py:1824} INFO - Sync 1 DAGs
[2021-05-08 07:08:26,095] {logging_mixin.py:104} INFO - [2021-05-08 07:08:26,095] {dag.py:2280} INFO - Setting next_dagrun for example_kubernetes_executor_config to None
[2021-05-08 07:08:26,120] {scheduler_job.py:190} INFO - Processing /home/airflow/.local/lib/python3.6/site-packages/airflow/example_dags/example_kubernetes_executor_config.py took 0.212 seconds
[2021-05-08 07:08:57,346] {scheduler_job.py:182} INFO - Started process (PID=1053) to work on /home/airflow/.local/lib/python3.6/site-packages/airflow/example_dags/example_kubernetes_executor_config.py
[2021-05-08 07:08:57,353] {scheduler_job.py:629} INFO - Processing file /home/airflow/.local/lib/python3.6/site-packages/airflow/example_dags/example_kubernetes_executor_config.py for tasks to queue
[2021-05-08 07:08:57,360] {logging_mixin.py:104} INFO - [2021-05-08 07:08:57,359] {dagbag.py:451} INFO - Filling up the DagBag from /home/airflow/.local/lib/python3.6/site-packages/airflow/example_dags/example_kubernetes_executor_config.py
[2021-05-08 07:08:57,442] {scheduler_job.py:639} INFO - DAG(s) dict_keys(['example_kubernetes_executor_config']) retrieved from /home/airflow/.local/lib/python3.6/site-packages/airflow/example_dags/example_kubernetes_executor_config.py
[2021-05-08 07:08:57,561] {logging_mixin.py:104} INFO - [2021-05-08 07:08:57,560] {dag.py:1824} INFO - Sync 1 DAGs
[2021-05-08 07:08:57,665] {logging_mixin.py:104} INFO - [2021-05-08 07:08:57,664] {dag.py:2280} INFO - Setting next_dagrun for example_kubernetes_executor_config to None
[2021-05-08 07:08:57,739] {scheduler_job.py:190} INFO - Processing /home/airflow/.local/lib/python3.6/site-packages/airflow/example_dags/example_kubernetes_executor_config.py took 0.412 seconds
[2021-05-08 07:09:28,871] {scheduler_job.py:182} INFO - Started process (PID=1080) to work on /home/airflow/.local/lib/python3.6/site-packages/airflow/example_dags/example_kubernetes_executor_config.py
[2021-05-08 07:09:28,889] {scheduler_job.py:629} INFO - Processing file /home/airflow/.local/lib/python3.6/site-packages/airflow/example_dags/example_kubernetes_executor_config.py for tasks to queue
[2021-05-08 07:09:28,906] {logging_mixin.py:104} INFO - [2021-05-08 07:09:28,905] {dagbag.py:451} INFO - Filling up the DagBag from /home/airflow/.local/lib/python3.6/site-packages/airflow/example_dags/example_kubernetes_executor_config.py
[2021-05-08 07:09:29,018] {scheduler_job.py:639} INFO - DAG(s) dict_keys(['example_kubernetes_executor_config']) retrieved from /home/airflow/.local/lib/python3.6/site-packages/airflow/example_dags/example_kubernetes_executor_config.py
[2021-05-08 07:09:29,159] {logging_mixin.py:104} INFO - [2021-05-08 07:09:29,158] {dag.py:1824} INFO - Sync 1 DAGs
[2021-05-08 07:09:29,250] {logging_mixin.py:104} INFO - [2021-05-08 07:09:29,249] {dag.py:2280} INFO - Setting next_dagrun for example_kubernetes_executor_config to None
[2021-05-08 07:09:29,302] {scheduler_job.py:190} INFO - Processing /home/airflow/.local/lib/python3.6/site-packages/airflow/example_dags/example_kubernetes_executor_config.py took 0.450 seconds
[2021-05-08 07:09:59,841] {scheduler_job.py:182} INFO - Started process (PID=1106) to work on /home/airflow/.local/lib/python3.6/site-packages/airflow/example_dags/example_kubernetes_executor_config.py
[2021-05-08 07:09:59,850] {scheduler_job.py:629} INFO - Processing file /home/airflow/.local/lib/python3.6/site-packages/airflow/example_dags/example_kubernetes_executor_config.py for tasks to queue
[2021-05-08 07:09:59,863] {logging_mixin.py:104} INFO - [2021-05-08 07:09:59,861] {dagbag.py:451} INFO - Filling up the DagBag from /home/airflow/.local/lib/python3.6/site-packages/airflow/example_dags/example_kubernetes_executor_config.py
[2021-05-08 07:09:59,912] {scheduler_job.py:639} INFO - DAG(s) dict_keys(['example_kubernetes_executor_config']) retrieved from /home/airflow/.local/lib/python3.6/site-packages/airflow/example_dags/example_kubernetes_executor_config.py
[2021-05-08 07:09:59,978] {logging_mixin.py:104} INFO - [2021-05-08 07:09:59,978] {dag.py:1824} INFO - Sync 1 DAGs
[2021-05-08 07:10:00,017] {logging_mixin.py:104} INFO - [2021-05-08 07:10:00,016] {dag.py:2280} INFO - Setting next_dagrun for example_kubernetes_executor_config to None
[2021-05-08 07:10:00,044] {scheduler_job.py:190} INFO - Processing /home/airflow/.local/lib/python3.6/site-packages/airflow/example_dags/example_kubernetes_executor_config.py took 0.217 seconds
[2021-05-08 07:10:30,206] {scheduler_job.py:182} INFO - Started process (PID=1133) to work on /home/airflow/.local/lib/python3.6/site-packages/airflow/example_dags/example_kubernetes_executor_config.py
[2021-05-08 07:10:30,211] {scheduler_job.py:629} INFO - Processing file /home/airflow/.local/lib/python3.6/site-packages/airflow/example_dags/example_kubernetes_executor_config.py for tasks to queue
[2021-05-08 07:10:30,214] {logging_mixin.py:104} INFO - [2021-05-08 07:10:30,214] {dagbag.py:451} INFO - Filling up the DagBag from /home/airflow/.local/lib/python3.6/site-packages/airflow/example_dags/example_kubernetes_executor_config.py
[2021-05-08 07:10:30,252] {scheduler_job.py:639} INFO - DAG(s) dict_keys(['example_kubernetes_executor_config']) retrieved from /home/airflow/.local/lib/python3.6/site-packages/airflow/example_dags/example_kubernetes_executor_config.py
[2021-05-08 07:10:30,326] {logging_mixin.py:104} INFO - [2021-05-08 07:10:30,326] {dag.py:1824} INFO - Sync 1 DAGs
[2021-05-08 07:10:30,371] {logging_mixin.py:104} INFO - [2021-05-08 07:10:30,370] {dag.py:2280} INFO - Setting next_dagrun for example_kubernetes_executor_config to None
[2021-05-08 07:10:30,414] {scheduler_job.py:190} INFO - Processing /home/airflow/.local/lib/python3.6/site-packages/airflow/example_dags/example_kubernetes_executor_config.py took 0.217 seconds
[2021-05-08 07:11:00,718] {scheduler_job.py:182} INFO - Started process (PID=1160) to work on /home/airflow/.local/lib/python3.6/site-packages/airflow/example_dags/example_kubernetes_executor_config.py
[2021-05-08 07:11:00,727] {scheduler_job.py:629} INFO - Processing file /home/airflow/.local/lib/python3.6/site-packages/airflow/example_dags/example_kubernetes_executor_config.py for tasks to queue
[2021-05-08 07:11:00,734] {logging_mixin.py:104} INFO - [2021-05-08 07:11:00,733] {dagbag.py:451} INFO - Filling up the DagBag from /home/airflow/.local/lib/python3.6/site-packages/airflow/example_dags/example_kubernetes_executor_config.py
[2021-05-08 07:11:00,781] {scheduler_job.py:639} INFO - DAG(s) dict_keys(['example_kubernetes_executor_config']) retrieved from /home/airflow/.local/lib/python3.6/site-packages/airflow/example_dags/example_kubernetes_executor_config.py
[2021-05-08 07:11:00,838] {logging_mixin.py:104} INFO - [2021-05-08 07:11:00,838] {dag.py:1824} INFO - Sync 1 DAGs
[2021-05-08 07:11:00,870] {logging_mixin.py:104} INFO - [2021-05-08 07:11:00,870] {dag.py:2280} INFO - Setting next_dagrun for example_kubernetes_executor_config to None
[2021-05-08 07:11:00,897] {scheduler_job.py:190} INFO - Processing /home/airflow/.local/lib/python3.6/site-packages/airflow/example_dags/example_kubernetes_executor_config.py took 0.187 seconds
[2021-05-08 07:11:30,951] {scheduler_job.py:182} INFO - Started process (PID=1187) to work on /home/airflow/.local/lib/python3.6/site-packages/airflow/example_dags/example_kubernetes_executor_config.py
[2021-05-08 07:11:30,955] {scheduler_job.py:629} INFO - Processing file /home/airflow/.local/lib/python3.6/site-packages/airflow/example_dags/example_kubernetes_executor_config.py for tasks to queue
[2021-05-08 07:11:30,959] {logging_mixin.py:104} INFO - [2021-05-08 07:11:30,958] {dagbag.py:451} INFO - Filling up the DagBag from /home/airflow/.local/lib/python3.6/site-packages/airflow/example_dags/example_kubernetes_executor_config.py
[2021-05-08 07:11:30,990] {scheduler_job.py:639} INFO - DAG(s) dict_keys(['example_kubernetes_executor_config']) retrieved from /home/airflow/.local/lib/python3.6/site-packages/airflow/example_dags/example_kubernetes_executor_config.py
[2021-05-08 07:11:31,047] {logging_mixin.py:104} INFO - [2021-05-08 07:11:31,047] {dag.py:1824} INFO - Sync 1 DAGs
[2021-05-08 07:11:31,098] {logging_mixin.py:104} INFO - [2021-05-08 07:11:31,098] {dag.py:2280} INFO - Setting next_dagrun for example_kubernetes_executor_config to None
[2021-05-08 07:11:31,126] {scheduler_job.py:190} INFO - Processing /home/airflow/.local/lib/python3.6/site-packages/airflow/example_dags/example_kubernetes_executor_config.py took 0.183 seconds
[2021-05-08 07:12:01,237] {scheduler_job.py:182} INFO - Started process (PID=1214) to work on /home/airflow/.local/lib/python3.6/site-packages/airflow/example_dags/example_kubernetes_executor_config.py
[2021-05-08 07:12:01,243] {scheduler_job.py:629} INFO - Processing file /home/airflow/.local/lib/python3.6/site-packages/airflow/example_dags/example_kubernetes_executor_config.py for tasks to queue
[2021-05-08 07:12:01,247] {logging_mixin.py:104} INFO - [2021-05-08 07:12:01,246] {dagbag.py:451} INFO - Filling up the DagBag from /home/airflow/.local/lib/python3.6/site-packages/airflow/example_dags/example_kubernetes_executor_config.py
[2021-05-08 07:12:01,277] {scheduler_job.py:639} INFO - DAG(s) dict_keys(['example_kubernetes_executor_config']) retrieved from /home/airflow/.local/lib/python3.6/site-packages/airflow/example_dags/example_kubernetes_executor_config.py
[2021-05-08 07:12:01,330] {logging_mixin.py:104} INFO - [2021-05-08 07:12:01,330] {dag.py:1824} INFO - Sync 1 DAGs
[2021-05-08 07:12:01,366] {logging_mixin.py:104} INFO - [2021-05-08 07:12:01,366] {dag.py:2280} INFO - Setting next_dagrun for example_kubernetes_executor_config to None
[2021-05-08 07:12:01,396] {scheduler_job.py:190} INFO - Processing /home/airflow/.local/lib/python3.6/site-packages/airflow/example_dags/example_kubernetes_executor_config.py took 0.166 seconds
[2021-05-08 07:12:31,833] {scheduler_job.py:182} INFO - Started process (PID=1241) to work on /home/airflow/.local/lib/python3.6/site-packages/airflow/example_dags/example_kubernetes_executor_config.py
[2021-05-08 07:12:31,840] {scheduler_job.py:629} INFO - Processing file /home/airflow/.local/lib/python3.6/site-packages/airflow/example_dags/example_kubernetes_executor_config.py for tasks to queue
[2021-05-08 07:12:31,844] {logging_mixin.py:104} INFO - [2021-05-08 07:12:31,844] {dagbag.py:451} INFO - Filling up the DagBag from /home/airflow/.local/lib/python3.6/site-packages/airflow/example_dags/example_kubernetes_executor_config.py
[2021-05-08 07:12:31,895] {scheduler_job.py:639} INFO - DAG(s) dict_keys(['example_kubernetes_executor_config']) retrieved from /home/airflow/.local/lib/python3.6/site-packages/airflow/example_dags/example_kubernetes_executor_config.py
[2021-05-08 07:12:31,984] {logging_mixin.py:104} INFO - [2021-05-08 07:12:31,983] {dag.py:1824} INFO - Sync 1 DAGs
[2021-05-08 07:12:32,046] {logging_mixin.py:104} INFO - [2021-05-08 07:12:32,046] {dag.py:2280} INFO - Setting next_dagrun for example_kubernetes_executor_config to None
[2021-05-08 07:12:32,096] {scheduler_job.py:190} INFO - Processing /home/airflow/.local/lib/python3.6/site-packages/airflow/example_dags/example_kubernetes_executor_config.py took 0.277 seconds
[2021-05-08 07:13:02,835] {scheduler_job.py:182} INFO - Started process (PID=1268) to work on /home/airflow/.local/lib/python3.6/site-packages/airflow/example_dags/example_kubernetes_executor_config.py
[2021-05-08 07:13:02,843] {scheduler_job.py:629} INFO - Processing file /home/airflow/.local/lib/python3.6/site-packages/airflow/example_dags/example_kubernetes_executor_config.py for tasks to queue
[2021-05-08 07:13:02,850] {logging_mixin.py:104} INFO - [2021-05-08 07:13:02,849] {dagbag.py:451} INFO - Filling up the DagBag from /home/airflow/.local/lib/python3.6/site-packages/airflow/example_dags/example_kubernetes_executor_config.py
[2021-05-08 07:13:02,928] {scheduler_job.py:639} INFO - DAG(s) dict_keys(['example_kubernetes_executor_config']) retrieved from /home/airflow/.local/lib/python3.6/site-packages/airflow/example_dags/example_kubernetes_executor_config.py
[2021-05-08 07:13:03,075] {logging_mixin.py:104} INFO - [2021-05-08 07:13:03,074] {dag.py:1824} INFO - Sync 1 DAGs
[2021-05-08 07:13:03,171] {logging_mixin.py:104} INFO - [2021-05-08 07:13:03,171] {dag.py:2280} INFO - Setting next_dagrun for example_kubernetes_executor_config to None
[2021-05-08 07:13:03,230] {scheduler_job.py:190} INFO - Processing /home/airflow/.local/lib/python3.6/site-packages/airflow/example_dags/example_kubernetes_executor_config.py took 0.414 seconds
[2021-05-08 07:13:33,455] {scheduler_job.py:182} INFO - Started process (PID=1295) to work on /home/airflow/.local/lib/python3.6/site-packages/airflow/example_dags/example_kubernetes_executor_config.py
[2021-05-08 07:13:33,461] {scheduler_job.py:629} INFO - Processing file /home/airflow/.local/lib/python3.6/site-packages/airflow/example_dags/example_kubernetes_executor_config.py for tasks to queue
[2021-05-08 07:13:33,467] {logging_mixin.py:104} INFO - [2021-05-08 07:13:33,466] {dagbag.py:451} INFO - Filling up the DagBag from /home/airflow/.local/lib/python3.6/site-packages/airflow/example_dags/example_kubernetes_executor_config.py
[2021-05-08 07:13:33,536] {scheduler_job.py:639} INFO - DAG(s) dict_keys(['example_kubernetes_executor_config']) retrieved from /home/airflow/.local/lib/python3.6/site-packages/airflow/example_dags/example_kubernetes_executor_config.py
[2021-05-08 07:13:33,659] {logging_mixin.py:104} INFO - [2021-05-08 07:13:33,658] {dag.py:1824} INFO - Sync 1 DAGs
[2021-05-08 07:13:33,729] {logging_mixin.py:104} INFO - [2021-05-08 07:13:33,729] {dag.py:2280} INFO - Setting next_dagrun for example_kubernetes_executor_config to None
[2021-05-08 07:13:33,774] {scheduler_job.py:190} INFO - Processing /home/airflow/.local/lib/python3.6/site-packages/airflow/example_dags/example_kubernetes_executor_config.py took 0.341 seconds
[2021-05-08 07:14:03,995] {scheduler_job.py:182} INFO - Started process (PID=1321) to work on /home/airflow/.local/lib/python3.6/site-packages/airflow/example_dags/example_kubernetes_executor_config.py
[2021-05-08 07:14:04,004] {scheduler_job.py:629} INFO - Processing file /home/airflow/.local/lib/python3.6/site-packages/airflow/example_dags/example_kubernetes_executor_config.py for tasks to queue
[2021-05-08 07:14:04,016] {logging_mixin.py:104} INFO - [2021-05-08 07:14:04,015] {dagbag.py:451} INFO - Filling up the DagBag from /home/airflow/.local/lib/python3.6/site-packages/airflow/example_dags/example_kubernetes_executor_config.py
[2021-05-08 07:14:04,110] {scheduler_job.py:639} INFO - DAG(s) dict_keys(['example_kubernetes_executor_config']) retrieved from /home/airflow/.local/lib/python3.6/site-packages/airflow/example_dags/example_kubernetes_executor_config.py
[2021-05-08 07:14:04,314] {logging_mixin.py:104} INFO - [2021-05-08 07:14:04,313] {dag.py:1824} INFO - Sync 1 DAGs
[2021-05-08 07:14:04,411] {logging_mixin.py:104} INFO - [2021-05-08 07:14:04,411] {dag.py:2280} INFO - Setting next_dagrun for example_kubernetes_executor_config to None
[2021-05-08 07:14:04,472] {scheduler_job.py:190} INFO - Processing /home/airflow/.local/lib/python3.6/site-packages/airflow/example_dags/example_kubernetes_executor_config.py took 0.506 seconds
[2021-05-08 07:14:34,728] {scheduler_job.py:182} INFO - Started process (PID=1346) to work on /home/airflow/.local/lib/python3.6/site-packages/airflow/example_dags/example_kubernetes_executor_config.py
[2021-05-08 07:14:34,733] {scheduler_job.py:629} INFO - Processing file /home/airflow/.local/lib/python3.6/site-packages/airflow/example_dags/example_kubernetes_executor_config.py for tasks to queue
[2021-05-08 07:14:34,736] {logging_mixin.py:104} INFO - [2021-05-08 07:14:34,736] {dagbag.py:451} INFO - Filling up the DagBag from /home/airflow/.local/lib/python3.6/site-packages/airflow/example_dags/example_kubernetes_executor_config.py
[2021-05-08 07:14:34,784] {scheduler_job.py:639} INFO - DAG(s) dict_keys(['example_kubernetes_executor_config']) retrieved from /home/airflow/.local/lib/python3.6/site-packages/airflow/example_dags/example_kubernetes_executor_config.py
[2021-05-08 07:14:34,854] {logging_mixin.py:104} INFO - [2021-05-08 07:14:34,853] {dag.py:1824} INFO - Sync 1 DAGs
[2021-05-08 07:14:34,905] {logging_mixin.py:104} INFO - [2021-05-08 07:14:34,905] {dag.py:2280} INFO - Setting next_dagrun for example_kubernetes_executor_config to None
[2021-05-08 07:14:34,967] {scheduler_job.py:190} INFO - Processing /home/airflow/.local/lib/python3.6/site-packages/airflow/example_dags/example_kubernetes_executor_config.py took 0.253 seconds
[2021-05-08 07:15:05,024] {scheduler_job.py:182} INFO - Started process (PID=1373) to work on /home/airflow/.local/lib/python3.6/site-packages/airflow/example_dags/example_kubernetes_executor_config.py
[2021-05-08 07:15:05,029] {scheduler_job.py:629} INFO - Processing file /home/airflow/.local/lib/python3.6/site-packages/airflow/example_dags/example_kubernetes_executor_config.py for tasks to queue
[2021-05-08 07:15:05,032] {logging_mixin.py:104} INFO - [2021-05-08 07:15:05,031] {dagbag.py:451} INFO - Filling up the DagBag from /home/airflow/.local/lib/python3.6/site-packages/airflow/example_dags/example_kubernetes_executor_config.py
[2021-05-08 07:15:05,060] {scheduler_job.py:639} INFO - DAG(s) dict_keys(['example_kubernetes_executor_config']) retrieved from /home/airflow/.local/lib/python3.6/site-packages/airflow/example_dags/example_kubernetes_executor_config.py
[2021-05-08 07:15:05,121] {logging_mixin.py:104} INFO - [2021-05-08 07:15:05,121] {dag.py:1824} INFO - Sync 1 DAGs
[2021-05-08 07:15:05,164] {logging_mixin.py:104} INFO - [2021-05-08 07:15:05,164] {dag.py:2280} INFO - Setting next_dagrun for example_kubernetes_executor_config to None
[2021-05-08 07:15:05,194] {scheduler_job.py:190} INFO - Processing /home/airflow/.local/lib/python3.6/site-packages/airflow/example_dags/example_kubernetes_executor_config.py took 0.176 seconds
[2021-05-08 07:15:35,651] {scheduler_job.py:182} INFO - Started process (PID=1400) to work on /home/airflow/.local/lib/python3.6/site-packages/airflow/example_dags/example_kubernetes_executor_config.py
[2021-05-08 07:15:35,653] {scheduler_job.py:629} INFO - Processing file /home/airflow/.local/lib/python3.6/site-packages/airflow/example_dags/example_kubernetes_executor_config.py for tasks to queue
[2021-05-08 07:15:35,656] {logging_mixin.py:104} INFO - [2021-05-08 07:15:35,656] {dagbag.py:451} INFO - Filling up the DagBag from /home/airflow/.local/lib/python3.6/site-packages/airflow/example_dags/example_kubernetes_executor_config.py
[2021-05-08 07:15:35,678] {scheduler_job.py:639} INFO - DAG(s) dict_keys(['example_kubernetes_executor_config']) retrieved from /home/airflow/.local/lib/python3.6/site-packages/airflow/example_dags/example_kubernetes_executor_config.py
[2021-05-08 07:15:35,718] {logging_mixin.py:104} INFO - [2021-05-08 07:15:35,718] {dag.py:1824} INFO - Sync 1 DAGs
[2021-05-08 07:15:35,740] {logging_mixin.py:104} INFO - [2021-05-08 07:15:35,739] {dag.py:2280} INFO - Setting next_dagrun for example_kubernetes_executor_config to None
[2021-05-08 07:15:35,754] {scheduler_job.py:190} INFO - Processing /home/airflow/.local/lib/python3.6/site-packages/airflow/example_dags/example_kubernetes_executor_config.py took 0.110 seconds
[2021-05-08 07:16:06,318] {scheduler_job.py:182} INFO - Started process (PID=1427) to work on /home/airflow/.local/lib/python3.6/site-packages/airflow/example_dags/example_kubernetes_executor_config.py
[2021-05-08 07:16:06,320] {scheduler_job.py:629} INFO - Processing file /home/airflow/.local/lib/python3.6/site-packages/airflow/example_dags/example_kubernetes_executor_config.py for tasks to queue
[2021-05-08 07:16:06,322] {logging_mixin.py:104} INFO - [2021-05-08 07:16:06,322] {dagbag.py:451} INFO - Filling up the DagBag from /home/airflow/.local/lib/python3.6/site-packages/airflow/example_dags/example_kubernetes_executor_config.py
[2021-05-08 07:16:06,341] {scheduler_job.py:639} INFO - DAG(s) dict_keys(['example_kubernetes_executor_config']) retrieved from /home/airflow/.local/lib/python3.6/site-packages/airflow/example_dags/example_kubernetes_executor_config.py
[2021-05-08 07:16:06,374] {logging_mixin.py:104} INFO - [2021-05-08 07:16:06,374] {dag.py:1824} INFO - Sync 1 DAGs
[2021-05-08 07:16:06,395] {logging_mixin.py:104} INFO - [2021-05-08 07:16:06,394] {dag.py:2280} INFO - Setting next_dagrun for example_kubernetes_executor_config to None
[2021-05-08 07:16:06,410] {scheduler_job.py:190} INFO - Processing /home/airflow/.local/lib/python3.6/site-packages/airflow/example_dags/example_kubernetes_executor_config.py took 0.096 seconds
[2021-05-08 07:16:36,965] {scheduler_job.py:182} INFO - Started process (PID=1454) to work on /home/airflow/.local/lib/python3.6/site-packages/airflow/example_dags/example_kubernetes_executor_config.py
[2021-05-08 07:16:36,967] {scheduler_job.py:629} INFO - Processing file /home/airflow/.local/lib/python3.6/site-packages/airflow/example_dags/example_kubernetes_executor_config.py for tasks to queue
[2021-05-08 07:16:36,971] {logging_mixin.py:104} INFO - [2021-05-08 07:16:36,971] {dagbag.py:451} INFO - Filling up the DagBag from /home/airflow/.local/lib/python3.6/site-packages/airflow/example_dags/example_kubernetes_executor_config.py
[2021-05-08 07:16:36,991] {scheduler_job.py:639} INFO - DAG(s) dict_keys(['example_kubernetes_executor_config']) retrieved from /home/airflow/.local/lib/python3.6/site-packages/airflow/example_dags/example_kubernetes_executor_config.py
[2021-05-08 07:16:37,023] {logging_mixin.py:104} INFO - [2021-05-08 07:16:37,022] {dag.py:1824} INFO - Sync 1 DAGs
[2021-05-08 07:16:37,044] {logging_mixin.py:104} INFO - [2021-05-08 07:16:37,044] {dag.py:2280} INFO - Setting next_dagrun for example_kubernetes_executor_config to None
[2021-05-08 07:16:37,058] {scheduler_job.py:190} INFO - Processing /home/airflow/.local/lib/python3.6/site-packages/airflow/example_dags/example_kubernetes_executor_config.py took 0.098 seconds
[2021-05-08 07:17:07,577] {scheduler_job.py:182} INFO - Started process (PID=1481) to work on /home/airflow/.local/lib/python3.6/site-packages/airflow/example_dags/example_kubernetes_executor_config.py
[2021-05-08 07:17:07,579] {scheduler_job.py:629} INFO - Processing file /home/airflow/.local/lib/python3.6/site-packages/airflow/example_dags/example_kubernetes_executor_config.py for tasks to queue
[2021-05-08 07:17:07,581] {logging_mixin.py:104} INFO - [2021-05-08 07:17:07,581] {dagbag.py:451} INFO - Filling up the DagBag from /home/airflow/.local/lib/python3.6/site-packages/airflow/example_dags/example_kubernetes_executor_config.py
[2021-05-08 07:17:07,603] {scheduler_job.py:639} INFO - DAG(s) dict_keys(['example_kubernetes_executor_config']) retrieved from /home/airflow/.local/lib/python3.6/site-packages/airflow/example_dags/example_kubernetes_executor_config.py
[2021-05-08 07:17:07,635] {logging_mixin.py:104} INFO - [2021-05-08 07:17:07,635] {dag.py:1824} INFO - Sync 1 DAGs
[2021-05-08 07:17:07,658] {logging_mixin.py:104} INFO - [2021-05-08 07:17:07,658] {dag.py:2280} INFO - Setting next_dagrun for example_kubernetes_executor_config to None
[2021-05-08 07:17:07,671] {scheduler_job.py:190} INFO - Processing /home/airflow/.local/lib/python3.6/site-packages/airflow/example_dags/example_kubernetes_executor_config.py took 0.101 seconds
[2021-05-08 07:17:38,176] {scheduler_job.py:182} INFO - Started process (PID=1508) to work on /home/airflow/.local/lib/python3.6/site-packages/airflow/example_dags/example_kubernetes_executor_config.py
[2021-05-08 07:17:38,178] {scheduler_job.py:629} INFO - Processing file /home/airflow/.local/lib/python3.6/site-packages/airflow/example_dags/example_kubernetes_executor_config.py for tasks to queue
[2021-05-08 07:17:38,180] {logging_mixin.py:104} INFO - [2021-05-08 07:17:38,180] {dagbag.py:451} INFO - Filling up the DagBag from /home/airflow/.local/lib/python3.6/site-packages/airflow/example_dags/example_kubernetes_executor_config.py
[2021-05-08 07:17:38,199] {scheduler_job.py:639} INFO - DAG(s) dict_keys(['example_kubernetes_executor_config']) retrieved from /home/airflow/.local/lib/python3.6/site-packages/airflow/example_dags/example_kubernetes_executor_config.py
[2021-05-08 07:17:38,231] {logging_mixin.py:104} INFO - [2021-05-08 07:17:38,231] {dag.py:1824} INFO - Sync 1 DAGs
[2021-05-08 07:17:38,251] {logging_mixin.py:104} INFO - [2021-05-08 07:17:38,251] {dag.py:2280} INFO - Setting next_dagrun for example_kubernetes_executor_config to None
[2021-05-08 07:17:38,265] {scheduler_job.py:190} INFO - Processing /home/airflow/.local/lib/python3.6/site-packages/airflow/example_dags/example_kubernetes_executor_config.py took 0.095 seconds
[2021-05-08 07:18:08,941] {scheduler_job.py:182} INFO - Started process (PID=1535) to work on /home/airflow/.local/lib/python3.6/site-packages/airflow/example_dags/example_kubernetes_executor_config.py
[2021-05-08 07:18:08,943] {scheduler_job.py:629} INFO - Processing file /home/airflow/.local/lib/python3.6/site-packages/airflow/example_dags/example_kubernetes_executor_config.py for tasks to queue
[2021-05-08 07:18:08,945] {logging_mixin.py:104} INFO - [2021-05-08 07:18:08,945] {dagbag.py:451} INFO - Filling up the DagBag from /home/airflow/.local/lib/python3.6/site-packages/airflow/example_dags/example_kubernetes_executor_config.py
[2021-05-08 07:18:08,964] {scheduler_job.py:639} INFO - DAG(s) dict_keys(['example_kubernetes_executor_config']) retrieved from /home/airflow/.local/lib/python3.6/site-packages/airflow/example_dags/example_kubernetes_executor_config.py
[2021-05-08 07:18:08,996] {logging_mixin.py:104} INFO - [2021-05-08 07:18:08,996] {dag.py:1824} INFO - Sync 1 DAGs
[2021-05-08 07:18:09,016] {logging_mixin.py:104} INFO - [2021-05-08 07:18:09,015] {dag.py:2280} INFO - Setting next_dagrun for example_kubernetes_executor_config to None
[2021-05-08 07:18:09,029] {scheduler_job.py:190} INFO - Processing /home/airflow/.local/lib/python3.6/site-packages/airflow/example_dags/example_kubernetes_executor_config.py took 0.093 seconds
[2021-05-08 07:18:39,713] {scheduler_job.py:182} INFO - Started process (PID=1562) to work on /home/airflow/.local/lib/python3.6/site-packages/airflow/example_dags/example_kubernetes_executor_config.py
[2021-05-08 07:18:39,715] {scheduler_job.py:629} INFO - Processing file /home/airflow/.local/lib/python3.6/site-packages/airflow/example_dags/example_kubernetes_executor_config.py for tasks to queue
[2021-05-08 07:18:39,717] {logging_mixin.py:104} INFO - [2021-05-08 07:18:39,717] {dagbag.py:451} INFO - Filling up the DagBag from /home/airflow/.local/lib/python3.6/site-packages/airflow/example_dags/example_kubernetes_executor_config.py
[2021-05-08 07:18:39,735] {scheduler_job.py:639} INFO - DAG(s) dict_keys(['example_kubernetes_executor_config']) retrieved from /home/airflow/.local/lib/python3.6/site-packages/airflow/example_dags/example_kubernetes_executor_config.py
[2021-05-08 07:18:39,768] {logging_mixin.py:104} INFO - [2021-05-08 07:18:39,767] {dag.py:1824} INFO - Sync 1 DAGs
[2021-05-08 07:18:39,787] {logging_mixin.py:104} INFO - [2021-05-08 07:18:39,787] {dag.py:2280} INFO - Setting next_dagrun for example_kubernetes_executor_config to None
[2021-05-08 07:18:39,810] {scheduler_job.py:190} INFO - Processing /home/airflow/.local/lib/python3.6/site-packages/airflow/example_dags/example_kubernetes_executor_config.py took 0.102 seconds
[2021-05-08 07:19:10,437] {scheduler_job.py:182} INFO - Started process (PID=1589) to work on /home/airflow/.local/lib/python3.6/site-packages/airflow/example_dags/example_kubernetes_executor_config.py
[2021-05-08 07:19:10,439] {scheduler_job.py:629} INFO - Processing file /home/airflow/.local/lib/python3.6/site-packages/airflow/example_dags/example_kubernetes_executor_config.py for tasks to queue
[2021-05-08 07:19:10,441] {logging_mixin.py:104} INFO - [2021-05-08 07:19:10,441] {dagbag.py:451} INFO - Filling up the DagBag from /home/airflow/.local/lib/python3.6/site-packages/airflow/example_dags/example_kubernetes_executor_config.py
[2021-05-08 07:19:10,461] {scheduler_job.py:639} INFO - DAG(s) dict_keys(['example_kubernetes_executor_config']) retrieved from /home/airflow/.local/lib/python3.6/site-packages/airflow/example_dags/example_kubernetes_executor_config.py
[2021-05-08 07:19:10,495] {logging_mixin.py:104} INFO - [2021-05-08 07:19:10,495] {dag.py:1824} INFO - Sync 1 DAGs
[2021-05-08 07:19:10,515] {logging_mixin.py:104} INFO - [2021-05-08 07:19:10,515] {dag.py:2280} INFO - Setting next_dagrun for example_kubernetes_executor_config to None
[2021-05-08 07:19:10,529] {scheduler_job.py:190} INFO - Processing /home/airflow/.local/lib/python3.6/site-packages/airflow/example_dags/example_kubernetes_executor_config.py took 0.097 seconds
[2021-05-08 07:19:41,183] {scheduler_job.py:182} INFO - Started process (PID=1616) to work on /home/airflow/.local/lib/python3.6/site-packages/airflow/example_dags/example_kubernetes_executor_config.py
[2021-05-08 07:19:41,186] {scheduler_job.py:629} INFO - Processing file /home/airflow/.local/lib/python3.6/site-packages/airflow/example_dags/example_kubernetes_executor_config.py for tasks to queue
[2021-05-08 07:19:41,188] {logging_mixin.py:104} INFO - [2021-05-08 07:19:41,187] {dagbag.py:451} INFO - Filling up the DagBag from /home/airflow/.local/lib/python3.6/site-packages/airflow/example_dags/example_kubernetes_executor_config.py
[2021-05-08 07:19:41,209] {scheduler_job.py:639} INFO - DAG(s) dict_keys(['example_kubernetes_executor_config']) retrieved from /home/airflow/.local/lib/python3.6/site-packages/airflow/example_dags/example_kubernetes_executor_config.py
[2021-05-08 07:19:41,243] {logging_mixin.py:104} INFO - [2021-05-08 07:19:41,243] {dag.py:1824} INFO - Sync 1 DAGs
[2021-05-08 07:19:41,264] {logging_mixin.py:104} INFO - [2021-05-08 07:19:41,264] {dag.py:2280} INFO - Setting next_dagrun for example_kubernetes_executor_config to None
[2021-05-08 07:19:41,278] {scheduler_job.py:190} INFO - Processing /home/airflow/.local/lib/python3.6/site-packages/airflow/example_dags/example_kubernetes_executor_config.py took 0.100 seconds
[2021-05-08 07:20:11,981] {scheduler_job.py:182} INFO - Started process (PID=1643) to work on /home/airflow/.local/lib/python3.6/site-packages/airflow/example_dags/example_kubernetes_executor_config.py
[2021-05-08 07:20:11,983] {scheduler_job.py:629} INFO - Processing file /home/airflow/.local/lib/python3.6/site-packages/airflow/example_dags/example_kubernetes_executor_config.py for tasks to queue
[2021-05-08 07:20:11,985] {logging_mixin.py:104} INFO - [2021-05-08 07:20:11,985] {dagbag.py:451} INFO - Filling up the DagBag from /home/airflow/.local/lib/python3.6/site-packages/airflow/example_dags/example_kubernetes_executor_config.py
[2021-05-08 07:20:12,004] {scheduler_job.py:639} INFO - DAG(s) dict_keys(['example_kubernetes_executor_config']) retrieved from /home/airflow/.local/lib/python3.6/site-packages/airflow/example_dags/example_kubernetes_executor_config.py
[2021-05-08 07:20:12,037] {logging_mixin.py:104} INFO - [2021-05-08 07:20:12,037] {dag.py:1824} INFO - Sync 1 DAGs
[2021-05-08 07:20:12,059] {logging_mixin.py:104} INFO - [2021-05-08 07:20:12,059] {dag.py:2280} INFO - Setting next_dagrun for example_kubernetes_executor_config to None
[2021-05-08 07:20:12,073] {scheduler_job.py:190} INFO - Processing /home/airflow/.local/lib/python3.6/site-packages/airflow/example_dags/example_kubernetes_executor_config.py took 0.098 seconds
[2021-05-08 07:20:42,746] {scheduler_job.py:182} INFO - Started process (PID=1670) to work on /home/airflow/.local/lib/python3.6/site-packages/airflow/example_dags/example_kubernetes_executor_config.py
[2021-05-08 07:20:42,748] {scheduler_job.py:629} INFO - Processing file /home/airflow/.local/lib/python3.6/site-packages/airflow/example_dags/example_kubernetes_executor_config.py for tasks to queue
[2021-05-08 07:20:42,750] {logging_mixin.py:104} INFO - [2021-05-08 07:20:42,750] {dagbag.py:451} INFO - Filling up the DagBag from /home/airflow/.local/lib/python3.6/site-packages/airflow/example_dags/example_kubernetes_executor_config.py
[2021-05-08 07:20:42,769] {scheduler_job.py:639} INFO - DAG(s) dict_keys(['example_kubernetes_executor_config']) retrieved from /home/airflow/.local/lib/python3.6/site-packages/airflow/example_dags/example_kubernetes_executor_config.py
[2021-05-08 07:20:42,800] {logging_mixin.py:104} INFO - [2021-05-08 07:20:42,800] {dag.py:1824} INFO - Sync 1 DAGs
[2021-05-08 07:20:42,821] {logging_mixin.py:104} INFO - [2021-05-08 07:20:42,821] {dag.py:2280} INFO - Setting next_dagrun for example_kubernetes_executor_config to None
[2021-05-08 07:20:42,835] {scheduler_job.py:190} INFO - Processing /home/airflow/.local/lib/python3.6/site-packages/airflow/example_dags/example_kubernetes_executor_config.py took 0.094 seconds
[2021-05-08 07:21:13,456] {scheduler_job.py:182} INFO - Started process (PID=1697) to work on /home/airflow/.local/lib/python3.6/site-packages/airflow/example_dags/example_kubernetes_executor_config.py
[2021-05-08 07:21:13,458] {scheduler_job.py:629} INFO - Processing file /home/airflow/.local/lib/python3.6/site-packages/airflow/example_dags/example_kubernetes_executor_config.py for tasks to queue
[2021-05-08 07:21:13,460] {logging_mixin.py:104} INFO - [2021-05-08 07:21:13,460] {dagbag.py:451} INFO - Filling up the DagBag from /home/airflow/.local/lib/python3.6/site-packages/airflow/example_dags/example_kubernetes_executor_config.py
[2021-05-08 07:21:13,479] {scheduler_job.py:639} INFO - DAG(s) dict_keys(['example_kubernetes_executor_config']) retrieved from /home/airflow/.local/lib/python3.6/site-packages/airflow/example_dags/example_kubernetes_executor_config.py
[2021-05-08 07:21:13,514] {logging_mixin.py:104} INFO - [2021-05-08 07:21:13,514] {dag.py:1824} INFO - Sync 1 DAGs
[2021-05-08 07:21:13,537] {logging_mixin.py:104} INFO - [2021-05-08 07:21:13,537] {dag.py:2280} INFO - Setting next_dagrun for example_kubernetes_executor_config to None
[2021-05-08 07:21:13,553] {scheduler_job.py:190} INFO - Processing /home/airflow/.local/lib/python3.6/site-packages/airflow/example_dags/example_kubernetes_executor_config.py took 0.102 seconds
[2021-05-08 07:21:44,161] {scheduler_job.py:182} INFO - Started process (PID=1724) to work on /home/airflow/.local/lib/python3.6/site-packages/airflow/example_dags/example_kubernetes_executor_config.py
[2021-05-08 07:21:44,164] {scheduler_job.py:629} INFO - Processing file /home/airflow/.local/lib/python3.6/site-packages/airflow/example_dags/example_kubernetes_executor_config.py for tasks to queue
[2021-05-08 07:21:44,166] {logging_mixin.py:104} INFO - [2021-05-08 07:21:44,166] {dagbag.py:451} INFO - Filling up the DagBag from /home/airflow/.local/lib/python3.6/site-packages/airflow/example_dags/example_kubernetes_executor_config.py
[2021-05-08 07:21:44,185] {scheduler_job.py:639} INFO - DAG(s) dict_keys(['example_kubernetes_executor_config']) retrieved from /home/airflow/.local/lib/python3.6/site-packages/airflow/example_dags/example_kubernetes_executor_config.py
[2021-05-08 07:21:44,218] {logging_mixin.py:104} INFO - [2021-05-08 07:21:44,217] {dag.py:1824} INFO - Sync 1 DAGs
[2021-05-08 07:21:44,238] {logging_mixin.py:104} INFO - [2021-05-08 07:21:44,238] {dag.py:2280} INFO - Setting next_dagrun for example_kubernetes_executor_config to None
[2021-05-08 07:21:44,254] {scheduler_job.py:190} INFO - Processing /home/airflow/.local/lib/python3.6/site-packages/airflow/example_dags/example_kubernetes_executor_config.py took 0.100 seconds
[2021-05-08 07:22:14,884] {scheduler_job.py:182} INFO - Started process (PID=1751) to work on /home/airflow/.local/lib/python3.6/site-packages/airflow/example_dags/example_kubernetes_executor_config.py
[2021-05-08 07:22:14,891] {scheduler_job.py:629} INFO - Processing file /home/airflow/.local/lib/python3.6/site-packages/airflow/example_dags/example_kubernetes_executor_config.py for tasks to queue
[2021-05-08 07:22:14,892] {logging_mixin.py:104} INFO - [2021-05-08 07:22:14,892] {dagbag.py:451} INFO - Filling up the DagBag from /home/airflow/.local/lib/python3.6/site-packages/airflow/example_dags/example_kubernetes_executor_config.py
[2021-05-08 07:22:14,910] {scheduler_job.py:639} INFO - DAG(s) dict_keys(['example_kubernetes_executor_config']) retrieved from /home/airflow/.local/lib/python3.6/site-packages/airflow/example_dags/example_kubernetes_executor_config.py
[2021-05-08 07:22:14,950] {logging_mixin.py:104} INFO - [2021-05-08 07:22:14,950] {dag.py:1824} INFO - Sync 1 DAGs
[2021-05-08 07:22:14,971] {logging_mixin.py:104} INFO - [2021-05-08 07:22:14,971] {dag.py:2280} INFO - Setting next_dagrun for example_kubernetes_executor_config to None
[2021-05-08 07:22:14,986] {scheduler_job.py:190} INFO - Processing /home/airflow/.local/lib/python3.6/site-packages/airflow/example_dags/example_kubernetes_executor_config.py took 0.107 seconds
[2021-05-08 07:22:45,517] {scheduler_job.py:182} INFO - Started process (PID=1778) to work on /home/airflow/.local/lib/python3.6/site-packages/airflow/example_dags/example_kubernetes_executor_config.py
[2021-05-08 07:22:45,520] {scheduler_job.py:629} INFO - Processing file /home/airflow/.local/lib/python3.6/site-packages/airflow/example_dags/example_kubernetes_executor_config.py for tasks to queue
[2021-05-08 07:22:45,522] {logging_mixin.py:104} INFO - [2021-05-08 07:22:45,522] {dagbag.py:451} INFO - Filling up the DagBag from /home/airflow/.local/lib/python3.6/site-packages/airflow/example_dags/example_kubernetes_executor_config.py
[2021-05-08 07:22:45,541] {scheduler_job.py:639} INFO - DAG(s) dict_keys(['example_kubernetes_executor_config']) retrieved from /home/airflow/.local/lib/python3.6/site-packages/airflow/example_dags/example_kubernetes_executor_config.py
[2021-05-08 07:22:45,579] {logging_mixin.py:104} INFO - [2021-05-08 07:22:45,579] {dag.py:1824} INFO - Sync 1 DAGs
[2021-05-08 07:22:45,601] {logging_mixin.py:104} INFO - [2021-05-08 07:22:45,601] {dag.py:2280} INFO - Setting next_dagrun for example_kubernetes_executor_config to None
[2021-05-08 07:22:45,616] {scheduler_job.py:190} INFO - Processing /home/airflow/.local/lib/python3.6/site-packages/airflow/example_dags/example_kubernetes_executor_config.py took 0.104 seconds
[2021-05-08 07:23:16,108] {scheduler_job.py:182} INFO - Started process (PID=1805) to work on /home/airflow/.local/lib/python3.6/site-packages/airflow/example_dags/example_kubernetes_executor_config.py
[2021-05-08 07:23:16,111] {scheduler_job.py:629} INFO - Processing file /home/airflow/.local/lib/python3.6/site-packages/airflow/example_dags/example_kubernetes_executor_config.py for tasks to queue
[2021-05-08 07:23:16,113] {logging_mixin.py:104} INFO - [2021-05-08 07:23:16,112] {dagbag.py:451} INFO - Filling up the DagBag from /home/airflow/.local/lib/python3.6/site-packages/airflow/example_dags/example_kubernetes_executor_config.py
[2021-05-08 07:23:16,130] {scheduler_job.py:639} INFO - DAG(s) dict_keys(['example_kubernetes_executor_config']) retrieved from /home/airflow/.local/lib/python3.6/site-packages/airflow/example_dags/example_kubernetes_executor_config.py
[2021-05-08 07:23:16,165] {logging_mixin.py:104} INFO - [2021-05-08 07:23:16,165] {dag.py:1824} INFO - Sync 1 DAGs
[2021-05-08 07:23:16,186] {logging_mixin.py:104} INFO - [2021-05-08 07:23:16,185] {dag.py:2280} INFO - Setting next_dagrun for example_kubernetes_executor_config to None
[2021-05-08 07:23:16,200] {scheduler_job.py:190} INFO - Processing /home/airflow/.local/lib/python3.6/site-packages/airflow/example_dags/example_kubernetes_executor_config.py took 0.097 seconds
[2021-05-08 07:23:46,555] {scheduler_job.py:182} INFO - Started process (PID=1832) to work on /home/airflow/.local/lib/python3.6/site-packages/airflow/example_dags/example_kubernetes_executor_config.py
[2021-05-08 07:23:46,557] {scheduler_job.py:629} INFO - Processing file /home/airflow/.local/lib/python3.6/site-packages/airflow/example_dags/example_kubernetes_executor_config.py for tasks to queue
[2021-05-08 07:23:46,560] {logging_mixin.py:104} INFO - [2021-05-08 07:23:46,560] {dagbag.py:451} INFO - Filling up the DagBag from /home/airflow/.local/lib/python3.6/site-packages/airflow/example_dags/example_kubernetes_executor_config.py
[2021-05-08 07:23:46,579] {scheduler_job.py:639} INFO - DAG(s) dict_keys(['example_kubernetes_executor_config']) retrieved from /home/airflow/.local/lib/python3.6/site-packages/airflow/example_dags/example_kubernetes_executor_config.py
[2021-05-08 07:23:46,612] {logging_mixin.py:104} INFO - [2021-05-08 07:23:46,612] {dag.py:1824} INFO - Sync 1 DAGs
[2021-05-08 07:23:46,633] {logging_mixin.py:104} INFO - [2021-05-08 07:23:46,633] {dag.py:2280} INFO - Setting next_dagrun for example_kubernetes_executor_config to None
[2021-05-08 07:23:46,647] {scheduler_job.py:190} INFO - Processing /home/airflow/.local/lib/python3.6/site-packages/airflow/example_dags/example_kubernetes_executor_config.py took 0.098 seconds
[2021-05-08 07:24:17,176] {scheduler_job.py:182} INFO - Started process (PID=1859) to work on /home/airflow/.local/lib/python3.6/site-packages/airflow/example_dags/example_kubernetes_executor_config.py
[2021-05-08 07:24:17,178] {scheduler_job.py:629} INFO - Processing file /home/airflow/.local/lib/python3.6/site-packages/airflow/example_dags/example_kubernetes_executor_config.py for tasks to queue
[2021-05-08 07:24:17,180] {logging_mixin.py:104} INFO - [2021-05-08 07:24:17,180] {dagbag.py:451} INFO - Filling up the DagBag from /home/airflow/.local/lib/python3.6/site-packages/airflow/example_dags/example_kubernetes_executor_config.py
[2021-05-08 07:24:17,198] {scheduler_job.py:639} INFO - DAG(s) dict_keys(['example_kubernetes_executor_config']) retrieved from /home/airflow/.local/lib/python3.6/site-packages/airflow/example_dags/example_kubernetes_executor_config.py
[2021-05-08 07:24:17,231] {logging_mixin.py:104} INFO - [2021-05-08 07:24:17,230] {dag.py:1824} INFO - Sync 1 DAGs
[2021-05-08 07:24:17,250] {logging_mixin.py:104} INFO - [2021-05-08 07:24:17,250] {dag.py:2280} INFO - Setting next_dagrun for example_kubernetes_executor_config to None
[2021-05-08 07:24:17,265] {scheduler_job.py:190} INFO - Processing /home/airflow/.local/lib/python3.6/site-packages/airflow/example_dags/example_kubernetes_executor_config.py took 0.093 seconds
[2021-05-08 07:24:47,755] {scheduler_job.py:182} INFO - Started process (PID=1886) to work on /home/airflow/.local/lib/python3.6/site-packages/airflow/example_dags/example_kubernetes_executor_config.py
[2021-05-08 07:24:47,758] {scheduler_job.py:629} INFO - Processing file /home/airflow/.local/lib/python3.6/site-packages/airflow/example_dags/example_kubernetes_executor_config.py for tasks to queue
[2021-05-08 07:24:47,760] {logging_mixin.py:104} INFO - [2021-05-08 07:24:47,759] {dagbag.py:451} INFO - Filling up the DagBag from /home/airflow/.local/lib/python3.6/site-packages/airflow/example_dags/example_kubernetes_executor_config.py
[2021-05-08 07:24:47,778] {scheduler_job.py:639} INFO - DAG(s) dict_keys(['example_kubernetes_executor_config']) retrieved from /home/airflow/.local/lib/python3.6/site-packages/airflow/example_dags/example_kubernetes_executor_config.py
[2021-05-08 07:24:47,814] {logging_mixin.py:104} INFO - [2021-05-08 07:24:47,814] {dag.py:1824} INFO - Sync 1 DAGs
[2021-05-08 07:24:47,833] {logging_mixin.py:104} INFO - [2021-05-08 07:24:47,833] {dag.py:2280} INFO - Setting next_dagrun for example_kubernetes_executor_config to None
[2021-05-08 07:24:47,848] {scheduler_job.py:190} INFO - Processing /home/airflow/.local/lib/python3.6/site-packages/airflow/example_dags/example_kubernetes_executor_config.py took 0.098 seconds
[2021-05-08 07:25:18,504] {scheduler_job.py:182} INFO - Started process (PID=1913) to work on /home/airflow/.local/lib/python3.6/site-packages/airflow/example_dags/example_kubernetes_executor_config.py
[2021-05-08 07:25:18,506] {scheduler_job.py:629} INFO - Processing file /home/airflow/.local/lib/python3.6/site-packages/airflow/example_dags/example_kubernetes_executor_config.py for tasks to queue
[2021-05-08 07:25:18,508] {logging_mixin.py:104} INFO - [2021-05-08 07:25:18,508] {dagbag.py:451} INFO - Filling up the DagBag from /home/airflow/.local/lib/python3.6/site-packages/airflow/example_dags/example_kubernetes_executor_config.py
[2021-05-08 07:25:18,528] {scheduler_job.py:639} INFO - DAG(s) dict_keys(['example_kubernetes_executor_config']) retrieved from /home/airflow/.local/lib/python3.6/site-packages/airflow/example_dags/example_kubernetes_executor_config.py
[2021-05-08 07:25:18,562] {logging_mixin.py:104} INFO - [2021-05-08 07:25:18,562] {dag.py:1824} INFO - Sync 1 DAGs
[2021-05-08 07:25:18,584] {logging_mixin.py:104} INFO - [2021-05-08 07:25:18,584] {dag.py:2280} INFO - Setting next_dagrun for example_kubernetes_executor_config to None
[2021-05-08 07:25:18,599] {scheduler_job.py:190} INFO - Processing /home/airflow/.local/lib/python3.6/site-packages/airflow/example_dags/example_kubernetes_executor_config.py took 0.100 seconds
[2021-05-08 07:25:49,071] {scheduler_job.py:182} INFO - Started process (PID=1940) to work on /home/airflow/.local/lib/python3.6/site-packages/airflow/example_dags/example_kubernetes_executor_config.py
[2021-05-08 07:25:49,073] {scheduler_job.py:629} INFO - Processing file /home/airflow/.local/lib/python3.6/site-packages/airflow/example_dags/example_kubernetes_executor_config.py for tasks to queue
[2021-05-08 07:25:49,075] {logging_mixin.py:104} INFO - [2021-05-08 07:25:49,075] {dagbag.py:451} INFO - Filling up the DagBag from /home/airflow/.local/lib/python3.6/site-packages/airflow/example_dags/example_kubernetes_executor_config.py
[2021-05-08 07:25:49,094] {scheduler_job.py:639} INFO - DAG(s) dict_keys(['example_kubernetes_executor_config']) retrieved from /home/airflow/.local/lib/python3.6/site-packages/airflow/example_dags/example_kubernetes_executor_config.py
[2021-05-08 07:25:49,128] {logging_mixin.py:104} INFO - [2021-05-08 07:25:49,127] {dag.py:1824} INFO - Sync 1 DAGs
[2021-05-08 07:25:49,151] {logging_mixin.py:104} INFO - [2021-05-08 07:25:49,150] {dag.py:2280} INFO - Setting next_dagrun for example_kubernetes_executor_config to None
[2021-05-08 07:25:49,167] {scheduler_job.py:190} INFO - Processing /home/airflow/.local/lib/python3.6/site-packages/airflow/example_dags/example_kubernetes_executor_config.py took 0.102 seconds
[2021-05-08 07:26:19,823] {scheduler_job.py:182} INFO - Started process (PID=1967) to work on /home/airflow/.local/lib/python3.6/site-packages/airflow/example_dags/example_kubernetes_executor_config.py
[2021-05-08 07:26:19,826] {scheduler_job.py:629} INFO - Processing file /home/airflow/.local/lib/python3.6/site-packages/airflow/example_dags/example_kubernetes_executor_config.py for tasks to queue
[2021-05-08 07:26:19,827] {logging_mixin.py:104} INFO - [2021-05-08 07:26:19,827] {dagbag.py:451} INFO - Filling up the DagBag from /home/airflow/.local/lib/python3.6/site-packages/airflow/example_dags/example_kubernetes_executor_config.py
[2021-05-08 07:26:19,848] {scheduler_job.py:639} INFO - DAG(s) dict_keys(['example_kubernetes_executor_config']) retrieved from /home/airflow/.local/lib/python3.6/site-packages/airflow/example_dags/example_kubernetes_executor_config.py
[2021-05-08 07:26:19,891] {logging_mixin.py:104} INFO - [2021-05-08 07:26:19,891] {dag.py:1824} INFO - Sync 1 DAGs
[2021-05-08 07:26:19,912] {logging_mixin.py:104} INFO - [2021-05-08 07:26:19,912] {dag.py:2280} INFO - Setting next_dagrun for example_kubernetes_executor_config to None
[2021-05-08 07:26:19,925] {scheduler_job.py:190} INFO - Processing /home/airflow/.local/lib/python3.6/site-packages/airflow/example_dags/example_kubernetes_executor_config.py took 0.109 seconds
[2021-05-08 07:26:50,485] {scheduler_job.py:182} INFO - Started process (PID=1994) to work on /home/airflow/.local/lib/python3.6/site-packages/airflow/example_dags/example_kubernetes_executor_config.py
[2021-05-08 07:26:50,487] {scheduler_job.py:629} INFO - Processing file /home/airflow/.local/lib/python3.6/site-packages/airflow/example_dags/example_kubernetes_executor_config.py for tasks to queue
[2021-05-08 07:26:50,489] {logging_mixin.py:104} INFO - [2021-05-08 07:26:50,489] {dagbag.py:451} INFO - Filling up the DagBag from /home/airflow/.local/lib/python3.6/site-packages/airflow/example_dags/example_kubernetes_executor_config.py
[2021-05-08 07:26:50,508] {scheduler_job.py:639} INFO - DAG(s) dict_keys(['example_kubernetes_executor_config']) retrieved from /home/airflow/.local/lib/python3.6/site-packages/airflow/example_dags/example_kubernetes_executor_config.py
[2021-05-08 07:26:50,543] {logging_mixin.py:104} INFO - [2021-05-08 07:26:50,543] {dag.py:1824} INFO - Sync 1 DAGs
[2021-05-08 07:26:50,563] {logging_mixin.py:104} INFO - [2021-05-08 07:26:50,563] {dag.py:2280} INFO - Setting next_dagrun for example_kubernetes_executor_config to None
[2021-05-08 07:26:50,578] {scheduler_job.py:190} INFO - Processing /home/airflow/.local/lib/python3.6/site-packages/airflow/example_dags/example_kubernetes_executor_config.py took 0.097 seconds
