[2021-05-08 06:49:59,553] {scheduler_job.py:182} INFO - Started process (PID=49) to work on /home/airflow/.local/lib/python3.6/site-packages/airflow/example_dags/example_kubernetes_executor.py
[2021-05-08 06:49:59,557] {scheduler_job.py:629} INFO - Processing file /home/airflow/.local/lib/python3.6/site-packages/airflow/example_dags/example_kubernetes_executor.py for tasks to queue
[2021-05-08 06:49:59,560] {logging_mixin.py:104} INFO - [2021-05-08 06:49:59,559] {dagbag.py:451} INFO - Filling up the DagBag from /home/airflow/.local/lib/python3.6/site-packages/airflow/example_dags/example_kubernetes_executor.py
[2021-05-08 06:49:59,620] {scheduler_job.py:639} INFO - DAG(s) dict_keys(['example_kubernetes_executor']) retrieved from /home/airflow/.local/lib/python3.6/site-packages/airflow/example_dags/example_kubernetes_executor.py
[2021-05-08 06:49:59,705] {logging_mixin.py:104} INFO - [2021-05-08 06:49:59,705] {dag.py:1824} INFO - Sync 1 DAGs
[2021-05-08 06:49:59,827] {logging_mixin.py:104} INFO - [2021-05-08 06:49:59,827] {dag.py:2280} INFO - Setting next_dagrun for example_kubernetes_executor to None
[2021-05-08 06:49:59,931] {scheduler_job.py:190} INFO - Processing /home/airflow/.local/lib/python3.6/site-packages/airflow/example_dags/example_kubernetes_executor.py took 0.384 seconds
[2021-05-08 06:50:30,808] {scheduler_job.py:182} INFO - Started process (PID=79) to work on /home/airflow/.local/lib/python3.6/site-packages/airflow/example_dags/example_kubernetes_executor.py
[2021-05-08 06:50:30,812] {scheduler_job.py:629} INFO - Processing file /home/airflow/.local/lib/python3.6/site-packages/airflow/example_dags/example_kubernetes_executor.py for tasks to queue
[2021-05-08 06:50:30,815] {logging_mixin.py:104} INFO - [2021-05-08 06:50:30,814] {dagbag.py:451} INFO - Filling up the DagBag from /home/airflow/.local/lib/python3.6/site-packages/airflow/example_dags/example_kubernetes_executor.py
[2021-05-08 06:50:30,835] {scheduler_job.py:639} INFO - DAG(s) dict_keys(['example_kubernetes_executor']) retrieved from /home/airflow/.local/lib/python3.6/site-packages/airflow/example_dags/example_kubernetes_executor.py
[2021-05-08 06:50:30,888] {logging_mixin.py:104} INFO - [2021-05-08 06:50:30,888] {dag.py:1824} INFO - Sync 1 DAGs
[2021-05-08 06:50:30,917] {logging_mixin.py:104} INFO - [2021-05-08 06:50:30,916] {dag.py:2280} INFO - Setting next_dagrun for example_kubernetes_executor to None
[2021-05-08 06:50:30,945] {scheduler_job.py:190} INFO - Processing /home/airflow/.local/lib/python3.6/site-packages/airflow/example_dags/example_kubernetes_executor.py took 0.144 seconds
[2021-05-08 06:51:01,503] {scheduler_job.py:182} INFO - Started process (PID=103) to work on /home/airflow/.local/lib/python3.6/site-packages/airflow/example_dags/example_kubernetes_executor.py
[2021-05-08 06:51:01,507] {scheduler_job.py:629} INFO - Processing file /home/airflow/.local/lib/python3.6/site-packages/airflow/example_dags/example_kubernetes_executor.py for tasks to queue
[2021-05-08 06:51:01,508] {logging_mixin.py:104} INFO - [2021-05-08 06:51:01,508] {dagbag.py:451} INFO - Filling up the DagBag from /home/airflow/.local/lib/python3.6/site-packages/airflow/example_dags/example_kubernetes_executor.py
[2021-05-08 06:51:01,524] {scheduler_job.py:639} INFO - DAG(s) dict_keys(['example_kubernetes_executor']) retrieved from /home/airflow/.local/lib/python3.6/site-packages/airflow/example_dags/example_kubernetes_executor.py
[2021-05-08 06:51:01,554] {logging_mixin.py:104} INFO - [2021-05-08 06:51:01,554] {dag.py:1824} INFO - Sync 1 DAGs
[2021-05-08 06:51:01,577] {logging_mixin.py:104} INFO - [2021-05-08 06:51:01,576] {dag.py:2280} INFO - Setting next_dagrun for example_kubernetes_executor to None
[2021-05-08 06:51:01,592] {scheduler_job.py:190} INFO - Processing /home/airflow/.local/lib/python3.6/site-packages/airflow/example_dags/example_kubernetes_executor.py took 0.093 seconds
[2021-05-08 06:51:32,247] {scheduler_job.py:182} INFO - Started process (PID=130) to work on /home/airflow/.local/lib/python3.6/site-packages/airflow/example_dags/example_kubernetes_executor.py
[2021-05-08 06:51:32,249] {scheduler_job.py:629} INFO - Processing file /home/airflow/.local/lib/python3.6/site-packages/airflow/example_dags/example_kubernetes_executor.py for tasks to queue
[2021-05-08 06:51:32,251] {logging_mixin.py:104} INFO - [2021-05-08 06:51:32,251] {dagbag.py:451} INFO - Filling up the DagBag from /home/airflow/.local/lib/python3.6/site-packages/airflow/example_dags/example_kubernetes_executor.py
[2021-05-08 06:51:32,269] {scheduler_job.py:639} INFO - DAG(s) dict_keys(['example_kubernetes_executor']) retrieved from /home/airflow/.local/lib/python3.6/site-packages/airflow/example_dags/example_kubernetes_executor.py
[2021-05-08 06:51:32,300] {logging_mixin.py:104} INFO - [2021-05-08 06:51:32,300] {dag.py:1824} INFO - Sync 1 DAGs
[2021-05-08 06:51:32,319] {logging_mixin.py:104} INFO - [2021-05-08 06:51:32,319] {dag.py:2280} INFO - Setting next_dagrun for example_kubernetes_executor to None
[2021-05-08 06:51:32,332] {scheduler_job.py:190} INFO - Processing /home/airflow/.local/lib/python3.6/site-packages/airflow/example_dags/example_kubernetes_executor.py took 0.090 seconds
[2021-05-08 06:52:02,943] {scheduler_job.py:182} INFO - Started process (PID=157) to work on /home/airflow/.local/lib/python3.6/site-packages/airflow/example_dags/example_kubernetes_executor.py
[2021-05-08 06:52:02,945] {scheduler_job.py:629} INFO - Processing file /home/airflow/.local/lib/python3.6/site-packages/airflow/example_dags/example_kubernetes_executor.py for tasks to queue
[2021-05-08 06:52:02,947] {logging_mixin.py:104} INFO - [2021-05-08 06:52:02,947] {dagbag.py:451} INFO - Filling up the DagBag from /home/airflow/.local/lib/python3.6/site-packages/airflow/example_dags/example_kubernetes_executor.py
[2021-05-08 06:52:02,964] {scheduler_job.py:639} INFO - DAG(s) dict_keys(['example_kubernetes_executor']) retrieved from /home/airflow/.local/lib/python3.6/site-packages/airflow/example_dags/example_kubernetes_executor.py
[2021-05-08 06:52:02,994] {logging_mixin.py:104} INFO - [2021-05-08 06:52:02,994] {dag.py:1824} INFO - Sync 1 DAGs
[2021-05-08 06:52:03,013] {logging_mixin.py:104} INFO - [2021-05-08 06:52:03,013] {dag.py:2280} INFO - Setting next_dagrun for example_kubernetes_executor to None
[2021-05-08 06:52:03,028] {scheduler_job.py:190} INFO - Processing /home/airflow/.local/lib/python3.6/site-packages/airflow/example_dags/example_kubernetes_executor.py took 0.090 seconds
[2021-05-08 06:52:33,607] {scheduler_job.py:182} INFO - Started process (PID=188) to work on /home/airflow/.local/lib/python3.6/site-packages/airflow/example_dags/example_kubernetes_executor.py
[2021-05-08 06:52:33,610] {scheduler_job.py:629} INFO - Processing file /home/airflow/.local/lib/python3.6/site-packages/airflow/example_dags/example_kubernetes_executor.py for tasks to queue
[2021-05-08 06:52:33,611] {logging_mixin.py:104} INFO - [2021-05-08 06:52:33,611] {dagbag.py:451} INFO - Filling up the DagBag from /home/airflow/.local/lib/python3.6/site-packages/airflow/example_dags/example_kubernetes_executor.py
[2021-05-08 06:52:33,626] {scheduler_job.py:639} INFO - DAG(s) dict_keys(['example_kubernetes_executor']) retrieved from /home/airflow/.local/lib/python3.6/site-packages/airflow/example_dags/example_kubernetes_executor.py
[2021-05-08 06:52:33,654] {logging_mixin.py:104} INFO - [2021-05-08 06:52:33,653] {dag.py:1824} INFO - Sync 1 DAGs
[2021-05-08 06:52:33,674] {logging_mixin.py:104} INFO - [2021-05-08 06:52:33,674] {dag.py:2280} INFO - Setting next_dagrun for example_kubernetes_executor to None
[2021-05-08 06:52:33,690] {scheduler_job.py:190} INFO - Processing /home/airflow/.local/lib/python3.6/site-packages/airflow/example_dags/example_kubernetes_executor.py took 0.088 seconds
[2021-05-08 06:53:04,151] {scheduler_job.py:182} INFO - Started process (PID=211) to work on /home/airflow/.local/lib/python3.6/site-packages/airflow/example_dags/example_kubernetes_executor.py
[2021-05-08 06:53:04,153] {scheduler_job.py:629} INFO - Processing file /home/airflow/.local/lib/python3.6/site-packages/airflow/example_dags/example_kubernetes_executor.py for tasks to queue
[2021-05-08 06:53:04,155] {logging_mixin.py:104} INFO - [2021-05-08 06:53:04,155] {dagbag.py:451} INFO - Filling up the DagBag from /home/airflow/.local/lib/python3.6/site-packages/airflow/example_dags/example_kubernetes_executor.py
[2021-05-08 06:53:04,179] {scheduler_job.py:639} INFO - DAG(s) dict_keys(['example_kubernetes_executor']) retrieved from /home/airflow/.local/lib/python3.6/site-packages/airflow/example_dags/example_kubernetes_executor.py
[2021-05-08 06:53:04,213] {logging_mixin.py:104} INFO - [2021-05-08 06:53:04,213] {dag.py:1824} INFO - Sync 1 DAGs
[2021-05-08 06:53:04,234] {logging_mixin.py:104} INFO - [2021-05-08 06:53:04,234] {dag.py:2280} INFO - Setting next_dagrun for example_kubernetes_executor to None
[2021-05-08 06:53:04,250] {scheduler_job.py:190} INFO - Processing /home/airflow/.local/lib/python3.6/site-packages/airflow/example_dags/example_kubernetes_executor.py took 0.103 seconds
[2021-05-08 06:53:34,800] {scheduler_job.py:182} INFO - Started process (PID=238) to work on /home/airflow/.local/lib/python3.6/site-packages/airflow/example_dags/example_kubernetes_executor.py
[2021-05-08 06:53:34,802] {scheduler_job.py:629} INFO - Processing file /home/airflow/.local/lib/python3.6/site-packages/airflow/example_dags/example_kubernetes_executor.py for tasks to queue
[2021-05-08 06:53:34,806] {logging_mixin.py:104} INFO - [2021-05-08 06:53:34,804] {dagbag.py:451} INFO - Filling up the DagBag from /home/airflow/.local/lib/python3.6/site-packages/airflow/example_dags/example_kubernetes_executor.py
[2021-05-08 06:53:34,821] {scheduler_job.py:639} INFO - DAG(s) dict_keys(['example_kubernetes_executor']) retrieved from /home/airflow/.local/lib/python3.6/site-packages/airflow/example_dags/example_kubernetes_executor.py
[2021-05-08 06:53:34,850] {logging_mixin.py:104} INFO - [2021-05-08 06:53:34,850] {dag.py:1824} INFO - Sync 1 DAGs
[2021-05-08 06:53:34,870] {logging_mixin.py:104} INFO - [2021-05-08 06:53:34,870] {dag.py:2280} INFO - Setting next_dagrun for example_kubernetes_executor to None
[2021-05-08 06:53:34,885] {scheduler_job.py:190} INFO - Processing /home/airflow/.local/lib/python3.6/site-packages/airflow/example_dags/example_kubernetes_executor.py took 0.094 seconds
[2021-05-08 06:54:05,353] {scheduler_job.py:182} INFO - Started process (PID=265) to work on /home/airflow/.local/lib/python3.6/site-packages/airflow/example_dags/example_kubernetes_executor.py
[2021-05-08 06:54:05,356] {scheduler_job.py:629} INFO - Processing file /home/airflow/.local/lib/python3.6/site-packages/airflow/example_dags/example_kubernetes_executor.py for tasks to queue
[2021-05-08 06:54:05,358] {logging_mixin.py:104} INFO - [2021-05-08 06:54:05,358] {dagbag.py:451} INFO - Filling up the DagBag from /home/airflow/.local/lib/python3.6/site-packages/airflow/example_dags/example_kubernetes_executor.py
[2021-05-08 06:54:05,376] {scheduler_job.py:639} INFO - DAG(s) dict_keys(['example_kubernetes_executor']) retrieved from /home/airflow/.local/lib/python3.6/site-packages/airflow/example_dags/example_kubernetes_executor.py
[2021-05-08 06:54:05,412] {logging_mixin.py:104} INFO - [2021-05-08 06:54:05,412] {dag.py:1824} INFO - Sync 1 DAGs
[2021-05-08 06:54:05,434] {logging_mixin.py:104} INFO - [2021-05-08 06:54:05,434] {dag.py:2280} INFO - Setting next_dagrun for example_kubernetes_executor to None
[2021-05-08 06:54:05,454] {scheduler_job.py:190} INFO - Processing /home/airflow/.local/lib/python3.6/site-packages/airflow/example_dags/example_kubernetes_executor.py took 0.106 seconds
[2021-05-08 06:54:36,198] {scheduler_job.py:182} INFO - Started process (PID=292) to work on /home/airflow/.local/lib/python3.6/site-packages/airflow/example_dags/example_kubernetes_executor.py
[2021-05-08 06:54:36,204] {scheduler_job.py:629} INFO - Processing file /home/airflow/.local/lib/python3.6/site-packages/airflow/example_dags/example_kubernetes_executor.py for tasks to queue
[2021-05-08 06:54:36,207] {logging_mixin.py:104} INFO - [2021-05-08 06:54:36,207] {dagbag.py:451} INFO - Filling up the DagBag from /home/airflow/.local/lib/python3.6/site-packages/airflow/example_dags/example_kubernetes_executor.py
[2021-05-08 06:54:36,227] {scheduler_job.py:639} INFO - DAG(s) dict_keys(['example_kubernetes_executor']) retrieved from /home/airflow/.local/lib/python3.6/site-packages/airflow/example_dags/example_kubernetes_executor.py
[2021-05-08 06:54:36,289] {logging_mixin.py:104} INFO - [2021-05-08 06:54:36,289] {dag.py:1824} INFO - Sync 1 DAGs
[2021-05-08 06:54:36,317] {logging_mixin.py:104} INFO - [2021-05-08 06:54:36,317] {dag.py:2280} INFO - Setting next_dagrun for example_kubernetes_executor to None
[2021-05-08 06:54:36,340] {scheduler_job.py:190} INFO - Processing /home/airflow/.local/lib/python3.6/site-packages/airflow/example_dags/example_kubernetes_executor.py took 0.146 seconds
[2021-05-08 06:55:07,084] {scheduler_job.py:182} INFO - Started process (PID=319) to work on /home/airflow/.local/lib/python3.6/site-packages/airflow/example_dags/example_kubernetes_executor.py
[2021-05-08 06:55:07,087] {scheduler_job.py:629} INFO - Processing file /home/airflow/.local/lib/python3.6/site-packages/airflow/example_dags/example_kubernetes_executor.py for tasks to queue
[2021-05-08 06:55:07,088] {logging_mixin.py:104} INFO - [2021-05-08 06:55:07,088] {dagbag.py:451} INFO - Filling up the DagBag from /home/airflow/.local/lib/python3.6/site-packages/airflow/example_dags/example_kubernetes_executor.py
[2021-05-08 06:55:07,105] {scheduler_job.py:639} INFO - DAG(s) dict_keys(['example_kubernetes_executor']) retrieved from /home/airflow/.local/lib/python3.6/site-packages/airflow/example_dags/example_kubernetes_executor.py
[2021-05-08 06:55:07,136] {logging_mixin.py:104} INFO - [2021-05-08 06:55:07,135] {dag.py:1824} INFO - Sync 1 DAGs
[2021-05-08 06:55:07,155] {logging_mixin.py:104} INFO - [2021-05-08 06:55:07,154] {dag.py:2280} INFO - Setting next_dagrun for example_kubernetes_executor to None
[2021-05-08 06:55:07,168] {scheduler_job.py:190} INFO - Processing /home/airflow/.local/lib/python3.6/site-packages/airflow/example_dags/example_kubernetes_executor.py took 0.089 seconds
[2021-05-08 06:55:37,633] {scheduler_job.py:182} INFO - Started process (PID=349) to work on /home/airflow/.local/lib/python3.6/site-packages/airflow/example_dags/example_kubernetes_executor.py
[2021-05-08 06:55:37,635] {scheduler_job.py:629} INFO - Processing file /home/airflow/.local/lib/python3.6/site-packages/airflow/example_dags/example_kubernetes_executor.py for tasks to queue
[2021-05-08 06:55:37,637] {logging_mixin.py:104} INFO - [2021-05-08 06:55:37,637] {dagbag.py:451} INFO - Filling up the DagBag from /home/airflow/.local/lib/python3.6/site-packages/airflow/example_dags/example_kubernetes_executor.py
[2021-05-08 06:55:37,653] {scheduler_job.py:639} INFO - DAG(s) dict_keys(['example_kubernetes_executor']) retrieved from /home/airflow/.local/lib/python3.6/site-packages/airflow/example_dags/example_kubernetes_executor.py
[2021-05-08 06:55:37,687] {logging_mixin.py:104} INFO - [2021-05-08 06:55:37,687] {dag.py:1824} INFO - Sync 1 DAGs
[2021-05-08 06:55:37,707] {logging_mixin.py:104} INFO - [2021-05-08 06:55:37,707] {dag.py:2280} INFO - Setting next_dagrun for example_kubernetes_executor to None
[2021-05-08 06:55:37,722] {scheduler_job.py:190} INFO - Processing /home/airflow/.local/lib/python3.6/site-packages/airflow/example_dags/example_kubernetes_executor.py took 0.093 seconds
[2021-05-08 06:56:08,120] {scheduler_job.py:182} INFO - Started process (PID=373) to work on /home/airflow/.local/lib/python3.6/site-packages/airflow/example_dags/example_kubernetes_executor.py
[2021-05-08 06:56:08,123] {scheduler_job.py:629} INFO - Processing file /home/airflow/.local/lib/python3.6/site-packages/airflow/example_dags/example_kubernetes_executor.py for tasks to queue
[2021-05-08 06:56:08,125] {logging_mixin.py:104} INFO - [2021-05-08 06:56:08,125] {dagbag.py:451} INFO - Filling up the DagBag from /home/airflow/.local/lib/python3.6/site-packages/airflow/example_dags/example_kubernetes_executor.py
[2021-05-08 06:56:08,141] {scheduler_job.py:639} INFO - DAG(s) dict_keys(['example_kubernetes_executor']) retrieved from /home/airflow/.local/lib/python3.6/site-packages/airflow/example_dags/example_kubernetes_executor.py
[2021-05-08 06:56:08,139] {logging_mixin.py:104} INFO - [2021-05-08 06:56:08,139] {dag.py:1824} INFO - Sync 1 DAGs
[2021-05-08 06:56:08,159] {logging_mixin.py:104} INFO - [2021-05-08 06:56:08,159] {dag.py:2280} INFO - Setting next_dagrun for example_kubernetes_executor to None
[2021-05-08 06:56:08,174] {scheduler_job.py:190} INFO - Processing /home/airflow/.local/lib/python3.6/site-packages/airflow/example_dags/example_kubernetes_executor.py took 0.091 seconds
[2021-05-08 06:56:38,658] {scheduler_job.py:182} INFO - Started process (PID=400) to work on /home/airflow/.local/lib/python3.6/site-packages/airflow/example_dags/example_kubernetes_executor.py
[2021-05-08 06:56:38,662] {scheduler_job.py:629} INFO - Processing file /home/airflow/.local/lib/python3.6/site-packages/airflow/example_dags/example_kubernetes_executor.py for tasks to queue
[2021-05-08 06:56:38,664] {logging_mixin.py:104} INFO - [2021-05-08 06:56:38,664] {dagbag.py:451} INFO - Filling up the DagBag from /home/airflow/.local/lib/python3.6/site-packages/airflow/example_dags/example_kubernetes_executor.py
[2021-05-08 06:56:38,683] {scheduler_job.py:639} INFO - DAG(s) dict_keys(['example_kubernetes_executor']) retrieved from /home/airflow/.local/lib/python3.6/site-packages/airflow/example_dags/example_kubernetes_executor.py
[2021-05-08 06:56:38,716] {logging_mixin.py:104} INFO - [2021-05-08 06:56:38,716] {dag.py:1824} INFO - Sync 1 DAGs
[2021-05-08 06:56:38,737] {logging_mixin.py:104} INFO - [2021-05-08 06:56:38,737] {dag.py:2280} INFO - Setting next_dagrun for example_kubernetes_executor to None
[2021-05-08 06:56:38,751] {scheduler_job.py:190} INFO - Processing /home/airflow/.local/lib/python3.6/site-packages/airflow/example_dags/example_kubernetes_executor.py took 0.100 seconds
[2021-05-08 06:57:09,451] {scheduler_job.py:182} INFO - Started process (PID=427) to work on /home/airflow/.local/lib/python3.6/site-packages/airflow/example_dags/example_kubernetes_executor.py
[2021-05-08 06:57:09,454] {scheduler_job.py:629} INFO - Processing file /home/airflow/.local/lib/python3.6/site-packages/airflow/example_dags/example_kubernetes_executor.py for tasks to queue
[2021-05-08 06:57:09,455] {logging_mixin.py:104} INFO - [2021-05-08 06:57:09,455] {dagbag.py:451} INFO - Filling up the DagBag from /home/airflow/.local/lib/python3.6/site-packages/airflow/example_dags/example_kubernetes_executor.py
[2021-05-08 06:57:09,470] {scheduler_job.py:639} INFO - DAG(s) dict_keys(['example_kubernetes_executor']) retrieved from /home/airflow/.local/lib/python3.6/site-packages/airflow/example_dags/example_kubernetes_executor.py
[2021-05-08 06:57:09,502] {logging_mixin.py:104} INFO - [2021-05-08 06:57:09,502] {dag.py:1824} INFO - Sync 1 DAGs
[2021-05-08 06:57:09,523] {logging_mixin.py:104} INFO - [2021-05-08 06:57:09,523] {dag.py:2280} INFO - Setting next_dagrun for example_kubernetes_executor to None
[2021-05-08 06:57:09,537] {scheduler_job.py:190} INFO - Processing /home/airflow/.local/lib/python3.6/site-packages/airflow/example_dags/example_kubernetes_executor.py took 0.090 seconds
[2021-05-08 06:57:40,273] {scheduler_job.py:182} INFO - Started process (PID=454) to work on /home/airflow/.local/lib/python3.6/site-packages/airflow/example_dags/example_kubernetes_executor.py
[2021-05-08 06:57:40,276] {scheduler_job.py:629} INFO - Processing file /home/airflow/.local/lib/python3.6/site-packages/airflow/example_dags/example_kubernetes_executor.py for tasks to queue
[2021-05-08 06:57:40,278] {logging_mixin.py:104} INFO - [2021-05-08 06:57:40,278] {dagbag.py:451} INFO - Filling up the DagBag from /home/airflow/.local/lib/python3.6/site-packages/airflow/example_dags/example_kubernetes_executor.py
[2021-05-08 06:57:40,298] {scheduler_job.py:639} INFO - DAG(s) dict_keys(['example_kubernetes_executor']) retrieved from /home/airflow/.local/lib/python3.6/site-packages/airflow/example_dags/example_kubernetes_executor.py
[2021-05-08 06:57:40,333] {logging_mixin.py:104} INFO - [2021-05-08 06:57:40,333] {dag.py:1824} INFO - Sync 1 DAGs
[2021-05-08 06:57:40,355] {logging_mixin.py:104} INFO - [2021-05-08 06:57:40,354] {dag.py:2280} INFO - Setting next_dagrun for example_kubernetes_executor to None
[2021-05-08 06:57:40,373] {scheduler_job.py:190} INFO - Processing /home/airflow/.local/lib/python3.6/site-packages/airflow/example_dags/example_kubernetes_executor.py took 0.105 seconds
[2021-05-08 06:58:11,110] {scheduler_job.py:182} INFO - Started process (PID=481) to work on /home/airflow/.local/lib/python3.6/site-packages/airflow/example_dags/example_kubernetes_executor.py
[2021-05-08 06:58:11,113] {scheduler_job.py:629} INFO - Processing file /home/airflow/.local/lib/python3.6/site-packages/airflow/example_dags/example_kubernetes_executor.py for tasks to queue
[2021-05-08 06:58:11,115] {logging_mixin.py:104} INFO - [2021-05-08 06:58:11,115] {dagbag.py:451} INFO - Filling up the DagBag from /home/airflow/.local/lib/python3.6/site-packages/airflow/example_dags/example_kubernetes_executor.py
[2021-05-08 06:58:11,135] {scheduler_job.py:639} INFO - DAG(s) dict_keys(['example_kubernetes_executor']) retrieved from /home/airflow/.local/lib/python3.6/site-packages/airflow/example_dags/example_kubernetes_executor.py
[2021-05-08 06:58:11,168] {logging_mixin.py:104} INFO - [2021-05-08 06:58:11,168] {dag.py:1824} INFO - Sync 1 DAGs
[2021-05-08 06:58:11,190] {logging_mixin.py:104} INFO - [2021-05-08 06:58:11,190] {dag.py:2280} INFO - Setting next_dagrun for example_kubernetes_executor to None
[2021-05-08 06:58:11,208] {scheduler_job.py:190} INFO - Processing /home/airflow/.local/lib/python3.6/site-packages/airflow/example_dags/example_kubernetes_executor.py took 0.104 seconds
[2021-05-08 06:58:41,960] {scheduler_job.py:182} INFO - Started process (PID=508) to work on /home/airflow/.local/lib/python3.6/site-packages/airflow/example_dags/example_kubernetes_executor.py
[2021-05-08 06:58:41,963] {scheduler_job.py:629} INFO - Processing file /home/airflow/.local/lib/python3.6/site-packages/airflow/example_dags/example_kubernetes_executor.py for tasks to queue
[2021-05-08 06:58:41,965] {logging_mixin.py:104} INFO - [2021-05-08 06:58:41,964] {dagbag.py:451} INFO - Filling up the DagBag from /home/airflow/.local/lib/python3.6/site-packages/airflow/example_dags/example_kubernetes_executor.py
[2021-05-08 06:58:41,981] {scheduler_job.py:639} INFO - DAG(s) dict_keys(['example_kubernetes_executor']) retrieved from /home/airflow/.local/lib/python3.6/site-packages/airflow/example_dags/example_kubernetes_executor.py
[2021-05-08 06:58:42,013] {logging_mixin.py:104} INFO - [2021-05-08 06:58:42,013] {dag.py:1824} INFO - Sync 1 DAGs
[2021-05-08 06:58:42,034] {logging_mixin.py:104} INFO - [2021-05-08 06:58:42,034] {dag.py:2280} INFO - Setting next_dagrun for example_kubernetes_executor to None
[2021-05-08 06:58:42,051] {scheduler_job.py:190} INFO - Processing /home/airflow/.local/lib/python3.6/site-packages/airflow/example_dags/example_kubernetes_executor.py took 0.096 seconds
[2021-05-08 06:59:12,683] {scheduler_job.py:182} INFO - Started process (PID=535) to work on /home/airflow/.local/lib/python3.6/site-packages/airflow/example_dags/example_kubernetes_executor.py
[2021-05-08 06:59:12,686] {scheduler_job.py:629} INFO - Processing file /home/airflow/.local/lib/python3.6/site-packages/airflow/example_dags/example_kubernetes_executor.py for tasks to queue
[2021-05-08 06:59:12,687] {logging_mixin.py:104} INFO - [2021-05-08 06:59:12,687] {dagbag.py:451} INFO - Filling up the DagBag from /home/airflow/.local/lib/python3.6/site-packages/airflow/example_dags/example_kubernetes_executor.py
[2021-05-08 06:59:12,706] {scheduler_job.py:639} INFO - DAG(s) dict_keys(['example_kubernetes_executor']) retrieved from /home/airflow/.local/lib/python3.6/site-packages/airflow/example_dags/example_kubernetes_executor.py
[2021-05-08 06:59:12,742] {logging_mixin.py:104} INFO - [2021-05-08 06:59:12,741] {dag.py:1824} INFO - Sync 1 DAGs
[2021-05-08 06:59:12,768] {logging_mixin.py:104} INFO - [2021-05-08 06:59:12,768] {dag.py:2280} INFO - Setting next_dagrun for example_kubernetes_executor to None
[2021-05-08 06:59:12,785] {scheduler_job.py:190} INFO - Processing /home/airflow/.local/lib/python3.6/site-packages/airflow/example_dags/example_kubernetes_executor.py took 0.107 seconds
[2021-05-08 06:59:43,660] {scheduler_job.py:182} INFO - Started process (PID=562) to work on /home/airflow/.local/lib/python3.6/site-packages/airflow/example_dags/example_kubernetes_executor.py
[2021-05-08 06:59:43,663] {scheduler_job.py:629} INFO - Processing file /home/airflow/.local/lib/python3.6/site-packages/airflow/example_dags/example_kubernetes_executor.py for tasks to queue
[2021-05-08 06:59:43,666] {logging_mixin.py:104} INFO - [2021-05-08 06:59:43,665] {dagbag.py:451} INFO - Filling up the DagBag from /home/airflow/.local/lib/python3.6/site-packages/airflow/example_dags/example_kubernetes_executor.py
[2021-05-08 06:59:43,683] {scheduler_job.py:639} INFO - DAG(s) dict_keys(['example_kubernetes_executor']) retrieved from /home/airflow/.local/lib/python3.6/site-packages/airflow/example_dags/example_kubernetes_executor.py
[2021-05-08 06:59:43,721] {logging_mixin.py:104} INFO - [2021-05-08 06:59:43,721] {dag.py:1824} INFO - Sync 1 DAGs
[2021-05-08 06:59:43,743] {logging_mixin.py:104} INFO - [2021-05-08 06:59:43,743] {dag.py:2280} INFO - Setting next_dagrun for example_kubernetes_executor to None
[2021-05-08 06:59:43,758] {scheduler_job.py:190} INFO - Processing /home/airflow/.local/lib/python3.6/site-packages/airflow/example_dags/example_kubernetes_executor.py took 0.102 seconds
[2021-05-08 07:00:13,860] {scheduler_job.py:182} INFO - Started process (PID=589) to work on /home/airflow/.local/lib/python3.6/site-packages/airflow/example_dags/example_kubernetes_executor.py
[2021-05-08 07:00:13,862] {scheduler_job.py:629} INFO - Processing file /home/airflow/.local/lib/python3.6/site-packages/airflow/example_dags/example_kubernetes_executor.py for tasks to queue
[2021-05-08 07:00:13,864] {logging_mixin.py:104} INFO - [2021-05-08 07:00:13,864] {dagbag.py:451} INFO - Filling up the DagBag from /home/airflow/.local/lib/python3.6/site-packages/airflow/example_dags/example_kubernetes_executor.py
[2021-05-08 07:00:13,883] {scheduler_job.py:639} INFO - DAG(s) dict_keys(['example_kubernetes_executor']) retrieved from /home/airflow/.local/lib/python3.6/site-packages/airflow/example_dags/example_kubernetes_executor.py
[2021-05-08 07:00:13,925] {logging_mixin.py:104} INFO - [2021-05-08 07:00:13,925] {dag.py:1824} INFO - Sync 1 DAGs
[2021-05-08 07:00:13,947] {logging_mixin.py:104} INFO - [2021-05-08 07:00:13,947] {dag.py:2280} INFO - Setting next_dagrun for example_kubernetes_executor to None
[2021-05-08 07:00:13,963] {scheduler_job.py:190} INFO - Processing /home/airflow/.local/lib/python3.6/site-packages/airflow/example_dags/example_kubernetes_executor.py took 0.109 seconds
[2021-05-08 07:00:44,019] {scheduler_job.py:182} INFO - Started process (PID=616) to work on /home/airflow/.local/lib/python3.6/site-packages/airflow/example_dags/example_kubernetes_executor.py
[2021-05-08 07:00:44,022] {scheduler_job.py:629} INFO - Processing file /home/airflow/.local/lib/python3.6/site-packages/airflow/example_dags/example_kubernetes_executor.py for tasks to queue
[2021-05-08 07:00:44,024] {logging_mixin.py:104} INFO - [2021-05-08 07:00:44,024] {dagbag.py:451} INFO - Filling up the DagBag from /home/airflow/.local/lib/python3.6/site-packages/airflow/example_dags/example_kubernetes_executor.py
[2021-05-08 07:00:44,041] {scheduler_job.py:639} INFO - DAG(s) dict_keys(['example_kubernetes_executor']) retrieved from /home/airflow/.local/lib/python3.6/site-packages/airflow/example_dags/example_kubernetes_executor.py
[2021-05-08 07:00:44,073] {logging_mixin.py:104} INFO - [2021-05-08 07:00:44,073] {dag.py:1824} INFO - Sync 1 DAGs
[2021-05-08 07:00:44,096] {logging_mixin.py:104} INFO - [2021-05-08 07:00:44,096] {dag.py:2280} INFO - Setting next_dagrun for example_kubernetes_executor to None
[2021-05-08 07:00:44,114] {scheduler_job.py:190} INFO - Processing /home/airflow/.local/lib/python3.6/site-packages/airflow/example_dags/example_kubernetes_executor.py took 0.100 seconds
[2021-05-08 07:01:14,205] {scheduler_job.py:182} INFO - Started process (PID=643) to work on /home/airflow/.local/lib/python3.6/site-packages/airflow/example_dags/example_kubernetes_executor.py
[2021-05-08 07:01:14,207] {scheduler_job.py:629} INFO - Processing file /home/airflow/.local/lib/python3.6/site-packages/airflow/example_dags/example_kubernetes_executor.py for tasks to queue
[2021-05-08 07:01:14,211] {logging_mixin.py:104} INFO - [2021-05-08 07:01:14,211] {dagbag.py:451} INFO - Filling up the DagBag from /home/airflow/.local/lib/python3.6/site-packages/airflow/example_dags/example_kubernetes_executor.py
[2021-05-08 07:01:14,243] {scheduler_job.py:639} INFO - DAG(s) dict_keys(['example_kubernetes_executor']) retrieved from /home/airflow/.local/lib/python3.6/site-packages/airflow/example_dags/example_kubernetes_executor.py
[2021-05-08 07:01:14,276] {logging_mixin.py:104} INFO - [2021-05-08 07:01:14,276] {dag.py:1824} INFO - Sync 1 DAGs
[2021-05-08 07:01:14,300] {logging_mixin.py:104} INFO - [2021-05-08 07:01:14,300] {dag.py:2280} INFO - Setting next_dagrun for example_kubernetes_executor to None
[2021-05-08 07:01:14,313] {scheduler_job.py:190} INFO - Processing /home/airflow/.local/lib/python3.6/site-packages/airflow/example_dags/example_kubernetes_executor.py took 0.114 seconds
[2021-05-08 07:01:45,140] {scheduler_job.py:182} INFO - Started process (PID=673) to work on /home/airflow/.local/lib/python3.6/site-packages/airflow/example_dags/example_kubernetes_executor.py
[2021-05-08 07:01:45,142] {scheduler_job.py:629} INFO - Processing file /home/airflow/.local/lib/python3.6/site-packages/airflow/example_dags/example_kubernetes_executor.py for tasks to queue
[2021-05-08 07:01:45,144] {logging_mixin.py:104} INFO - [2021-05-08 07:01:45,144] {dagbag.py:451} INFO - Filling up the DagBag from /home/airflow/.local/lib/python3.6/site-packages/airflow/example_dags/example_kubernetes_executor.py
[2021-05-08 07:01:45,161] {scheduler_job.py:639} INFO - DAG(s) dict_keys(['example_kubernetes_executor']) retrieved from /home/airflow/.local/lib/python3.6/site-packages/airflow/example_dags/example_kubernetes_executor.py
[2021-05-08 07:01:45,200] {logging_mixin.py:104} INFO - [2021-05-08 07:01:45,199] {dag.py:1824} INFO - Sync 1 DAGs
[2021-05-08 07:01:45,222] {logging_mixin.py:104} INFO - [2021-05-08 07:01:45,222] {dag.py:2280} INFO - Setting next_dagrun for example_kubernetes_executor to None
[2021-05-08 07:01:45,237] {scheduler_job.py:190} INFO - Processing /home/airflow/.local/lib/python3.6/site-packages/airflow/example_dags/example_kubernetes_executor.py took 0.101 seconds
[2021-05-08 07:02:15,929] {scheduler_job.py:182} INFO - Started process (PID=700) to work on /home/airflow/.local/lib/python3.6/site-packages/airflow/example_dags/example_kubernetes_executor.py
[2021-05-08 07:02:15,933] {scheduler_job.py:629} INFO - Processing file /home/airflow/.local/lib/python3.6/site-packages/airflow/example_dags/example_kubernetes_executor.py for tasks to queue
[2021-05-08 07:02:15,934] {logging_mixin.py:104} INFO - [2021-05-08 07:02:15,934] {dagbag.py:451} INFO - Filling up the DagBag from /home/airflow/.local/lib/python3.6/site-packages/airflow/example_dags/example_kubernetes_executor.py
[2021-05-08 07:02:15,952] {scheduler_job.py:639} INFO - DAG(s) dict_keys(['example_kubernetes_executor']) retrieved from /home/airflow/.local/lib/python3.6/site-packages/airflow/example_dags/example_kubernetes_executor.py
[2021-05-08 07:02:15,992] {logging_mixin.py:104} INFO - [2021-05-08 07:02:15,991] {dag.py:1824} INFO - Sync 1 DAGs
[2021-05-08 07:02:16,018] {logging_mixin.py:104} INFO - [2021-05-08 07:02:16,018] {dag.py:2280} INFO - Setting next_dagrun for example_kubernetes_executor to None
[2021-05-08 07:02:16,033] {scheduler_job.py:190} INFO - Processing /home/airflow/.local/lib/python3.6/site-packages/airflow/example_dags/example_kubernetes_executor.py took 0.108 seconds
[2021-05-08 07:02:46,609] {scheduler_job.py:182} INFO - Started process (PID=727) to work on /home/airflow/.local/lib/python3.6/site-packages/airflow/example_dags/example_kubernetes_executor.py
[2021-05-08 07:02:46,612] {scheduler_job.py:629} INFO - Processing file /home/airflow/.local/lib/python3.6/site-packages/airflow/example_dags/example_kubernetes_executor.py for tasks to queue
[2021-05-08 07:02:46,615] {logging_mixin.py:104} INFO - [2021-05-08 07:02:46,615] {dagbag.py:451} INFO - Filling up the DagBag from /home/airflow/.local/lib/python3.6/site-packages/airflow/example_dags/example_kubernetes_executor.py
[2021-05-08 07:02:46,645] {scheduler_job.py:639} INFO - DAG(s) dict_keys(['example_kubernetes_executor']) retrieved from /home/airflow/.local/lib/python3.6/site-packages/airflow/example_dags/example_kubernetes_executor.py
[2021-05-08 07:02:46,699] {logging_mixin.py:104} INFO - [2021-05-08 07:02:46,699] {dag.py:1824} INFO - Sync 1 DAGs
[2021-05-08 07:02:46,729] {logging_mixin.py:104} INFO - [2021-05-08 07:02:46,729] {dag.py:2280} INFO - Setting next_dagrun for example_kubernetes_executor to None
[2021-05-08 07:02:46,753] {scheduler_job.py:190} INFO - Processing /home/airflow/.local/lib/python3.6/site-packages/airflow/example_dags/example_kubernetes_executor.py took 0.152 seconds
[2021-05-08 07:03:17,479] {scheduler_job.py:182} INFO - Started process (PID=754) to work on /home/airflow/.local/lib/python3.6/site-packages/airflow/example_dags/example_kubernetes_executor.py
[2021-05-08 07:03:17,481] {scheduler_job.py:629} INFO - Processing file /home/airflow/.local/lib/python3.6/site-packages/airflow/example_dags/example_kubernetes_executor.py for tasks to queue
[2021-05-08 07:03:17,483] {logging_mixin.py:104} INFO - [2021-05-08 07:03:17,483] {dagbag.py:451} INFO - Filling up the DagBag from /home/airflow/.local/lib/python3.6/site-packages/airflow/example_dags/example_kubernetes_executor.py
[2021-05-08 07:03:17,500] {scheduler_job.py:639} INFO - DAG(s) dict_keys(['example_kubernetes_executor']) retrieved from /home/airflow/.local/lib/python3.6/site-packages/airflow/example_dags/example_kubernetes_executor.py
[2021-05-08 07:03:17,534] {logging_mixin.py:104} INFO - [2021-05-08 07:03:17,534] {dag.py:1824} INFO - Sync 1 DAGs
[2021-05-08 07:03:17,578] {logging_mixin.py:104} INFO - [2021-05-08 07:03:17,578] {dag.py:2280} INFO - Setting next_dagrun for example_kubernetes_executor to None
[2021-05-08 07:03:17,595] {scheduler_job.py:190} INFO - Processing /home/airflow/.local/lib/python3.6/site-packages/airflow/example_dags/example_kubernetes_executor.py took 0.122 seconds
[2021-05-08 07:03:48,423] {scheduler_job.py:182} INFO - Started process (PID=781) to work on /home/airflow/.local/lib/python3.6/site-packages/airflow/example_dags/example_kubernetes_executor.py
[2021-05-08 07:03:48,425] {scheduler_job.py:629} INFO - Processing file /home/airflow/.local/lib/python3.6/site-packages/airflow/example_dags/example_kubernetes_executor.py for tasks to queue
[2021-05-08 07:03:48,427] {logging_mixin.py:104} INFO - [2021-05-08 07:03:48,427] {dagbag.py:451} INFO - Filling up the DagBag from /home/airflow/.local/lib/python3.6/site-packages/airflow/example_dags/example_kubernetes_executor.py
[2021-05-08 07:03:48,445] {scheduler_job.py:639} INFO - DAG(s) dict_keys(['example_kubernetes_executor']) retrieved from /home/airflow/.local/lib/python3.6/site-packages/airflow/example_dags/example_kubernetes_executor.py
[2021-05-08 07:03:48,479] {logging_mixin.py:104} INFO - [2021-05-08 07:03:48,479] {dag.py:1824} INFO - Sync 1 DAGs
[2021-05-08 07:03:48,501] {logging_mixin.py:104} INFO - [2021-05-08 07:03:48,501] {dag.py:2280} INFO - Setting next_dagrun for example_kubernetes_executor to None
[2021-05-08 07:03:48,521] {scheduler_job.py:190} INFO - Processing /home/airflow/.local/lib/python3.6/site-packages/airflow/example_dags/example_kubernetes_executor.py took 0.104 seconds
[2021-05-08 07:04:19,104] {scheduler_job.py:182} INFO - Started process (PID=808) to work on /home/airflow/.local/lib/python3.6/site-packages/airflow/example_dags/example_kubernetes_executor.py
[2021-05-08 07:04:19,106] {scheduler_job.py:629} INFO - Processing file /home/airflow/.local/lib/python3.6/site-packages/airflow/example_dags/example_kubernetes_executor.py for tasks to queue
[2021-05-08 07:04:19,108] {logging_mixin.py:104} INFO - [2021-05-08 07:04:19,108] {dagbag.py:451} INFO - Filling up the DagBag from /home/airflow/.local/lib/python3.6/site-packages/airflow/example_dags/example_kubernetes_executor.py
[2021-05-08 07:04:19,126] {scheduler_job.py:639} INFO - DAG(s) dict_keys(['example_kubernetes_executor']) retrieved from /home/airflow/.local/lib/python3.6/site-packages/airflow/example_dags/example_kubernetes_executor.py
[2021-05-08 07:04:19,151] {logging_mixin.py:104} INFO - [2021-05-08 07:04:19,151] {dag.py:1824} INFO - Sync 1 DAGs
[2021-05-08 07:04:19,171] {logging_mixin.py:104} INFO - [2021-05-08 07:04:19,171] {dag.py:2280} INFO - Setting next_dagrun for example_kubernetes_executor to None
[2021-05-08 07:04:19,186] {scheduler_job.py:190} INFO - Processing /home/airflow/.local/lib/python3.6/site-packages/airflow/example_dags/example_kubernetes_executor.py took 0.087 seconds
[2021-05-08 07:04:49,745] {scheduler_job.py:182} INFO - Started process (PID=835) to work on /home/airflow/.local/lib/python3.6/site-packages/airflow/example_dags/example_kubernetes_executor.py
[2021-05-08 07:04:49,747] {scheduler_job.py:629} INFO - Processing file /home/airflow/.local/lib/python3.6/site-packages/airflow/example_dags/example_kubernetes_executor.py for tasks to queue
[2021-05-08 07:04:49,749] {logging_mixin.py:104} INFO - [2021-05-08 07:04:49,749] {dagbag.py:451} INFO - Filling up the DagBag from /home/airflow/.local/lib/python3.6/site-packages/airflow/example_dags/example_kubernetes_executor.py
[2021-05-08 07:04:49,769] {scheduler_job.py:639} INFO - DAG(s) dict_keys(['example_kubernetes_executor']) retrieved from /home/airflow/.local/lib/python3.6/site-packages/airflow/example_dags/example_kubernetes_executor.py
[2021-05-08 07:04:49,798] {logging_mixin.py:104} INFO - [2021-05-08 07:04:49,798] {dag.py:1824} INFO - Sync 1 DAGs
[2021-05-08 07:04:49,819] {logging_mixin.py:104} INFO - [2021-05-08 07:04:49,819] {dag.py:2280} INFO - Setting next_dagrun for example_kubernetes_executor to None
[2021-05-08 07:04:49,838] {scheduler_job.py:190} INFO - Processing /home/airflow/.local/lib/python3.6/site-packages/airflow/example_dags/example_kubernetes_executor.py took 0.097 seconds
[2021-05-08 07:05:20,486] {scheduler_job.py:182} INFO - Started process (PID=862) to work on /home/airflow/.local/lib/python3.6/site-packages/airflow/example_dags/example_kubernetes_executor.py
[2021-05-08 07:05:20,488] {scheduler_job.py:629} INFO - Processing file /home/airflow/.local/lib/python3.6/site-packages/airflow/example_dags/example_kubernetes_executor.py for tasks to queue
[2021-05-08 07:05:20,490] {logging_mixin.py:104} INFO - [2021-05-08 07:05:20,490] {dagbag.py:451} INFO - Filling up the DagBag from /home/airflow/.local/lib/python3.6/site-packages/airflow/example_dags/example_kubernetes_executor.py
[2021-05-08 07:05:20,509] {scheduler_job.py:639} INFO - DAG(s) dict_keys(['example_kubernetes_executor']) retrieved from /home/airflow/.local/lib/python3.6/site-packages/airflow/example_dags/example_kubernetes_executor.py
[2021-05-08 07:05:20,543] {logging_mixin.py:104} INFO - [2021-05-08 07:05:20,542] {dag.py:1824} INFO - Sync 1 DAGs
[2021-05-08 07:05:20,567] {logging_mixin.py:104} INFO - [2021-05-08 07:05:20,567] {dag.py:2280} INFO - Setting next_dagrun for example_kubernetes_executor to None
[2021-05-08 07:05:20,584] {scheduler_job.py:190} INFO - Processing /home/airflow/.local/lib/python3.6/site-packages/airflow/example_dags/example_kubernetes_executor.py took 0.104 seconds
[2021-05-08 07:05:50,661] {scheduler_job.py:182} INFO - Started process (PID=888) to work on /home/airflow/.local/lib/python3.6/site-packages/airflow/example_dags/example_kubernetes_executor.py
[2021-05-08 07:05:50,669] {scheduler_job.py:629} INFO - Processing file /home/airflow/.local/lib/python3.6/site-packages/airflow/example_dags/example_kubernetes_executor.py for tasks to queue
[2021-05-08 07:05:50,673] {logging_mixin.py:104} INFO - [2021-05-08 07:05:50,672] {dagbag.py:451} INFO - Filling up the DagBag from /home/airflow/.local/lib/python3.6/site-packages/airflow/example_dags/example_kubernetes_executor.py
[2021-05-08 07:05:50,701] {scheduler_job.py:639} INFO - DAG(s) dict_keys(['example_kubernetes_executor']) retrieved from /home/airflow/.local/lib/python3.6/site-packages/airflow/example_dags/example_kubernetes_executor.py
[2021-05-08 07:05:50,752] {logging_mixin.py:104} INFO - [2021-05-08 07:05:50,752] {dag.py:1824} INFO - Sync 1 DAGs
[2021-05-08 07:05:50,795] {logging_mixin.py:104} INFO - [2021-05-08 07:05:50,794] {dag.py:2280} INFO - Setting next_dagrun for example_kubernetes_executor to None
[2021-05-08 07:05:50,822] {scheduler_job.py:190} INFO - Processing /home/airflow/.local/lib/python3.6/site-packages/airflow/example_dags/example_kubernetes_executor.py took 0.170 seconds
[2021-05-08 07:06:20,989] {scheduler_job.py:182} INFO - Started process (PID=915) to work on /home/airflow/.local/lib/python3.6/site-packages/airflow/example_dags/example_kubernetes_executor.py
[2021-05-08 07:06:20,992] {scheduler_job.py:629} INFO - Processing file /home/airflow/.local/lib/python3.6/site-packages/airflow/example_dags/example_kubernetes_executor.py for tasks to queue
[2021-05-08 07:06:20,995] {logging_mixin.py:104} INFO - [2021-05-08 07:06:20,994] {dagbag.py:451} INFO - Filling up the DagBag from /home/airflow/.local/lib/python3.6/site-packages/airflow/example_dags/example_kubernetes_executor.py
[2021-05-08 07:06:21,026] {scheduler_job.py:639} INFO - DAG(s) dict_keys(['example_kubernetes_executor']) retrieved from /home/airflow/.local/lib/python3.6/site-packages/airflow/example_dags/example_kubernetes_executor.py
[2021-05-08 07:06:21,070] {logging_mixin.py:104} INFO - [2021-05-08 07:06:21,070] {dag.py:1824} INFO - Sync 1 DAGs
[2021-05-08 07:06:21,095] {logging_mixin.py:104} INFO - [2021-05-08 07:06:21,094] {dag.py:2280} INFO - Setting next_dagrun for example_kubernetes_executor to None
[2021-05-08 07:06:21,111] {scheduler_job.py:190} INFO - Processing /home/airflow/.local/lib/python3.6/site-packages/airflow/example_dags/example_kubernetes_executor.py took 0.128 seconds
[2021-05-08 07:06:51,148] {scheduler_job.py:182} INFO - Started process (PID=942) to work on /home/airflow/.local/lib/python3.6/site-packages/airflow/example_dags/example_kubernetes_executor.py
[2021-05-08 07:06:51,150] {scheduler_job.py:629} INFO - Processing file /home/airflow/.local/lib/python3.6/site-packages/airflow/example_dags/example_kubernetes_executor.py for tasks to queue
[2021-05-08 07:06:51,152] {logging_mixin.py:104} INFO - [2021-05-08 07:06:51,152] {dagbag.py:451} INFO - Filling up the DagBag from /home/airflow/.local/lib/python3.6/site-packages/airflow/example_dags/example_kubernetes_executor.py
[2021-05-08 07:06:51,171] {scheduler_job.py:639} INFO - DAG(s) dict_keys(['example_kubernetes_executor']) retrieved from /home/airflow/.local/lib/python3.6/site-packages/airflow/example_dags/example_kubernetes_executor.py
[2021-05-08 07:06:51,200] {logging_mixin.py:104} INFO - [2021-05-08 07:06:51,200] {dag.py:1824} INFO - Sync 1 DAGs
[2021-05-08 07:06:51,220] {logging_mixin.py:104} INFO - [2021-05-08 07:06:51,220] {dag.py:2280} INFO - Setting next_dagrun for example_kubernetes_executor to None
[2021-05-08 07:06:51,234] {scheduler_job.py:190} INFO - Processing /home/airflow/.local/lib/python3.6/site-packages/airflow/example_dags/example_kubernetes_executor.py took 0.091 seconds
[2021-05-08 07:07:21,885] {scheduler_job.py:182} INFO - Started process (PID=967) to work on /home/airflow/.local/lib/python3.6/site-packages/airflow/example_dags/example_kubernetes_executor.py
[2021-05-08 07:07:21,891] {scheduler_job.py:629} INFO - Processing file /home/airflow/.local/lib/python3.6/site-packages/airflow/example_dags/example_kubernetes_executor.py for tasks to queue
[2021-05-08 07:07:21,893] {logging_mixin.py:104} INFO - [2021-05-08 07:07:21,893] {dagbag.py:451} INFO - Filling up the DagBag from /home/airflow/.local/lib/python3.6/site-packages/airflow/example_dags/example_kubernetes_executor.py
[2021-05-08 07:07:21,911] {scheduler_job.py:639} INFO - DAG(s) dict_keys(['example_kubernetes_executor']) retrieved from /home/airflow/.local/lib/python3.6/site-packages/airflow/example_dags/example_kubernetes_executor.py
[2021-05-08 07:07:21,953] {logging_mixin.py:104} INFO - [2021-05-08 07:07:21,953] {dag.py:1824} INFO - Sync 1 DAGs
[2021-05-08 07:07:21,976] {logging_mixin.py:104} INFO - [2021-05-08 07:07:21,976] {dag.py:2280} INFO - Setting next_dagrun for example_kubernetes_executor to None
[2021-05-08 07:07:21,991] {scheduler_job.py:190} INFO - Processing /home/airflow/.local/lib/python3.6/site-packages/airflow/example_dags/example_kubernetes_executor.py took 0.110 seconds
[2021-05-08 07:07:52,662] {scheduler_job.py:182} INFO - Started process (PID=994) to work on /home/airflow/.local/lib/python3.6/site-packages/airflow/example_dags/example_kubernetes_executor.py
[2021-05-08 07:07:52,666] {scheduler_job.py:629} INFO - Processing file /home/airflow/.local/lib/python3.6/site-packages/airflow/example_dags/example_kubernetes_executor.py for tasks to queue
[2021-05-08 07:07:52,668] {logging_mixin.py:104} INFO - [2021-05-08 07:07:52,668] {dagbag.py:451} INFO - Filling up the DagBag from /home/airflow/.local/lib/python3.6/site-packages/airflow/example_dags/example_kubernetes_executor.py
[2021-05-08 07:07:52,694] {scheduler_job.py:639} INFO - DAG(s) dict_keys(['example_kubernetes_executor']) retrieved from /home/airflow/.local/lib/python3.6/site-packages/airflow/example_dags/example_kubernetes_executor.py
[2021-05-08 07:07:52,751] {logging_mixin.py:104} INFO - [2021-05-08 07:07:52,751] {dag.py:1824} INFO - Sync 1 DAGs
[2021-05-08 07:07:52,786] {logging_mixin.py:104} INFO - [2021-05-08 07:07:52,786] {dag.py:2280} INFO - Setting next_dagrun for example_kubernetes_executor to None
[2021-05-08 07:07:52,808] {scheduler_job.py:190} INFO - Processing /home/airflow/.local/lib/python3.6/site-packages/airflow/example_dags/example_kubernetes_executor.py took 0.152 seconds
[2021-05-08 07:08:23,757] {scheduler_job.py:182} INFO - Started process (PID=1015) to work on /home/airflow/.local/lib/python3.6/site-packages/airflow/example_dags/example_kubernetes_executor.py
[2021-05-08 07:08:23,762] {scheduler_job.py:629} INFO - Processing file /home/airflow/.local/lib/python3.6/site-packages/airflow/example_dags/example_kubernetes_executor.py for tasks to queue
[2021-05-08 07:08:23,766] {logging_mixin.py:104} INFO - [2021-05-08 07:08:23,765] {dagbag.py:451} INFO - Filling up the DagBag from /home/airflow/.local/lib/python3.6/site-packages/airflow/example_dags/example_kubernetes_executor.py
[2021-05-08 07:08:23,817] {scheduler_job.py:639} INFO - DAG(s) dict_keys(['example_kubernetes_executor']) retrieved from /home/airflow/.local/lib/python3.6/site-packages/airflow/example_dags/example_kubernetes_executor.py
[2021-05-08 07:08:23,874] {logging_mixin.py:104} INFO - [2021-05-08 07:08:23,874] {dag.py:1824} INFO - Sync 1 DAGs
[2021-05-08 07:08:23,910] {logging_mixin.py:104} INFO - [2021-05-08 07:08:23,909] {dag.py:2280} INFO - Setting next_dagrun for example_kubernetes_executor to None
[2021-05-08 07:08:23,950] {scheduler_job.py:190} INFO - Processing /home/airflow/.local/lib/python3.6/site-packages/airflow/example_dags/example_kubernetes_executor.py took 0.204 seconds
[2021-05-08 07:08:54,796] {scheduler_job.py:182} INFO - Started process (PID=1042) to work on /home/airflow/.local/lib/python3.6/site-packages/airflow/example_dags/example_kubernetes_executor.py
[2021-05-08 07:08:54,802] {scheduler_job.py:629} INFO - Processing file /home/airflow/.local/lib/python3.6/site-packages/airflow/example_dags/example_kubernetes_executor.py for tasks to queue
[2021-05-08 07:08:54,806] {logging_mixin.py:104} INFO - [2021-05-08 07:08:54,806] {dagbag.py:451} INFO - Filling up the DagBag from /home/airflow/.local/lib/python3.6/site-packages/airflow/example_dags/example_kubernetes_executor.py
[2021-05-08 07:08:54,862] {scheduler_job.py:639} INFO - DAG(s) dict_keys(['example_kubernetes_executor']) retrieved from /home/airflow/.local/lib/python3.6/site-packages/airflow/example_dags/example_kubernetes_executor.py
[2021-05-08 07:08:55,007] {logging_mixin.py:104} INFO - [2021-05-08 07:08:55,006] {dag.py:1824} INFO - Sync 1 DAGs
[2021-05-08 07:08:55,086] {logging_mixin.py:104} INFO - [2021-05-08 07:08:55,086] {dag.py:2280} INFO - Setting next_dagrun for example_kubernetes_executor to None
[2021-05-08 07:08:55,135] {scheduler_job.py:190} INFO - Processing /home/airflow/.local/lib/python3.6/site-packages/airflow/example_dags/example_kubernetes_executor.py took 0.353 seconds
[2021-05-08 07:09:25,564] {scheduler_job.py:182} INFO - Started process (PID=1069) to work on /home/airflow/.local/lib/python3.6/site-packages/airflow/example_dags/example_kubernetes_executor.py
[2021-05-08 07:09:25,572] {scheduler_job.py:629} INFO - Processing file /home/airflow/.local/lib/python3.6/site-packages/airflow/example_dags/example_kubernetes_executor.py for tasks to queue
[2021-05-08 07:09:25,578] {logging_mixin.py:104} INFO - [2021-05-08 07:09:25,577] {dagbag.py:451} INFO - Filling up the DagBag from /home/airflow/.local/lib/python3.6/site-packages/airflow/example_dags/example_kubernetes_executor.py
[2021-05-08 07:09:25,639] {scheduler_job.py:639} INFO - DAG(s) dict_keys(['example_kubernetes_executor']) retrieved from /home/airflow/.local/lib/python3.6/site-packages/airflow/example_dags/example_kubernetes_executor.py
[2021-05-08 07:09:25,770] {logging_mixin.py:104} INFO - [2021-05-08 07:09:25,768] {dag.py:1824} INFO - Sync 1 DAGs
[2021-05-08 07:09:25,854] {logging_mixin.py:104} INFO - [2021-05-08 07:09:25,854] {dag.py:2280} INFO - Setting next_dagrun for example_kubernetes_executor to None
[2021-05-08 07:09:25,895] {scheduler_job.py:190} INFO - Processing /home/airflow/.local/lib/python3.6/site-packages/airflow/example_dags/example_kubernetes_executor.py took 0.345 seconds
[2021-05-08 07:09:56,799] {scheduler_job.py:182} INFO - Started process (PID=1097) to work on /home/airflow/.local/lib/python3.6/site-packages/airflow/example_dags/example_kubernetes_executor.py
[2021-05-08 07:09:56,805] {scheduler_job.py:629} INFO - Processing file /home/airflow/.local/lib/python3.6/site-packages/airflow/example_dags/example_kubernetes_executor.py for tasks to queue
[2021-05-08 07:09:56,810] {logging_mixin.py:104} INFO - [2021-05-08 07:09:56,810] {dagbag.py:451} INFO - Filling up the DagBag from /home/airflow/.local/lib/python3.6/site-packages/airflow/example_dags/example_kubernetes_executor.py
[2021-05-08 07:09:56,850] {scheduler_job.py:639} INFO - DAG(s) dict_keys(['example_kubernetes_executor']) retrieved from /home/airflow/.local/lib/python3.6/site-packages/airflow/example_dags/example_kubernetes_executor.py
[2021-05-08 07:09:56,935] {logging_mixin.py:104} INFO - [2021-05-08 07:09:56,935] {dag.py:1824} INFO - Sync 1 DAGs
[2021-05-08 07:09:57,002] {logging_mixin.py:104} INFO - [2021-05-08 07:09:57,002] {dag.py:2280} INFO - Setting next_dagrun for example_kubernetes_executor to None
[2021-05-08 07:09:57,034] {scheduler_job.py:190} INFO - Processing /home/airflow/.local/lib/python3.6/site-packages/airflow/example_dags/example_kubernetes_executor.py took 0.244 seconds
[2021-05-08 07:10:27,138] {scheduler_job.py:182} INFO - Started process (PID=1124) to work on /home/airflow/.local/lib/python3.6/site-packages/airflow/example_dags/example_kubernetes_executor.py
[2021-05-08 07:10:27,143] {scheduler_job.py:629} INFO - Processing file /home/airflow/.local/lib/python3.6/site-packages/airflow/example_dags/example_kubernetes_executor.py for tasks to queue
[2021-05-08 07:10:27,148] {logging_mixin.py:104} INFO - [2021-05-08 07:10:27,148] {dagbag.py:451} INFO - Filling up the DagBag from /home/airflow/.local/lib/python3.6/site-packages/airflow/example_dags/example_kubernetes_executor.py
[2021-05-08 07:10:27,182] {scheduler_job.py:639} INFO - DAG(s) dict_keys(['example_kubernetes_executor']) retrieved from /home/airflow/.local/lib/python3.6/site-packages/airflow/example_dags/example_kubernetes_executor.py
[2021-05-08 07:10:27,251] {logging_mixin.py:104} INFO - [2021-05-08 07:10:27,251] {dag.py:1824} INFO - Sync 1 DAGs
[2021-05-08 07:10:27,305] {logging_mixin.py:104} INFO - [2021-05-08 07:10:27,305] {dag.py:2280} INFO - Setting next_dagrun for example_kubernetes_executor to None
[2021-05-08 07:10:27,338] {scheduler_job.py:190} INFO - Processing /home/airflow/.local/lib/python3.6/site-packages/airflow/example_dags/example_kubernetes_executor.py took 0.210 seconds
[2021-05-08 07:10:57,528] {scheduler_job.py:182} INFO - Started process (PID=1151) to work on /home/airflow/.local/lib/python3.6/site-packages/airflow/example_dags/example_kubernetes_executor.py
[2021-05-08 07:10:57,532] {scheduler_job.py:629} INFO - Processing file /home/airflow/.local/lib/python3.6/site-packages/airflow/example_dags/example_kubernetes_executor.py for tasks to queue
[2021-05-08 07:10:57,535] {logging_mixin.py:104} INFO - [2021-05-08 07:10:57,534] {dagbag.py:451} INFO - Filling up the DagBag from /home/airflow/.local/lib/python3.6/site-packages/airflow/example_dags/example_kubernetes_executor.py
[2021-05-08 07:10:57,570] {scheduler_job.py:639} INFO - DAG(s) dict_keys(['example_kubernetes_executor']) retrieved from /home/airflow/.local/lib/python3.6/site-packages/airflow/example_dags/example_kubernetes_executor.py
[2021-05-08 07:10:57,634] {logging_mixin.py:104} INFO - [2021-05-08 07:10:57,634] {dag.py:1824} INFO - Sync 1 DAGs
[2021-05-08 07:10:57,670] {logging_mixin.py:104} INFO - [2021-05-08 07:10:57,670] {dag.py:2280} INFO - Setting next_dagrun for example_kubernetes_executor to None
[2021-05-08 07:10:57,697] {scheduler_job.py:190} INFO - Processing /home/airflow/.local/lib/python3.6/site-packages/airflow/example_dags/example_kubernetes_executor.py took 0.179 seconds
[2021-05-08 07:11:27,892] {scheduler_job.py:182} INFO - Started process (PID=1178) to work on /home/airflow/.local/lib/python3.6/site-packages/airflow/example_dags/example_kubernetes_executor.py
[2021-05-08 07:11:27,896] {scheduler_job.py:629} INFO - Processing file /home/airflow/.local/lib/python3.6/site-packages/airflow/example_dags/example_kubernetes_executor.py for tasks to queue
[2021-05-08 07:11:27,899] {logging_mixin.py:104} INFO - [2021-05-08 07:11:27,899] {dagbag.py:451} INFO - Filling up the DagBag from /home/airflow/.local/lib/python3.6/site-packages/airflow/example_dags/example_kubernetes_executor.py
[2021-05-08 07:11:27,933] {scheduler_job.py:639} INFO - DAG(s) dict_keys(['example_kubernetes_executor']) retrieved from /home/airflow/.local/lib/python3.6/site-packages/airflow/example_dags/example_kubernetes_executor.py
[2021-05-08 07:11:27,987] {logging_mixin.py:104} INFO - [2021-05-08 07:11:27,987] {dag.py:1824} INFO - Sync 1 DAGs
[2021-05-08 07:11:28,019] {logging_mixin.py:104} INFO - [2021-05-08 07:11:28,019] {dag.py:2280} INFO - Setting next_dagrun for example_kubernetes_executor to None
[2021-05-08 07:11:28,052] {scheduler_job.py:190} INFO - Processing /home/airflow/.local/lib/python3.6/site-packages/airflow/example_dags/example_kubernetes_executor.py took 0.168 seconds
[2021-05-08 07:11:58,233] {scheduler_job.py:182} INFO - Started process (PID=1205) to work on /home/airflow/.local/lib/python3.6/site-packages/airflow/example_dags/example_kubernetes_executor.py
[2021-05-08 07:11:58,249] {scheduler_job.py:629} INFO - Processing file /home/airflow/.local/lib/python3.6/site-packages/airflow/example_dags/example_kubernetes_executor.py for tasks to queue
[2021-05-08 07:11:58,257] {logging_mixin.py:104} INFO - [2021-05-08 07:11:58,256] {dagbag.py:451} INFO - Filling up the DagBag from /home/airflow/.local/lib/python3.6/site-packages/airflow/example_dags/example_kubernetes_executor.py
[2021-05-08 07:11:58,295] {scheduler_job.py:639} INFO - DAG(s) dict_keys(['example_kubernetes_executor']) retrieved from /home/airflow/.local/lib/python3.6/site-packages/airflow/example_dags/example_kubernetes_executor.py
[2021-05-08 07:11:58,380] {logging_mixin.py:104} INFO - [2021-05-08 07:11:58,380] {dag.py:1824} INFO - Sync 1 DAGs
[2021-05-08 07:11:58,448] {logging_mixin.py:104} INFO - [2021-05-08 07:11:58,448] {dag.py:2280} INFO - Setting next_dagrun for example_kubernetes_executor to None
[2021-05-08 07:11:58,482] {scheduler_job.py:190} INFO - Processing /home/airflow/.local/lib/python3.6/site-packages/airflow/example_dags/example_kubernetes_executor.py took 0.258 seconds
[2021-05-08 07:12:29,313] {scheduler_job.py:182} INFO - Started process (PID=1234) to work on /home/airflow/.local/lib/python3.6/site-packages/airflow/example_dags/example_kubernetes_executor.py
[2021-05-08 07:12:29,326] {scheduler_job.py:629} INFO - Processing file /home/airflow/.local/lib/python3.6/site-packages/airflow/example_dags/example_kubernetes_executor.py for tasks to queue
[2021-05-08 07:12:29,336] {logging_mixin.py:104} INFO - [2021-05-08 07:12:29,335] {dagbag.py:451} INFO - Filling up the DagBag from /home/airflow/.local/lib/python3.6/site-packages/airflow/example_dags/example_kubernetes_executor.py
[2021-05-08 07:12:29,394] {scheduler_job.py:639} INFO - DAG(s) dict_keys(['example_kubernetes_executor']) retrieved from /home/airflow/.local/lib/python3.6/site-packages/airflow/example_dags/example_kubernetes_executor.py
[2021-05-08 07:12:29,507] {logging_mixin.py:104} INFO - [2021-05-08 07:12:29,506] {dag.py:1824} INFO - Sync 1 DAGs
[2021-05-08 07:12:29,576] {logging_mixin.py:104} INFO - [2021-05-08 07:12:29,575] {dag.py:2280} INFO - Setting next_dagrun for example_kubernetes_executor to None
[2021-05-08 07:12:29,638] {scheduler_job.py:190} INFO - Processing /home/airflow/.local/lib/python3.6/site-packages/airflow/example_dags/example_kubernetes_executor.py took 0.343 seconds
[2021-05-08 07:13:00,503] {scheduler_job.py:182} INFO - Started process (PID=1261) to work on /home/airflow/.local/lib/python3.6/site-packages/airflow/example_dags/example_kubernetes_executor.py
[2021-05-08 07:13:00,510] {scheduler_job.py:629} INFO - Processing file /home/airflow/.local/lib/python3.6/site-packages/airflow/example_dags/example_kubernetes_executor.py for tasks to queue
[2021-05-08 07:13:00,515] {logging_mixin.py:104} INFO - [2021-05-08 07:13:00,514] {dagbag.py:451} INFO - Filling up the DagBag from /home/airflow/.local/lib/python3.6/site-packages/airflow/example_dags/example_kubernetes_executor.py
[2021-05-08 07:13:00,564] {scheduler_job.py:639} INFO - DAG(s) dict_keys(['example_kubernetes_executor']) retrieved from /home/airflow/.local/lib/python3.6/site-packages/airflow/example_dags/example_kubernetes_executor.py
[2021-05-08 07:13:00,663] {logging_mixin.py:104} INFO - [2021-05-08 07:13:00,662] {dag.py:1824} INFO - Sync 1 DAGs
[2021-05-08 07:13:00,723] {logging_mixin.py:104} INFO - [2021-05-08 07:13:00,722] {dag.py:2280} INFO - Setting next_dagrun for example_kubernetes_executor to None
[2021-05-08 07:13:00,755] {scheduler_job.py:190} INFO - Processing /home/airflow/.local/lib/python3.6/site-packages/airflow/example_dags/example_kubernetes_executor.py took 0.266 seconds
[2021-05-08 07:13:31,472] {scheduler_job.py:182} INFO - Started process (PID=1288) to work on /home/airflow/.local/lib/python3.6/site-packages/airflow/example_dags/example_kubernetes_executor.py
[2021-05-08 07:13:31,479] {scheduler_job.py:629} INFO - Processing file /home/airflow/.local/lib/python3.6/site-packages/airflow/example_dags/example_kubernetes_executor.py for tasks to queue
[2021-05-08 07:13:31,487] {logging_mixin.py:104} INFO - [2021-05-08 07:13:31,486] {dagbag.py:451} INFO - Filling up the DagBag from /home/airflow/.local/lib/python3.6/site-packages/airflow/example_dags/example_kubernetes_executor.py
[2021-05-08 07:13:31,554] {scheduler_job.py:639} INFO - DAG(s) dict_keys(['example_kubernetes_executor']) retrieved from /home/airflow/.local/lib/python3.6/site-packages/airflow/example_dags/example_kubernetes_executor.py
[2021-05-08 07:13:31,698] {logging_mixin.py:104} INFO - [2021-05-08 07:13:31,698] {dag.py:1824} INFO - Sync 1 DAGs
[2021-05-08 07:13:31,795] {logging_mixin.py:104} INFO - [2021-05-08 07:13:31,794] {dag.py:2280} INFO - Setting next_dagrun for example_kubernetes_executor to None
[2021-05-08 07:13:31,852] {scheduler_job.py:190} INFO - Processing /home/airflow/.local/lib/python3.6/site-packages/airflow/example_dags/example_kubernetes_executor.py took 0.396 seconds
[2021-05-08 07:14:02,289] {scheduler_job.py:182} INFO - Started process (PID=1314) to work on /home/airflow/.local/lib/python3.6/site-packages/airflow/example_dags/example_kubernetes_executor.py
[2021-05-08 07:14:02,300] {scheduler_job.py:629} INFO - Processing file /home/airflow/.local/lib/python3.6/site-packages/airflow/example_dags/example_kubernetes_executor.py for tasks to queue
[2021-05-08 07:14:02,305] {logging_mixin.py:104} INFO - [2021-05-08 07:14:02,305] {dagbag.py:451} INFO - Filling up the DagBag from /home/airflow/.local/lib/python3.6/site-packages/airflow/example_dags/example_kubernetes_executor.py
[2021-05-08 07:14:02,371] {scheduler_job.py:639} INFO - DAG(s) dict_keys(['example_kubernetes_executor']) retrieved from /home/airflow/.local/lib/python3.6/site-packages/airflow/example_dags/example_kubernetes_executor.py
[2021-05-08 07:14:02,529] {logging_mixin.py:104} INFO - [2021-05-08 07:14:02,529] {dag.py:1824} INFO - Sync 1 DAGs
[2021-05-08 07:14:02,624] {logging_mixin.py:104} INFO - [2021-05-08 07:14:02,624] {dag.py:2280} INFO - Setting next_dagrun for example_kubernetes_executor to None
[2021-05-08 07:14:02,669] {scheduler_job.py:190} INFO - Processing /home/airflow/.local/lib/python3.6/site-packages/airflow/example_dags/example_kubernetes_executor.py took 0.396 seconds
[2021-05-08 07:14:32,738] {scheduler_job.py:182} INFO - Started process (PID=1341) to work on /home/airflow/.local/lib/python3.6/site-packages/airflow/example_dags/example_kubernetes_executor.py
[2021-05-08 07:14:32,744] {scheduler_job.py:629} INFO - Processing file /home/airflow/.local/lib/python3.6/site-packages/airflow/example_dags/example_kubernetes_executor.py for tasks to queue
[2021-05-08 07:14:32,749] {logging_mixin.py:104} INFO - [2021-05-08 07:14:32,748] {dagbag.py:451} INFO - Filling up the DagBag from /home/airflow/.local/lib/python3.6/site-packages/airflow/example_dags/example_kubernetes_executor.py
[2021-05-08 07:14:32,782] {scheduler_job.py:639} INFO - DAG(s) dict_keys(['example_kubernetes_executor']) retrieved from /home/airflow/.local/lib/python3.6/site-packages/airflow/example_dags/example_kubernetes_executor.py
[2021-05-08 07:14:32,842] {logging_mixin.py:104} INFO - [2021-05-08 07:14:32,842] {dag.py:1824} INFO - Sync 1 DAGs
[2021-05-08 07:14:32,880] {logging_mixin.py:104} INFO - [2021-05-08 07:14:32,879] {dag.py:2280} INFO - Setting next_dagrun for example_kubernetes_executor to None
[2021-05-08 07:14:32,907] {scheduler_job.py:190} INFO - Processing /home/airflow/.local/lib/python3.6/site-packages/airflow/example_dags/example_kubernetes_executor.py took 0.177 seconds
[2021-05-08 07:15:03,075] {scheduler_job.py:182} INFO - Started process (PID=1368) to work on /home/airflow/.local/lib/python3.6/site-packages/airflow/example_dags/example_kubernetes_executor.py
[2021-05-08 07:15:03,082] {scheduler_job.py:629} INFO - Processing file /home/airflow/.local/lib/python3.6/site-packages/airflow/example_dags/example_kubernetes_executor.py for tasks to queue
[2021-05-08 07:15:03,088] {logging_mixin.py:104} INFO - [2021-05-08 07:15:03,087] {dagbag.py:451} INFO - Filling up the DagBag from /home/airflow/.local/lib/python3.6/site-packages/airflow/example_dags/example_kubernetes_executor.py
[2021-05-08 07:15:03,129] {scheduler_job.py:639} INFO - DAG(s) dict_keys(['example_kubernetes_executor']) retrieved from /home/airflow/.local/lib/python3.6/site-packages/airflow/example_dags/example_kubernetes_executor.py
[2021-05-08 07:15:03,200] {logging_mixin.py:104} INFO - [2021-05-08 07:15:03,200] {dag.py:1824} INFO - Sync 1 DAGs
[2021-05-08 07:15:03,258] {logging_mixin.py:104} INFO - [2021-05-08 07:15:03,257] {dag.py:2280} INFO - Setting next_dagrun for example_kubernetes_executor to None
[2021-05-08 07:15:03,314] {scheduler_job.py:190} INFO - Processing /home/airflow/.local/lib/python3.6/site-packages/airflow/example_dags/example_kubernetes_executor.py took 0.252 seconds
[2021-05-08 07:15:33,379] {scheduler_job.py:182} INFO - Started process (PID=1395) to work on /home/airflow/.local/lib/python3.6/site-packages/airflow/example_dags/example_kubernetes_executor.py
[2021-05-08 07:15:33,382] {scheduler_job.py:629} INFO - Processing file /home/airflow/.local/lib/python3.6/site-packages/airflow/example_dags/example_kubernetes_executor.py for tasks to queue
[2021-05-08 07:15:33,384] {logging_mixin.py:104} INFO - [2021-05-08 07:15:33,383] {dagbag.py:451} INFO - Filling up the DagBag from /home/airflow/.local/lib/python3.6/site-packages/airflow/example_dags/example_kubernetes_executor.py
[2021-05-08 07:15:33,400] {scheduler_job.py:639} INFO - DAG(s) dict_keys(['example_kubernetes_executor']) retrieved from /home/airflow/.local/lib/python3.6/site-packages/airflow/example_dags/example_kubernetes_executor.py
[2021-05-08 07:15:33,444] {logging_mixin.py:104} INFO - [2021-05-08 07:15:33,444] {dag.py:1824} INFO - Sync 1 DAGs
[2021-05-08 07:15:33,466] {logging_mixin.py:104} INFO - [2021-05-08 07:15:33,466] {dag.py:2280} INFO - Setting next_dagrun for example_kubernetes_executor to None
[2021-05-08 07:15:33,480] {scheduler_job.py:190} INFO - Processing /home/airflow/.local/lib/python3.6/site-packages/airflow/example_dags/example_kubernetes_executor.py took 0.106 seconds
[2021-05-08 07:16:04,011] {scheduler_job.py:182} INFO - Started process (PID=1422) to work on /home/airflow/.local/lib/python3.6/site-packages/airflow/example_dags/example_kubernetes_executor.py
[2021-05-08 07:16:04,014] {scheduler_job.py:629} INFO - Processing file /home/airflow/.local/lib/python3.6/site-packages/airflow/example_dags/example_kubernetes_executor.py for tasks to queue
[2021-05-08 07:16:04,016] {logging_mixin.py:104} INFO - [2021-05-08 07:16:04,016] {dagbag.py:451} INFO - Filling up the DagBag from /home/airflow/.local/lib/python3.6/site-packages/airflow/example_dags/example_kubernetes_executor.py
[2021-05-08 07:16:04,054] {scheduler_job.py:639} INFO - DAG(s) dict_keys(['example_kubernetes_executor']) retrieved from /home/airflow/.local/lib/python3.6/site-packages/airflow/example_dags/example_kubernetes_executor.py
[2021-05-08 07:16:04,089] {logging_mixin.py:104} INFO - [2021-05-08 07:16:04,089] {dag.py:1824} INFO - Sync 1 DAGs
[2021-05-08 07:16:04,113] {logging_mixin.py:104} INFO - [2021-05-08 07:16:04,113] {dag.py:2280} INFO - Setting next_dagrun for example_kubernetes_executor to None
[2021-05-08 07:16:04,129] {scheduler_job.py:190} INFO - Processing /home/airflow/.local/lib/python3.6/site-packages/airflow/example_dags/example_kubernetes_executor.py took 0.123 seconds
[2021-05-08 07:16:34,619] {scheduler_job.py:182} INFO - Started process (PID=1449) to work on /home/airflow/.local/lib/python3.6/site-packages/airflow/example_dags/example_kubernetes_executor.py
[2021-05-08 07:16:34,622] {scheduler_job.py:629} INFO - Processing file /home/airflow/.local/lib/python3.6/site-packages/airflow/example_dags/example_kubernetes_executor.py for tasks to queue
[2021-05-08 07:16:34,624] {logging_mixin.py:104} INFO - [2021-05-08 07:16:34,624] {dagbag.py:451} INFO - Filling up the DagBag from /home/airflow/.local/lib/python3.6/site-packages/airflow/example_dags/example_kubernetes_executor.py
[2021-05-08 07:16:34,643] {scheduler_job.py:639} INFO - DAG(s) dict_keys(['example_kubernetes_executor']) retrieved from /home/airflow/.local/lib/python3.6/site-packages/airflow/example_dags/example_kubernetes_executor.py
[2021-05-08 07:16:34,683] {logging_mixin.py:104} INFO - [2021-05-08 07:16:34,683] {dag.py:1824} INFO - Sync 1 DAGs
[2021-05-08 07:16:34,707] {logging_mixin.py:104} INFO - [2021-05-08 07:16:34,706] {dag.py:2280} INFO - Setting next_dagrun for example_kubernetes_executor to None
[2021-05-08 07:16:34,723] {scheduler_job.py:190} INFO - Processing /home/airflow/.local/lib/python3.6/site-packages/airflow/example_dags/example_kubernetes_executor.py took 0.110 seconds
[2021-05-08 07:17:05,193] {scheduler_job.py:182} INFO - Started process (PID=1474) to work on /home/airflow/.local/lib/python3.6/site-packages/airflow/example_dags/example_kubernetes_executor.py
[2021-05-08 07:17:05,197] {scheduler_job.py:629} INFO - Processing file /home/airflow/.local/lib/python3.6/site-packages/airflow/example_dags/example_kubernetes_executor.py for tasks to queue
[2021-05-08 07:17:05,199] {logging_mixin.py:104} INFO - [2021-05-08 07:17:05,199] {dagbag.py:451} INFO - Filling up the DagBag from /home/airflow/.local/lib/python3.6/site-packages/airflow/example_dags/example_kubernetes_executor.py
[2021-05-08 07:17:05,216] {scheduler_job.py:639} INFO - DAG(s) dict_keys(['example_kubernetes_executor']) retrieved from /home/airflow/.local/lib/python3.6/site-packages/airflow/example_dags/example_kubernetes_executor.py
[2021-05-08 07:17:05,248] {logging_mixin.py:104} INFO - [2021-05-08 07:17:05,248] {dag.py:1824} INFO - Sync 1 DAGs
[2021-05-08 07:17:05,278] {logging_mixin.py:104} INFO - [2021-05-08 07:17:05,278] {dag.py:2280} INFO - Setting next_dagrun for example_kubernetes_executor to None
[2021-05-08 07:17:05,294] {scheduler_job.py:190} INFO - Processing /home/airflow/.local/lib/python3.6/site-packages/airflow/example_dags/example_kubernetes_executor.py took 0.106 seconds
[2021-05-08 07:17:35,780] {scheduler_job.py:182} INFO - Started process (PID=1501) to work on /home/airflow/.local/lib/python3.6/site-packages/airflow/example_dags/example_kubernetes_executor.py
[2021-05-08 07:17:35,783] {scheduler_job.py:629} INFO - Processing file /home/airflow/.local/lib/python3.6/site-packages/airflow/example_dags/example_kubernetes_executor.py for tasks to queue
[2021-05-08 07:17:35,785] {logging_mixin.py:104} INFO - [2021-05-08 07:17:35,785] {dagbag.py:451} INFO - Filling up the DagBag from /home/airflow/.local/lib/python3.6/site-packages/airflow/example_dags/example_kubernetes_executor.py
[2021-05-08 07:17:35,803] {scheduler_job.py:639} INFO - DAG(s) dict_keys(['example_kubernetes_executor']) retrieved from /home/airflow/.local/lib/python3.6/site-packages/airflow/example_dags/example_kubernetes_executor.py
[2021-05-08 07:17:35,838] {logging_mixin.py:104} INFO - [2021-05-08 07:17:35,838] {dag.py:1824} INFO - Sync 1 DAGs
[2021-05-08 07:17:35,859] {logging_mixin.py:104} INFO - [2021-05-08 07:17:35,859] {dag.py:2280} INFO - Setting next_dagrun for example_kubernetes_executor to None
[2021-05-08 07:17:35,884] {scheduler_job.py:190} INFO - Processing /home/airflow/.local/lib/python3.6/site-packages/airflow/example_dags/example_kubernetes_executor.py took 0.108 seconds
[2021-05-08 07:18:06,433] {scheduler_job.py:182} INFO - Started process (PID=1528) to work on /home/airflow/.local/lib/python3.6/site-packages/airflow/example_dags/example_kubernetes_executor.py
[2021-05-08 07:18:06,435] {scheduler_job.py:629} INFO - Processing file /home/airflow/.local/lib/python3.6/site-packages/airflow/example_dags/example_kubernetes_executor.py for tasks to queue
[2021-05-08 07:18:06,437] {logging_mixin.py:104} INFO - [2021-05-08 07:18:06,437] {dagbag.py:451} INFO - Filling up the DagBag from /home/airflow/.local/lib/python3.6/site-packages/airflow/example_dags/example_kubernetes_executor.py
[2021-05-08 07:18:06,455] {scheduler_job.py:639} INFO - DAG(s) dict_keys(['example_kubernetes_executor']) retrieved from /home/airflow/.local/lib/python3.6/site-packages/airflow/example_dags/example_kubernetes_executor.py
[2021-05-08 07:18:06,485] {logging_mixin.py:104} INFO - [2021-05-08 07:18:06,485] {dag.py:1824} INFO - Sync 1 DAGs
[2021-05-08 07:18:06,515] {logging_mixin.py:104} INFO - [2021-05-08 07:18:06,515] {dag.py:2280} INFO - Setting next_dagrun for example_kubernetes_executor to None
[2021-05-08 07:18:06,530] {scheduler_job.py:190} INFO - Processing /home/airflow/.local/lib/python3.6/site-packages/airflow/example_dags/example_kubernetes_executor.py took 0.103 seconds
[2021-05-08 07:18:37,170] {scheduler_job.py:182} INFO - Started process (PID=1555) to work on /home/airflow/.local/lib/python3.6/site-packages/airflow/example_dags/example_kubernetes_executor.py
[2021-05-08 07:18:37,173] {scheduler_job.py:629} INFO - Processing file /home/airflow/.local/lib/python3.6/site-packages/airflow/example_dags/example_kubernetes_executor.py for tasks to queue
[2021-05-08 07:18:37,175] {logging_mixin.py:104} INFO - [2021-05-08 07:18:37,175] {dagbag.py:451} INFO - Filling up the DagBag from /home/airflow/.local/lib/python3.6/site-packages/airflow/example_dags/example_kubernetes_executor.py
[2021-05-08 07:18:37,204] {scheduler_job.py:639} INFO - DAG(s) dict_keys(['example_kubernetes_executor']) retrieved from /home/airflow/.local/lib/python3.6/site-packages/airflow/example_dags/example_kubernetes_executor.py
[2021-05-08 07:18:37,234] {logging_mixin.py:104} INFO - [2021-05-08 07:18:37,234] {dag.py:1824} INFO - Sync 1 DAGs
[2021-05-08 07:18:37,254] {logging_mixin.py:104} INFO - [2021-05-08 07:18:37,254] {dag.py:2280} INFO - Setting next_dagrun for example_kubernetes_executor to None
[2021-05-08 07:18:37,270] {scheduler_job.py:190} INFO - Processing /home/airflow/.local/lib/python3.6/site-packages/airflow/example_dags/example_kubernetes_executor.py took 0.104 seconds
[2021-05-08 07:19:07,954] {scheduler_job.py:182} INFO - Started process (PID=1582) to work on /home/airflow/.local/lib/python3.6/site-packages/airflow/example_dags/example_kubernetes_executor.py
[2021-05-08 07:19:07,956] {scheduler_job.py:629} INFO - Processing file /home/airflow/.local/lib/python3.6/site-packages/airflow/example_dags/example_kubernetes_executor.py for tasks to queue
[2021-05-08 07:19:07,958] {logging_mixin.py:104} INFO - [2021-05-08 07:19:07,958] {dagbag.py:451} INFO - Filling up the DagBag from /home/airflow/.local/lib/python3.6/site-packages/airflow/example_dags/example_kubernetes_executor.py
[2021-05-08 07:19:07,980] {scheduler_job.py:639} INFO - DAG(s) dict_keys(['example_kubernetes_executor']) retrieved from /home/airflow/.local/lib/python3.6/site-packages/airflow/example_dags/example_kubernetes_executor.py
[2021-05-08 07:19:08,013] {logging_mixin.py:104} INFO - [2021-05-08 07:19:08,013] {dag.py:1824} INFO - Sync 1 DAGs
[2021-05-08 07:19:08,034] {logging_mixin.py:104} INFO - [2021-05-08 07:19:08,034] {dag.py:2280} INFO - Setting next_dagrun for example_kubernetes_executor to None
[2021-05-08 07:19:08,049] {scheduler_job.py:190} INFO - Processing /home/airflow/.local/lib/python3.6/site-packages/airflow/example_dags/example_kubernetes_executor.py took 0.099 seconds
[2021-05-08 07:19:38,643] {scheduler_job.py:182} INFO - Started process (PID=1609) to work on /home/airflow/.local/lib/python3.6/site-packages/airflow/example_dags/example_kubernetes_executor.py
[2021-05-08 07:19:38,645] {scheduler_job.py:629} INFO - Processing file /home/airflow/.local/lib/python3.6/site-packages/airflow/example_dags/example_kubernetes_executor.py for tasks to queue
[2021-05-08 07:19:38,647] {logging_mixin.py:104} INFO - [2021-05-08 07:19:38,647] {dagbag.py:451} INFO - Filling up the DagBag from /home/airflow/.local/lib/python3.6/site-packages/airflow/example_dags/example_kubernetes_executor.py
[2021-05-08 07:19:38,663] {scheduler_job.py:639} INFO - DAG(s) dict_keys(['example_kubernetes_executor']) retrieved from /home/airflow/.local/lib/python3.6/site-packages/airflow/example_dags/example_kubernetes_executor.py
[2021-05-08 07:19:38,693] {logging_mixin.py:104} INFO - [2021-05-08 07:19:38,693] {dag.py:1824} INFO - Sync 1 DAGs
[2021-05-08 07:19:38,722] {logging_mixin.py:104} INFO - [2021-05-08 07:19:38,722] {dag.py:2280} INFO - Setting next_dagrun for example_kubernetes_executor to None
[2021-05-08 07:19:38,736] {scheduler_job.py:190} INFO - Processing /home/airflow/.local/lib/python3.6/site-packages/airflow/example_dags/example_kubernetes_executor.py took 0.099 seconds
[2021-05-08 07:20:09,419] {scheduler_job.py:182} INFO - Started process (PID=1636) to work on /home/airflow/.local/lib/python3.6/site-packages/airflow/example_dags/example_kubernetes_executor.py
[2021-05-08 07:20:09,421] {scheduler_job.py:629} INFO - Processing file /home/airflow/.local/lib/python3.6/site-packages/airflow/example_dags/example_kubernetes_executor.py for tasks to queue
[2021-05-08 07:20:09,423] {logging_mixin.py:104} INFO - [2021-05-08 07:20:09,423] {dagbag.py:451} INFO - Filling up the DagBag from /home/airflow/.local/lib/python3.6/site-packages/airflow/example_dags/example_kubernetes_executor.py
[2021-05-08 07:20:09,441] {scheduler_job.py:639} INFO - DAG(s) dict_keys(['example_kubernetes_executor']) retrieved from /home/airflow/.local/lib/python3.6/site-packages/airflow/example_dags/example_kubernetes_executor.py
[2021-05-08 07:20:09,491] {logging_mixin.py:104} INFO - [2021-05-08 07:20:09,491] {dag.py:1824} INFO - Sync 1 DAGs
[2021-05-08 07:20:09,518] {logging_mixin.py:104} INFO - [2021-05-08 07:20:09,518] {dag.py:2280} INFO - Setting next_dagrun for example_kubernetes_executor to None
[2021-05-08 07:20:09,535] {scheduler_job.py:190} INFO - Processing /home/airflow/.local/lib/python3.6/site-packages/airflow/example_dags/example_kubernetes_executor.py took 0.120 seconds
[2021-05-08 07:20:40,225] {scheduler_job.py:182} INFO - Started process (PID=1663) to work on /home/airflow/.local/lib/python3.6/site-packages/airflow/example_dags/example_kubernetes_executor.py
[2021-05-08 07:20:40,228] {scheduler_job.py:629} INFO - Processing file /home/airflow/.local/lib/python3.6/site-packages/airflow/example_dags/example_kubernetes_executor.py for tasks to queue
[2021-05-08 07:20:40,230] {logging_mixin.py:104} INFO - [2021-05-08 07:20:40,229] {dagbag.py:451} INFO - Filling up the DagBag from /home/airflow/.local/lib/python3.6/site-packages/airflow/example_dags/example_kubernetes_executor.py
[2021-05-08 07:20:40,248] {scheduler_job.py:639} INFO - DAG(s) dict_keys(['example_kubernetes_executor']) retrieved from /home/airflow/.local/lib/python3.6/site-packages/airflow/example_dags/example_kubernetes_executor.py
[2021-05-08 07:20:40,277] {logging_mixin.py:104} INFO - [2021-05-08 07:20:40,277] {dag.py:1824} INFO - Sync 1 DAGs
[2021-05-08 07:20:40,297] {logging_mixin.py:104} INFO - [2021-05-08 07:20:40,297] {dag.py:2280} INFO - Setting next_dagrun for example_kubernetes_executor to None
[2021-05-08 07:20:40,312] {scheduler_job.py:190} INFO - Processing /home/airflow/.local/lib/python3.6/site-packages/airflow/example_dags/example_kubernetes_executor.py took 0.091 seconds
[2021-05-08 07:21:10,931] {scheduler_job.py:182} INFO - Started process (PID=1690) to work on /home/airflow/.local/lib/python3.6/site-packages/airflow/example_dags/example_kubernetes_executor.py
[2021-05-08 07:21:10,934] {scheduler_job.py:629} INFO - Processing file /home/airflow/.local/lib/python3.6/site-packages/airflow/example_dags/example_kubernetes_executor.py for tasks to queue
[2021-05-08 07:21:10,936] {logging_mixin.py:104} INFO - [2021-05-08 07:21:10,936] {dagbag.py:451} INFO - Filling up the DagBag from /home/airflow/.local/lib/python3.6/site-packages/airflow/example_dags/example_kubernetes_executor.py
[2021-05-08 07:21:10,953] {scheduler_job.py:639} INFO - DAG(s) dict_keys(['example_kubernetes_executor']) retrieved from /home/airflow/.local/lib/python3.6/site-packages/airflow/example_dags/example_kubernetes_executor.py
[2021-05-08 07:21:10,985] {logging_mixin.py:104} INFO - [2021-05-08 07:21:10,985] {dag.py:1824} INFO - Sync 1 DAGs
[2021-05-08 07:21:11,007] {logging_mixin.py:104} INFO - [2021-05-08 07:21:11,006] {dag.py:2280} INFO - Setting next_dagrun for example_kubernetes_executor to None
[2021-05-08 07:21:11,021] {scheduler_job.py:190} INFO - Processing /home/airflow/.local/lib/python3.6/site-packages/airflow/example_dags/example_kubernetes_executor.py took 0.095 seconds
[2021-05-08 07:21:41,655] {scheduler_job.py:182} INFO - Started process (PID=1717) to work on /home/airflow/.local/lib/python3.6/site-packages/airflow/example_dags/example_kubernetes_executor.py
[2021-05-08 07:21:41,657] {scheduler_job.py:629} INFO - Processing file /home/airflow/.local/lib/python3.6/site-packages/airflow/example_dags/example_kubernetes_executor.py for tasks to queue
[2021-05-08 07:21:41,659] {logging_mixin.py:104} INFO - [2021-05-08 07:21:41,659] {dagbag.py:451} INFO - Filling up the DagBag from /home/airflow/.local/lib/python3.6/site-packages/airflow/example_dags/example_kubernetes_executor.py
[2021-05-08 07:21:41,677] {scheduler_job.py:639} INFO - DAG(s) dict_keys(['example_kubernetes_executor']) retrieved from /home/airflow/.local/lib/python3.6/site-packages/airflow/example_dags/example_kubernetes_executor.py
[2021-05-08 07:21:41,710] {logging_mixin.py:104} INFO - [2021-05-08 07:21:41,710] {dag.py:1824} INFO - Sync 1 DAGs
[2021-05-08 07:21:41,731] {logging_mixin.py:104} INFO - [2021-05-08 07:21:41,731] {dag.py:2280} INFO - Setting next_dagrun for example_kubernetes_executor to None
[2021-05-08 07:21:41,748] {scheduler_job.py:190} INFO - Processing /home/airflow/.local/lib/python3.6/site-packages/airflow/example_dags/example_kubernetes_executor.py took 0.098 seconds
[2021-05-08 07:22:12,359] {scheduler_job.py:182} INFO - Started process (PID=1744) to work on /home/airflow/.local/lib/python3.6/site-packages/airflow/example_dags/example_kubernetes_executor.py
[2021-05-08 07:22:12,363] {scheduler_job.py:629} INFO - Processing file /home/airflow/.local/lib/python3.6/site-packages/airflow/example_dags/example_kubernetes_executor.py for tasks to queue
[2021-05-08 07:22:12,365] {logging_mixin.py:104} INFO - [2021-05-08 07:22:12,364] {dagbag.py:451} INFO - Filling up the DagBag from /home/airflow/.local/lib/python3.6/site-packages/airflow/example_dags/example_kubernetes_executor.py
[2021-05-08 07:22:12,392] {scheduler_job.py:639} INFO - DAG(s) dict_keys(['example_kubernetes_executor']) retrieved from /home/airflow/.local/lib/python3.6/site-packages/airflow/example_dags/example_kubernetes_executor.py
[2021-05-08 07:22:12,430] {logging_mixin.py:104} INFO - [2021-05-08 07:22:12,430] {dag.py:1824} INFO - Sync 1 DAGs
[2021-05-08 07:22:12,452] {logging_mixin.py:104} INFO - [2021-05-08 07:22:12,452] {dag.py:2280} INFO - Setting next_dagrun for example_kubernetes_executor to None
[2021-05-08 07:22:12,470] {scheduler_job.py:190} INFO - Processing /home/airflow/.local/lib/python3.6/site-packages/airflow/example_dags/example_kubernetes_executor.py took 0.116 seconds
[2021-05-08 07:22:43,093] {scheduler_job.py:182} INFO - Started process (PID=1771) to work on /home/airflow/.local/lib/python3.6/site-packages/airflow/example_dags/example_kubernetes_executor.py
[2021-05-08 07:22:43,096] {scheduler_job.py:629} INFO - Processing file /home/airflow/.local/lib/python3.6/site-packages/airflow/example_dags/example_kubernetes_executor.py for tasks to queue
[2021-05-08 07:22:43,101] {logging_mixin.py:104} INFO - [2021-05-08 07:22:43,100] {dagbag.py:451} INFO - Filling up the DagBag from /home/airflow/.local/lib/python3.6/site-packages/airflow/example_dags/example_kubernetes_executor.py
[2021-05-08 07:22:43,132] {scheduler_job.py:639} INFO - DAG(s) dict_keys(['example_kubernetes_executor']) retrieved from /home/airflow/.local/lib/python3.6/site-packages/airflow/example_dags/example_kubernetes_executor.py
[2021-05-08 07:22:43,168] {logging_mixin.py:104} INFO - [2021-05-08 07:22:43,168] {dag.py:1824} INFO - Sync 1 DAGs
[2021-05-08 07:22:43,190] {logging_mixin.py:104} INFO - [2021-05-08 07:22:43,190] {dag.py:2280} INFO - Setting next_dagrun for example_kubernetes_executor to None
[2021-05-08 07:22:43,204] {scheduler_job.py:190} INFO - Processing /home/airflow/.local/lib/python3.6/site-packages/airflow/example_dags/example_kubernetes_executor.py took 0.115 seconds
[2021-05-08 07:23:13,713] {scheduler_job.py:182} INFO - Started process (PID=1798) to work on /home/airflow/.local/lib/python3.6/site-packages/airflow/example_dags/example_kubernetes_executor.py
[2021-05-08 07:23:13,716] {scheduler_job.py:629} INFO - Processing file /home/airflow/.local/lib/python3.6/site-packages/airflow/example_dags/example_kubernetes_executor.py for tasks to queue
[2021-05-08 07:23:13,718] {logging_mixin.py:104} INFO - [2021-05-08 07:23:13,718] {dagbag.py:451} INFO - Filling up the DagBag from /home/airflow/.local/lib/python3.6/site-packages/airflow/example_dags/example_kubernetes_executor.py
[2021-05-08 07:23:13,740] {scheduler_job.py:639} INFO - DAG(s) dict_keys(['example_kubernetes_executor']) retrieved from /home/airflow/.local/lib/python3.6/site-packages/airflow/example_dags/example_kubernetes_executor.py
[2021-05-08 07:23:13,774] {logging_mixin.py:104} INFO - [2021-05-08 07:23:13,774] {dag.py:1824} INFO - Sync 1 DAGs
[2021-05-08 07:23:13,794] {logging_mixin.py:104} INFO - [2021-05-08 07:23:13,794] {dag.py:2280} INFO - Setting next_dagrun for example_kubernetes_executor to None
[2021-05-08 07:23:13,808] {scheduler_job.py:190} INFO - Processing /home/airflow/.local/lib/python3.6/site-packages/airflow/example_dags/example_kubernetes_executor.py took 0.099 seconds
[2021-05-08 07:23:44,152] {scheduler_job.py:182} INFO - Started process (PID=1823) to work on /home/airflow/.local/lib/python3.6/site-packages/airflow/example_dags/example_kubernetes_executor.py
[2021-05-08 07:23:44,154] {scheduler_job.py:629} INFO - Processing file /home/airflow/.local/lib/python3.6/site-packages/airflow/example_dags/example_kubernetes_executor.py for tasks to queue
[2021-05-08 07:23:44,156] {logging_mixin.py:104} INFO - [2021-05-08 07:23:44,156] {dagbag.py:451} INFO - Filling up the DagBag from /home/airflow/.local/lib/python3.6/site-packages/airflow/example_dags/example_kubernetes_executor.py
[2021-05-08 07:23:44,173] {scheduler_job.py:639} INFO - DAG(s) dict_keys(['example_kubernetes_executor']) retrieved from /home/airflow/.local/lib/python3.6/site-packages/airflow/example_dags/example_kubernetes_executor.py
[2021-05-08 07:23:44,209] {logging_mixin.py:104} INFO - [2021-05-08 07:23:44,208] {dag.py:1824} INFO - Sync 1 DAGs
[2021-05-08 07:23:44,228] {logging_mixin.py:104} INFO - [2021-05-08 07:23:44,228] {dag.py:2280} INFO - Setting next_dagrun for example_kubernetes_executor to None
[2021-05-08 07:23:44,243] {scheduler_job.py:190} INFO - Processing /home/airflow/.local/lib/python3.6/site-packages/airflow/example_dags/example_kubernetes_executor.py took 0.097 seconds
[2021-05-08 07:24:14,655] {scheduler_job.py:182} INFO - Started process (PID=1851) to work on /home/airflow/.local/lib/python3.6/site-packages/airflow/example_dags/example_kubernetes_executor.py
[2021-05-08 07:24:14,658] {scheduler_job.py:629} INFO - Processing file /home/airflow/.local/lib/python3.6/site-packages/airflow/example_dags/example_kubernetes_executor.py for tasks to queue
[2021-05-08 07:24:14,659] {logging_mixin.py:104} INFO - [2021-05-08 07:24:14,659] {dagbag.py:451} INFO - Filling up the DagBag from /home/airflow/.local/lib/python3.6/site-packages/airflow/example_dags/example_kubernetes_executor.py
[2021-05-08 07:24:14,677] {scheduler_job.py:639} INFO - DAG(s) dict_keys(['example_kubernetes_executor']) retrieved from /home/airflow/.local/lib/python3.6/site-packages/airflow/example_dags/example_kubernetes_executor.py
[2021-05-08 07:24:14,709] {logging_mixin.py:104} INFO - [2021-05-08 07:24:14,708] {dag.py:1824} INFO - Sync 1 DAGs
[2021-05-08 07:24:14,730] {logging_mixin.py:104} INFO - [2021-05-08 07:24:14,730] {dag.py:2280} INFO - Setting next_dagrun for example_kubernetes_executor to None
[2021-05-08 07:24:14,745] {scheduler_job.py:190} INFO - Processing /home/airflow/.local/lib/python3.6/site-packages/airflow/example_dags/example_kubernetes_executor.py took 0.094 seconds
[2021-05-08 07:24:45,333] {scheduler_job.py:182} INFO - Started process (PID=1879) to work on /home/airflow/.local/lib/python3.6/site-packages/airflow/example_dags/example_kubernetes_executor.py
[2021-05-08 07:24:45,335] {scheduler_job.py:629} INFO - Processing file /home/airflow/.local/lib/python3.6/site-packages/airflow/example_dags/example_kubernetes_executor.py for tasks to queue
[2021-05-08 07:24:45,337] {logging_mixin.py:104} INFO - [2021-05-08 07:24:45,337] {dagbag.py:451} INFO - Filling up the DagBag from /home/airflow/.local/lib/python3.6/site-packages/airflow/example_dags/example_kubernetes_executor.py
[2021-05-08 07:24:45,356] {scheduler_job.py:639} INFO - DAG(s) dict_keys(['example_kubernetes_executor']) retrieved from /home/airflow/.local/lib/python3.6/site-packages/airflow/example_dags/example_kubernetes_executor.py
[2021-05-08 07:24:45,391] {logging_mixin.py:104} INFO - [2021-05-08 07:24:45,390] {dag.py:1824} INFO - Sync 1 DAGs
[2021-05-08 07:24:45,411] {logging_mixin.py:104} INFO - [2021-05-08 07:24:45,411] {dag.py:2280} INFO - Setting next_dagrun for example_kubernetes_executor to None
[2021-05-08 07:24:45,426] {scheduler_job.py:190} INFO - Processing /home/airflow/.local/lib/python3.6/site-packages/airflow/example_dags/example_kubernetes_executor.py took 0.097 seconds
[2021-05-08 07:25:16,003] {scheduler_job.py:182} INFO - Started process (PID=1906) to work on /home/airflow/.local/lib/python3.6/site-packages/airflow/example_dags/example_kubernetes_executor.py
[2021-05-08 07:25:16,006] {scheduler_job.py:629} INFO - Processing file /home/airflow/.local/lib/python3.6/site-packages/airflow/example_dags/example_kubernetes_executor.py for tasks to queue
[2021-05-08 07:25:16,009] {logging_mixin.py:104} INFO - [2021-05-08 07:25:16,008] {dagbag.py:451} INFO - Filling up the DagBag from /home/airflow/.local/lib/python3.6/site-packages/airflow/example_dags/example_kubernetes_executor.py
[2021-05-08 07:25:16,027] {scheduler_job.py:639} INFO - DAG(s) dict_keys(['example_kubernetes_executor']) retrieved from /home/airflow/.local/lib/python3.6/site-packages/airflow/example_dags/example_kubernetes_executor.py
[2021-05-08 07:25:16,067] {logging_mixin.py:104} INFO - [2021-05-08 07:25:16,067] {dag.py:1824} INFO - Sync 1 DAGs
[2021-05-08 07:25:16,088] {logging_mixin.py:104} INFO - [2021-05-08 07:25:16,088] {dag.py:2280} INFO - Setting next_dagrun for example_kubernetes_executor to None
[2021-05-08 07:25:16,103] {scheduler_job.py:190} INFO - Processing /home/airflow/.local/lib/python3.6/site-packages/airflow/example_dags/example_kubernetes_executor.py took 0.103 seconds
[2021-05-08 07:25:46,667] {scheduler_job.py:182} INFO - Started process (PID=1933) to work on /home/airflow/.local/lib/python3.6/site-packages/airflow/example_dags/example_kubernetes_executor.py
[2021-05-08 07:25:46,669] {scheduler_job.py:629} INFO - Processing file /home/airflow/.local/lib/python3.6/site-packages/airflow/example_dags/example_kubernetes_executor.py for tasks to queue
[2021-05-08 07:25:46,672] {logging_mixin.py:104} INFO - [2021-05-08 07:25:46,672] {dagbag.py:451} INFO - Filling up the DagBag from /home/airflow/.local/lib/python3.6/site-packages/airflow/example_dags/example_kubernetes_executor.py
[2021-05-08 07:25:46,690] {scheduler_job.py:639} INFO - DAG(s) dict_keys(['example_kubernetes_executor']) retrieved from /home/airflow/.local/lib/python3.6/site-packages/airflow/example_dags/example_kubernetes_executor.py
[2021-05-08 07:25:46,722] {logging_mixin.py:104} INFO - [2021-05-08 07:25:46,722] {dag.py:1824} INFO - Sync 1 DAGs
[2021-05-08 07:25:46,742] {logging_mixin.py:104} INFO - [2021-05-08 07:25:46,742] {dag.py:2280} INFO - Setting next_dagrun for example_kubernetes_executor to None
[2021-05-08 07:25:46,756] {scheduler_job.py:190} INFO - Processing /home/airflow/.local/lib/python3.6/site-packages/airflow/example_dags/example_kubernetes_executor.py took 0.093 seconds
[2021-05-08 07:26:17,328] {scheduler_job.py:182} INFO - Started process (PID=1960) to work on /home/airflow/.local/lib/python3.6/site-packages/airflow/example_dags/example_kubernetes_executor.py
[2021-05-08 07:26:17,330] {scheduler_job.py:629} INFO - Processing file /home/airflow/.local/lib/python3.6/site-packages/airflow/example_dags/example_kubernetes_executor.py for tasks to queue
[2021-05-08 07:26:17,332] {logging_mixin.py:104} INFO - [2021-05-08 07:26:17,332] {dagbag.py:451} INFO - Filling up the DagBag from /home/airflow/.local/lib/python3.6/site-packages/airflow/example_dags/example_kubernetes_executor.py
[2021-05-08 07:26:17,348] {scheduler_job.py:639} INFO - DAG(s) dict_keys(['example_kubernetes_executor']) retrieved from /home/airflow/.local/lib/python3.6/site-packages/airflow/example_dags/example_kubernetes_executor.py
[2021-05-08 07:26:17,379] {logging_mixin.py:104} INFO - [2021-05-08 07:26:17,379] {dag.py:1824} INFO - Sync 1 DAGs
[2021-05-08 07:26:17,400] {logging_mixin.py:104} INFO - [2021-05-08 07:26:17,399] {dag.py:2280} INFO - Setting next_dagrun for example_kubernetes_executor to None
[2021-05-08 07:26:17,414] {scheduler_job.py:190} INFO - Processing /home/airflow/.local/lib/python3.6/site-packages/airflow/example_dags/example_kubernetes_executor.py took 0.091 seconds
[2021-05-08 07:26:48,080] {scheduler_job.py:182} INFO - Started process (PID=1987) to work on /home/airflow/.local/lib/python3.6/site-packages/airflow/example_dags/example_kubernetes_executor.py
[2021-05-08 07:26:48,082] {scheduler_job.py:629} INFO - Processing file /home/airflow/.local/lib/python3.6/site-packages/airflow/example_dags/example_kubernetes_executor.py for tasks to queue
[2021-05-08 07:26:48,085] {logging_mixin.py:104} INFO - [2021-05-08 07:26:48,085] {dagbag.py:451} INFO - Filling up the DagBag from /home/airflow/.local/lib/python3.6/site-packages/airflow/example_dags/example_kubernetes_executor.py
[2021-05-08 07:26:48,110] {scheduler_job.py:639} INFO - DAG(s) dict_keys(['example_kubernetes_executor']) retrieved from /home/airflow/.local/lib/python3.6/site-packages/airflow/example_dags/example_kubernetes_executor.py
[2021-05-08 07:26:48,155] {logging_mixin.py:104} INFO - [2021-05-08 07:26:48,155] {dag.py:1824} INFO - Sync 1 DAGs
[2021-05-08 07:26:48,177] {logging_mixin.py:104} INFO - [2021-05-08 07:26:48,177] {dag.py:2280} INFO - Setting next_dagrun for example_kubernetes_executor to None
[2021-05-08 07:26:48,199] {scheduler_job.py:190} INFO - Processing /home/airflow/.local/lib/python3.6/site-packages/airflow/example_dags/example_kubernetes_executor.py took 0.124 seconds
