[2021-05-08 06:49:57,795] {scheduler_job.py:182} INFO - Started process (PID=40) to work on /home/airflow/.local/lib/python3.6/site-packages/airflow/example_dags/tutorial.py
[2021-05-08 06:49:57,798] {scheduler_job.py:629} INFO - Processing file /home/airflow/.local/lib/python3.6/site-packages/airflow/example_dags/tutorial.py for tasks to queue
[2021-05-08 06:49:57,802] {logging_mixin.py:104} INFO - [2021-05-08 06:49:57,802] {dagbag.py:451} INFO - Filling up the DagBag from /home/airflow/.local/lib/python3.6/site-packages/airflow/example_dags/tutorial.py
[2021-05-08 06:49:57,844] {scheduler_job.py:639} INFO - DAG(s) dict_keys(['tutorial']) retrieved from /home/airflow/.local/lib/python3.6/site-packages/airflow/example_dags/tutorial.py
[2021-05-08 06:49:57,987] {logging_mixin.py:104} INFO - [2021-05-08 06:49:57,987] {dag.py:1824} INFO - Sync 1 DAGs
[2021-05-08 06:49:58,106] {logging_mixin.py:104} INFO - [2021-05-08 06:49:58,106] {dag.py:2280} INFO - Setting next_dagrun for tutorial to 2021-05-06 00:00:00+00:00
[2021-05-08 06:49:58,153] {scheduler_job.py:190} INFO - Processing /home/airflow/.local/lib/python3.6/site-packages/airflow/example_dags/tutorial.py took 0.366 seconds
[2021-05-08 06:50:29,203] {scheduler_job.py:182} INFO - Started process (PID=71) to work on /home/airflow/.local/lib/python3.6/site-packages/airflow/example_dags/tutorial.py
[2021-05-08 06:50:29,207] {scheduler_job.py:629} INFO - Processing file /home/airflow/.local/lib/python3.6/site-packages/airflow/example_dags/tutorial.py for tasks to queue
[2021-05-08 06:50:29,210] {logging_mixin.py:104} INFO - [2021-05-08 06:50:29,209] {dagbag.py:451} INFO - Filling up the DagBag from /home/airflow/.local/lib/python3.6/site-packages/airflow/example_dags/tutorial.py
[2021-05-08 06:50:29,224] {scheduler_job.py:639} INFO - DAG(s) dict_keys(['tutorial']) retrieved from /home/airflow/.local/lib/python3.6/site-packages/airflow/example_dags/tutorial.py
[2021-05-08 06:50:29,257] {logging_mixin.py:104} INFO - [2021-05-08 06:50:29,257] {dag.py:1824} INFO - Sync 1 DAGs
[2021-05-08 06:50:29,281] {logging_mixin.py:104} INFO - [2021-05-08 06:50:29,280] {dag.py:2280} INFO - Setting next_dagrun for tutorial to 2021-05-06 00:00:00+00:00
[2021-05-08 06:50:29,297] {scheduler_job.py:190} INFO - Processing /home/airflow/.local/lib/python3.6/site-packages/airflow/example_dags/tutorial.py took 0.101 seconds
[2021-05-08 06:51:00,247] {scheduler_job.py:182} INFO - Started process (PID=100) to work on /home/airflow/.local/lib/python3.6/site-packages/airflow/example_dags/tutorial.py
[2021-05-08 06:51:00,250] {scheduler_job.py:629} INFO - Processing file /home/airflow/.local/lib/python3.6/site-packages/airflow/example_dags/tutorial.py for tasks to queue
[2021-05-08 06:51:00,253] {logging_mixin.py:104} INFO - [2021-05-08 06:51:00,253] {dagbag.py:451} INFO - Filling up the DagBag from /home/airflow/.local/lib/python3.6/site-packages/airflow/example_dags/tutorial.py
[2021-05-08 06:51:00,271] {scheduler_job.py:639} INFO - DAG(s) dict_keys(['tutorial']) retrieved from /home/airflow/.local/lib/python3.6/site-packages/airflow/example_dags/tutorial.py
[2021-05-08 06:51:00,305] {logging_mixin.py:104} INFO - [2021-05-08 06:51:00,305] {dag.py:1824} INFO - Sync 1 DAGs
[2021-05-08 06:51:00,335] {logging_mixin.py:104} INFO - [2021-05-08 06:51:00,335] {dag.py:2280} INFO - Setting next_dagrun for tutorial to 2021-05-06 00:00:00+00:00
[2021-05-08 06:51:00,352] {scheduler_job.py:190} INFO - Processing /home/airflow/.local/lib/python3.6/site-packages/airflow/example_dags/tutorial.py took 0.109 seconds
[2021-05-08 06:51:31,012] {scheduler_job.py:182} INFO - Started process (PID=127) to work on /home/airflow/.local/lib/python3.6/site-packages/airflow/example_dags/tutorial.py
[2021-05-08 06:51:31,015] {scheduler_job.py:629} INFO - Processing file /home/airflow/.local/lib/python3.6/site-packages/airflow/example_dags/tutorial.py for tasks to queue
[2021-05-08 06:51:31,017] {logging_mixin.py:104} INFO - [2021-05-08 06:51:31,017] {dagbag.py:451} INFO - Filling up the DagBag from /home/airflow/.local/lib/python3.6/site-packages/airflow/example_dags/tutorial.py
[2021-05-08 06:51:31,030] {scheduler_job.py:639} INFO - DAG(s) dict_keys(['tutorial']) retrieved from /home/airflow/.local/lib/python3.6/site-packages/airflow/example_dags/tutorial.py
[2021-05-08 06:51:31,062] {logging_mixin.py:104} INFO - [2021-05-08 06:51:31,061] {dag.py:1824} INFO - Sync 1 DAGs
[2021-05-08 06:51:31,086] {logging_mixin.py:104} INFO - [2021-05-08 06:51:31,086] {dag.py:2280} INFO - Setting next_dagrun for tutorial to 2021-05-06 00:00:00+00:00
[2021-05-08 06:51:31,102] {scheduler_job.py:190} INFO - Processing /home/airflow/.local/lib/python3.6/site-packages/airflow/example_dags/tutorial.py took 0.093 seconds
[2021-05-08 06:52:01,737] {scheduler_job.py:182} INFO - Started process (PID=154) to work on /home/airflow/.local/lib/python3.6/site-packages/airflow/example_dags/tutorial.py
[2021-05-08 06:52:01,739] {scheduler_job.py:629} INFO - Processing file /home/airflow/.local/lib/python3.6/site-packages/airflow/example_dags/tutorial.py for tasks to queue
[2021-05-08 06:52:01,740] {logging_mixin.py:104} INFO - [2021-05-08 06:52:01,740] {dagbag.py:451} INFO - Filling up the DagBag from /home/airflow/.local/lib/python3.6/site-packages/airflow/example_dags/tutorial.py
[2021-05-08 06:52:01,753] {scheduler_job.py:639} INFO - DAG(s) dict_keys(['tutorial']) retrieved from /home/airflow/.local/lib/python3.6/site-packages/airflow/example_dags/tutorial.py
[2021-05-08 06:52:01,785] {logging_mixin.py:104} INFO - [2021-05-08 06:52:01,785] {dag.py:1824} INFO - Sync 1 DAGs
[2021-05-08 06:52:01,807] {logging_mixin.py:104} INFO - [2021-05-08 06:52:01,807] {dag.py:2280} INFO - Setting next_dagrun for tutorial to 2021-05-06 00:00:00+00:00
[2021-05-08 06:52:01,823] {scheduler_job.py:190} INFO - Processing /home/airflow/.local/lib/python3.6/site-packages/airflow/example_dags/tutorial.py took 0.090 seconds
[2021-05-08 06:52:32,238] {scheduler_job.py:182} INFO - Started process (PID=181) to work on /home/airflow/.local/lib/python3.6/site-packages/airflow/example_dags/tutorial.py
[2021-05-08 06:52:32,241] {scheduler_job.py:629} INFO - Processing file /home/airflow/.local/lib/python3.6/site-packages/airflow/example_dags/tutorial.py for tasks to queue
[2021-05-08 06:52:32,243] {logging_mixin.py:104} INFO - [2021-05-08 06:52:32,243] {dagbag.py:451} INFO - Filling up the DagBag from /home/airflow/.local/lib/python3.6/site-packages/airflow/example_dags/tutorial.py
[2021-05-08 06:52:32,255] {scheduler_job.py:639} INFO - DAG(s) dict_keys(['tutorial']) retrieved from /home/airflow/.local/lib/python3.6/site-packages/airflow/example_dags/tutorial.py
[2021-05-08 06:52:32,288] {logging_mixin.py:104} INFO - [2021-05-08 06:52:32,288] {dag.py:1824} INFO - Sync 1 DAGs
[2021-05-08 06:52:32,308] {logging_mixin.py:104} INFO - [2021-05-08 06:52:32,308] {dag.py:2280} INFO - Setting next_dagrun for tutorial to 2021-05-06 00:00:00+00:00
[2021-05-08 06:52:32,320] {scheduler_job.py:190} INFO - Processing /home/airflow/.local/lib/python3.6/site-packages/airflow/example_dags/tutorial.py took 0.086 seconds
[2021-05-08 06:53:02,917] {scheduler_job.py:182} INFO - Started process (PID=208) to work on /home/airflow/.local/lib/python3.6/site-packages/airflow/example_dags/tutorial.py
[2021-05-08 06:53:02,919] {scheduler_job.py:629} INFO - Processing file /home/airflow/.local/lib/python3.6/site-packages/airflow/example_dags/tutorial.py for tasks to queue
[2021-05-08 06:53:02,921] {logging_mixin.py:104} INFO - [2021-05-08 06:53:02,921] {dagbag.py:451} INFO - Filling up the DagBag from /home/airflow/.local/lib/python3.6/site-packages/airflow/example_dags/tutorial.py
[2021-05-08 06:53:02,935] {scheduler_job.py:639} INFO - DAG(s) dict_keys(['tutorial']) retrieved from /home/airflow/.local/lib/python3.6/site-packages/airflow/example_dags/tutorial.py
[2021-05-08 06:53:02,966] {logging_mixin.py:104} INFO - [2021-05-08 06:53:02,965] {dag.py:1824} INFO - Sync 1 DAGs
[2021-05-08 06:53:02,989] {logging_mixin.py:104} INFO - [2021-05-08 06:53:02,989] {dag.py:2280} INFO - Setting next_dagrun for tutorial to 2021-05-06 00:00:00+00:00
[2021-05-08 06:53:03,006] {scheduler_job.py:190} INFO - Processing /home/airflow/.local/lib/python3.6/site-packages/airflow/example_dags/tutorial.py took 0.094 seconds
[2021-05-08 06:53:33,607] {scheduler_job.py:182} INFO - Started process (PID=235) to work on /home/airflow/.local/lib/python3.6/site-packages/airflow/example_dags/tutorial.py
[2021-05-08 06:53:33,609] {scheduler_job.py:629} INFO - Processing file /home/airflow/.local/lib/python3.6/site-packages/airflow/example_dags/tutorial.py for tasks to queue
[2021-05-08 06:53:33,610] {logging_mixin.py:104} INFO - [2021-05-08 06:53:33,610] {dagbag.py:451} INFO - Filling up the DagBag from /home/airflow/.local/lib/python3.6/site-packages/airflow/example_dags/tutorial.py
[2021-05-08 06:53:33,623] {scheduler_job.py:639} INFO - DAG(s) dict_keys(['tutorial']) retrieved from /home/airflow/.local/lib/python3.6/site-packages/airflow/example_dags/tutorial.py
[2021-05-08 06:53:33,653] {logging_mixin.py:104} INFO - [2021-05-08 06:53:33,653] {dag.py:1824} INFO - Sync 1 DAGs
[2021-05-08 06:53:33,676] {logging_mixin.py:104} INFO - [2021-05-08 06:53:33,675] {dag.py:2280} INFO - Setting next_dagrun for tutorial to 2021-05-06 00:00:00+00:00
[2021-05-08 06:53:33,689] {scheduler_job.py:190} INFO - Processing /home/airflow/.local/lib/python3.6/site-packages/airflow/example_dags/tutorial.py took 0.087 seconds
[2021-05-08 06:54:04,170] {scheduler_job.py:182} INFO - Started process (PID=262) to work on /home/airflow/.local/lib/python3.6/site-packages/airflow/example_dags/tutorial.py
[2021-05-08 06:54:04,173] {scheduler_job.py:629} INFO - Processing file /home/airflow/.local/lib/python3.6/site-packages/airflow/example_dags/tutorial.py for tasks to queue
[2021-05-08 06:54:04,176] {logging_mixin.py:104} INFO - [2021-05-08 06:54:04,176] {dagbag.py:451} INFO - Filling up the DagBag from /home/airflow/.local/lib/python3.6/site-packages/airflow/example_dags/tutorial.py
[2021-05-08 06:54:04,189] {scheduler_job.py:639} INFO - DAG(s) dict_keys(['tutorial']) retrieved from /home/airflow/.local/lib/python3.6/site-packages/airflow/example_dags/tutorial.py
[2021-05-08 06:54:04,215] {logging_mixin.py:104} INFO - [2021-05-08 06:54:04,215] {dag.py:1824} INFO - Sync 1 DAGs
[2021-05-08 06:54:04,235] {logging_mixin.py:104} INFO - [2021-05-08 06:54:04,234] {dag.py:2280} INFO - Setting next_dagrun for tutorial to 2021-05-06 00:00:00+00:00
[2021-05-08 06:54:04,248] {scheduler_job.py:190} INFO - Processing /home/airflow/.local/lib/python3.6/site-packages/airflow/example_dags/tutorial.py took 0.082 seconds
[2021-05-08 06:54:34,997] {scheduler_job.py:182} INFO - Started process (PID=289) to work on /home/airflow/.local/lib/python3.6/site-packages/airflow/example_dags/tutorial.py
[2021-05-08 06:54:34,999] {scheduler_job.py:629} INFO - Processing file /home/airflow/.local/lib/python3.6/site-packages/airflow/example_dags/tutorial.py for tasks to queue
[2021-05-08 06:54:35,001] {logging_mixin.py:104} INFO - [2021-05-08 06:54:35,001] {dagbag.py:451} INFO - Filling up the DagBag from /home/airflow/.local/lib/python3.6/site-packages/airflow/example_dags/tutorial.py
[2021-05-08 06:54:35,014] {scheduler_job.py:639} INFO - DAG(s) dict_keys(['tutorial']) retrieved from /home/airflow/.local/lib/python3.6/site-packages/airflow/example_dags/tutorial.py
[2021-05-08 06:54:35,044] {logging_mixin.py:104} INFO - [2021-05-08 06:54:35,044] {dag.py:1824} INFO - Sync 1 DAGs
[2021-05-08 06:54:35,066] {logging_mixin.py:104} INFO - [2021-05-08 06:54:35,066] {dag.py:2280} INFO - Setting next_dagrun for tutorial to 2021-05-06 00:00:00+00:00
[2021-05-08 06:54:35,083] {scheduler_job.py:190} INFO - Processing /home/airflow/.local/lib/python3.6/site-packages/airflow/example_dags/tutorial.py took 0.090 seconds
[2021-05-08 06:55:05,872] {scheduler_job.py:182} INFO - Started process (PID=316) to work on /home/airflow/.local/lib/python3.6/site-packages/airflow/example_dags/tutorial.py
[2021-05-08 06:55:05,874] {scheduler_job.py:629} INFO - Processing file /home/airflow/.local/lib/python3.6/site-packages/airflow/example_dags/tutorial.py for tasks to queue
[2021-05-08 06:55:05,876] {logging_mixin.py:104} INFO - [2021-05-08 06:55:05,876] {dagbag.py:451} INFO - Filling up the DagBag from /home/airflow/.local/lib/python3.6/site-packages/airflow/example_dags/tutorial.py
[2021-05-08 06:55:05,888] {scheduler_job.py:639} INFO - DAG(s) dict_keys(['tutorial']) retrieved from /home/airflow/.local/lib/python3.6/site-packages/airflow/example_dags/tutorial.py
[2021-05-08 06:55:05,917] {logging_mixin.py:104} INFO - [2021-05-08 06:55:05,917] {dag.py:1824} INFO - Sync 1 DAGs
[2021-05-08 06:55:05,937] {logging_mixin.py:104} INFO - [2021-05-08 06:55:05,937] {dag.py:2280} INFO - Setting next_dagrun for tutorial to 2021-05-06 00:00:00+00:00
[2021-05-08 06:55:05,951] {scheduler_job.py:190} INFO - Processing /home/airflow/.local/lib/python3.6/site-packages/airflow/example_dags/tutorial.py took 0.084 seconds
[2021-05-08 06:55:36,268] {scheduler_job.py:182} INFO - Started process (PID=342) to work on /home/airflow/.local/lib/python3.6/site-packages/airflow/example_dags/tutorial.py
[2021-05-08 06:55:36,270] {scheduler_job.py:629} INFO - Processing file /home/airflow/.local/lib/python3.6/site-packages/airflow/example_dags/tutorial.py for tasks to queue
[2021-05-08 06:55:36,272] {logging_mixin.py:104} INFO - [2021-05-08 06:55:36,272] {dagbag.py:451} INFO - Filling up the DagBag from /home/airflow/.local/lib/python3.6/site-packages/airflow/example_dags/tutorial.py
[2021-05-08 06:55:36,286] {scheduler_job.py:639} INFO - DAG(s) dict_keys(['tutorial']) retrieved from /home/airflow/.local/lib/python3.6/site-packages/airflow/example_dags/tutorial.py
[2021-05-08 06:55:36,315] {logging_mixin.py:104} INFO - [2021-05-08 06:55:36,315] {dag.py:1824} INFO - Sync 1 DAGs
[2021-05-08 06:55:36,334] {logging_mixin.py:104} INFO - [2021-05-08 06:55:36,334] {dag.py:2280} INFO - Setting next_dagrun for tutorial to 2021-05-06 00:00:00+00:00
[2021-05-08 06:55:36,347] {scheduler_job.py:190} INFO - Processing /home/airflow/.local/lib/python3.6/site-packages/airflow/example_dags/tutorial.py took 0.084 seconds
[2021-05-08 06:56:06,915] {scheduler_job.py:182} INFO - Started process (PID=370) to work on /home/airflow/.local/lib/python3.6/site-packages/airflow/example_dags/tutorial.py
[2021-05-08 06:56:06,917] {scheduler_job.py:629} INFO - Processing file /home/airflow/.local/lib/python3.6/site-packages/airflow/example_dags/tutorial.py for tasks to queue
[2021-05-08 06:56:06,919] {logging_mixin.py:104} INFO - [2021-05-08 06:56:06,919] {dagbag.py:451} INFO - Filling up the DagBag from /home/airflow/.local/lib/python3.6/site-packages/airflow/example_dags/tutorial.py
[2021-05-08 06:56:06,932] {scheduler_job.py:639} INFO - DAG(s) dict_keys(['tutorial']) retrieved from /home/airflow/.local/lib/python3.6/site-packages/airflow/example_dags/tutorial.py
[2021-05-08 06:56:06,964] {logging_mixin.py:104} INFO - [2021-05-08 06:56:06,964] {dag.py:1824} INFO - Sync 1 DAGs
[2021-05-08 06:56:06,990] {logging_mixin.py:104} INFO - [2021-05-08 06:56:06,990] {dag.py:2280} INFO - Setting next_dagrun for tutorial to 2021-05-06 00:00:00+00:00
[2021-05-08 06:56:07,004] {scheduler_job.py:190} INFO - Processing /home/airflow/.local/lib/python3.6/site-packages/airflow/example_dags/tutorial.py took 0.093 seconds
[2021-05-08 06:56:37,494] {scheduler_job.py:182} INFO - Started process (PID=397) to work on /home/airflow/.local/lib/python3.6/site-packages/airflow/example_dags/tutorial.py
[2021-05-08 06:56:37,496] {scheduler_job.py:629} INFO - Processing file /home/airflow/.local/lib/python3.6/site-packages/airflow/example_dags/tutorial.py for tasks to queue
[2021-05-08 06:56:37,498] {logging_mixin.py:104} INFO - [2021-05-08 06:56:37,498] {dagbag.py:451} INFO - Filling up the DagBag from /home/airflow/.local/lib/python3.6/site-packages/airflow/example_dags/tutorial.py
[2021-05-08 06:56:37,511] {scheduler_job.py:639} INFO - DAG(s) dict_keys(['tutorial']) retrieved from /home/airflow/.local/lib/python3.6/site-packages/airflow/example_dags/tutorial.py
[2021-05-08 06:56:37,541] {logging_mixin.py:104} INFO - [2021-05-08 06:56:37,541] {dag.py:1824} INFO - Sync 1 DAGs
[2021-05-08 06:56:37,562] {logging_mixin.py:104} INFO - [2021-05-08 06:56:37,562] {dag.py:2280} INFO - Setting next_dagrun for tutorial to 2021-05-06 00:00:00+00:00
[2021-05-08 06:56:37,577] {scheduler_job.py:190} INFO - Processing /home/airflow/.local/lib/python3.6/site-packages/airflow/example_dags/tutorial.py took 0.087 seconds
[2021-05-08 06:57:08,295] {scheduler_job.py:182} INFO - Started process (PID=424) to work on /home/airflow/.local/lib/python3.6/site-packages/airflow/example_dags/tutorial.py
[2021-05-08 06:57:08,298] {scheduler_job.py:629} INFO - Processing file /home/airflow/.local/lib/python3.6/site-packages/airflow/example_dags/tutorial.py for tasks to queue
[2021-05-08 06:57:08,300] {logging_mixin.py:104} INFO - [2021-05-08 06:57:08,299] {dagbag.py:451} INFO - Filling up the DagBag from /home/airflow/.local/lib/python3.6/site-packages/airflow/example_dags/tutorial.py
[2021-05-08 06:57:08,313] {scheduler_job.py:639} INFO - DAG(s) dict_keys(['tutorial']) retrieved from /home/airflow/.local/lib/python3.6/site-packages/airflow/example_dags/tutorial.py
[2021-05-08 06:57:08,344] {logging_mixin.py:104} INFO - [2021-05-08 06:57:08,344] {dag.py:1824} INFO - Sync 1 DAGs
[2021-05-08 06:57:08,365] {logging_mixin.py:104} INFO - [2021-05-08 06:57:08,365] {dag.py:2280} INFO - Setting next_dagrun for tutorial to 2021-05-06 00:00:00+00:00
[2021-05-08 06:57:08,378] {scheduler_job.py:190} INFO - Processing /home/airflow/.local/lib/python3.6/site-packages/airflow/example_dags/tutorial.py took 0.087 seconds
[2021-05-08 06:57:39,063] {scheduler_job.py:182} INFO - Started process (PID=451) to work on /home/airflow/.local/lib/python3.6/site-packages/airflow/example_dags/tutorial.py
[2021-05-08 06:57:39,065] {scheduler_job.py:629} INFO - Processing file /home/airflow/.local/lib/python3.6/site-packages/airflow/example_dags/tutorial.py for tasks to queue
[2021-05-08 06:57:39,069] {logging_mixin.py:104} INFO - [2021-05-08 06:57:39,068] {dagbag.py:451} INFO - Filling up the DagBag from /home/airflow/.local/lib/python3.6/site-packages/airflow/example_dags/tutorial.py
[2021-05-08 06:57:39,083] {scheduler_job.py:639} INFO - DAG(s) dict_keys(['tutorial']) retrieved from /home/airflow/.local/lib/python3.6/site-packages/airflow/example_dags/tutorial.py
[2021-05-08 06:57:39,129] {logging_mixin.py:104} INFO - [2021-05-08 06:57:39,129] {dag.py:1824} INFO - Sync 1 DAGs
[2021-05-08 06:57:39,152] {logging_mixin.py:104} INFO - [2021-05-08 06:57:39,151] {dag.py:2280} INFO - Setting next_dagrun for tutorial to 2021-05-06 00:00:00+00:00
[2021-05-08 06:57:39,169] {scheduler_job.py:190} INFO - Processing /home/airflow/.local/lib/python3.6/site-packages/airflow/example_dags/tutorial.py took 0.111 seconds
[2021-05-08 06:58:09,867] {scheduler_job.py:182} INFO - Started process (PID=478) to work on /home/airflow/.local/lib/python3.6/site-packages/airflow/example_dags/tutorial.py
[2021-05-08 06:58:09,869] {scheduler_job.py:629} INFO - Processing file /home/airflow/.local/lib/python3.6/site-packages/airflow/example_dags/tutorial.py for tasks to queue
[2021-05-08 06:58:09,873] {logging_mixin.py:104} INFO - [2021-05-08 06:58:09,873] {dagbag.py:451} INFO - Filling up the DagBag from /home/airflow/.local/lib/python3.6/site-packages/airflow/example_dags/tutorial.py
[2021-05-08 06:58:09,894] {scheduler_job.py:639} INFO - DAG(s) dict_keys(['tutorial']) retrieved from /home/airflow/.local/lib/python3.6/site-packages/airflow/example_dags/tutorial.py
[2021-05-08 06:58:09,927] {logging_mixin.py:104} INFO - [2021-05-08 06:58:09,927] {dag.py:1824} INFO - Sync 1 DAGs
[2021-05-08 06:58:09,953] {logging_mixin.py:104} INFO - [2021-05-08 06:58:09,952] {dag.py:2280} INFO - Setting next_dagrun for tutorial to 2021-05-06 00:00:00+00:00
[2021-05-08 06:58:09,968] {scheduler_job.py:190} INFO - Processing /home/airflow/.local/lib/python3.6/site-packages/airflow/example_dags/tutorial.py took 0.107 seconds
[2021-05-08 06:58:40,811] {scheduler_job.py:182} INFO - Started process (PID=505) to work on /home/airflow/.local/lib/python3.6/site-packages/airflow/example_dags/tutorial.py
[2021-05-08 06:58:40,813] {scheduler_job.py:629} INFO - Processing file /home/airflow/.local/lib/python3.6/site-packages/airflow/example_dags/tutorial.py for tasks to queue
[2021-05-08 06:58:40,815] {logging_mixin.py:104} INFO - [2021-05-08 06:58:40,815] {dagbag.py:451} INFO - Filling up the DagBag from /home/airflow/.local/lib/python3.6/site-packages/airflow/example_dags/tutorial.py
[2021-05-08 06:58:40,829] {scheduler_job.py:639} INFO - DAG(s) dict_keys(['tutorial']) retrieved from /home/airflow/.local/lib/python3.6/site-packages/airflow/example_dags/tutorial.py
[2021-05-08 06:58:40,861] {logging_mixin.py:104} INFO - [2021-05-08 06:58:40,861] {dag.py:1824} INFO - Sync 1 DAGs
[2021-05-08 06:58:40,889] {logging_mixin.py:104} INFO - [2021-05-08 06:58:40,889] {dag.py:2280} INFO - Setting next_dagrun for tutorial to 2021-05-06 00:00:00+00:00
[2021-05-08 06:58:40,903] {scheduler_job.py:190} INFO - Processing /home/airflow/.local/lib/python3.6/site-packages/airflow/example_dags/tutorial.py took 0.097 seconds
[2021-05-08 06:59:11,411] {scheduler_job.py:182} INFO - Started process (PID=532) to work on /home/airflow/.local/lib/python3.6/site-packages/airflow/example_dags/tutorial.py
[2021-05-08 06:59:11,414] {scheduler_job.py:629} INFO - Processing file /home/airflow/.local/lib/python3.6/site-packages/airflow/example_dags/tutorial.py for tasks to queue
[2021-05-08 06:59:11,416] {logging_mixin.py:104} INFO - [2021-05-08 06:59:11,416] {dagbag.py:451} INFO - Filling up the DagBag from /home/airflow/.local/lib/python3.6/site-packages/airflow/example_dags/tutorial.py
[2021-05-08 06:59:11,430] {scheduler_job.py:639} INFO - DAG(s) dict_keys(['tutorial']) retrieved from /home/airflow/.local/lib/python3.6/site-packages/airflow/example_dags/tutorial.py
[2021-05-08 06:59:11,463] {logging_mixin.py:104} INFO - [2021-05-08 06:59:11,462] {dag.py:1824} INFO - Sync 1 DAGs
[2021-05-08 06:59:11,507] {logging_mixin.py:104} INFO - [2021-05-08 06:59:11,507] {dag.py:2280} INFO - Setting next_dagrun for tutorial to 2021-05-06 00:00:00+00:00
[2021-05-08 06:59:11,532] {scheduler_job.py:190} INFO - Processing /home/airflow/.local/lib/python3.6/site-packages/airflow/example_dags/tutorial.py took 0.124 seconds
[2021-05-08 06:59:42,471] {scheduler_job.py:182} INFO - Started process (PID=559) to work on /home/airflow/.local/lib/python3.6/site-packages/airflow/example_dags/tutorial.py
[2021-05-08 06:59:42,475] {scheduler_job.py:629} INFO - Processing file /home/airflow/.local/lib/python3.6/site-packages/airflow/example_dags/tutorial.py for tasks to queue
[2021-05-08 06:59:42,476] {logging_mixin.py:104} INFO - [2021-05-08 06:59:42,476] {dagbag.py:451} INFO - Filling up the DagBag from /home/airflow/.local/lib/python3.6/site-packages/airflow/example_dags/tutorial.py
[2021-05-08 06:59:42,494] {scheduler_job.py:639} INFO - DAG(s) dict_keys(['tutorial']) retrieved from /home/airflow/.local/lib/python3.6/site-packages/airflow/example_dags/tutorial.py
[2021-05-08 06:59:42,537] {logging_mixin.py:104} INFO - [2021-05-08 06:59:42,537] {dag.py:1824} INFO - Sync 1 DAGs
[2021-05-08 06:59:42,567] {logging_mixin.py:104} INFO - [2021-05-08 06:59:42,566] {dag.py:2280} INFO - Setting next_dagrun for tutorial to 2021-05-06 00:00:00+00:00
[2021-05-08 06:59:42,587] {scheduler_job.py:190} INFO - Processing /home/airflow/.local/lib/python3.6/site-packages/airflow/example_dags/tutorial.py took 0.120 seconds
[2021-05-08 07:00:12,715] {scheduler_job.py:182} INFO - Started process (PID=586) to work on /home/airflow/.local/lib/python3.6/site-packages/airflow/example_dags/tutorial.py
[2021-05-08 07:00:12,718] {scheduler_job.py:629} INFO - Processing file /home/airflow/.local/lib/python3.6/site-packages/airflow/example_dags/tutorial.py for tasks to queue
[2021-05-08 07:00:12,720] {logging_mixin.py:104} INFO - [2021-05-08 07:00:12,719] {dagbag.py:451} INFO - Filling up the DagBag from /home/airflow/.local/lib/python3.6/site-packages/airflow/example_dags/tutorial.py
[2021-05-08 07:00:12,734] {scheduler_job.py:639} INFO - DAG(s) dict_keys(['tutorial']) retrieved from /home/airflow/.local/lib/python3.6/site-packages/airflow/example_dags/tutorial.py
[2021-05-08 07:00:12,769] {logging_mixin.py:104} INFO - [2021-05-08 07:00:12,769] {dag.py:1824} INFO - Sync 1 DAGs
[2021-05-08 07:00:12,792] {logging_mixin.py:104} INFO - [2021-05-08 07:00:12,792] {dag.py:2280} INFO - Setting next_dagrun for tutorial to 2021-05-06 00:00:00+00:00
[2021-05-08 07:00:12,820] {scheduler_job.py:190} INFO - Processing /home/airflow/.local/lib/python3.6/site-packages/airflow/example_dags/tutorial.py took 0.111 seconds
[2021-05-08 07:00:42,886] {scheduler_job.py:182} INFO - Started process (PID=613) to work on /home/airflow/.local/lib/python3.6/site-packages/airflow/example_dags/tutorial.py
[2021-05-08 07:00:42,888] {scheduler_job.py:629} INFO - Processing file /home/airflow/.local/lib/python3.6/site-packages/airflow/example_dags/tutorial.py for tasks to queue
[2021-05-08 07:00:42,890] {logging_mixin.py:104} INFO - [2021-05-08 07:00:42,890] {dagbag.py:451} INFO - Filling up the DagBag from /home/airflow/.local/lib/python3.6/site-packages/airflow/example_dags/tutorial.py
[2021-05-08 07:00:42,905] {scheduler_job.py:639} INFO - DAG(s) dict_keys(['tutorial']) retrieved from /home/airflow/.local/lib/python3.6/site-packages/airflow/example_dags/tutorial.py
[2021-05-08 07:00:42,938] {logging_mixin.py:104} INFO - [2021-05-08 07:00:42,938] {dag.py:1824} INFO - Sync 1 DAGs
[2021-05-08 07:00:42,961] {logging_mixin.py:104} INFO - [2021-05-08 07:00:42,961] {dag.py:2280} INFO - Setting next_dagrun for tutorial to 2021-05-06 00:00:00+00:00
[2021-05-08 07:00:42,977] {scheduler_job.py:190} INFO - Processing /home/airflow/.local/lib/python3.6/site-packages/airflow/example_dags/tutorial.py took 0.097 seconds
[2021-05-08 07:01:13,016] {scheduler_job.py:182} INFO - Started process (PID=640) to work on /home/airflow/.local/lib/python3.6/site-packages/airflow/example_dags/tutorial.py
[2021-05-08 07:01:13,019] {scheduler_job.py:629} INFO - Processing file /home/airflow/.local/lib/python3.6/site-packages/airflow/example_dags/tutorial.py for tasks to queue
[2021-05-08 07:01:13,021] {logging_mixin.py:104} INFO - [2021-05-08 07:01:13,021] {dagbag.py:451} INFO - Filling up the DagBag from /home/airflow/.local/lib/python3.6/site-packages/airflow/example_dags/tutorial.py
[2021-05-08 07:01:13,035] {scheduler_job.py:639} INFO - DAG(s) dict_keys(['tutorial']) retrieved from /home/airflow/.local/lib/python3.6/site-packages/airflow/example_dags/tutorial.py
[2021-05-08 07:01:13,069] {logging_mixin.py:104} INFO - [2021-05-08 07:01:13,069] {dag.py:1824} INFO - Sync 1 DAGs
[2021-05-08 07:01:13,092] {logging_mixin.py:104} INFO - [2021-05-08 07:01:13,092] {dag.py:2280} INFO - Setting next_dagrun for tutorial to 2021-05-06 00:00:00+00:00
[2021-05-08 07:01:13,106] {scheduler_job.py:190} INFO - Processing /home/airflow/.local/lib/python3.6/site-packages/airflow/example_dags/tutorial.py took 0.095 seconds
[2021-05-08 07:01:43,751] {scheduler_job.py:182} INFO - Started process (PID=666) to work on /home/airflow/.local/lib/python3.6/site-packages/airflow/example_dags/tutorial.py
[2021-05-08 07:01:43,753] {scheduler_job.py:629} INFO - Processing file /home/airflow/.local/lib/python3.6/site-packages/airflow/example_dags/tutorial.py for tasks to queue
[2021-05-08 07:01:43,755] {logging_mixin.py:104} INFO - [2021-05-08 07:01:43,755] {dagbag.py:451} INFO - Filling up the DagBag from /home/airflow/.local/lib/python3.6/site-packages/airflow/example_dags/tutorial.py
[2021-05-08 07:01:43,769] {scheduler_job.py:639} INFO - DAG(s) dict_keys(['tutorial']) retrieved from /home/airflow/.local/lib/python3.6/site-packages/airflow/example_dags/tutorial.py
[2021-05-08 07:01:43,801] {logging_mixin.py:104} INFO - [2021-05-08 07:01:43,801] {dag.py:1824} INFO - Sync 1 DAGs
[2021-05-08 07:01:43,828] {logging_mixin.py:104} INFO - [2021-05-08 07:01:43,827] {dag.py:2280} INFO - Setting next_dagrun for tutorial to 2021-05-06 00:00:00+00:00
[2021-05-08 07:01:43,841] {scheduler_job.py:190} INFO - Processing /home/airflow/.local/lib/python3.6/site-packages/airflow/example_dags/tutorial.py took 0.094 seconds
[2021-05-08 07:02:14,533] {scheduler_job.py:182} INFO - Started process (PID=693) to work on /home/airflow/.local/lib/python3.6/site-packages/airflow/example_dags/tutorial.py
[2021-05-08 07:02:14,536] {scheduler_job.py:629} INFO - Processing file /home/airflow/.local/lib/python3.6/site-packages/airflow/example_dags/tutorial.py for tasks to queue
[2021-05-08 07:02:14,538] {logging_mixin.py:104} INFO - [2021-05-08 07:02:14,538] {dagbag.py:451} INFO - Filling up the DagBag from /home/airflow/.local/lib/python3.6/site-packages/airflow/example_dags/tutorial.py
[2021-05-08 07:02:14,551] {scheduler_job.py:639} INFO - DAG(s) dict_keys(['tutorial']) retrieved from /home/airflow/.local/lib/python3.6/site-packages/airflow/example_dags/tutorial.py
[2021-05-08 07:02:14,591] {logging_mixin.py:104} INFO - [2021-05-08 07:02:14,591] {dag.py:1824} INFO - Sync 1 DAGs
[2021-05-08 07:02:14,618] {logging_mixin.py:104} INFO - [2021-05-08 07:02:14,617] {dag.py:2280} INFO - Setting next_dagrun for tutorial to 2021-05-06 00:00:00+00:00
[2021-05-08 07:02:14,632] {scheduler_job.py:190} INFO - Processing /home/airflow/.local/lib/python3.6/site-packages/airflow/example_dags/tutorial.py took 0.104 seconds
[2021-05-08 07:02:45,539] {scheduler_job.py:182} INFO - Started process (PID=720) to work on /home/airflow/.local/lib/python3.6/site-packages/airflow/example_dags/tutorial.py
[2021-05-08 07:02:45,543] {scheduler_job.py:629} INFO - Processing file /home/airflow/.local/lib/python3.6/site-packages/airflow/example_dags/tutorial.py for tasks to queue
[2021-05-08 07:02:45,546] {logging_mixin.py:104} INFO - [2021-05-08 07:02:45,546] {dagbag.py:451} INFO - Filling up the DagBag from /home/airflow/.local/lib/python3.6/site-packages/airflow/example_dags/tutorial.py
[2021-05-08 07:02:45,570] {scheduler_job.py:639} INFO - DAG(s) dict_keys(['tutorial']) retrieved from /home/airflow/.local/lib/python3.6/site-packages/airflow/example_dags/tutorial.py
[2021-05-08 07:02:45,649] {logging_mixin.py:104} INFO - [2021-05-08 07:02:45,648] {dag.py:1824} INFO - Sync 1 DAGs
[2021-05-08 07:02:45,727] {logging_mixin.py:104} INFO - [2021-05-08 07:02:45,727] {dag.py:2280} INFO - Setting next_dagrun for tutorial to 2021-05-06 00:00:00+00:00
[2021-05-08 07:02:45,761] {scheduler_job.py:190} INFO - Processing /home/airflow/.local/lib/python3.6/site-packages/airflow/example_dags/tutorial.py took 0.227 seconds
[2021-05-08 07:03:15,865] {scheduler_job.py:182} INFO - Started process (PID=744) to work on /home/airflow/.local/lib/python3.6/site-packages/airflow/example_dags/tutorial.py
[2021-05-08 07:03:15,868] {scheduler_job.py:629} INFO - Processing file /home/airflow/.local/lib/python3.6/site-packages/airflow/example_dags/tutorial.py for tasks to queue
[2021-05-08 07:03:15,872] {logging_mixin.py:104} INFO - [2021-05-08 07:03:15,871] {dagbag.py:451} INFO - Filling up the DagBag from /home/airflow/.local/lib/python3.6/site-packages/airflow/example_dags/tutorial.py
[2021-05-08 07:03:15,893] {scheduler_job.py:639} INFO - DAG(s) dict_keys(['tutorial']) retrieved from /home/airflow/.local/lib/python3.6/site-packages/airflow/example_dags/tutorial.py
[2021-05-08 07:03:15,932] {logging_mixin.py:104} INFO - [2021-05-08 07:03:15,932] {dag.py:1824} INFO - Sync 1 DAGs
[2021-05-08 07:03:15,954] {logging_mixin.py:104} INFO - [2021-05-08 07:03:15,953] {dag.py:2280} INFO - Setting next_dagrun for tutorial to 2021-05-06 00:00:00+00:00
[2021-05-08 07:03:15,968] {scheduler_job.py:190} INFO - Processing /home/airflow/.local/lib/python3.6/site-packages/airflow/example_dags/tutorial.py took 0.109 seconds
[2021-05-08 07:03:47,090] {scheduler_job.py:182} INFO - Started process (PID=776) to work on /home/airflow/.local/lib/python3.6/site-packages/airflow/example_dags/tutorial.py
[2021-05-08 07:03:47,093] {scheduler_job.py:629} INFO - Processing file /home/airflow/.local/lib/python3.6/site-packages/airflow/example_dags/tutorial.py for tasks to queue
[2021-05-08 07:03:47,096] {logging_mixin.py:104} INFO - [2021-05-08 07:03:47,095] {dagbag.py:451} INFO - Filling up the DagBag from /home/airflow/.local/lib/python3.6/site-packages/airflow/example_dags/tutorial.py
[2021-05-08 07:03:47,115] {scheduler_job.py:639} INFO - DAG(s) dict_keys(['tutorial']) retrieved from /home/airflow/.local/lib/python3.6/site-packages/airflow/example_dags/tutorial.py
[2021-05-08 07:03:47,172] {logging_mixin.py:104} INFO - [2021-05-08 07:03:47,171] {dag.py:1824} INFO - Sync 1 DAGs
[2021-05-08 07:03:47,204] {logging_mixin.py:104} INFO - [2021-05-08 07:03:47,204] {dag.py:2280} INFO - Setting next_dagrun for tutorial to 2021-05-06 00:00:00+00:00
[2021-05-08 07:03:47,226] {scheduler_job.py:190} INFO - Processing /home/airflow/.local/lib/python3.6/site-packages/airflow/example_dags/tutorial.py took 0.143 seconds
[2021-05-08 07:04:17,947] {scheduler_job.py:182} INFO - Started process (PID=804) to work on /home/airflow/.local/lib/python3.6/site-packages/airflow/example_dags/tutorial.py
[2021-05-08 07:04:17,950] {scheduler_job.py:629} INFO - Processing file /home/airflow/.local/lib/python3.6/site-packages/airflow/example_dags/tutorial.py for tasks to queue
[2021-05-08 07:04:17,952] {logging_mixin.py:104} INFO - [2021-05-08 07:04:17,952] {dagbag.py:451} INFO - Filling up the DagBag from /home/airflow/.local/lib/python3.6/site-packages/airflow/example_dags/tutorial.py
[2021-05-08 07:04:17,967] {scheduler_job.py:639} INFO - DAG(s) dict_keys(['tutorial']) retrieved from /home/airflow/.local/lib/python3.6/site-packages/airflow/example_dags/tutorial.py
[2021-05-08 07:04:18,000] {logging_mixin.py:104} INFO - [2021-05-08 07:04:18,000] {dag.py:1824} INFO - Sync 1 DAGs
[2021-05-08 07:04:18,019] {logging_mixin.py:104} INFO - [2021-05-08 07:04:18,019] {dag.py:2280} INFO - Setting next_dagrun for tutorial to 2021-05-06 00:00:00+00:00
[2021-05-08 07:04:18,031] {scheduler_job.py:190} INFO - Processing /home/airflow/.local/lib/python3.6/site-packages/airflow/example_dags/tutorial.py took 0.088 seconds
[2021-05-08 07:04:48,581] {scheduler_job.py:182} INFO - Started process (PID=831) to work on /home/airflow/.local/lib/python3.6/site-packages/airflow/example_dags/tutorial.py
[2021-05-08 07:04:48,584] {scheduler_job.py:629} INFO - Processing file /home/airflow/.local/lib/python3.6/site-packages/airflow/example_dags/tutorial.py for tasks to queue
[2021-05-08 07:04:48,586] {logging_mixin.py:104} INFO - [2021-05-08 07:04:48,586] {dagbag.py:451} INFO - Filling up the DagBag from /home/airflow/.local/lib/python3.6/site-packages/airflow/example_dags/tutorial.py
[2021-05-08 07:04:48,601] {scheduler_job.py:639} INFO - DAG(s) dict_keys(['tutorial']) retrieved from /home/airflow/.local/lib/python3.6/site-packages/airflow/example_dags/tutorial.py
[2021-05-08 07:04:48,636] {logging_mixin.py:104} INFO - [2021-05-08 07:04:48,636] {dag.py:1824} INFO - Sync 1 DAGs
[2021-05-08 07:04:48,668] {logging_mixin.py:104} INFO - [2021-05-08 07:04:48,668] {dag.py:2280} INFO - Setting next_dagrun for tutorial to 2021-05-06 00:00:00+00:00
[2021-05-08 07:04:48,685] {scheduler_job.py:190} INFO - Processing /home/airflow/.local/lib/python3.6/site-packages/airflow/example_dags/tutorial.py took 0.108 seconds
[2021-05-08 07:05:19,309] {scheduler_job.py:182} INFO - Started process (PID=858) to work on /home/airflow/.local/lib/python3.6/site-packages/airflow/example_dags/tutorial.py
[2021-05-08 07:05:19,312] {scheduler_job.py:629} INFO - Processing file /home/airflow/.local/lib/python3.6/site-packages/airflow/example_dags/tutorial.py for tasks to queue
[2021-05-08 07:05:19,315] {logging_mixin.py:104} INFO - [2021-05-08 07:05:19,315] {dagbag.py:451} INFO - Filling up the DagBag from /home/airflow/.local/lib/python3.6/site-packages/airflow/example_dags/tutorial.py
[2021-05-08 07:05:19,339] {scheduler_job.py:639} INFO - DAG(s) dict_keys(['tutorial']) retrieved from /home/airflow/.local/lib/python3.6/site-packages/airflow/example_dags/tutorial.py
[2021-05-08 07:05:19,375] {logging_mixin.py:104} INFO - [2021-05-08 07:05:19,374] {dag.py:1824} INFO - Sync 1 DAGs
[2021-05-08 07:05:19,397] {logging_mixin.py:104} INFO - [2021-05-08 07:05:19,397] {dag.py:2280} INFO - Setting next_dagrun for tutorial to 2021-05-06 00:00:00+00:00
[2021-05-08 07:05:19,422] {scheduler_job.py:190} INFO - Processing /home/airflow/.local/lib/python3.6/site-packages/airflow/example_dags/tutorial.py took 0.119 seconds
[2021-05-08 07:05:50,379] {scheduler_job.py:182} INFO - Started process (PID=885) to work on /home/airflow/.local/lib/python3.6/site-packages/airflow/example_dags/tutorial.py
[2021-05-08 07:05:50,382] {scheduler_job.py:629} INFO - Processing file /home/airflow/.local/lib/python3.6/site-packages/airflow/example_dags/tutorial.py for tasks to queue
[2021-05-08 07:05:50,384] {logging_mixin.py:104} INFO - [2021-05-08 07:05:50,384] {dagbag.py:451} INFO - Filling up the DagBag from /home/airflow/.local/lib/python3.6/site-packages/airflow/example_dags/tutorial.py
[2021-05-08 07:05:50,405] {scheduler_job.py:639} INFO - DAG(s) dict_keys(['tutorial']) retrieved from /home/airflow/.local/lib/python3.6/site-packages/airflow/example_dags/tutorial.py
[2021-05-08 07:05:50,453] {logging_mixin.py:104} INFO - [2021-05-08 07:05:50,453] {dag.py:1824} INFO - Sync 1 DAGs
[2021-05-08 07:05:50,477] {logging_mixin.py:104} INFO - [2021-05-08 07:05:50,477] {dag.py:2280} INFO - Setting next_dagrun for tutorial to 2021-05-06 00:00:00+00:00
[2021-05-08 07:05:50,492] {scheduler_job.py:190} INFO - Processing /home/airflow/.local/lib/python3.6/site-packages/airflow/example_dags/tutorial.py took 0.119 seconds
[2021-05-08 07:06:20,565] {scheduler_job.py:182} INFO - Started process (PID=910) to work on /home/airflow/.local/lib/python3.6/site-packages/airflow/example_dags/tutorial.py
[2021-05-08 07:06:20,567] {scheduler_job.py:629} INFO - Processing file /home/airflow/.local/lib/python3.6/site-packages/airflow/example_dags/tutorial.py for tasks to queue
[2021-05-08 07:06:20,569] {logging_mixin.py:104} INFO - [2021-05-08 07:06:20,569] {dagbag.py:451} INFO - Filling up the DagBag from /home/airflow/.local/lib/python3.6/site-packages/airflow/example_dags/tutorial.py
[2021-05-08 07:06:20,584] {scheduler_job.py:639} INFO - DAG(s) dict_keys(['tutorial']) retrieved from /home/airflow/.local/lib/python3.6/site-packages/airflow/example_dags/tutorial.py
[2021-05-08 07:06:20,618] {logging_mixin.py:104} INFO - [2021-05-08 07:06:20,618] {dag.py:1824} INFO - Sync 1 DAGs
[2021-05-08 07:06:20,639] {logging_mixin.py:104} INFO - [2021-05-08 07:06:20,639] {dag.py:2280} INFO - Setting next_dagrun for tutorial to 2021-05-06 00:00:00+00:00
[2021-05-08 07:06:20,653] {scheduler_job.py:190} INFO - Processing /home/airflow/.local/lib/python3.6/site-packages/airflow/example_dags/tutorial.py took 0.093 seconds
[2021-05-08 07:06:50,690] {scheduler_job.py:182} INFO - Started process (PID=937) to work on /home/airflow/.local/lib/python3.6/site-packages/airflow/example_dags/tutorial.py
[2021-05-08 07:06:50,692] {scheduler_job.py:629} INFO - Processing file /home/airflow/.local/lib/python3.6/site-packages/airflow/example_dags/tutorial.py for tasks to queue
[2021-05-08 07:06:50,694] {logging_mixin.py:104} INFO - [2021-05-08 07:06:50,694] {dagbag.py:451} INFO - Filling up the DagBag from /home/airflow/.local/lib/python3.6/site-packages/airflow/example_dags/tutorial.py
[2021-05-08 07:06:50,709] {scheduler_job.py:639} INFO - DAG(s) dict_keys(['tutorial']) retrieved from /home/airflow/.local/lib/python3.6/site-packages/airflow/example_dags/tutorial.py
[2021-05-08 07:06:50,743] {logging_mixin.py:104} INFO - [2021-05-08 07:06:50,742] {dag.py:1824} INFO - Sync 1 DAGs
[2021-05-08 07:06:50,775] {logging_mixin.py:104} INFO - [2021-05-08 07:06:50,774] {dag.py:2280} INFO - Setting next_dagrun for tutorial to 2021-05-06 00:00:00+00:00
[2021-05-08 07:06:50,794] {scheduler_job.py:190} INFO - Processing /home/airflow/.local/lib/python3.6/site-packages/airflow/example_dags/tutorial.py took 0.110 seconds
[2021-05-08 07:07:21,582] {scheduler_job.py:182} INFO - Started process (PID=964) to work on /home/airflow/.local/lib/python3.6/site-packages/airflow/example_dags/tutorial.py
[2021-05-08 07:07:21,587] {scheduler_job.py:629} INFO - Processing file /home/airflow/.local/lib/python3.6/site-packages/airflow/example_dags/tutorial.py for tasks to queue
[2021-05-08 07:07:21,589] {logging_mixin.py:104} INFO - [2021-05-08 07:07:21,589] {dagbag.py:451} INFO - Filling up the DagBag from /home/airflow/.local/lib/python3.6/site-packages/airflow/example_dags/tutorial.py
[2021-05-08 07:07:21,603] {scheduler_job.py:639} INFO - DAG(s) dict_keys(['tutorial']) retrieved from /home/airflow/.local/lib/python3.6/site-packages/airflow/example_dags/tutorial.py
[2021-05-08 07:07:21,634] {logging_mixin.py:104} INFO - [2021-05-08 07:07:21,634] {dag.py:1824} INFO - Sync 1 DAGs
[2021-05-08 07:07:21,655] {logging_mixin.py:104} INFO - [2021-05-08 07:07:21,654] {dag.py:2280} INFO - Setting next_dagrun for tutorial to 2021-05-06 00:00:00+00:00
[2021-05-08 07:07:21,669] {scheduler_job.py:190} INFO - Processing /home/airflow/.local/lib/python3.6/site-packages/airflow/example_dags/tutorial.py took 0.091 seconds
[2021-05-08 07:07:52,492] {scheduler_job.py:182} INFO - Started process (PID=991) to work on /home/airflow/.local/lib/python3.6/site-packages/airflow/example_dags/tutorial.py
[2021-05-08 07:07:52,495] {scheduler_job.py:629} INFO - Processing file /home/airflow/.local/lib/python3.6/site-packages/airflow/example_dags/tutorial.py for tasks to queue
[2021-05-08 07:07:52,497] {logging_mixin.py:104} INFO - [2021-05-08 07:07:52,497] {dagbag.py:451} INFO - Filling up the DagBag from /home/airflow/.local/lib/python3.6/site-packages/airflow/example_dags/tutorial.py
[2021-05-08 07:07:52,513] {scheduler_job.py:639} INFO - DAG(s) dict_keys(['tutorial']) retrieved from /home/airflow/.local/lib/python3.6/site-packages/airflow/example_dags/tutorial.py
[2021-05-08 07:07:52,551] {logging_mixin.py:104} INFO - [2021-05-08 07:07:52,550] {dag.py:1824} INFO - Sync 1 DAGs
[2021-05-08 07:07:52,576] {logging_mixin.py:104} INFO - [2021-05-08 07:07:52,576] {dag.py:2280} INFO - Setting next_dagrun for tutorial to 2021-05-06 00:00:00+00:00
[2021-05-08 07:07:52,593] {scheduler_job.py:190} INFO - Processing /home/airflow/.local/lib/python3.6/site-packages/airflow/example_dags/tutorial.py took 0.105 seconds
[2021-05-08 07:08:24,764] {scheduler_job.py:182} INFO - Started process (PID=1020) to work on /home/airflow/.local/lib/python3.6/site-packages/airflow/example_dags/tutorial.py
[2021-05-08 07:08:24,769] {scheduler_job.py:629} INFO - Processing file /home/airflow/.local/lib/python3.6/site-packages/airflow/example_dags/tutorial.py for tasks to queue
[2021-05-08 07:08:24,771] {logging_mixin.py:104} INFO - [2021-05-08 07:08:24,771] {dagbag.py:451} INFO - Filling up the DagBag from /home/airflow/.local/lib/python3.6/site-packages/airflow/example_dags/tutorial.py
[2021-05-08 07:08:24,794] {scheduler_job.py:639} INFO - DAG(s) dict_keys(['tutorial']) retrieved from /home/airflow/.local/lib/python3.6/site-packages/airflow/example_dags/tutorial.py
[2021-05-08 07:08:24,855] {logging_mixin.py:104} INFO - [2021-05-08 07:08:24,855] {dag.py:1824} INFO - Sync 1 DAGs
[2021-05-08 07:08:24,906] {logging_mixin.py:104} INFO - [2021-05-08 07:08:24,906] {dag.py:2280} INFO - Setting next_dagrun for tutorial to 2021-05-06 00:00:00+00:00
[2021-05-08 07:08:24,940] {scheduler_job.py:190} INFO - Processing /home/airflow/.local/lib/python3.6/site-packages/airflow/example_dags/tutorial.py took 0.188 seconds
[2021-05-08 07:08:56,244] {scheduler_job.py:182} INFO - Started process (PID=1049) to work on /home/airflow/.local/lib/python3.6/site-packages/airflow/example_dags/tutorial.py
[2021-05-08 07:08:56,253] {scheduler_job.py:629} INFO - Processing file /home/airflow/.local/lib/python3.6/site-packages/airflow/example_dags/tutorial.py for tasks to queue
[2021-05-08 07:08:56,257] {logging_mixin.py:104} INFO - [2021-05-08 07:08:56,257] {dagbag.py:451} INFO - Filling up the DagBag from /home/airflow/.local/lib/python3.6/site-packages/airflow/example_dags/tutorial.py
[2021-05-08 07:08:56,301] {scheduler_job.py:639} INFO - DAG(s) dict_keys(['tutorial']) retrieved from /home/airflow/.local/lib/python3.6/site-packages/airflow/example_dags/tutorial.py
[2021-05-08 07:08:56,435] {logging_mixin.py:104} INFO - [2021-05-08 07:08:56,434] {dag.py:1824} INFO - Sync 1 DAGs
[2021-05-08 07:08:56,516] {logging_mixin.py:104} INFO - [2021-05-08 07:08:56,513] {dag.py:2280} INFO - Setting next_dagrun for tutorial to 2021-05-06 00:00:00+00:00
[2021-05-08 07:08:56,569] {scheduler_job.py:190} INFO - Processing /home/airflow/.local/lib/python3.6/site-packages/airflow/example_dags/tutorial.py took 0.338 seconds
[2021-05-08 07:09:27,571] {scheduler_job.py:182} INFO - Started process (PID=1075) to work on /home/airflow/.local/lib/python3.6/site-packages/airflow/example_dags/tutorial.py
[2021-05-08 07:09:27,583] {scheduler_job.py:629} INFO - Processing file /home/airflow/.local/lib/python3.6/site-packages/airflow/example_dags/tutorial.py for tasks to queue
[2021-05-08 07:09:27,591] {logging_mixin.py:104} INFO - [2021-05-08 07:09:27,590] {dagbag.py:451} INFO - Filling up the DagBag from /home/airflow/.local/lib/python3.6/site-packages/airflow/example_dags/tutorial.py
[2021-05-08 07:09:27,654] {scheduler_job.py:639} INFO - DAG(s) dict_keys(['tutorial']) retrieved from /home/airflow/.local/lib/python3.6/site-packages/airflow/example_dags/tutorial.py
[2021-05-08 07:09:27,785] {logging_mixin.py:104} INFO - [2021-05-08 07:09:27,784] {dag.py:1824} INFO - Sync 1 DAGs
[2021-05-08 07:09:27,868] {logging_mixin.py:104} INFO - [2021-05-08 07:09:27,868] {dag.py:2280} INFO - Setting next_dagrun for tutorial to 2021-05-06 00:00:00+00:00
[2021-05-08 07:09:27,923] {scheduler_job.py:190} INFO - Processing /home/airflow/.local/lib/python3.6/site-packages/airflow/example_dags/tutorial.py took 0.375 seconds
[2021-05-08 07:09:58,241] {scheduler_job.py:182} INFO - Started process (PID=1101) to work on /home/airflow/.local/lib/python3.6/site-packages/airflow/example_dags/tutorial.py
[2021-05-08 07:09:58,246] {scheduler_job.py:629} INFO - Processing file /home/airflow/.local/lib/python3.6/site-packages/airflow/example_dags/tutorial.py for tasks to queue
[2021-05-08 07:09:58,250] {logging_mixin.py:104} INFO - [2021-05-08 07:09:58,250] {dagbag.py:451} INFO - Filling up the DagBag from /home/airflow/.local/lib/python3.6/site-packages/airflow/example_dags/tutorial.py
[2021-05-08 07:09:58,283] {scheduler_job.py:639} INFO - DAG(s) dict_keys(['tutorial']) retrieved from /home/airflow/.local/lib/python3.6/site-packages/airflow/example_dags/tutorial.py
[2021-05-08 07:09:58,352] {logging_mixin.py:104} INFO - [2021-05-08 07:09:58,351] {dag.py:1824} INFO - Sync 1 DAGs
[2021-05-08 07:09:58,405] {logging_mixin.py:104} INFO - [2021-05-08 07:09:58,405] {dag.py:2280} INFO - Setting next_dagrun for tutorial to 2021-05-06 00:00:00+00:00
[2021-05-08 07:09:58,437] {scheduler_job.py:190} INFO - Processing /home/airflow/.local/lib/python3.6/site-packages/airflow/example_dags/tutorial.py took 0.211 seconds
[2021-05-08 07:10:28,773] {scheduler_job.py:182} INFO - Started process (PID=1128) to work on /home/airflow/.local/lib/python3.6/site-packages/airflow/example_dags/tutorial.py
[2021-05-08 07:10:28,777] {scheduler_job.py:629} INFO - Processing file /home/airflow/.local/lib/python3.6/site-packages/airflow/example_dags/tutorial.py for tasks to queue
[2021-05-08 07:10:28,780] {logging_mixin.py:104} INFO - [2021-05-08 07:10:28,779] {dagbag.py:451} INFO - Filling up the DagBag from /home/airflow/.local/lib/python3.6/site-packages/airflow/example_dags/tutorial.py
[2021-05-08 07:10:28,805] {scheduler_job.py:639} INFO - DAG(s) dict_keys(['tutorial']) retrieved from /home/airflow/.local/lib/python3.6/site-packages/airflow/example_dags/tutorial.py
[2021-05-08 07:10:28,860] {logging_mixin.py:104} INFO - [2021-05-08 07:10:28,860] {dag.py:1824} INFO - Sync 1 DAGs
[2021-05-08 07:10:28,894] {logging_mixin.py:104} INFO - [2021-05-08 07:10:28,894] {dag.py:2280} INFO - Setting next_dagrun for tutorial to 2021-05-06 00:00:00+00:00
[2021-05-08 07:10:28,915] {scheduler_job.py:190} INFO - Processing /home/airflow/.local/lib/python3.6/site-packages/airflow/example_dags/tutorial.py took 0.153 seconds
[2021-05-08 07:10:59,038] {scheduler_job.py:182} INFO - Started process (PID=1155) to work on /home/airflow/.local/lib/python3.6/site-packages/airflow/example_dags/tutorial.py
[2021-05-08 07:10:59,043] {scheduler_job.py:629} INFO - Processing file /home/airflow/.local/lib/python3.6/site-packages/airflow/example_dags/tutorial.py for tasks to queue
[2021-05-08 07:10:59,047] {logging_mixin.py:104} INFO - [2021-05-08 07:10:59,047] {dagbag.py:451} INFO - Filling up the DagBag from /home/airflow/.local/lib/python3.6/site-packages/airflow/example_dags/tutorial.py
[2021-05-08 07:10:59,074] {scheduler_job.py:639} INFO - DAG(s) dict_keys(['tutorial']) retrieved from /home/airflow/.local/lib/python3.6/site-packages/airflow/example_dags/tutorial.py
[2021-05-08 07:10:59,166] {logging_mixin.py:104} INFO - [2021-05-08 07:10:59,166] {dag.py:1824} INFO - Sync 1 DAGs
[2021-05-08 07:10:59,209] {logging_mixin.py:104} INFO - [2021-05-08 07:10:59,209] {dag.py:2280} INFO - Setting next_dagrun for tutorial to 2021-05-06 00:00:00+00:00
[2021-05-08 07:10:59,235] {scheduler_job.py:190} INFO - Processing /home/airflow/.local/lib/python3.6/site-packages/airflow/example_dags/tutorial.py took 0.206 seconds
[2021-05-08 07:11:29,331] {scheduler_job.py:182} INFO - Started process (PID=1182) to work on /home/airflow/.local/lib/python3.6/site-packages/airflow/example_dags/tutorial.py
[2021-05-08 07:11:29,335] {scheduler_job.py:629} INFO - Processing file /home/airflow/.local/lib/python3.6/site-packages/airflow/example_dags/tutorial.py for tasks to queue
[2021-05-08 07:11:29,338] {logging_mixin.py:104} INFO - [2021-05-08 07:11:29,338] {dagbag.py:451} INFO - Filling up the DagBag from /home/airflow/.local/lib/python3.6/site-packages/airflow/example_dags/tutorial.py
[2021-05-08 07:11:29,362] {scheduler_job.py:639} INFO - DAG(s) dict_keys(['tutorial']) retrieved from /home/airflow/.local/lib/python3.6/site-packages/airflow/example_dags/tutorial.py
[2021-05-08 07:11:29,419] {logging_mixin.py:104} INFO - [2021-05-08 07:11:29,418] {dag.py:1824} INFO - Sync 1 DAGs
[2021-05-08 07:11:29,451] {logging_mixin.py:104} INFO - [2021-05-08 07:11:29,451] {dag.py:2280} INFO - Setting next_dagrun for tutorial to 2021-05-06 00:00:00+00:00
[2021-05-08 07:11:29,474] {scheduler_job.py:190} INFO - Processing /home/airflow/.local/lib/python3.6/site-packages/airflow/example_dags/tutorial.py took 0.153 seconds
[2021-05-08 07:11:59,765] {scheduler_job.py:182} INFO - Started process (PID=1209) to work on /home/airflow/.local/lib/python3.6/site-packages/airflow/example_dags/tutorial.py
[2021-05-08 07:11:59,770] {scheduler_job.py:629} INFO - Processing file /home/airflow/.local/lib/python3.6/site-packages/airflow/example_dags/tutorial.py for tasks to queue
[2021-05-08 07:11:59,773] {logging_mixin.py:104} INFO - [2021-05-08 07:11:59,773] {dagbag.py:451} INFO - Filling up the DagBag from /home/airflow/.local/lib/python3.6/site-packages/airflow/example_dags/tutorial.py
[2021-05-08 07:11:59,799] {scheduler_job.py:639} INFO - DAG(s) dict_keys(['tutorial']) retrieved from /home/airflow/.local/lib/python3.6/site-packages/airflow/example_dags/tutorial.py
[2021-05-08 07:11:59,852] {logging_mixin.py:104} INFO - [2021-05-08 07:11:59,852] {dag.py:1824} INFO - Sync 1 DAGs
[2021-05-08 07:11:59,890] {logging_mixin.py:104} INFO - [2021-05-08 07:11:59,889] {dag.py:2280} INFO - Setting next_dagrun for tutorial to 2021-05-06 00:00:00+00:00
[2021-05-08 07:11:59,914] {scheduler_job.py:190} INFO - Processing /home/airflow/.local/lib/python3.6/site-packages/airflow/example_dags/tutorial.py took 0.159 seconds
[2021-05-08 07:12:30,082] {scheduler_job.py:182} INFO - Started process (PID=1236) to work on /home/airflow/.local/lib/python3.6/site-packages/airflow/example_dags/tutorial.py
[2021-05-08 07:12:30,088] {scheduler_job.py:629} INFO - Processing file /home/airflow/.local/lib/python3.6/site-packages/airflow/example_dags/tutorial.py for tasks to queue
[2021-05-08 07:12:30,093] {logging_mixin.py:104} INFO - [2021-05-08 07:12:30,092] {dagbag.py:451} INFO - Filling up the DagBag from /home/airflow/.local/lib/python3.6/site-packages/airflow/example_dags/tutorial.py
[2021-05-08 07:12:30,132] {scheduler_job.py:639} INFO - DAG(s) dict_keys(['tutorial']) retrieved from /home/airflow/.local/lib/python3.6/site-packages/airflow/example_dags/tutorial.py
[2021-05-08 07:12:30,210] {logging_mixin.py:104} INFO - [2021-05-08 07:12:30,210] {dag.py:1824} INFO - Sync 1 DAGs
[2021-05-08 07:12:30,256] {logging_mixin.py:104} INFO - [2021-05-08 07:12:30,255] {dag.py:2280} INFO - Setting next_dagrun for tutorial to 2021-05-06 00:00:00+00:00
[2021-05-08 07:12:30,289] {scheduler_job.py:190} INFO - Processing /home/airflow/.local/lib/python3.6/site-packages/airflow/example_dags/tutorial.py took 0.225 seconds
[2021-05-08 07:13:00,647] {scheduler_job.py:182} INFO - Started process (PID=1262) to work on /home/airflow/.local/lib/python3.6/site-packages/airflow/example_dags/tutorial.py
[2021-05-08 07:13:00,654] {scheduler_job.py:629} INFO - Processing file /home/airflow/.local/lib/python3.6/site-packages/airflow/example_dags/tutorial.py for tasks to queue
[2021-05-08 07:13:00,659] {logging_mixin.py:104} INFO - [2021-05-08 07:13:00,658] {dagbag.py:451} INFO - Filling up the DagBag from /home/airflow/.local/lib/python3.6/site-packages/airflow/example_dags/tutorial.py
[2021-05-08 07:13:00,695] {scheduler_job.py:639} INFO - DAG(s) dict_keys(['tutorial']) retrieved from /home/airflow/.local/lib/python3.6/site-packages/airflow/example_dags/tutorial.py
[2021-05-08 07:13:00,782] {logging_mixin.py:104} INFO - [2021-05-08 07:13:00,782] {dag.py:1824} INFO - Sync 1 DAGs
[2021-05-08 07:13:00,845] {logging_mixin.py:104} INFO - [2021-05-08 07:13:00,844] {dag.py:2280} INFO - Setting next_dagrun for tutorial to 2021-05-06 00:00:00+00:00
[2021-05-08 07:13:00,880] {scheduler_job.py:190} INFO - Processing /home/airflow/.local/lib/python3.6/site-packages/airflow/example_dags/tutorial.py took 0.244 seconds
[2021-05-08 07:13:31,221] {scheduler_job.py:182} INFO - Started process (PID=1287) to work on /home/airflow/.local/lib/python3.6/site-packages/airflow/example_dags/tutorial.py
[2021-05-08 07:13:31,232] {scheduler_job.py:629} INFO - Processing file /home/airflow/.local/lib/python3.6/site-packages/airflow/example_dags/tutorial.py for tasks to queue
[2021-05-08 07:13:31,238] {logging_mixin.py:104} INFO - [2021-05-08 07:13:31,237] {dagbag.py:451} INFO - Filling up the DagBag from /home/airflow/.local/lib/python3.6/site-packages/airflow/example_dags/tutorial.py
[2021-05-08 07:13:31,292] {scheduler_job.py:639} INFO - DAG(s) dict_keys(['tutorial']) retrieved from /home/airflow/.local/lib/python3.6/site-packages/airflow/example_dags/tutorial.py
[2021-05-08 07:13:31,418] {logging_mixin.py:104} INFO - [2021-05-08 07:13:31,417] {dag.py:1824} INFO - Sync 1 DAGs
[2021-05-08 07:13:31,517] {logging_mixin.py:104} INFO - [2021-05-08 07:13:31,516] {dag.py:2280} INFO - Setting next_dagrun for tutorial to 2021-05-06 00:00:00+00:00
[2021-05-08 07:13:31,570] {scheduler_job.py:190} INFO - Processing /home/airflow/.local/lib/python3.6/site-packages/airflow/example_dags/tutorial.py took 0.368 seconds
[2021-05-08 07:14:01,968] {scheduler_job.py:182} INFO - Started process (PID=1313) to work on /home/airflow/.local/lib/python3.6/site-packages/airflow/example_dags/tutorial.py
[2021-05-08 07:14:01,980] {scheduler_job.py:629} INFO - Processing file /home/airflow/.local/lib/python3.6/site-packages/airflow/example_dags/tutorial.py for tasks to queue
[2021-05-08 07:14:01,989] {logging_mixin.py:104} INFO - [2021-05-08 07:14:01,988] {dagbag.py:451} INFO - Filling up the DagBag from /home/airflow/.local/lib/python3.6/site-packages/airflow/example_dags/tutorial.py
[2021-05-08 07:14:02,062] {scheduler_job.py:639} INFO - DAG(s) dict_keys(['tutorial']) retrieved from /home/airflow/.local/lib/python3.6/site-packages/airflow/example_dags/tutorial.py
[2021-05-08 07:14:02,231] {logging_mixin.py:104} INFO - [2021-05-08 07:14:02,231] {dag.py:1824} INFO - Sync 1 DAGs
[2021-05-08 07:14:02,322] {logging_mixin.py:104} INFO - [2021-05-08 07:14:02,322] {dag.py:2280} INFO - Setting next_dagrun for tutorial to 2021-05-06 00:00:00+00:00
[2021-05-08 07:14:02,369] {scheduler_job.py:190} INFO - Processing /home/airflow/.local/lib/python3.6/site-packages/airflow/example_dags/tutorial.py took 0.422 seconds
[2021-05-08 07:14:32,529] {scheduler_job.py:182} INFO - Started process (PID=1340) to work on /home/airflow/.local/lib/python3.6/site-packages/airflow/example_dags/tutorial.py
[2021-05-08 07:14:32,533] {scheduler_job.py:629} INFO - Processing file /home/airflow/.local/lib/python3.6/site-packages/airflow/example_dags/tutorial.py for tasks to queue
[2021-05-08 07:14:32,537] {logging_mixin.py:104} INFO - [2021-05-08 07:14:32,536] {dagbag.py:451} INFO - Filling up the DagBag from /home/airflow/.local/lib/python3.6/site-packages/airflow/example_dags/tutorial.py
[2021-05-08 07:14:32,562] {scheduler_job.py:639} INFO - DAG(s) dict_keys(['tutorial']) retrieved from /home/airflow/.local/lib/python3.6/site-packages/airflow/example_dags/tutorial.py
[2021-05-08 07:14:32,622] {logging_mixin.py:104} INFO - [2021-05-08 07:14:32,622] {dag.py:1824} INFO - Sync 1 DAGs
[2021-05-08 07:14:32,661] {logging_mixin.py:104} INFO - [2021-05-08 07:14:32,661] {dag.py:2280} INFO - Setting next_dagrun for tutorial to 2021-05-06 00:00:00+00:00
[2021-05-08 07:14:32,688] {scheduler_job.py:190} INFO - Processing /home/airflow/.local/lib/python3.6/site-packages/airflow/example_dags/tutorial.py took 0.168 seconds
[2021-05-08 07:15:02,785] {scheduler_job.py:182} INFO - Started process (PID=1367) to work on /home/airflow/.local/lib/python3.6/site-packages/airflow/example_dags/tutorial.py
[2021-05-08 07:15:02,791] {scheduler_job.py:629} INFO - Processing file /home/airflow/.local/lib/python3.6/site-packages/airflow/example_dags/tutorial.py for tasks to queue
[2021-05-08 07:15:02,795] {logging_mixin.py:104} INFO - [2021-05-08 07:15:02,794] {dagbag.py:451} INFO - Filling up the DagBag from /home/airflow/.local/lib/python3.6/site-packages/airflow/example_dags/tutorial.py
[2021-05-08 07:15:02,836] {scheduler_job.py:639} INFO - DAG(s) dict_keys(['tutorial']) retrieved from /home/airflow/.local/lib/python3.6/site-packages/airflow/example_dags/tutorial.py
[2021-05-08 07:15:02,922] {logging_mixin.py:104} INFO - [2021-05-08 07:15:02,920] {dag.py:1824} INFO - Sync 1 DAGs
[2021-05-08 07:15:02,990] {logging_mixin.py:104} INFO - [2021-05-08 07:15:02,989] {dag.py:2280} INFO - Setting next_dagrun for tutorial to 2021-05-06 00:00:00+00:00
[2021-05-08 07:15:03,021] {scheduler_job.py:190} INFO - Processing /home/airflow/.local/lib/python3.6/site-packages/airflow/example_dags/tutorial.py took 0.249 seconds
[2021-05-08 07:15:33,109] {scheduler_job.py:182} INFO - Started process (PID=1392) to work on /home/airflow/.local/lib/python3.6/site-packages/airflow/example_dags/tutorial.py
[2021-05-08 07:15:33,113] {scheduler_job.py:629} INFO - Processing file /home/airflow/.local/lib/python3.6/site-packages/airflow/example_dags/tutorial.py for tasks to queue
[2021-05-08 07:15:33,116] {logging_mixin.py:104} INFO - [2021-05-08 07:15:33,116] {dagbag.py:451} INFO - Filling up the DagBag from /home/airflow/.local/lib/python3.6/site-packages/airflow/example_dags/tutorial.py
[2021-05-08 07:15:33,131] {scheduler_job.py:639} INFO - DAG(s) dict_keys(['tutorial']) retrieved from /home/airflow/.local/lib/python3.6/site-packages/airflow/example_dags/tutorial.py
[2021-05-08 07:15:33,171] {logging_mixin.py:104} INFO - [2021-05-08 07:15:33,171] {dag.py:1824} INFO - Sync 1 DAGs
[2021-05-08 07:15:33,194] {logging_mixin.py:104} INFO - [2021-05-08 07:15:33,194] {dag.py:2280} INFO - Setting next_dagrun for tutorial to 2021-05-06 00:00:00+00:00
[2021-05-08 07:15:33,208] {scheduler_job.py:190} INFO - Processing /home/airflow/.local/lib/python3.6/site-packages/airflow/example_dags/tutorial.py took 0.104 seconds
[2021-05-08 07:16:03,874] {scheduler_job.py:182} INFO - Started process (PID=1420) to work on /home/airflow/.local/lib/python3.6/site-packages/airflow/example_dags/tutorial.py
[2021-05-08 07:16:03,876] {scheduler_job.py:629} INFO - Processing file /home/airflow/.local/lib/python3.6/site-packages/airflow/example_dags/tutorial.py for tasks to queue
[2021-05-08 07:16:03,879] {logging_mixin.py:104} INFO - [2021-05-08 07:16:03,878] {dagbag.py:451} INFO - Filling up the DagBag from /home/airflow/.local/lib/python3.6/site-packages/airflow/example_dags/tutorial.py
[2021-05-08 07:16:03,895] {scheduler_job.py:639} INFO - DAG(s) dict_keys(['tutorial']) retrieved from /home/airflow/.local/lib/python3.6/site-packages/airflow/example_dags/tutorial.py
[2021-05-08 07:16:03,934] {logging_mixin.py:104} INFO - [2021-05-08 07:16:03,934] {dag.py:1824} INFO - Sync 1 DAGs
[2021-05-08 07:16:03,961] {logging_mixin.py:104} INFO - [2021-05-08 07:16:03,960] {dag.py:2280} INFO - Setting next_dagrun for tutorial to 2021-05-06 00:00:00+00:00
[2021-05-08 07:16:03,979] {scheduler_job.py:190} INFO - Processing /home/airflow/.local/lib/python3.6/site-packages/airflow/example_dags/tutorial.py took 0.110 seconds
[2021-05-08 07:16:34,495] {scheduler_job.py:182} INFO - Started process (PID=1447) to work on /home/airflow/.local/lib/python3.6/site-packages/airflow/example_dags/tutorial.py
[2021-05-08 07:16:34,498] {scheduler_job.py:629} INFO - Processing file /home/airflow/.local/lib/python3.6/site-packages/airflow/example_dags/tutorial.py for tasks to queue
[2021-05-08 07:16:34,501] {logging_mixin.py:104} INFO - [2021-05-08 07:16:34,500] {dagbag.py:451} INFO - Filling up the DagBag from /home/airflow/.local/lib/python3.6/site-packages/airflow/example_dags/tutorial.py
[2021-05-08 07:16:34,515] {scheduler_job.py:639} INFO - DAG(s) dict_keys(['tutorial']) retrieved from /home/airflow/.local/lib/python3.6/site-packages/airflow/example_dags/tutorial.py
[2021-05-08 07:16:34,546] {logging_mixin.py:104} INFO - [2021-05-08 07:16:34,546] {dag.py:1824} INFO - Sync 1 DAGs
[2021-05-08 07:16:34,566] {logging_mixin.py:104} INFO - [2021-05-08 07:16:34,566] {dag.py:2280} INFO - Setting next_dagrun for tutorial to 2021-05-06 00:00:00+00:00
[2021-05-08 07:16:34,580] {scheduler_job.py:190} INFO - Processing /home/airflow/.local/lib/python3.6/site-packages/airflow/example_dags/tutorial.py took 0.089 seconds
[2021-05-08 07:17:05,226] {scheduler_job.py:182} INFO - Started process (PID=1475) to work on /home/airflow/.local/lib/python3.6/site-packages/airflow/example_dags/tutorial.py
[2021-05-08 07:17:05,230] {scheduler_job.py:629} INFO - Processing file /home/airflow/.local/lib/python3.6/site-packages/airflow/example_dags/tutorial.py for tasks to queue
[2021-05-08 07:17:05,232] {logging_mixin.py:104} INFO - [2021-05-08 07:17:05,231] {dagbag.py:451} INFO - Filling up the DagBag from /home/airflow/.local/lib/python3.6/site-packages/airflow/example_dags/tutorial.py
[2021-05-08 07:17:05,244] {scheduler_job.py:639} INFO - DAG(s) dict_keys(['tutorial']) retrieved from /home/airflow/.local/lib/python3.6/site-packages/airflow/example_dags/tutorial.py
[2021-05-08 07:17:05,286] {logging_mixin.py:104} INFO - [2021-05-08 07:17:05,286] {dag.py:1824} INFO - Sync 1 DAGs
[2021-05-08 07:17:05,310] {logging_mixin.py:104} INFO - [2021-05-08 07:17:05,310] {dag.py:2280} INFO - Setting next_dagrun for tutorial to 2021-05-06 00:00:00+00:00
[2021-05-08 07:17:05,327] {scheduler_job.py:190} INFO - Processing /home/airflow/.local/lib/python3.6/site-packages/airflow/example_dags/tutorial.py took 0.107 seconds
[2021-05-08 07:17:35,801] {scheduler_job.py:182} INFO - Started process (PID=1502) to work on /home/airflow/.local/lib/python3.6/site-packages/airflow/example_dags/tutorial.py
[2021-05-08 07:17:35,803] {scheduler_job.py:629} INFO - Processing file /home/airflow/.local/lib/python3.6/site-packages/airflow/example_dags/tutorial.py for tasks to queue
[2021-05-08 07:17:35,806] {logging_mixin.py:104} INFO - [2021-05-08 07:17:35,805] {dagbag.py:451} INFO - Filling up the DagBag from /home/airflow/.local/lib/python3.6/site-packages/airflow/example_dags/tutorial.py
[2021-05-08 07:17:35,820] {scheduler_job.py:639} INFO - DAG(s) dict_keys(['tutorial']) retrieved from /home/airflow/.local/lib/python3.6/site-packages/airflow/example_dags/tutorial.py
[2021-05-08 07:17:35,856] {logging_mixin.py:104} INFO - [2021-05-08 07:17:35,855] {dag.py:1824} INFO - Sync 1 DAGs
[2021-05-08 07:17:35,884] {logging_mixin.py:104} INFO - [2021-05-08 07:17:35,884] {dag.py:2280} INFO - Setting next_dagrun for tutorial to 2021-05-06 00:00:00+00:00
[2021-05-08 07:17:35,901] {scheduler_job.py:190} INFO - Processing /home/airflow/.local/lib/python3.6/site-packages/airflow/example_dags/tutorial.py took 0.104 seconds
[2021-05-08 07:18:06,560] {scheduler_job.py:182} INFO - Started process (PID=1529) to work on /home/airflow/.local/lib/python3.6/site-packages/airflow/example_dags/tutorial.py
[2021-05-08 07:18:06,564] {scheduler_job.py:629} INFO - Processing file /home/airflow/.local/lib/python3.6/site-packages/airflow/example_dags/tutorial.py for tasks to queue
[2021-05-08 07:18:06,566] {logging_mixin.py:104} INFO - [2021-05-08 07:18:06,566] {dagbag.py:451} INFO - Filling up the DagBag from /home/airflow/.local/lib/python3.6/site-packages/airflow/example_dags/tutorial.py
[2021-05-08 07:18:06,582] {scheduler_job.py:639} INFO - DAG(s) dict_keys(['tutorial']) retrieved from /home/airflow/.local/lib/python3.6/site-packages/airflow/example_dags/tutorial.py
[2021-05-08 07:18:06,629] {logging_mixin.py:104} INFO - [2021-05-08 07:18:06,629] {dag.py:1824} INFO - Sync 1 DAGs
[2021-05-08 07:18:06,649] {logging_mixin.py:104} INFO - [2021-05-08 07:18:06,649] {dag.py:2280} INFO - Setting next_dagrun for tutorial to 2021-05-06 00:00:00+00:00
[2021-05-08 07:18:06,663] {scheduler_job.py:190} INFO - Processing /home/airflow/.local/lib/python3.6/site-packages/airflow/example_dags/tutorial.py took 0.108 seconds
[2021-05-08 07:18:37,300] {scheduler_job.py:182} INFO - Started process (PID=1556) to work on /home/airflow/.local/lib/python3.6/site-packages/airflow/example_dags/tutorial.py
[2021-05-08 07:18:37,302] {scheduler_job.py:629} INFO - Processing file /home/airflow/.local/lib/python3.6/site-packages/airflow/example_dags/tutorial.py for tasks to queue
[2021-05-08 07:18:37,303] {logging_mixin.py:104} INFO - [2021-05-08 07:18:37,303] {dagbag.py:451} INFO - Filling up the DagBag from /home/airflow/.local/lib/python3.6/site-packages/airflow/example_dags/tutorial.py
[2021-05-08 07:18:37,318] {scheduler_job.py:639} INFO - DAG(s) dict_keys(['tutorial']) retrieved from /home/airflow/.local/lib/python3.6/site-packages/airflow/example_dags/tutorial.py
[2021-05-08 07:18:37,349] {logging_mixin.py:104} INFO - [2021-05-08 07:18:37,349] {dag.py:1824} INFO - Sync 1 DAGs
[2021-05-08 07:18:37,370] {logging_mixin.py:104} INFO - [2021-05-08 07:18:37,370] {dag.py:2280} INFO - Setting next_dagrun for tutorial to 2021-05-06 00:00:00+00:00
[2021-05-08 07:18:37,384] {scheduler_job.py:190} INFO - Processing /home/airflow/.local/lib/python3.6/site-packages/airflow/example_dags/tutorial.py took 0.087 seconds
[2021-05-08 07:19:08,073] {scheduler_job.py:182} INFO - Started process (PID=1583) to work on /home/airflow/.local/lib/python3.6/site-packages/airflow/example_dags/tutorial.py
[2021-05-08 07:19:08,075] {scheduler_job.py:629} INFO - Processing file /home/airflow/.local/lib/python3.6/site-packages/airflow/example_dags/tutorial.py for tasks to queue
[2021-05-08 07:19:08,077] {logging_mixin.py:104} INFO - [2021-05-08 07:19:08,077] {dagbag.py:451} INFO - Filling up the DagBag from /home/airflow/.local/lib/python3.6/site-packages/airflow/example_dags/tutorial.py
[2021-05-08 07:19:08,089] {scheduler_job.py:639} INFO - DAG(s) dict_keys(['tutorial']) retrieved from /home/airflow/.local/lib/python3.6/site-packages/airflow/example_dags/tutorial.py
[2021-05-08 07:19:08,117] {logging_mixin.py:104} INFO - [2021-05-08 07:19:08,117] {dag.py:1824} INFO - Sync 1 DAGs
[2021-05-08 07:19:08,136] {logging_mixin.py:104} INFO - [2021-05-08 07:19:08,136] {dag.py:2280} INFO - Setting next_dagrun for tutorial to 2021-05-06 00:00:00+00:00
[2021-05-08 07:19:08,149] {scheduler_job.py:190} INFO - Processing /home/airflow/.local/lib/python3.6/site-packages/airflow/example_dags/tutorial.py took 0.081 seconds
[2021-05-08 07:19:38,774] {scheduler_job.py:182} INFO - Started process (PID=1610) to work on /home/airflow/.local/lib/python3.6/site-packages/airflow/example_dags/tutorial.py
[2021-05-08 07:19:38,776] {scheduler_job.py:629} INFO - Processing file /home/airflow/.local/lib/python3.6/site-packages/airflow/example_dags/tutorial.py for tasks to queue
[2021-05-08 07:19:38,778] {logging_mixin.py:104} INFO - [2021-05-08 07:19:38,778] {dagbag.py:451} INFO - Filling up the DagBag from /home/airflow/.local/lib/python3.6/site-packages/airflow/example_dags/tutorial.py
[2021-05-08 07:19:38,798] {scheduler_job.py:639} INFO - DAG(s) dict_keys(['tutorial']) retrieved from /home/airflow/.local/lib/python3.6/site-packages/airflow/example_dags/tutorial.py
[2021-05-08 07:19:38,839] {logging_mixin.py:104} INFO - [2021-05-08 07:19:38,839] {dag.py:1824} INFO - Sync 1 DAGs
[2021-05-08 07:19:38,867] {logging_mixin.py:104} INFO - [2021-05-08 07:19:38,867] {dag.py:2280} INFO - Setting next_dagrun for tutorial to 2021-05-06 00:00:00+00:00
[2021-05-08 07:19:38,899] {scheduler_job.py:190} INFO - Processing /home/airflow/.local/lib/python3.6/site-packages/airflow/example_dags/tutorial.py took 0.130 seconds
[2021-05-08 07:20:09,576] {scheduler_job.py:182} INFO - Started process (PID=1637) to work on /home/airflow/.local/lib/python3.6/site-packages/airflow/example_dags/tutorial.py
[2021-05-08 07:20:09,581] {scheduler_job.py:629} INFO - Processing file /home/airflow/.local/lib/python3.6/site-packages/airflow/example_dags/tutorial.py for tasks to queue
[2021-05-08 07:20:09,583] {logging_mixin.py:104} INFO - [2021-05-08 07:20:09,583] {dagbag.py:451} INFO - Filling up the DagBag from /home/airflow/.local/lib/python3.6/site-packages/airflow/example_dags/tutorial.py
[2021-05-08 07:20:09,606] {scheduler_job.py:639} INFO - DAG(s) dict_keys(['tutorial']) retrieved from /home/airflow/.local/lib/python3.6/site-packages/airflow/example_dags/tutorial.py
[2021-05-08 07:20:09,637] {logging_mixin.py:104} INFO - [2021-05-08 07:20:09,637] {dag.py:1824} INFO - Sync 1 DAGs
[2021-05-08 07:20:09,658] {logging_mixin.py:104} INFO - [2021-05-08 07:20:09,658] {dag.py:2280} INFO - Setting next_dagrun for tutorial to 2021-05-06 00:00:00+00:00
[2021-05-08 07:20:09,669] {scheduler_job.py:190} INFO - Processing /home/airflow/.local/lib/python3.6/site-packages/airflow/example_dags/tutorial.py took 0.106 seconds
[2021-05-08 07:20:40,340] {scheduler_job.py:182} INFO - Started process (PID=1664) to work on /home/airflow/.local/lib/python3.6/site-packages/airflow/example_dags/tutorial.py
[2021-05-08 07:20:40,343] {scheduler_job.py:629} INFO - Processing file /home/airflow/.local/lib/python3.6/site-packages/airflow/example_dags/tutorial.py for tasks to queue
[2021-05-08 07:20:40,345] {logging_mixin.py:104} INFO - [2021-05-08 07:20:40,345] {dagbag.py:451} INFO - Filling up the DagBag from /home/airflow/.local/lib/python3.6/site-packages/airflow/example_dags/tutorial.py
[2021-05-08 07:20:40,357] {scheduler_job.py:639} INFO - DAG(s) dict_keys(['tutorial']) retrieved from /home/airflow/.local/lib/python3.6/site-packages/airflow/example_dags/tutorial.py
[2021-05-08 07:20:40,385] {logging_mixin.py:104} INFO - [2021-05-08 07:20:40,385] {dag.py:1824} INFO - Sync 1 DAGs
[2021-05-08 07:20:40,404] {logging_mixin.py:104} INFO - [2021-05-08 07:20:40,404] {dag.py:2280} INFO - Setting next_dagrun for tutorial to 2021-05-06 00:00:00+00:00
[2021-05-08 07:20:40,418] {scheduler_job.py:190} INFO - Processing /home/airflow/.local/lib/python3.6/site-packages/airflow/example_dags/tutorial.py took 0.081 seconds
[2021-05-08 07:21:11,056] {scheduler_job.py:182} INFO - Started process (PID=1691) to work on /home/airflow/.local/lib/python3.6/site-packages/airflow/example_dags/tutorial.py
[2021-05-08 07:21:11,059] {scheduler_job.py:629} INFO - Processing file /home/airflow/.local/lib/python3.6/site-packages/airflow/example_dags/tutorial.py for tasks to queue
[2021-05-08 07:21:11,061] {logging_mixin.py:104} INFO - [2021-05-08 07:21:11,061] {dagbag.py:451} INFO - Filling up the DagBag from /home/airflow/.local/lib/python3.6/site-packages/airflow/example_dags/tutorial.py
[2021-05-08 07:21:11,074] {scheduler_job.py:639} INFO - DAG(s) dict_keys(['tutorial']) retrieved from /home/airflow/.local/lib/python3.6/site-packages/airflow/example_dags/tutorial.py
[2021-05-08 07:21:11,108] {logging_mixin.py:104} INFO - [2021-05-08 07:21:11,108] {dag.py:1824} INFO - Sync 1 DAGs
[2021-05-08 07:21:11,129] {logging_mixin.py:104} INFO - [2021-05-08 07:21:11,129] {dag.py:2280} INFO - Setting next_dagrun for tutorial to 2021-05-06 00:00:00+00:00
[2021-05-08 07:21:11,143] {scheduler_job.py:190} INFO - Processing /home/airflow/.local/lib/python3.6/site-packages/airflow/example_dags/tutorial.py took 0.093 seconds
[2021-05-08 07:21:41,777] {scheduler_job.py:182} INFO - Started process (PID=1718) to work on /home/airflow/.local/lib/python3.6/site-packages/airflow/example_dags/tutorial.py
[2021-05-08 07:21:41,780] {scheduler_job.py:629} INFO - Processing file /home/airflow/.local/lib/python3.6/site-packages/airflow/example_dags/tutorial.py for tasks to queue
[2021-05-08 07:21:41,781] {logging_mixin.py:104} INFO - [2021-05-08 07:21:41,781] {dagbag.py:451} INFO - Filling up the DagBag from /home/airflow/.local/lib/python3.6/site-packages/airflow/example_dags/tutorial.py
[2021-05-08 07:21:41,794] {scheduler_job.py:639} INFO - DAG(s) dict_keys(['tutorial']) retrieved from /home/airflow/.local/lib/python3.6/site-packages/airflow/example_dags/tutorial.py
[2021-05-08 07:21:41,824] {logging_mixin.py:104} INFO - [2021-05-08 07:21:41,823] {dag.py:1824} INFO - Sync 1 DAGs
[2021-05-08 07:21:41,843] {logging_mixin.py:104} INFO - [2021-05-08 07:21:41,843] {dag.py:2280} INFO - Setting next_dagrun for tutorial to 2021-05-06 00:00:00+00:00
[2021-05-08 07:21:41,858] {scheduler_job.py:190} INFO - Processing /home/airflow/.local/lib/python3.6/site-packages/airflow/example_dags/tutorial.py took 0.086 seconds
[2021-05-08 07:22:12,485] {scheduler_job.py:182} INFO - Started process (PID=1745) to work on /home/airflow/.local/lib/python3.6/site-packages/airflow/example_dags/tutorial.py
[2021-05-08 07:22:12,488] {scheduler_job.py:629} INFO - Processing file /home/airflow/.local/lib/python3.6/site-packages/airflow/example_dags/tutorial.py for tasks to queue
[2021-05-08 07:22:12,489] {logging_mixin.py:104} INFO - [2021-05-08 07:22:12,489] {dagbag.py:451} INFO - Filling up the DagBag from /home/airflow/.local/lib/python3.6/site-packages/airflow/example_dags/tutorial.py
[2021-05-08 07:22:12,504] {scheduler_job.py:639} INFO - DAG(s) dict_keys(['tutorial']) retrieved from /home/airflow/.local/lib/python3.6/site-packages/airflow/example_dags/tutorial.py
[2021-05-08 07:22:12,536] {logging_mixin.py:104} INFO - [2021-05-08 07:22:12,536] {dag.py:1824} INFO - Sync 1 DAGs
[2021-05-08 07:22:12,559] {logging_mixin.py:104} INFO - [2021-05-08 07:22:12,558] {dag.py:2280} INFO - Setting next_dagrun for tutorial to 2021-05-06 00:00:00+00:00
[2021-05-08 07:22:12,574] {scheduler_job.py:190} INFO - Processing /home/airflow/.local/lib/python3.6/site-packages/airflow/example_dags/tutorial.py took 0.095 seconds
[2021-05-08 07:22:43,127] {scheduler_job.py:182} INFO - Started process (PID=1772) to work on /home/airflow/.local/lib/python3.6/site-packages/airflow/example_dags/tutorial.py
[2021-05-08 07:22:43,130] {scheduler_job.py:629} INFO - Processing file /home/airflow/.local/lib/python3.6/site-packages/airflow/example_dags/tutorial.py for tasks to queue
[2021-05-08 07:22:43,132] {logging_mixin.py:104} INFO - [2021-05-08 07:22:43,132] {dagbag.py:451} INFO - Filling up the DagBag from /home/airflow/.local/lib/python3.6/site-packages/airflow/example_dags/tutorial.py
[2021-05-08 07:22:43,149] {scheduler_job.py:639} INFO - DAG(s) dict_keys(['tutorial']) retrieved from /home/airflow/.local/lib/python3.6/site-packages/airflow/example_dags/tutorial.py
[2021-05-08 07:22:43,184] {logging_mixin.py:104} INFO - [2021-05-08 07:22:43,184] {dag.py:1824} INFO - Sync 1 DAGs
[2021-05-08 07:22:43,207] {logging_mixin.py:104} INFO - [2021-05-08 07:22:43,207] {dag.py:2280} INFO - Setting next_dagrun for tutorial to 2021-05-06 00:00:00+00:00
[2021-05-08 07:22:43,224] {scheduler_job.py:190} INFO - Processing /home/airflow/.local/lib/python3.6/site-packages/airflow/example_dags/tutorial.py took 0.102 seconds
[2021-05-08 07:23:13,835] {scheduler_job.py:182} INFO - Started process (PID=1799) to work on /home/airflow/.local/lib/python3.6/site-packages/airflow/example_dags/tutorial.py
[2021-05-08 07:23:13,837] {scheduler_job.py:629} INFO - Processing file /home/airflow/.local/lib/python3.6/site-packages/airflow/example_dags/tutorial.py for tasks to queue
[2021-05-08 07:23:13,839] {logging_mixin.py:104} INFO - [2021-05-08 07:23:13,839] {dagbag.py:451} INFO - Filling up the DagBag from /home/airflow/.local/lib/python3.6/site-packages/airflow/example_dags/tutorial.py
[2021-05-08 07:23:13,852] {scheduler_job.py:639} INFO - DAG(s) dict_keys(['tutorial']) retrieved from /home/airflow/.local/lib/python3.6/site-packages/airflow/example_dags/tutorial.py
[2021-05-08 07:23:13,882] {logging_mixin.py:104} INFO - [2021-05-08 07:23:13,881] {dag.py:1824} INFO - Sync 1 DAGs
[2021-05-08 07:23:13,901] {logging_mixin.py:104} INFO - [2021-05-08 07:23:13,901] {dag.py:2280} INFO - Setting next_dagrun for tutorial to 2021-05-06 00:00:00+00:00
[2021-05-08 07:23:13,914] {scheduler_job.py:190} INFO - Processing /home/airflow/.local/lib/python3.6/site-packages/airflow/example_dags/tutorial.py took 0.084 seconds
[2021-05-08 07:23:44,284] {scheduler_job.py:182} INFO - Started process (PID=1826) to work on /home/airflow/.local/lib/python3.6/site-packages/airflow/example_dags/tutorial.py
[2021-05-08 07:23:44,286] {scheduler_job.py:629} INFO - Processing file /home/airflow/.local/lib/python3.6/site-packages/airflow/example_dags/tutorial.py for tasks to queue
[2021-05-08 07:23:44,288] {logging_mixin.py:104} INFO - [2021-05-08 07:23:44,288] {dagbag.py:451} INFO - Filling up the DagBag from /home/airflow/.local/lib/python3.6/site-packages/airflow/example_dags/tutorial.py
[2021-05-08 07:23:44,302] {scheduler_job.py:639} INFO - DAG(s) dict_keys(['tutorial']) retrieved from /home/airflow/.local/lib/python3.6/site-packages/airflow/example_dags/tutorial.py
[2021-05-08 07:23:44,334] {logging_mixin.py:104} INFO - [2021-05-08 07:23:44,333] {dag.py:1824} INFO - Sync 1 DAGs
[2021-05-08 07:23:44,355] {logging_mixin.py:104} INFO - [2021-05-08 07:23:44,355] {dag.py:2280} INFO - Setting next_dagrun for tutorial to 2021-05-06 00:00:00+00:00
[2021-05-08 07:23:44,368] {scheduler_job.py:190} INFO - Processing /home/airflow/.local/lib/python3.6/site-packages/airflow/example_dags/tutorial.py took 0.089 seconds
[2021-05-08 07:24:14,760] {scheduler_job.py:182} INFO - Started process (PID=1852) to work on /home/airflow/.local/lib/python3.6/site-packages/airflow/example_dags/tutorial.py
[2021-05-08 07:24:14,762] {scheduler_job.py:629} INFO - Processing file /home/airflow/.local/lib/python3.6/site-packages/airflow/example_dags/tutorial.py for tasks to queue
[2021-05-08 07:24:14,764] {logging_mixin.py:104} INFO - [2021-05-08 07:24:14,764] {dagbag.py:451} INFO - Filling up the DagBag from /home/airflow/.local/lib/python3.6/site-packages/airflow/example_dags/tutorial.py
[2021-05-08 07:24:14,779] {scheduler_job.py:639} INFO - DAG(s) dict_keys(['tutorial']) retrieved from /home/airflow/.local/lib/python3.6/site-packages/airflow/example_dags/tutorial.py
[2021-05-08 07:24:14,813] {logging_mixin.py:104} INFO - [2021-05-08 07:24:14,813] {dag.py:1824} INFO - Sync 1 DAGs
[2021-05-08 07:24:14,834] {logging_mixin.py:104} INFO - [2021-05-08 07:24:14,833] {dag.py:2280} INFO - Setting next_dagrun for tutorial to 2021-05-06 00:00:00+00:00
[2021-05-08 07:24:14,848] {scheduler_job.py:190} INFO - Processing /home/airflow/.local/lib/python3.6/site-packages/airflow/example_dags/tutorial.py took 0.093 seconds
[2021-05-08 07:24:45,366] {scheduler_job.py:182} INFO - Started process (PID=1880) to work on /home/airflow/.local/lib/python3.6/site-packages/airflow/example_dags/tutorial.py
[2021-05-08 07:24:45,369] {scheduler_job.py:629} INFO - Processing file /home/airflow/.local/lib/python3.6/site-packages/airflow/example_dags/tutorial.py for tasks to queue
[2021-05-08 07:24:45,370] {logging_mixin.py:104} INFO - [2021-05-08 07:24:45,370] {dagbag.py:451} INFO - Filling up the DagBag from /home/airflow/.local/lib/python3.6/site-packages/airflow/example_dags/tutorial.py
[2021-05-08 07:24:45,385] {scheduler_job.py:639} INFO - DAG(s) dict_keys(['tutorial']) retrieved from /home/airflow/.local/lib/python3.6/site-packages/airflow/example_dags/tutorial.py
[2021-05-08 07:24:45,423] {logging_mixin.py:104} INFO - [2021-05-08 07:24:45,423] {dag.py:1824} INFO - Sync 1 DAGs
[2021-05-08 07:24:45,447] {logging_mixin.py:104} INFO - [2021-05-08 07:24:45,447] {dag.py:2280} INFO - Setting next_dagrun for tutorial to 2021-05-06 00:00:00+00:00
[2021-05-08 07:24:45,461] {scheduler_job.py:190} INFO - Processing /home/airflow/.local/lib/python3.6/site-packages/airflow/example_dags/tutorial.py took 0.101 seconds
[2021-05-08 07:25:16,122] {scheduler_job.py:182} INFO - Started process (PID=1907) to work on /home/airflow/.local/lib/python3.6/site-packages/airflow/example_dags/tutorial.py
[2021-05-08 07:25:16,126] {scheduler_job.py:629} INFO - Processing file /home/airflow/.local/lib/python3.6/site-packages/airflow/example_dags/tutorial.py for tasks to queue
[2021-05-08 07:25:16,128] {logging_mixin.py:104} INFO - [2021-05-08 07:25:16,128] {dagbag.py:451} INFO - Filling up the DagBag from /home/airflow/.local/lib/python3.6/site-packages/airflow/example_dags/tutorial.py
[2021-05-08 07:25:16,142] {scheduler_job.py:639} INFO - DAG(s) dict_keys(['tutorial']) retrieved from /home/airflow/.local/lib/python3.6/site-packages/airflow/example_dags/tutorial.py
[2021-05-08 07:25:16,171] {logging_mixin.py:104} INFO - [2021-05-08 07:25:16,171] {dag.py:1824} INFO - Sync 1 DAGs
[2021-05-08 07:25:16,192] {logging_mixin.py:104} INFO - [2021-05-08 07:25:16,192] {dag.py:2280} INFO - Setting next_dagrun for tutorial to 2021-05-06 00:00:00+00:00
[2021-05-08 07:25:16,207] {scheduler_job.py:190} INFO - Processing /home/airflow/.local/lib/python3.6/site-packages/airflow/example_dags/tutorial.py took 0.089 seconds
[2021-05-08 07:25:46,698] {scheduler_job.py:182} INFO - Started process (PID=1934) to work on /home/airflow/.local/lib/python3.6/site-packages/airflow/example_dags/tutorial.py
[2021-05-08 07:25:46,700] {scheduler_job.py:629} INFO - Processing file /home/airflow/.local/lib/python3.6/site-packages/airflow/example_dags/tutorial.py for tasks to queue
[2021-05-08 07:25:46,702] {logging_mixin.py:104} INFO - [2021-05-08 07:25:46,702] {dagbag.py:451} INFO - Filling up the DagBag from /home/airflow/.local/lib/python3.6/site-packages/airflow/example_dags/tutorial.py
[2021-05-08 07:25:46,716] {scheduler_job.py:639} INFO - DAG(s) dict_keys(['tutorial']) retrieved from /home/airflow/.local/lib/python3.6/site-packages/airflow/example_dags/tutorial.py
[2021-05-08 07:25:46,747] {logging_mixin.py:104} INFO - [2021-05-08 07:25:46,746] {dag.py:1824} INFO - Sync 1 DAGs
[2021-05-08 07:25:46,768] {logging_mixin.py:104} INFO - [2021-05-08 07:25:46,768] {dag.py:2280} INFO - Setting next_dagrun for tutorial to 2021-05-06 00:00:00+00:00
[2021-05-08 07:25:46,783] {scheduler_job.py:190} INFO - Processing /home/airflow/.local/lib/python3.6/site-packages/airflow/example_dags/tutorial.py took 0.090 seconds
[2021-05-08 07:26:17,442] {scheduler_job.py:182} INFO - Started process (PID=1961) to work on /home/airflow/.local/lib/python3.6/site-packages/airflow/example_dags/tutorial.py
[2021-05-08 07:26:17,444] {scheduler_job.py:629} INFO - Processing file /home/airflow/.local/lib/python3.6/site-packages/airflow/example_dags/tutorial.py for tasks to queue
[2021-05-08 07:26:17,445] {logging_mixin.py:104} INFO - [2021-05-08 07:26:17,445] {dagbag.py:451} INFO - Filling up the DagBag from /home/airflow/.local/lib/python3.6/site-packages/airflow/example_dags/tutorial.py
[2021-05-08 07:26:17,459] {scheduler_job.py:639} INFO - DAG(s) dict_keys(['tutorial']) retrieved from /home/airflow/.local/lib/python3.6/site-packages/airflow/example_dags/tutorial.py
[2021-05-08 07:26:17,494] {logging_mixin.py:104} INFO - [2021-05-08 07:26:17,493] {dag.py:1824} INFO - Sync 1 DAGs
[2021-05-08 07:26:17,515] {logging_mixin.py:104} INFO - [2021-05-08 07:26:17,515] {dag.py:2280} INFO - Setting next_dagrun for tutorial to 2021-05-06 00:00:00+00:00
[2021-05-08 07:26:17,529] {scheduler_job.py:190} INFO - Processing /home/airflow/.local/lib/python3.6/site-packages/airflow/example_dags/tutorial.py took 0.092 seconds
[2021-05-08 07:26:48,115] {scheduler_job.py:182} INFO - Started process (PID=1988) to work on /home/airflow/.local/lib/python3.6/site-packages/airflow/example_dags/tutorial.py
[2021-05-08 07:26:48,119] {scheduler_job.py:629} INFO - Processing file /home/airflow/.local/lib/python3.6/site-packages/airflow/example_dags/tutorial.py for tasks to queue
[2021-05-08 07:26:48,121] {logging_mixin.py:104} INFO - [2021-05-08 07:26:48,121] {dagbag.py:451} INFO - Filling up the DagBag from /home/airflow/.local/lib/python3.6/site-packages/airflow/example_dags/tutorial.py
[2021-05-08 07:26:48,135] {scheduler_job.py:639} INFO - DAG(s) dict_keys(['tutorial']) retrieved from /home/airflow/.local/lib/python3.6/site-packages/airflow/example_dags/tutorial.py
[2021-05-08 07:26:48,169] {logging_mixin.py:104} INFO - [2021-05-08 07:26:48,168] {dag.py:1824} INFO - Sync 1 DAGs
[2021-05-08 07:26:48,192] {logging_mixin.py:104} INFO - [2021-05-08 07:26:48,192] {dag.py:2280} INFO - Setting next_dagrun for tutorial to 2021-05-06 00:00:00+00:00
[2021-05-08 07:26:48,208] {scheduler_job.py:190} INFO - Processing /home/airflow/.local/lib/python3.6/site-packages/airflow/example_dags/tutorial.py took 0.099 seconds
