[2021-05-08 06:50:00,000] {scheduler_job.py:182} INFO - Started process (PID=52) to work on /home/airflow/.local/lib/python3.6/site-packages/airflow/example_dags/tutorial_etl_dag.py
[2021-05-08 06:50:00,012] {scheduler_job.py:629} INFO - Processing file /home/airflow/.local/lib/python3.6/site-packages/airflow/example_dags/tutorial_etl_dag.py for tasks to queue
[2021-05-08 06:50:00,016] {logging_mixin.py:104} INFO - [2021-05-08 06:50:00,015] {dagbag.py:451} INFO - Filling up the DagBag from /home/airflow/.local/lib/python3.6/site-packages/airflow/example_dags/tutorial_etl_dag.py
[2021-05-08 06:50:00,045] {scheduler_job.py:639} INFO - DAG(s) dict_keys(['tutorial_etl_dag']) retrieved from /home/airflow/.local/lib/python3.6/site-packages/airflow/example_dags/tutorial_etl_dag.py
[2021-05-08 06:50:00,103] {logging_mixin.py:104} INFO - [2021-05-08 06:50:00,102] {dag.py:1824} INFO - Sync 1 DAGs
[2021-05-08 06:50:00,135] {logging_mixin.py:104} INFO - [2021-05-08 06:50:00,135] {dag.py:2280} INFO - Setting next_dagrun for tutorial_etl_dag to None
[2021-05-08 06:50:00,160] {scheduler_job.py:190} INFO - Processing /home/airflow/.local/lib/python3.6/site-packages/airflow/example_dags/tutorial_etl_dag.py took 0.178 seconds
[2021-05-08 06:50:30,988] {scheduler_job.py:182} INFO - Started process (PID=81) to work on /home/airflow/.local/lib/python3.6/site-packages/airflow/example_dags/tutorial_etl_dag.py
[2021-05-08 06:50:30,993] {scheduler_job.py:629} INFO - Processing file /home/airflow/.local/lib/python3.6/site-packages/airflow/example_dags/tutorial_etl_dag.py for tasks to queue
[2021-05-08 06:50:30,996] {logging_mixin.py:104} INFO - [2021-05-08 06:50:30,995] {dagbag.py:451} INFO - Filling up the DagBag from /home/airflow/.local/lib/python3.6/site-packages/airflow/example_dags/tutorial_etl_dag.py
[2021-05-08 06:50:31,019] {scheduler_job.py:639} INFO - DAG(s) dict_keys(['tutorial_etl_dag']) retrieved from /home/airflow/.local/lib/python3.6/site-packages/airflow/example_dags/tutorial_etl_dag.py
[2021-05-08 06:50:31,081] {logging_mixin.py:104} INFO - [2021-05-08 06:50:31,080] {dag.py:1824} INFO - Sync 1 DAGs
[2021-05-08 06:50:31,113] {logging_mixin.py:104} INFO - [2021-05-08 06:50:31,113] {dag.py:2280} INFO - Setting next_dagrun for tutorial_etl_dag to None
[2021-05-08 06:50:31,131] {scheduler_job.py:190} INFO - Processing /home/airflow/.local/lib/python3.6/site-packages/airflow/example_dags/tutorial_etl_dag.py took 0.151 seconds
[2021-05-08 06:51:01,636] {scheduler_job.py:182} INFO - Started process (PID=106) to work on /home/airflow/.local/lib/python3.6/site-packages/airflow/example_dags/tutorial_etl_dag.py
[2021-05-08 06:51:01,639] {scheduler_job.py:629} INFO - Processing file /home/airflow/.local/lib/python3.6/site-packages/airflow/example_dags/tutorial_etl_dag.py for tasks to queue
[2021-05-08 06:51:01,640] {logging_mixin.py:104} INFO - [2021-05-08 06:51:01,640] {dagbag.py:451} INFO - Filling up the DagBag from /home/airflow/.local/lib/python3.6/site-packages/airflow/example_dags/tutorial_etl_dag.py
[2021-05-08 06:51:01,657] {scheduler_job.py:639} INFO - DAG(s) dict_keys(['tutorial_etl_dag']) retrieved from /home/airflow/.local/lib/python3.6/site-packages/airflow/example_dags/tutorial_etl_dag.py
[2021-05-08 06:51:01,693] {logging_mixin.py:104} INFO - [2021-05-08 06:51:01,693] {dag.py:1824} INFO - Sync 1 DAGs
[2021-05-08 06:51:01,724] {logging_mixin.py:104} INFO - [2021-05-08 06:51:01,724] {dag.py:2280} INFO - Setting next_dagrun for tutorial_etl_dag to None
[2021-05-08 06:51:01,742] {scheduler_job.py:190} INFO - Processing /home/airflow/.local/lib/python3.6/site-packages/airflow/example_dags/tutorial_etl_dag.py took 0.110 seconds
[2021-05-08 06:51:32,388] {scheduler_job.py:182} INFO - Started process (PID=133) to work on /home/airflow/.local/lib/python3.6/site-packages/airflow/example_dags/tutorial_etl_dag.py
[2021-05-08 06:51:32,390] {scheduler_job.py:629} INFO - Processing file /home/airflow/.local/lib/python3.6/site-packages/airflow/example_dags/tutorial_etl_dag.py for tasks to queue
[2021-05-08 06:51:32,392] {logging_mixin.py:104} INFO - [2021-05-08 06:51:32,392] {dagbag.py:451} INFO - Filling up the DagBag from /home/airflow/.local/lib/python3.6/site-packages/airflow/example_dags/tutorial_etl_dag.py
[2021-05-08 06:51:32,409] {scheduler_job.py:639} INFO - DAG(s) dict_keys(['tutorial_etl_dag']) retrieved from /home/airflow/.local/lib/python3.6/site-packages/airflow/example_dags/tutorial_etl_dag.py
[2021-05-08 06:51:32,444] {logging_mixin.py:104} INFO - [2021-05-08 06:51:32,443] {dag.py:1824} INFO - Sync 1 DAGs
[2021-05-08 06:51:32,465] {logging_mixin.py:104} INFO - [2021-05-08 06:51:32,465] {dag.py:2280} INFO - Setting next_dagrun for tutorial_etl_dag to None
[2021-05-08 06:51:32,479] {scheduler_job.py:190} INFO - Processing /home/airflow/.local/lib/python3.6/site-packages/airflow/example_dags/tutorial_etl_dag.py took 0.096 seconds
[2021-05-08 06:52:03,082] {scheduler_job.py:182} INFO - Started process (PID=160) to work on /home/airflow/.local/lib/python3.6/site-packages/airflow/example_dags/tutorial_etl_dag.py
[2021-05-08 06:52:03,084] {scheduler_job.py:629} INFO - Processing file /home/airflow/.local/lib/python3.6/site-packages/airflow/example_dags/tutorial_etl_dag.py for tasks to queue
[2021-05-08 06:52:03,085] {logging_mixin.py:104} INFO - [2021-05-08 06:52:03,085] {dagbag.py:451} INFO - Filling up the DagBag from /home/airflow/.local/lib/python3.6/site-packages/airflow/example_dags/tutorial_etl_dag.py
[2021-05-08 06:52:03,107] {scheduler_job.py:639} INFO - DAG(s) dict_keys(['tutorial_etl_dag']) retrieved from /home/airflow/.local/lib/python3.6/site-packages/airflow/example_dags/tutorial_etl_dag.py
[2021-05-08 06:52:03,134] {logging_mixin.py:104} INFO - [2021-05-08 06:52:03,134] {dag.py:1824} INFO - Sync 1 DAGs
[2021-05-08 06:52:03,165] {logging_mixin.py:104} INFO - [2021-05-08 06:52:03,165] {dag.py:2280} INFO - Setting next_dagrun for tutorial_etl_dag to None
[2021-05-08 06:52:03,179] {scheduler_job.py:190} INFO - Processing /home/airflow/.local/lib/python3.6/site-packages/airflow/example_dags/tutorial_etl_dag.py took 0.103 seconds
[2021-05-08 06:52:33,737] {scheduler_job.py:182} INFO - Started process (PID=190) to work on /home/airflow/.local/lib/python3.6/site-packages/airflow/example_dags/tutorial_etl_dag.py
[2021-05-08 06:52:33,741] {scheduler_job.py:629} INFO - Processing file /home/airflow/.local/lib/python3.6/site-packages/airflow/example_dags/tutorial_etl_dag.py for tasks to queue
[2021-05-08 06:52:33,745] {logging_mixin.py:104} INFO - [2021-05-08 06:52:33,744] {dagbag.py:451} INFO - Filling up the DagBag from /home/airflow/.local/lib/python3.6/site-packages/airflow/example_dags/tutorial_etl_dag.py
[2021-05-08 06:52:33,760] {scheduler_job.py:639} INFO - DAG(s) dict_keys(['tutorial_etl_dag']) retrieved from /home/airflow/.local/lib/python3.6/site-packages/airflow/example_dags/tutorial_etl_dag.py
[2021-05-08 06:52:33,793] {logging_mixin.py:104} INFO - [2021-05-08 06:52:33,793] {dag.py:1824} INFO - Sync 1 DAGs
[2021-05-08 06:52:33,813] {logging_mixin.py:104} INFO - [2021-05-08 06:52:33,813] {dag.py:2280} INFO - Setting next_dagrun for tutorial_etl_dag to None
[2021-05-08 06:52:33,842] {scheduler_job.py:190} INFO - Processing /home/airflow/.local/lib/python3.6/site-packages/airflow/example_dags/tutorial_etl_dag.py took 0.123 seconds
[2021-05-08 06:53:04,330] {scheduler_job.py:182} INFO - Started process (PID=214) to work on /home/airflow/.local/lib/python3.6/site-packages/airflow/example_dags/tutorial_etl_dag.py
[2021-05-08 06:53:04,334] {scheduler_job.py:629} INFO - Processing file /home/airflow/.local/lib/python3.6/site-packages/airflow/example_dags/tutorial_etl_dag.py for tasks to queue
[2021-05-08 06:53:04,339] {logging_mixin.py:104} INFO - [2021-05-08 06:53:04,339] {dagbag.py:451} INFO - Filling up the DagBag from /home/airflow/.local/lib/python3.6/site-packages/airflow/example_dags/tutorial_etl_dag.py
[2021-05-08 06:53:04,366] {scheduler_job.py:639} INFO - DAG(s) dict_keys(['tutorial_etl_dag']) retrieved from /home/airflow/.local/lib/python3.6/site-packages/airflow/example_dags/tutorial_etl_dag.py
[2021-05-08 06:53:04,397] {logging_mixin.py:104} INFO - [2021-05-08 06:53:04,397] {dag.py:1824} INFO - Sync 1 DAGs
[2021-05-08 06:53:04,426] {logging_mixin.py:104} INFO - [2021-05-08 06:53:04,426] {dag.py:2280} INFO - Setting next_dagrun for tutorial_etl_dag to None
[2021-05-08 06:53:04,444] {scheduler_job.py:190} INFO - Processing /home/airflow/.local/lib/python3.6/site-packages/airflow/example_dags/tutorial_etl_dag.py took 0.128 seconds
[2021-05-08 06:53:34,924] {scheduler_job.py:182} INFO - Started process (PID=241) to work on /home/airflow/.local/lib/python3.6/site-packages/airflow/example_dags/tutorial_etl_dag.py
[2021-05-08 06:53:34,926] {scheduler_job.py:629} INFO - Processing file /home/airflow/.local/lib/python3.6/site-packages/airflow/example_dags/tutorial_etl_dag.py for tasks to queue
[2021-05-08 06:53:34,927] {logging_mixin.py:104} INFO - [2021-05-08 06:53:34,927] {dagbag.py:451} INFO - Filling up the DagBag from /home/airflow/.local/lib/python3.6/site-packages/airflow/example_dags/tutorial_etl_dag.py
[2021-05-08 06:53:34,948] {scheduler_job.py:639} INFO - DAG(s) dict_keys(['tutorial_etl_dag']) retrieved from /home/airflow/.local/lib/python3.6/site-packages/airflow/example_dags/tutorial_etl_dag.py
[2021-05-08 06:53:34,988] {logging_mixin.py:104} INFO - [2021-05-08 06:53:34,988] {dag.py:1824} INFO - Sync 1 DAGs
[2021-05-08 06:53:35,011] {logging_mixin.py:104} INFO - [2021-05-08 06:53:35,011] {dag.py:2280} INFO - Setting next_dagrun for tutorial_etl_dag to None
[2021-05-08 06:53:35,025] {scheduler_job.py:190} INFO - Processing /home/airflow/.local/lib/python3.6/site-packages/airflow/example_dags/tutorial_etl_dag.py took 0.106 seconds
[2021-05-08 06:54:05,532] {scheduler_job.py:182} INFO - Started process (PID=268) to work on /home/airflow/.local/lib/python3.6/site-packages/airflow/example_dags/tutorial_etl_dag.py
[2021-05-08 06:54:05,535] {scheduler_job.py:629} INFO - Processing file /home/airflow/.local/lib/python3.6/site-packages/airflow/example_dags/tutorial_etl_dag.py for tasks to queue
[2021-05-08 06:54:05,540] {logging_mixin.py:104} INFO - [2021-05-08 06:54:05,538] {dagbag.py:451} INFO - Filling up the DagBag from /home/airflow/.local/lib/python3.6/site-packages/airflow/example_dags/tutorial_etl_dag.py
[2021-05-08 06:54:05,562] {scheduler_job.py:639} INFO - DAG(s) dict_keys(['tutorial_etl_dag']) retrieved from /home/airflow/.local/lib/python3.6/site-packages/airflow/example_dags/tutorial_etl_dag.py
[2021-05-08 06:54:05,599] {logging_mixin.py:104} INFO - [2021-05-08 06:54:05,599] {dag.py:1824} INFO - Sync 1 DAGs
[2021-05-08 06:54:05,635] {logging_mixin.py:104} INFO - [2021-05-08 06:54:05,635] {dag.py:2280} INFO - Setting next_dagrun for tutorial_etl_dag to None
[2021-05-08 06:54:05,649] {scheduler_job.py:190} INFO - Processing /home/airflow/.local/lib/python3.6/site-packages/airflow/example_dags/tutorial_etl_dag.py took 0.124 seconds
[2021-05-08 06:54:36,424] {scheduler_job.py:182} INFO - Started process (PID=295) to work on /home/airflow/.local/lib/python3.6/site-packages/airflow/example_dags/tutorial_etl_dag.py
[2021-05-08 06:54:36,426] {scheduler_job.py:629} INFO - Processing file /home/airflow/.local/lib/python3.6/site-packages/airflow/example_dags/tutorial_etl_dag.py for tasks to queue
[2021-05-08 06:54:36,427] {logging_mixin.py:104} INFO - [2021-05-08 06:54:36,427] {dagbag.py:451} INFO - Filling up the DagBag from /home/airflow/.local/lib/python3.6/site-packages/airflow/example_dags/tutorial_etl_dag.py
[2021-05-08 06:54:36,443] {scheduler_job.py:639} INFO - DAG(s) dict_keys(['tutorial_etl_dag']) retrieved from /home/airflow/.local/lib/python3.6/site-packages/airflow/example_dags/tutorial_etl_dag.py
[2021-05-08 06:54:36,472] {logging_mixin.py:104} INFO - [2021-05-08 06:54:36,472] {dag.py:1824} INFO - Sync 1 DAGs
[2021-05-08 06:54:36,501] {logging_mixin.py:104} INFO - [2021-05-08 06:54:36,500] {dag.py:2280} INFO - Setting next_dagrun for tutorial_etl_dag to None
[2021-05-08 06:54:36,522] {scheduler_job.py:190} INFO - Processing /home/airflow/.local/lib/python3.6/site-packages/airflow/example_dags/tutorial_etl_dag.py took 0.103 seconds
[2021-05-08 06:55:07,229] {scheduler_job.py:182} INFO - Started process (PID=322) to work on /home/airflow/.local/lib/python3.6/site-packages/airflow/example_dags/tutorial_etl_dag.py
[2021-05-08 06:55:07,232] {scheduler_job.py:629} INFO - Processing file /home/airflow/.local/lib/python3.6/site-packages/airflow/example_dags/tutorial_etl_dag.py for tasks to queue
[2021-05-08 06:55:07,234] {logging_mixin.py:104} INFO - [2021-05-08 06:55:07,234] {dagbag.py:451} INFO - Filling up the DagBag from /home/airflow/.local/lib/python3.6/site-packages/airflow/example_dags/tutorial_etl_dag.py
[2021-05-08 06:55:07,251] {scheduler_job.py:639} INFO - DAG(s) dict_keys(['tutorial_etl_dag']) retrieved from /home/airflow/.local/lib/python3.6/site-packages/airflow/example_dags/tutorial_etl_dag.py
[2021-05-08 06:55:07,280] {logging_mixin.py:104} INFO - [2021-05-08 06:55:07,280] {dag.py:1824} INFO - Sync 1 DAGs
[2021-05-08 06:55:07,303] {logging_mixin.py:104} INFO - [2021-05-08 06:55:07,303] {dag.py:2280} INFO - Setting next_dagrun for tutorial_etl_dag to None
[2021-05-08 06:55:07,319] {scheduler_job.py:190} INFO - Processing /home/airflow/.local/lib/python3.6/site-packages/airflow/example_dags/tutorial_etl_dag.py took 0.099 seconds
[2021-05-08 06:55:37,750] {scheduler_job.py:182} INFO - Started process (PID=351) to work on /home/airflow/.local/lib/python3.6/site-packages/airflow/example_dags/tutorial_etl_dag.py
[2021-05-08 06:55:37,752] {scheduler_job.py:629} INFO - Processing file /home/airflow/.local/lib/python3.6/site-packages/airflow/example_dags/tutorial_etl_dag.py for tasks to queue
[2021-05-08 06:55:37,754] {logging_mixin.py:104} INFO - [2021-05-08 06:55:37,753] {dagbag.py:451} INFO - Filling up the DagBag from /home/airflow/.local/lib/python3.6/site-packages/airflow/example_dags/tutorial_etl_dag.py
[2021-05-08 06:55:37,769] {scheduler_job.py:639} INFO - DAG(s) dict_keys(['tutorial_etl_dag']) retrieved from /home/airflow/.local/lib/python3.6/site-packages/airflow/example_dags/tutorial_etl_dag.py
[2021-05-08 06:55:37,798] {logging_mixin.py:104} INFO - [2021-05-08 06:55:37,798] {dag.py:1824} INFO - Sync 1 DAGs
[2021-05-08 06:55:37,819] {logging_mixin.py:104} INFO - [2021-05-08 06:55:37,818] {dag.py:2280} INFO - Setting next_dagrun for tutorial_etl_dag to None
[2021-05-08 06:55:37,833] {scheduler_job.py:190} INFO - Processing /home/airflow/.local/lib/python3.6/site-packages/airflow/example_dags/tutorial_etl_dag.py took 0.088 seconds
[2021-05-08 06:56:08,223] {scheduler_job.py:182} INFO - Started process (PID=376) to work on /home/airflow/.local/lib/python3.6/site-packages/airflow/example_dags/tutorial_etl_dag.py
[2021-05-08 06:56:08,226] {scheduler_job.py:629} INFO - Processing file /home/airflow/.local/lib/python3.6/site-packages/airflow/example_dags/tutorial_etl_dag.py for tasks to queue
[2021-05-08 06:56:08,228] {logging_mixin.py:104} INFO - [2021-05-08 06:56:08,228] {dagbag.py:451} INFO - Filling up the DagBag from /home/airflow/.local/lib/python3.6/site-packages/airflow/example_dags/tutorial_etl_dag.py
[2021-05-08 06:56:08,245] {scheduler_job.py:639} INFO - DAG(s) dict_keys(['tutorial_etl_dag']) retrieved from /home/airflow/.local/lib/python3.6/site-packages/airflow/example_dags/tutorial_etl_dag.py
[2021-05-08 06:56:08,272] {logging_mixin.py:104} INFO - [2021-05-08 06:56:08,272] {dag.py:1824} INFO - Sync 1 DAGs
[2021-05-08 06:56:08,291] {logging_mixin.py:104} INFO - [2021-05-08 06:56:08,291] {dag.py:2280} INFO - Setting next_dagrun for tutorial_etl_dag to None
[2021-05-08 06:56:08,307] {scheduler_job.py:190} INFO - Processing /home/airflow/.local/lib/python3.6/site-packages/airflow/example_dags/tutorial_etl_dag.py took 0.088 seconds
[2021-05-08 06:56:38,808] {scheduler_job.py:182} INFO - Started process (PID=403) to work on /home/airflow/.local/lib/python3.6/site-packages/airflow/example_dags/tutorial_etl_dag.py
[2021-05-08 06:56:38,811] {scheduler_job.py:629} INFO - Processing file /home/airflow/.local/lib/python3.6/site-packages/airflow/example_dags/tutorial_etl_dag.py for tasks to queue
[2021-05-08 06:56:38,813] {logging_mixin.py:104} INFO - [2021-05-08 06:56:38,813] {dagbag.py:451} INFO - Filling up the DagBag from /home/airflow/.local/lib/python3.6/site-packages/airflow/example_dags/tutorial_etl_dag.py
[2021-05-08 06:56:38,835] {scheduler_job.py:639} INFO - DAG(s) dict_keys(['tutorial_etl_dag']) retrieved from /home/airflow/.local/lib/python3.6/site-packages/airflow/example_dags/tutorial_etl_dag.py
[2021-05-08 06:56:38,864] {logging_mixin.py:104} INFO - [2021-05-08 06:56:38,864] {dag.py:1824} INFO - Sync 1 DAGs
[2021-05-08 06:56:38,883] {logging_mixin.py:104} INFO - [2021-05-08 06:56:38,883] {dag.py:2280} INFO - Setting next_dagrun for tutorial_etl_dag to None
[2021-05-08 06:56:38,897] {scheduler_job.py:190} INFO - Processing /home/airflow/.local/lib/python3.6/site-packages/airflow/example_dags/tutorial_etl_dag.py took 0.095 seconds
[2021-05-08 06:57:09,599] {scheduler_job.py:182} INFO - Started process (PID=430) to work on /home/airflow/.local/lib/python3.6/site-packages/airflow/example_dags/tutorial_etl_dag.py
[2021-05-08 06:57:09,601] {scheduler_job.py:629} INFO - Processing file /home/airflow/.local/lib/python3.6/site-packages/airflow/example_dags/tutorial_etl_dag.py for tasks to queue
[2021-05-08 06:57:09,603] {logging_mixin.py:104} INFO - [2021-05-08 06:57:09,603] {dagbag.py:451} INFO - Filling up the DagBag from /home/airflow/.local/lib/python3.6/site-packages/airflow/example_dags/tutorial_etl_dag.py
[2021-05-08 06:57:09,618] {scheduler_job.py:639} INFO - DAG(s) dict_keys(['tutorial_etl_dag']) retrieved from /home/airflow/.local/lib/python3.6/site-packages/airflow/example_dags/tutorial_etl_dag.py
[2021-05-08 06:57:09,647] {logging_mixin.py:104} INFO - [2021-05-08 06:57:09,647] {dag.py:1824} INFO - Sync 1 DAGs
[2021-05-08 06:57:09,669] {logging_mixin.py:104} INFO - [2021-05-08 06:57:09,669] {dag.py:2280} INFO - Setting next_dagrun for tutorial_etl_dag to None
[2021-05-08 06:57:09,683] {scheduler_job.py:190} INFO - Processing /home/airflow/.local/lib/python3.6/site-packages/airflow/example_dags/tutorial_etl_dag.py took 0.089 seconds
[2021-05-08 06:57:40,427] {scheduler_job.py:182} INFO - Started process (PID=457) to work on /home/airflow/.local/lib/python3.6/site-packages/airflow/example_dags/tutorial_etl_dag.py
[2021-05-08 06:57:40,430] {scheduler_job.py:629} INFO - Processing file /home/airflow/.local/lib/python3.6/site-packages/airflow/example_dags/tutorial_etl_dag.py for tasks to queue
[2021-05-08 06:57:40,432] {logging_mixin.py:104} INFO - [2021-05-08 06:57:40,432] {dagbag.py:451} INFO - Filling up the DagBag from /home/airflow/.local/lib/python3.6/site-packages/airflow/example_dags/tutorial_etl_dag.py
[2021-05-08 06:57:40,450] {scheduler_job.py:639} INFO - DAG(s) dict_keys(['tutorial_etl_dag']) retrieved from /home/airflow/.local/lib/python3.6/site-packages/airflow/example_dags/tutorial_etl_dag.py
[2021-05-08 06:57:40,486] {logging_mixin.py:104} INFO - [2021-05-08 06:57:40,486] {dag.py:1824} INFO - Sync 1 DAGs
[2021-05-08 06:57:40,506] {logging_mixin.py:104} INFO - [2021-05-08 06:57:40,506] {dag.py:2280} INFO - Setting next_dagrun for tutorial_etl_dag to None
[2021-05-08 06:57:40,523] {scheduler_job.py:190} INFO - Processing /home/airflow/.local/lib/python3.6/site-packages/airflow/example_dags/tutorial_etl_dag.py took 0.101 seconds
[2021-05-08 06:58:11,261] {scheduler_job.py:182} INFO - Started process (PID=484) to work on /home/airflow/.local/lib/python3.6/site-packages/airflow/example_dags/tutorial_etl_dag.py
[2021-05-08 06:58:11,264] {scheduler_job.py:629} INFO - Processing file /home/airflow/.local/lib/python3.6/site-packages/airflow/example_dags/tutorial_etl_dag.py for tasks to queue
[2021-05-08 06:58:11,266] {logging_mixin.py:104} INFO - [2021-05-08 06:58:11,266] {dagbag.py:451} INFO - Filling up the DagBag from /home/airflow/.local/lib/python3.6/site-packages/airflow/example_dags/tutorial_etl_dag.py
[2021-05-08 06:58:11,285] {scheduler_job.py:639} INFO - DAG(s) dict_keys(['tutorial_etl_dag']) retrieved from /home/airflow/.local/lib/python3.6/site-packages/airflow/example_dags/tutorial_etl_dag.py
[2021-05-08 06:58:11,316] {logging_mixin.py:104} INFO - [2021-05-08 06:58:11,316] {dag.py:1824} INFO - Sync 1 DAGs
[2021-05-08 06:58:11,338] {logging_mixin.py:104} INFO - [2021-05-08 06:58:11,338] {dag.py:2280} INFO - Setting next_dagrun for tutorial_etl_dag to None
[2021-05-08 06:58:11,357] {scheduler_job.py:190} INFO - Processing /home/airflow/.local/lib/python3.6/site-packages/airflow/example_dags/tutorial_etl_dag.py took 0.100 seconds
[2021-05-08 06:58:42,119] {scheduler_job.py:182} INFO - Started process (PID=511) to work on /home/airflow/.local/lib/python3.6/site-packages/airflow/example_dags/tutorial_etl_dag.py
[2021-05-08 06:58:42,121] {scheduler_job.py:629} INFO - Processing file /home/airflow/.local/lib/python3.6/site-packages/airflow/example_dags/tutorial_etl_dag.py for tasks to queue
[2021-05-08 06:58:42,123] {logging_mixin.py:104} INFO - [2021-05-08 06:58:42,122] {dagbag.py:451} INFO - Filling up the DagBag from /home/airflow/.local/lib/python3.6/site-packages/airflow/example_dags/tutorial_etl_dag.py
[2021-05-08 06:58:42,140] {scheduler_job.py:639} INFO - DAG(s) dict_keys(['tutorial_etl_dag']) retrieved from /home/airflow/.local/lib/python3.6/site-packages/airflow/example_dags/tutorial_etl_dag.py
[2021-05-08 06:58:42,171] {logging_mixin.py:104} INFO - [2021-05-08 06:58:42,171] {dag.py:1824} INFO - Sync 1 DAGs
[2021-05-08 06:58:42,194] {logging_mixin.py:104} INFO - [2021-05-08 06:58:42,194] {dag.py:2280} INFO - Setting next_dagrun for tutorial_etl_dag to None
[2021-05-08 06:58:42,210] {scheduler_job.py:190} INFO - Processing /home/airflow/.local/lib/python3.6/site-packages/airflow/example_dags/tutorial_etl_dag.py took 0.096 seconds
[2021-05-08 06:59:12,840] {scheduler_job.py:182} INFO - Started process (PID=538) to work on /home/airflow/.local/lib/python3.6/site-packages/airflow/example_dags/tutorial_etl_dag.py
[2021-05-08 06:59:12,842] {scheduler_job.py:629} INFO - Processing file /home/airflow/.local/lib/python3.6/site-packages/airflow/example_dags/tutorial_etl_dag.py for tasks to queue
[2021-05-08 06:59:12,844] {logging_mixin.py:104} INFO - [2021-05-08 06:59:12,844] {dagbag.py:451} INFO - Filling up the DagBag from /home/airflow/.local/lib/python3.6/site-packages/airflow/example_dags/tutorial_etl_dag.py
[2021-05-08 06:59:12,864] {scheduler_job.py:639} INFO - DAG(s) dict_keys(['tutorial_etl_dag']) retrieved from /home/airflow/.local/lib/python3.6/site-packages/airflow/example_dags/tutorial_etl_dag.py
[2021-05-08 06:59:12,898] {logging_mixin.py:104} INFO - [2021-05-08 06:59:12,898] {dag.py:1824} INFO - Sync 1 DAGs
[2021-05-08 06:59:12,923] {logging_mixin.py:104} INFO - [2021-05-08 06:59:12,923] {dag.py:2280} INFO - Setting next_dagrun for tutorial_etl_dag to None
[2021-05-08 06:59:12,947] {scheduler_job.py:190} INFO - Processing /home/airflow/.local/lib/python3.6/site-packages/airflow/example_dags/tutorial_etl_dag.py took 0.112 seconds
[2021-05-08 06:59:43,808] {scheduler_job.py:182} INFO - Started process (PID=565) to work on /home/airflow/.local/lib/python3.6/site-packages/airflow/example_dags/tutorial_etl_dag.py
[2021-05-08 06:59:43,810] {scheduler_job.py:629} INFO - Processing file /home/airflow/.local/lib/python3.6/site-packages/airflow/example_dags/tutorial_etl_dag.py for tasks to queue
[2021-05-08 06:59:43,813] {logging_mixin.py:104} INFO - [2021-05-08 06:59:43,812] {dagbag.py:451} INFO - Filling up the DagBag from /home/airflow/.local/lib/python3.6/site-packages/airflow/example_dags/tutorial_etl_dag.py
[2021-05-08 06:59:43,835] {scheduler_job.py:639} INFO - DAG(s) dict_keys(['tutorial_etl_dag']) retrieved from /home/airflow/.local/lib/python3.6/site-packages/airflow/example_dags/tutorial_etl_dag.py
[2021-05-08 06:59:43,873] {logging_mixin.py:104} INFO - [2021-05-08 06:59:43,873] {dag.py:1824} INFO - Sync 1 DAGs
[2021-05-08 06:59:43,897] {logging_mixin.py:104} INFO - [2021-05-08 06:59:43,897] {dag.py:2280} INFO - Setting next_dagrun for tutorial_etl_dag to None
[2021-05-08 06:59:43,914] {scheduler_job.py:190} INFO - Processing /home/airflow/.local/lib/python3.6/site-packages/airflow/example_dags/tutorial_etl_dag.py took 0.111 seconds
[2021-05-08 07:00:14,067] {scheduler_job.py:182} INFO - Started process (PID=593) to work on /home/airflow/.local/lib/python3.6/site-packages/airflow/example_dags/tutorial_etl_dag.py
[2021-05-08 07:00:14,069] {scheduler_job.py:629} INFO - Processing file /home/airflow/.local/lib/python3.6/site-packages/airflow/example_dags/tutorial_etl_dag.py for tasks to queue
[2021-05-08 07:00:14,072] {logging_mixin.py:104} INFO - [2021-05-08 07:00:14,072] {dagbag.py:451} INFO - Filling up the DagBag from /home/airflow/.local/lib/python3.6/site-packages/airflow/example_dags/tutorial_etl_dag.py
[2021-05-08 07:00:14,092] {scheduler_job.py:639} INFO - DAG(s) dict_keys(['tutorial_etl_dag']) retrieved from /home/airflow/.local/lib/python3.6/site-packages/airflow/example_dags/tutorial_etl_dag.py
[2021-05-08 07:00:14,125] {logging_mixin.py:104} INFO - [2021-05-08 07:00:14,125] {dag.py:1824} INFO - Sync 1 DAGs
[2021-05-08 07:00:14,150] {logging_mixin.py:104} INFO - [2021-05-08 07:00:14,149] {dag.py:2280} INFO - Setting next_dagrun for tutorial_etl_dag to None
[2021-05-08 07:00:14,165] {scheduler_job.py:190} INFO - Processing /home/airflow/.local/lib/python3.6/site-packages/airflow/example_dags/tutorial_etl_dag.py took 0.103 seconds
[2021-05-08 07:00:44,290] {scheduler_job.py:182} INFO - Started process (PID=620) to work on /home/airflow/.local/lib/python3.6/site-packages/airflow/example_dags/tutorial_etl_dag.py
[2021-05-08 07:00:44,292] {scheduler_job.py:629} INFO - Processing file /home/airflow/.local/lib/python3.6/site-packages/airflow/example_dags/tutorial_etl_dag.py for tasks to queue
[2021-05-08 07:00:44,294] {logging_mixin.py:104} INFO - [2021-05-08 07:00:44,294] {dagbag.py:451} INFO - Filling up the DagBag from /home/airflow/.local/lib/python3.6/site-packages/airflow/example_dags/tutorial_etl_dag.py
[2021-05-08 07:00:44,314] {scheduler_job.py:639} INFO - DAG(s) dict_keys(['tutorial_etl_dag']) retrieved from /home/airflow/.local/lib/python3.6/site-packages/airflow/example_dags/tutorial_etl_dag.py
[2021-05-08 07:00:44,345] {logging_mixin.py:104} INFO - [2021-05-08 07:00:44,345] {dag.py:1824} INFO - Sync 1 DAGs
[2021-05-08 07:00:44,370] {logging_mixin.py:104} INFO - [2021-05-08 07:00:44,370] {dag.py:2280} INFO - Setting next_dagrun for tutorial_etl_dag to None
[2021-05-08 07:00:44,385] {scheduler_job.py:190} INFO - Processing /home/airflow/.local/lib/python3.6/site-packages/airflow/example_dags/tutorial_etl_dag.py took 0.100 seconds
[2021-05-08 07:01:14,427] {scheduler_job.py:182} INFO - Started process (PID=647) to work on /home/airflow/.local/lib/python3.6/site-packages/airflow/example_dags/tutorial_etl_dag.py
[2021-05-08 07:01:14,429] {scheduler_job.py:629} INFO - Processing file /home/airflow/.local/lib/python3.6/site-packages/airflow/example_dags/tutorial_etl_dag.py for tasks to queue
[2021-05-08 07:01:14,431] {logging_mixin.py:104} INFO - [2021-05-08 07:01:14,431] {dagbag.py:451} INFO - Filling up the DagBag from /home/airflow/.local/lib/python3.6/site-packages/airflow/example_dags/tutorial_etl_dag.py
[2021-05-08 07:01:14,448] {scheduler_job.py:639} INFO - DAG(s) dict_keys(['tutorial_etl_dag']) retrieved from /home/airflow/.local/lib/python3.6/site-packages/airflow/example_dags/tutorial_etl_dag.py
[2021-05-08 07:01:14,490] {logging_mixin.py:104} INFO - [2021-05-08 07:01:14,490] {dag.py:1824} INFO - Sync 1 DAGs
[2021-05-08 07:01:14,527] {logging_mixin.py:104} INFO - [2021-05-08 07:01:14,527] {dag.py:2280} INFO - Setting next_dagrun for tutorial_etl_dag to None
[2021-05-08 07:01:14,542] {scheduler_job.py:190} INFO - Processing /home/airflow/.local/lib/python3.6/site-packages/airflow/example_dags/tutorial_etl_dag.py took 0.119 seconds
[2021-05-08 07:01:45,265] {scheduler_job.py:182} INFO - Started process (PID=675) to work on /home/airflow/.local/lib/python3.6/site-packages/airflow/example_dags/tutorial_etl_dag.py
[2021-05-08 07:01:45,267] {scheduler_job.py:629} INFO - Processing file /home/airflow/.local/lib/python3.6/site-packages/airflow/example_dags/tutorial_etl_dag.py for tasks to queue
[2021-05-08 07:01:45,269] {logging_mixin.py:104} INFO - [2021-05-08 07:01:45,269] {dagbag.py:451} INFO - Filling up the DagBag from /home/airflow/.local/lib/python3.6/site-packages/airflow/example_dags/tutorial_etl_dag.py
[2021-05-08 07:01:45,286] {scheduler_job.py:639} INFO - DAG(s) dict_keys(['tutorial_etl_dag']) retrieved from /home/airflow/.local/lib/python3.6/site-packages/airflow/example_dags/tutorial_etl_dag.py
[2021-05-08 07:01:45,322] {logging_mixin.py:104} INFO - [2021-05-08 07:01:45,321] {dag.py:1824} INFO - Sync 1 DAGs
[2021-05-08 07:01:45,342] {logging_mixin.py:104} INFO - [2021-05-08 07:01:45,342] {dag.py:2280} INFO - Setting next_dagrun for tutorial_etl_dag to None
[2021-05-08 07:01:45,357] {scheduler_job.py:190} INFO - Processing /home/airflow/.local/lib/python3.6/site-packages/airflow/example_dags/tutorial_etl_dag.py took 0.096 seconds
[2021-05-08 07:02:16,062] {scheduler_job.py:182} INFO - Started process (PID=702) to work on /home/airflow/.local/lib/python3.6/site-packages/airflow/example_dags/tutorial_etl_dag.py
[2021-05-08 07:02:16,066] {scheduler_job.py:629} INFO - Processing file /home/airflow/.local/lib/python3.6/site-packages/airflow/example_dags/tutorial_etl_dag.py for tasks to queue
[2021-05-08 07:02:16,068] {logging_mixin.py:104} INFO - [2021-05-08 07:02:16,068] {dagbag.py:451} INFO - Filling up the DagBag from /home/airflow/.local/lib/python3.6/site-packages/airflow/example_dags/tutorial_etl_dag.py
[2021-05-08 07:02:16,088] {scheduler_job.py:639} INFO - DAG(s) dict_keys(['tutorial_etl_dag']) retrieved from /home/airflow/.local/lib/python3.6/site-packages/airflow/example_dags/tutorial_etl_dag.py
[2021-05-08 07:02:16,122] {logging_mixin.py:104} INFO - [2021-05-08 07:02:16,122] {dag.py:1824} INFO - Sync 1 DAGs
[2021-05-08 07:02:16,144] {logging_mixin.py:104} INFO - [2021-05-08 07:02:16,144] {dag.py:2280} INFO - Setting next_dagrun for tutorial_etl_dag to None
[2021-05-08 07:02:16,160] {scheduler_job.py:190} INFO - Processing /home/airflow/.local/lib/python3.6/site-packages/airflow/example_dags/tutorial_etl_dag.py took 0.102 seconds
[2021-05-08 07:02:46,797] {scheduler_job.py:182} INFO - Started process (PID=729) to work on /home/airflow/.local/lib/python3.6/site-packages/airflow/example_dags/tutorial_etl_dag.py
[2021-05-08 07:02:46,801] {scheduler_job.py:629} INFO - Processing file /home/airflow/.local/lib/python3.6/site-packages/airflow/example_dags/tutorial_etl_dag.py for tasks to queue
[2021-05-08 07:02:46,803] {logging_mixin.py:104} INFO - [2021-05-08 07:02:46,803] {dagbag.py:451} INFO - Filling up the DagBag from /home/airflow/.local/lib/python3.6/site-packages/airflow/example_dags/tutorial_etl_dag.py
[2021-05-08 07:02:46,825] {scheduler_job.py:639} INFO - DAG(s) dict_keys(['tutorial_etl_dag']) retrieved from /home/airflow/.local/lib/python3.6/site-packages/airflow/example_dags/tutorial_etl_dag.py
[2021-05-08 07:02:46,866] {logging_mixin.py:104} INFO - [2021-05-08 07:02:46,866] {dag.py:1824} INFO - Sync 1 DAGs
[2021-05-08 07:02:46,898] {logging_mixin.py:104} INFO - [2021-05-08 07:02:46,897] {dag.py:2280} INFO - Setting next_dagrun for tutorial_etl_dag to None
[2021-05-08 07:02:46,919] {scheduler_job.py:190} INFO - Processing /home/airflow/.local/lib/python3.6/site-packages/airflow/example_dags/tutorial_etl_dag.py took 0.129 seconds
[2021-05-08 07:03:17,776] {scheduler_job.py:182} INFO - Started process (PID=756) to work on /home/airflow/.local/lib/python3.6/site-packages/airflow/example_dags/tutorial_etl_dag.py
[2021-05-08 07:03:17,778] {scheduler_job.py:629} INFO - Processing file /home/airflow/.local/lib/python3.6/site-packages/airflow/example_dags/tutorial_etl_dag.py for tasks to queue
[2021-05-08 07:03:17,781] {logging_mixin.py:104} INFO - [2021-05-08 07:03:17,780] {dagbag.py:451} INFO - Filling up the DagBag from /home/airflow/.local/lib/python3.6/site-packages/airflow/example_dags/tutorial_etl_dag.py
[2021-05-08 07:03:17,805] {scheduler_job.py:639} INFO - DAG(s) dict_keys(['tutorial_etl_dag']) retrieved from /home/airflow/.local/lib/python3.6/site-packages/airflow/example_dags/tutorial_etl_dag.py
[2021-05-08 07:03:17,847] {logging_mixin.py:104} INFO - [2021-05-08 07:03:17,847] {dag.py:1824} INFO - Sync 1 DAGs
[2021-05-08 07:03:17,876] {logging_mixin.py:104} INFO - [2021-05-08 07:03:17,876] {dag.py:2280} INFO - Setting next_dagrun for tutorial_etl_dag to None
[2021-05-08 07:03:17,894] {scheduler_job.py:190} INFO - Processing /home/airflow/.local/lib/python3.6/site-packages/airflow/example_dags/tutorial_etl_dag.py took 0.125 seconds
[2021-05-08 07:03:48,566] {scheduler_job.py:182} INFO - Started process (PID=783) to work on /home/airflow/.local/lib/python3.6/site-packages/airflow/example_dags/tutorial_etl_dag.py
[2021-05-08 07:03:48,569] {scheduler_job.py:629} INFO - Processing file /home/airflow/.local/lib/python3.6/site-packages/airflow/example_dags/tutorial_etl_dag.py for tasks to queue
[2021-05-08 07:03:48,571] {logging_mixin.py:104} INFO - [2021-05-08 07:03:48,570] {dagbag.py:451} INFO - Filling up the DagBag from /home/airflow/.local/lib/python3.6/site-packages/airflow/example_dags/tutorial_etl_dag.py
[2021-05-08 07:03:48,589] {scheduler_job.py:639} INFO - DAG(s) dict_keys(['tutorial_etl_dag']) retrieved from /home/airflow/.local/lib/python3.6/site-packages/airflow/example_dags/tutorial_etl_dag.py
[2021-05-08 07:03:48,625] {logging_mixin.py:104} INFO - [2021-05-08 07:03:48,625] {dag.py:1824} INFO - Sync 1 DAGs
[2021-05-08 07:03:48,651] {logging_mixin.py:104} INFO - [2021-05-08 07:03:48,651] {dag.py:2280} INFO - Setting next_dagrun for tutorial_etl_dag to None
[2021-05-08 07:03:48,673] {scheduler_job.py:190} INFO - Processing /home/airflow/.local/lib/python3.6/site-packages/airflow/example_dags/tutorial_etl_dag.py took 0.112 seconds
[2021-05-08 07:04:19,230] {scheduler_job.py:182} INFO - Started process (PID=810) to work on /home/airflow/.local/lib/python3.6/site-packages/airflow/example_dags/tutorial_etl_dag.py
[2021-05-08 07:04:19,232] {scheduler_job.py:629} INFO - Processing file /home/airflow/.local/lib/python3.6/site-packages/airflow/example_dags/tutorial_etl_dag.py for tasks to queue
[2021-05-08 07:04:19,234] {logging_mixin.py:104} INFO - [2021-05-08 07:04:19,234] {dagbag.py:451} INFO - Filling up the DagBag from /home/airflow/.local/lib/python3.6/site-packages/airflow/example_dags/tutorial_etl_dag.py
[2021-05-08 07:04:19,250] {scheduler_job.py:639} INFO - DAG(s) dict_keys(['tutorial_etl_dag']) retrieved from /home/airflow/.local/lib/python3.6/site-packages/airflow/example_dags/tutorial_etl_dag.py
[2021-05-08 07:04:19,280] {logging_mixin.py:104} INFO - [2021-05-08 07:04:19,280] {dag.py:1824} INFO - Sync 1 DAGs
[2021-05-08 07:04:19,299] {logging_mixin.py:104} INFO - [2021-05-08 07:04:19,299] {dag.py:2280} INFO - Setting next_dagrun for tutorial_etl_dag to None
[2021-05-08 07:04:19,314] {scheduler_job.py:190} INFO - Processing /home/airflow/.local/lib/python3.6/site-packages/airflow/example_dags/tutorial_etl_dag.py took 0.088 seconds
[2021-05-08 07:04:49,902] {scheduler_job.py:182} INFO - Started process (PID=837) to work on /home/airflow/.local/lib/python3.6/site-packages/airflow/example_dags/tutorial_etl_dag.py
[2021-05-08 07:04:49,906] {scheduler_job.py:629} INFO - Processing file /home/airflow/.local/lib/python3.6/site-packages/airflow/example_dags/tutorial_etl_dag.py for tasks to queue
[2021-05-08 07:04:49,908] {logging_mixin.py:104} INFO - [2021-05-08 07:04:49,908] {dagbag.py:451} INFO - Filling up the DagBag from /home/airflow/.local/lib/python3.6/site-packages/airflow/example_dags/tutorial_etl_dag.py
[2021-05-08 07:04:49,935] {scheduler_job.py:639} INFO - DAG(s) dict_keys(['tutorial_etl_dag']) retrieved from /home/airflow/.local/lib/python3.6/site-packages/airflow/example_dags/tutorial_etl_dag.py
[2021-05-08 07:04:49,980] {logging_mixin.py:104} INFO - [2021-05-08 07:04:49,980] {dag.py:1824} INFO - Sync 1 DAGs
[2021-05-08 07:04:50,006] {logging_mixin.py:104} INFO - [2021-05-08 07:04:50,006] {dag.py:2280} INFO - Setting next_dagrun for tutorial_etl_dag to None
[2021-05-08 07:04:50,026] {scheduler_job.py:190} INFO - Processing /home/airflow/.local/lib/python3.6/site-packages/airflow/example_dags/tutorial_etl_dag.py took 0.130 seconds
[2021-05-08 07:05:20,643] {scheduler_job.py:182} INFO - Started process (PID=864) to work on /home/airflow/.local/lib/python3.6/site-packages/airflow/example_dags/tutorial_etl_dag.py
[2021-05-08 07:05:20,646] {scheduler_job.py:629} INFO - Processing file /home/airflow/.local/lib/python3.6/site-packages/airflow/example_dags/tutorial_etl_dag.py for tasks to queue
[2021-05-08 07:05:20,649] {logging_mixin.py:104} INFO - [2021-05-08 07:05:20,648] {dagbag.py:451} INFO - Filling up the DagBag from /home/airflow/.local/lib/python3.6/site-packages/airflow/example_dags/tutorial_etl_dag.py
[2021-05-08 07:05:20,675] {scheduler_job.py:639} INFO - DAG(s) dict_keys(['tutorial_etl_dag']) retrieved from /home/airflow/.local/lib/python3.6/site-packages/airflow/example_dags/tutorial_etl_dag.py
[2021-05-08 07:05:20,715] {logging_mixin.py:104} INFO - [2021-05-08 07:05:20,715] {dag.py:1824} INFO - Sync 1 DAGs
[2021-05-08 07:05:20,742] {logging_mixin.py:104} INFO - [2021-05-08 07:05:20,741] {dag.py:2280} INFO - Setting next_dagrun for tutorial_etl_dag to None
[2021-05-08 07:05:20,760] {scheduler_job.py:190} INFO - Processing /home/airflow/.local/lib/python3.6/site-packages/airflow/example_dags/tutorial_etl_dag.py took 0.123 seconds
[2021-05-08 07:05:51,047] {scheduler_job.py:182} INFO - Started process (PID=891) to work on /home/airflow/.local/lib/python3.6/site-packages/airflow/example_dags/tutorial_etl_dag.py
[2021-05-08 07:05:51,050] {scheduler_job.py:629} INFO - Processing file /home/airflow/.local/lib/python3.6/site-packages/airflow/example_dags/tutorial_etl_dag.py for tasks to queue
[2021-05-08 07:05:51,053] {logging_mixin.py:104} INFO - [2021-05-08 07:05:51,052] {dagbag.py:451} INFO - Filling up the DagBag from /home/airflow/.local/lib/python3.6/site-packages/airflow/example_dags/tutorial_etl_dag.py
[2021-05-08 07:05:51,076] {scheduler_job.py:639} INFO - DAG(s) dict_keys(['tutorial_etl_dag']) retrieved from /home/airflow/.local/lib/python3.6/site-packages/airflow/example_dags/tutorial_etl_dag.py
[2021-05-08 07:05:51,115] {logging_mixin.py:104} INFO - [2021-05-08 07:05:51,114] {dag.py:1824} INFO - Sync 1 DAGs
[2021-05-08 07:05:51,140] {logging_mixin.py:104} INFO - [2021-05-08 07:05:51,140] {dag.py:2280} INFO - Setting next_dagrun for tutorial_etl_dag to None
[2021-05-08 07:05:51,156] {scheduler_job.py:190} INFO - Processing /home/airflow/.local/lib/python3.6/site-packages/airflow/example_dags/tutorial_etl_dag.py took 0.117 seconds
[2021-05-08 07:06:21,349] {scheduler_job.py:182} INFO - Started process (PID=918) to work on /home/airflow/.local/lib/python3.6/site-packages/airflow/example_dags/tutorial_etl_dag.py
[2021-05-08 07:06:21,355] {scheduler_job.py:629} INFO - Processing file /home/airflow/.local/lib/python3.6/site-packages/airflow/example_dags/tutorial_etl_dag.py for tasks to queue
[2021-05-08 07:06:21,358] {logging_mixin.py:104} INFO - [2021-05-08 07:06:21,357] {dagbag.py:451} INFO - Filling up the DagBag from /home/airflow/.local/lib/python3.6/site-packages/airflow/example_dags/tutorial_etl_dag.py
[2021-05-08 07:06:21,392] {scheduler_job.py:639} INFO - DAG(s) dict_keys(['tutorial_etl_dag']) retrieved from /home/airflow/.local/lib/python3.6/site-packages/airflow/example_dags/tutorial_etl_dag.py
[2021-05-08 07:06:21,448] {logging_mixin.py:104} INFO - [2021-05-08 07:06:21,448] {dag.py:1824} INFO - Sync 1 DAGs
[2021-05-08 07:06:21,484] {logging_mixin.py:104} INFO - [2021-05-08 07:06:21,484] {dag.py:2280} INFO - Setting next_dagrun for tutorial_etl_dag to None
[2021-05-08 07:06:21,512] {scheduler_job.py:190} INFO - Processing /home/airflow/.local/lib/python3.6/site-packages/airflow/example_dags/tutorial_etl_dag.py took 0.169 seconds
[2021-05-08 07:06:52,158] {scheduler_job.py:182} INFO - Started process (PID=943) to work on /home/airflow/.local/lib/python3.6/site-packages/airflow/example_dags/tutorial_etl_dag.py
[2021-05-08 07:06:52,161] {scheduler_job.py:629} INFO - Processing file /home/airflow/.local/lib/python3.6/site-packages/airflow/example_dags/tutorial_etl_dag.py for tasks to queue
[2021-05-08 07:06:52,163] {logging_mixin.py:104} INFO - [2021-05-08 07:06:52,163] {dagbag.py:451} INFO - Filling up the DagBag from /home/airflow/.local/lib/python3.6/site-packages/airflow/example_dags/tutorial_etl_dag.py
[2021-05-08 07:06:52,182] {scheduler_job.py:639} INFO - DAG(s) dict_keys(['tutorial_etl_dag']) retrieved from /home/airflow/.local/lib/python3.6/site-packages/airflow/example_dags/tutorial_etl_dag.py
[2021-05-08 07:06:52,220] {logging_mixin.py:104} INFO - [2021-05-08 07:06:52,219] {dag.py:1824} INFO - Sync 1 DAGs
[2021-05-08 07:06:52,243] {logging_mixin.py:104} INFO - [2021-05-08 07:06:52,243] {dag.py:2280} INFO - Setting next_dagrun for tutorial_etl_dag to None
[2021-05-08 07:06:52,259] {scheduler_job.py:190} INFO - Processing /home/airflow/.local/lib/python3.6/site-packages/airflow/example_dags/tutorial_etl_dag.py took 0.106 seconds
[2021-05-08 07:07:23,046] {scheduler_job.py:182} INFO - Started process (PID=970) to work on /home/airflow/.local/lib/python3.6/site-packages/airflow/example_dags/tutorial_etl_dag.py
[2021-05-08 07:07:23,050] {scheduler_job.py:629} INFO - Processing file /home/airflow/.local/lib/python3.6/site-packages/airflow/example_dags/tutorial_etl_dag.py for tasks to queue
[2021-05-08 07:07:23,052] {logging_mixin.py:104} INFO - [2021-05-08 07:07:23,052] {dagbag.py:451} INFO - Filling up the DagBag from /home/airflow/.local/lib/python3.6/site-packages/airflow/example_dags/tutorial_etl_dag.py
[2021-05-08 07:07:23,073] {scheduler_job.py:639} INFO - DAG(s) dict_keys(['tutorial_etl_dag']) retrieved from /home/airflow/.local/lib/python3.6/site-packages/airflow/example_dags/tutorial_etl_dag.py
[2021-05-08 07:07:23,109] {logging_mixin.py:104} INFO - [2021-05-08 07:07:23,109] {dag.py:1824} INFO - Sync 1 DAGs
[2021-05-08 07:07:23,148] {logging_mixin.py:104} INFO - [2021-05-08 07:07:23,148] {dag.py:2280} INFO - Setting next_dagrun for tutorial_etl_dag to None
[2021-05-08 07:07:23,163] {scheduler_job.py:190} INFO - Processing /home/airflow/.local/lib/python3.6/site-packages/airflow/example_dags/tutorial_etl_dag.py took 0.122 seconds
[2021-05-08 07:07:54,028] {scheduler_job.py:182} INFO - Started process (PID=997) to work on /home/airflow/.local/lib/python3.6/site-packages/airflow/example_dags/tutorial_etl_dag.py
[2021-05-08 07:07:54,031] {scheduler_job.py:629} INFO - Processing file /home/airflow/.local/lib/python3.6/site-packages/airflow/example_dags/tutorial_etl_dag.py for tasks to queue
[2021-05-08 07:07:54,033] {logging_mixin.py:104} INFO - [2021-05-08 07:07:54,033] {dagbag.py:451} INFO - Filling up the DagBag from /home/airflow/.local/lib/python3.6/site-packages/airflow/example_dags/tutorial_etl_dag.py
[2021-05-08 07:07:54,051] {scheduler_job.py:639} INFO - DAG(s) dict_keys(['tutorial_etl_dag']) retrieved from /home/airflow/.local/lib/python3.6/site-packages/airflow/example_dags/tutorial_etl_dag.py
[2021-05-08 07:07:54,085] {logging_mixin.py:104} INFO - [2021-05-08 07:07:54,085] {dag.py:1824} INFO - Sync 1 DAGs
[2021-05-08 07:07:54,106] {logging_mixin.py:104} INFO - [2021-05-08 07:07:54,106] {dag.py:2280} INFO - Setting next_dagrun for tutorial_etl_dag to None
[2021-05-08 07:07:54,122] {scheduler_job.py:190} INFO - Processing /home/airflow/.local/lib/python3.6/site-packages/airflow/example_dags/tutorial_etl_dag.py took 0.099 seconds
[2021-05-08 07:08:25,644] {scheduler_job.py:182} INFO - Started process (PID=1025) to work on /home/airflow/.local/lib/python3.6/site-packages/airflow/example_dags/tutorial_etl_dag.py
[2021-05-08 07:08:25,650] {scheduler_job.py:629} INFO - Processing file /home/airflow/.local/lib/python3.6/site-packages/airflow/example_dags/tutorial_etl_dag.py for tasks to queue
[2021-05-08 07:08:25,655] {logging_mixin.py:104} INFO - [2021-05-08 07:08:25,654] {dagbag.py:451} INFO - Filling up the DagBag from /home/airflow/.local/lib/python3.6/site-packages/airflow/example_dags/tutorial_etl_dag.py
[2021-05-08 07:08:25,705] {scheduler_job.py:639} INFO - DAG(s) dict_keys(['tutorial_etl_dag']) retrieved from /home/airflow/.local/lib/python3.6/site-packages/airflow/example_dags/tutorial_etl_dag.py
[2021-05-08 07:08:25,787] {logging_mixin.py:104} INFO - [2021-05-08 07:08:25,787] {dag.py:1824} INFO - Sync 1 DAGs
[2021-05-08 07:08:25,826] {logging_mixin.py:104} INFO - [2021-05-08 07:08:25,826] {dag.py:2280} INFO - Setting next_dagrun for tutorial_etl_dag to None
[2021-05-08 07:08:25,855] {scheduler_job.py:190} INFO - Processing /home/airflow/.local/lib/python3.6/site-packages/airflow/example_dags/tutorial_etl_dag.py took 0.224 seconds
[2021-05-08 07:08:57,902] {scheduler_job.py:182} INFO - Started process (PID=1055) to work on /home/airflow/.local/lib/python3.6/site-packages/airflow/example_dags/tutorial_etl_dag.py
[2021-05-08 07:08:57,912] {scheduler_job.py:629} INFO - Processing file /home/airflow/.local/lib/python3.6/site-packages/airflow/example_dags/tutorial_etl_dag.py for tasks to queue
[2021-05-08 07:08:57,918] {logging_mixin.py:104} INFO - [2021-05-08 07:08:57,918] {dagbag.py:451} INFO - Filling up the DagBag from /home/airflow/.local/lib/python3.6/site-packages/airflow/example_dags/tutorial_etl_dag.py
[2021-05-08 07:08:57,978] {scheduler_job.py:639} INFO - DAG(s) dict_keys(['tutorial_etl_dag']) retrieved from /home/airflow/.local/lib/python3.6/site-packages/airflow/example_dags/tutorial_etl_dag.py
[2021-05-08 07:08:58,091] {logging_mixin.py:104} INFO - [2021-05-08 07:08:58,091] {dag.py:1824} INFO - Sync 1 DAGs
[2021-05-08 07:08:58,160] {logging_mixin.py:104} INFO - [2021-05-08 07:08:58,160] {dag.py:2280} INFO - Setting next_dagrun for tutorial_etl_dag to None
[2021-05-08 07:08:58,213] {scheduler_job.py:190} INFO - Processing /home/airflow/.local/lib/python3.6/site-packages/airflow/example_dags/tutorial_etl_dag.py took 0.333 seconds
[2021-05-08 07:09:29,433] {scheduler_job.py:182} INFO - Started process (PID=1082) to work on /home/airflow/.local/lib/python3.6/site-packages/airflow/example_dags/tutorial_etl_dag.py
[2021-05-08 07:09:29,441] {scheduler_job.py:629} INFO - Processing file /home/airflow/.local/lib/python3.6/site-packages/airflow/example_dags/tutorial_etl_dag.py for tasks to queue
[2021-05-08 07:09:29,448] {logging_mixin.py:104} INFO - [2021-05-08 07:09:29,447] {dagbag.py:451} INFO - Filling up the DagBag from /home/airflow/.local/lib/python3.6/site-packages/airflow/example_dags/tutorial_etl_dag.py
[2021-05-08 07:09:29,520] {scheduler_job.py:639} INFO - DAG(s) dict_keys(['tutorial_etl_dag']) retrieved from /home/airflow/.local/lib/python3.6/site-packages/airflow/example_dags/tutorial_etl_dag.py
[2021-05-08 07:09:29,681] {logging_mixin.py:104} INFO - [2021-05-08 07:09:29,680] {dag.py:1824} INFO - Sync 1 DAGs
[2021-05-08 07:09:29,771] {logging_mixin.py:104} INFO - [2021-05-08 07:09:29,771] {dag.py:2280} INFO - Setting next_dagrun for tutorial_etl_dag to None
[2021-05-08 07:09:29,836] {scheduler_job.py:190} INFO - Processing /home/airflow/.local/lib/python3.6/site-packages/airflow/example_dags/tutorial_etl_dag.py took 0.419 seconds
[2021-05-08 07:10:00,365] {scheduler_job.py:182} INFO - Started process (PID=1109) to work on /home/airflow/.local/lib/python3.6/site-packages/airflow/example_dags/tutorial_etl_dag.py
[2021-05-08 07:10:00,369] {scheduler_job.py:629} INFO - Processing file /home/airflow/.local/lib/python3.6/site-packages/airflow/example_dags/tutorial_etl_dag.py for tasks to queue
[2021-05-08 07:10:00,373] {logging_mixin.py:104} INFO - [2021-05-08 07:10:00,373] {dagbag.py:451} INFO - Filling up the DagBag from /home/airflow/.local/lib/python3.6/site-packages/airflow/example_dags/tutorial_etl_dag.py
[2021-05-08 07:10:00,410] {scheduler_job.py:639} INFO - DAG(s) dict_keys(['tutorial_etl_dag']) retrieved from /home/airflow/.local/lib/python3.6/site-packages/airflow/example_dags/tutorial_etl_dag.py
[2021-05-08 07:10:00,478] {logging_mixin.py:104} INFO - [2021-05-08 07:10:00,478] {dag.py:1824} INFO - Sync 1 DAGs
[2021-05-08 07:10:00,519] {logging_mixin.py:104} INFO - [2021-05-08 07:10:00,519] {dag.py:2280} INFO - Setting next_dagrun for tutorial_etl_dag to None
[2021-05-08 07:10:00,548] {scheduler_job.py:190} INFO - Processing /home/airflow/.local/lib/python3.6/site-packages/airflow/example_dags/tutorial_etl_dag.py took 0.194 seconds
[2021-05-08 07:10:30,715] {scheduler_job.py:182} INFO - Started process (PID=1136) to work on /home/airflow/.local/lib/python3.6/site-packages/airflow/example_dags/tutorial_etl_dag.py
[2021-05-08 07:10:30,719] {scheduler_job.py:629} INFO - Processing file /home/airflow/.local/lib/python3.6/site-packages/airflow/example_dags/tutorial_etl_dag.py for tasks to queue
[2021-05-08 07:10:30,722] {logging_mixin.py:104} INFO - [2021-05-08 07:10:30,722] {dagbag.py:451} INFO - Filling up the DagBag from /home/airflow/.local/lib/python3.6/site-packages/airflow/example_dags/tutorial_etl_dag.py
[2021-05-08 07:10:30,756] {scheduler_job.py:639} INFO - DAG(s) dict_keys(['tutorial_etl_dag']) retrieved from /home/airflow/.local/lib/python3.6/site-packages/airflow/example_dags/tutorial_etl_dag.py
[2021-05-08 07:10:30,810] {logging_mixin.py:104} INFO - [2021-05-08 07:10:30,810] {dag.py:1824} INFO - Sync 1 DAGs
[2021-05-08 07:10:30,845] {logging_mixin.py:104} INFO - [2021-05-08 07:10:30,845] {dag.py:2280} INFO - Setting next_dagrun for tutorial_etl_dag to None
[2021-05-08 07:10:30,869] {scheduler_job.py:190} INFO - Processing /home/airflow/.local/lib/python3.6/site-packages/airflow/example_dags/tutorial_etl_dag.py took 0.163 seconds
[2021-05-08 07:11:00,952] {scheduler_job.py:182} INFO - Started process (PID=1163) to work on /home/airflow/.local/lib/python3.6/site-packages/airflow/example_dags/tutorial_etl_dag.py
[2021-05-08 07:11:00,956] {scheduler_job.py:629} INFO - Processing file /home/airflow/.local/lib/python3.6/site-packages/airflow/example_dags/tutorial_etl_dag.py for tasks to queue
[2021-05-08 07:11:00,960] {logging_mixin.py:104} INFO - [2021-05-08 07:11:00,959] {dagbag.py:451} INFO - Filling up the DagBag from /home/airflow/.local/lib/python3.6/site-packages/airflow/example_dags/tutorial_etl_dag.py
[2021-05-08 07:11:00,991] {scheduler_job.py:639} INFO - DAG(s) dict_keys(['tutorial_etl_dag']) retrieved from /home/airflow/.local/lib/python3.6/site-packages/airflow/example_dags/tutorial_etl_dag.py
[2021-05-08 07:11:01,042] {logging_mixin.py:104} INFO - [2021-05-08 07:11:01,042] {dag.py:1824} INFO - Sync 1 DAGs
[2021-05-08 07:11:01,096] {logging_mixin.py:104} INFO - [2021-05-08 07:11:01,096] {dag.py:2280} INFO - Setting next_dagrun for tutorial_etl_dag to None
[2021-05-08 07:11:01,123] {scheduler_job.py:190} INFO - Processing /home/airflow/.local/lib/python3.6/site-packages/airflow/example_dags/tutorial_etl_dag.py took 0.179 seconds
[2021-05-08 07:11:31,194] {scheduler_job.py:182} INFO - Started process (PID=1189) to work on /home/airflow/.local/lib/python3.6/site-packages/airflow/example_dags/tutorial_etl_dag.py
[2021-05-08 07:11:31,199] {scheduler_job.py:629} INFO - Processing file /home/airflow/.local/lib/python3.6/site-packages/airflow/example_dags/tutorial_etl_dag.py for tasks to queue
[2021-05-08 07:11:31,201] {logging_mixin.py:104} INFO - [2021-05-08 07:11:31,201] {dagbag.py:451} INFO - Filling up the DagBag from /home/airflow/.local/lib/python3.6/site-packages/airflow/example_dags/tutorial_etl_dag.py
[2021-05-08 07:11:31,239] {scheduler_job.py:639} INFO - DAG(s) dict_keys(['tutorial_etl_dag']) retrieved from /home/airflow/.local/lib/python3.6/site-packages/airflow/example_dags/tutorial_etl_dag.py
[2021-05-08 07:11:31,300] {logging_mixin.py:104} INFO - [2021-05-08 07:11:31,299] {dag.py:1824} INFO - Sync 1 DAGs
[2021-05-08 07:11:31,355] {logging_mixin.py:104} INFO - [2021-05-08 07:11:31,355] {dag.py:2280} INFO - Setting next_dagrun for tutorial_etl_dag to None
[2021-05-08 07:11:31,384] {scheduler_job.py:190} INFO - Processing /home/airflow/.local/lib/python3.6/site-packages/airflow/example_dags/tutorial_etl_dag.py took 0.198 seconds
[2021-05-08 07:12:01,444] {scheduler_job.py:182} INFO - Started process (PID=1216) to work on /home/airflow/.local/lib/python3.6/site-packages/airflow/example_dags/tutorial_etl_dag.py
[2021-05-08 07:12:01,451] {scheduler_job.py:629} INFO - Processing file /home/airflow/.local/lib/python3.6/site-packages/airflow/example_dags/tutorial_etl_dag.py for tasks to queue
[2021-05-08 07:12:01,454] {logging_mixin.py:104} INFO - [2021-05-08 07:12:01,454] {dagbag.py:451} INFO - Filling up the DagBag from /home/airflow/.local/lib/python3.6/site-packages/airflow/example_dags/tutorial_etl_dag.py
[2021-05-08 07:12:01,484] {scheduler_job.py:639} INFO - DAG(s) dict_keys(['tutorial_etl_dag']) retrieved from /home/airflow/.local/lib/python3.6/site-packages/airflow/example_dags/tutorial_etl_dag.py
[2021-05-08 07:12:01,540] {logging_mixin.py:104} INFO - [2021-05-08 07:12:01,540] {dag.py:1824} INFO - Sync 1 DAGs
[2021-05-08 07:12:01,582] {logging_mixin.py:104} INFO - [2021-05-08 07:12:01,581] {dag.py:2280} INFO - Setting next_dagrun for tutorial_etl_dag to None
[2021-05-08 07:12:01,604] {scheduler_job.py:190} INFO - Processing /home/airflow/.local/lib/python3.6/site-packages/airflow/example_dags/tutorial_etl_dag.py took 0.167 seconds
[2021-05-08 07:12:32,171] {scheduler_job.py:182} INFO - Started process (PID=1243) to work on /home/airflow/.local/lib/python3.6/site-packages/airflow/example_dags/tutorial_etl_dag.py
[2021-05-08 07:12:32,178] {scheduler_job.py:629} INFO - Processing file /home/airflow/.local/lib/python3.6/site-packages/airflow/example_dags/tutorial_etl_dag.py for tasks to queue
[2021-05-08 07:12:32,183] {logging_mixin.py:104} INFO - [2021-05-08 07:12:32,183] {dagbag.py:451} INFO - Filling up the DagBag from /home/airflow/.local/lib/python3.6/site-packages/airflow/example_dags/tutorial_etl_dag.py
[2021-05-08 07:12:32,230] {scheduler_job.py:639} INFO - DAG(s) dict_keys(['tutorial_etl_dag']) retrieved from /home/airflow/.local/lib/python3.6/site-packages/airflow/example_dags/tutorial_etl_dag.py
[2021-05-08 07:12:32,320] {logging_mixin.py:104} INFO - [2021-05-08 07:12:32,319] {dag.py:1824} INFO - Sync 1 DAGs
[2021-05-08 07:12:32,368] {logging_mixin.py:104} INFO - [2021-05-08 07:12:32,368] {dag.py:2280} INFO - Setting next_dagrun for tutorial_etl_dag to None
[2021-05-08 07:12:32,400] {scheduler_job.py:190} INFO - Processing /home/airflow/.local/lib/python3.6/site-packages/airflow/example_dags/tutorial_etl_dag.py took 0.241 seconds
[2021-05-08 07:13:03,332] {scheduler_job.py:182} INFO - Started process (PID=1270) to work on /home/airflow/.local/lib/python3.6/site-packages/airflow/example_dags/tutorial_etl_dag.py
[2021-05-08 07:13:03,351] {scheduler_job.py:629} INFO - Processing file /home/airflow/.local/lib/python3.6/site-packages/airflow/example_dags/tutorial_etl_dag.py for tasks to queue
[2021-05-08 07:13:03,358] {logging_mixin.py:104} INFO - [2021-05-08 07:13:03,357] {dagbag.py:451} INFO - Filling up the DagBag from /home/airflow/.local/lib/python3.6/site-packages/airflow/example_dags/tutorial_etl_dag.py
[2021-05-08 07:13:03,415] {scheduler_job.py:639} INFO - DAG(s) dict_keys(['tutorial_etl_dag']) retrieved from /home/airflow/.local/lib/python3.6/site-packages/airflow/example_dags/tutorial_etl_dag.py
[2021-05-08 07:13:03,502] {logging_mixin.py:104} INFO - [2021-05-08 07:13:03,502] {dag.py:1824} INFO - Sync 1 DAGs
[2021-05-08 07:13:03,556] {logging_mixin.py:104} INFO - [2021-05-08 07:13:03,556] {dag.py:2280} INFO - Setting next_dagrun for tutorial_etl_dag to None
[2021-05-08 07:13:03,593] {scheduler_job.py:190} INFO - Processing /home/airflow/.local/lib/python3.6/site-packages/airflow/example_dags/tutorial_etl_dag.py took 0.279 seconds
[2021-05-08 07:13:33,858] {scheduler_job.py:182} INFO - Started process (PID=1297) to work on /home/airflow/.local/lib/python3.6/site-packages/airflow/example_dags/tutorial_etl_dag.py
[2021-05-08 07:13:33,864] {scheduler_job.py:629} INFO - Processing file /home/airflow/.local/lib/python3.6/site-packages/airflow/example_dags/tutorial_etl_dag.py for tasks to queue
[2021-05-08 07:13:33,869] {logging_mixin.py:104} INFO - [2021-05-08 07:13:33,869] {dagbag.py:451} INFO - Filling up the DagBag from /home/airflow/.local/lib/python3.6/site-packages/airflow/example_dags/tutorial_etl_dag.py
[2021-05-08 07:13:33,922] {scheduler_job.py:639} INFO - DAG(s) dict_keys(['tutorial_etl_dag']) retrieved from /home/airflow/.local/lib/python3.6/site-packages/airflow/example_dags/tutorial_etl_dag.py
[2021-05-08 07:13:34,010] {logging_mixin.py:104} INFO - [2021-05-08 07:13:34,010] {dag.py:1824} INFO - Sync 1 DAGs
[2021-05-08 07:13:34,069] {logging_mixin.py:104} INFO - [2021-05-08 07:13:34,069] {dag.py:2280} INFO - Setting next_dagrun for tutorial_etl_dag to None
[2021-05-08 07:13:34,112] {scheduler_job.py:190} INFO - Processing /home/airflow/.local/lib/python3.6/site-packages/airflow/example_dags/tutorial_etl_dag.py took 0.266 seconds
[2021-05-08 07:14:04,779] {scheduler_job.py:182} INFO - Started process (PID=1324) to work on /home/airflow/.local/lib/python3.6/site-packages/airflow/example_dags/tutorial_etl_dag.py
[2021-05-08 07:14:04,787] {scheduler_job.py:629} INFO - Processing file /home/airflow/.local/lib/python3.6/site-packages/airflow/example_dags/tutorial_etl_dag.py for tasks to queue
[2021-05-08 07:14:04,792] {logging_mixin.py:104} INFO - [2021-05-08 07:14:04,792] {dagbag.py:451} INFO - Filling up the DagBag from /home/airflow/.local/lib/python3.6/site-packages/airflow/example_dags/tutorial_etl_dag.py
[2021-05-08 07:14:04,854] {scheduler_job.py:639} INFO - DAG(s) dict_keys(['tutorial_etl_dag']) retrieved from /home/airflow/.local/lib/python3.6/site-packages/airflow/example_dags/tutorial_etl_dag.py
[2021-05-08 07:14:04,967] {logging_mixin.py:104} INFO - [2021-05-08 07:14:04,966] {dag.py:1824} INFO - Sync 1 DAGs
[2021-05-08 07:14:05,055] {logging_mixin.py:104} INFO - [2021-05-08 07:14:05,055] {dag.py:2280} INFO - Setting next_dagrun for tutorial_etl_dag to None
[2021-05-08 07:14:05,120] {scheduler_job.py:190} INFO - Processing /home/airflow/.local/lib/python3.6/site-packages/airflow/example_dags/tutorial_etl_dag.py took 0.359 seconds
[2021-05-08 07:14:35,491] {scheduler_job.py:182} INFO - Started process (PID=1351) to work on /home/airflow/.local/lib/python3.6/site-packages/airflow/example_dags/tutorial_etl_dag.py
[2021-05-08 07:14:35,497] {scheduler_job.py:629} INFO - Processing file /home/airflow/.local/lib/python3.6/site-packages/airflow/example_dags/tutorial_etl_dag.py for tasks to queue
[2021-05-08 07:14:35,500] {logging_mixin.py:104} INFO - [2021-05-08 07:14:35,499] {dagbag.py:451} INFO - Filling up the DagBag from /home/airflow/.local/lib/python3.6/site-packages/airflow/example_dags/tutorial_etl_dag.py
[2021-05-08 07:14:35,541] {scheduler_job.py:639} INFO - DAG(s) dict_keys(['tutorial_etl_dag']) retrieved from /home/airflow/.local/lib/python3.6/site-packages/airflow/example_dags/tutorial_etl_dag.py
[2021-05-08 07:14:35,604] {logging_mixin.py:104} INFO - [2021-05-08 07:14:35,604] {dag.py:1824} INFO - Sync 1 DAGs
[2021-05-08 07:14:35,656] {logging_mixin.py:104} INFO - [2021-05-08 07:14:35,656] {dag.py:2280} INFO - Setting next_dagrun for tutorial_etl_dag to None
[2021-05-08 07:14:35,692] {scheduler_job.py:190} INFO - Processing /home/airflow/.local/lib/python3.6/site-packages/airflow/example_dags/tutorial_etl_dag.py took 0.210 seconds
[2021-05-08 07:15:05,833] {scheduler_job.py:182} INFO - Started process (PID=1377) to work on /home/airflow/.local/lib/python3.6/site-packages/airflow/example_dags/tutorial_etl_dag.py
[2021-05-08 07:15:05,839] {scheduler_job.py:629} INFO - Processing file /home/airflow/.local/lib/python3.6/site-packages/airflow/example_dags/tutorial_etl_dag.py for tasks to queue
[2021-05-08 07:15:05,846] {logging_mixin.py:104} INFO - [2021-05-08 07:15:05,845] {dagbag.py:451} INFO - Filling up the DagBag from /home/airflow/.local/lib/python3.6/site-packages/airflow/example_dags/tutorial_etl_dag.py
[2021-05-08 07:15:05,890] {scheduler_job.py:639} INFO - DAG(s) dict_keys(['tutorial_etl_dag']) retrieved from /home/airflow/.local/lib/python3.6/site-packages/airflow/example_dags/tutorial_etl_dag.py
[2021-05-08 07:15:05,961] {logging_mixin.py:104} INFO - [2021-05-08 07:15:05,960] {dag.py:1824} INFO - Sync 1 DAGs
[2021-05-08 07:15:06,014] {logging_mixin.py:104} INFO - [2021-05-08 07:15:06,013] {dag.py:2280} INFO - Setting next_dagrun for tutorial_etl_dag to None
[2021-05-08 07:15:06,050] {scheduler_job.py:190} INFO - Processing /home/airflow/.local/lib/python3.6/site-packages/airflow/example_dags/tutorial_etl_dag.py took 0.232 seconds
[2021-05-08 07:15:37,030] {scheduler_job.py:182} INFO - Started process (PID=1406) to work on /home/airflow/.local/lib/python3.6/site-packages/airflow/example_dags/tutorial_etl_dag.py
[2021-05-08 07:15:37,032] {scheduler_job.py:629} INFO - Processing file /home/airflow/.local/lib/python3.6/site-packages/airflow/example_dags/tutorial_etl_dag.py for tasks to queue
[2021-05-08 07:15:37,034] {logging_mixin.py:104} INFO - [2021-05-08 07:15:37,034] {dagbag.py:451} INFO - Filling up the DagBag from /home/airflow/.local/lib/python3.6/site-packages/airflow/example_dags/tutorial_etl_dag.py
[2021-05-08 07:15:37,052] {scheduler_job.py:639} INFO - DAG(s) dict_keys(['tutorial_etl_dag']) retrieved from /home/airflow/.local/lib/python3.6/site-packages/airflow/example_dags/tutorial_etl_dag.py
[2021-05-08 07:15:37,098] {logging_mixin.py:104} INFO - [2021-05-08 07:15:37,098] {dag.py:1824} INFO - Sync 1 DAGs
[2021-05-08 07:15:37,120] {logging_mixin.py:104} INFO - [2021-05-08 07:15:37,120] {dag.py:2280} INFO - Setting next_dagrun for tutorial_etl_dag to None
[2021-05-08 07:15:37,135] {scheduler_job.py:190} INFO - Processing /home/airflow/.local/lib/python3.6/site-packages/airflow/example_dags/tutorial_etl_dag.py took 0.109 seconds
[2021-05-08 07:16:07,649] {scheduler_job.py:182} INFO - Started process (PID=1433) to work on /home/airflow/.local/lib/python3.6/site-packages/airflow/example_dags/tutorial_etl_dag.py
[2021-05-08 07:16:07,652] {scheduler_job.py:629} INFO - Processing file /home/airflow/.local/lib/python3.6/site-packages/airflow/example_dags/tutorial_etl_dag.py for tasks to queue
[2021-05-08 07:16:07,653] {logging_mixin.py:104} INFO - [2021-05-08 07:16:07,653] {dagbag.py:451} INFO - Filling up the DagBag from /home/airflow/.local/lib/python3.6/site-packages/airflow/example_dags/tutorial_etl_dag.py
[2021-05-08 07:16:07,671] {scheduler_job.py:639} INFO - DAG(s) dict_keys(['tutorial_etl_dag']) retrieved from /home/airflow/.local/lib/python3.6/site-packages/airflow/example_dags/tutorial_etl_dag.py
[2021-05-08 07:16:07,705] {logging_mixin.py:104} INFO - [2021-05-08 07:16:07,704] {dag.py:1824} INFO - Sync 1 DAGs
[2021-05-08 07:16:07,727] {logging_mixin.py:104} INFO - [2021-05-08 07:16:07,727] {dag.py:2280} INFO - Setting next_dagrun for tutorial_etl_dag to None
[2021-05-08 07:16:07,741] {scheduler_job.py:190} INFO - Processing /home/airflow/.local/lib/python3.6/site-packages/airflow/example_dags/tutorial_etl_dag.py took 0.096 seconds
[2021-05-08 07:16:38,381] {scheduler_job.py:182} INFO - Started process (PID=1460) to work on /home/airflow/.local/lib/python3.6/site-packages/airflow/example_dags/tutorial_etl_dag.py
[2021-05-08 07:16:38,383] {scheduler_job.py:629} INFO - Processing file /home/airflow/.local/lib/python3.6/site-packages/airflow/example_dags/tutorial_etl_dag.py for tasks to queue
[2021-05-08 07:16:38,384] {logging_mixin.py:104} INFO - [2021-05-08 07:16:38,384] {dagbag.py:451} INFO - Filling up the DagBag from /home/airflow/.local/lib/python3.6/site-packages/airflow/example_dags/tutorial_etl_dag.py
[2021-05-08 07:16:38,403] {scheduler_job.py:639} INFO - DAG(s) dict_keys(['tutorial_etl_dag']) retrieved from /home/airflow/.local/lib/python3.6/site-packages/airflow/example_dags/tutorial_etl_dag.py
[2021-05-08 07:16:38,434] {logging_mixin.py:104} INFO - [2021-05-08 07:16:38,434] {dag.py:1824} INFO - Sync 1 DAGs
[2021-05-08 07:16:38,455] {logging_mixin.py:104} INFO - [2021-05-08 07:16:38,454] {dag.py:2280} INFO - Setting next_dagrun for tutorial_etl_dag to None
[2021-05-08 07:16:38,469] {scheduler_job.py:190} INFO - Processing /home/airflow/.local/lib/python3.6/site-packages/airflow/example_dags/tutorial_etl_dag.py took 0.092 seconds
[2021-05-08 07:17:08,952] {scheduler_job.py:182} INFO - Started process (PID=1487) to work on /home/airflow/.local/lib/python3.6/site-packages/airflow/example_dags/tutorial_etl_dag.py
[2021-05-08 07:17:08,956] {scheduler_job.py:629} INFO - Processing file /home/airflow/.local/lib/python3.6/site-packages/airflow/example_dags/tutorial_etl_dag.py for tasks to queue
[2021-05-08 07:17:08,957] {logging_mixin.py:104} INFO - [2021-05-08 07:17:08,957] {dagbag.py:451} INFO - Filling up the DagBag from /home/airflow/.local/lib/python3.6/site-packages/airflow/example_dags/tutorial_etl_dag.py
[2021-05-08 07:17:08,974] {scheduler_job.py:639} INFO - DAG(s) dict_keys(['tutorial_etl_dag']) retrieved from /home/airflow/.local/lib/python3.6/site-packages/airflow/example_dags/tutorial_etl_dag.py
[2021-05-08 07:17:09,009] {logging_mixin.py:104} INFO - [2021-05-08 07:17:09,009] {dag.py:1824} INFO - Sync 1 DAGs
[2021-05-08 07:17:09,033] {logging_mixin.py:104} INFO - [2021-05-08 07:17:09,033] {dag.py:2280} INFO - Setting next_dagrun for tutorial_etl_dag to None
[2021-05-08 07:17:09,047] {scheduler_job.py:190} INFO - Processing /home/airflow/.local/lib/python3.6/site-packages/airflow/example_dags/tutorial_etl_dag.py took 0.099 seconds
[2021-05-08 07:17:39,560] {scheduler_job.py:182} INFO - Started process (PID=1514) to work on /home/airflow/.local/lib/python3.6/site-packages/airflow/example_dags/tutorial_etl_dag.py
[2021-05-08 07:17:39,563] {scheduler_job.py:629} INFO - Processing file /home/airflow/.local/lib/python3.6/site-packages/airflow/example_dags/tutorial_etl_dag.py for tasks to queue
[2021-05-08 07:17:39,565] {logging_mixin.py:104} INFO - [2021-05-08 07:17:39,565] {dagbag.py:451} INFO - Filling up the DagBag from /home/airflow/.local/lib/python3.6/site-packages/airflow/example_dags/tutorial_etl_dag.py
[2021-05-08 07:17:39,583] {scheduler_job.py:639} INFO - DAG(s) dict_keys(['tutorial_etl_dag']) retrieved from /home/airflow/.local/lib/python3.6/site-packages/airflow/example_dags/tutorial_etl_dag.py
[2021-05-08 07:17:39,614] {logging_mixin.py:104} INFO - [2021-05-08 07:17:39,614] {dag.py:1824} INFO - Sync 1 DAGs
[2021-05-08 07:17:39,638] {logging_mixin.py:104} INFO - [2021-05-08 07:17:39,637] {dag.py:2280} INFO - Setting next_dagrun for tutorial_etl_dag to None
[2021-05-08 07:17:39,659] {scheduler_job.py:190} INFO - Processing /home/airflow/.local/lib/python3.6/site-packages/airflow/example_dags/tutorial_etl_dag.py took 0.103 seconds
[2021-05-08 07:18:10,298] {scheduler_job.py:182} INFO - Started process (PID=1541) to work on /home/airflow/.local/lib/python3.6/site-packages/airflow/example_dags/tutorial_etl_dag.py
[2021-05-08 07:18:10,301] {scheduler_job.py:629} INFO - Processing file /home/airflow/.local/lib/python3.6/site-packages/airflow/example_dags/tutorial_etl_dag.py for tasks to queue
[2021-05-08 07:18:10,303] {logging_mixin.py:104} INFO - [2021-05-08 07:18:10,303] {dagbag.py:451} INFO - Filling up the DagBag from /home/airflow/.local/lib/python3.6/site-packages/airflow/example_dags/tutorial_etl_dag.py
[2021-05-08 07:18:10,320] {scheduler_job.py:639} INFO - DAG(s) dict_keys(['tutorial_etl_dag']) retrieved from /home/airflow/.local/lib/python3.6/site-packages/airflow/example_dags/tutorial_etl_dag.py
[2021-05-08 07:18:10,351] {logging_mixin.py:104} INFO - [2021-05-08 07:18:10,351] {dag.py:1824} INFO - Sync 1 DAGs
[2021-05-08 07:18:10,372] {logging_mixin.py:104} INFO - [2021-05-08 07:18:10,372] {dag.py:2280} INFO - Setting next_dagrun for tutorial_etl_dag to None
[2021-05-08 07:18:10,386] {scheduler_job.py:190} INFO - Processing /home/airflow/.local/lib/python3.6/site-packages/airflow/example_dags/tutorial_etl_dag.py took 0.093 seconds
[2021-05-08 07:18:41,096] {scheduler_job.py:182} INFO - Started process (PID=1568) to work on /home/airflow/.local/lib/python3.6/site-packages/airflow/example_dags/tutorial_etl_dag.py
[2021-05-08 07:18:41,098] {scheduler_job.py:629} INFO - Processing file /home/airflow/.local/lib/python3.6/site-packages/airflow/example_dags/tutorial_etl_dag.py for tasks to queue
[2021-05-08 07:18:41,100] {logging_mixin.py:104} INFO - [2021-05-08 07:18:41,100] {dagbag.py:451} INFO - Filling up the DagBag from /home/airflow/.local/lib/python3.6/site-packages/airflow/example_dags/tutorial_etl_dag.py
[2021-05-08 07:18:41,119] {scheduler_job.py:639} INFO - DAG(s) dict_keys(['tutorial_etl_dag']) retrieved from /home/airflow/.local/lib/python3.6/site-packages/airflow/example_dags/tutorial_etl_dag.py
[2021-05-08 07:18:41,154] {logging_mixin.py:104} INFO - [2021-05-08 07:18:41,154] {dag.py:1824} INFO - Sync 1 DAGs
[2021-05-08 07:18:41,174] {logging_mixin.py:104} INFO - [2021-05-08 07:18:41,174] {dag.py:2280} INFO - Setting next_dagrun for tutorial_etl_dag to None
[2021-05-08 07:18:41,188] {scheduler_job.py:190} INFO - Processing /home/airflow/.local/lib/python3.6/site-packages/airflow/example_dags/tutorial_etl_dag.py took 0.097 seconds
[2021-05-08 07:19:11,837] {scheduler_job.py:182} INFO - Started process (PID=1595) to work on /home/airflow/.local/lib/python3.6/site-packages/airflow/example_dags/tutorial_etl_dag.py
[2021-05-08 07:19:11,839] {scheduler_job.py:629} INFO - Processing file /home/airflow/.local/lib/python3.6/site-packages/airflow/example_dags/tutorial_etl_dag.py for tasks to queue
[2021-05-08 07:19:11,841] {logging_mixin.py:104} INFO - [2021-05-08 07:19:11,841] {dagbag.py:451} INFO - Filling up the DagBag from /home/airflow/.local/lib/python3.6/site-packages/airflow/example_dags/tutorial_etl_dag.py
[2021-05-08 07:19:11,864] {scheduler_job.py:639} INFO - DAG(s) dict_keys(['tutorial_etl_dag']) retrieved from /home/airflow/.local/lib/python3.6/site-packages/airflow/example_dags/tutorial_etl_dag.py
[2021-05-08 07:19:11,897] {logging_mixin.py:104} INFO - [2021-05-08 07:19:11,897] {dag.py:1824} INFO - Sync 1 DAGs
[2021-05-08 07:19:11,918] {logging_mixin.py:104} INFO - [2021-05-08 07:19:11,917] {dag.py:2280} INFO - Setting next_dagrun for tutorial_etl_dag to None
[2021-05-08 07:19:11,931] {scheduler_job.py:190} INFO - Processing /home/airflow/.local/lib/python3.6/site-packages/airflow/example_dags/tutorial_etl_dag.py took 0.098 seconds
[2021-05-08 07:19:42,554] {scheduler_job.py:182} INFO - Started process (PID=1622) to work on /home/airflow/.local/lib/python3.6/site-packages/airflow/example_dags/tutorial_etl_dag.py
[2021-05-08 07:19:42,556] {scheduler_job.py:629} INFO - Processing file /home/airflow/.local/lib/python3.6/site-packages/airflow/example_dags/tutorial_etl_dag.py for tasks to queue
[2021-05-08 07:19:42,558] {logging_mixin.py:104} INFO - [2021-05-08 07:19:42,558] {dagbag.py:451} INFO - Filling up the DagBag from /home/airflow/.local/lib/python3.6/site-packages/airflow/example_dags/tutorial_etl_dag.py
[2021-05-08 07:19:42,575] {scheduler_job.py:639} INFO - DAG(s) dict_keys(['tutorial_etl_dag']) retrieved from /home/airflow/.local/lib/python3.6/site-packages/airflow/example_dags/tutorial_etl_dag.py
[2021-05-08 07:19:42,604] {logging_mixin.py:104} INFO - [2021-05-08 07:19:42,604] {dag.py:1824} INFO - Sync 1 DAGs
[2021-05-08 07:19:42,627] {logging_mixin.py:104} INFO - [2021-05-08 07:19:42,627] {dag.py:2280} INFO - Setting next_dagrun for tutorial_etl_dag to None
[2021-05-08 07:19:42,641] {scheduler_job.py:190} INFO - Processing /home/airflow/.local/lib/python3.6/site-packages/airflow/example_dags/tutorial_etl_dag.py took 0.093 seconds
[2021-05-08 07:20:13,356] {scheduler_job.py:182} INFO - Started process (PID=1649) to work on /home/airflow/.local/lib/python3.6/site-packages/airflow/example_dags/tutorial_etl_dag.py
[2021-05-08 07:20:13,358] {scheduler_job.py:629} INFO - Processing file /home/airflow/.local/lib/python3.6/site-packages/airflow/example_dags/tutorial_etl_dag.py for tasks to queue
[2021-05-08 07:20:13,360] {logging_mixin.py:104} INFO - [2021-05-08 07:20:13,359] {dagbag.py:451} INFO - Filling up the DagBag from /home/airflow/.local/lib/python3.6/site-packages/airflow/example_dags/tutorial_etl_dag.py
[2021-05-08 07:20:13,377] {scheduler_job.py:639} INFO - DAG(s) dict_keys(['tutorial_etl_dag']) retrieved from /home/airflow/.local/lib/python3.6/site-packages/airflow/example_dags/tutorial_etl_dag.py
[2021-05-08 07:20:13,409] {logging_mixin.py:104} INFO - [2021-05-08 07:20:13,409] {dag.py:1824} INFO - Sync 1 DAGs
[2021-05-08 07:20:13,433] {logging_mixin.py:104} INFO - [2021-05-08 07:20:13,433] {dag.py:2280} INFO - Setting next_dagrun for tutorial_etl_dag to None
[2021-05-08 07:20:13,450] {scheduler_job.py:190} INFO - Processing /home/airflow/.local/lib/python3.6/site-packages/airflow/example_dags/tutorial_etl_dag.py took 0.098 seconds
[2021-05-08 07:20:44,124] {scheduler_job.py:182} INFO - Started process (PID=1676) to work on /home/airflow/.local/lib/python3.6/site-packages/airflow/example_dags/tutorial_etl_dag.py
[2021-05-08 07:20:44,126] {scheduler_job.py:629} INFO - Processing file /home/airflow/.local/lib/python3.6/site-packages/airflow/example_dags/tutorial_etl_dag.py for tasks to queue
[2021-05-08 07:20:44,128] {logging_mixin.py:104} INFO - [2021-05-08 07:20:44,127] {dagbag.py:451} INFO - Filling up the DagBag from /home/airflow/.local/lib/python3.6/site-packages/airflow/example_dags/tutorial_etl_dag.py
[2021-05-08 07:20:44,146] {scheduler_job.py:639} INFO - DAG(s) dict_keys(['tutorial_etl_dag']) retrieved from /home/airflow/.local/lib/python3.6/site-packages/airflow/example_dags/tutorial_etl_dag.py
[2021-05-08 07:20:44,178] {logging_mixin.py:104} INFO - [2021-05-08 07:20:44,178] {dag.py:1824} INFO - Sync 1 DAGs
[2021-05-08 07:20:44,197] {logging_mixin.py:104} INFO - [2021-05-08 07:20:44,197] {dag.py:2280} INFO - Setting next_dagrun for tutorial_etl_dag to None
[2021-05-08 07:20:44,210] {scheduler_job.py:190} INFO - Processing /home/airflow/.local/lib/python3.6/site-packages/airflow/example_dags/tutorial_etl_dag.py took 0.090 seconds
[2021-05-08 07:21:14,842] {scheduler_job.py:182} INFO - Started process (PID=1703) to work on /home/airflow/.local/lib/python3.6/site-packages/airflow/example_dags/tutorial_etl_dag.py
[2021-05-08 07:21:14,845] {scheduler_job.py:629} INFO - Processing file /home/airflow/.local/lib/python3.6/site-packages/airflow/example_dags/tutorial_etl_dag.py for tasks to queue
[2021-05-08 07:21:14,847] {logging_mixin.py:104} INFO - [2021-05-08 07:21:14,847] {dagbag.py:451} INFO - Filling up the DagBag from /home/airflow/.local/lib/python3.6/site-packages/airflow/example_dags/tutorial_etl_dag.py
[2021-05-08 07:21:14,864] {scheduler_job.py:639} INFO - DAG(s) dict_keys(['tutorial_etl_dag']) retrieved from /home/airflow/.local/lib/python3.6/site-packages/airflow/example_dags/tutorial_etl_dag.py
[2021-05-08 07:21:14,900] {logging_mixin.py:104} INFO - [2021-05-08 07:21:14,900] {dag.py:1824} INFO - Sync 1 DAGs
[2021-05-08 07:21:14,921] {logging_mixin.py:104} INFO - [2021-05-08 07:21:14,921] {dag.py:2280} INFO - Setting next_dagrun for tutorial_etl_dag to None
[2021-05-08 07:21:14,936] {scheduler_job.py:190} INFO - Processing /home/airflow/.local/lib/python3.6/site-packages/airflow/example_dags/tutorial_etl_dag.py took 0.097 seconds
[2021-05-08 07:21:45,526] {scheduler_job.py:182} INFO - Started process (PID=1730) to work on /home/airflow/.local/lib/python3.6/site-packages/airflow/example_dags/tutorial_etl_dag.py
[2021-05-08 07:21:45,528] {scheduler_job.py:629} INFO - Processing file /home/airflow/.local/lib/python3.6/site-packages/airflow/example_dags/tutorial_etl_dag.py for tasks to queue
[2021-05-08 07:21:45,530] {logging_mixin.py:104} INFO - [2021-05-08 07:21:45,530] {dagbag.py:451} INFO - Filling up the DagBag from /home/airflow/.local/lib/python3.6/site-packages/airflow/example_dags/tutorial_etl_dag.py
[2021-05-08 07:21:45,549] {scheduler_job.py:639} INFO - DAG(s) dict_keys(['tutorial_etl_dag']) retrieved from /home/airflow/.local/lib/python3.6/site-packages/airflow/example_dags/tutorial_etl_dag.py
[2021-05-08 07:21:45,579] {logging_mixin.py:104} INFO - [2021-05-08 07:21:45,579] {dag.py:1824} INFO - Sync 1 DAGs
[2021-05-08 07:21:45,600] {logging_mixin.py:104} INFO - [2021-05-08 07:21:45,600] {dag.py:2280} INFO - Setting next_dagrun for tutorial_etl_dag to None
[2021-05-08 07:21:45,614] {scheduler_job.py:190} INFO - Processing /home/airflow/.local/lib/python3.6/site-packages/airflow/example_dags/tutorial_etl_dag.py took 0.093 seconds
[2021-05-08 07:22:16,280] {scheduler_job.py:182} INFO - Started process (PID=1757) to work on /home/airflow/.local/lib/python3.6/site-packages/airflow/example_dags/tutorial_etl_dag.py
[2021-05-08 07:22:16,284] {scheduler_job.py:629} INFO - Processing file /home/airflow/.local/lib/python3.6/site-packages/airflow/example_dags/tutorial_etl_dag.py for tasks to queue
[2021-05-08 07:22:16,286] {logging_mixin.py:104} INFO - [2021-05-08 07:22:16,286] {dagbag.py:451} INFO - Filling up the DagBag from /home/airflow/.local/lib/python3.6/site-packages/airflow/example_dags/tutorial_etl_dag.py
[2021-05-08 07:22:16,303] {scheduler_job.py:639} INFO - DAG(s) dict_keys(['tutorial_etl_dag']) retrieved from /home/airflow/.local/lib/python3.6/site-packages/airflow/example_dags/tutorial_etl_dag.py
[2021-05-08 07:22:16,345] {logging_mixin.py:104} INFO - [2021-05-08 07:22:16,345] {dag.py:1824} INFO - Sync 1 DAGs
[2021-05-08 07:22:16,368] {logging_mixin.py:104} INFO - [2021-05-08 07:22:16,368] {dag.py:2280} INFO - Setting next_dagrun for tutorial_etl_dag to None
[2021-05-08 07:22:16,381] {scheduler_job.py:190} INFO - Processing /home/airflow/.local/lib/python3.6/site-packages/airflow/example_dags/tutorial_etl_dag.py took 0.105 seconds
[2021-05-08 07:22:46,895] {scheduler_job.py:182} INFO - Started process (PID=1784) to work on /home/airflow/.local/lib/python3.6/site-packages/airflow/example_dags/tutorial_etl_dag.py
[2021-05-08 07:22:46,897] {scheduler_job.py:629} INFO - Processing file /home/airflow/.local/lib/python3.6/site-packages/airflow/example_dags/tutorial_etl_dag.py for tasks to queue
[2021-05-08 07:22:46,899] {logging_mixin.py:104} INFO - [2021-05-08 07:22:46,899] {dagbag.py:451} INFO - Filling up the DagBag from /home/airflow/.local/lib/python3.6/site-packages/airflow/example_dags/tutorial_etl_dag.py
[2021-05-08 07:22:46,916] {scheduler_job.py:639} INFO - DAG(s) dict_keys(['tutorial_etl_dag']) retrieved from /home/airflow/.local/lib/python3.6/site-packages/airflow/example_dags/tutorial_etl_dag.py
[2021-05-08 07:22:46,947] {logging_mixin.py:104} INFO - [2021-05-08 07:22:46,947] {dag.py:1824} INFO - Sync 1 DAGs
[2021-05-08 07:22:46,970] {logging_mixin.py:104} INFO - [2021-05-08 07:22:46,969] {dag.py:2280} INFO - Setting next_dagrun for tutorial_etl_dag to None
[2021-05-08 07:22:46,983] {scheduler_job.py:190} INFO - Processing /home/airflow/.local/lib/python3.6/site-packages/airflow/example_dags/tutorial_etl_dag.py took 0.092 seconds
[2021-05-08 07:23:17,473] {scheduler_job.py:182} INFO - Started process (PID=1811) to work on /home/airflow/.local/lib/python3.6/site-packages/airflow/example_dags/tutorial_etl_dag.py
[2021-05-08 07:23:17,475] {scheduler_job.py:629} INFO - Processing file /home/airflow/.local/lib/python3.6/site-packages/airflow/example_dags/tutorial_etl_dag.py for tasks to queue
[2021-05-08 07:23:17,476] {logging_mixin.py:104} INFO - [2021-05-08 07:23:17,476] {dagbag.py:451} INFO - Filling up the DagBag from /home/airflow/.local/lib/python3.6/site-packages/airflow/example_dags/tutorial_etl_dag.py
[2021-05-08 07:23:17,493] {scheduler_job.py:639} INFO - DAG(s) dict_keys(['tutorial_etl_dag']) retrieved from /home/airflow/.local/lib/python3.6/site-packages/airflow/example_dags/tutorial_etl_dag.py
[2021-05-08 07:23:17,527] {logging_mixin.py:104} INFO - [2021-05-08 07:23:17,527] {dag.py:1824} INFO - Sync 1 DAGs
[2021-05-08 07:23:17,546] {logging_mixin.py:104} INFO - [2021-05-08 07:23:17,546] {dag.py:2280} INFO - Setting next_dagrun for tutorial_etl_dag to None
[2021-05-08 07:23:17,561] {scheduler_job.py:190} INFO - Processing /home/airflow/.local/lib/python3.6/site-packages/airflow/example_dags/tutorial_etl_dag.py took 0.092 seconds
[2021-05-08 07:23:47,934] {scheduler_job.py:182} INFO - Started process (PID=1838) to work on /home/airflow/.local/lib/python3.6/site-packages/airflow/example_dags/tutorial_etl_dag.py
[2021-05-08 07:23:47,936] {scheduler_job.py:629} INFO - Processing file /home/airflow/.local/lib/python3.6/site-packages/airflow/example_dags/tutorial_etl_dag.py for tasks to queue
[2021-05-08 07:23:47,938] {logging_mixin.py:104} INFO - [2021-05-08 07:23:47,938] {dagbag.py:451} INFO - Filling up the DagBag from /home/airflow/.local/lib/python3.6/site-packages/airflow/example_dags/tutorial_etl_dag.py
[2021-05-08 07:23:47,958] {scheduler_job.py:639} INFO - DAG(s) dict_keys(['tutorial_etl_dag']) retrieved from /home/airflow/.local/lib/python3.6/site-packages/airflow/example_dags/tutorial_etl_dag.py
[2021-05-08 07:23:47,992] {logging_mixin.py:104} INFO - [2021-05-08 07:23:47,992] {dag.py:1824} INFO - Sync 1 DAGs
[2021-05-08 07:23:48,013] {logging_mixin.py:104} INFO - [2021-05-08 07:23:48,013] {dag.py:2280} INFO - Setting next_dagrun for tutorial_etl_dag to None
[2021-05-08 07:23:48,026] {scheduler_job.py:190} INFO - Processing /home/airflow/.local/lib/python3.6/site-packages/airflow/example_dags/tutorial_etl_dag.py took 0.097 seconds
[2021-05-08 07:24:18,543] {scheduler_job.py:182} INFO - Started process (PID=1865) to work on /home/airflow/.local/lib/python3.6/site-packages/airflow/example_dags/tutorial_etl_dag.py
[2021-05-08 07:24:18,546] {scheduler_job.py:629} INFO - Processing file /home/airflow/.local/lib/python3.6/site-packages/airflow/example_dags/tutorial_etl_dag.py for tasks to queue
[2021-05-08 07:24:18,548] {logging_mixin.py:104} INFO - [2021-05-08 07:24:18,547] {dagbag.py:451} INFO - Filling up the DagBag from /home/airflow/.local/lib/python3.6/site-packages/airflow/example_dags/tutorial_etl_dag.py
[2021-05-08 07:24:18,566] {scheduler_job.py:639} INFO - DAG(s) dict_keys(['tutorial_etl_dag']) retrieved from /home/airflow/.local/lib/python3.6/site-packages/airflow/example_dags/tutorial_etl_dag.py
[2021-05-08 07:24:18,598] {logging_mixin.py:104} INFO - [2021-05-08 07:24:18,598] {dag.py:1824} INFO - Sync 1 DAGs
[2021-05-08 07:24:18,624] {logging_mixin.py:104} INFO - [2021-05-08 07:24:18,624] {dag.py:2280} INFO - Setting next_dagrun for tutorial_etl_dag to None
[2021-05-08 07:24:18,638] {scheduler_job.py:190} INFO - Processing /home/airflow/.local/lib/python3.6/site-packages/airflow/example_dags/tutorial_etl_dag.py took 0.100 seconds
[2021-05-08 07:24:49,171] {scheduler_job.py:182} INFO - Started process (PID=1892) to work on /home/airflow/.local/lib/python3.6/site-packages/airflow/example_dags/tutorial_etl_dag.py
[2021-05-08 07:24:49,174] {scheduler_job.py:629} INFO - Processing file /home/airflow/.local/lib/python3.6/site-packages/airflow/example_dags/tutorial_etl_dag.py for tasks to queue
[2021-05-08 07:24:49,176] {logging_mixin.py:104} INFO - [2021-05-08 07:24:49,176] {dagbag.py:451} INFO - Filling up the DagBag from /home/airflow/.local/lib/python3.6/site-packages/airflow/example_dags/tutorial_etl_dag.py
[2021-05-08 07:24:49,198] {scheduler_job.py:639} INFO - DAG(s) dict_keys(['tutorial_etl_dag']) retrieved from /home/airflow/.local/lib/python3.6/site-packages/airflow/example_dags/tutorial_etl_dag.py
[2021-05-08 07:24:49,233] {logging_mixin.py:104} INFO - [2021-05-08 07:24:49,233] {dag.py:1824} INFO - Sync 1 DAGs
[2021-05-08 07:24:49,256] {logging_mixin.py:104} INFO - [2021-05-08 07:24:49,255] {dag.py:2280} INFO - Setting next_dagrun for tutorial_etl_dag to None
[2021-05-08 07:24:49,272] {scheduler_job.py:190} INFO - Processing /home/airflow/.local/lib/python3.6/site-packages/airflow/example_dags/tutorial_etl_dag.py took 0.107 seconds
[2021-05-08 07:25:19,892] {scheduler_job.py:182} INFO - Started process (PID=1919) to work on /home/airflow/.local/lib/python3.6/site-packages/airflow/example_dags/tutorial_etl_dag.py
[2021-05-08 07:25:19,894] {scheduler_job.py:629} INFO - Processing file /home/airflow/.local/lib/python3.6/site-packages/airflow/example_dags/tutorial_etl_dag.py for tasks to queue
[2021-05-08 07:25:19,896] {logging_mixin.py:104} INFO - [2021-05-08 07:25:19,896] {dagbag.py:451} INFO - Filling up the DagBag from /home/airflow/.local/lib/python3.6/site-packages/airflow/example_dags/tutorial_etl_dag.py
[2021-05-08 07:25:19,913] {scheduler_job.py:639} INFO - DAG(s) dict_keys(['tutorial_etl_dag']) retrieved from /home/airflow/.local/lib/python3.6/site-packages/airflow/example_dags/tutorial_etl_dag.py
[2021-05-08 07:25:19,944] {logging_mixin.py:104} INFO - [2021-05-08 07:25:19,944] {dag.py:1824} INFO - Sync 1 DAGs
[2021-05-08 07:25:19,965] {logging_mixin.py:104} INFO - [2021-05-08 07:25:19,965] {dag.py:2280} INFO - Setting next_dagrun for tutorial_etl_dag to None
[2021-05-08 07:25:19,982] {scheduler_job.py:190} INFO - Processing /home/airflow/.local/lib/python3.6/site-packages/airflow/example_dags/tutorial_etl_dag.py took 0.095 seconds
[2021-05-08 07:25:50,527] {scheduler_job.py:182} INFO - Started process (PID=1946) to work on /home/airflow/.local/lib/python3.6/site-packages/airflow/example_dags/tutorial_etl_dag.py
[2021-05-08 07:25:50,530] {scheduler_job.py:629} INFO - Processing file /home/airflow/.local/lib/python3.6/site-packages/airflow/example_dags/tutorial_etl_dag.py for tasks to queue
[2021-05-08 07:25:50,532] {logging_mixin.py:104} INFO - [2021-05-08 07:25:50,532] {dagbag.py:451} INFO - Filling up the DagBag from /home/airflow/.local/lib/python3.6/site-packages/airflow/example_dags/tutorial_etl_dag.py
[2021-05-08 07:25:50,549] {scheduler_job.py:639} INFO - DAG(s) dict_keys(['tutorial_etl_dag']) retrieved from /home/airflow/.local/lib/python3.6/site-packages/airflow/example_dags/tutorial_etl_dag.py
[2021-05-08 07:25:50,580] {logging_mixin.py:104} INFO - [2021-05-08 07:25:50,580] {dag.py:1824} INFO - Sync 1 DAGs
[2021-05-08 07:25:50,612] {logging_mixin.py:104} INFO - [2021-05-08 07:25:50,611] {dag.py:2280} INFO - Setting next_dagrun for tutorial_etl_dag to None
[2021-05-08 07:25:50,631] {scheduler_job.py:190} INFO - Processing /home/airflow/.local/lib/python3.6/site-packages/airflow/example_dags/tutorial_etl_dag.py took 0.109 seconds
[2021-05-08 07:26:21,218] {scheduler_job.py:182} INFO - Started process (PID=1973) to work on /home/airflow/.local/lib/python3.6/site-packages/airflow/example_dags/tutorial_etl_dag.py
[2021-05-08 07:26:21,221] {scheduler_job.py:629} INFO - Processing file /home/airflow/.local/lib/python3.6/site-packages/airflow/example_dags/tutorial_etl_dag.py for tasks to queue
[2021-05-08 07:26:21,223] {logging_mixin.py:104} INFO - [2021-05-08 07:26:21,223] {dagbag.py:451} INFO - Filling up the DagBag from /home/airflow/.local/lib/python3.6/site-packages/airflow/example_dags/tutorial_etl_dag.py
[2021-05-08 07:26:21,244] {scheduler_job.py:639} INFO - DAG(s) dict_keys(['tutorial_etl_dag']) retrieved from /home/airflow/.local/lib/python3.6/site-packages/airflow/example_dags/tutorial_etl_dag.py
[2021-05-08 07:26:21,283] {logging_mixin.py:104} INFO - [2021-05-08 07:26:21,283] {dag.py:1824} INFO - Sync 1 DAGs
[2021-05-08 07:26:21,312] {logging_mixin.py:104} INFO - [2021-05-08 07:26:21,312] {dag.py:2280} INFO - Setting next_dagrun for tutorial_etl_dag to None
[2021-05-08 07:26:21,336] {scheduler_job.py:190} INFO - Processing /home/airflow/.local/lib/python3.6/site-packages/airflow/example_dags/tutorial_etl_dag.py took 0.123 seconds
[2021-05-08 07:26:51,889] {scheduler_job.py:182} INFO - Started process (PID=2000) to work on /home/airflow/.local/lib/python3.6/site-packages/airflow/example_dags/tutorial_etl_dag.py
[2021-05-08 07:26:51,891] {scheduler_job.py:629} INFO - Processing file /home/airflow/.local/lib/python3.6/site-packages/airflow/example_dags/tutorial_etl_dag.py for tasks to queue
[2021-05-08 07:26:51,893] {logging_mixin.py:104} INFO - [2021-05-08 07:26:51,893] {dagbag.py:451} INFO - Filling up the DagBag from /home/airflow/.local/lib/python3.6/site-packages/airflow/example_dags/tutorial_etl_dag.py
[2021-05-08 07:26:51,908] {scheduler_job.py:639} INFO - DAG(s) dict_keys(['tutorial_etl_dag']) retrieved from /home/airflow/.local/lib/python3.6/site-packages/airflow/example_dags/tutorial_etl_dag.py
[2021-05-08 07:26:51,949] {logging_mixin.py:104} INFO - [2021-05-08 07:26:51,949] {dag.py:1824} INFO - Sync 1 DAGs
[2021-05-08 07:26:51,969] {logging_mixin.py:104} INFO - [2021-05-08 07:26:51,969] {dag.py:2280} INFO - Setting next_dagrun for tutorial_etl_dag to None
[2021-05-08 07:26:51,982] {scheduler_job.py:190} INFO - Processing /home/airflow/.local/lib/python3.6/site-packages/airflow/example_dags/tutorial_etl_dag.py took 0.097 seconds
