[2021-05-09 06:10:39,017] {taskinstance.py:877} INFO - Dependencies all met for <TaskInstance: helloworld_dag.t4 2021-05-09T06:10:34.343382+00:00 [queued]>
[2021-05-09 06:10:39,033] {taskinstance.py:877} INFO - Dependencies all met for <TaskInstance: helloworld_dag.t4 2021-05-09T06:10:34.343382+00:00 [queued]>
[2021-05-09 06:10:39,034] {taskinstance.py:1068} INFO - 
--------------------------------------------------------------------------------
[2021-05-09 06:10:39,035] {taskinstance.py:1069} INFO - Starting attempt 1 of 1
[2021-05-09 06:10:39,037] {taskinstance.py:1070} INFO - 
--------------------------------------------------------------------------------
[2021-05-09 06:10:39,057] {taskinstance.py:1089} INFO - Executing <Task(MyOperator): t4> on 2021-05-09T06:10:34.343382+00:00
[2021-05-09 06:10:39,067] {standard_task_runner.py:52} INFO - Started process 70 to run task
[2021-05-09 06:10:39,073] {standard_task_runner.py:76} INFO - Running: ['airflow', 'tasks', 'run', 'helloworld_dag', 't4', '2021-05-09T06:10:34.343382+00:00', '--job-id', '125', '--pool', 'default_pool', '--raw', '--subdir', 'DAGS_FOLDER/helloworld.py', '--cfg-path', '/tmp/tmpvqtqxkre', '--error-file', '/tmp/tmpy5jtnkwb']
[2021-05-09 06:10:39,076] {standard_task_runner.py:77} INFO - Job 125: Subtask t4
[2021-05-09 06:10:39,139] {logging_mixin.py:104} INFO - Running <TaskInstance: helloworld_dag.t4 2021-05-09T06:10:34.343382+00:00 [running]> on host 2900f64db589
[2021-05-09 06:10:39,206] {taskinstance.py:1283} INFO - Exporting the following env vars:
AIRFLOW_CTX_DAG_OWNER=airflow
AIRFLOW_CTX_DAG_ID=helloworld_dag
AIRFLOW_CTX_TASK_ID=t4
AIRFLOW_CTX_EXECUTION_DATE=2021-05-09T06:10:34.343382+00:00
AIRFLOW_CTX_DAG_RUN_ID=manual__2021-05-09T06:10:34.343382+00:00
[2021-05-09 06:10:39,210] {logging_mixin.py:104} INFO - Hello abc
[2021-05-09 06:10:39,261] {taskinstance.py:1192} INFO - Marking task as SUCCESS. dag_id=helloworld_dag, task_id=t4, execution_date=20210509T061034, start_date=20210509T061039, end_date=20210509T061039
[2021-05-09 06:10:39,309] {taskinstance.py:1246} INFO - 0 downstream tasks scheduled from follow-on schedule check
[2021-05-09 06:10:39,332] {local_task_job.py:146} INFO - Task exited with return code 0
