[2021-05-09 05:29:57,288] {taskinstance.py:877} INFO - Dependencies all met for <TaskInstance: helloworld_dag.t3 2021-05-07T00:00:00+00:00 [queued]>
[2021-05-09 05:29:57,317] {taskinstance.py:877} INFO - Dependencies all met for <TaskInstance: helloworld_dag.t3 2021-05-07T00:00:00+00:00 [queued]>
[2021-05-09 05:29:57,318] {taskinstance.py:1068} INFO - 
--------------------------------------------------------------------------------
[2021-05-09 05:29:57,320] {taskinstance.py:1069} INFO - Starting attempt 1 of 1
[2021-05-09 05:29:57,321] {taskinstance.py:1070} INFO - 
--------------------------------------------------------------------------------
[2021-05-09 05:29:57,356] {taskinstance.py:1089} INFO - Executing <Task(BashOperator): t3> on 2021-05-07T00:00:00+00:00
[2021-05-09 05:29:57,382] {standard_task_runner.py:76} INFO - Running: ['airflow', 'tasks', 'run', 'helloworld_dag', 't3', '2021-05-07T00:00:00+00:00', '--job-id', '118', '--pool', 'default_pool', '--raw', '--subdir', 'DAGS_FOLDER/helloworld.py', '--cfg-path', '/tmp/tmpb720icyp', '--error-file', '/tmp/tmpxeyhydaw']
[2021-05-09 05:29:57,366] {standard_task_runner.py:52} INFO - Started process 51 to run task
[2021-05-09 05:29:57,385] {standard_task_runner.py:77} INFO - Job 118: Subtask t3
[2021-05-09 05:29:57,491] {logging_mixin.py:104} INFO - Running <TaskInstance: helloworld_dag.t3 2021-05-07T00:00:00+00:00 [running]> on host 2900f64db589
[2021-05-09 05:29:57,576] {taskinstance.py:1283} INFO - Exporting the following env vars:
AIRFLOW_CTX_DAG_OWNER=airflow
AIRFLOW_CTX_DAG_ID=helloworld_dag
AIRFLOW_CTX_TASK_ID=t3
AIRFLOW_CTX_EXECUTION_DATE=2021-05-07T00:00:00+00:00
AIRFLOW_CTX_DAG_RUN_ID=scheduled__2021-05-07T00:00:00+00:00
[2021-05-09 05:29:57,578] {bash.py:135} INFO - Tmp dir root location: 
 /tmp
[2021-05-09 05:29:57,581] {bash.py:158} INFO - Running command: echo t3
[2021-05-09 05:29:57,597] {bash.py:169} INFO - Output:
[2021-05-09 05:29:57,600] {bash.py:173} INFO - t3
[2021-05-09 05:29:57,602] {bash.py:177} INFO - Command exited with return code 0
[2021-05-09 05:29:57,651] {taskinstance.py:1192} INFO - Marking task as SUCCESS. dag_id=helloworld_dag, task_id=t3, execution_date=20210507T000000, start_date=20210509T052957, end_date=20210509T052957
[2021-05-09 05:29:57,731] {taskinstance.py:1246} INFO - 0 downstream tasks scheduled from follow-on schedule check
[2021-05-09 05:29:57,766] {local_task_job.py:146} INFO - Task exited with return code 0
